2025-11-04 20:17:44 - logger.py - INFO - _initialize - Logger inizializzato. File di log: logs/2025_11_04\partita_20251104_201744156306.log
2025-11-04 20:17:44 - logger.py - INFO - _initialize - ---------------------------------------------------
2025-11-04 20:17:44 - logger.py - INFO - _initialize - PARTITA ::  Partita_20251104_201744_155952
2025-11-04 20:17:44 - logger.py - INFO - _initialize - ---------------------------------------------------
2025-11-04 20:17:44 - round.py - INFO - pick_up_discard - Alessio ----> ['5_Fiori_Rosso']
2025-11-04 20:17:46 - round.py - INFO - open_meld - Alessio ----> [(-1, 53, 'Jolly', 30), (3, 82, 'Fiori', 5), (5, 30, 'Fiori', 5)]
2025-11-04 20:17:46 - round.py - INFO - discard - Alessio ----> 8_Quadri_Rosso
2025-11-04 20:17:46 - round.py - INFO - pick_up_discard - MariaGrazia ----> ['8_Quadri_Rosso']
2025-11-04 20:17:48 - player_onto_manager.py - INFO - apre_tris -  Jolly_Jolly_R_Blu -30 ----> partialScore ----> 30
2025-11-04 20:17:48 - player_onto_manager.py - INFO - apre_tris -  A_Picche_Rosso -15 ----> partialScore ----> 45
2025-11-04 20:17:48 - player_onto_manager.py - INFO - apre_tris -  A_Fiori_Rosso -15 ----> partialScore ----> 60
2025-11-04 20:17:48 - player_onto_manager.py - INFO - apre_tris - FINAL partialScore ----> 60
2025-11-04 20:17:48 - round.py - INFO - open_tris - MariaGrazia ----> [(-1, 107, 'Jolly', 30), (1, 39, 'Picche', 15), (1, 26, 'Fiori', 15)]
2025-11-04 20:17:48 - round.py - INFO - discard - MariaGrazia ----> 4_Quadri_Rosso
2025-11-04 20:17:48 - round.py - INFO - pick_up_discard - Alessio ----> ['4_Quadri_Rosso']
2025-11-04 20:17:49 - round.py - INFO - discard - Alessio ----> 6_Cuori_Blu
2025-11-04 20:17:49 - round.py - INFO - pick_up_discard - MariaGrazia ----> ['6_Cuori_Blu']
2025-11-04 20:17:49 - round.py - INFO - discard - MariaGrazia ----> K_Quadri_Blu
2025-11-04 20:17:49 - round.py - INFO - pick_up_card - Alessio ----> Q_Cuori_Rosso
2025-11-04 20:17:50 - round.py - INFO - discard - Alessio ----> Q_Cuori_Rosso
2025-11-04 20:17:50 - round.py - INFO - pick_up_discard - MariaGrazia ----> ['K_Quadri_Blu', 'Q_Cuori_Rosso']
2025-11-04 20:17:51 - round.py - INFO - discard - MariaGrazia ----> 7_Cuori_Rosso
2025-11-04 20:17:51 - round.py - INFO - pick_up_card - Alessio ----> 8_Cuori_Blu
2025-11-04 20:17:51 - round.py - INFO - discard - Alessio ----> 8_Cuori_Blu
2025-11-04 20:17:51 - round.py - INFO - pick_up_card - MariaGrazia ----> 4_Picche_Rosso
2025-11-04 20:17:52 - round.py - INFO - discard - MariaGrazia ----> 8_Fiori_Rosso
2025-11-04 20:17:52 - round.py - INFO - pick_up_discard - Alessio ----> ['7_Cuori_Rosso', '8_Cuori_Blu', '8_Fiori_Rosso']
2025-11-04 20:17:53 - player_onto_manager.py - INFO - apre_tris -  8_Picche_Blu -10 ----> partialScore ----> 10
2025-11-04 20:17:53 - player_onto_manager.py - INFO - apre_tris -  8_Fiori_Rosso -10 ----> partialScore ----> 20
2025-11-04 20:17:53 - player_onto_manager.py - INFO - apre_tris -  8_Cuori_Blu -10 ----> partialScore ----> 30
2025-11-04 20:17:53 - player_onto_manager.py - INFO - apre_tris - FINAL partialScore ----> 30
2025-11-04 20:17:53 - round.py - INFO - open_tris - Alessio ----> [(8, 100, 'Picche', 10), (8, 33, 'Fiori', 10), (8, 61, 'Cuori', 10)]
2025-11-04 20:17:54 - round.py - INFO - discard - Alessio ----> Q_Cuori_Blu
2025-11-04 20:17:54 - round.py - INFO - pick_up_card - MariaGrazia ----> 6_Quadri_Blu
2025-11-04 20:17:54 - round.py - INFO - open_meld - MariaGrazia ----> [(4, 70, 'Quadri', 5), (5, 17, 'Quadri', 5), (6, 72, 'Quadri', 5)]
2025-11-04 20:17:55 - round.py - INFO - discard - MariaGrazia ----> 6_Cuori_Blu
2025-11-04 20:17:55 - round.py - INFO - pick_up_card - Alessio ----> 10_Fiori_Rosso
2025-11-04 20:17:55 - round.py - INFO - discard - Alessio ----> A_Cuori_Blu
2025-11-04 20:17:55 - round.py - INFO - pick_up_discard - MariaGrazia ----> ['Q_Cuori_Blu', '6_Cuori_Blu', 'A_Cuori_Blu']
2025-11-04 20:17:56 - round.py - INFO - update_tris - MariaGrazia ----> 1 -->A_Cuori_Blu
2025-11-04 20:17:56 - round.py - INFO - discard - MariaGrazia ----> 8_Quadri_Rosso
2025-11-04 20:17:56 - round.py - INFO - pick_up_card - Alessio ----> 3_Picche_Blu
2025-11-04 20:17:56 - round.py - INFO - discard - Alessio ----> 5_Cuori_Blu
2025-11-04 20:17:56 - round.py - INFO - pick_up_card - MariaGrazia ----> 3_Cuori_Rosso
2025-11-04 20:17:57 - round.py - INFO - discard - MariaGrazia ----> 4_Picche_Rosso
2025-11-04 20:17:57 - round.py - INFO - pick_up_card - Alessio ----> J_Cuori_Blu
2025-11-04 20:17:57 - round.py - INFO - discard - Alessio ----> K_Picche_Rosso
2025-11-04 20:17:57 - round.py - INFO - pick_up_discard - MariaGrazia ----> ['8_Quadri_Rosso', '5_Cuori_Blu', '4_Picche_Rosso', 'K_Picche_Rosso']
2025-11-04 20:17:59 - round.py - INFO - discard - MariaGrazia ----> 3_Cuori_Rosso
2025-11-04 20:17:59 - round.py - INFO - pick_up_discard - Alessio ----> ['3_Cuori_Rosso']
2025-11-04 20:17:59 - round.py - INFO - discard - Alessio ----> 3_Picche_Blu
2025-11-04 20:17:59 - round.py - INFO - pick_up_discard - MariaGrazia ----> ['3_Picche_Blu']
2025-11-04 20:18:00 - round.py - INFO - open_meld - MariaGrazia ----> [(3, 95, 'Picche', 5), (4, 42, 'Picche', 5), (5, 97, 'Picche', 5)]
2025-11-04 20:18:00 - round.py - INFO - discard - MariaGrazia ----> Q_Cuori_Blu
2025-11-04 20:18:01 - round.py - INFO - pick_up_discard - Alessio ----> ['Q_Cuori_Blu']
2025-11-04 20:18:01 - round.py - INFO - discard - Alessio ----> 3_Cuori_Rosso
2025-11-04 20:18:01 - round.py - INFO - pick_up_discard - MariaGrazia ----> ['3_Cuori_Rosso']
2025-11-04 20:18:01 - round.py - INFO - discard - MariaGrazia ----> 8_Quadri_Rosso
2025-11-04 20:18:01 - round.py - INFO - pick_up_card - Alessio ----> 9_Picche_Blu
2025-11-04 20:18:02 - round.py - INFO - discard - Alessio ----> Q_Cuori_Blu
2025-11-04 20:18:02 - round.py - INFO - pick_up_card - MariaGrazia ----> 4_Cuori_Rosso
2025-11-04 20:18:02 - round.py - INFO - open_meld - MariaGrazia ----> [(4, 3, 'Cuori', 5), (5, 58, 'Cuori', 5), (6, 59, 'Cuori', 5)]
2025-11-04 20:18:02 - round.py - INFO - discard - MariaGrazia ----> 3_Cuori_Rosso
2025-11-04 20:18:02 - round.py - INFO - pick_up_discard - Alessio ----> ['8_Quadri_Rosso', 'Q_Cuori_Blu', '3_Cuori_Rosso']
2025-11-04 20:18:03 - round.py - INFO - update_tris - Alessio ----> 8 -->8_Quadri_Rosso
2025-11-04 20:18:04 - round.py - INFO - discard - Alessio ----> 10_Fiori_Rosso
2025-11-04 20:18:04 - round.py - INFO - pick_up_discard - MariaGrazia ----> ['10_Fiori_Rosso']
2025-11-04 20:18:04 - round.py - INFO - discard - MariaGrazia ----> Q_Cuori_Rosso
2025-11-04 20:18:04 - round.py - INFO - pick_up_discard - Alessio ----> ['Q_Cuori_Rosso']
2025-11-04 20:18:04 - round.py - INFO - discard - Alessio ----> Q_Cuori_Blu
2025-11-04 20:18:04 - round.py - INFO - pick_up_discard - MariaGrazia ----> ['Q_Cuori_Blu']
2025-11-04 20:18:05 - round.py - INFO - discard - MariaGrazia ----> J_Fiori_Blu
2025-11-04 20:18:05 - round.py - INFO - pick_up_discard - Alessio ----> ['J_Fiori_Blu']
2025-11-04 20:18:05 - round.py - INFO - discard - Alessio ----> J_Fiori_Blu
2025-11-04 20:18:05 - round.py - INFO - pick_up_discard - MariaGrazia ----> ['J_Fiori_Blu']
2025-11-04 20:18:05 - round.py - INFO - discard - MariaGrazia ----> 10_Fiori_Rosso
2025-11-04 20:18:05 - round.py - INFO - pick_up_card - Alessio ----> 10_Cuori_Rosso
2025-11-04 20:18:06 - round.py - INFO - open_meld - Alessio ----> [(10, 9, 'Cuori', 10), (11, 64, 'Cuori', 10), (12, 11, 'Cuori', 10)]
2025-11-04 20:18:06 - round.py - INFO - discard - Alessio ----> K_Picche_Blu
2025-11-04 20:18:06 - round.py - INFO - pick_up_discard - MariaGrazia ----> ['10_Fiori_Rosso', 'K_Picche_Blu']
2025-11-04 20:18:06 - player_onto_manager.py - INFO - apre_tris -  K_Picche_Rosso -10 ----> partialScore ----> 10
2025-11-04 20:18:06 - player_onto_manager.py - INFO - apre_tris -  K_Quadri_Blu -10 ----> partialScore ----> 20
2025-11-04 20:18:06 - player_onto_manager.py - INFO - apre_tris -  K_Picche_Blu -10 ----> partialScore ----> 30
2025-11-04 20:18:06 - player_onto_manager.py - INFO - apre_tris - FINAL partialScore ----> 30
2025-11-04 20:18:06 - round.py - INFO - open_tris - MariaGrazia ----> [(13, 51, 'Picche', 10), (13, 79, 'Quadri', 10), (13, 105, 'Picche', 10)]
2025-11-04 20:18:06 - round.py - INFO - discard - MariaGrazia ----> J_Fiori_Blu
2025-11-04 20:18:06 - round.py - INFO - pick_up_card - Alessio ----> K_Cuori_Rosso
2025-11-04 20:18:06 - round.py - INFO - discard - Alessio ----> 9_Picche_Blu
2025-11-04 20:18:06 - round.py - INFO - pick_up_card - MariaGrazia ----> 6_Picche_Rosso
2025-11-04 20:18:06 - round.py - INFO - update_meld - MariaGrazia ----> Scala_1_Giocatore1 --> 6_Picche_Rosso
2025-11-04 20:18:06 - round.py - INFO - discard - MariaGrazia ----> 10_Fiori_Rosso
2025-11-04 20:18:06 - round.py - INFO - pick_up_card - Alessio ----> 7_Picche_Rosso
2025-11-04 20:18:06 - round.py - INFO - discard - Alessio ----> 7_Cuori_Rosso
2025-11-04 20:18:06 - round.py - INFO - pick_up_card - MariaGrazia ----> Q_Picche_Blu
2025-11-04 20:18:07 - round.py - INFO - discard - MariaGrazia ----> Q_Cuori_Blu
2025-11-04 20:18:07 - round.py - INFO - pick_up_card - Alessio ----> 7_Quadri_Rosso
2025-11-04 20:18:07 - round.py - INFO - discard - Alessio ----> 7_Quadri_Rosso
2025-11-04 20:18:07 - round.py - INFO - pick_up_card - MariaGrazia ----> 10_Picche_Rosso
2025-11-04 20:18:07 - round.py - INFO - discard - MariaGrazia ----> 10_Picche_Rosso
2025-11-04 20:18:07 - round.py - INFO - pick_up_card - Alessio ----> 2_Picche_Rosso
2025-11-04 20:18:07 - round.py - INFO - open_meld - Alessio ----> [(-1, 40, 'Jolly', 20), (6, 98, 'Picche', 5), (7, 45, 'Picche', 5)]
2025-11-04 20:18:07 - round.py - INFO - discard - Alessio ----> K_Cuori_Rosso
2025-11-04 20:18:07 - round.py - INFO - pick_up_card - MariaGrazia ----> 9_Fiori_Blu
2025-11-04 20:18:07 - round.py - INFO - discard - MariaGrazia ----> Q_Picche_Blu
2025-11-04 20:18:07 - round.py - INFO - pick_up_card - Alessio ----> 4_Fiori_Blu
2025-11-04 20:18:07 - round.py - INFO - discard - Alessio ----> 4_Quadri_Rosso
2025-11-04 20:18:07 - round.py - INFO - pick_up_discard - MariaGrazia ----> ['J_Fiori_Blu', '9_Picche_Blu', '10_Fiori_Rosso', '7_Cuori_Rosso', 'Q_Cuori_Blu', '7_Quadri_Rosso', '10_Picche_Rosso', 'K_Cuori_Rosso', 'Q_Picche_Blu', '4_Quadri_Rosso']
2025-11-04 20:18:08 - round.py - INFO - update_tris - MariaGrazia ----> 13 -->K_Cuori_Rosso
2025-11-04 20:18:09 - round.py - INFO - open_meld - MariaGrazia ----> [(9, 88, 'Fiori', 10), (10, 35, 'Fiori', 10), (11, 90, 'Fiori', 10)]
2025-11-04 20:18:09 - round.py - INFO - update_meld - MariaGrazia ----> Scala_2_Giocatore1 --> 7_Cuori_Rosso
2025-11-04 20:18:10 - round.py - INFO - update_meld - MariaGrazia ----> Scala_0_Giocatore1 --> 7_Quadri_Rosso
2025-11-04 20:18:10 - round.py - INFO - discard - MariaGrazia ----> 10_Picche_Rosso
2025-11-04 20:18:10 - round.py - INFO - pick_up_card - Alessio ----> 2_Fiori_Blu
2025-11-04 20:18:10 - round.py - INFO - update_meld - Alessio ----> Scala_2_Giocatore0 --> 2_Fiori_Blu
2025-11-04 20:18:10 - round.py - INFO - discard - Alessio ----> 3_Cuori_Rosso
2025-11-04 20:18:10 - round.py - INFO - pick_up_card - MariaGrazia ----> 7_Quadri_Blu
2025-11-04 20:18:10 - round.py - INFO - discard - MariaGrazia ----> 7_Quadri_Blu
2025-11-04 20:18:10 - round.py - INFO - pick_up_card - Alessio ----> 9_Cuori_Rosso
2025-11-04 20:18:10 - round.py - INFO - discard - Alessio ----> 4_Fiori_Blu
2025-11-04 20:18:10 - round.py - INFO - pick_up_card - MariaGrazia ----> Jolly_Jolly_N_Blu
2025-11-04 20:18:10 - round.py - INFO - update_tris - MariaGrazia ----> 13 -->Jolly_Jolly_N_Blu
2025-11-04 20:18:10 - round.py - INFO - discard - MariaGrazia ----> Q_Cuori_Blu
2025-11-04 20:18:10 - round.py - INFO - pick_up_discard - Alessio ----> ['10_Picche_Rosso', '3_Cuori_Rosso', '7_Quadri_Blu', '4_Fiori_Blu', 'Q_Cuori_Blu']
2025-11-04 20:18:10 - round.py - INFO - discard - Alessio ----> 4_Fiori_Blu
2025-11-04 20:18:10 - round.py - INFO - pick_up_card - MariaGrazia ----> 9_Quadri_Rosso
2025-11-04 20:18:10 - round.py - INFO - discard - MariaGrazia ----> 4_Quadri_Rosso
2025-11-04 20:18:10 - round.py - INFO - pick_up_discard - Alessio ----> ['4_Fiori_Blu', '4_Quadri_Rosso']
2025-11-04 20:18:11 - round.py - INFO - discard - Alessio ----> 10_Picche_Rosso
2025-11-04 20:18:11 - round.py - INFO - pick_up_discard - MariaGrazia ----> ['10_Picche_Rosso']
2025-11-04 20:18:11 - round.py - INFO - discard - MariaGrazia ----> Q_Picche_Blu
2025-11-04 20:18:11 - round.py - INFO - pick_up_card - Alessio ----> 9_Cuori_Blu
2025-11-04 20:18:11 - round.py - INFO - discard - Alessio ----> 4_Quadri_Rosso
2025-11-04 20:18:11 - round.py - INFO - pick_up_card - MariaGrazia ----> 8_Cuori_Rosso
2025-11-04 20:18:11 - round.py - INFO - update_meld - MariaGrazia ----> Scala_2_Giocatore1 --> 8_Cuori_Rosso
2025-11-04 20:18:11 - round.py - INFO - discard - MariaGrazia ----> 9_Quadri_Rosso
2025-11-04 20:18:11 - round.py - INFO - pick_up_discard - Alessio ----> ['Q_Picche_Blu', '4_Quadri_Rosso', '9_Quadri_Rosso']
2025-11-04 20:18:12 - player_onto_manager.py - INFO - apre_tris -  9_Quadri_Rosso -10 ----> partialScore ----> 10
2025-11-04 20:18:12 - player_onto_manager.py - INFO - apre_tris -  9_Cuori_Rosso -10 ----> partialScore ----> 20
2025-11-04 20:18:12 - player_onto_manager.py - INFO - apre_tris -  9_Cuori_Blu -10 ----> partialScore ----> 30
2025-11-04 20:18:12 - player_onto_manager.py - INFO - apre_tris - FINAL partialScore ----> 30
2025-11-04 20:18:12 - round.py - INFO - open_tris - Alessio ----> [(9, 21, 'Quadri', 10), (9, 8, 'Cuori', 10), (9, 62, 'Cuori', 10)]
2025-11-04 20:18:12 - round.py - INFO - discard - Alessio ----> 4_Quadri_Rosso
2025-11-04 20:18:12 - round.py - INFO - pick_up_card - MariaGrazia ----> 4_Picche_Blu
2025-11-04 20:18:12 - round.py - INFO - discard - MariaGrazia ----> 4_Picche_Blu
2025-11-04 20:18:12 - round.py - INFO - pick_up_discard - Alessio ----> ['4_Quadri_Rosso', '4_Picche_Blu']
2025-11-04 20:18:12 - player_onto_manager.py - INFO - apre_tris -  4_Quadri_Rosso -5 ----> partialScore ----> 5
2025-11-04 20:18:12 - player_onto_manager.py - INFO - apre_tris -  4_Picche_Blu -5 ----> partialScore ----> 10
2025-11-04 20:18:12 - player_onto_manager.py - INFO - apre_tris -  4_Fiori_Blu -5 ----> partialScore ----> 15
2025-11-04 20:18:12 - player_onto_manager.py - INFO - apre_tris - FINAL partialScore ----> 15
2025-11-04 20:18:12 - round.py - INFO - open_tris - Alessio ----> [(4, 16, 'Quadri', 5), (4, 96, 'Picche', 5), (4, 83, 'Fiori', 5)]
2025-11-04 20:18:12 - round.py - INFO - discard - Alessio ----> Q_Picche_Blu
2025-11-04 20:18:12 - round.py - INFO - pick_up_discard - MariaGrazia ----> ['Q_Picche_Blu']
2025-11-04 20:18:12 - round.py - INFO - discard - MariaGrazia ----> 9_Picche_Blu
2025-11-04 20:18:12 - round.py - INFO - pick_up_card - Alessio ----> K_Quadri_Rosso
2025-11-04 20:18:12 - round.py - INFO - discard - Alessio ----> Q_Cuori_Blu
2025-11-04 20:18:12 - round.py - INFO - pick_up_card - MariaGrazia ----> 9_Quadri_Blu
2025-11-04 20:18:12 - round.py - INFO - discard - MariaGrazia ----> 9_Quadri_Blu
2025-11-04 20:18:12 - round.py - INFO - pick_up_discard - Alessio ----> ['9_Picche_Blu', 'Q_Cuori_Blu', '9_Quadri_Blu']
2025-11-04 20:18:13 - round.py - INFO - update_tris - Alessio ----> 9 -->9_Picche_Blu
2025-11-04 20:18:13 - round.py - INFO - update_tris - Alessio ----> 9 -->9_Quadri_Blu
2025-11-04 20:18:13 - round.py - INFO - discard - Alessio ----> K_Quadri_Rosso
2025-11-04 20:18:13 - round.py - INFO - pick_up_discard - MariaGrazia ----> ['K_Quadri_Rosso']
2025-11-04 20:18:13 - round.py - INFO - update_tris - MariaGrazia ----> 13 -->K_Quadri_Rosso
2025-11-04 20:18:13 - round.py - INFO - discard - MariaGrazia ----> Q_Picche_Blu
2025-11-04 20:18:13 - round.py - INFO - pick_up_card - Alessio ----> 2_Cuori_Rosso
2025-11-04 20:18:13 - round.py - INFO - update_tris - Alessio ----> 8 -->2_Cuori_Rosso
2025-11-04 20:18:13 - round.py - INFO - discard - Alessio ----> Q_Cuori_Blu
2025-11-04 20:18:13 - round.py - INFO - pick_up_discard - MariaGrazia ----> ['Q_Picche_Blu', 'Q_Cuori_Blu']
2025-11-04 20:18:13 - round.py - INFO - discard - MariaGrazia ----> 10_Picche_Rosso
2025-11-04 20:18:13 - round.py - INFO - pick_up_discard - Alessio ----> ['10_Picche_Rosso']
2025-11-04 20:18:13 - round.py - INFO - discard - Alessio ----> 7_Quadri_Blu
2025-11-04 20:18:13 - round.py - INFO - pick_up_card - MariaGrazia ----> J_Cuori_Rosso
2025-11-04 20:18:13 - round.py - INFO - discard - MariaGrazia ----> Q_Cuori_Blu
2025-11-04 20:18:13 - round.py - INFO - pick_up_card - Alessio ----> 10_Quadri_Rosso
2025-11-04 20:18:13 - round.py - INFO - discard - Alessio ----> 3_Cuori_Rosso
2025-11-04 20:18:13 - round.py - INFO - pick_up_card - MariaGrazia ----> 5_Cuori_Rosso
2025-11-04 20:18:13 - round.py - INFO - discard - MariaGrazia ----> 5_Cuori_Rosso
2025-11-04 20:18:13 - round.py - INFO - pick_up_discard - Alessio ----> ['7_Quadri_Blu', 'Q_Cuori_Blu', '3_Cuori_Rosso', '5_Cuori_Rosso']
2025-11-04 20:18:14 - round.py - INFO - discard - Alessio ----> 10_Quadri_Rosso
2025-11-04 20:18:14 - round.py - INFO - pick_up_card - MariaGrazia ----> J_Picche_Rosso
2025-11-04 20:18:14 - round.py - INFO - discard - MariaGrazia ----> Q_Picche_Blu
2025-11-04 20:18:14 - round.py - INFO - pick_up_card - Alessio ----> K_Fiori_Blu
2025-11-04 20:18:14 - round.py - INFO - discard - Alessio ----> K_Fiori_Blu
2025-11-04 20:18:14 - round.py - INFO - pick_up_discard - MariaGrazia ----> ['10_Quadri_Rosso', 'Q_Picche_Blu', 'K_Fiori_Blu']
2025-11-04 20:18:14 - round.py - INFO - update_tris - MariaGrazia ----> 13 -->K_Fiori_Blu
2025-11-04 20:18:14 - round.py - INFO - discard - MariaGrazia ----> J_Cuori_Rosso
2025-11-04 20:18:15 - round.py - INFO - pick_up_card - Alessio ----> 6_Quadri_Rosso
2025-11-04 20:18:15 - round.py - INFO - discard - Alessio ----> 5_Cuori_Rosso
2025-11-04 20:18:15 - round.py - INFO - pick_up_card - MariaGrazia ----> Q_Picche_Rosso
2025-11-04 20:18:15 - round.py - INFO - discard - MariaGrazia ----> Q_Picche_Blu
2025-11-04 20:18:15 - round.py - INFO - pick_up_card - Alessio ----> 10_Fiori_Blu
2025-11-04 20:18:15 - round.py - INFO - discard - Alessio ----> 10_Picche_Rosso
2025-11-04 20:18:15 - round.py - INFO - pick_up_card - MariaGrazia ----> 3_Quadri_Blu
2025-11-04 20:18:15 - round.py - INFO - discard - MariaGrazia ----> 3_Quadri_Blu
2025-11-04 20:18:15 - round.py - INFO - pick_up_card - Alessio ----> J_Fiori_Rosso
2025-11-04 20:18:15 - round.py - INFO - discard - Alessio ----> 6_Quadri_Rosso
2025-11-04 20:18:16 - round.py - INFO - pick_up_discard - MariaGrazia ----> ['J_Cuori_Rosso', '5_Cuori_Rosso', 'Q_Picche_Blu', '10_Picche_Rosso', '3_Quadri_Blu', '6_Quadri_Rosso']
2025-11-04 20:18:16 - round.py - INFO - open_meld - MariaGrazia ----> [(10, 48, 'Picche', 10), (11, 49, 'Picche', 10), (12, 104, 'Picche', 10)]
2025-11-04 20:18:16 - round.py - INFO - discard - MariaGrazia ----> 6_Quadri_Rosso
2025-11-04 20:18:16 - round.py - INFO - pick_up_card - Alessio ----> Jolly_Jolly_N_Rosso
2025-11-04 20:18:17 - round.py - INFO - open_meld - Alessio ----> [(-1, 52, 'Jolly', 30), (10, 89, 'Fiori', 10), (11, 36, 'Fiori', 10)]
2025-11-04 20:18:17 - round.py - INFO - discard - Alessio ----> Q_Cuori_Blu
2025-11-04 20:18:17 - round.py - INFO - pick_up_discard - MariaGrazia ----> ['6_Quadri_Rosso', 'Q_Cuori_Blu']
2025-11-04 20:18:17 - round.py - INFO - discard - MariaGrazia ----> 6_Quadri_Rosso
2025-11-04 20:18:17 - round.py - INFO - pick_up_discard - Alessio ----> ['6_Quadri_Rosso']
2025-11-04 20:18:17 - round.py - INFO - discard - Alessio ----> 3_Cuori_Rosso
2025-11-04 20:18:17 - round.py - INFO - pick_up_discard - MariaGrazia ----> ['3_Cuori_Rosso']
2025-11-04 20:18:17 - round.py - INFO - discard - MariaGrazia ----> 3_Cuori_Rosso
2025-11-04 20:18:17 - round.py - INFO - pick_up_discard - Alessio ----> ['3_Cuori_Rosso']
2025-11-04 20:18:17 - round.py - INFO - discard - Alessio ----> 6_Quadri_Rosso
2025-11-04 20:18:17 - round.py - INFO - pick_up_discard - MariaGrazia ----> ['6_Quadri_Rosso']
2025-11-04 20:18:18 - round.py - INFO - discard - MariaGrazia ----> 5_Cuori_Rosso
2025-11-04 20:18:18 - round.py - INFO - pick_up_card - Alessio ----> 8_Picche_Rosso
2025-11-04 20:18:18 - round.py - INFO - update_tris - Alessio ----> 8 -->8_Picche_Rosso
2025-11-04 20:18:18 - round.py - INFO - discard - Alessio ----> 3_Cuori_Rosso
2025-11-04 20:18:18 - round.py - INFO - pick_up_discard - MariaGrazia ----> ['5_Cuori_Rosso', '3_Cuori_Rosso']
2025-11-04 20:18:18 - round.py - INFO - discard - MariaGrazia ----> 10_Quadri_Rosso
2025-11-04 20:18:18 - round.py - INFO - pick_up_discard - Alessio ----> ['10_Quadri_Rosso']
2025-11-04 20:18:18 - round.py - INFO - discard - Alessio ----> 10_Quadri_Rosso
2025-11-04 20:18:18 - round.py - INFO - pick_up_discard - MariaGrazia ----> ['10_Quadri_Rosso']
2025-11-04 20:18:19 - round.py - INFO - discard - MariaGrazia ----> 3_Quadri_Blu
2025-11-04 20:18:19 - round.py - INFO - pick_up_discard - Alessio ----> ['3_Quadri_Blu']
2025-11-04 20:18:19 - round.py - INFO - discard - Alessio ----> 7_Quadri_Blu
2025-11-04 20:18:19 - round.py - INFO - pick_up_discard - MariaGrazia ----> ['7_Quadri_Blu']
2025-11-04 20:18:19 - round.py - INFO - discard - MariaGrazia ----> Q_Picche_Rosso
2025-11-04 20:18:19 - round.py - INFO - pick_up_card - Alessio ----> A_Cuori_Rosso
2025-11-04 20:18:19 - round.py - INFO - discard - Alessio ----> A_Cuori_Rosso
2025-11-04 20:18:19 - round.py - INFO - pick_up_discard - MariaGrazia ----> ['Q_Picche_Rosso', 'A_Cuori_Rosso']
2025-11-04 20:18:20 - round.py - INFO - update_tris - MariaGrazia ----> 1 -->A_Cuori_Rosso
2025-11-04 20:18:20 - round.py - INFO - discard - MariaGrazia ----> 7_Quadri_Blu
2025-11-04 20:18:20 - round.py - INFO - pick_up_discard - Alessio ----> ['7_Quadri_Blu']
2025-11-04 20:18:21 - round.py - INFO - discard - Alessio ----> 7_Quadri_Blu
2025-11-04 20:18:21 - round.py - INFO - pick_up_discard - MariaGrazia ----> ['7_Quadri_Blu']
2025-11-04 20:18:21 - round.py - INFO - discard - MariaGrazia ----> Q_Picche_Rosso
2025-11-04 20:18:21 - round.py - INFO - pick_up_discard - Alessio ----> ['Q_Picche_Rosso']
2025-11-04 20:18:21 - round.py - INFO - discard - Alessio ----> Q_Picche_Rosso
2025-11-04 20:18:21 - round.py - INFO - pick_up_card - MariaGrazia ----> 6_Cuori_Rosso
2025-11-04 20:18:21 - round.py - INFO - discard - MariaGrazia ----> 10_Quadri_Rosso
2025-11-04 20:18:21 - round.py - INFO - pick_up_discard - Alessio ----> ['Q_Picche_Rosso', '10_Quadri_Rosso']
2025-11-04 20:18:22 - round.py - INFO - discard - Alessio ----> Q_Picche_Rosso
2025-11-04 20:18:22 - round.py - INFO - pick_up_card - MariaGrazia ----> 3_Quadri_Rosso
2025-11-04 20:18:22 - round.py - INFO - discard - MariaGrazia ----> 3_Quadri_Rosso
2025-11-04 20:18:22 - round.py - INFO - pick_up_card - Alessio ----> 7_Fiori_Blu
2025-11-04 20:18:22 - round.py - INFO - discard - Alessio ----> 3_Quadri_Blu
2025-11-04 20:18:22 - round.py - INFO - pick_up_discard - MariaGrazia ----> ['Q_Picche_Rosso', '3_Quadri_Rosso', '3_Quadri_Blu']
2025-11-04 20:18:23 - player_onto_manager.py - INFO - apre_tris -  3_Quadri_Rosso -5 ----> partialScore ----> 5
2025-11-04 20:18:23 - player_onto_manager.py - INFO - apre_tris -  3_Quadri_Blu -5 ----> partialScore ----> 10
2025-11-04 20:18:23 - player_onto_manager.py - INFO - apre_tris -  3_Cuori_Rosso -5 ----> partialScore ----> 15
2025-11-04 20:18:23 - player_onto_manager.py - INFO - apre_tris - FINAL partialScore ----> 15
2025-11-04 20:18:23 - round.py - INFO - open_tris - MariaGrazia ----> [(3, 15, 'Quadri', 5), (3, 69, 'Quadri', 5), (3, 2, 'Cuori', 5)]
2025-11-04 20:18:23 - round.py - INFO - discard - MariaGrazia ----> 5_Cuori_Rosso
2025-11-04 20:18:23 - round.py - INFO - pick_up_discard - Alessio ----> ['5_Cuori_Rosso']
2025-11-04 20:18:23 - round.py - INFO - discard - Alessio ----> 7_Fiori_Blu
2025-11-04 20:18:23 - round.py - INFO - pick_up_discard - MariaGrazia ----> ['7_Fiori_Blu']
2025-11-04 20:18:24 - round.py - INFO - discard - MariaGrazia ----> 7_Fiori_Blu
2025-11-04 20:18:24 - round.py - INFO - pick_up_card - Alessio ----> A_Picche_Blu
2025-11-04 20:18:24 - round.py - INFO - discard - Alessio ----> 5_Cuori_Rosso
2025-11-04 20:18:24 - round.py - INFO - pick_up_card - MariaGrazia ----> 6_Fiori_Rosso
2025-11-04 20:18:24 - player_onto_manager.py - INFO - apre_tris -  6_Fiori_Rosso -5 ----> partialScore ----> 5
2025-11-04 20:18:24 - player_onto_manager.py - INFO - apre_tris -  6_Quadri_Rosso -5 ----> partialScore ----> 10
2025-11-04 20:18:24 - player_onto_manager.py - INFO - apre_tris -  6_Cuori_Rosso -5 ----> partialScore ----> 15
2025-11-04 20:18:24 - player_onto_manager.py - INFO - apre_tris - FINAL partialScore ----> 15
2025-11-04 20:18:24 - round.py - INFO - open_tris - MariaGrazia ----> [(6, 31, 'Fiori', 5), (6, 18, 'Quadri', 5), (6, 5, 'Cuori', 5)]
2025-11-04 20:18:24 - round.py - INFO - discard - MariaGrazia ----> J_Cuori_Rosso
2025-11-04 20:18:24 - round.py - INFO - pick_up_card - Alessio ----> J_Quadri_Blu
2025-11-04 20:18:24 - round.py - INFO - discard - Alessio ----> J_Quadri_Blu
2025-11-04 20:18:24 - round.py - INFO - pick_up_card - MariaGrazia ----> K_Cuori_Blu
2025-11-04 20:18:24 - round.py - INFO - update_tris - MariaGrazia ----> 13 -->K_Cuori_Blu
2025-11-04 20:18:24 - round.py - INFO - discard - MariaGrazia ----> Q_Picche_Rosso
2025-11-04 20:18:24 - round.py - INFO - pick_up_card - Alessio ----> A_Quadri_Rosso
2025-11-04 20:18:24 - round.py - INFO - discard - Alessio ----> 10_Quadri_Rosso
2025-11-04 20:18:24 - round.py - INFO - pick_up_card - MariaGrazia ----> J_Quadri_Rosso
2025-11-04 20:18:24 - round.py - INFO - discard - MariaGrazia ----> J_Quadri_Rosso
2025-11-04 20:18:24 - round.py - INFO - pick_up_discard - Alessio ----> ['7_Fiori_Blu', '5_Cuori_Rosso', 'J_Cuori_Rosso', 'J_Quadri_Blu', 'Q_Picche_Rosso', '10_Quadri_Rosso', 'J_Quadri_Rosso']
2025-11-04 20:18:25 - player_onto_manager.py - INFO - apre_tris -  J_Quadri_Rosso -10 ----> partialScore ----> 10
2025-11-04 20:18:25 - player_onto_manager.py - INFO - apre_tris -  J_Quadri_Blu -10 ----> partialScore ----> 20
2025-11-04 20:18:25 - player_onto_manager.py - INFO - apre_tris -  J_Cuori_Rosso -10 ----> partialScore ----> 30
2025-11-04 20:18:25 - player_onto_manager.py - INFO - apre_tris - FINAL partialScore ----> 30
2025-11-04 20:18:25 - round.py - INFO - open_tris - Alessio ----> [(11, 23, 'Quadri', 10), (11, 77, 'Quadri', 10), (11, 10, 'Cuori', 10)]
2025-11-04 20:18:25 - round.py - INFO - discard - Alessio ----> 7_Fiori_Blu
2025-11-04 20:18:25 - round.py - INFO - pick_up_discard - MariaGrazia ----> ['7_Fiori_Blu']
2025-11-04 20:18:25 - round.py - INFO - discard - MariaGrazia ----> 7_Fiori_Blu
2025-11-04 20:18:25 - round.py - INFO - pick_up_discard - Alessio ----> ['7_Fiori_Blu']
2025-11-04 20:18:26 - round.py - INFO - discard - Alessio ----> Q_Picche_Rosso
2025-11-04 20:18:26 - round.py - INFO - pick_up_card - MariaGrazia ----> Q_Fiori_Rosso
2025-11-04 20:18:26 - round.py - INFO - update_meld - MariaGrazia ----> Scala_3_Giocatore1 --> Q_Fiori_Rosso
2025-11-04 20:18:26 - round.py - INFO - discard - MariaGrazia ----> 7_Quadri_Blu
2025-11-04 20:18:26 - round.py - INFO - pick_up_discard - Alessio ----> ['Q_Picche_Rosso', '7_Quadri_Blu']
2025-11-04 20:18:26 - round.py - INFO - discard - Alessio ----> 7_Fiori_Blu
2025-11-04 20:18:26 - round.py - INFO - pick_up_discard - MariaGrazia ----> ['7_Fiori_Blu']
2025-11-04 20:18:26 - round.py - INFO - discard - MariaGrazia ----> 7_Fiori_Blu
2025-11-04 20:18:26 - round.py - INFO - pick_up_discard - Alessio ----> ['7_Fiori_Blu']
2025-11-04 20:18:26 - round.py - INFO - discard - Alessio ----> Q_Picche_Rosso
2025-11-04 20:18:26 - round.py - INFO - pick_up_card - MariaGrazia ----> 5_Quadri_Blu
2025-11-04 20:18:26 - round.py - INFO - discard - MariaGrazia ----> Q_Cuori_Blu
2025-11-04 20:18:26 - round.py - INFO - pick_up_card - Alessio ----> 2_Cuori_Blu
2025-11-04 20:18:27 - round.py - INFO - update_tris - Alessio ----> 9 -->2_Cuori_Blu
2025-11-04 20:18:27 - round.py - INFO - discard - Alessio ----> A_Picche_Blu
2025-11-04 20:18:27 - round.py - INFO - pick_up_card - MariaGrazia ----> 4_Cuori_Blu
2025-11-04 20:18:27 - round.py - INFO - discard - MariaGrazia ----> 5_Quadri_Blu
2025-11-04 20:18:27 - round.py - INFO - pick_up_discard - Alessio ----> ['Q_Picche_Rosso', 'Q_Cuori_Blu', 'A_Picche_Blu', '5_Quadri_Blu']
2025-11-04 20:18:28 - round.py - INFO - discard - Alessio ----> Q_Cuori_Blu
2025-11-04 20:18:28 - round.py - INFO - pick_up_card - MariaGrazia ----> 10_Picche_Blu
2025-11-04 20:18:28 - round.py - INFO - discard - MariaGrazia ----> 10_Picche_Blu
2025-11-04 20:18:28 - round.py - INFO - pick_up_card - Alessio ----> 5_Picche_Rosso
2025-11-04 20:18:28 - player_onto_manager.py - INFO - apre_tris -  5_Quadri_Blu -5 ----> partialScore ----> 5
2025-11-04 20:18:28 - player_onto_manager.py - INFO - apre_tris -  5_Picche_Rosso -5 ----> partialScore ----> 10
2025-11-04 20:18:28 - player_onto_manager.py - INFO - apre_tris -  5_Cuori_Rosso -5 ----> partialScore ----> 15
2025-11-04 20:18:28 - player_onto_manager.py - INFO - apre_tris - FINAL partialScore ----> 15
2025-11-04 20:18:28 - round.py - INFO - open_tris - Alessio ----> [(5, 71, 'Quadri', 5), (5, 43, 'Picche', 5), (5, 4, 'Cuori', 5)]
2025-11-04 20:18:28 - round.py - INFO - discard - Alessio ----> A_Picche_Blu
2025-11-04 20:18:28 - round.py - INFO - pick_up_card - MariaGrazia ----> 7_Cuori_Blu
2025-11-04 20:18:29 - round.py - INFO - discard - MariaGrazia ----> 4_Cuori_Blu
2025-11-04 20:18:29 - round.py - INFO - pick_up_card - Alessio ----> 3_Picche_Rosso
2025-11-04 20:18:29 - round.py - INFO - discard - Alessio ----> Q_Picche_Rosso
2025-11-04 20:18:29 - round.py - INFO - pick_up_discard - MariaGrazia ----> ['Q_Cuori_Blu', '10_Picche_Blu', 'A_Picche_Blu', '4_Cuori_Blu', 'Q_Picche_Rosso']
2025-11-04 20:18:29 - round.py - INFO - update_tris - MariaGrazia ----> 1 -->A_Picche_Blu
2025-11-04 20:18:29 - round.py - INFO - discard - MariaGrazia ----> 4_Cuori_Blu
2025-11-04 20:18:29 - round.py - INFO - pick_up_discard - Alessio ----> ['4_Cuori_Blu']
2025-11-04 20:18:29 - round.py - INFO - update_tris - Alessio ----> 4 -->4_Cuori_Blu
2025-11-04 20:18:29 - round.py - INFO - discard - Alessio ----> 7_Quadri_Blu
2025-11-04 20:18:29 - round.py - INFO - pick_up_discard - MariaGrazia ----> ['7_Quadri_Blu']
2025-11-04 20:18:30 - round.py - INFO - discard - MariaGrazia ----> Q_Picche_Rosso
2025-11-04 20:18:30 - round.py - INFO - pick_up_discard - Alessio ----> ['Q_Picche_Rosso']
2025-11-04 20:18:30 - round.py - INFO - discard - Alessio ----> A_Quadri_Rosso
2025-11-04 20:18:30 - round.py - INFO - pick_up_discard - MariaGrazia ----> ['A_Quadri_Rosso']
2025-11-04 20:18:30 - round.py - INFO - update_tris - MariaGrazia ----> 1 -->A_Quadri_Rosso
2025-11-04 20:18:30 - round.py - INFO - discard - MariaGrazia ----> 7_Quadri_Blu
2025-11-04 20:18:30 - round.py - INFO - pick_up_discard - Alessio ----> ['7_Quadri_Blu']
2025-11-04 20:18:30 - round.py - INFO - discard - Alessio ----> 7_Quadri_Blu
2025-11-04 20:18:30 - round.py - INFO - pick_up_discard - MariaGrazia ----> ['7_Quadri_Blu']
2025-11-04 20:18:30 - round.py - INFO - discard - MariaGrazia ----> 10_Picche_Blu
2025-11-04 20:18:30 - round.py - INFO - pick_up_card - Alessio ----> 3_Cuori_Blu
2025-11-04 20:18:30 - round.py - INFO - discard - Alessio ----> 3_Cuori_Blu
2025-11-04 20:18:30 - round.py - INFO - pick_up_card - MariaGrazia ----> A_Quadri_Blu
2025-11-04 20:18:31 - round.py - INFO - update_tris - MariaGrazia ----> 1 -->A_Quadri_Blu
2025-11-04 20:18:31 - round.py - INFO - discard - MariaGrazia ----> 7_Quadri_Blu
2025-11-04 20:18:31 - round.py - INFO - pick_up_discard - Alessio ----> ['10_Picche_Blu', '3_Cuori_Blu', '7_Quadri_Blu']
2025-11-04 20:18:31 - round.py - INFO - discard - Alessio ----> 3_Cuori_Blu
2025-11-04 20:18:31 - round.py - INFO - pick_up_card - MariaGrazia ----> 2_Fiori_Rosso
2025-11-04 20:18:31 - round.py - INFO - update_meld - MariaGrazia ----> Scala_0_Giocatore1 --> 2_Fiori_Rosso
2025-11-04 20:18:31 - round.py - INFO - discard - MariaGrazia ----> Q_Cuori_Blu
2025-11-04 20:18:31 - round.py - INFO - pick_up_card - Alessio ----> 7_Picche_Blu
2025-11-04 20:18:31 - player_onto_manager.py - INFO - apre_tris -  7_Picche_Blu -5 ----> partialScore ----> 5
2025-11-04 20:18:31 - player_onto_manager.py - INFO - apre_tris -  7_Fiori_Blu -5 ----> partialScore ----> 10
2025-11-04 20:18:31 - player_onto_manager.py - INFO - apre_tris -  7_Quadri_Blu -5 ----> partialScore ----> 15
2025-11-04 20:18:31 - player_onto_manager.py - INFO - apre_tris - FINAL partialScore ----> 15
2025-11-04 20:18:31 - round.py - INFO - open_tris - Alessio ----> [(7, 99, 'Picche', 5), (7, 86, 'Fiori', 5), (7, 73, 'Quadri', 5)]
2025-11-04 20:18:31 - round.py - INFO - discard - Alessio ----> 10_Quadri_Rosso
2025-11-04 20:18:31 - round.py - INFO - pick_up_discard - MariaGrazia ----> ['3_Cuori_Blu', 'Q_Cuori_Blu', '10_Quadri_Rosso']
2025-11-04 20:18:31 - round.py - INFO - update_tris - MariaGrazia ----> 3 -->3_Cuori_Blu
2025-11-04 20:18:32 - round.py - INFO - discard - MariaGrazia ----> 7_Cuori_Blu
2025-11-04 20:18:32 - round.py - INFO - pick_up_card - Alessio ----> 6_Fiori_Blu
2025-11-04 20:18:32 - round.py - INFO - update_meld - Alessio ----> Scala_0_Giocatore0 --> 6_Fiori_Blu
2025-11-04 20:18:32 - round.py - INFO - discard - Alessio ----> 10_Picche_Blu
2025-11-04 20:18:32 - round.py - INFO - pick_up_card - MariaGrazia ----> 10_Cuori_Blu
2025-11-04 20:18:32 - round.py - INFO - discard - MariaGrazia ----> 10_Quadri_Rosso
2025-11-04 20:18:32 - round.py - INFO - pick_up_card - Alessio ----> 4_Fiori_Rosso
2025-11-04 20:18:32 - round.py - INFO - update_tris - Alessio ----> 4 -->4_Fiori_Rosso
2025-11-04 20:18:32 - round.py - INFO - discard - Alessio ----> 3_Picche_Rosso
2025-11-04 20:18:32 - round.py - INFO - pick_up_discard - MariaGrazia ----> ['7_Cuori_Blu', '10_Picche_Blu', '10_Quadri_Rosso', '3_Picche_Rosso']
2025-11-04 20:18:32 - round.py - INFO - update_tris - MariaGrazia ----> 3 -->3_Picche_Rosso
2025-11-04 20:18:32 - player_onto_manager.py - INFO - apre_tris -  10_Picche_Blu -10 ----> partialScore ----> 10
2025-11-04 20:18:32 - player_onto_manager.py - INFO - apre_tris -  10_Cuori_Blu -10 ----> partialScore ----> 20
2025-11-04 20:18:32 - player_onto_manager.py - INFO - apre_tris -  10_Quadri_Rosso -10 ----> partialScore ----> 30
2025-11-04 20:18:32 - player_onto_manager.py - INFO - apre_tris - FINAL partialScore ----> 30
2025-11-04 20:18:32 - round.py - INFO - open_tris - MariaGrazia ----> [(10, 102, 'Picche', 10), (10, 63, 'Cuori', 10), (10, 22, 'Quadri', 10)]
2025-11-04 20:18:32 - round.py - INFO - discard - MariaGrazia ----> Q_Cuori_Blu
2025-11-04 20:18:32 - round.py - INFO - pick_up_discard - Alessio ----> ['Q_Cuori_Blu']
2025-11-04 20:18:32 - round.py - INFO - discard - Alessio ----> Q_Cuori_Blu
2025-11-04 20:18:32 - round.py - INFO - pick_up_discard - MariaGrazia ----> ['Q_Cuori_Blu']
2025-11-04 20:18:32 - round.py - INFO - discard - MariaGrazia ----> Q_Cuori_Blu
2025-11-04 20:18:32 - round.py - INFO - pick_up_discard - Alessio ----> ['Q_Cuori_Blu']
2025-11-04 20:18:32 - round.py - INFO - discard - Alessio ----> Q_Cuori_Blu
2025-11-04 20:18:32 - round.py - INFO - pick_up_card - MariaGrazia ----> Q_Quadri_Rosso
2025-11-04 20:18:33 - round.py - INFO - discard - MariaGrazia ----> 7_Cuori_Blu
2025-11-04 20:18:33 - round.py - INFO - pick_up_discard - Alessio ----> ['Q_Cuori_Blu', '7_Cuori_Blu']
2025-11-04 20:18:33 - round.py - INFO - update_tris - Alessio ----> 7 -->7_Cuori_Blu
2025-11-04 20:18:33 - round.py - INFO - discard - Alessio ----> Q_Cuori_Blu
2025-11-04 20:18:33 - round.py - INFO - pick_up_discard - MariaGrazia ----> ['Q_Cuori_Blu']
2025-11-04 20:18:33 - round.py - INFO - discard - MariaGrazia ----> Q_Quadri_Rosso
2025-11-04 20:18:33 - round.py - INFO - pick_up_card - Alessio ----> Q_Fiori_Blu
2025-11-04 20:18:33 - round.py - INFO - discard - Alessio ----> Q_Picche_Rosso
2025-11-04 20:18:33 - round.py - INFO - pick_up_discard - MariaGrazia ----> ['Q_Quadri_Rosso', 'Q_Picche_Rosso']
2025-11-04 20:18:33 - round.py - INFO - discard - MariaGrazia ----> Q_Cuori_Blu
2025-11-04 20:18:33 - round.py - INFO - pick_up_discard - Alessio ----> ['Q_Cuori_Blu']
2025-11-04 20:18:33 - round.py - INFO - discard - Alessio ----> Q_Cuori_Blu
2025-11-04 20:18:33 - round.py - INFO - pick_up_card - MariaGrazia ----> 2_Picche_Blu
2025-11-04 20:18:33 - round.py - INFO - update_tris - MariaGrazia ----> 6 -->2_Picche_Blu
2025-11-04 20:18:33 - round.py - INFO - discard - MariaGrazia ----> Q_Picche_Rosso
2025-11-04 20:18:33 - round.py - INFO - pick_up_discard - Alessio ----> ['Q_Cuori_Blu', 'Q_Picche_Rosso']
2025-11-04 20:18:34 - round.py - INFO - update_meld - Alessio ----> Scala_3_Giocatore0 --> Q_Fiori_Blu
2025-11-04 20:18:34 - round.py - INFO - discard - Alessio ----> Q_Cuori_Blu
2025-11-04 20:18:34 - round.py - INFO - pick_up_discard - MariaGrazia ----> ['Q_Cuori_Blu']
2025-11-04 20:18:34 - round.py - INFO - discard - MariaGrazia ----> Q_Quadri_Rosso
2025-11-04 20:18:34 - round.py - INFO - pick_up_discard - Alessio ----> ['Q_Quadri_Rosso']
2025-11-04 20:18:34 - round.py - INFO - discard - Alessio ----> Q_Quadri_Rosso
2025-11-04 20:18:34 - round.py - INFO - pick_up_card - MariaGrazia ----> 10_Quadri_Blu
2025-11-04 20:18:34 - round.py - INFO - update_tris - MariaGrazia ----> 10 -->10_Quadri_Blu
2025-11-04 20:18:34 - round.py - INFO - close_game - MariaGrazia ----> Q_Cuori_Blu
