2025-11-02 14:13:32 - logger.py - INFO - _initialize - Logger inizializzato. File di log: logs/2025_11_02\partita_20251102_141332691335.log
2025-11-02 14:13:32 - round.py - INFO - pick_up_discard - Alessio ----> 3_Picche_Rosso
2025-11-02 14:13:34 - player_onto_manager.py - INFO - apre_tris -  2_Quadri_Rosso -20 ----> partialScore ----> 20
2025-11-02 14:13:34 - player_onto_manager.py - INFO - apre_tris -  5_Quadri_Rosso -5 ----> partialScore ----> 25
2025-11-02 14:13:34 - player_onto_manager.py - INFO - apre_tris -  5_Quadri_Blu -5 ----> partialScore ----> 30
2025-11-02 14:13:34 - player_onto_manager.py - INFO - apre_tris - FINAL partialScore ----> 30
2025-11-02 14:13:34 - round.py - INFO - open_tris - Alessio ----> [(-1, 14, 'Jolly', 20), (5, 17, 'Quadri', 5), (5, 71, 'Quadri', 5)]
2025-11-02 14:13:34 - player_onto_manager.py - INFO - apre_tris -  Jolly_Jolly_N_Blu -30 ----> partialScore ----> 30
2025-11-02 14:13:34 - player_onto_manager.py - INFO - apre_tris -  9_Picche_Blu -10 ----> partialScore ----> 40
2025-11-02 14:13:34 - player_onto_manager.py - INFO - apre_tris -  9_Fiori_Blu -10 ----> partialScore ----> 50
2025-11-02 14:13:34 - player_onto_manager.py - INFO - apre_tris - FINAL partialScore ----> 50
2025-11-02 14:13:34 - round.py - INFO - open_tris - Alessio ----> [(-1, 106, 'Jolly', 30), (9, 101, 'Picche', 10), (9, 88, 'Fiori', 10)]
2025-11-02 14:13:34 - round.py - INFO - discard - Alessio ----> 8_Picche_Blu
2025-11-02 14:13:34 - round.py - INFO - pick_up_discard - MariaGrazia ----> 8_Picche_Blu
2025-11-02 14:13:36 - round.py - INFO - open_meld - MariaGrazia ----> [(-1, 52, 'Jolly', 30), (10, 76, 'Quadri', 10), (12, 24, 'Quadri', 10)]
2025-11-02 14:13:36 - round.py - INFO - discard - MariaGrazia ----> A_Cuori_Blu
2025-11-02 14:13:36 - round.py - INFO - pick_up_discard - Alessio ----> A_Cuori_Blu
2025-11-02 14:13:36 - round.py - INFO - discard - Alessio ----> 3_Picche_Blu
2025-11-02 14:13:36 - round.py - INFO - pick_up_card - MariaGrazia ----> 8_Picche_Blu
2025-11-02 14:13:37 - round.py - INFO - discard - MariaGrazia ----> 8_Picche_Blu
2025-11-02 14:13:37 - round.py - INFO - pick_up_discard - Alessio ----> 3_Picche_Blu
2025-11-02 14:13:37 - round.py - INFO - discard - Alessio ----> A_Quadri_Blu
2025-11-02 14:13:37 - round.py - INFO - pick_up_card - MariaGrazia ----> A_Quadri_Blu
2025-11-02 14:13:37 - round.py - INFO - discard - MariaGrazia ----> A_Quadri_Blu
2025-11-02 14:13:37 - round.py - INFO - pick_up_card - Alessio ----> 3_Picche_Blu
2025-11-02 14:13:37 - round.py - INFO - discard - Alessio ----> 3_Picche_Blu
2025-11-02 14:13:37 - round.py - INFO - pick_up_discard - MariaGrazia ----> A_Quadri_Blu
2025-11-02 14:13:38 - round.py - INFO - discard - MariaGrazia ----> 10_Cuori_Blu
2025-11-02 14:13:38 - round.py - INFO - pick_up_card - Alessio ----> 9_Fiori_Blu
2025-11-02 14:13:38 - round.py - INFO - update_tris - Alessio ----> 9 -->9_Fiori_Blu
2025-11-02 14:13:39 - round.py - INFO - discard - Alessio ----> A_Cuori_Blu
2025-11-02 14:13:39 - round.py - INFO - pick_up_card - MariaGrazia ----> 7_Cuori_Rosso
2025-11-02 14:13:40 - round.py - INFO - discard - MariaGrazia ----> A_Quadri_Blu
2025-11-02 14:13:40 - round.py - INFO - pick_up_discard - Alessio ----> 10_Cuori_Blu
2025-11-02 14:13:40 - round.py - INFO - discard - Alessio ----> 3_Picche_Rosso
2025-11-02 14:13:40 - round.py - INFO - pick_up_card - MariaGrazia ----> 5_Quadri_Rosso
2025-11-02 14:13:41 - round.py - INFO - open_meld - MariaGrazia ----> [(3, 15, 'Quadri', 5), (4, 16, 'Quadri', 5), (5, 17, 'Quadri', 5)]
2025-11-02 14:13:41 - round.py - INFO - discard - MariaGrazia ----> 7_Picche_Blu
2025-11-02 14:13:41 - round.py - INFO - pick_up_card - Alessio ----> 4_Cuori_Rosso
2025-11-02 14:13:41 - round.py - INFO - discard - Alessio ----> 10_Cuori_Blu
2025-11-02 14:13:41 - round.py - INFO - pick_up_card - MariaGrazia ----> Jolly_Jolly_N_Blu
2025-11-02 14:13:42 - round.py - INFO - update_meld - MariaGrazia ----> Updated_Game_Ontology20251102_141328575515.Quadri --> Jolly_Jolly_N_Blu
2025-11-02 14:13:42 - round.py - INFO - discard - MariaGrazia ----> 8_Picche_Blu
2025-11-02 14:13:42 - round.py - INFO - pick_up_card - Alessio ----> 9_Picche_Blu
2025-11-02 14:13:42 - round.py - INFO - update_tris - Alessio ----> 9 -->9_Picche_Blu
2025-11-02 14:13:42 - round.py - INFO - discard - Alessio ----> A_Quadri_Blu
2025-11-02 14:13:42 - round.py - INFO - pick_up_discard - MariaGrazia ----> 3_Picche_Rosso
2025-11-02 14:13:43 - round.py - INFO - discard - MariaGrazia ----> A_Quadri_Blu
2025-11-02 14:13:43 - round.py - INFO - pick_up_discard - Alessio ----> A_Quadri_Blu
2025-11-02 14:13:43 - round.py - INFO - discard - Alessio ----> A_Quadri_Blu
2025-11-02 14:13:43 - round.py - INFO - pick_up_discard - MariaGrazia ----> A_Quadri_Blu
2025-11-02 14:13:44 - round.py - INFO - discard - MariaGrazia ----> 7_Picche_Blu
2025-11-02 14:13:44 - round.py - INFO - pick_up_card - Alessio ----> 2_Quadri_Rosso
2025-11-02 14:13:44 - round.py - INFO - discard - Alessio ----> 2_Quadri_Rosso
2025-11-02 14:13:44 - round.py - INFO - pick_up_discard - MariaGrazia ----> 7_Picche_Blu
2025-11-02 14:13:46 - round.py - INFO - open_meld - MariaGrazia ----> [(-1, 14, 'Jolly', 20), (7, 6, 'Cuori', 5), (9, 62, 'Cuori', 10)]
2025-11-02 14:13:46 - round.py - INFO - update_meld - MariaGrazia ----> Updated_Game_Ontology20251102_141328575515.Cuori --> 10_Cuori_Blu
2025-11-02 14:13:47 - round.py - INFO - discard - MariaGrazia ----> Q_Quadri_Blu
2025-11-02 14:13:47 - round.py - INFO - pick_up_discard - Alessio ----> Q_Quadri_Blu
2025-11-02 14:13:47 - round.py - INFO - discard - Alessio ----> 4_Cuori_Rosso
2025-11-02 14:13:47 - round.py - INFO - pick_up_card - MariaGrazia ----> 5_Quadri_Blu
2025-11-02 14:13:47 - round.py - INFO - discard - MariaGrazia ----> 8_Picche_Blu
2025-11-02 14:13:47 - round.py - INFO - pick_up_card - Alessio ----> Q_Quadri_Rosso
2025-11-02 14:13:47 - round.py - INFO - discard - Alessio ----> Q_Quadri_Blu
2025-11-02 14:13:47 - round.py - INFO - pick_up_discard - MariaGrazia ----> 4_Cuori_Rosso
2025-11-02 14:13:48 - round.py - INFO - update_meld - MariaGrazia ----> Updated_Game_Ontology20251102_141328575515.Cuori --> 4_Cuori_Rosso
2025-11-02 14:13:48 - round.py - INFO - discard - MariaGrazia ----> 5_Quadri_Blu
2025-11-02 14:13:48 - round.py - INFO - pick_up_discard - Alessio ----> 5_Quadri_Blu
2025-11-02 14:13:48 - round.py - INFO - discard - Alessio ----> 5_Quadri_Blu
2025-11-02 14:13:48 - round.py - INFO - pick_up_card - MariaGrazia ----> A_Cuori_Blu
2025-11-02 14:13:49 - round.py - INFO - update_meld - MariaGrazia ----> Updated_Game_Ontology20251102_141328575515.Cuori --> A_Cuori_Blu
2025-11-02 14:13:49 - round.py - INFO - discard - MariaGrazia ----> A_Quadri_Blu
2025-11-02 14:13:49 - round.py - INFO - pick_up_card - Alessio ----> 10_Cuori_Blu
2025-11-02 14:13:49 - round.py - INFO - discard - Alessio ----> 3_Picche_Blu
2025-11-02 14:13:49 - round.py - INFO - pick_up_card - MariaGrazia ----> 3_Quadri_Rosso
2025-11-02 14:13:49 - player_onto_manager.py - INFO - apre_tris -  3_Quadri_Rosso -5 ----> partialScore ----> 5
2025-11-02 14:13:49 - player_onto_manager.py - INFO - apre_tris -  3_Picche_Rosso -5 ----> partialScore ----> 10
2025-11-02 14:13:49 - player_onto_manager.py - INFO - apre_tris -  3_Picche_Blu -5 ----> partialScore ----> 15
2025-11-02 14:13:49 - player_onto_manager.py - INFO - apre_tris - FINAL partialScore ----> 15
2025-11-02 14:13:49 - round.py - INFO - open_tris - MariaGrazia ----> [(3, 15, 'Quadri', 5), (3, 41, 'Picche', 5), (3, 95, 'Picche', 5)]
2025-11-02 14:13:50 - round.py - INFO - discard - MariaGrazia ----> A_Quadri_Blu
2025-11-02 14:13:50 - round.py - INFO - pick_up_discard - Alessio ----> 5_Quadri_Blu
2025-11-02 14:13:50 - round.py - INFO - discard - Alessio ----> A_Cuori_Blu
2025-11-02 14:13:50 - round.py - INFO - pick_up_card - MariaGrazia ----> J_Fiori_Blu
2025-11-02 14:13:50 - round.py - INFO - discard - MariaGrazia ----> J_Fiori_Blu
2025-11-02 14:13:50 - round.py - INFO - pick_up_discard - Alessio ----> A_Cuori_Blu
2025-11-02 14:13:51 - round.py - INFO - discard - Alessio ----> 8_Picche_Blu
2025-11-02 14:13:51 - round.py - INFO - pick_up_card - MariaGrazia ----> 10_Quadri_Blu
2025-11-02 14:13:51 - round.py - INFO - discard - MariaGrazia ----> J_Fiori_Blu
2025-11-02 14:13:51 - round.py - INFO - pick_up_card - Alessio ----> 7_Picche_Blu
2025-11-02 14:13:52 - round.py - INFO - discard - Alessio ----> 4_Cuori_Rosso
2025-11-02 14:13:52 - round.py - INFO - pick_up_card - MariaGrazia ----> 9_Cuori_Blu
2025-11-02 14:13:52 - round.py - INFO - discard - MariaGrazia ----> Q_Quadri_Blu
2025-11-02 14:13:52 - round.py - INFO - pick_up_card - Alessio ----> Q_Quadri_Blu
2025-11-02 14:13:53 - round.py - INFO - discard - Alessio ----> J_Fiori_Blu
2025-11-02 14:13:53 - round.py - INFO - pick_up_card - MariaGrazia ----> Jolly_Jolly_N_Rosso
2025-11-02 14:13:53 - round.py - INFO - update_tris - MariaGrazia ----> 3 -->Jolly_Jolly_N_Rosso
2025-11-02 14:13:53 - round.py - INFO - discard - MariaGrazia ----> 7_Picche_Blu
2025-11-02 14:13:53 - round.py - INFO - pick_up_discard - Alessio ----> 8_Picche_Blu
2025-11-02 14:13:57 - round.py - INFO - discard - Alessio ----> 7_Picche_Blu
2025-11-02 14:13:57 - round.py - INFO - pick_up_card - MariaGrazia ----> 4_Quadri_Rosso
2025-11-02 14:13:57 - round.py - INFO - discard - MariaGrazia ----> 9_Cuori_Blu
2025-11-02 14:13:57 - round.py - INFO - pick_up_card - Alessio ----> K_Fiori_Rosso
2025-11-02 14:14:01 - round.py - INFO - discard - Alessio ----> A_Quadri_Blu
2025-11-02 14:14:01 - round.py - INFO - pick_up_card - MariaGrazia ----> 3_Cuori_Blu
2025-11-02 14:14:01 - round.py - INFO - update_tris - MariaGrazia ----> 3 -->3_Cuori_Blu
2025-11-02 14:14:01 - round.py - INFO - discard - MariaGrazia ----> 10_Quadri_Blu
2025-11-02 14:14:01 - round.py - INFO - pick_up_card - Alessio ----> 3_Quadri_Blu
2025-11-02 14:14:05 - round.py - INFO - discard - Alessio ----> 3_Quadri_Blu
2025-11-02 14:14:05 - round.py - INFO - pick_up_discard - MariaGrazia ----> 7_Picche_Blu
2025-11-02 14:14:06 - round.py - INFO - update_tris - MariaGrazia ----> 3 -->3_Quadri_Blu
2025-11-02 14:14:06 - round.py - INFO - discard - MariaGrazia ----> 10_Quadri_Blu
2025-11-02 14:14:06 - round.py - INFO - pick_up_card - Alessio ----> J_Fiori_Rosso
2025-11-02 14:14:09 - round.py - INFO - discard - Alessio ----> A_Cuori_Blu
2025-11-02 14:14:09 - round.py - INFO - pick_up_discard - MariaGrazia ----> 10_Quadri_Blu
2025-11-02 14:14:10 - round.py - INFO - discard - MariaGrazia ----> 8_Picche_Blu
2025-11-02 14:14:10 - round.py - INFO - pick_up_card - Alessio ----> 8_Picche_Rosso
2025-11-02 14:14:13 - round.py - INFO - discard - Alessio ----> 7_Picche_Blu
2025-11-02 14:14:13 - round.py - INFO - pick_up_card - MariaGrazia ----> 8_Quadri_Rosso
2025-11-02 14:14:14 - round.py - INFO - discard - MariaGrazia ----> 8_Quadri_Rosso
2025-11-02 14:14:14 - round.py - INFO - pick_up_card - Alessio ----> 2_Fiori_Rosso
2025-11-02 14:14:18 - player_onto_manager.py - INFO - apre_tris -  2_Fiori_Rosso -20 ----> partialScore ----> 20
2025-11-02 14:14:18 - player_onto_manager.py - INFO - apre_tris -  8_Picche_Blu -10 ----> partialScore ----> 30
2025-11-02 14:14:18 - player_onto_manager.py - INFO - apre_tris -  8_Picche_Rosso -10 ----> partialScore ----> 40
2025-11-02 14:14:18 - player_onto_manager.py - INFO - apre_tris - FINAL partialScore ----> 40
2025-11-02 14:14:18 - round.py - INFO - open_tris - Alessio ----> [(-1, 27, 'Jolly', 20), (8, 100, 'Picche', 10), (8, 46, 'Picche', 10)]
2025-11-02 14:14:19 - round.py - INFO - discard - Alessio ----> Q_Quadri_Rosso
2025-11-02 14:14:19 - round.py - INFO - pick_up_discard - MariaGrazia ----> 8_Picche_Blu
2025-11-02 14:14:20 - round.py - INFO - discard - MariaGrazia ----> 8_Quadri_Rosso
2025-11-02 14:14:20 - round.py - INFO - pick_up_card - Alessio ----> 6_Picche_Blu
2025-11-02 14:14:22 - round.py - INFO - discard - Alessio ----> J_Fiori_Blu
2025-11-02 14:14:22 - round.py - INFO - pick_up_discard - MariaGrazia ----> 8_Quadri_Rosso
2025-11-02 14:14:23 - round.py - INFO - discard - MariaGrazia ----> 7_Picche_Blu
2025-11-02 14:14:23 - round.py - INFO - pick_up_card - Alessio ----> 2_Fiori_Blu
2025-11-02 14:14:25 - round.py - INFO - open_meld - Alessio ----> [(-1, 81, 'Jolly', 20), (11, 36, 'Fiori', 10), (13, 38, 'Fiori', 10)]
2025-11-02 14:14:25 - round.py - INFO - discard - Alessio ----> J_Fiori_Blu
2025-11-02 14:14:25 - round.py - INFO - pick_up_discard - MariaGrazia ----> 7_Picche_Blu
2025-11-02 14:14:26 - round.py - INFO - discard - MariaGrazia ----> J_Fiori_Blu
2025-11-02 14:14:26 - round.py - INFO - pick_up_discard - Alessio ----> J_Fiori_Blu
2025-11-02 14:14:27 - round.py - INFO - discard - Alessio ----> 7_Cuori_Rosso
2025-11-02 14:14:27 - round.py - INFO - pick_up_card - MariaGrazia ----> 7_Cuori_Blu
2025-11-02 14:14:28 - round.py - INFO - discard - MariaGrazia ----> Q_Quadri_Rosso
2025-11-02 14:14:28 - round.py - INFO - pick_up_discard - Alessio ----> 7_Cuori_Rosso
2025-11-02 14:14:29 - round.py - INFO - discard - Alessio ----> 10_Cuori_Blu
2025-11-02 14:14:29 - round.py - INFO - pick_up_card - MariaGrazia ----> K_Cuori_Blu
2025-11-02 14:14:30 - round.py - INFO - discard - MariaGrazia ----> A_Quadri_Blu
2025-11-02 14:14:30 - round.py - INFO - pick_up_card - Alessio ----> 3_Cuori_Rosso
2025-11-02 14:14:31 - round.py - INFO - discard - Alessio ----> Q_Quadri_Blu
2025-11-02 14:14:31 - round.py - INFO - pick_up_discard - MariaGrazia ----> 10_Cuori_Blu
2025-11-02 14:14:33 - round.py - INFO - discard - MariaGrazia ----> A_Cuori_Blu
2025-11-02 14:14:33 - round.py - INFO - pick_up_discard - Alessio ----> A_Cuori_Blu
2025-11-02 14:14:34 - round.py - INFO - discard - Alessio ----> A_Quadri_Blu
2025-11-02 14:14:34 - round.py - INFO - pick_up_discard - MariaGrazia ----> A_Quadri_Blu
2025-11-02 14:14:36 - round.py - INFO - discard - MariaGrazia ----> K_Cuori_Blu
2025-11-02 14:14:36 - round.py - INFO - pick_up_card - Alessio ----> 4_Cuori_Blu
2025-11-02 14:14:37 - round.py - INFO - discard - Alessio ----> 5_Quadri_Blu
2025-11-02 14:14:37 - round.py - INFO - pick_up_card - MariaGrazia ----> 10_Fiori_Rosso
2025-11-02 14:14:40 - player_onto_manager.py - INFO - apre_tris -  10_Cuori_Blu -10 ----> partialScore ----> 10
2025-11-02 14:14:40 - player_onto_manager.py - INFO - apre_tris -  10_Quadri_Blu -10 ----> partialScore ----> 20
2025-11-02 14:14:40 - player_onto_manager.py - INFO - apre_tris -  10_Fiori_Rosso -10 ----> partialScore ----> 30
2025-11-02 14:14:40 - player_onto_manager.py - INFO - apre_tris - FINAL partialScore ----> 30
2025-11-02 14:14:40 - round.py - INFO - open_tris - MariaGrazia ----> [(10, 63, 'Cuori', 10), (10, 76, 'Quadri', 10), (10, 35, 'Fiori', 10)]
2025-11-02 14:14:40 - round.py - INFO - discard - MariaGrazia ----> 9_Cuori_Blu
2025-11-02 14:14:40 - round.py - INFO - pick_up_card - Alessio ----> J_Quadri_Rosso
2025-11-02 14:14:41 - round.py - INFO - discard - Alessio ----> 4_Cuori_Rosso
2025-11-02 14:14:41 - round.py - INFO - pick_up_discard - MariaGrazia ----> K_Cuori_Blu
2025-11-02 14:14:43 - round.py - INFO - discard - MariaGrazia ----> 4_Quadri_Rosso
2025-11-02 14:14:43 - round.py - INFO - pick_up_discard - Alessio ----> 4_Quadri_Rosso
2025-11-02 14:14:44 - round.py - INFO - discard - Alessio ----> 4_Quadri_Rosso
2025-11-02 14:14:44 - round.py - INFO - pick_up_card - MariaGrazia ----> 2_Quadri_Blu
2025-11-02 14:14:47 - round.py - INFO - open_meld - MariaGrazia ----> [(-1, 68, 'Jolly', 20), (7, 60, 'Cuori', 5), (9, 62, 'Cuori', 10)]
2025-11-02 14:14:47 - round.py - INFO - discard - MariaGrazia ----> 7_Picche_Blu
2025-11-02 14:14:47 - round.py - INFO - pick_up_discard - Alessio ----> 4_Quadri_Rosso
2025-11-02 14:14:48 - round.py - INFO - discard - Alessio ----> 3_Picche_Blu
2025-11-02 14:14:48 - round.py - INFO - pick_up_card - MariaGrazia ----> K_Fiori_Blu
2025-11-02 14:14:49 - round.py - INFO - discard - MariaGrazia ----> Q_Quadri_Blu
2025-11-02 14:14:49 - round.py - INFO - pick_up_discard - Alessio ----> 3_Picche_Blu
2025-11-02 14:14:51 - round.py - INFO - discard - Alessio ----> Q_Quadri_Blu
2025-11-02 14:14:51 - round.py - INFO - pick_up_card - MariaGrazia ----> 7_Quadri_Blu
2025-11-02 14:14:52 - round.py - INFO - discard - MariaGrazia ----> K_Cuori_Blu
2025-11-02 14:14:52 - round.py - INFO - pick_up_card - Alessio ----> J_Cuori_Blu
2025-11-02 14:14:53 - player_onto_manager.py - INFO - apre_tris -  J_Cuori_Blu -10 ----> partialScore ----> 10
2025-11-02 14:14:53 - player_onto_manager.py - INFO - apre_tris -  J_Quadri_Rosso -10 ----> partialScore ----> 20
2025-11-02 14:14:53 - player_onto_manager.py - INFO - apre_tris -  J_Fiori_Blu -10 ----> partialScore ----> 30
2025-11-02 14:14:53 - player_onto_manager.py - INFO - apre_tris - FINAL partialScore ----> 30
2025-11-02 14:14:53 - round.py - INFO - open_tris - Alessio ----> [(11, 64, 'Cuori', 10), (11, 23, 'Quadri', 10), (11, 90, 'Fiori', 10)]
2025-11-02 14:14:54 - round.py - INFO - discard - Alessio ----> 4_Quadri_Rosso
2025-11-02 14:14:54 - round.py - INFO - pick_up_card - MariaGrazia ----> 10_Picche_Rosso
2025-11-02 14:14:54 - round.py - INFO - update_tris - MariaGrazia ----> 10 -->10_Picche_Rosso
2025-11-02 14:14:55 - round.py - INFO - discard - MariaGrazia ----> 7_Picche_Blu
2025-11-02 14:14:55 - round.py - INFO - pick_up_discard - Alessio ----> Q_Quadri_Blu
2025-11-02 14:14:56 - round.py - INFO - discard - Alessio ----> 3_Cuori_Rosso
2025-11-02 14:14:56 - round.py - INFO - pick_up_discard - MariaGrazia ----> 3_Cuori_Rosso
2025-11-02 14:14:57 - round.py - INFO - update_tris - MariaGrazia ----> 3 -->3_Cuori_Rosso
2025-11-02 14:14:57 - round.py - INFO - discard - MariaGrazia ----> 4_Cuori_Rosso
2025-11-02 14:14:57 - round.py - INFO - pick_up_discard - Alessio ----> 4_Cuori_Rosso
2025-11-02 14:14:59 - player_onto_manager.py - INFO - apre_tris -  4_Quadri_Rosso -5 ----> partialScore ----> 5
2025-11-02 14:14:59 - player_onto_manager.py - INFO - apre_tris -  4_Cuori_Rosso -5 ----> partialScore ----> 10
2025-11-02 14:14:59 - player_onto_manager.py - INFO - apre_tris -  4_Cuori_Blu -5 ----> partialScore ----> 15
2025-11-02 14:14:59 - player_onto_manager.py - INFO - apre_tris - FINAL partialScore ----> 15
2025-11-02 14:14:59 - round.py - INFO - open_tris - Alessio ----> [(4, 16, 'Quadri', 5), (4, 3, 'Cuori', 5), (4, 57, 'Cuori', 5)]
2025-11-02 14:14:59 - round.py - INFO - discard - Alessio ----> 6_Picche_Blu
2025-11-02 14:14:59 - round.py - INFO - pick_up_discard - MariaGrazia ----> 6_Picche_Blu
2025-11-02 14:15:00 - round.py - INFO - discard - MariaGrazia ----> 8_Quadri_Rosso
2025-11-02 14:15:00 - round.py - INFO - pick_up_discard - Alessio ----> 8_Quadri_Rosso
2025-11-02 14:15:00 - round.py - INFO - discard - Alessio ----> Q_Quadri_Blu
2025-11-02 14:15:00 - round.py - INFO - pick_up_discard - MariaGrazia ----> Q_Quadri_Blu
2025-11-02 14:15:00 - round.py - INFO - discard - MariaGrazia ----> K_Fiori_Blu
2025-11-02 14:15:00 - round.py - INFO - pick_up_discard - Alessio ----> K_Fiori_Blu
2025-11-02 14:15:01 - round.py - INFO - discard - Alessio ----> 8_Quadri_Rosso
2025-11-02 14:15:01 - round.py - INFO - pick_up_card - MariaGrazia ----> 9_Picche_Rosso
2025-11-02 14:15:01 - round.py - INFO - discard - MariaGrazia ----> 7_Quadri_Blu
2025-11-02 14:15:01 - round.py - INFO - pick_up_discard - Alessio ----> 8_Quadri_Rosso
2025-11-02 14:15:02 - player_onto_manager.py - INFO - apre_tris -  7_Picche_Blu -5 ----> partialScore ----> 5
2025-11-02 14:15:02 - player_onto_manager.py - INFO - apre_tris -  7_Quadri_Blu -5 ----> partialScore ----> 10
2025-11-02 14:15:02 - player_onto_manager.py - INFO - apre_tris -  7_Cuori_Rosso -5 ----> partialScore ----> 15
2025-11-02 14:15:02 - player_onto_manager.py - INFO - apre_tris - FINAL partialScore ----> 15
2025-11-02 14:15:02 - round.py - INFO - open_tris - Alessio ----> [(7, 99, 'Picche', 5), (7, 73, 'Quadri', 5), (7, 6, 'Cuori', 5)]
2025-11-02 14:15:02 - round.py - INFO - update_tris - Alessio ----> 7 -->7_Picche_Blu
2025-11-02 14:15:02 - round.py - INFO - discard - Alessio ----> Q_Quadri_Rosso
2025-11-02 14:15:02 - round.py - INFO - pick_up_discard - MariaGrazia ----> Q_Quadri_Rosso
2025-11-02 14:15:03 - round.py - INFO - discard - MariaGrazia ----> 9_Picche_Rosso
2025-11-02 14:15:03 - round.py - INFO - pick_up_card - Alessio ----> 6_Picche_Rosso
2025-11-02 14:15:03 - round.py - INFO - discard - Alessio ----> 8_Quadri_Rosso
2025-11-02 14:15:03 - round.py - INFO - pick_up_card - MariaGrazia ----> 10_Quadri_Rosso
2025-11-02 14:15:03 - round.py - INFO - update_tris - MariaGrazia ----> 10 -->10_Quadri_Rosso
2025-11-02 14:15:04 - round.py - INFO - discard - MariaGrazia ----> 5_Quadri_Blu
2025-11-02 14:15:04 - round.py - INFO - pick_up_discard - Alessio ----> 9_Picche_Rosso
2025-11-02 14:15:04 - round.py - INFO - update_tris - Alessio ----> 9 -->9_Picche_Rosso
2025-11-02 14:15:04 - round.py - INFO - discard - Alessio ----> 6_Picche_Rosso
2025-11-02 14:15:04 - round.py - INFO - pick_up_card - MariaGrazia ----> 5_Cuori_Rosso
2025-11-02 14:15:05 - round.py - INFO - update_meld - MariaGrazia ----> Updated_Game_Ontology20251102_141328575515.Cuori --> 5_Cuori_Rosso
2025-11-02 14:15:05 - round.py - INFO - discard - MariaGrazia ----> A_Quadri_Blu
2025-11-02 14:15:05 - round.py - INFO - pick_up_discard - Alessio ----> 6_Picche_Rosso
2025-11-02 14:15:05 - round.py - INFO - discard - Alessio ----> 3_Picche_Blu
2025-11-02 14:15:05 - round.py - INFO - pick_up_discard - MariaGrazia ----> 3_Picche_Blu
2025-11-02 14:15:05 - round.py - INFO - update_tris - MariaGrazia ----> 3 -->3_Picche_Blu
2025-11-02 14:15:05 - round.py - INFO - discard - MariaGrazia ----> Q_Quadri_Rosso
2025-11-02 14:15:05 - round.py - INFO - pick_up_discard - Alessio ----> Q_Quadri_Rosso
2025-11-02 14:15:06 - round.py - INFO - discard - Alessio ----> Q_Quadri_Blu
2025-11-02 14:15:06 - round.py - INFO - pick_up_card - MariaGrazia ----> A_Picche_Blu
2025-11-02 14:15:06 - round.py - INFO - discard - MariaGrazia ----> Q_Quadri_Blu
2025-11-02 14:15:06 - round.py - INFO - pick_up_discard - Alessio ----> Q_Quadri_Blu
2025-11-02 14:15:06 - round.py - INFO - discard - Alessio ----> Q_Quadri_Rosso
2025-11-02 14:15:06 - round.py - INFO - pick_up_discard - MariaGrazia ----> Q_Quadri_Rosso
2025-11-02 14:15:06 - round.py - INFO - discard - MariaGrazia ----> 8_Picche_Blu
2025-11-02 14:15:06 - round.py - INFO - pick_up_discard - Alessio ----> 8_Picche_Blu
2025-11-02 14:15:07 - round.py - INFO - discard - Alessio ----> 8_Picche_Blu
2025-11-02 14:15:07 - round.py - INFO - pick_up_card - MariaGrazia ----> 6_Cuori_Blu
2025-11-02 14:15:07 - round.py - INFO - update_meld - MariaGrazia ----> Updated_Game_Ontology20251102_141328575515.Cuori --> 6_Cuori_Blu
2025-11-02 14:15:07 - round.py - INFO - discard - MariaGrazia ----> Q_Quadri_Rosso
2025-11-02 14:15:07 - round.py - INFO - pick_up_card - Alessio ----> 9_Cuori_Rosso
2025-11-02 14:15:08 - round.py - INFO - update_tris - Alessio ----> 9 -->9_Cuori_Rosso
2025-11-02 14:15:08 - round.py - INFO - discard - Alessio ----> A_Quadri_Blu
2025-11-02 14:15:08 - round.py - INFO - pick_up_card - MariaGrazia ----> 6_Fiori_Blu
2025-11-02 14:15:08 - round.py - INFO - discard - MariaGrazia ----> J_Fiori_Blu
2025-11-02 14:15:08 - round.py - INFO - pick_up_card - Alessio ----> J_Quadri_Blu
2025-11-02 14:15:08 - round.py - INFO - update_tris - Alessio ----> 11 -->J_Quadri_Blu
2025-11-02 14:15:08 - round.py - INFO - discard - Alessio ----> K_Fiori_Blu
2025-11-02 14:15:08 - round.py - INFO - pick_up_card - MariaGrazia ----> 7_Quadri_Rosso
2025-11-02 14:15:09 - round.py - INFO - discard - MariaGrazia ----> 6_Picche_Blu
2025-11-02 14:15:09 - round.py - INFO - pick_up_card - Alessio ----> 6_Fiori_Rosso
2025-11-02 14:15:09 - round.py - INFO - discard - Alessio ----> K_Cuori_Blu
2025-11-02 14:15:09 - round.py - INFO - pick_up_card - MariaGrazia ----> K_Quadri_Rosso
2025-11-02 14:15:09 - round.py - INFO - update_meld - MariaGrazia ----> Updated_Game_Ontology20251102_141328575515.Quadri --> K_Quadri_Rosso
2025-11-02 14:15:09 - round.py - INFO - discard - MariaGrazia ----> A_Picche_Blu
2025-11-02 14:15:09 - round.py - INFO - pick_up_card - Alessio ----> 4_Fiori_Blu
2025-11-02 14:15:09 - round.py - INFO - update_tris - Alessio ----> 4 -->4_Fiori_Blu
2025-11-02 14:15:09 - round.py - INFO - discard - Alessio ----> 6_Picche_Rosso
2025-11-02 14:15:09 - round.py - INFO - pick_up_card - MariaGrazia ----> 5_Fiori_Rosso
2025-11-02 14:15:09 - round.py - INFO - discard - MariaGrazia ----> 6_Fiori_Blu
2025-11-02 14:15:09 - round.py - INFO - pick_up_discard - Alessio ----> 8_Picche_Blu
2025-11-02 14:15:13 - player_onto_manager.py - INFO - apre_tris -  6_Fiori_Rosso -5 ----> partialScore ----> 5
2025-11-02 14:15:13 - player_onto_manager.py - INFO - apre_tris -  6_Picche_Blu -5 ----> partialScore ----> 10
2025-11-02 14:15:13 - player_onto_manager.py - INFO - apre_tris -  6_Fiori_Blu -5 ----> partialScore ----> 15
2025-11-02 14:15:13 - player_onto_manager.py - INFO - apre_tris - FINAL partialScore ----> 15
2025-11-02 14:15:13 - round.py - INFO - open_tris - Alessio ----> [(6, 31, 'Fiori', 5), (6, 98, 'Picche', 5), (6, 85, 'Fiori', 5)]
2025-11-02 14:15:14 - round.py - INFO - update_tris - Alessio ----> 11 -->J_Fiori_Blu
2025-11-02 14:15:15 - round.py - INFO - update_tris - Alessio ----> 6 -->6_Picche_Rosso
2025-11-02 14:15:16 - player_onto_manager.py - INFO - apre_tris -  A_Quadri_Blu -15 ----> partialScore ----> 15
2025-11-02 14:15:16 - player_onto_manager.py - INFO - apre_tris -  A_Picche_Blu -15 ----> partialScore ----> 30
2025-11-02 14:15:16 - player_onto_manager.py - INFO - apre_tris -  A_Cuori_Blu -15 ----> partialScore ----> 45
2025-11-02 14:15:16 - player_onto_manager.py - INFO - apre_tris - FINAL partialScore ----> 45
2025-11-02 14:15:16 - round.py - INFO - open_tris - Alessio ----> [(1, 67, 'Quadri', 15), (1, 93, 'Picche', 15), (1, 54, 'Cuori', 15)]
2025-11-02 14:15:16 - round.py - INFO - discard - Alessio ----> K_Cuori_Blu
2025-11-02 14:15:16 - round.py - INFO - pick_up_card - MariaGrazia ----> 2_Picche_Rosso
2025-11-02 14:15:16 - round.py - INFO - update_tris - MariaGrazia ----> 10 -->2_Picche_Rosso
2025-11-02 14:15:16 - round.py - INFO - discard - MariaGrazia ----> 5_Fiori_Rosso
2025-11-02 14:15:16 - round.py - INFO - pick_up_card - Alessio ----> Q_Cuori_Blu
2025-11-02 14:15:16 - player_onto_manager.py - INFO - apre_tris -  Q_Quadri_Blu -10 ----> partialScore ----> 10
2025-11-02 14:15:16 - player_onto_manager.py - INFO - apre_tris -  Q_Cuori_Blu -10 ----> partialScore ----> 20
2025-11-02 14:15:16 - player_onto_manager.py - INFO - apre_tris -  Q_Quadri_Rosso -10 ----> partialScore ----> 30
2025-11-02 14:15:16 - player_onto_manager.py - INFO - apre_tris - FINAL partialScore ----> 30
2025-11-02 14:15:16 - round.py - INFO - open_tris - Alessio ----> [(12, 78, 'Quadri', 10), (12, 65, 'Cuori', 10), (12, 24, 'Quadri', 10)]
2025-11-02 14:15:16 - round.py - INFO - update_tris - Alessio ----> 12 -->Q_Quadri_Blu
2025-11-02 14:15:16 - round.py - INFO - discard - Alessio ----> 8_Picche_Blu
2025-11-02 14:15:16 - round.py - INFO - pick_up_card - MariaGrazia ----> 2_Picche_Blu
2025-11-02 14:15:16 - round.py - INFO - update_meld - MariaGrazia ----> Updated_Game_Ontology20251102_141328575515.Cuori --> 2_Picche_Blu
2025-11-02 14:15:16 - round.py - INFO - discard - MariaGrazia ----> A_Quadri_Blu
2025-11-02 14:15:16 - round.py - INFO - pick_up_discard - Alessio ----> K_Cuori_Blu
2025-11-02 14:15:16 - round.py - INFO - update_tris - Alessio ----> 1 -->A_Quadri_Blu
2025-11-02 14:15:17 - round.py - INFO - discard - Alessio ----> K_Fiori_Blu
2025-11-02 14:15:17 - round.py - INFO - pick_up_discard - MariaGrazia ----> K_Fiori_Blu
2025-11-02 14:15:17 - round.py - INFO - discard - MariaGrazia ----> 7_Quadri_Rosso
2025-11-02 14:15:17 - round.py - INFO - pick_up_discard - Alessio ----> 7_Quadri_Rosso
2025-11-02 14:15:17 - round.py - INFO - update_tris - Alessio ----> 7 -->7_Quadri_Rosso
2025-11-02 14:15:17 - round.py - INFO - discard - Alessio ----> K_Cuori_Blu
2025-11-02 14:15:17 - round.py - INFO - pick_up_card - MariaGrazia ----> 4_Picche_Rosso
2025-11-02 14:15:17 - round.py - INFO - discard - MariaGrazia ----> K_Fiori_Blu
2025-11-02 14:15:17 - round.py - INFO - pick_up_card - Alessio ----> A_Quadri_Rosso
2025-11-02 14:15:17 - round.py - INFO - update_tris - Alessio ----> 1 -->A_Quadri_Rosso
2025-11-02 14:15:17 - round.py - INFO - discard - Alessio ----> 5_Quadri_Blu
2025-11-02 14:15:17 - round.py - INFO - pick_up_discard - MariaGrazia ----> K_Cuori_Blu
2025-11-02 14:15:17 - round.py - INFO - discard - MariaGrazia ----> 5_Quadri_Blu
2025-11-02 14:15:17 - round.py - INFO - pick_up_discard - Alessio ----> 5_Quadri_Blu
2025-11-02 14:15:17 - round.py - INFO - discard - Alessio ----> 8_Picche_Blu
2025-11-02 14:15:17 - round.py - INFO - pick_up_discard - MariaGrazia ----> 8_Picche_Blu
2025-11-02 14:15:17 - round.py - INFO - discard - MariaGrazia ----> 8_Picche_Blu
2025-11-02 14:15:17 - round.py - INFO - pick_up_discard - Alessio ----> 8_Picche_Blu
2025-11-02 14:15:17 - round.py - INFO - discard - Alessio ----> 8_Picche_Blu
2025-11-02 14:15:17 - round.py - INFO - pick_up_card - MariaGrazia ----> 8_Cuori_Rosso
2025-11-02 14:15:17 - round.py - INFO - update_meld - MariaGrazia ----> Updated_Game_Ontology20251102_141328575515.Cuori --> 8_Cuori_Rosso
2025-11-02 14:15:17 - round.py - INFO - discard - MariaGrazia ----> K_Fiori_Blu
2025-11-02 14:15:17 - round.py - INFO - pick_up_card - Alessio ----> 7_Picche_Rosso
2025-11-02 14:15:17 - round.py - INFO - update_tris - Alessio ----> 7 -->7_Picche_Rosso
2025-11-02 14:15:17 - round.py - INFO - discard - Alessio ----> 5_Fiori_Rosso
2025-11-02 14:15:17 - round.py - INFO - pick_up_card - MariaGrazia ----> 10_Cuori_Rosso
2025-11-02 14:15:17 - round.py - INFO - update_tris - MariaGrazia ----> 10 -->10_Cuori_Rosso
2025-11-02 14:15:17 - round.py - INFO - discard - MariaGrazia ----> 4_Picche_Rosso
2025-11-02 14:15:17 - round.py - INFO - pick_up_card - Alessio ----> A_Cuori_Rosso
2025-11-02 14:15:17 - round.py - INFO - update_tris - Alessio ----> 1 -->A_Cuori_Rosso
2025-11-02 14:15:17 - round.py - INFO - discard - Alessio ----> 8_Quadri_Rosso
2025-11-02 14:15:17 - round.py - INFO - pick_up_discard - MariaGrazia ----> 8_Picche_Blu
2025-11-02 14:15:17 - round.py - INFO - discard - MariaGrazia ----> 8_Quadri_Rosso
2025-11-02 14:15:17 - round.py - INFO - pick_up_card - Alessio ----> 2_Cuori_Rosso
2025-11-02 14:15:17 - round.py - INFO - update_meld - Alessio ----> Updated_Game_Ontology20251102_141328575515.Fiori --> 2_Cuori_Rosso
2025-11-02 14:15:17 - round.py - INFO - discard - Alessio ----> 5_Quadri_Blu
2025-11-02 14:15:17 - round.py - INFO - pick_up_discard - MariaGrazia ----> 8_Quadri_Rosso
2025-11-02 14:15:17 - round.py - INFO - discard - MariaGrazia ----> 4_Picche_Rosso
2025-11-02 14:15:17 - round.py - INFO - pick_up_card - Alessio ----> 8_Fiori_Blu
2025-11-02 14:15:17 - round.py - INFO - close_game - Alessio ----> 8_Fiori_Blu
