2025-11-02 14:13:36 - logger.py - INFO - _initialize - Logger inizializzato. File di log: logs/2025_11_02\partita_20251102_141336152411.log
2025-11-02 14:13:36 - round.py - INFO - pick_up_discard - Alessio ----> 5_Fiori_Rosso
2025-11-02 14:13:37 - player_onto_manager.py - INFO - apre_tris -  10_Quadri_Blu -10 ----> partialScore ----> 10
2025-11-02 14:13:37 - player_onto_manager.py - INFO - apre_tris -  10_Fiori_Blu -10 ----> partialScore ----> 20
2025-11-02 14:13:37 - player_onto_manager.py - INFO - apre_tris -  10_Cuori_Rosso -10 ----> partialScore ----> 30
2025-11-02 14:13:37 - player_onto_manager.py - INFO - apre_tris - FINAL partialScore ----> 30
2025-11-02 14:13:37 - round.py - INFO - open_tris - Alessio ----> [(10, 76, 'Quadri', 10), (10, 89, 'Fiori', 10), (10, 9, 'Cuori', 10)]
2025-11-02 14:13:37 - round.py - INFO - update_tris - Alessio ----> 10 -->10_Picche_Blu
2025-11-02 14:13:38 - round.py - INFO - discard - Alessio ----> 8_Fiori_Blu
2025-11-02 14:13:38 - round.py - INFO - pick_up_discard - MariaGrazia ----> 8_Fiori_Blu
2025-11-02 14:13:39 - player_onto_manager.py - INFO - apre_tris -  Jolly_Jolly_N_Rosso -30 ----> partialScore ----> 30
2025-11-02 14:13:39 - player_onto_manager.py - INFO - apre_tris -  A_Quadri_Rosso -15 ----> partialScore ----> 45
2025-11-02 14:13:39 - player_onto_manager.py - INFO - apre_tris -  A_Fiori_Rosso -15 ----> partialScore ----> 60
2025-11-02 14:13:39 - player_onto_manager.py - INFO - apre_tris - FINAL partialScore ----> 60
2025-11-02 14:13:39 - round.py - INFO - open_tris - MariaGrazia ----> [(-1, 52, 'Jolly', 30), (1, 13, 'Quadri', 15), (1, 26, 'Fiori', 15)]
2025-11-02 14:13:40 - player_onto_manager.py - INFO - apre_tris -  2_Cuori_Rosso -20 ----> partialScore ----> 20
2025-11-02 14:13:40 - player_onto_manager.py - INFO - apre_tris -  3_Fiori_Rosso -5 ----> partialScore ----> 25
2025-11-02 14:13:40 - player_onto_manager.py - INFO - apre_tris -  3_Cuori_Blu -5 ----> partialScore ----> 30
2025-11-02 14:13:40 - player_onto_manager.py - INFO - apre_tris - FINAL partialScore ----> 30
2025-11-02 14:13:40 - round.py - INFO - open_tris - MariaGrazia ----> [(-1, 1, 'Jolly', 20), (3, 28, 'Fiori', 5), (3, 56, 'Cuori', 5)]
2025-11-02 14:13:40 - round.py - INFO - discard - MariaGrazia ----> 9_Cuori_Rosso
2025-11-02 14:13:40 - round.py - INFO - pick_up_card - Alessio ----> K_Cuori_Blu
2025-11-02 14:13:40 - round.py - INFO - discard - Alessio ----> 7_Picche_Rosso
2025-11-02 14:13:40 - round.py - INFO - pick_up_discard - MariaGrazia ----> 9_Cuori_Rosso
2025-11-02 14:13:40 - round.py - INFO - discard - MariaGrazia ----> K_Picche_Rosso
2025-11-02 14:13:40 - round.py - INFO - pick_up_discard - Alessio ----> K_Picche_Rosso
2025-11-02 14:13:40 - round.py - INFO - discard - Alessio ----> 6_Quadri_Blu
2025-11-02 14:13:40 - round.py - INFO - pick_up_card - MariaGrazia ----> 7_Picche_Rosso
2025-11-02 14:13:41 - round.py - INFO - discard - MariaGrazia ----> 4_Picche_Rosso
2025-11-02 14:13:41 - round.py - INFO - pick_up_discard - Alessio ----> 6_Quadri_Blu
2025-11-02 14:13:41 - round.py - INFO - discard - Alessio ----> K_Cuori_Blu
2025-11-02 14:13:41 - round.py - INFO - pick_up_card - MariaGrazia ----> 6_Quadri_Blu
2025-11-02 14:13:41 - round.py - INFO - discard - MariaGrazia ----> Q_Picche_Rosso
2025-11-02 14:13:41 - round.py - INFO - pick_up_card - Alessio ----> Q_Fiori_Rosso
2025-11-02 14:13:42 - round.py - INFO - discard - Alessio ----> K_Cuori_Blu
2025-11-02 14:13:42 - round.py - INFO - pick_up_discard - MariaGrazia ----> K_Cuori_Blu
2025-11-02 14:13:42 - round.py - INFO - discard - MariaGrazia ----> 9_Picche_Blu
2025-11-02 14:13:42 - round.py - INFO - pick_up_card - Alessio ----> 10_Cuori_Rosso
2025-11-02 14:13:42 - round.py - INFO - update_tris - Alessio ----> 10 -->10_Cuori_Rosso
2025-11-02 14:13:43 - round.py - INFO - discard - Alessio ----> Q_Fiori_Rosso
2025-11-02 14:13:43 - round.py - INFO - pick_up_discard - MariaGrazia ----> 9_Picche_Blu
2025-11-02 14:13:43 - round.py - INFO - discard - MariaGrazia ----> Q_Picche_Rosso
2025-11-02 14:13:43 - round.py - INFO - pick_up_card - Alessio ----> 10_Fiori_Blu
2025-11-02 14:13:43 - round.py - INFO - update_tris - Alessio ----> 10 -->10_Fiori_Blu
2025-11-02 14:13:44 - round.py - INFO - discard - Alessio ----> K_Picche_Rosso
2025-11-02 14:13:44 - round.py - INFO - pick_up_card - MariaGrazia ----> 8_Fiori_Blu
2025-11-02 14:13:44 - round.py - INFO - discard - MariaGrazia ----> 9_Cuori_Rosso
2025-11-02 14:13:44 - round.py - INFO - pick_up_card - Alessio ----> 10_Quadri_Blu
2025-11-02 14:13:44 - round.py - INFO - update_tris - Alessio ----> 10 -->10_Quadri_Blu
2025-11-02 14:13:44 - round.py - INFO - discard - Alessio ----> 4_Picche_Rosso
2025-11-02 14:13:44 - round.py - INFO - pick_up_card - MariaGrazia ----> 10_Picche_Blu
2025-11-02 14:13:45 - round.py - INFO - discard - MariaGrazia ----> 7_Picche_Rosso
2025-11-02 14:13:45 - round.py - INFO - pick_up_discard - Alessio ----> Q_Picche_Rosso
2025-11-02 14:13:46 - round.py - INFO - discard - Alessio ----> K_Picche_Rosso
2025-11-02 14:13:46 - round.py - INFO - pick_up_discard - MariaGrazia ----> K_Picche_Rosso
2025-11-02 14:13:46 - round.py - INFO - discard - MariaGrazia ----> 9_Picche_Blu
2025-11-02 14:13:46 - round.py - INFO - pick_up_discard - Alessio ----> 9_Picche_Blu
2025-11-02 14:13:47 - round.py - INFO - discard - Alessio ----> 6_Quadri_Blu
2025-11-02 14:13:47 - round.py - INFO - pick_up_discard - MariaGrazia ----> 6_Quadri_Blu
2025-11-02 14:13:47 - round.py - INFO - discard - MariaGrazia ----> 8_Fiori_Blu
2025-11-02 14:13:47 - round.py - INFO - pick_up_card - Alessio ----> 4_Quadri_Rosso
2025-11-02 14:13:48 - round.py - INFO - discard - Alessio ----> 4_Quadri_Rosso
2025-11-02 14:13:48 - round.py - INFO - pick_up_card - MariaGrazia ----> 5_Cuori_Blu
2025-11-02 14:13:48 - round.py - INFO - discard - MariaGrazia ----> 6_Quadri_Blu
2025-11-02 14:13:48 - round.py - INFO - pick_up_discard - Alessio ----> 8_Fiori_Blu
2025-11-02 14:13:50 - round.py - INFO - discard - Alessio ----> 8_Fiori_Blu
2025-11-02 14:13:50 - round.py - INFO - pick_up_card - MariaGrazia ----> K_Picche_Rosso
2025-11-02 14:13:50 - round.py - INFO - discard - MariaGrazia ----> K_Cuori_Blu
2025-11-02 14:13:50 - round.py - INFO - pick_up_discard - Alessio ----> 8_Fiori_Blu
2025-11-02 14:13:52 - round.py - INFO - discard - Alessio ----> 7_Picche_Rosso
2025-11-02 14:13:52 - round.py - INFO - pick_up_discard - MariaGrazia ----> 7_Picche_Rosso
2025-11-02 14:13:53 - round.py - INFO - discard - MariaGrazia ----> K_Picche_Rosso
2025-11-02 14:13:53 - round.py - INFO - pick_up_discard - Alessio ----> K_Picche_Rosso
2025-11-02 14:13:54 - round.py - INFO - discard - Alessio ----> K_Picche_Rosso
2025-11-02 14:13:54 - round.py - INFO - pick_up_card - MariaGrazia ----> 4_Picche_Rosso
2025-11-02 14:13:55 - round.py - INFO - discard - MariaGrazia ----> 7_Picche_Rosso
2025-11-02 14:13:55 - round.py - INFO - pick_up_discard - Alessio ----> K_Picche_Rosso
2025-11-02 14:13:57 - round.py - INFO - discard - Alessio ----> Q_Fiori_Rosso
2025-11-02 14:13:57 - round.py - INFO - pick_up_card - MariaGrazia ----> Q_Picche_Rosso
2025-11-02 14:13:58 - round.py - INFO - discard - MariaGrazia ----> K_Picche_Rosso
2025-11-02 14:13:58 - round.py - INFO - pick_up_discard - Alessio ----> Q_Fiori_Rosso
2025-11-02 14:14:01 - round.py - INFO - discard - Alessio ----> 6_Quadri_Blu
2025-11-02 14:14:01 - round.py - INFO - pick_up_discard - MariaGrazia ----> 6_Quadri_Blu
2025-11-02 14:14:02 - round.py - INFO - discard - MariaGrazia ----> Q_Fiori_Rosso
2025-11-02 14:14:02 - round.py - INFO - pick_up_card - Alessio ----> 3_Cuori_Blu
2025-11-02 14:14:05 - round.py - INFO - discard - Alessio ----> 4_Quadri_Rosso
2025-11-02 14:14:05 - round.py - INFO - pick_up_discard - MariaGrazia ----> Q_Fiori_Rosso
2025-11-02 14:14:06 - round.py - INFO - discard - MariaGrazia ----> 8_Fiori_Blu
2025-11-02 14:14:06 - round.py - INFO - pick_up_card - Alessio ----> 9_Cuori_Rosso
2025-11-02 14:14:09 - round.py - INFO - discard - Alessio ----> 7_Picche_Rosso
2025-11-02 14:14:09 - round.py - INFO - pick_up_card - MariaGrazia ----> 2_Cuori_Rosso
2025-11-02 14:14:09 - player_onto_manager.py - INFO - apre_tris -  2_Cuori_Rosso -20 ----> partialScore ----> 20
2025-11-02 14:14:09 - player_onto_manager.py - INFO - apre_tris -  Q_Fiori_Rosso -10 ----> partialScore ----> 30
2025-11-02 14:14:09 - player_onto_manager.py - INFO - apre_tris -  Q_Picche_Rosso -10 ----> partialScore ----> 40
2025-11-02 14:14:09 - player_onto_manager.py - INFO - apre_tris - FINAL partialScore ----> 40
2025-11-02 14:14:09 - round.py - INFO - open_tris - MariaGrazia ----> [(-1, 1, 'Jolly', 20), (12, 37, 'Fiori', 10), (12, 50, 'Picche', 10)]
2025-11-02 14:14:10 - round.py - INFO - discard - MariaGrazia ----> 7_Picche_Rosso
2025-11-02 14:14:10 - round.py - INFO - pick_up_discard - Alessio ----> 8_Fiori_Blu
2025-11-02 14:14:15 - round.py - INFO - discard - Alessio ----> 4_Picche_Rosso
2025-11-02 14:14:15 - round.py - INFO - pick_up_discard - MariaGrazia ----> 4_Picche_Rosso
2025-11-02 14:14:15 - round.py - INFO - discard - MariaGrazia ----> K_Cuori_Blu
2025-11-02 14:14:15 - round.py - INFO - pick_up_card - Alessio ----> 9_Picche_Blu
2025-11-02 14:14:20 - round.py - INFO - discard - Alessio ----> 9_Cuori_Rosso
2025-11-02 14:14:20 - round.py - INFO - pick_up_card - MariaGrazia ----> Jolly_Jolly_N_Rosso
2025-11-02 14:14:20 - player_onto_manager.py - INFO - apre_tris -  Jolly_Jolly_N_Rosso -30 ----> partialScore ----> 30
2025-11-02 14:14:20 - player_onto_manager.py - INFO - apre_tris -  4_Picche_Rosso -5 ----> partialScore ----> 35
2025-11-02 14:14:20 - player_onto_manager.py - INFO - apre_tris -  4_Quadri_Rosso -5 ----> partialScore ----> 40
2025-11-02 14:14:20 - player_onto_manager.py - INFO - apre_tris - FINAL partialScore ----> 40
2025-11-02 14:14:20 - round.py - INFO - open_tris - MariaGrazia ----> [(-1, 52, 'Jolly', 30), (4, 42, 'Picche', 5), (4, 16, 'Quadri', 5)]
2025-11-02 14:14:20 - round.py - INFO - update_tris - MariaGrazia ----> 4 -->4_Picche_Rosso
2025-11-02 14:14:20 - round.py - INFO - discard - MariaGrazia ----> 10_Picche_Blu
2025-11-02 14:14:20 - round.py - INFO - pick_up_discard - Alessio ----> K_Cuori_Blu
2025-11-02 14:14:27 - round.py - INFO - update_tris - Alessio ----> 10 -->10_Picche_Blu
2025-11-02 14:14:33 - round.py - INFO - discard - Alessio ----> 7_Picche_Rosso
2025-11-02 14:14:33 - round.py - INFO - pick_up_card - MariaGrazia ----> 3_Fiori_Rosso
2025-11-02 14:14:33 - round.py - INFO - discard - MariaGrazia ----> 3_Fiori_Rosso
2025-11-02 14:14:33 - round.py - INFO - pick_up_discard - Alessio ----> 7_Picche_Rosso
2025-11-02 14:14:40 - round.py - INFO - discard - Alessio ----> K_Cuori_Blu
2025-11-02 14:14:40 - round.py - INFO - pick_up_card - MariaGrazia ----> A_Quadri_Rosso
2025-11-02 14:14:40 - round.py - INFO - update_tris - MariaGrazia ----> 1 -->A_Quadri_Rosso
2025-11-02 14:14:40 - round.py - INFO - discard - MariaGrazia ----> 5_Cuori_Blu
2025-11-02 14:14:40 - round.py - INFO - pick_up_card - Alessio ----> A_Fiori_Rosso
2025-11-02 14:14:47 - round.py - INFO - discard - Alessio ----> 8_Fiori_Blu
2025-11-02 14:14:47 - round.py - INFO - pick_up_card - MariaGrazia ----> K_Picche_Blu
2025-11-02 14:14:47 - round.py - INFO - discard - MariaGrazia ----> 6_Quadri_Blu
2025-11-02 14:14:47 - round.py - INFO - pick_up_card - Alessio ----> K_Quadri_Rosso
2025-11-02 14:14:54 - player_onto_manager.py - INFO - apre_tris -  K_Picche_Rosso -10 ----> partialScore ----> 10
2025-11-02 14:14:54 - player_onto_manager.py - INFO - apre_tris -  K_Cuori_Blu -10 ----> partialScore ----> 20
2025-11-02 14:14:54 - player_onto_manager.py - INFO - apre_tris -  K_Quadri_Rosso -10 ----> partialScore ----> 30
2025-11-02 14:14:54 - player_onto_manager.py - INFO - apre_tris - FINAL partialScore ----> 30
2025-11-02 14:14:54 - round.py - INFO - open_tris - Alessio ----> [(13, 51, 'Picche', 10), (13, 66, 'Cuori', 10), (13, 25, 'Quadri', 10)]
2025-11-02 14:14:58 - round.py - INFO - update_tris - Alessio ----> 13 -->K_Picche_Rosso
2025-11-02 14:15:00 - round.py - INFO - discard - Alessio ----> 5_Cuori_Blu
2025-11-02 14:15:00 - round.py - INFO - pick_up_card - MariaGrazia ----> J_Fiori_Rosso
2025-11-02 14:15:00 - round.py - INFO - discard - MariaGrazia ----> J_Fiori_Rosso
2025-11-02 14:15:00 - round.py - INFO - pick_up_discard - Alessio ----> K_Cuori_Blu
2025-11-02 14:15:09 - round.py - INFO - update_tris - Alessio ----> 13 -->K_Cuori_Blu
2025-11-02 14:15:16 - round.py - INFO - discard - Alessio ----> 5_Cuori_Blu
2025-11-02 14:15:16 - round.py - INFO - pick_up_discard - MariaGrazia ----> 5_Cuori_Blu
2025-11-02 14:15:16 - round.py - INFO - discard - MariaGrazia ----> 6_Quadri_Blu
2025-11-02 14:15:16 - round.py - INFO - pick_up_card - Alessio ----> 6_Picche_Blu
2025-11-02 14:15:22 - round.py - INFO - discard - Alessio ----> 9_Cuori_Rosso
2025-11-02 14:15:22 - round.py - INFO - pick_up_discard - MariaGrazia ----> 6_Quadri_Blu
2025-11-02 14:15:22 - round.py - INFO - discard - MariaGrazia ----> 5_Cuori_Blu
2025-11-02 14:15:22 - round.py - INFO - pick_up_discard - Alessio ----> 5_Cuori_Blu
2025-11-02 14:15:28 - round.py - INFO - discard - Alessio ----> Q_Picche_Rosso
2025-11-02 14:15:28 - round.py - INFO - pick_up_card - MariaGrazia ----> 8_Cuori_Blu
2025-11-02 14:15:28 - round.py - INFO - discard - MariaGrazia ----> 6_Quadri_Blu
2025-11-02 14:15:28 - round.py - INFO - pick_up_card - Alessio ----> 8_Quadri_Blu
2025-11-02 14:15:33 - round.py - INFO - discard - Alessio ----> 7_Picche_Rosso
2025-11-02 14:15:33 - round.py - INFO - pick_up_discard - MariaGrazia ----> Q_Picche_Rosso
2025-11-02 14:15:33 - round.py - INFO - discard - MariaGrazia ----> K_Picche_Blu
2025-11-02 14:15:33 - round.py - INFO - pick_up_card - Alessio ----> J_Cuori_Blu
2025-11-02 14:15:38 - round.py - INFO - discard - Alessio ----> Q_Fiori_Rosso
2025-11-02 14:15:38 - round.py - INFO - pick_up_discard - MariaGrazia ----> K_Picche_Blu
2025-11-02 14:15:39 - round.py - INFO - discard - MariaGrazia ----> 9_Cuori_Rosso
2025-11-02 14:15:39 - round.py - INFO - pick_up_card - Alessio ----> 6_Fiori_Rosso
2025-11-02 14:15:44 - player_onto_manager.py - INFO - apre_tris -  6_Fiori_Rosso -5 ----> partialScore ----> 5
2025-11-02 14:15:44 - player_onto_manager.py - INFO - apre_tris -  6_Picche_Blu -5 ----> partialScore ----> 10
2025-11-02 14:15:44 - player_onto_manager.py - INFO - apre_tris -  6_Quadri_Blu -5 ----> partialScore ----> 15
2025-11-02 14:15:44 - player_onto_manager.py - INFO - apre_tris - FINAL partialScore ----> 15
2025-11-02 14:15:44 - round.py - INFO - open_tris - Alessio ----> [(6, 31, 'Fiori', 5), (6, 98, 'Picche', 5), (6, 72, 'Quadri', 5)]
2025-11-02 14:15:47 - round.py - INFO - discard - Alessio ----> 4_Quadri_Rosso
2025-11-02 14:15:47 - round.py - INFO - pick_up_card - MariaGrazia ----> 2_Cuori_Blu
2025-11-02 14:15:47 - player_onto_manager.py - INFO - apre_tris -  2_Cuori_Blu -20 ----> partialScore ----> 20
2025-11-02 14:15:47 - player_onto_manager.py - INFO - apre_tris -  Q_Fiori_Rosso -10 ----> partialScore ----> 30
2025-11-02 14:15:47 - player_onto_manager.py - INFO - apre_tris -  Q_Picche_Rosso -10 ----> partialScore ----> 40
2025-11-02 14:15:47 - player_onto_manager.py - INFO - apre_tris - FINAL partialScore ----> 40
2025-11-02 14:15:47 - round.py - INFO - open_tris - MariaGrazia ----> [(-1, 55, 'Jolly', 20), (12, 37, 'Fiori', 10), (12, 50, 'Picche', 10)]
2025-11-02 14:15:47 - round.py - INFO - discard - MariaGrazia ----> K_Picche_Blu
2025-11-02 14:15:47 - round.py - INFO - pick_up_discard - Alessio ----> 9_Cuori_Rosso
2025-11-02 14:15:51 - round.py - INFO - update_tris - Alessio ----> 13 -->K_Picche_Blu
2025-11-02 14:15:55 - round.py - INFO - discard - Alessio ----> J_Cuori_Blu
2025-11-02 14:15:55 - round.py - INFO - pick_up_card - MariaGrazia ----> 9_Fiori_Blu
2025-11-02 14:15:55 - round.py - INFO - discard - MariaGrazia ----> 7_Picche_Rosso
2025-11-02 14:15:55 - round.py - INFO - pick_up_discard - Alessio ----> J_Cuori_Blu
2025-11-02 14:15:59 - round.py - INFO - discard - Alessio ----> 5_Fiori_Rosso
2025-11-02 14:15:59 - round.py - INFO - pick_up_discard - MariaGrazia ----> 5_Fiori_Rosso
2025-11-02 14:16:00 - round.py - INFO - discard - MariaGrazia ----> 6_Quadri_Blu
2025-11-02 14:16:00 - round.py - INFO - pick_up_card - Alessio ----> 3_Fiori_Blu
2025-11-02 14:16:04 - player_onto_manager.py - INFO - apre_tris -  3_Fiori_Rosso -5 ----> partialScore ----> 5
2025-11-02 14:16:04 - player_onto_manager.py - INFO - apre_tris -  3_Fiori_Blu -5 ----> partialScore ----> 10
2025-11-02 14:16:04 - player_onto_manager.py - INFO - apre_tris -  3_Cuori_Blu -5 ----> partialScore ----> 15
2025-11-02 14:16:04 - player_onto_manager.py - INFO - apre_tris - FINAL partialScore ----> 15
2025-11-02 14:16:04 - round.py - INFO - open_tris - Alessio ----> [(3, 28, 'Fiori', 5), (3, 82, 'Fiori', 5), (3, 56, 'Cuori', 5)]
2025-11-02 14:16:06 - round.py - INFO - discard - Alessio ----> 5_Cuori_Blu
2025-11-02 14:16:06 - round.py - INFO - pick_up_card - MariaGrazia ----> A_Fiori_Blu
2025-11-02 14:16:06 - round.py - INFO - update_tris - MariaGrazia ----> 1 -->A_Fiori_Blu
2025-11-02 14:16:06 - round.py - INFO - discard - MariaGrazia ----> 8_Cuori_Blu
2025-11-02 14:16:06 - round.py - INFO - pick_up_card - Alessio ----> 5_Quadri_Rosso
2025-11-02 14:16:08 - round.py - INFO - discard - Alessio ----> 5_Quadri_Rosso
2025-11-02 14:16:08 - round.py - INFO - pick_up_discard - MariaGrazia ----> 6_Quadri_Blu
2025-11-02 14:16:08 - player_onto_manager.py - INFO - apre_tris -  5_Cuori_Blu -5 ----> partialScore ----> 5
2025-11-02 14:16:08 - player_onto_manager.py - INFO - apre_tris -  5_Quadri_Rosso -5 ----> partialScore ----> 10
2025-11-02 14:16:08 - player_onto_manager.py - INFO - apre_tris -  5_Fiori_Rosso -5 ----> partialScore ----> 15
2025-11-02 14:16:08 - player_onto_manager.py - INFO - apre_tris - FINAL partialScore ----> 15
2025-11-02 14:16:08 - round.py - INFO - open_tris - MariaGrazia ----> [(5, 58, 'Cuori', 5), (5, 17, 'Quadri', 5), (5, 30, 'Fiori', 5)]
2025-11-02 14:16:08 - round.py - INFO - discard - MariaGrazia ----> 6_Quadri_Blu
2025-11-02 14:16:08 - round.py - INFO - pick_up_card - Alessio ----> 4_Cuori_Rosso
2025-11-02 14:16:09 - round.py - INFO - discard - Alessio ----> 9_Picche_Blu
2025-11-02 14:16:09 - round.py - INFO - pick_up_card - MariaGrazia ----> 7_Fiori_Blu
2025-11-02 14:16:09 - round.py - INFO - discard - MariaGrazia ----> 8_Cuori_Blu
2025-11-02 14:16:09 - round.py - INFO - pick_up_discard - Alessio ----> 6_Quadri_Blu
2025-11-02 14:16:12 - player_onto_manager.py - INFO - apre_tris -  8_Quadri_Blu -10 ----> partialScore ----> 10
2025-11-02 14:16:12 - player_onto_manager.py - INFO - apre_tris -  8_Fiori_Blu -10 ----> partialScore ----> 20
2025-11-02 14:16:12 - player_onto_manager.py - INFO - apre_tris -  8_Cuori_Blu -10 ----> partialScore ----> 30
2025-11-02 14:16:12 - player_onto_manager.py - INFO - apre_tris - FINAL partialScore ----> 30
2025-11-02 14:16:12 - round.py - INFO - open_tris - Alessio ----> [(8, 74, 'Quadri', 10), (8, 87, 'Fiori', 10), (8, 61, 'Cuori', 10)]
2025-11-02 14:16:13 - round.py - INFO - update_tris - Alessio ----> 6 -->6_Quadri_Blu
2025-11-02 14:16:14 - round.py - INFO - update_tris - Alessio ----> 8 -->8_Fiori_Blu
2025-11-02 14:16:15 - round.py - INFO - discard - Alessio ----> 9_Cuori_Rosso
2025-11-02 14:16:15 - round.py - INFO - pick_up_card - MariaGrazia ----> 2_Quadri_Blu
2025-11-02 14:16:15 - round.py - INFO - update_tris - MariaGrazia ----> 5 -->2_Quadri_Blu
2025-11-02 14:16:15 - round.py - INFO - discard - MariaGrazia ----> 9_Fiori_Blu
2025-11-02 14:16:15 - round.py - INFO - pick_up_card - Alessio ----> 5_Fiori_Blu
2025-11-02 14:16:15 - round.py - INFO - discard - Alessio ----> A_Fiori_Rosso
2025-11-02 14:16:15 - round.py - INFO - pick_up_discard - MariaGrazia ----> 9_Cuori_Rosso
2025-11-02 14:16:15 - round.py - INFO - update_tris - MariaGrazia ----> 1 -->A_Fiori_Rosso
2025-11-02 14:16:15 - round.py - INFO - discard - MariaGrazia ----> 9_Fiori_Blu
2025-11-02 14:16:15 - round.py - INFO - pick_up_discard - Alessio ----> 9_Fiori_Blu
2025-11-02 14:16:16 - player_onto_manager.py - INFO - apre_tris -  9_Picche_Blu -10 ----> partialScore ----> 10
2025-11-02 14:16:16 - player_onto_manager.py - INFO - apre_tris -  9_Fiori_Blu -10 ----> partialScore ----> 20
2025-11-02 14:16:16 - player_onto_manager.py - INFO - apre_tris -  9_Cuori_Rosso -10 ----> partialScore ----> 30
2025-11-02 14:16:16 - player_onto_manager.py - INFO - apre_tris - FINAL partialScore ----> 30
2025-11-02 14:16:16 - round.py - INFO - open_tris - Alessio ----> [(9, 101, 'Picche', 10), (9, 88, 'Fiori', 10), (9, 8, 'Cuori', 10)]
2025-11-02 14:16:16 - round.py - INFO - update_tris - Alessio ----> 9 -->9_Picche_Blu
2025-11-02 14:16:16 - round.py - INFO - discard - Alessio ----> 4_Quadri_Rosso
2025-11-02 14:16:16 - round.py - INFO - pick_up_discard - MariaGrazia ----> 4_Quadri_Rosso
2025-11-02 14:16:16 - round.py - INFO - update_tris - MariaGrazia ----> 4 -->4_Quadri_Rosso
2025-11-02 14:16:16 - round.py - INFO - discard - MariaGrazia ----> 7_Fiori_Blu
2025-11-02 14:16:16 - round.py - INFO - pick_up_card - Alessio ----> Q_Cuori_Rosso
2025-11-02 14:16:16 - round.py - INFO - discard - Alessio ----> 5_Fiori_Blu
2025-11-02 14:16:16 - round.py - INFO - pick_up_discard - MariaGrazia ----> 7_Fiori_Blu
2025-11-02 14:16:16 - round.py - INFO - update_tris - MariaGrazia ----> 5 -->5_Fiori_Blu
2025-11-02 14:16:16 - round.py - INFO - discard - MariaGrazia ----> 9_Cuori_Rosso
2025-11-02 14:16:16 - round.py - INFO - pick_up_discard - Alessio ----> 9_Cuori_Rosso
2025-11-02 14:16:16 - round.py - INFO - update_tris - Alessio ----> 9 -->9_Cuori_Rosso
2025-11-02 14:16:16 - round.py - INFO - discard - Alessio ----> 7_Picche_Rosso
2025-11-02 14:16:16 - round.py - INFO - pick_up_discard - MariaGrazia ----> 7_Picche_Rosso
2025-11-02 14:16:17 - round.py - INFO - discard - MariaGrazia ----> 7_Picche_Rosso
2025-11-02 14:16:17 - round.py - INFO - pick_up_discard - Alessio ----> 7_Picche_Rosso
2025-11-02 14:16:17 - round.py - INFO - discard - Alessio ----> 7_Picche_Rosso
2025-11-02 14:16:17 - round.py - INFO - pick_up_discard - MariaGrazia ----> 7_Picche_Rosso
2025-11-02 14:16:17 - round.py - INFO - discard - MariaGrazia ----> 7_Picche_Rosso
2025-11-02 14:16:17 - round.py - INFO - pick_up_card - Alessio ----> A_Cuori_Blu
2025-11-02 14:16:17 - round.py - INFO - discard - Alessio ----> 7_Picche_Rosso
2025-11-02 14:16:17 - round.py - INFO - pick_up_discard - MariaGrazia ----> 7_Picche_Rosso
2025-11-02 14:16:17 - round.py - INFO - discard - MariaGrazia ----> 7_Picche_Rosso
2025-11-02 14:16:17 - round.py - INFO - pick_up_discard - Alessio ----> 7_Picche_Rosso
2025-11-02 14:16:17 - round.py - INFO - discard - Alessio ----> 4_Cuori_Rosso
2025-11-02 14:16:17 - round.py - INFO - pick_up_card - MariaGrazia ----> Q_Cuori_Blu
2025-11-02 14:16:17 - round.py - INFO - discard - MariaGrazia ----> 7_Fiori_Blu
2025-11-02 14:16:17 - round.py - INFO - pick_up_discard - Alessio ----> 4_Cuori_Rosso
2025-11-02 14:16:17 - round.py - INFO - discard - Alessio ----> 5_Cuori_Blu
2025-11-02 14:16:17 - round.py - INFO - pick_up_card - MariaGrazia ----> 7_Quadri_Rosso
2025-11-02 14:16:17 - round.py - INFO - discard - MariaGrazia ----> Q_Cuori_Blu
2025-11-02 14:16:17 - round.py - INFO - pick_up_discard - Alessio ----> 5_Cuori_Blu
2025-11-02 14:16:17 - round.py - INFO - discard - Alessio ----> 5_Cuori_Blu
2025-11-02 14:16:17 - round.py - INFO - pick_up_card - MariaGrazia ----> 10_Cuori_Blu
2025-11-02 14:16:17 - round.py - INFO - discard - MariaGrazia ----> 7_Quadri_Rosso
2025-11-02 14:16:17 - round.py - INFO - pick_up_card - Alessio ----> J_Picche_Blu
2025-11-02 14:16:17 - player_onto_manager.py - INFO - apre_tris -  J_Picche_Blu -10 ----> partialScore ----> 10
2025-11-02 14:16:17 - player_onto_manager.py - INFO - apre_tris -  J_Cuori_Blu -10 ----> partialScore ----> 20
2025-11-02 14:16:17 - player_onto_manager.py - INFO - apre_tris -  J_Fiori_Rosso -10 ----> partialScore ----> 30
2025-11-02 14:16:17 - player_onto_manager.py - INFO - apre_tris - FINAL partialScore ----> 30
2025-11-02 14:16:17 - round.py - INFO - open_tris - Alessio ----> [(11, 103, 'Picche', 10), (11, 64, 'Cuori', 10), (11, 36, 'Fiori', 10)]
2025-11-02 14:16:17 - round.py - INFO - discard - Alessio ----> 7_Fiori_Blu
2025-11-02 14:16:17 - round.py - INFO - pick_up_discard - MariaGrazia ----> 5_Cuori_Blu
2025-11-02 14:16:17 - round.py - INFO - update_tris - MariaGrazia ----> 5 -->5_Cuori_Blu
2025-11-02 14:16:17 - round.py - INFO - discard - MariaGrazia ----> 7_Quadri_Rosso
2025-11-02 14:16:18 - round.py - INFO - pick_up_discard - Alessio ----> 7_Quadri_Rosso
2025-11-02 14:16:18 - round.py - INFO - discard - Alessio ----> A_Cuori_Blu
2025-11-02 14:16:18 - round.py - INFO - pick_up_discard - MariaGrazia ----> A_Cuori_Blu
2025-11-02 14:16:18 - round.py - INFO - update_tris - MariaGrazia ----> 1 -->A_Cuori_Blu
2025-11-02 14:16:18 - round.py - INFO - discard - MariaGrazia ----> 7_Fiori_Blu
2025-11-02 14:16:18 - round.py - INFO - pick_up_discard - Alessio ----> 7_Fiori_Blu
2025-11-02 14:16:18 - player_onto_manager.py - INFO - apre_tris -  7_Picche_Rosso -5 ----> partialScore ----> 5
2025-11-02 14:16:18 - player_onto_manager.py - INFO - apre_tris -  7_Quadri_Rosso -5 ----> partialScore ----> 10
2025-11-02 14:16:18 - player_onto_manager.py - INFO - apre_tris -  7_Fiori_Blu -5 ----> partialScore ----> 15
2025-11-02 14:16:18 - player_onto_manager.py - INFO - apre_tris - FINAL partialScore ----> 15
2025-11-02 14:16:18 - round.py - INFO - open_tris - Alessio ----> [(7, 45, 'Picche', 5), (7, 19, 'Quadri', 5), (7, 86, 'Fiori', 5)]
2025-11-02 14:16:18 - round.py - INFO - discard - Alessio ----> 4_Cuori_Rosso
2025-11-02 14:16:18 - round.py - INFO - pick_up_card - MariaGrazia ----> 10_Fiori_Rosso
2025-11-02 14:16:18 - round.py - INFO - discard - MariaGrazia ----> 10_Cuori_Blu
2025-11-02 14:16:18 - round.py - INFO - pick_up_discard - Alessio ----> 4_Cuori_Rosso
2025-11-02 14:16:18 - round.py - INFO - update_tris - Alessio ----> 10 -->10_Cuori_Blu
2025-11-02 14:16:18 - round.py - INFO - discard - Alessio ----> Q_Cuori_Blu
2025-11-02 14:16:18 - round.py - INFO - pick_up_card - MariaGrazia ----> 9_Quadri_Rosso
2025-11-02 14:16:18 - round.py - INFO - discard - MariaGrazia ----> 9_Quadri_Rosso
2025-11-02 14:16:18 - round.py - INFO - pick_up_card - Alessio ----> 2_Quadri_Rosso
2025-11-02 14:16:18 - round.py - INFO - update_tris - Alessio ----> 7 -->2_Quadri_Rosso
2025-11-02 14:16:18 - round.py - INFO - discard - Alessio ----> 4_Cuori_Rosso
2025-11-02 14:16:18 - round.py - INFO - pick_up_discard - MariaGrazia ----> Q_Cuori_Blu
2025-11-02 14:16:18 - round.py - INFO - update_tris - MariaGrazia ----> 4 -->4_Cuori_Rosso
2025-11-02 14:16:18 - round.py - INFO - discard - MariaGrazia ----> 10_Fiori_Rosso
2025-11-02 14:16:18 - round.py - INFO - pick_up_discard - Alessio ----> 10_Fiori_Rosso
2025-11-02 14:16:18 - round.py - INFO - update_tris - Alessio ----> 10 -->10_Fiori_Rosso
2025-11-02 14:16:18 - round.py - INFO - discard - Alessio ----> Q_Cuori_Rosso
2025-11-02 14:16:18 - round.py - INFO - pick_up_card - MariaGrazia ----> 7_Quadri_Blu
2025-11-02 14:16:18 - round.py - INFO - discard - MariaGrazia ----> 7_Quadri_Blu
2025-11-02 14:16:18 - round.py - INFO - pick_up_discard - Alessio ----> Q_Cuori_Rosso
2025-11-02 14:16:18 - round.py - INFO - update_tris - Alessio ----> 7 -->7_Quadri_Blu
2025-11-02 14:16:18 - round.py - INFO - discard - Alessio ----> Q_Cuori_Rosso
2025-11-02 14:16:18 - round.py - INFO - pick_up_card - MariaGrazia ----> 6_Picche_Rosso
2025-11-02 14:16:18 - round.py - INFO - discard - MariaGrazia ----> 7_Picche_Rosso
2025-11-02 14:16:18 - round.py - INFO - pick_up_card - Alessio ----> 7_Cuori_Blu
2025-11-02 14:16:18 - round.py - INFO - discard - Alessio ----> 7_Cuori_Blu
2025-11-02 14:16:18 - round.py - INFO - pick_up_card - MariaGrazia ----> 6_Fiori_Blu
2025-11-02 14:16:18 - round.py - INFO - discard - MariaGrazia ----> Q_Cuori_Blu
2025-11-02 14:16:18 - round.py - INFO - pick_up_card - Alessio ----> 4_Picche_Blu
2025-11-02 14:16:18 - round.py - INFO - discard - Alessio ----> 4_Picche_Blu
2025-11-02 14:16:18 - round.py - INFO - pick_up_card - MariaGrazia ----> 7_Cuori_Rosso
2025-11-02 14:16:18 - round.py - INFO - discard - MariaGrazia ----> 6_Picche_Rosso
2025-11-02 14:16:18 - round.py - INFO - pick_up_card - Alessio ----> 2_Fiori_Rosso
2025-11-02 14:16:18 - round.py - INFO - discard - Alessio ----> 2_Fiori_Rosso
2025-11-02 14:16:18 - round.py - INFO - pick_up_discard - MariaGrazia ----> Q_Cuori_Rosso
2025-11-02 14:16:18 - player_onto_manager.py - INFO - apre_tris -  2_Fiori_Rosso -20 ----> partialScore ----> 20
2025-11-02 14:16:18 - player_onto_manager.py - INFO - apre_tris -  6_Fiori_Blu -5 ----> partialScore ----> 25
2025-11-02 14:16:18 - player_onto_manager.py - INFO - apre_tris -  6_Picche_Rosso -5 ----> partialScore ----> 30
2025-11-02 14:16:18 - player_onto_manager.py - INFO - apre_tris - FINAL partialScore ----> 30
2025-11-02 14:16:18 - round.py - INFO - open_tris - MariaGrazia ----> [(-1, 27, 'Jolly', 20), (6, 85, 'Fiori', 5), (6, 44, 'Picche', 5)]
2025-11-02 14:16:18 - player_onto_manager.py - INFO - apre_tris -  7_Cuori_Rosso -5 ----> partialScore ----> 5
2025-11-02 14:16:18 - player_onto_manager.py - INFO - apre_tris -  7_Picche_Rosso -5 ----> partialScore ----> 10
2025-11-02 14:16:18 - player_onto_manager.py - INFO - apre_tris -  7_Cuori_Blu -5 ----> partialScore ----> 15
2025-11-02 14:16:18 - player_onto_manager.py - INFO - apre_tris - FINAL partialScore ----> 15
2025-11-02 14:16:18 - round.py - INFO - open_tris - MariaGrazia ----> [(7, 6, 'Cuori', 5), (7, 45, 'Picche', 5), (7, 60, 'Cuori', 5)]
2025-11-02 14:16:18 - round.py - INFO - update_tris - MariaGrazia ----> 4 -->4_Picche_Blu
2025-11-02 14:16:18 - round.py - INFO - discard - MariaGrazia ----> Q_Cuori_Blu
2025-11-02 14:16:18 - round.py - INFO - pick_up_discard - Alessio ----> Q_Cuori_Blu
2025-11-02 14:16:18 - round.py - INFO - close_game - Alessio ----> Q_Cuori_Blu
