2025-11-02 14:13:29 - logger.py - INFO - _initialize - Logger inizializzato. File di log: logs/2025_11_02\partita_20251102_141329160199.log
2025-11-02 14:13:29 - round.py - INFO - pick_up_discard - Alessio ----> A_Fiori_Rosso
2025-11-02 14:13:30 - player_onto_manager.py - INFO - apre_tris -  2_Cuori_Blu -20 ----> partialScore ----> 20
2025-11-02 14:13:30 - player_onto_manager.py - INFO - apre_tris -  Q_Picche_Rosso -10 ----> partialScore ----> 30
2025-11-02 14:13:30 - player_onto_manager.py - INFO - apre_tris -  Q_Picche_Blu -10 ----> partialScore ----> 40
2025-11-02 14:13:30 - player_onto_manager.py - INFO - apre_tris - FINAL partialScore ----> 40
2025-11-02 14:13:30 - round.py - INFO - open_tris - Alessio ----> [(-1, 55, 'Jolly', 20), (12, 50, 'Picche', 10), (12, 104, 'Picche', 10)]
2025-11-02 14:13:31 - round.py - INFO - discard - Alessio ----> 8_Picche_Rosso
2025-11-02 14:13:31 - round.py - INFO - pick_up_discard - MariaGrazia ----> 8_Picche_Rosso
2025-11-02 14:13:32 - player_onto_manager.py - INFO - apre_tris -  Jolly_Jolly_N_Rosso -30 ----> partialScore ----> 30
2025-11-02 14:13:32 - player_onto_manager.py - INFO - apre_tris -  A_Picche_Blu -15 ----> partialScore ----> 45
2025-11-02 14:13:32 - player_onto_manager.py - INFO - apre_tris -  A_Picche_Rosso -15 ----> partialScore ----> 60
2025-11-02 14:13:32 - player_onto_manager.py - INFO - apre_tris - FINAL partialScore ----> 60
2025-11-02 14:13:32 - round.py - INFO - open_tris - MariaGrazia ----> [(-1, 52, 'Jolly', 30), (1, 93, 'Picche', 15), (1, 39, 'Picche', 15)]
2025-11-02 14:13:33 - round.py - INFO - open_meld - MariaGrazia ----> [(4, 70, 'Quadri', 5), (5, 17, 'Quadri', 5), (6, 72, 'Quadri', 5)]
2025-11-02 14:13:33 - round.py - INFO - update_meld - MariaGrazia ----> Updated_Game_Ontology20251102_141325568897.Quadri --> 7_Quadri_Blu
2025-11-02 14:13:33 - round.py - INFO - discard - MariaGrazia ----> 4_Fiori_Rosso
2025-11-02 14:13:33 - round.py - INFO - pick_up_card - Alessio ----> 10_Fiori_Rosso
2025-11-02 14:13:33 - round.py - INFO - discard - Alessio ----> 10_Fiori_Rosso
2025-11-02 14:13:33 - round.py - INFO - pick_up_discard - MariaGrazia ----> 4_Fiori_Rosso
2025-11-02 14:13:33 - round.py - INFO - discard - MariaGrazia ----> 3_Cuori_Blu
2025-11-02 14:13:33 - round.py - INFO - pick_up_card - Alessio ----> 2_Picche_Blu
2025-11-02 14:13:34 - round.py - INFO - discard - Alessio ----> 2_Picche_Blu
2025-11-02 14:13:34 - round.py - INFO - pick_up_discard - MariaGrazia ----> 3_Cuori_Blu
2025-11-02 14:13:34 - player_onto_manager.py - INFO - apre_tris -  2_Picche_Blu -20 ----> partialScore ----> 20
2025-11-02 14:13:34 - player_onto_manager.py - INFO - apre_tris -  8_Cuori_Rosso -10 ----> partialScore ----> 30
2025-11-02 14:13:34 - player_onto_manager.py - INFO - apre_tris -  8_Picche_Rosso -10 ----> partialScore ----> 40
2025-11-02 14:13:34 - player_onto_manager.py - INFO - apre_tris - FINAL partialScore ----> 40
2025-11-02 14:13:34 - round.py - INFO - open_tris - MariaGrazia ----> [(-1, 94, 'Jolly', 20), (8, 7, 'Cuori', 10), (8, 46, 'Picche', 10)]
2025-11-02 14:13:34 - round.py - INFO - discard - MariaGrazia ----> 10_Fiori_Rosso
2025-11-02 14:13:34 - round.py - INFO - pick_up_card - Alessio ----> Jolly_Jolly_R_Rosso
2025-11-02 14:13:34 - round.py - INFO - discard - Alessio ----> 10_Fiori_Rosso
2025-11-02 14:13:34 - round.py - INFO - pick_up_card - MariaGrazia ----> 4_Fiori_Blu
2025-11-02 14:13:34 - round.py - INFO - discard - MariaGrazia ----> 4_Fiori_Blu
2025-11-02 14:13:34 - round.py - INFO - pick_up_card - Alessio ----> 8_Picche_Rosso
2025-11-02 14:13:35 - round.py - INFO - discard - Alessio ----> 2_Fiori_Blu
2025-11-02 14:13:35 - round.py - INFO - pick_up_discard - MariaGrazia ----> 10_Fiori_Rosso
2025-11-02 14:13:35 - round.py - INFO - update_meld - MariaGrazia ----> Updated_Game_Ontology20251102_141325568897.Quadri --> 2_Fiori_Blu
2025-11-02 14:13:35 - round.py - INFO - discard - MariaGrazia ----> 5_Cuori_Blu
2025-11-02 14:13:35 - round.py - INFO - pick_up_discard - Alessio ----> 5_Cuori_Blu
2025-11-02 14:13:35 - round.py - INFO - discard - Alessio ----> 4_Fiori_Blu
2025-11-02 14:13:35 - round.py - INFO - pick_up_card - MariaGrazia ----> 7_Fiori_Rosso
2025-11-02 14:13:36 - round.py - INFO - discard - MariaGrazia ----> 4_Fiori_Blu
2025-11-02 14:13:36 - round.py - INFO - pick_up_card - Alessio ----> 2_Cuori_Blu
2025-11-02 14:13:36 - round.py - INFO - discard - Alessio ----> 7_Fiori_Rosso
2025-11-02 14:13:36 - round.py - INFO - pick_up_discard - MariaGrazia ----> 4_Fiori_Blu
2025-11-02 14:13:36 - round.py - INFO - discard - MariaGrazia ----> 4_Fiori_Blu
2025-11-02 14:13:36 - round.py - INFO - pick_up_discard - Alessio ----> 4_Fiori_Blu
2025-11-02 14:13:36 - round.py - INFO - discard - Alessio ----> 8_Picche_Rosso
2025-11-02 14:13:36 - round.py - INFO - pick_up_discard - MariaGrazia ----> 8_Picche_Rosso
2025-11-02 14:13:37 - round.py - INFO - discard - MariaGrazia ----> 10_Fiori_Rosso
2025-11-02 14:13:37 - round.py - INFO - pick_up_discard - Alessio ----> 10_Fiori_Rosso
2025-11-02 14:13:37 - round.py - INFO - discard - Alessio ----> 2_Cuori_Blu
2025-11-02 14:13:37 - round.py - INFO - pick_up_card - MariaGrazia ----> Q_Picche_Rosso
2025-11-02 14:13:37 - round.py - INFO - discard - MariaGrazia ----> 8_Picche_Rosso
2025-11-02 14:13:37 - round.py - INFO - pick_up_discard - Alessio ----> 2_Cuori_Blu
2025-11-02 14:13:38 - round.py - INFO - discard - Alessio ----> K_Quadri_Rosso
2025-11-02 14:13:38 - round.py - INFO - pick_up_discard - MariaGrazia ----> K_Quadri_Rosso
2025-11-02 14:13:38 - round.py - INFO - discard - MariaGrazia ----> 3_Cuori_Blu
2025-11-02 14:13:38 - round.py - INFO - pick_up_card - Alessio ----> Q_Picche_Blu
2025-11-02 14:13:39 - round.py - INFO - discard - Alessio ----> 2_Picche_Blu
2025-11-02 14:13:39 - round.py - INFO - pick_up_discard - MariaGrazia ----> 3_Cuori_Blu
2025-11-02 14:13:39 - round.py - INFO - update_meld - MariaGrazia ----> Updated_Game_Ontology20251102_141325568897.Quadri --> 2_Picche_Blu
2025-11-02 14:13:40 - round.py - INFO - discard - MariaGrazia ----> K_Quadri_Rosso
2025-11-02 14:13:40 - round.py - INFO - pick_up_discard - Alessio ----> K_Quadri_Rosso
2025-11-02 14:13:40 - round.py - INFO - discard - Alessio ----> Q_Picche_Blu
2025-11-02 14:13:40 - round.py - INFO - pick_up_discard - MariaGrazia ----> Q_Picche_Blu
2025-11-02 14:13:41 - round.py - INFO - discard - MariaGrazia ----> 7_Fiori_Rosso
2025-11-02 14:13:41 - round.py - INFO - pick_up_card - Alessio ----> K_Quadri_Rosso
2025-11-02 14:13:41 - round.py - INFO - discard - Alessio ----> K_Quadri_Rosso
2025-11-02 14:13:41 - round.py - INFO - pick_up_discard - MariaGrazia ----> 7_Fiori_Rosso
2025-11-02 14:13:42 - round.py - INFO - discard - MariaGrazia ----> 4_Fiori_Blu
2025-11-02 14:13:42 - round.py - INFO - pick_up_card - Alessio ----> 2_Fiori_Blu
2025-11-02 14:13:42 - round.py - INFO - discard - Alessio ----> 2_Cuori_Blu
2025-11-02 14:13:42 - round.py - INFO - pick_up_discard - MariaGrazia ----> 4_Fiori_Blu
2025-11-02 14:13:43 - player_onto_manager.py - INFO - apre_tris -  2_Cuori_Blu -20 ----> partialScore ----> 20
2025-11-02 14:13:43 - player_onto_manager.py - INFO - apre_tris -  Q_Picche_Rosso -10 ----> partialScore ----> 30
2025-11-02 14:13:43 - player_onto_manager.py - INFO - apre_tris -  Q_Picche_Blu -10 ----> partialScore ----> 40
2025-11-02 14:13:43 - player_onto_manager.py - INFO - apre_tris - FINAL partialScore ----> 40
2025-11-02 14:13:43 - round.py - INFO - open_tris - MariaGrazia ----> [(-1, 55, 'Jolly', 20), (12, 50, 'Picche', 10), (12, 104, 'Picche', 10)]
2025-11-02 14:13:43 - round.py - INFO - discard - MariaGrazia ----> 3_Cuori_Blu
2025-11-02 14:13:43 - round.py - INFO - pick_up_discard - Alessio ----> 3_Cuori_Blu
2025-11-02 14:13:44 - round.py - INFO - open_meld - Alessio ----> [(-1, 53, 'Jolly', 30), (3, 56, 'Cuori', 5), (5, 58, 'Cuori', 5)]
2025-11-02 14:13:44 - round.py - INFO - discard - Alessio ----> 10_Fiori_Rosso
2025-11-02 14:13:44 - round.py - INFO - pick_up_card - MariaGrazia ----> 8_Cuori_Rosso
2025-11-02 14:13:44 - round.py - INFO - discard - MariaGrazia ----> 10_Fiori_Rosso
2025-11-02 14:13:44 - round.py - INFO - pick_up_card - Alessio ----> Jolly_Jolly_N_Rosso
2025-11-02 14:13:44 - round.py - INFO - discard - Alessio ----> 4_Fiori_Blu
2025-11-02 14:13:44 - round.py - INFO - pick_up_card - MariaGrazia ----> 6_Quadri_Blu
2025-11-02 14:13:44 - round.py - INFO - discard - MariaGrazia ----> 4_Fiori_Rosso
2025-11-02 14:13:44 - round.py - INFO - pick_up_card - Alessio ----> 5_Quadri_Rosso
2025-11-02 14:13:44 - round.py - INFO - discard - Alessio ----> Jolly_Jolly_N_Rosso
2025-11-02 14:13:44 - round.py - INFO - pick_up_card - MariaGrazia ----> A_Picche_Rosso
2025-11-02 14:13:45 - round.py - INFO - update_tris - MariaGrazia ----> 1 -->A_Picche_Rosso
2025-11-02 14:13:45 - round.py - INFO - discard - MariaGrazia ----> 7_Fiori_Rosso
2025-11-02 14:13:45 - round.py - INFO - pick_up_card - Alessio ----> 3_Cuori_Blu
2025-11-02 14:13:45 - round.py - INFO - discard - Alessio ----> 8_Picche_Rosso
2025-11-02 14:13:45 - round.py - INFO - pick_up_card - MariaGrazia ----> 5_Cuori_Blu
2025-11-02 14:13:45 - round.py - INFO - discard - MariaGrazia ----> 4_Fiori_Blu
2025-11-02 14:13:45 - round.py - INFO - pick_up_card - Alessio ----> A_Picche_Blu
2025-11-02 14:13:45 - player_onto_manager.py - INFO - apre_tris -  2_Fiori_Blu -20 ----> partialScore ----> 20
2025-11-02 14:13:45 - player_onto_manager.py - INFO - apre_tris -  A_Picche_Blu -15 ----> partialScore ----> 35
2025-11-02 14:13:45 - player_onto_manager.py - INFO - apre_tris -  A_Fiori_Rosso -15 ----> partialScore ----> 50
2025-11-02 14:13:45 - player_onto_manager.py - INFO - apre_tris - FINAL partialScore ----> 50
2025-11-02 14:13:45 - round.py - INFO - open_tris - Alessio ----> [(-1, 81, 'Jolly', 20), (1, 93, 'Picche', 15), (1, 26, 'Fiori', 15)]
2025-11-02 14:13:45 - round.py - INFO - discard - Alessio ----> K_Quadri_Rosso
2025-11-02 14:13:45 - round.py - INFO - pick_up_card - MariaGrazia ----> 7_Quadri_Blu
2025-11-02 14:13:45 - round.py - INFO - discard - MariaGrazia ----> 7_Quadri_Blu
2025-11-02 14:13:45 - round.py - INFO - pick_up_card - Alessio ----> 4_Fiori_Rosso
2025-11-02 14:13:45 - round.py - INFO - discard - Alessio ----> 3_Cuori_Blu
2025-11-02 14:13:45 - round.py - INFO - pick_up_discard - MariaGrazia ----> 10_Fiori_Rosso
2025-11-02 14:13:49 - player_onto_manager.py - INFO - apre_tris -  Jolly_Jolly_N_Rosso -30 ----> partialScore ----> 30
2025-11-02 14:13:49 - player_onto_manager.py - INFO - apre_tris -  4_Fiori_Rosso -5 ----> partialScore ----> 35
2025-11-02 14:13:49 - player_onto_manager.py - INFO - apre_tris -  4_Fiori_Blu -5 ----> partialScore ----> 40
2025-11-02 14:13:49 - player_onto_manager.py - INFO - apre_tris - FINAL partialScore ----> 40
2025-11-02 14:13:49 - round.py - INFO - open_tris - MariaGrazia ----> [(-1, 52, 'Jolly', 30), (4, 29, 'Fiori', 5), (4, 83, 'Fiori', 5)]
2025-11-02 14:13:51 - round.py - INFO - update_tris - MariaGrazia ----> 4 -->4_Fiori_Blu
2025-11-02 14:13:52 - round.py - INFO - discard - MariaGrazia ----> 10_Fiori_Rosso
2025-11-02 14:13:52 - round.py - INFO - pick_up_discard - Alessio ----> 10_Fiori_Rosso
2025-11-02 14:13:52 - round.py - INFO - discard - Alessio ----> Jolly_Jolly_R_Rosso
2025-11-02 14:13:52 - round.py - INFO - pick_up_card - MariaGrazia ----> 4_Quadri_Blu
2025-11-02 14:13:54 - round.py - INFO - update_tris - MariaGrazia ----> 4 -->4_Quadri_Blu
2025-11-02 14:13:55 - round.py - INFO - discard - MariaGrazia ----> 7_Fiori_Rosso
2025-11-02 14:13:55 - round.py - INFO - pick_up_card - Alessio ----> 4_Cuori_Rosso
2025-11-02 14:13:55 - round.py - INFO - update_meld - Alessio ----> Updated_Game_Ontology20251102_141325568897.Cuori --> 4_Cuori_Rosso
2025-11-02 14:13:55 - round.py - INFO - discard - Alessio ----> 10_Fiori_Rosso
2025-11-02 14:13:55 - round.py - INFO - pick_up_discard - MariaGrazia ----> Jolly_Jolly_R_Rosso
2025-11-02 14:13:56 - player_onto_manager.py - INFO - apre_tris -  Jolly_Jolly_R_Rosso -30 ----> partialScore ----> 30
2025-11-02 14:13:56 - player_onto_manager.py - INFO - apre_tris -  7_Quadri_Blu -5 ----> partialScore ----> 35
2025-11-02 14:13:56 - player_onto_manager.py - INFO - apre_tris -  7_Fiori_Rosso -5 ----> partialScore ----> 40
2025-11-02 14:13:56 - player_onto_manager.py - INFO - apre_tris - FINAL partialScore ----> 40
2025-11-02 14:13:56 - round.py - INFO - open_tris - MariaGrazia ----> [(-1, 53, 'Jolly', 30), (7, 73, 'Quadri', 5), (7, 32, 'Fiori', 5)]
2025-11-02 14:13:57 - round.py - INFO - update_tris - MariaGrazia ----> 7 -->7_Fiori_Rosso
2025-11-02 14:13:57 - round.py - INFO - discard - MariaGrazia ----> 10_Fiori_Rosso
2025-11-02 14:13:57 - round.py - INFO - pick_up_card - Alessio ----> Q_Quadri_Rosso
2025-11-02 14:13:57 - round.py - INFO - discard - Alessio ----> 4_Fiori_Rosso
2025-11-02 14:13:57 - round.py - INFO - pick_up_discard - MariaGrazia ----> 10_Fiori_Rosso
2025-11-02 14:13:58 - round.py - INFO - update_tris - MariaGrazia ----> 4 -->4_Fiori_Rosso
2025-11-02 14:13:58 - round.py - INFO - discard - MariaGrazia ----> 8_Cuori_Rosso
2025-11-02 14:13:58 - round.py - INFO - pick_up_card - Alessio ----> J_Fiori_Rosso
2025-11-02 14:13:58 - round.py - INFO - discard - Alessio ----> Q_Quadri_Rosso
2025-11-02 14:13:58 - round.py - INFO - pick_up_card - MariaGrazia ----> A_Fiori_Blu
2025-11-02 14:13:59 - round.py - INFO - update_tris - MariaGrazia ----> 1 -->A_Fiori_Blu
2025-11-02 14:13:59 - round.py - INFO - discard - MariaGrazia ----> 6_Quadri_Blu
2025-11-02 14:13:59 - round.py - INFO - pick_up_discard - Alessio ----> 8_Cuori_Rosso
2025-11-02 14:13:59 - round.py - INFO - discard - Alessio ----> 5_Quadri_Rosso
2025-11-02 14:13:59 - round.py - INFO - pick_up_card - MariaGrazia ----> K_Picche_Blu
2025-11-02 14:13:59 - round.py - INFO - discard - MariaGrazia ----> K_Picche_Blu
2025-11-02 14:13:59 - round.py - INFO - pick_up_discard - Alessio ----> 5_Quadri_Rosso
2025-11-02 14:13:59 - round.py - INFO - discard - Alessio ----> K_Picche_Blu
2025-11-02 14:13:59 - round.py - INFO - pick_up_card - MariaGrazia ----> 5_Cuori_Rosso
2025-11-02 14:14:00 - round.py - INFO - discard - MariaGrazia ----> 3_Cuori_Blu
2025-11-02 14:14:00 - round.py - INFO - pick_up_card - Alessio ----> 6_Cuori_Rosso
2025-11-02 14:14:00 - round.py - INFO - update_meld - Alessio ----> Updated_Game_Ontology20251102_141325568897.Cuori --> 6_Cuori_Rosso
2025-11-02 14:14:00 - round.py - INFO - discard - Alessio ----> J_Fiori_Rosso
2025-11-02 14:14:00 - round.py - INFO - pick_up_card - MariaGrazia ----> K_Cuori_Blu
2025-11-02 14:14:00 - round.py - INFO - discard - MariaGrazia ----> K_Quadri_Rosso
2025-11-02 14:14:00 - round.py - INFO - pick_up_discard - Alessio ----> K_Picche_Blu
2025-11-02 14:14:00 - round.py - INFO - discard - Alessio ----> 5_Quadri_Rosso
2025-11-02 14:14:00 - round.py - INFO - pick_up_discard - MariaGrazia ----> 5_Quadri_Rosso
2025-11-02 14:14:00 - player_onto_manager.py - INFO - apre_tris -  5_Cuori_Rosso -5 ----> partialScore ----> 5
2025-11-02 14:14:00 - player_onto_manager.py - INFO - apre_tris -  5_Cuori_Blu -5 ----> partialScore ----> 10
2025-11-02 14:14:00 - player_onto_manager.py - INFO - apre_tris -  5_Quadri_Rosso -5 ----> partialScore ----> 15
2025-11-02 14:14:00 - player_onto_manager.py - INFO - apre_tris - FINAL partialScore ----> 15
2025-11-02 14:14:00 - round.py - INFO - open_tris - MariaGrazia ----> [(5, 4, 'Cuori', 5), (5, 58, 'Cuori', 5), (5, 17, 'Quadri', 5)]
2025-11-02 14:14:00 - round.py - INFO - discard - MariaGrazia ----> 10_Fiori_Rosso
2025-11-02 14:14:00 - round.py - INFO - pick_up_discard - Alessio ----> 10_Fiori_Rosso
2025-11-02 14:14:01 - round.py - INFO - discard - Alessio ----> Q_Quadri_Rosso
2025-11-02 14:14:01 - round.py - INFO - pick_up_card - MariaGrazia ----> J_Cuori_Rosso
2025-11-02 14:14:01 - round.py - INFO - discard - MariaGrazia ----> 8_Picche_Rosso
2025-11-02 14:14:01 - round.py - INFO - pick_up_card - Alessio ----> J_Quadri_Rosso
2025-11-02 14:14:01 - round.py - INFO - discard - Alessio ----> 6_Quadri_Blu
2025-11-02 14:14:01 - round.py - INFO - pick_up_card - MariaGrazia ----> K_Fiori_Rosso
2025-11-02 14:14:01 - player_onto_manager.py - INFO - apre_tris -  K_Quadri_Rosso -10 ----> partialScore ----> 10
2025-11-02 14:14:01 - player_onto_manager.py - INFO - apre_tris -  K_Cuori_Blu -10 ----> partialScore ----> 20
2025-11-02 14:14:01 - player_onto_manager.py - INFO - apre_tris -  K_Fiori_Rosso -10 ----> partialScore ----> 30
2025-11-02 14:14:01 - player_onto_manager.py - INFO - apre_tris - FINAL partialScore ----> 30
2025-11-02 14:14:01 - round.py - INFO - open_tris - MariaGrazia ----> [(13, 25, 'Quadri', 10), (13, 66, 'Cuori', 10), (13, 38, 'Fiori', 10)]
2025-11-02 14:14:01 - round.py - INFO - discard - MariaGrazia ----> J_Cuori_Rosso
2025-11-02 14:14:01 - round.py - INFO - pick_up_discard - Alessio ----> Q_Quadri_Rosso
2025-11-02 14:14:02 - player_onto_manager.py - INFO - apre_tris -  J_Cuori_Rosso -10 ----> partialScore ----> 10
2025-11-02 14:14:02 - player_onto_manager.py - INFO - apre_tris -  J_Quadri_Rosso -10 ----> partialScore ----> 20
2025-11-02 14:14:02 - player_onto_manager.py - INFO - apre_tris -  J_Fiori_Rosso -10 ----> partialScore ----> 30
2025-11-02 14:14:02 - player_onto_manager.py - INFO - apre_tris - FINAL partialScore ----> 30
2025-11-02 14:14:02 - round.py - INFO - open_tris - Alessio ----> [(11, 10, 'Cuori', 10), (11, 23, 'Quadri', 10), (11, 36, 'Fiori', 10)]
2025-11-02 14:14:02 - round.py - INFO - discard - Alessio ----> K_Picche_Blu
2025-11-02 14:14:02 - round.py - INFO - pick_up_card - MariaGrazia ----> 3_Fiori_Blu
2025-11-02 14:14:02 - round.py - INFO - discard - MariaGrazia ----> 10_Fiori_Rosso
2025-11-02 14:14:02 - round.py - INFO - pick_up_card - Alessio ----> 8_Cuori_Blu
2025-11-02 14:14:02 - player_onto_manager.py - INFO - apre_tris -  8_Cuori_Blu -10 ----> partialScore ----> 10
2025-11-02 14:14:02 - player_onto_manager.py - INFO - apre_tris -  8_Cuori_Rosso -10 ----> partialScore ----> 20
2025-11-02 14:14:02 - player_onto_manager.py - INFO - apre_tris -  8_Picche_Rosso -10 ----> partialScore ----> 30
2025-11-02 14:14:02 - player_onto_manager.py - INFO - apre_tris - FINAL partialScore ----> 30
2025-11-02 14:14:02 - round.py - INFO - open_tris - Alessio ----> [(8, 61, 'Cuori', 10), (8, 7, 'Cuori', 10), (8, 46, 'Picche', 10)]
2025-11-02 14:14:03 - round.py - INFO - discard - Alessio ----> K_Quadri_Rosso
2025-11-02 14:14:03 - round.py - INFO - pick_up_discard - MariaGrazia ----> K_Picche_Blu
2025-11-02 14:14:03 - round.py - INFO - update_tris - MariaGrazia ----> 13 -->K_Picche_Blu
2025-11-02 14:14:03 - round.py - INFO - update_tris - MariaGrazia ----> 13 -->K_Quadri_Rosso
2025-11-02 14:14:03 - round.py - INFO - discard - MariaGrazia ----> 3_Fiori_Blu
2025-11-02 14:14:03 - round.py - INFO - pick_up_card - Alessio ----> 3_Picche_Rosso
2025-11-02 14:14:03 - round.py - INFO - discard - Alessio ----> 10_Fiori_Rosso
2025-11-02 14:14:03 - round.py - INFO - pick_up_card - MariaGrazia ----> Q_Cuori_Rosso
2025-11-02 14:14:03 - round.py - INFO - discard - MariaGrazia ----> 10_Fiori_Rosso
2025-11-02 14:14:03 - round.py - INFO - pick_up_card - Alessio ----> 4_Quadri_Rosso
2025-11-02 14:14:03 - round.py - INFO - discard - Alessio ----> 3_Cuori_Blu
2025-11-02 14:14:03 - round.py - INFO - pick_up_card - MariaGrazia ----> K_Quadri_Blu
2025-11-02 14:14:03 - round.py - INFO - discard - MariaGrazia ----> K_Quadri_Blu
2025-11-02 14:14:03 - round.py - INFO - pick_up_card - Alessio ----> 7_Cuori_Blu
2025-11-02 14:14:03 - round.py - INFO - update_meld - Alessio ----> Updated_Game_Ontology20251102_141325568897.Cuori --> 7_Cuori_Blu
2025-11-02 14:14:03 - round.py - INFO - discard - Alessio ----> 4_Quadri_Rosso
2025-11-02 14:14:03 - round.py - INFO - pick_up_discard - MariaGrazia ----> 3_Fiori_Blu
2025-11-02 14:14:03 - round.py - INFO - update_tris - MariaGrazia ----> 13 -->K_Quadri_Blu
2025-11-02 14:14:03 - round.py - INFO - update_tris - MariaGrazia ----> 4 -->4_Quadri_Rosso
2025-11-02 14:14:03 - round.py - INFO - discard - MariaGrazia ----> 10_Fiori_Rosso
2025-11-02 14:14:03 - round.py - INFO - pick_up_card - Alessio ----> 10_Cuori_Rosso
2025-11-02 14:14:03 - round.py - INFO - discard - Alessio ----> 3_Picche_Rosso
2025-11-02 14:14:03 - round.py - INFO - pick_up_discard - MariaGrazia ----> 10_Fiori_Rosso
2025-11-02 14:14:03 - player_onto_manager.py - INFO - apre_tris -  3_Picche_Rosso -5 ----> partialScore ----> 5
2025-11-02 14:14:03 - player_onto_manager.py - INFO - apre_tris -  3_Cuori_Blu -5 ----> partialScore ----> 10
2025-11-02 14:14:03 - player_onto_manager.py - INFO - apre_tris -  3_Fiori_Blu -5 ----> partialScore ----> 15
2025-11-02 14:14:03 - player_onto_manager.py - INFO - apre_tris - FINAL partialScore ----> 15
2025-11-02 14:14:03 - round.py - INFO - open_tris - MariaGrazia ----> [(3, 41, 'Picche', 5), (3, 56, 'Cuori', 5), (3, 82, 'Fiori', 5)]
2025-11-02 14:14:03 - round.py - INFO - discard - MariaGrazia ----> 10_Fiori_Rosso
2025-11-02 14:14:03 - round.py - INFO - pick_up_discard - Alessio ----> 10_Fiori_Rosso
2025-11-02 14:14:03 - round.py - INFO - discard - Alessio ----> Q_Quadri_Rosso
2025-11-02 14:14:03 - round.py - INFO - pick_up_discard - MariaGrazia ----> Q_Quadri_Rosso
2025-11-02 14:14:03 - round.py - INFO - discard - MariaGrazia ----> 10_Fiori_Rosso
2025-11-02 14:14:03 - round.py - INFO - pick_up_discard - Alessio ----> 10_Fiori_Rosso
2025-11-02 14:14:03 - round.py - INFO - discard - Alessio ----> 10_Fiori_Rosso
2025-11-02 14:14:03 - round.py - INFO - pick_up_discard - MariaGrazia ----> 10_Fiori_Rosso
2025-11-02 14:14:03 - round.py - INFO - discard - MariaGrazia ----> 10_Fiori_Rosso
2025-11-02 14:14:03 - round.py - INFO - pick_up_discard - Alessio ----> 10_Fiori_Rosso
2025-11-02 14:14:03 - round.py - INFO - discard - Alessio ----> 10_Fiori_Rosso
2025-11-02 14:14:03 - round.py - INFO - pick_up_discard - MariaGrazia ----> 10_Fiori_Rosso
2025-11-02 14:14:03 - round.py - INFO - discard - MariaGrazia ----> Q_Quadri_Rosso
2025-11-02 14:14:04 - round.py - INFO - pick_up_discard - Alessio ----> Q_Quadri_Rosso
2025-11-02 14:14:04 - round.py - INFO - discard - Alessio ----> Q_Quadri_Rosso
2025-11-02 14:14:04 - round.py - INFO - pick_up_card - MariaGrazia ----> 2_Picche_Rosso
2025-11-02 14:14:04 - round.py - INFO - update_tris - MariaGrazia ----> 5 -->2_Picche_Rosso
2025-11-02 14:14:04 - round.py - INFO - discard - MariaGrazia ----> 10_Fiori_Rosso
2025-11-02 14:14:04 - round.py - INFO - pick_up_discard - Alessio ----> Q_Quadri_Rosso
2025-11-02 14:14:04 - round.py - INFO - discard - Alessio ----> 6_Quadri_Blu
2025-11-02 14:14:04 - round.py - INFO - pick_up_discard - MariaGrazia ----> 6_Quadri_Blu
2025-11-02 14:14:04 - round.py - INFO - discard - MariaGrazia ----> 6_Quadri_Blu
2025-11-02 14:14:04 - round.py - INFO - pick_up_discard - Alessio ----> 6_Quadri_Blu
2025-11-02 14:14:04 - round.py - INFO - discard - Alessio ----> Q_Quadri_Rosso
2025-11-02 14:14:04 - round.py - INFO - pick_up_discard - MariaGrazia ----> Q_Quadri_Rosso
2025-11-02 14:14:04 - round.py - INFO - discard - MariaGrazia ----> Q_Cuori_Rosso
2025-11-02 14:14:04 - round.py - INFO - pick_up_discard - Alessio ----> Q_Cuori_Rosso
2025-11-02 14:14:04 - round.py - INFO - discard - Alessio ----> 10_Cuori_Rosso
2025-11-02 14:14:04 - round.py - INFO - pick_up_card - MariaGrazia ----> K_Picche_Rosso
2025-11-02 14:14:04 - round.py - INFO - update_tris - MariaGrazia ----> 13 -->K_Picche_Rosso
2025-11-02 14:14:04 - round.py - INFO - close_game - MariaGrazia ----> Q_Quadri_Rosso
