2025-11-02 14:13:28 - logger.py - INFO - _initialize - Logger inizializzato. File di log: logs/2025_11_02\partita_20251102_141328047317.log
2025-11-02 14:13:28 - round.py - INFO - pick_up_discard - Alessio ----> Q_Fiori_Rosso
2025-11-02 14:13:29 - player_onto_manager.py - INFO - apre_tris -  2_Fiori_Blu -20 ----> partialScore ----> 20
2025-11-02 14:13:29 - player_onto_manager.py - INFO - apre_tris -  6_Cuori_Rosso -5 ----> partialScore ----> 25
2025-11-02 14:13:29 - player_onto_manager.py - INFO - apre_tris -  6_Picche_Blu -5 ----> partialScore ----> 30
2025-11-02 14:13:29 - player_onto_manager.py - INFO - apre_tris - FINAL partialScore ----> 30
2025-11-02 14:13:29 - round.py - INFO - open_tris - Alessio ----> [(-1, 81, 'Jolly', 20), (6, 5, 'Cuori', 5), (6, 98, 'Picche', 5)]
2025-11-02 14:13:29 - player_onto_manager.py - INFO - apre_tris -  9_Fiori_Rosso -10 ----> partialScore ----> 10
2025-11-02 14:13:29 - player_onto_manager.py - INFO - apre_tris -  9_Picche_Rosso -10 ----> partialScore ----> 20
2025-11-02 14:13:29 - player_onto_manager.py - INFO - apre_tris -  9_Quadri_Rosso -10 ----> partialScore ----> 30
2025-11-02 14:13:29 - player_onto_manager.py - INFO - apre_tris - FINAL partialScore ----> 30
2025-11-02 14:13:29 - round.py - INFO - open_tris - Alessio ----> [(9, 34, 'Fiori', 10), (9, 47, 'Picche', 10), (9, 21, 'Quadri', 10)]
2025-11-02 14:13:29 - round.py - INFO - discard - Alessio ----> A_Cuori_Rosso
2025-11-02 14:13:29 - round.py - INFO - pick_up_discard - MariaGrazia ----> A_Cuori_Rosso
2025-11-02 14:13:31 - player_onto_manager.py - INFO - apre_tris -  2_Quadri_Rosso -20 ----> partialScore ----> 20
2025-11-02 14:13:31 - player_onto_manager.py - INFO - apre_tris -  4_Quadri_Rosso -5 ----> partialScore ----> 25
2025-11-02 14:13:31 - player_onto_manager.py - INFO - apre_tris -  4_Picche_Rosso -5 ----> partialScore ----> 30
2025-11-02 14:13:31 - player_onto_manager.py - INFO - apre_tris - FINAL partialScore ----> 30
2025-11-02 14:13:31 - round.py - INFO - open_tris - MariaGrazia ----> [(-1, 14, 'Jolly', 20), (4, 16, 'Quadri', 5), (4, 42, 'Picche', 5)]
2025-11-02 14:13:31 - player_onto_manager.py - INFO - apre_tris -  2_Cuori_Rosso -20 ----> partialScore ----> 20
2025-11-02 14:13:31 - player_onto_manager.py - INFO - apre_tris -  A_Cuori_Rosso -15 ----> partialScore ----> 35
2025-11-02 14:13:31 - player_onto_manager.py - INFO - apre_tris -  A_Cuori_Blu -15 ----> partialScore ----> 50
2025-11-02 14:13:31 - player_onto_manager.py - INFO - apre_tris - FINAL partialScore ----> 50
2025-11-02 14:13:31 - round.py - INFO - open_tris - MariaGrazia ----> [(-1, 1, 'Jolly', 20), (1, 0, 'Cuori', 15), (1, 54, 'Cuori', 15)]
2025-11-02 14:13:31 - player_onto_manager.py - INFO - apre_tris -  K_Picche_Blu -10 ----> partialScore ----> 10
2025-11-02 14:13:31 - player_onto_manager.py - INFO - apre_tris -  K_Cuori_Rosso -10 ----> partialScore ----> 20
2025-11-02 14:13:31 - player_onto_manager.py - INFO - apre_tris -  K_Cuori_Blu -10 ----> partialScore ----> 30
2025-11-02 14:13:31 - player_onto_manager.py - INFO - apre_tris - FINAL partialScore ----> 30
2025-11-02 14:13:31 - round.py - INFO - open_tris - MariaGrazia ----> [(13, 105, 'Picche', 10), (13, 12, 'Cuori', 10), (13, 66, 'Cuori', 10)]
2025-11-02 14:13:32 - round.py - INFO - discard - MariaGrazia ----> 10_Fiori_Blu
2025-11-02 14:13:32 - round.py - INFO - pick_up_discard - Alessio ----> 10_Fiori_Blu
2025-11-02 14:13:32 - player_onto_manager.py - INFO - apre_tris -  10_Cuori_Rosso -10 ----> partialScore ----> 10
2025-11-02 14:13:32 - player_onto_manager.py - INFO - apre_tris -  10_Fiori_Blu -10 ----> partialScore ----> 20
2025-11-02 14:13:32 - player_onto_manager.py - INFO - apre_tris -  10_Quadri_Rosso -10 ----> partialScore ----> 30
2025-11-02 14:13:32 - player_onto_manager.py - INFO - apre_tris - FINAL partialScore ----> 30
2025-11-02 14:13:32 - round.py - INFO - open_tris - Alessio ----> [(10, 9, 'Cuori', 10), (10, 89, 'Fiori', 10), (10, 22, 'Quadri', 10)]
2025-11-02 14:13:32 - round.py - INFO - discard - Alessio ----> Q_Fiori_Rosso
2025-11-02 14:13:32 - round.py - INFO - pick_up_card - MariaGrazia ----> 9_Picche_Rosso
2025-11-02 14:13:32 - round.py - INFO - discard - MariaGrazia ----> 8_Quadri_Rosso
2025-11-02 14:13:32 - round.py - INFO - pick_up_card - Alessio ----> 9_Quadri_Rosso
2025-11-02 14:13:32 - round.py - INFO - update_tris - Alessio ----> 9 -->9_Quadri_Rosso
2025-11-02 14:13:32 - round.py - INFO - discard - Alessio ----> 4_Fiori_Blu
2025-11-02 14:13:32 - round.py - INFO - pick_up_card - MariaGrazia ----> 2_Fiori_Blu
2025-11-02 14:13:32 - round.py - INFO - update_tris - MariaGrazia ----> 13 -->2_Fiori_Blu
2025-11-02 14:13:32 - round.py - INFO - discard - MariaGrazia ----> 5_Cuori_Blu
2025-11-02 14:13:32 - round.py - INFO - pick_up_card - Alessio ----> A_Cuori_Rosso
2025-11-02 14:13:32 - round.py - INFO - discard - Alessio ----> A_Cuori_Rosso
2025-11-02 14:13:32 - round.py - INFO - pick_up_card - MariaGrazia ----> 10_Quadri_Rosso
2025-11-02 14:13:32 - round.py - INFO - discard - MariaGrazia ----> 9_Picche_Rosso
2025-11-02 14:13:32 - round.py - INFO - pick_up_discard - Alessio ----> Q_Fiori_Rosso
2025-11-02 14:13:32 - round.py - INFO - update_tris - Alessio ----> 9 -->9_Picche_Rosso
2025-11-02 14:13:32 - round.py - INFO - discard - Alessio ----> 4_Fiori_Blu
2025-11-02 14:13:32 - round.py - INFO - pick_up_card - MariaGrazia ----> 4_Fiori_Blu
2025-11-02 14:13:32 - round.py - INFO - discard - MariaGrazia ----> 10_Quadri_Rosso
2025-11-02 14:13:32 - round.py - INFO - pick_up_discard - Alessio ----> 4_Fiori_Blu
2025-11-02 14:13:32 - round.py - INFO - update_tris - Alessio ----> 10 -->10_Quadri_Rosso
2025-11-02 14:13:32 - round.py - INFO - discard - Alessio ----> 8_Quadri_Rosso
2025-11-02 14:13:32 - round.py - INFO - pick_up_card - MariaGrazia ----> 6_Cuori_Rosso
2025-11-02 14:13:32 - round.py - INFO - discard - MariaGrazia ----> 6_Cuori_Rosso
2025-11-02 14:13:32 - round.py - INFO - pick_up_card - Alessio ----> 8_Picche_Rosso
2025-11-02 14:13:32 - round.py - INFO - discard - Alessio ----> 4_Fiori_Blu
2025-11-02 14:13:32 - round.py - INFO - pick_up_card - MariaGrazia ----> 6_Picche_Blu
2025-11-02 14:13:32 - round.py - INFO - discard - MariaGrazia ----> 6_Picche_Blu
2025-11-02 14:13:32 - round.py - INFO - pick_up_discard - Alessio ----> 8_Quadri_Rosso
2025-11-02 14:13:33 - round.py - INFO - discard - Alessio ----> 6_Cuori_Rosso
2025-11-02 14:13:33 - round.py - INFO - pick_up_discard - MariaGrazia ----> 6_Cuori_Rosso
2025-11-02 14:13:33 - round.py - INFO - discard - MariaGrazia ----> 6_Cuori_Rosso
2025-11-02 14:13:33 - round.py - INFO - pick_up_discard - Alessio ----> 6_Cuori_Rosso
2025-11-02 14:13:33 - round.py - INFO - discard - Alessio ----> A_Cuori_Rosso
2025-11-02 14:13:33 - round.py - INFO - pick_up_discard - MariaGrazia ----> A_Cuori_Rosso
2025-11-02 14:13:33 - round.py - INFO - discard - MariaGrazia ----> 4_Fiori_Blu
2025-11-02 14:13:33 - round.py - INFO - pick_up_discard - Alessio ----> 4_Fiori_Blu
2025-11-02 14:13:34 - round.py - INFO - discard - Alessio ----> 6_Picche_Blu
2025-11-02 14:13:34 - round.py - INFO - pick_up_card - MariaGrazia ----> 9_Fiori_Rosso
2025-11-02 14:13:34 - round.py - INFO - discard - MariaGrazia ----> A_Cuori_Rosso
2025-11-02 14:13:34 - round.py - INFO - pick_up_discard - Alessio ----> 6_Picche_Blu
2025-11-02 14:13:34 - round.py - INFO - discard - Alessio ----> Q_Fiori_Rosso
2025-11-02 14:13:34 - round.py - INFO - pick_up_discard - MariaGrazia ----> Q_Fiori_Rosso
2025-11-02 14:13:34 - round.py - INFO - discard - MariaGrazia ----> Q_Fiori_Rosso
2025-11-02 14:13:34 - round.py - INFO - pick_up_card - Alessio ----> 10_Cuori_Rosso
2025-11-02 14:13:35 - round.py - INFO - update_tris - Alessio ----> 10 -->10_Cuori_Rosso
2025-11-02 14:13:35 - round.py - INFO - discard - Alessio ----> 8_Picche_Rosso
2025-11-02 14:13:35 - round.py - INFO - pick_up_discard - MariaGrazia ----> Q_Fiori_Rosso
2025-11-02 14:13:35 - round.py - INFO - discard - MariaGrazia ----> Q_Fiori_Rosso
2025-11-02 14:13:35 - round.py - INFO - pick_up_card - Alessio ----> 4_Quadri_Rosso
2025-11-02 14:13:36 - round.py - INFO - discard - Alessio ----> A_Cuori_Rosso
2025-11-02 14:13:36 - round.py - INFO - pick_up_card - MariaGrazia ----> K_Cuori_Blu
2025-11-02 14:13:36 - round.py - INFO - update_tris - MariaGrazia ----> 13 -->K_Cuori_Blu
2025-11-02 14:13:36 - round.py - INFO - discard - MariaGrazia ----> 9_Fiori_Rosso
2025-11-02 14:13:36 - round.py - INFO - pick_up_discard - Alessio ----> Q_Fiori_Rosso
2025-11-02 14:13:37 - round.py - INFO - update_tris - Alessio ----> 9 -->9_Fiori_Rosso
2025-11-02 14:13:37 - round.py - INFO - discard - Alessio ----> Q_Fiori_Rosso
2025-11-02 14:13:37 - round.py - INFO - pick_up_discard - MariaGrazia ----> Q_Fiori_Rosso
2025-11-02 14:13:37 - round.py - INFO - discard - MariaGrazia ----> Q_Fiori_Rosso
2025-11-02 14:13:37 - round.py - INFO - pick_up_card - Alessio ----> 2_Cuori_Rosso
2025-11-02 14:13:38 - player_onto_manager.py - INFO - apre_tris -  2_Cuori_Rosso -20 ----> partialScore ----> 20
2025-11-02 14:13:38 - player_onto_manager.py - INFO - apre_tris -  8_Quadri_Rosso -10 ----> partialScore ----> 30
2025-11-02 14:13:38 - player_onto_manager.py - INFO - apre_tris -  8_Picche_Rosso -10 ----> partialScore ----> 40
2025-11-02 14:13:38 - player_onto_manager.py - INFO - apre_tris - FINAL partialScore ----> 40
2025-11-02 14:13:38 - round.py - INFO - open_tris - Alessio ----> [(-1, 1, 'Jolly', 20), (8, 20, 'Quadri', 10), (8, 46, 'Picche', 10)]
2025-11-02 14:13:38 - round.py - INFO - discard - Alessio ----> A_Cuori_Rosso
2025-11-02 14:13:38 - round.py - INFO - pick_up_discard - MariaGrazia ----> Q_Fiori_Rosso
2025-11-02 14:13:38 - round.py - INFO - discard - MariaGrazia ----> 8_Picche_Rosso
2025-11-02 14:13:38 - round.py - INFO - pick_up_discard - Alessio ----> 8_Picche_Rosso
2025-11-02 14:13:38 - round.py - INFO - discard - Alessio ----> 4_Fiori_Blu
2025-11-02 14:13:38 - round.py - INFO - pick_up_card - MariaGrazia ----> 5_Cuori_Blu
2025-11-02 14:13:38 - round.py - INFO - discard - MariaGrazia ----> Q_Fiori_Rosso
2025-11-02 14:13:38 - round.py - INFO - pick_up_discard - Alessio ----> 4_Fiori_Blu
2025-11-02 14:13:38 - round.py - INFO - discard - Alessio ----> 4_Quadri_Rosso
2025-11-02 14:13:38 - round.py - INFO - pick_up_card - MariaGrazia ----> 2_Quadri_Rosso
2025-11-02 14:13:38 - round.py - INFO - discard - MariaGrazia ----> A_Cuori_Rosso
2025-11-02 14:13:38 - round.py - INFO - pick_up_card - Alessio ----> 10_Fiori_Blu
2025-11-02 14:13:39 - round.py - INFO - update_tris - Alessio ----> 10 -->10_Fiori_Blu
2025-11-02 14:13:39 - round.py - INFO - discard - Alessio ----> 8_Picche_Rosso
2025-11-02 14:13:39 - round.py - INFO - pick_up_discard - MariaGrazia ----> 4_Quadri_Rosso
2025-11-02 14:13:39 - round.py - INFO - discard - MariaGrazia ----> 8_Picche_Rosso
2025-11-02 14:13:39 - round.py - INFO - pick_up_discard - Alessio ----> 8_Picche_Rosso
2025-11-02 14:13:39 - round.py - INFO - discard - Alessio ----> 5_Cuori_Blu
2025-11-02 14:13:39 - round.py - INFO - pick_up_card - MariaGrazia ----> K_Cuori_Rosso
2025-11-02 14:13:39 - round.py - INFO - update_tris - MariaGrazia ----> 13 -->K_Cuori_Rosso
2025-11-02 14:13:39 - round.py - INFO - discard - MariaGrazia ----> 4_Quadri_Rosso
2025-11-02 14:13:39 - round.py - INFO - pick_up_card - Alessio ----> 4_Picche_Rosso
2025-11-02 14:13:39 - round.py - INFO - discard - Alessio ----> 4_Picche_Rosso
2025-11-02 14:13:39 - round.py - INFO - pick_up_card - MariaGrazia ----> 8_Quadri_Rosso
2025-11-02 14:13:39 - round.py - INFO - discard - MariaGrazia ----> 5_Cuori_Blu
2025-11-02 14:13:39 - round.py - INFO - pick_up_discard - Alessio ----> 5_Cuori_Blu
2025-11-02 14:13:40 - player_onto_manager.py - INFO - apre_tris -  4_Quadri_Rosso -5 ----> partialScore ----> 5
2025-11-02 14:13:40 - player_onto_manager.py - INFO - apre_tris -  4_Picche_Rosso -5 ----> partialScore ----> 10
2025-11-02 14:13:40 - player_onto_manager.py - INFO - apre_tris -  4_Fiori_Blu -5 ----> partialScore ----> 15
2025-11-02 14:13:40 - player_onto_manager.py - INFO - apre_tris - FINAL partialScore ----> 15
2025-11-02 14:13:40 - round.py - INFO - open_tris - Alessio ----> [(4, 16, 'Quadri', 5), (4, 42, 'Picche', 5), (4, 83, 'Fiori', 5)]
2025-11-02 14:13:40 - round.py - INFO - update_tris - Alessio ----> 4 -->4_Fiori_Blu
2025-11-02 14:13:40 - round.py - INFO - discard - Alessio ----> 5_Cuori_Blu
2025-11-02 14:13:40 - round.py - INFO - pick_up_card - MariaGrazia ----> K_Picche_Blu
2025-11-02 14:13:40 - round.py - INFO - update_tris - MariaGrazia ----> 13 -->K_Picche_Blu
2025-11-02 14:13:40 - round.py - INFO - discard - MariaGrazia ----> A_Cuori_Rosso
2025-11-02 14:13:40 - round.py - INFO - pick_up_card - Alessio ----> A_Cuori_Blu
2025-11-02 14:13:40 - round.py - INFO - discard - Alessio ----> A_Cuori_Blu
2025-11-02 14:13:40 - round.py - INFO - pick_up_card - MariaGrazia ----> 2_Picche_Rosso
2025-11-02 14:13:40 - round.py - INFO - discard - MariaGrazia ----> 2_Picche_Rosso
2025-11-02 14:13:40 - round.py - INFO - pick_up_discard - Alessio ----> 5_Cuori_Blu
2025-11-02 14:13:41 - player_onto_manager.py - INFO - apre_tris -  2_Picche_Rosso -20 ----> partialScore ----> 20
2025-11-02 14:13:41 - player_onto_manager.py - INFO - apre_tris -  A_Cuori_Rosso -15 ----> partialScore ----> 35
2025-11-02 14:13:41 - player_onto_manager.py - INFO - apre_tris -  A_Cuori_Blu -15 ----> partialScore ----> 50
2025-11-02 14:13:41 - player_onto_manager.py - INFO - apre_tris - FINAL partialScore ----> 50
2025-11-02 14:13:41 - round.py - INFO - open_tris - Alessio ----> [(-1, 40, 'Jolly', 20), (1, 0, 'Cuori', 15), (1, 54, 'Cuori', 15)]
2025-11-02 14:13:41 - round.py - INFO - discard - Alessio ----> 5_Cuori_Blu
2025-11-02 14:13:41 - round.py - INFO - pick_up_card - MariaGrazia ----> A_Fiori_Blu
2025-11-02 14:13:41 - round.py - INFO - discard - MariaGrazia ----> 2_Quadri_Rosso
2025-11-02 14:13:41 - round.py - INFO - pick_up_card - Alessio ----> 6_Cuori_Blu
2025-11-02 14:13:41 - player_onto_manager.py - INFO - apre_tris -  6_Picche_Blu -5 ----> partialScore ----> 5
2025-11-02 14:13:41 - player_onto_manager.py - INFO - apre_tris -  6_Cuori_Rosso -5 ----> partialScore ----> 10
2025-11-02 14:13:41 - player_onto_manager.py - INFO - apre_tris -  6_Cuori_Blu -5 ----> partialScore ----> 15
2025-11-02 14:13:41 - player_onto_manager.py - INFO - apre_tris - FINAL partialScore ----> 15
2025-11-02 14:13:41 - round.py - INFO - open_tris - Alessio ----> [(6, 98, 'Picche', 5), (6, 5, 'Cuori', 5), (6, 59, 'Cuori', 5)]
2025-11-02 14:13:41 - round.py - INFO - discard - Alessio ----> 5_Cuori_Blu
2025-11-02 14:13:41 - round.py - INFO - pick_up_discard - MariaGrazia ----> 5_Cuori_Blu
2025-11-02 14:13:41 - round.py - INFO - discard - MariaGrazia ----> A_Fiori_Blu
2025-11-02 14:13:41 - round.py - INFO - pick_up_discard - Alessio ----> A_Fiori_Blu
2025-11-02 14:13:41 - round.py - INFO - discard - Alessio ----> Q_Fiori_Rosso
2025-11-02 14:13:41 - round.py - INFO - pick_up_card - MariaGrazia ----> J_Picche_Rosso
2025-11-02 14:13:41 - round.py - INFO - discard - MariaGrazia ----> 2_Quadri_Rosso
2025-11-02 14:13:41 - round.py - INFO - pick_up_discard - Alessio ----> Q_Fiori_Rosso
2025-11-02 14:13:41 - round.py - INFO - update_tris - Alessio ----> 10 -->2_Quadri_Rosso
2025-11-02 14:13:41 - round.py - INFO - discard - Alessio ----> A_Fiori_Blu
2025-11-02 14:13:41 - round.py - INFO - pick_up_card - MariaGrazia ----> 10_Picche_Rosso
2025-11-02 14:13:41 - round.py - INFO - discard - MariaGrazia ----> 8_Quadri_Rosso
2025-11-02 14:13:41 - round.py - INFO - pick_up_discard - Alessio ----> A_Fiori_Blu
2025-11-02 14:13:41 - round.py - INFO - discard - Alessio ----> Q_Fiori_Rosso
2025-11-02 14:13:41 - round.py - INFO - pick_up_discard - MariaGrazia ----> Q_Fiori_Rosso
2025-11-02 14:13:41 - round.py - INFO - discard - MariaGrazia ----> 5_Cuori_Blu
2025-11-02 14:13:41 - round.py - INFO - pick_up_card - Alessio ----> Q_Cuori_Rosso
2025-11-02 14:13:41 - round.py - INFO - discard - Alessio ----> Q_Cuori_Rosso
2025-11-02 14:13:41 - round.py - INFO - pick_up_discard - MariaGrazia ----> 5_Cuori_Blu
2025-11-02 14:13:41 - round.py - INFO - discard - MariaGrazia ----> Q_Cuori_Rosso
2025-11-02 14:13:41 - round.py - INFO - pick_up_card - Alessio ----> 2_Fiori_Rosso
2025-11-02 14:13:41 - player_onto_manager.py - INFO - apre_tris -  2_Fiori_Rosso -20 ----> partialScore ----> 20
2025-11-02 14:13:41 - player_onto_manager.py - INFO - apre_tris -  8_Quadri_Rosso -10 ----> partialScore ----> 30
2025-11-02 14:13:41 - player_onto_manager.py - INFO - apre_tris -  8_Picche_Rosso -10 ----> partialScore ----> 40
2025-11-02 14:13:41 - player_onto_manager.py - INFO - apre_tris - FINAL partialScore ----> 40
2025-11-02 14:13:41 - round.py - INFO - open_tris - Alessio ----> [(-1, 27, 'Jolly', 20), (8, 20, 'Quadri', 10), (8, 46, 'Picche', 10)]
2025-11-02 14:13:41 - round.py - INFO - discard - Alessio ----> A_Fiori_Blu
2025-11-02 14:13:41 - round.py - INFO - pick_up_card - MariaGrazia ----> 3_Fiori_Rosso
2025-11-02 14:13:42 - round.py - INFO - discard - MariaGrazia ----> Q_Fiori_Rosso
2025-11-02 14:13:42 - round.py - INFO - pick_up_discard - Alessio ----> Q_Cuori_Rosso
2025-11-02 14:13:42 - round.py - INFO - discard - Alessio ----> A_Fiori_Blu
2025-11-02 14:13:42 - round.py - INFO - pick_up_card - MariaGrazia ----> Jolly_Jolly_N_Blu
2025-11-02 14:13:42 - round.py - INFO - open_meld - MariaGrazia ----> [(-1, 106, 'Jolly', 30), (10, 48, 'Picche', 10), (11, 49, 'Picche', 10)]
2025-11-02 14:13:42 - round.py - INFO - discard - MariaGrazia ----> 5_Cuori_Blu
2025-11-02 14:13:42 - round.py - INFO - pick_up_discard - Alessio ----> A_Fiori_Blu
2025-11-02 14:13:42 - round.py - INFO - discard - Alessio ----> A_Fiori_Blu
2025-11-02 14:13:42 - round.py - INFO - pick_up_card - MariaGrazia ----> 3_Cuori_Rosso
2025-11-02 14:13:42 - round.py - INFO - discard - MariaGrazia ----> 3_Cuori_Rosso
2025-11-02 14:13:42 - round.py - INFO - pick_up_discard - Alessio ----> A_Fiori_Blu
2025-11-02 14:13:42 - round.py - INFO - discard - Alessio ----> Q_Cuori_Rosso
2025-11-02 14:13:42 - round.py - INFO - pick_up_discard - MariaGrazia ----> Q_Cuori_Rosso
2025-11-02 14:13:42 - round.py - INFO - discard - MariaGrazia ----> 3_Fiori_Rosso
2025-11-02 14:13:42 - round.py - INFO - pick_up_card - Alessio ----> 9_Picche_Blu
2025-11-02 14:13:42 - round.py - INFO - update_tris - Alessio ----> 9 -->9_Picche_Blu
2025-11-02 14:13:42 - round.py - INFO - discard - Alessio ----> 5_Cuori_Blu
2025-11-02 14:13:42 - round.py - INFO - pick_up_card - MariaGrazia ----> 10_Fiori_Rosso
2025-11-02 14:13:42 - round.py - INFO - discard - MariaGrazia ----> 5_Cuori_Blu
2025-11-02 14:13:42 - round.py - INFO - pick_up_card - Alessio ----> J_Fiori_Rosso
2025-11-02 14:13:42 - round.py - INFO - discard - Alessio ----> 3_Cuori_Rosso
2025-11-02 14:13:42 - round.py - INFO - pick_up_discard - MariaGrazia ----> 3_Fiori_Rosso
2025-11-02 14:13:42 - round.py - INFO - discard - MariaGrazia ----> 10_Fiori_Rosso
2025-11-02 14:13:42 - round.py - INFO - pick_up_card - Alessio ----> 9_Fiori_Blu
2025-11-02 14:13:42 - round.py - INFO - update_tris - Alessio ----> 9 -->9_Fiori_Blu
2025-11-02 14:13:42 - round.py - INFO - discard - Alessio ----> Q_Fiori_Rosso
2025-11-02 14:13:42 - round.py - INFO - pick_up_card - MariaGrazia ----> K_Fiori_Blu
2025-11-02 14:13:42 - round.py - INFO - update_tris - MariaGrazia ----> 13 -->K_Fiori_Blu
2025-11-02 14:13:42 - round.py - INFO - discard - MariaGrazia ----> 3_Fiori_Rosso
2025-11-02 14:13:42 - round.py - INFO - pick_up_card - Alessio ----> 5_Cuori_Rosso
2025-11-02 14:13:42 - round.py - INFO - discard - Alessio ----> A_Fiori_Blu
2025-11-02 14:13:42 - round.py - INFO - pick_up_card - MariaGrazia ----> J_Fiori_Blu
2025-11-02 14:13:42 - round.py - INFO - discard - MariaGrazia ----> Q_Cuori_Rosso
2025-11-02 14:13:42 - round.py - INFO - pick_up_card - Alessio ----> 7_Cuori_Blu
2025-11-02 14:13:42 - round.py - INFO - discard - Alessio ----> 7_Cuori_Blu
2025-11-02 14:13:43 - round.py - INFO - pick_up_discard - MariaGrazia ----> 10_Fiori_Rosso
2025-11-02 14:13:43 - round.py - INFO - open_meld - MariaGrazia ----> [(10, 35, 'Fiori', 10), (11, 90, 'Fiori', 10), (12, 37, 'Fiori', 10)]
2025-11-02 14:13:43 - round.py - INFO - discard - MariaGrazia ----> 3_Fiori_Rosso
2025-11-02 14:13:43 - round.py - INFO - pick_up_discard - Alessio ----> 3_Fiori_Rosso
2025-11-02 14:13:43 - round.py - INFO - discard - Alessio ----> 3_Fiori_Rosso
2025-11-02 14:13:43 - round.py - INFO - pick_up_card - MariaGrazia ----> Jolly_Jolly_R_Rosso
2025-11-02 14:13:43 - round.py - INFO - update_meld - MariaGrazia ----> Updated_Game_Ontology20251102_141324373776.Fiori --> Jolly_Jolly_R_Rosso
2025-11-02 14:13:44 - round.py - INFO - discard - MariaGrazia ----> 7_Cuori_Blu
2025-11-02 14:13:44 - round.py - INFO - pick_up_card - Alessio ----> 5_Picche_Blu
2025-11-02 14:13:44 - round.py - INFO - discard - Alessio ----> J_Fiori_Rosso
2025-11-02 14:13:44 - round.py - INFO - pick_up_discard - MariaGrazia ----> 3_Fiori_Rosso
2025-11-02 14:13:44 - round.py - INFO - discard - MariaGrazia ----> 3_Fiori_Rosso
2025-11-02 14:13:44 - round.py - INFO - pick_up_discard - Alessio ----> 3_Fiori_Rosso
2025-11-02 14:13:44 - round.py - INFO - discard - Alessio ----> 5_Picche_Blu
2025-11-02 14:13:44 - round.py - INFO - pick_up_discard - MariaGrazia ----> 5_Picche_Blu
2025-11-02 14:13:44 - round.py - INFO - discard - MariaGrazia ----> J_Fiori_Rosso
2025-11-02 14:13:44 - round.py - INFO - pick_up_discard - Alessio ----> J_Fiori_Rosso
2025-11-02 14:13:44 - round.py - INFO - discard - Alessio ----> 3_Fiori_Rosso
2025-11-02 14:13:44 - round.py - INFO - pick_up_discard - MariaGrazia ----> 3_Fiori_Rosso
2025-11-02 14:13:44 - round.py - INFO - discard - MariaGrazia ----> 3_Fiori_Rosso
2025-11-02 14:13:44 - round.py - INFO - pick_up_discard - Alessio ----> 3_Fiori_Rosso
2025-11-02 14:13:45 - round.py - INFO - discard - Alessio ----> 5_Cuori_Rosso
2025-11-02 14:13:45 - round.py - INFO - pick_up_card - MariaGrazia ----> 9_Quadri_Blu
2025-11-02 14:13:45 - round.py - INFO - discard - MariaGrazia ----> 7_Cuori_Blu
2025-11-02 14:13:45 - round.py - INFO - pick_up_discard - Alessio ----> 5_Cuori_Rosso
2025-11-02 14:13:45 - round.py - INFO - discard - Alessio ----> J_Fiori_Rosso
2025-11-02 14:13:45 - round.py - INFO - pick_up_discard - MariaGrazia ----> J_Fiori_Rosso
2025-11-02 14:13:45 - round.py - INFO - discard - MariaGrazia ----> A_Fiori_Blu
2025-11-02 14:13:45 - round.py - INFO - pick_up_discard - Alessio ----> A_Fiori_Blu
2025-11-02 14:13:45 - round.py - INFO - discard - Alessio ----> 7_Cuori_Blu
2025-11-02 14:13:45 - round.py - INFO - pick_up_discard - MariaGrazia ----> 7_Cuori_Blu
2025-11-02 14:13:45 - round.py - INFO - discard - MariaGrazia ----> 5_Cuori_Blu
2025-11-02 14:13:45 - round.py - INFO - pick_up_discard - Alessio ----> 5_Cuori_Blu
2025-11-02 14:13:45 - round.py - INFO - discard - Alessio ----> 3_Fiori_Rosso
2025-11-02 14:13:45 - round.py - INFO - pick_up_card - MariaGrazia ----> 4_Picche_Blu
2025-11-02 14:13:46 - round.py - INFO - discard - MariaGrazia ----> 4_Picche_Blu
2025-11-02 14:13:46 - round.py - INFO - pick_up_discard - Alessio ----> 3_Fiori_Rosso
2025-11-02 14:13:46 - round.py - INFO - update_tris - Alessio ----> 4 -->4_Picche_Blu
2025-11-02 14:13:46 - round.py - INFO - discard - Alessio ----> 5_Cuori_Blu
2025-11-02 14:13:46 - round.py - INFO - pick_up_discard - MariaGrazia ----> 5_Cuori_Blu
2025-11-02 14:13:46 - round.py - INFO - discard - MariaGrazia ----> 3_Cuori_Rosso
2025-11-02 14:13:46 - round.py - INFO - pick_up_discard - Alessio ----> 3_Cuori_Rosso
2025-11-02 14:13:46 - round.py - INFO - discard - Alessio ----> 3_Fiori_Rosso
2025-11-02 14:13:46 - round.py - INFO - pick_up_discard - MariaGrazia ----> 3_Fiori_Rosso
2025-11-02 14:13:46 - round.py - INFO - discard - MariaGrazia ----> 7_Cuori_Blu
2025-11-02 14:13:46 - round.py - INFO - pick_up_card - Alessio ----> 2_Quadri_Blu
2025-11-02 14:13:46 - round.py - INFO - update_tris - Alessio ----> 9 -->2_Quadri_Blu
2025-11-02 14:13:46 - round.py - INFO - discard - Alessio ----> A_Fiori_Blu
2025-11-02 14:13:46 - round.py - INFO - pick_up_discard - MariaGrazia ----> 7_Cuori_Blu
2025-11-02 14:13:47 - round.py - INFO - discard - MariaGrazia ----> J_Fiori_Rosso
2025-11-02 14:13:47 - round.py - INFO - pick_up_discard - Alessio ----> J_Fiori_Rosso
2025-11-02 14:13:47 - round.py - INFO - discard - Alessio ----> J_Fiori_Rosso
2025-11-02 14:13:47 - round.py - INFO - pick_up_card - MariaGrazia ----> 10_Picche_Blu
2025-11-02 14:13:47 - round.py - INFO - discard - MariaGrazia ----> A_Fiori_Blu
2025-11-02 14:13:47 - round.py - INFO - pick_up_discard - Alessio ----> J_Fiori_Rosso
2025-11-02 14:13:47 - round.py - INFO - discard - Alessio ----> A_Fiori_Blu
2025-11-02 14:13:47 - round.py - INFO - pick_up_discard - MariaGrazia ----> A_Fiori_Blu
2025-11-02 14:13:48 - round.py - INFO - discard - MariaGrazia ----> 10_Picche_Blu
2025-11-02 14:13:48 - round.py - INFO - pick_up_card - Alessio ----> Q_Quadri_Blu
2025-11-02 14:13:48 - round.py - INFO - discard - Alessio ----> 5_Cuori_Rosso
2025-11-02 14:13:48 - round.py - INFO - pick_up_discard - MariaGrazia ----> 10_Picche_Blu
2025-11-02 14:13:48 - player_onto_manager.py - INFO - apre_tris -  5_Cuori_Rosso -5 ----> partialScore ----> 5
2025-11-02 14:13:48 - player_onto_manager.py - INFO - apre_tris -  5_Cuori_Blu -5 ----> partialScore ----> 10
2025-11-02 14:13:48 - player_onto_manager.py - INFO - apre_tris -  5_Picche_Blu -5 ----> partialScore ----> 15
2025-11-02 14:13:48 - player_onto_manager.py - INFO - apre_tris - FINAL partialScore ----> 15
2025-11-02 14:13:48 - round.py - INFO - open_tris - MariaGrazia ----> [(5, 4, 'Cuori', 5), (5, 58, 'Cuori', 5), (5, 97, 'Picche', 5)]
2025-11-02 14:13:49 - round.py - INFO - update_tris - MariaGrazia ----> 5 -->5_Cuori_Blu
2025-11-02 14:13:49 - round.py - INFO - discard - MariaGrazia ----> 9_Quadri_Blu
2025-11-02 14:13:49 - round.py - INFO - pick_up_card - Alessio ----> 9_Cuori_Blu
2025-11-02 14:13:49 - round.py - INFO - update_tris - Alessio ----> 9 -->9_Cuori_Blu
2025-11-02 14:13:49 - round.py - INFO - discard - Alessio ----> 3_Cuori_Rosso
2025-11-02 14:13:49 - round.py - INFO - pick_up_card - MariaGrazia ----> 5_Fiori_Blu
2025-11-02 14:13:49 - round.py - INFO - update_tris - MariaGrazia ----> 5 -->5_Fiori_Blu
2025-11-02 14:13:49 - round.py - INFO - discard - MariaGrazia ----> Q_Cuori_Rosso
2025-11-02 14:13:49 - round.py - INFO - pick_up_card - Alessio ----> Q_Quadri_Rosso
2025-11-02 14:13:49 - round.py - INFO - discard - Alessio ----> Q_Quadri_Rosso
2025-11-02 14:13:49 - round.py - INFO - pick_up_card - MariaGrazia ----> 7_Fiori_Blu
2025-11-02 14:13:49 - round.py - INFO - discard - MariaGrazia ----> 7_Cuori_Blu
2025-11-02 14:13:49 - round.py - INFO - pick_up_card - Alessio ----> Q_Fiori_Blu
2025-11-02 14:13:49 - round.py - INFO - discard - Alessio ----> Q_Quadri_Blu
2025-11-02 14:13:49 - round.py - INFO - pick_up_card - MariaGrazia ----> K_Quadri_Rosso
2025-11-02 14:13:49 - round.py - INFO - update_tris - MariaGrazia ----> 13 -->K_Quadri_Rosso
2025-11-02 14:13:49 - round.py - INFO - discard - MariaGrazia ----> A_Fiori_Blu
2025-11-02 14:13:49 - round.py - INFO - pick_up_card - Alessio ----> K_Fiori_Rosso
2025-11-02 14:13:49 - round.py - INFO - discard - Alessio ----> K_Fiori_Rosso
2025-11-02 14:13:49 - round.py - INFO - pick_up_discard - MariaGrazia ----> 9_Quadri_Blu
2025-11-02 14:13:50 - player_onto_manager.py - INFO - apre_tris -  Q_Quadri_Rosso -10 ----> partialScore ----> 10
2025-11-02 14:13:50 - player_onto_manager.py - INFO - apre_tris -  Q_Quadri_Blu -10 ----> partialScore ----> 20
2025-11-02 14:13:50 - player_onto_manager.py - INFO - apre_tris -  Q_Cuori_Rosso -10 ----> partialScore ----> 30
2025-11-02 14:13:50 - player_onto_manager.py - INFO - apre_tris - FINAL partialScore ----> 30
2025-11-02 14:13:50 - round.py - INFO - open_tris - MariaGrazia ----> [(12, 24, 'Quadri', 10), (12, 78, 'Quadri', 10), (12, 11, 'Cuori', 10)]
2025-11-02 14:13:50 - round.py - INFO - update_meld - MariaGrazia ----> Updated_Game_Ontology20251102_141324373776.Fiori --> K_Fiori_Rosso
2025-11-02 14:13:51 - round.py - INFO - discard - MariaGrazia ----> 7_Cuori_Blu
2025-11-02 14:13:51 - round.py - INFO - pick_up_discard - Alessio ----> 7_Cuori_Blu
2025-11-02 14:13:51 - round.py - INFO - discard - Alessio ----> J_Fiori_Rosso
2025-11-02 14:13:51 - round.py - INFO - pick_up_card - MariaGrazia ----> J_Picche_Blu
2025-11-02 14:13:51 - round.py - INFO - discard - MariaGrazia ----> J_Picche_Blu
2025-11-02 14:13:51 - round.py - INFO - pick_up_card - Alessio ----> J_Cuori_Blu
2025-11-02 14:13:51 - round.py - INFO - discard - Alessio ----> J_Cuori_Blu
2025-11-02 14:13:51 - round.py - INFO - pick_up_card - MariaGrazia ----> A_Picche_Blu
2025-11-02 14:13:51 - round.py - INFO - discard - MariaGrazia ----> A_Picche_Blu
2025-11-02 14:13:51 - round.py - INFO - pick_up_card - Alessio ----> 3_Quadri_Rosso
2025-11-02 14:13:51 - round.py - INFO - discard - Alessio ----> 3_Quadri_Rosso
2025-11-02 14:13:51 - round.py - INFO - pick_up_card - MariaGrazia ----> 8_Cuori_Rosso
2025-11-02 14:13:51 - round.py - INFO - discard - MariaGrazia ----> 7_Fiori_Blu
2025-11-02 14:13:51 - round.py - INFO - pick_up_discard - Alessio ----> J_Fiori_Rosso
2025-11-02 14:13:52 - player_onto_manager.py - INFO - apre_tris -  J_Fiori_Rosso -10 ----> partialScore ----> 10
2025-11-02 14:13:52 - player_onto_manager.py - INFO - apre_tris -  J_Picche_Blu -10 ----> partialScore ----> 20
2025-11-02 14:13:52 - player_onto_manager.py - INFO - apre_tris -  J_Cuori_Blu -10 ----> partialScore ----> 30
2025-11-02 14:13:52 - player_onto_manager.py - INFO - apre_tris - FINAL partialScore ----> 30
2025-11-02 14:13:52 - round.py - INFO - open_tris - Alessio ----> [(11, 36, 'Fiori', 10), (11, 103, 'Picche', 10), (11, 64, 'Cuori', 10)]
2025-11-02 14:13:52 - round.py - INFO - discard - Alessio ----> Q_Fiori_Blu
2025-11-02 14:13:52 - round.py - INFO - pick_up_discard - MariaGrazia ----> Q_Fiori_Blu
2025-11-02 14:13:52 - round.py - INFO - update_tris - MariaGrazia ----> 12 -->Q_Fiori_Blu
2025-11-02 14:13:52 - round.py - INFO - discard - MariaGrazia ----> 9_Quadri_Blu
2025-11-02 14:13:52 - round.py - INFO - pick_up_card - Alessio ----> 7_Cuori_Rosso
2025-11-02 14:13:52 - player_onto_manager.py - INFO - apre_tris -  7_Cuori_Blu -5 ----> partialScore ----> 5
2025-11-02 14:13:52 - player_onto_manager.py - INFO - apre_tris -  7_Fiori_Blu -5 ----> partialScore ----> 10
2025-11-02 14:13:52 - player_onto_manager.py - INFO - apre_tris -  7_Cuori_Rosso -5 ----> partialScore ----> 15
2025-11-02 14:13:52 - player_onto_manager.py - INFO - apre_tris - FINAL partialScore ----> 15
2025-11-02 14:13:52 - round.py - INFO - open_tris - Alessio ----> [(7, 60, 'Cuori', 5), (7, 86, 'Fiori', 5), (7, 6, 'Cuori', 5)]
2025-11-02 14:13:52 - round.py - INFO - discard - Alessio ----> A_Picche_Blu
2025-11-02 14:13:52 - round.py - INFO - pick_up_card - MariaGrazia ----> 8_Quadri_Blu
2025-11-02 14:13:52 - round.py - INFO - discard - MariaGrazia ----> 10_Picche_Blu
2025-11-02 14:13:52 - round.py - INFO - pick_up_discard - Alessio ----> 9_Quadri_Blu
2025-11-02 14:13:52 - round.py - INFO - update_tris - Alessio ----> 10 -->10_Picche_Blu
2025-11-02 14:13:52 - round.py - INFO - update_tris - Alessio ----> 9 -->9_Quadri_Blu
2025-11-02 14:13:52 - round.py - INFO - discard - Alessio ----> A_Picche_Blu
2025-11-02 14:13:52 - round.py - INFO - pick_up_card - MariaGrazia ----> 5_Picche_Rosso
2025-11-02 14:13:52 - round.py - INFO - update_tris - MariaGrazia ----> 5 -->5_Picche_Rosso
2025-11-02 14:13:52 - round.py - INFO - discard - MariaGrazia ----> 8_Cuori_Rosso
2025-11-02 14:13:52 - round.py - INFO - pick_up_discard - Alessio ----> A_Picche_Blu
2025-11-02 14:13:52 - round.py - INFO - discard - Alessio ----> A_Picche_Blu
2025-11-02 14:13:52 - round.py - INFO - pick_up_discard - MariaGrazia ----> A_Picche_Blu
2025-11-02 14:13:52 - round.py - INFO - discard - MariaGrazia ----> 3_Fiori_Rosso
2025-11-02 14:13:52 - round.py - INFO - pick_up_discard - Alessio ----> 3_Fiori_Rosso
2025-11-02 14:13:53 - round.py - INFO - discard - Alessio ----> 3_Fiori_Rosso
2025-11-02 14:13:53 - round.py - INFO - pick_up_card - MariaGrazia ----> Jolly_Jolly_R_Blu
2025-11-02 14:13:53 - round.py - INFO - update_tris - MariaGrazia ----> 5 -->Jolly_Jolly_R_Blu
2025-11-02 14:13:53 - round.py - INFO - discard - MariaGrazia ----> 8_Quadri_Blu
2025-11-02 14:13:53 - round.py - INFO - pick_up_card - Alessio ----> J_Cuori_Rosso
2025-11-02 14:13:53 - round.py - INFO - update_tris - Alessio ----> 11 -->J_Cuori_Rosso
2025-11-02 14:13:53 - round.py - INFO - discard - Alessio ----> 3_Quadri_Rosso
2025-11-02 14:13:53 - round.py - INFO - pick_up_card - MariaGrazia ----> 4_Cuori_Blu
2025-11-02 14:13:53 - round.py - INFO - discard - MariaGrazia ----> A_Picche_Blu
2025-11-02 14:13:53 - round.py - INFO - pick_up_discard - Alessio ----> 3_Fiori_Rosso
2025-11-02 14:13:53 - round.py - INFO - discard - Alessio ----> A_Picche_Blu
2025-11-02 14:13:53 - round.py - INFO - pick_up_card - MariaGrazia ----> K_Picche_Rosso
2025-11-02 14:13:53 - round.py - INFO - update_tris - MariaGrazia ----> 13 -->K_Picche_Rosso
2025-11-02 14:13:53 - round.py - INFO - discard - MariaGrazia ----> 4_Cuori_Blu
2025-11-02 14:13:53 - round.py - INFO - pick_up_discard - Alessio ----> A_Picche_Blu
2025-11-02 14:13:53 - round.py - INFO - update_tris - Alessio ----> 4 -->4_Cuori_Blu
2025-11-02 14:13:53 - round.py - INFO - discard - Alessio ----> A_Picche_Blu
2025-11-02 14:13:53 - round.py - INFO - pick_up_card - MariaGrazia ----> 3_Quadri_Blu
2025-11-02 14:13:53 - round.py - INFO - discard - MariaGrazia ----> 3_Cuori_Rosso
2025-11-02 14:13:53 - round.py - INFO - pick_up_card - Alessio ----> A_Quadri_Blu
2025-11-02 14:13:53 - round.py - INFO - discard - Alessio ----> A_Quadri_Blu
2025-11-02 14:13:53 - round.py - INFO - pick_up_discard - MariaGrazia ----> A_Picche_Blu
2025-11-02 14:13:53 - player_onto_manager.py - INFO - apre_tris -  A_Fiori_Blu -15 ----> partialScore ----> 15
2025-11-02 14:13:53 - player_onto_manager.py - INFO - apre_tris -  A_Picche_Blu -15 ----> partialScore ----> 30
2025-11-02 14:13:53 - player_onto_manager.py - INFO - apre_tris -  A_Quadri_Blu -15 ----> partialScore ----> 45
2025-11-02 14:13:53 - player_onto_manager.py - INFO - apre_tris - FINAL partialScore ----> 45
2025-11-02 14:13:53 - round.py - INFO - open_tris - MariaGrazia ----> [(1, 80, 'Fiori', 15), (1, 93, 'Picche', 15), (1, 67, 'Quadri', 15)]
2025-11-02 14:13:53 - round.py - INFO - discard - MariaGrazia ----> 3_Quadri_Blu
2025-11-02 14:13:53 - round.py - INFO - pick_up_card - Alessio ----> 4_Quadri_Blu
2025-11-02 14:13:53 - round.py - INFO - update_tris - Alessio ----> 4 -->4_Quadri_Blu
2025-11-02 14:13:53 - round.py - INFO - discard - Alessio ----> 3_Quadri_Rosso
2025-11-02 14:13:53 - round.py - INFO - pick_up_discard - MariaGrazia ----> 3_Quadri_Blu
2025-11-02 14:13:53 - round.py - INFO - discard - MariaGrazia ----> 3_Quadri_Rosso
2025-11-02 14:13:53 - round.py - INFO - pick_up_discard - Alessio ----> 3_Quadri_Rosso
2025-11-02 14:13:53 - round.py - INFO - discard - Alessio ----> 3_Quadri_Rosso
2025-11-02 14:13:53 - round.py - INFO - pick_up_discard - MariaGrazia ----> 3_Quadri_Rosso
2025-11-02 14:13:53 - round.py - INFO - discard - MariaGrazia ----> 3_Quadri_Blu
2025-11-02 14:13:53 - round.py - INFO - pick_up_discard - Alessio ----> 3_Quadri_Blu
2025-11-02 14:13:53 - round.py - INFO - discard - Alessio ----> 8_Quadri_Blu
2025-11-02 14:13:53 - round.py - INFO - pick_up_card - MariaGrazia ----> 8_Fiori_Rosso
2025-11-02 14:13:53 - round.py - INFO - discard - MariaGrazia ----> 3_Quadri_Rosso
2025-11-02 14:13:53 - round.py - INFO - pick_up_discard - Alessio ----> 8_Quadri_Blu
2025-11-02 14:13:54 - player_onto_manager.py - INFO - apre_tris -  3_Quadri_Rosso -5 ----> partialScore ----> 5
2025-11-02 14:13:54 - player_onto_manager.py - INFO - apre_tris -  3_Fiori_Rosso -5 ----> partialScore ----> 10
2025-11-02 14:13:54 - player_onto_manager.py - INFO - apre_tris -  3_Quadri_Blu -5 ----> partialScore ----> 15
2025-11-02 14:13:54 - player_onto_manager.py - INFO - apre_tris - FINAL partialScore ----> 15
2025-11-02 14:13:54 - round.py - INFO - open_tris - Alessio ----> [(3, 15, 'Quadri', 5), (3, 28, 'Fiori', 5), (3, 69, 'Quadri', 5)]
2025-11-02 14:13:54 - round.py - INFO - discard - Alessio ----> 8_Cuori_Rosso
2025-11-02 14:13:54 - round.py - INFO - pick_up_card - MariaGrazia ----> Jolly_Jolly_N_Rosso
2025-11-02 14:13:54 - round.py - INFO - update_tris - MariaGrazia ----> 12 -->Jolly_Jolly_N_Rosso
2025-11-02 14:13:54 - round.py - INFO - discard - MariaGrazia ----> 8_Fiori_Rosso
2025-11-02 14:13:54 - round.py - INFO - pick_up_card - Alessio ----> 7_Fiori_Rosso
2025-11-02 14:13:54 - round.py - INFO - update_tris - Alessio ----> 7 -->7_Fiori_Rosso
2025-11-02 14:13:54 - round.py - INFO - close_game - Alessio ----> 8_Quadri_Blu
