2025-11-02 14:13:28 - logger.py - INFO - _initialize - Logger inizializzato. File di log: logs/2025_11_02\partita_20251102_141328036447.log
2025-11-02 14:13:28 - round.py - INFO - pick_up_discard - Alessio ----> K_Quadri_Blu
2025-11-02 14:13:29 - player_onto_manager.py - INFO - apre_tris -  2_Cuori_Blu -20 ----> partialScore ----> 20
2025-11-02 14:13:29 - player_onto_manager.py - INFO - apre_tris -  3_Picche_Rosso -5 ----> partialScore ----> 25
2025-11-02 14:13:29 - player_onto_manager.py - INFO - apre_tris -  3_Quadri_Blu -5 ----> partialScore ----> 30
2025-11-02 14:13:29 - player_onto_manager.py - INFO - apre_tris - FINAL partialScore ----> 30
2025-11-02 14:13:29 - round.py - INFO - open_tris - Alessio ----> [(-1, 55, 'Jolly', 20), (3, 41, 'Picche', 5), (3, 69, 'Quadri', 5)]
2025-11-02 14:13:29 - player_onto_manager.py - INFO - apre_tris -  2_Fiori_Rosso -20 ----> partialScore ----> 20
2025-11-02 14:13:29 - player_onto_manager.py - INFO - apre_tris -  5_Picche_Rosso -5 ----> partialScore ----> 25
2025-11-02 14:13:29 - player_onto_manager.py - INFO - apre_tris -  5_Quadri_Blu -5 ----> partialScore ----> 30
2025-11-02 14:13:29 - player_onto_manager.py - INFO - apre_tris - FINAL partialScore ----> 30
2025-11-02 14:13:29 - round.py - INFO - open_tris - Alessio ----> [(-1, 27, 'Jolly', 20), (5, 43, 'Picche', 5), (5, 71, 'Quadri', 5)]
2025-11-02 14:13:30 - round.py - INFO - discard - Alessio ----> Q_Cuori_Blu
2025-11-02 14:13:30 - round.py - INFO - pick_up_discard - MariaGrazia ----> Q_Cuori_Blu
2025-11-02 14:13:31 - player_onto_manager.py - INFO - apre_tris -  6_Picche_Blu -5 ----> partialScore ----> 5
2025-11-02 14:13:31 - player_onto_manager.py - INFO - apre_tris -  6_Fiori_Rosso -5 ----> partialScore ----> 10
2025-11-02 14:13:31 - player_onto_manager.py - INFO - apre_tris -  6_Quadri_Blu -5 ----> partialScore ----> 15
2025-11-02 14:13:31 - player_onto_manager.py - INFO - apre_tris - FINAL partialScore ----> 15
2025-11-02 14:13:31 - round.py - INFO - open_tris - MariaGrazia ----> [(6, 98, 'Picche', 5), (6, 31, 'Fiori', 5), (6, 72, 'Quadri', 5)]
2025-11-02 14:13:31 - player_onto_manager.py - INFO - apre_tris -  Q_Cuori_Rosso -10 ----> partialScore ----> 10
2025-11-02 14:13:31 - player_onto_manager.py - INFO - apre_tris -  Q_Quadri_Rosso -10 ----> partialScore ----> 20
2025-11-02 14:13:31 - player_onto_manager.py - INFO - apre_tris -  Q_Cuori_Blu -10 ----> partialScore ----> 30
2025-11-02 14:13:31 - player_onto_manager.py - INFO - apre_tris - FINAL partialScore ----> 30
2025-11-02 14:13:31 - round.py - INFO - open_tris - MariaGrazia ----> [(12, 11, 'Cuori', 10), (12, 24, 'Quadri', 10), (12, 65, 'Cuori', 10)]
2025-11-02 14:13:31 - round.py - INFO - discard - MariaGrazia ----> K_Cuori_Blu
2025-11-02 14:13:31 - round.py - INFO - pick_up_discard - Alessio ----> K_Cuori_Blu
2025-11-02 14:13:31 - round.py - INFO - discard - Alessio ----> K_Cuori_Blu
2025-11-02 14:13:31 - round.py - INFO - pick_up_card - MariaGrazia ----> 5_Quadri_Blu
2025-11-02 14:13:32 - round.py - INFO - discard - MariaGrazia ----> 5_Quadri_Blu
2025-11-02 14:13:32 - round.py - INFO - pick_up_discard - Alessio ----> K_Cuori_Blu
2025-11-02 14:13:32 - round.py - INFO - discard - Alessio ----> 10_Fiori_Blu
2025-11-02 14:13:32 - round.py - INFO - pick_up_card - MariaGrazia ----> 2_Fiori_Rosso
2025-11-02 14:13:32 - round.py - INFO - update_tris - MariaGrazia ----> 6 -->2_Fiori_Rosso
2025-11-02 14:13:32 - round.py - INFO - discard - MariaGrazia ----> 3_Fiori_Blu
2025-11-02 14:13:32 - round.py - INFO - pick_up_card - Alessio ----> Q_Cuori_Blu
2025-11-02 14:13:32 - round.py - INFO - discard - Alessio ----> 9_Cuori_Rosso
2025-11-02 14:13:32 - round.py - INFO - pick_up_card - MariaGrazia ----> 9_Cuori_Rosso
2025-11-02 14:13:32 - round.py - INFO - discard - MariaGrazia ----> 9_Cuori_Rosso
2025-11-02 14:13:32 - round.py - INFO - pick_up_discard - Alessio ----> 10_Fiori_Blu
2025-11-02 14:13:33 - round.py - INFO - discard - Alessio ----> 8_Picche_Rosso
2025-11-02 14:13:33 - round.py - INFO - pick_up_card - MariaGrazia ----> 8_Picche_Rosso
2025-11-02 14:13:33 - round.py - INFO - discard - MariaGrazia ----> 3_Cuori_Blu
2025-11-02 14:13:33 - round.py - INFO - pick_up_card - Alessio ----> 5_Picche_Rosso
2025-11-02 14:13:33 - round.py - INFO - discard - Alessio ----> 9_Cuori_Rosso
2025-11-02 14:13:33 - round.py - INFO - pick_up_discard - MariaGrazia ----> 8_Picche_Rosso
2025-11-02 14:13:34 - round.py - INFO - discard - MariaGrazia ----> K_Fiori_Rosso
2025-11-02 14:13:34 - round.py - INFO - pick_up_card - Alessio ----> 3_Quadri_Blu
2025-11-02 14:13:34 - round.py - INFO - discard - Alessio ----> K_Quadri_Blu
2025-11-02 14:13:34 - round.py - INFO - pick_up_card - MariaGrazia ----> 3_Picche_Rosso
2025-11-02 14:13:34 - round.py - INFO - discard - MariaGrazia ----> 3_Cuori_Blu
2025-11-02 14:13:34 - round.py - INFO - pick_up_card - Alessio ----> 10_Fiori_Blu
2025-11-02 14:13:35 - round.py - INFO - discard - Alessio ----> K_Cuori_Blu
2025-11-02 14:13:35 - round.py - INFO - pick_up_discard - MariaGrazia ----> K_Fiori_Rosso
2025-11-02 14:13:35 - player_onto_manager.py - INFO - apre_tris -  K_Cuori_Blu -10 ----> partialScore ----> 10
2025-11-02 14:13:35 - player_onto_manager.py - INFO - apre_tris -  K_Quadri_Blu -10 ----> partialScore ----> 20
2025-11-02 14:13:35 - player_onto_manager.py - INFO - apre_tris -  K_Fiori_Rosso -10 ----> partialScore ----> 30
2025-11-02 14:13:35 - player_onto_manager.py - INFO - apre_tris - FINAL partialScore ----> 30
2025-11-02 14:13:35 - round.py - INFO - open_tris - MariaGrazia ----> [(13, 66, 'Cuori', 10), (13, 79, 'Quadri', 10), (13, 38, 'Fiori', 10)]
2025-11-02 14:13:36 - round.py - INFO - discard - MariaGrazia ----> 3_Cuori_Blu
2025-11-02 14:13:36 - round.py - INFO - pick_up_discard - Alessio ----> 3_Cuori_Blu
2025-11-02 14:13:36 - player_onto_manager.py - INFO - apre_tris -  3_Fiori_Blu -5 ----> partialScore ----> 5
2025-11-02 14:13:36 - player_onto_manager.py - INFO - apre_tris -  3_Cuori_Blu -5 ----> partialScore ----> 10
2025-11-02 14:13:36 - player_onto_manager.py - INFO - apre_tris -  3_Quadri_Blu -5 ----> partialScore ----> 15
2025-11-02 14:13:36 - player_onto_manager.py - INFO - apre_tris - FINAL partialScore ----> 15
2025-11-02 14:13:36 - round.py - INFO - open_tris - Alessio ----> [(3, 82, 'Fiori', 5), (3, 56, 'Cuori', 5), (3, 69, 'Quadri', 5)]
2025-11-02 14:13:36 - round.py - INFO - discard - Alessio ----> 5_Picche_Rosso
2025-11-02 14:13:36 - round.py - INFO - pick_up_discard - MariaGrazia ----> 5_Picche_Rosso
2025-11-02 14:13:36 - round.py - INFO - discard - MariaGrazia ----> 8_Picche_Rosso
2025-11-02 14:13:36 - round.py - INFO - pick_up_discard - Alessio ----> 8_Picche_Rosso
2025-11-02 14:13:37 - round.py - INFO - discard - Alessio ----> 8_Picche_Rosso
2025-11-02 14:13:37 - round.py - INFO - pick_up_discard - MariaGrazia ----> 8_Picche_Rosso
2025-11-02 14:13:37 - round.py - INFO - discard - MariaGrazia ----> 3_Picche_Rosso
2025-11-02 14:13:37 - round.py - INFO - pick_up_card - Alessio ----> 10_Fiori_Rosso
2025-11-02 14:13:37 - round.py - INFO - discard - Alessio ----> 10_Fiori_Rosso
2025-11-02 14:13:37 - round.py - INFO - pick_up_card - MariaGrazia ----> 2_Cuori_Blu
2025-11-02 14:13:37 - round.py - INFO - update_tris - MariaGrazia ----> 12 -->2_Cuori_Blu
2025-11-02 14:13:37 - round.py - INFO - discard - MariaGrazia ----> 5_Picche_Rosso
2025-11-02 14:13:37 - round.py - INFO - pick_up_discard - Alessio ----> 3_Picche_Rosso
2025-11-02 14:13:37 - round.py - INFO - update_tris - Alessio ----> 3 -->3_Picche_Rosso
2025-11-02 14:13:38 - round.py - INFO - discard - Alessio ----> 5_Picche_Rosso
2025-11-02 14:13:38 - round.py - INFO - pick_up_discard - MariaGrazia ----> 5_Picche_Rosso
2025-11-02 14:13:38 - round.py - INFO - discard - MariaGrazia ----> 8_Picche_Rosso
2025-11-02 14:13:38 - round.py - INFO - pick_up_discard - Alessio ----> 8_Picche_Rosso
2025-11-02 14:13:38 - round.py - INFO - discard - Alessio ----> 10_Fiori_Blu
2025-11-02 14:13:38 - round.py - INFO - pick_up_discard - MariaGrazia ----> 10_Fiori_Blu
2025-11-02 14:13:38 - round.py - INFO - discard - MariaGrazia ----> 10_Fiori_Blu
2025-11-02 14:13:38 - round.py - INFO - pick_up_card - Alessio ----> 3_Fiori_Blu
2025-11-02 14:13:38 - round.py - INFO - update_tris - Alessio ----> 3 -->3_Fiori_Blu
2025-11-02 14:13:38 - round.py - INFO - discard - Alessio ----> 8_Picche_Rosso
2025-11-02 14:13:38 - round.py - INFO - pick_up_card - MariaGrazia ----> Q_Cuori_Rosso
2025-11-02 14:13:38 - round.py - INFO - update_tris - MariaGrazia ----> 12 -->Q_Cuori_Rosso
2025-11-02 14:13:38 - round.py - INFO - discard - MariaGrazia ----> 8_Picche_Rosso
2025-11-02 14:13:38 - round.py - INFO - pick_up_card - Alessio ----> 10_Cuori_Blu
2025-11-02 14:13:39 - player_onto_manager.py - INFO - apre_tris -  10_Fiori_Rosso -10 ----> partialScore ----> 10
2025-11-02 14:13:39 - player_onto_manager.py - INFO - apre_tris -  10_Fiori_Blu -10 ----> partialScore ----> 20
2025-11-02 14:13:39 - player_onto_manager.py - INFO - apre_tris -  10_Cuori_Blu -10 ----> partialScore ----> 30
2025-11-02 14:13:39 - player_onto_manager.py - INFO - apre_tris - FINAL partialScore ----> 30
2025-11-02 14:13:39 - round.py - INFO - open_tris - Alessio ----> [(10, 35, 'Fiori', 10), (10, 89, 'Fiori', 10), (10, 63, 'Cuori', 10)]
2025-11-02 14:13:39 - round.py - INFO - update_tris - Alessio ----> 10 -->10_Fiori_Rosso
2025-11-02 14:13:39 - round.py - INFO - discard - Alessio ----> 9_Cuori_Rosso
2025-11-02 14:13:39 - round.py - INFO - pick_up_card - MariaGrazia ----> 7_Quadri_Blu
2025-11-02 14:13:39 - round.py - INFO - discard - MariaGrazia ----> 7_Quadri_Blu
2025-11-02 14:13:39 - round.py - INFO - pick_up_discard - Alessio ----> 10_Fiori_Blu
2025-11-02 14:13:39 - round.py - INFO - update_tris - Alessio ----> 10 -->10_Fiori_Blu
2025-11-02 14:13:39 - round.py - INFO - discard - Alessio ----> 8_Picche_Rosso
2025-11-02 14:13:39 - round.py - INFO - pick_up_card - MariaGrazia ----> 6_Picche_Blu
2025-11-02 14:13:39 - round.py - INFO - update_tris - MariaGrazia ----> 6 -->6_Picche_Blu
2025-11-02 14:13:39 - round.py - INFO - discard - MariaGrazia ----> 5_Picche_Rosso
2025-11-02 14:13:39 - round.py - INFO - pick_up_discard - Alessio ----> 8_Picche_Rosso
2025-11-02 14:13:39 - round.py - INFO - discard - Alessio ----> 5_Quadri_Blu
2025-11-02 14:13:39 - round.py - INFO - pick_up_discard - MariaGrazia ----> 5_Quadri_Blu
2025-11-02 14:13:39 - round.py - INFO - discard - MariaGrazia ----> 9_Cuori_Rosso
2025-11-02 14:13:39 - round.py - INFO - pick_up_card - Alessio ----> K_Fiori_Rosso
2025-11-02 14:13:39 - round.py - INFO - discard - Alessio ----> 7_Quadri_Blu
2025-11-02 14:13:39 - round.py - INFO - pick_up_card - MariaGrazia ----> 6_Quadri_Blu
2025-11-02 14:13:39 - round.py - INFO - update_tris - MariaGrazia ----> 6 -->6_Quadri_Blu
2025-11-02 14:13:40 - round.py - INFO - discard - MariaGrazia ----> 7_Quadri_Blu
2025-11-02 14:13:40 - round.py - INFO - pick_up_card - Alessio ----> K_Cuori_Blu
2025-11-02 14:13:40 - round.py - INFO - discard - Alessio ----> 9_Cuori_Rosso
2025-11-02 14:13:40 - round.py - INFO - pick_up_card - MariaGrazia ----> 3_Cuori_Blu
2025-11-02 14:13:40 - round.py - INFO - discard - MariaGrazia ----> 10_Cuori_Blu
2025-11-02 14:13:40 - round.py - INFO - pick_up_card - Alessio ----> 6_Fiori_Rosso
2025-11-02 14:13:40 - round.py - INFO - discard - Alessio ----> K_Cuori_Blu
2025-11-02 14:13:40 - round.py - INFO - pick_up_card - MariaGrazia ----> Q_Quadri_Rosso
2025-11-02 14:13:40 - round.py - INFO - update_tris - MariaGrazia ----> 12 -->Q_Quadri_Rosso
2025-11-02 14:13:40 - round.py - INFO - discard - MariaGrazia ----> 3_Cuori_Blu
2025-11-02 14:13:40 - round.py - INFO - pick_up_card - Alessio ----> A_Quadri_Blu
2025-11-02 14:13:40 - round.py - INFO - discard - Alessio ----> Q_Cuori_Blu
2025-11-02 14:13:40 - round.py - INFO - pick_up_card - MariaGrazia ----> K_Quadri_Rosso
2025-11-02 14:13:40 - round.py - INFO - discard - MariaGrazia ----> 5_Quadri_Blu
2025-11-02 14:13:40 - round.py - INFO - pick_up_card - Alessio ----> 2_Quadri_Blu
2025-11-02 14:13:40 - round.py - INFO - update_tris - Alessio ----> 3 -->2_Quadri_Blu
2025-11-02 14:13:40 - round.py - INFO - discard - Alessio ----> 8_Picche_Rosso
2025-11-02 14:13:40 - round.py - INFO - pick_up_discard - MariaGrazia ----> 9_Cuori_Rosso
2025-11-02 14:13:41 - round.py - INFO - update_tris - MariaGrazia ----> 13 -->K_Quadri_Rosso
2025-11-02 14:13:42 - round.py - INFO - update_tris - MariaGrazia ----> 12 -->Q_Cuori_Blu
2025-11-02 14:13:42 - round.py - INFO - update_tris - MariaGrazia ----> 13 -->K_Cuori_Blu
2025-11-02 14:13:43 - round.py - INFO - discard - MariaGrazia ----> 8_Picche_Rosso
2025-11-02 14:13:43 - round.py - INFO - pick_up_discard - Alessio ----> 8_Picche_Rosso
2025-11-02 14:13:43 - round.py - INFO - discard - Alessio ----> 8_Picche_Rosso
2025-11-02 14:13:43 - round.py - INFO - pick_up_card - MariaGrazia ----> K_Picche_Rosso
2025-11-02 14:13:43 - round.py - INFO - update_tris - MariaGrazia ----> 13 -->K_Picche_Rosso
2025-11-02 14:13:43 - round.py - INFO - discard - MariaGrazia ----> 5_Quadri_Blu
2025-11-02 14:13:43 - round.py - INFO - pick_up_discard - Alessio ----> 8_Picche_Rosso
2025-11-02 14:13:43 - round.py - INFO - discard - Alessio ----> 5_Picche_Rosso
2025-11-02 14:13:43 - round.py - INFO - pick_up_card - MariaGrazia ----> 5_Picche_Blu
2025-11-02 14:13:44 - round.py - INFO - discard - MariaGrazia ----> 10_Cuori_Blu
2025-11-02 14:13:44 - round.py - INFO - pick_up_card - Alessio ----> 7_Picche_Rosso
2025-11-02 14:13:44 - round.py - INFO - discard - Alessio ----> 7_Picche_Rosso
2025-11-02 14:13:44 - round.py - INFO - pick_up_card - MariaGrazia ----> A_Fiori_Blu
2025-11-02 14:13:44 - round.py - INFO - discard - MariaGrazia ----> 7_Quadri_Blu
2025-11-02 14:13:44 - round.py - INFO - pick_up_discard - Alessio ----> 5_Picche_Rosso
2025-11-02 14:13:45 - round.py - INFO - update_tris - Alessio ----> 10 -->10_Cuori_Blu
2025-11-02 14:13:45 - round.py - INFO - discard - Alessio ----> 7_Quadri_Blu
2025-11-02 14:13:45 - round.py - INFO - pick_up_card - MariaGrazia ----> 9_Picche_Blu
2025-11-02 14:13:45 - round.py - INFO - discard - MariaGrazia ----> A_Fiori_Blu
2025-11-02 14:13:45 - round.py - INFO - pick_up_discard - Alessio ----> 7_Quadri_Blu
2025-11-02 14:13:46 - round.py - INFO - discard - Alessio ----> 6_Fiori_Rosso
2025-11-02 14:13:46 - round.py - INFO - pick_up_card - MariaGrazia ----> 6_Cuori_Rosso
2025-11-02 14:13:46 - round.py - INFO - update_tris - MariaGrazia ----> 6 -->6_Cuori_Rosso
2025-11-02 14:13:46 - round.py - INFO - discard - MariaGrazia ----> 9_Picche_Blu
2025-11-02 14:13:46 - round.py - INFO - pick_up_card - Alessio ----> Jolly_Jolly_N_Rosso
2025-11-02 14:13:47 - player_onto_manager.py - INFO - apre_tris -  Jolly_Jolly_N_Rosso -30 ----> partialScore ----> 30
2025-11-02 14:13:47 - player_onto_manager.py - INFO - apre_tris -  7_Quadri_Blu -5 ----> partialScore ----> 35
2025-11-02 14:13:47 - player_onto_manager.py - INFO - apre_tris -  7_Picche_Rosso -5 ----> partialScore ----> 40
2025-11-02 14:13:47 - player_onto_manager.py - INFO - apre_tris - FINAL partialScore ----> 40
2025-11-02 14:13:47 - round.py - INFO - open_tris - Alessio ----> [(-1, 52, 'Jolly', 30), (7, 73, 'Quadri', 5), (7, 45, 'Picche', 5)]
2025-11-02 14:13:47 - round.py - INFO - discard - Alessio ----> A_Quadri_Blu
2025-11-02 14:13:47 - round.py - INFO - pick_up_discard - MariaGrazia ----> 6_Fiori_Rosso
2025-11-02 14:13:47 - round.py - INFO - update_tris - MariaGrazia ----> 6 -->6_Fiori_Rosso
2025-11-02 14:13:47 - round.py - INFO - discard - MariaGrazia ----> 9_Cuori_Rosso
2025-11-02 14:13:47 - round.py - INFO - pick_up_card - Alessio ----> A_Fiori_Rosso
2025-11-02 14:13:47 - round.py - INFO - discard - Alessio ----> 5_Quadri_Blu
2025-11-02 14:13:47 - round.py - INFO - pick_up_discard - MariaGrazia ----> 9_Cuori_Rosso
2025-11-02 14:13:48 - round.py - INFO - discard - MariaGrazia ----> 7_Quadri_Blu
2025-11-02 14:13:48 - round.py - INFO - pick_up_card - Alessio ----> Q_Fiori_Blu
2025-11-02 14:13:48 - round.py - INFO - discard - Alessio ----> 8_Picche_Rosso
2025-11-02 14:13:48 - round.py - INFO - pick_up_card - MariaGrazia ----> 4_Quadri_Blu
2025-11-02 14:13:48 - round.py - INFO - discard - MariaGrazia ----> 5_Quadri_Blu
2025-11-02 14:13:48 - round.py - INFO - pick_up_discard - Alessio ----> 7_Quadri_Blu
2025-11-02 14:13:48 - round.py - INFO - update_tris - Alessio ----> 7 -->7_Quadri_Blu
2025-11-02 14:13:49 - round.py - INFO - discard - Alessio ----> 5_Quadri_Blu
2025-11-02 14:13:49 - round.py - INFO - pick_up_discard - MariaGrazia ----> 5_Quadri_Blu
2025-11-02 14:13:49 - round.py - INFO - discard - MariaGrazia ----> 3_Cuori_Blu
2025-11-02 14:13:49 - round.py - INFO - pick_up_card - Alessio ----> 6_Quadri_Rosso
2025-11-02 14:13:49 - round.py - INFO - discard - Alessio ----> Q_Fiori_Blu
2025-11-02 14:13:49 - round.py - INFO - pick_up_discard - MariaGrazia ----> 3_Cuori_Blu
2025-11-02 14:13:50 - round.py - INFO - update_tris - MariaGrazia ----> 12 -->Q_Fiori_Blu
2025-11-02 14:13:50 - round.py - INFO - discard - MariaGrazia ----> 5_Quadri_Blu
2025-11-02 14:13:50 - round.py - INFO - pick_up_card - Alessio ----> 7_Cuori_Blu
2025-11-02 14:13:50 - round.py - INFO - update_tris - Alessio ----> 7 -->7_Cuori_Blu
2025-11-02 14:13:50 - round.py - INFO - discard - Alessio ----> 5_Picche_Rosso
2025-11-02 14:13:50 - round.py - INFO - pick_up_discard - MariaGrazia ----> 5_Quadri_Blu
2025-11-02 14:13:51 - player_onto_manager.py - INFO - apre_tris -  5_Picche_Blu -5 ----> partialScore ----> 5
2025-11-02 14:13:51 - player_onto_manager.py - INFO - apre_tris -  5_Quadri_Blu -5 ----> partialScore ----> 10
2025-11-02 14:13:51 - player_onto_manager.py - INFO - apre_tris -  5_Picche_Rosso -5 ----> partialScore ----> 15
2025-11-02 14:13:51 - player_onto_manager.py - INFO - apre_tris - FINAL partialScore ----> 15
2025-11-02 14:13:51 - round.py - INFO - open_tris - MariaGrazia ----> [(5, 97, 'Picche', 5), (5, 71, 'Quadri', 5), (5, 43, 'Picche', 5)]
2025-11-02 14:13:51 - round.py - INFO - discard - MariaGrazia ----> 9_Cuori_Rosso
2025-11-02 14:13:51 - round.py - INFO - pick_up_discard - Alessio ----> 9_Cuori_Rosso
2025-11-02 14:13:51 - round.py - INFO - discard - Alessio ----> 8_Picche_Rosso
2025-11-02 14:13:51 - round.py - INFO - pick_up_card - MariaGrazia ----> 5_Cuori_Rosso
2025-11-02 14:13:51 - round.py - INFO - update_tris - MariaGrazia ----> 5 -->5_Cuori_Rosso
2025-11-02 14:13:51 - round.py - INFO - discard - MariaGrazia ----> A_Quadri_Blu
2025-11-02 14:13:51 - round.py - INFO - pick_up_card - Alessio ----> 5_Cuori_Blu
2025-11-02 14:13:51 - round.py - INFO - discard - Alessio ----> 6_Quadri_Rosso
2025-11-02 14:13:51 - round.py - INFO - pick_up_card - MariaGrazia ----> 9_Fiori_Rosso
2025-11-02 14:13:51 - player_onto_manager.py - INFO - apre_tris -  9_Fiori_Rosso -10 ----> partialScore ----> 10
2025-11-02 14:13:51 - player_onto_manager.py - INFO - apre_tris -  9_Cuori_Rosso -10 ----> partialScore ----> 20
2025-11-02 14:13:51 - player_onto_manager.py - INFO - apre_tris -  9_Picche_Blu -10 ----> partialScore ----> 30
2025-11-02 14:13:51 - player_onto_manager.py - INFO - apre_tris - FINAL partialScore ----> 30
2025-11-02 14:13:51 - round.py - INFO - open_tris - MariaGrazia ----> [(9, 34, 'Fiori', 10), (9, 8, 'Cuori', 10), (9, 101, 'Picche', 10)]
2025-11-02 14:13:51 - round.py - INFO - discard - MariaGrazia ----> 4_Quadri_Blu
2025-11-02 14:13:51 - round.py - INFO - pick_up_discard - Alessio ----> 8_Picche_Rosso
2025-11-02 14:13:52 - player_onto_manager.py - INFO - apre_tris -  A_Fiori_Blu -15 ----> partialScore ----> 15
2025-11-02 14:13:52 - player_onto_manager.py - INFO - apre_tris -  A_Fiori_Rosso -15 ----> partialScore ----> 30
2025-11-02 14:13:52 - player_onto_manager.py - INFO - apre_tris -  A_Quadri_Blu -15 ----> partialScore ----> 45
2025-11-02 14:13:52 - player_onto_manager.py - INFO - apre_tris - FINAL partialScore ----> 45
2025-11-02 14:13:52 - round.py - INFO - open_tris - Alessio ----> [(1, 80, 'Fiori', 15), (1, 26, 'Fiori', 15), (1, 67, 'Quadri', 15)]
2025-11-02 14:13:52 - round.py - INFO - discard - Alessio ----> 8_Picche_Rosso
2025-11-02 14:13:52 - round.py - INFO - pick_up_card - MariaGrazia ----> 4_Cuori_Rosso
2025-11-02 14:13:52 - round.py - INFO - discard - MariaGrazia ----> 3_Cuori_Blu
2025-11-02 14:13:52 - round.py - INFO - pick_up_card - Alessio ----> A_Cuori_Rosso
2025-11-02 14:13:52 - round.py - INFO - update_tris - Alessio ----> 1 -->A_Cuori_Rosso
2025-11-02 14:13:52 - round.py - INFO - discard - Alessio ----> 4_Quadri_Blu
2025-11-02 14:13:52 - round.py - INFO - pick_up_discard - MariaGrazia ----> 8_Picche_Rosso
2025-11-02 14:13:52 - round.py - INFO - discard - MariaGrazia ----> 4_Cuori_Rosso
2025-11-02 14:13:52 - round.py - INFO - pick_up_card - Alessio ----> 4_Picche_Rosso
2025-11-02 14:13:53 - round.py - INFO - discard - Alessio ----> 6_Quadri_Rosso
2025-11-02 14:13:53 - round.py - INFO - pick_up_card - MariaGrazia ----> 9_Fiori_Blu
2025-11-02 14:13:53 - round.py - INFO - update_tris - MariaGrazia ----> 9 -->9_Fiori_Blu
2025-11-02 14:13:53 - round.py - INFO - discard - MariaGrazia ----> 4_Quadri_Blu
2025-11-02 14:13:53 - round.py - INFO - pick_up_card - Alessio ----> 6_Fiori_Blu
2025-11-02 14:13:53 - round.py - INFO - discard - Alessio ----> K_Fiori_Rosso
2025-11-02 14:13:53 - round.py - INFO - pick_up_card - MariaGrazia ----> 8_Quadri_Blu
2025-11-02 14:13:53 - round.py - INFO - discard - MariaGrazia ----> 8_Quadri_Blu
2025-11-02 14:13:53 - round.py - INFO - pick_up_discard - Alessio ----> 4_Cuori_Rosso
2025-11-02 14:13:53 - player_onto_manager.py - INFO - apre_tris -  4_Quadri_Blu -5 ----> partialScore ----> 5
2025-11-02 14:13:53 - player_onto_manager.py - INFO - apre_tris -  4_Cuori_Rosso -5 ----> partialScore ----> 10
2025-11-02 14:13:53 - player_onto_manager.py - INFO - apre_tris -  4_Picche_Rosso -5 ----> partialScore ----> 15
2025-11-02 14:13:53 - player_onto_manager.py - INFO - apre_tris - FINAL partialScore ----> 15
2025-11-02 14:13:53 - round.py - INFO - open_tris - Alessio ----> [(4, 70, 'Quadri', 5), (4, 3, 'Cuori', 5), (4, 42, 'Picche', 5)]
2025-11-02 14:13:54 - round.py - INFO - discard - Alessio ----> 6_Fiori_Blu
2025-11-02 14:13:54 - round.py - INFO - pick_up_discard - MariaGrazia ----> 6_Fiori_Blu
2025-11-02 14:13:54 - round.py - INFO - update_tris - MariaGrazia ----> 6 -->6_Fiori_Blu
2025-11-02 14:13:54 - round.py - INFO - discard - MariaGrazia ----> 8_Picche_Rosso
2025-11-02 14:13:54 - round.py - INFO - pick_up_card - Alessio ----> 5_Fiori_Rosso
2025-11-02 14:13:54 - round.py - INFO - discard - Alessio ----> 5_Fiori_Rosso
2025-11-02 14:13:54 - round.py - INFO - pick_up_discard - MariaGrazia ----> 8_Picche_Rosso
2025-11-02 14:13:54 - round.py - INFO - update_tris - MariaGrazia ----> 5 -->5_Fiori_Rosso
2025-11-02 14:13:54 - round.py - INFO - discard - MariaGrazia ----> 3_Cuori_Blu
2025-11-02 14:13:54 - round.py - INFO - pick_up_discard - Alessio ----> 3_Cuori_Blu
2025-11-02 14:13:54 - round.py - INFO - update_tris - Alessio ----> 3 -->3_Cuori_Blu
2025-11-02 14:13:54 - round.py - INFO - discard - Alessio ----> 9_Cuori_Rosso
2025-11-02 14:13:54 - round.py - INFO - pick_up_discard - MariaGrazia ----> 9_Cuori_Rosso
2025-11-02 14:13:54 - round.py - INFO - update_tris - MariaGrazia ----> 9 -->9_Cuori_Rosso
2025-11-02 14:13:54 - round.py - INFO - close_game - MariaGrazia ----> 8_Picche_Rosso
