2025-11-02 14:13:33 - logger.py - INFO - _initialize - Logger inizializzato. File di log: logs/2025_11_02\partita_20251102_141333796178.log
2025-11-02 14:13:33 - round.py - INFO - pick_up_discard - Alessio ----> K_Fiori_Rosso
2025-11-02 14:13:35 - player_onto_manager.py - INFO - apre_tris -  Q_Fiori_Rosso -10 ----> partialScore ----> 10
2025-11-02 14:13:35 - player_onto_manager.py - INFO - apre_tris -  Q_Picche_Rosso -10 ----> partialScore ----> 20
2025-11-02 14:13:35 - player_onto_manager.py - INFO - apre_tris -  Q_Picche_Blu -10 ----> partialScore ----> 30
2025-11-02 14:13:35 - player_onto_manager.py - INFO - apre_tris - FINAL partialScore ----> 30
2025-11-02 14:13:35 - round.py - INFO - open_tris - Alessio ----> [(12, 37, 'Fiori', 10), (12, 50, 'Picche', 10), (12, 104, 'Picche', 10)]
2025-11-02 14:13:35 - round.py - INFO - update_tris - Alessio ----> 12 -->2_Cuori_Blu
2025-11-02 14:13:36 - round.py - INFO - discard - Alessio ----> 8_Picche_Blu
2025-11-02 14:13:36 - round.py - INFO - pick_up_discard - MariaGrazia ----> 8_Picche_Blu
2025-11-02 14:13:37 - round.py - INFO - open_meld - MariaGrazia ----> [(-1, 81, 'Jolly', 20), (4, 96, 'Picche', 5), (5, 43, 'Picche', 5)]
2025-11-02 14:13:37 - player_onto_manager.py - INFO - apre_tris -  5_Quadri_Blu -5 ----> partialScore ----> 5
2025-11-02 14:13:37 - player_onto_manager.py - INFO - apre_tris -  5_Cuori_Rosso -5 ----> partialScore ----> 10
2025-11-02 14:13:37 - player_onto_manager.py - INFO - apre_tris -  5_Fiori_Rosso -5 ----> partialScore ----> 15
2025-11-02 14:13:37 - player_onto_manager.py - INFO - apre_tris - FINAL partialScore ----> 15
2025-11-02 14:13:37 - round.py - INFO - open_tris - MariaGrazia ----> [(5, 71, 'Quadri', 5), (5, 4, 'Cuori', 5), (5, 30, 'Fiori', 5)]
2025-11-02 14:13:37 - round.py - INFO - update_tris - MariaGrazia ----> 5 -->Jolly_Jolly_N_Blu
2025-11-02 14:13:37 - round.py - INFO - discard - MariaGrazia ----> 4_Quadri_Rosso
2025-11-02 14:13:38 - round.py - INFO - pick_up_discard - Alessio ----> 4_Quadri_Rosso
2025-11-02 14:13:38 - round.py - INFO - discard - Alessio ----> J_Picche_Rosso
2025-11-02 14:13:38 - round.py - INFO - pick_up_card - MariaGrazia ----> 8_Picche_Blu
2025-11-02 14:13:38 - round.py - INFO - discard - MariaGrazia ----> J_Cuori_Blu
2025-11-02 14:13:38 - round.py - INFO - pick_up_discard - Alessio ----> J_Picche_Rosso
2025-11-02 14:13:38 - player_onto_manager.py - INFO - apre_tris -  J_Cuori_Rosso -10 ----> partialScore ----> 10
2025-11-02 14:13:38 - player_onto_manager.py - INFO - apre_tris -  J_Cuori_Blu -10 ----> partialScore ----> 20
2025-11-02 14:13:38 - player_onto_manager.py - INFO - apre_tris -  J_Picche_Rosso -10 ----> partialScore ----> 30
2025-11-02 14:13:38 - player_onto_manager.py - INFO - apre_tris - FINAL partialScore ----> 30
2025-11-02 14:13:38 - round.py - INFO - open_tris - Alessio ----> [(11, 10, 'Cuori', 10), (11, 64, 'Cuori', 10), (11, 49, 'Picche', 10)]
2025-11-02 14:13:38 - round.py - INFO - discard - Alessio ----> 9_Cuori_Blu
2025-11-02 14:13:38 - round.py - INFO - pick_up_card - MariaGrazia ----> 9_Cuori_Blu
2025-11-02 14:13:38 - round.py - INFO - discard - MariaGrazia ----> 4_Cuori_Rosso
2025-11-02 14:13:38 - round.py - INFO - pick_up_card - Alessio ----> J_Picche_Rosso
2025-11-02 14:13:39 - round.py - INFO - update_tris - Alessio ----> 11 -->J_Picche_Rosso
2025-11-02 14:13:39 - round.py - INFO - discard - Alessio ----> 4_Quadri_Rosso
2025-11-02 14:13:39 - round.py - INFO - pick_up_discard - MariaGrazia ----> 9_Cuori_Blu
2025-11-02 14:13:39 - round.py - INFO - discard - MariaGrazia ----> Q_Fiori_Blu
2025-11-02 14:13:39 - round.py - INFO - pick_up_card - Alessio ----> Q_Fiori_Rosso
2025-11-02 14:13:39 - round.py - INFO - update_tris - Alessio ----> 12 -->Q_Fiori_Rosso
2025-11-02 14:13:39 - round.py - INFO - discard - Alessio ----> K_Fiori_Rosso
2025-11-02 14:13:39 - round.py - INFO - pick_up_discard - MariaGrazia ----> Q_Fiori_Blu
2025-11-02 14:13:39 - round.py - INFO - discard - MariaGrazia ----> Q_Fiori_Blu
2025-11-02 14:13:39 - round.py - INFO - pick_up_card - Alessio ----> Q_Picche_Blu
2025-11-02 14:13:39 - round.py - INFO - update_tris - Alessio ----> 12 -->Q_Picche_Blu
2025-11-02 14:13:39 - round.py - INFO - discard - Alessio ----> A_Fiori_Blu
2025-11-02 14:13:39 - round.py - INFO - pick_up_card - MariaGrazia ----> J_Cuori_Rosso
2025-11-02 14:13:39 - round.py - INFO - discard - MariaGrazia ----> 8_Picche_Blu
2025-11-02 14:13:39 - round.py - INFO - pick_up_card - Alessio ----> 7_Picche_Blu
2025-11-02 14:13:39 - round.py - INFO - discard - Alessio ----> 7_Picche_Blu
2025-11-02 14:13:39 - round.py - INFO - pick_up_card - MariaGrazia ----> Q_Picche_Rosso
2025-11-02 14:13:40 - round.py - INFO - discard - MariaGrazia ----> 9_Cuori_Blu
2025-11-02 14:13:40 - round.py - INFO - pick_up_discard - Alessio ----> Q_Fiori_Blu
2025-11-02 14:13:40 - round.py - INFO - update_tris - Alessio ----> 12 -->Q_Fiori_Blu
2025-11-02 14:13:40 - round.py - INFO - discard - Alessio ----> 9_Cuori_Blu
2025-11-02 14:13:40 - round.py - INFO - pick_up_discard - MariaGrazia ----> 9_Cuori_Blu
2025-11-02 14:13:40 - round.py - INFO - discard - MariaGrazia ----> J_Cuori_Rosso
2025-11-02 14:13:40 - round.py - INFO - pick_up_discard - Alessio ----> J_Cuori_Rosso
2025-11-02 14:13:40 - round.py - INFO - update_tris - Alessio ----> 11 -->J_Cuori_Rosso
2025-11-02 14:13:40 - round.py - INFO - discard - Alessio ----> 7_Picche_Blu
2025-11-02 14:13:40 - round.py - INFO - pick_up_card - MariaGrazia ----> 2_Cuori_Blu
2025-11-02 14:13:41 - round.py - INFO - update_meld - MariaGrazia ----> Updated_Game_Ontology20251102_141329582039.Picche --> 2_Cuori_Blu
2025-11-02 14:13:41 - round.py - INFO - discard - MariaGrazia ----> K_Fiori_Rosso
2025-11-02 14:13:41 - round.py - INFO - pick_up_card - Alessio ----> 3_Picche_Blu
2025-11-02 14:13:41 - round.py - INFO - discard - Alessio ----> A_Fiori_Blu
2025-11-02 14:13:41 - round.py - INFO - pick_up_card - MariaGrazia ----> A_Fiori_Blu
2025-11-02 14:13:41 - round.py - INFO - discard - MariaGrazia ----> 9_Cuori_Blu
2025-11-02 14:13:41 - round.py - INFO - pick_up_discard - Alessio ----> 7_Picche_Blu
2025-11-02 14:13:41 - round.py - INFO - discard - Alessio ----> 8_Picche_Blu
2025-11-02 14:13:41 - round.py - INFO - pick_up_card - MariaGrazia ----> 4_Quadri_Rosso
2025-11-02 14:13:41 - round.py - INFO - discard - MariaGrazia ----> Q_Picche_Rosso
2025-11-02 14:13:41 - round.py - INFO - pick_up_card - Alessio ----> 5_Quadri_Blu
2025-11-02 14:13:42 - round.py - INFO - discard - Alessio ----> A_Fiori_Blu
2025-11-02 14:13:42 - round.py - INFO - pick_up_discard - MariaGrazia ----> 8_Picche_Blu
2025-11-02 14:13:42 - round.py - INFO - discard - MariaGrazia ----> 8_Picche_Blu
2025-11-02 14:13:42 - round.py - INFO - pick_up_discard - Alessio ----> 8_Picche_Blu
2025-11-02 14:13:42 - round.py - INFO - discard - Alessio ----> 5_Quadri_Blu
2025-11-02 14:13:42 - round.py - INFO - pick_up_card - MariaGrazia ----> J_Cuori_Blu
2025-11-02 14:13:42 - round.py - INFO - discard - MariaGrazia ----> J_Cuori_Blu
2025-11-02 14:13:42 - round.py - INFO - pick_up_discard - Alessio ----> 5_Quadri_Blu
2025-11-02 14:13:43 - round.py - INFO - update_tris - Alessio ----> 11 -->J_Cuori_Blu
2025-11-02 14:13:43 - round.py - INFO - discard - Alessio ----> 5_Quadri_Blu
2025-11-02 14:13:43 - round.py - INFO - pick_up_card - MariaGrazia ----> 4_Cuori_Rosso
2025-11-02 14:13:43 - round.py - INFO - discard - MariaGrazia ----> 4_Cuori_Rosso
2025-11-02 14:13:43 - round.py - INFO - pick_up_card - Alessio ----> 2_Fiori_Blu
2025-11-02 14:13:44 - round.py - INFO - update_tris - Alessio ----> 11 -->2_Fiori_Blu
2025-11-02 14:13:44 - round.py - INFO - discard - Alessio ----> 3_Picche_Blu
2025-11-02 14:13:44 - round.py - INFO - pick_up_discard - MariaGrazia ----> 5_Quadri_Blu
2025-11-02 14:13:45 - round.py - INFO - update_meld - MariaGrazia ----> Updated_Game_Ontology20251102_141329582039.Picche --> 3_Picche_Blu
2025-11-02 14:13:45 - round.py - INFO - update_tris - MariaGrazia ----> 5 -->5_Quadri_Blu
2025-11-02 14:13:45 - round.py - INFO - discard - MariaGrazia ----> 4_Cuori_Rosso
2025-11-02 14:13:45 - round.py - INFO - pick_up_discard - Alessio ----> 4_Cuori_Rosso
2025-11-02 14:13:46 - round.py - INFO - discard - Alessio ----> 9_Cuori_Blu
2025-11-02 14:13:46 - round.py - INFO - pick_up_discard - MariaGrazia ----> 9_Cuori_Blu
2025-11-02 14:13:46 - round.py - INFO - discard - MariaGrazia ----> 8_Picche_Blu
2025-11-02 14:13:46 - round.py - INFO - pick_up_card - Alessio ----> 5_Cuori_Rosso
2025-11-02 14:13:46 - round.py - INFO - discard - Alessio ----> 7_Picche_Blu
2025-11-02 14:13:46 - round.py - INFO - pick_up_card - MariaGrazia ----> Q_Fiori_Blu
2025-11-02 14:13:46 - round.py - INFO - discard - MariaGrazia ----> A_Fiori_Blu
2025-11-02 14:13:46 - round.py - INFO - pick_up_card - Alessio ----> 5_Fiori_Rosso
2025-11-02 14:13:47 - round.py - INFO - discard - Alessio ----> 3_Picche_Blu
2025-11-02 14:13:47 - round.py - INFO - pick_up_card - MariaGrazia ----> Jolly_Jolly_N_Blu
2025-11-02 14:13:47 - player_onto_manager.py - INFO - apre_tris -  Jolly_Jolly_N_Blu -30 ----> partialScore ----> 30
2025-11-02 14:13:47 - player_onto_manager.py - INFO - apre_tris -  Q_Fiori_Blu -10 ----> partialScore ----> 40
2025-11-02 14:13:47 - player_onto_manager.py - INFO - apre_tris -  Q_Picche_Rosso -10 ----> partialScore ----> 50
2025-11-02 14:13:47 - player_onto_manager.py - INFO - apre_tris - FINAL partialScore ----> 50
2025-11-02 14:13:47 - round.py - INFO - open_tris - MariaGrazia ----> [(-1, 106, 'Jolly', 30), (12, 91, 'Fiori', 10), (12, 50, 'Picche', 10)]
2025-11-02 14:13:47 - round.py - INFO - discard - MariaGrazia ----> 4_Cuori_Rosso
2025-11-02 14:13:47 - round.py - INFO - pick_up_card - Alessio ----> 5_Picche_Rosso
2025-11-02 14:13:47 - player_onto_manager.py - INFO - apre_tris -  5_Picche_Rosso -5 ----> partialScore ----> 5
2025-11-02 14:13:47 - player_onto_manager.py - INFO - apre_tris -  5_Cuori_Rosso -5 ----> partialScore ----> 10
2025-11-02 14:13:47 - player_onto_manager.py - INFO - apre_tris -  5_Fiori_Rosso -5 ----> partialScore ----> 15
2025-11-02 14:13:47 - player_onto_manager.py - INFO - apre_tris - FINAL partialScore ----> 15
2025-11-02 14:13:47 - round.py - INFO - open_tris - Alessio ----> [(5, 43, 'Picche', 5), (5, 4, 'Cuori', 5), (5, 30, 'Fiori', 5)]
2025-11-02 14:13:47 - round.py - INFO - discard - Alessio ----> 8_Picche_Blu
2025-11-02 14:13:47 - round.py - INFO - pick_up_card - MariaGrazia ----> 4_Picche_Blu
2025-11-02 14:13:47 - round.py - INFO - discard - MariaGrazia ----> 4_Picche_Blu
2025-11-02 14:13:47 - round.py - INFO - pick_up_card - Alessio ----> Q_Quadri_Rosso
2025-11-02 14:13:47 - round.py - INFO - update_tris - Alessio ----> 12 -->Q_Quadri_Rosso
2025-11-02 14:13:47 - round.py - INFO - discard - Alessio ----> K_Fiori_Rosso
2025-11-02 14:13:47 - round.py - INFO - pick_up_card - MariaGrazia ----> 10_Cuori_Blu
2025-11-02 14:13:47 - round.py - INFO - discard - MariaGrazia ----> 10_Cuori_Blu
2025-11-02 14:13:47 - round.py - INFO - pick_up_card - Alessio ----> A_Picche_Blu
2025-11-02 14:13:47 - round.py - INFO - discard - Alessio ----> A_Picche_Blu
2025-11-02 14:13:47 - round.py - INFO - pick_up_discard - MariaGrazia ----> 8_Picche_Blu
2025-11-02 14:13:51 - player_onto_manager.py - INFO - apre_tris -  4_Picche_Blu -5 ----> partialScore ----> 5
2025-11-02 14:13:51 - player_onto_manager.py - INFO - apre_tris -  4_Quadri_Rosso -5 ----> partialScore ----> 10
2025-11-02 14:13:51 - player_onto_manager.py - INFO - apre_tris -  4_Cuori_Rosso -5 ----> partialScore ----> 15
2025-11-02 14:13:51 - player_onto_manager.py - INFO - apre_tris - FINAL partialScore ----> 15
2025-11-02 14:13:51 - round.py - INFO - open_tris - MariaGrazia ----> [(4, 96, 'Picche', 5), (4, 16, 'Quadri', 5), (4, 3, 'Cuori', 5)]
2025-11-02 14:13:52 - round.py - INFO - update_tris - MariaGrazia ----> 4 -->4_Quadri_Rosso
2025-11-02 14:13:53 - round.py - INFO - update_meld - MariaGrazia ----> Updated_Game_Ontology20251102_141329582039.Picche --> A_Picche_Blu
2025-11-02 14:13:53 - round.py - INFO - discard - MariaGrazia ----> 9_Cuori_Blu
2025-11-02 14:13:53 - round.py - INFO - pick_up_card - Alessio ----> 10_Quadri_Blu
2025-11-02 14:13:53 - round.py - INFO - discard - Alessio ----> 10_Quadri_Blu
2025-11-02 14:13:53 - round.py - INFO - pick_up_discard - MariaGrazia ----> 9_Cuori_Blu
2025-11-02 14:13:54 - round.py - INFO - discard - MariaGrazia ----> 9_Cuori_Blu
2025-11-02 14:13:54 - round.py - INFO - pick_up_discard - Alessio ----> 9_Cuori_Blu
2025-11-02 14:13:54 - round.py - INFO - discard - Alessio ----> 7_Picche_Blu
2025-11-02 14:13:54 - round.py - INFO - pick_up_card - MariaGrazia ----> 7_Picche_Rosso
2025-11-02 14:13:55 - round.py - INFO - discard - MariaGrazia ----> 7_Picche_Rosso
2025-11-02 14:13:55 - round.py - INFO - pick_up_discard - Alessio ----> 7_Picche_Blu
2025-11-02 14:13:55 - round.py - INFO - discard - Alessio ----> 9_Cuori_Blu
2025-11-02 14:13:55 - round.py - INFO - pick_up_discard - MariaGrazia ----> 9_Cuori_Blu
2025-11-02 14:13:56 - round.py - INFO - discard - MariaGrazia ----> 8_Picche_Blu
2025-11-02 14:13:56 - round.py - INFO - pick_up_card - Alessio ----> K_Cuori_Rosso
2025-11-02 14:13:56 - round.py - INFO - discard - Alessio ----> 7_Picche_Blu
2025-11-02 14:13:56 - round.py - INFO - pick_up_card - MariaGrazia ----> 3_Picche_Rosso
2025-11-02 14:13:57 - round.py - INFO - discard - MariaGrazia ----> 9_Cuori_Blu
2025-11-02 14:13:57 - round.py - INFO - pick_up_discard - Alessio ----> 8_Picche_Blu
2025-11-02 14:13:57 - round.py - INFO - discard - Alessio ----> 9_Cuori_Blu
2025-11-02 14:13:57 - round.py - INFO - pick_up_card - MariaGrazia ----> Jolly_Jolly_N_Rosso
2025-11-02 14:13:58 - round.py - INFO - open_meld - MariaGrazia ----> [(-1, 52, 'Jolly', 30), (9, 62, 'Cuori', 10), (10, 63, 'Cuori', 10)]
2025-11-02 14:13:58 - round.py - INFO - discard - MariaGrazia ----> 3_Picche_Rosso
2025-11-02 14:13:58 - round.py - INFO - pick_up_discard - Alessio ----> 9_Cuori_Blu
2025-11-02 14:13:58 - round.py - INFO - discard - Alessio ----> 9_Cuori_Blu
2025-11-02 14:13:58 - round.py - INFO - pick_up_card - MariaGrazia ----> 4_Fiori_Blu
2025-11-02 14:13:58 - round.py - INFO - update_tris - MariaGrazia ----> 4 -->4_Fiori_Blu
2025-11-02 14:13:59 - round.py - INFO - discard - MariaGrazia ----> 8_Picche_Blu
2025-11-02 14:13:59 - round.py - INFO - pick_up_card - Alessio ----> 6_Quadri_Rosso
2025-11-02 14:13:59 - round.py - INFO - discard - Alessio ----> 4_Cuori_Rosso
2025-11-02 14:13:59 - round.py - INFO - pick_up_card - MariaGrazia ----> 10_Fiori_Rosso
2025-11-02 14:13:59 - round.py - INFO - discard - MariaGrazia ----> 3_Picche_Blu
2025-11-02 14:13:59 - round.py - INFO - pick_up_discard - Alessio ----> 9_Cuori_Blu
2025-11-02 14:13:59 - round.py - INFO - discard - Alessio ----> 7_Picche_Blu
2025-11-02 14:13:59 - round.py - INFO - pick_up_discard - MariaGrazia ----> 7_Picche_Blu
2025-11-02 14:14:00 - round.py - INFO - discard - MariaGrazia ----> A_Fiori_Blu
2025-11-02 14:14:00 - round.py - INFO - pick_up_discard - Alessio ----> A_Fiori_Blu
2025-11-02 14:14:00 - round.py - INFO - discard - Alessio ----> A_Fiori_Blu
2025-11-02 14:14:00 - round.py - INFO - pick_up_card - MariaGrazia ----> 8_Cuori_Rosso
2025-11-02 14:14:00 - round.py - INFO - update_meld - MariaGrazia ----> Updated_Game_Ontology20251102_141329582039.Cuori --> 8_Cuori_Rosso
2025-11-02 14:14:00 - round.py - INFO - discard - MariaGrazia ----> 7_Picche_Blu
2025-11-02 14:14:00 - round.py - INFO - pick_up_card - Alessio ----> J_Quadri_Blu
2025-11-02 14:14:01 - round.py - INFO - update_tris - Alessio ----> 11 -->J_Quadri_Blu
2025-11-02 14:14:01 - round.py - INFO - discard - Alessio ----> K_Cuori_Rosso
2025-11-02 14:14:01 - round.py - INFO - pick_up_card - MariaGrazia ----> 9_Fiori_Rosso
2025-11-02 14:14:02 - round.py - INFO - discard - MariaGrazia ----> K_Fiori_Rosso
2025-11-02 14:14:02 - round.py - INFO - pick_up_discard - Alessio ----> A_Fiori_Blu
2025-11-02 14:14:03 - round.py - INFO - discard - Alessio ----> 7_Picche_Rosso
2025-11-02 14:14:03 - round.py - INFO - pick_up_discard - MariaGrazia ----> 7_Picche_Rosso
2025-11-02 14:14:03 - round.py - INFO - discard - MariaGrazia ----> 10_Fiori_Rosso
2025-11-02 14:14:03 - round.py - INFO - pick_up_card - Alessio ----> K_Picche_Blu
2025-11-02 14:14:04 - player_onto_manager.py - INFO - apre_tris -  K_Cuori_Rosso -10 ----> partialScore ----> 10
2025-11-02 14:14:04 - player_onto_manager.py - INFO - apre_tris -  K_Picche_Blu -10 ----> partialScore ----> 20
2025-11-02 14:14:04 - player_onto_manager.py - INFO - apre_tris -  K_Fiori_Rosso -10 ----> partialScore ----> 30
2025-11-02 14:14:04 - player_onto_manager.py - INFO - apre_tris - FINAL partialScore ----> 30
2025-11-02 14:14:04 - round.py - INFO - open_tris - Alessio ----> [(13, 12, 'Cuori', 10), (13, 105, 'Picche', 10), (13, 38, 'Fiori', 10)]
2025-11-02 14:14:05 - round.py - INFO - discard - Alessio ----> 6_Quadri_Rosso
2025-11-02 14:14:05 - round.py - INFO - pick_up_card - MariaGrazia ----> Q_Cuori_Blu
2025-11-02 14:14:05 - round.py - INFO - update_tris - MariaGrazia ----> 12 -->Q_Cuori_Blu
2025-11-02 14:14:05 - round.py - INFO - discard - MariaGrazia ----> 10_Quadri_Blu
2025-11-02 14:14:05 - round.py - INFO - pick_up_discard - Alessio ----> 10_Fiori_Rosso
2025-11-02 14:14:06 - round.py - INFO - discard - Alessio ----> 8_Picche_Blu
2025-11-02 14:14:06 - round.py - INFO - pick_up_card - MariaGrazia ----> Q_Quadri_Blu
2025-11-02 14:14:06 - round.py - INFO - update_tris - MariaGrazia ----> 12 -->Q_Quadri_Blu
2025-11-02 14:14:06 - round.py - INFO - discard - MariaGrazia ----> 7_Picche_Rosso
2025-11-02 14:14:06 - round.py - INFO - pick_up_discard - Alessio ----> 8_Picche_Blu
2025-11-02 14:14:07 - round.py - INFO - discard - Alessio ----> 10_Quadri_Blu
2025-11-02 14:14:07 - round.py - INFO - pick_up_card - MariaGrazia ----> 4_Cuori_Blu
2025-11-02 14:14:07 - round.py - INFO - update_tris - MariaGrazia ----> 4 -->4_Cuori_Blu
2025-11-02 14:14:07 - round.py - INFO - discard - MariaGrazia ----> A_Fiori_Blu
2025-11-02 14:14:07 - round.py - INFO - pick_up_card - Alessio ----> 6_Picche_Blu
2025-11-02 14:14:08 - round.py - INFO - open_meld - Alessio ----> [(6, 98, 'Picche', 5), (7, 99, 'Picche', 5), (8, 100, 'Picche', 10)]
2025-11-02 14:14:09 - round.py - INFO - discard - Alessio ----> 6_Quadri_Rosso
2025-11-02 14:14:09 - round.py - INFO - pick_up_card - MariaGrazia ----> 8_Picche_Rosso
2025-11-02 14:14:09 - round.py - INFO - discard - MariaGrazia ----> 8_Picche_Rosso
2025-11-02 14:14:09 - round.py - INFO - pick_up_discard - Alessio ----> 10_Quadri_Blu
2025-11-02 14:14:10 - round.py - INFO - discard - Alessio ----> 3_Picche_Blu
2025-11-02 14:14:10 - round.py - INFO - pick_up_discard - MariaGrazia ----> 3_Picche_Blu
2025-11-02 14:14:10 - round.py - INFO - discard - MariaGrazia ----> 3_Picche_Blu
2025-11-02 14:14:10 - round.py - INFO - pick_up_card - Alessio ----> 9_Fiori_Blu
2025-11-02 14:14:11 - round.py - INFO - discard - Alessio ----> 7_Picche_Rosso
2025-11-02 14:14:11 - round.py - INFO - pick_up_discard - MariaGrazia ----> 3_Picche_Blu
2025-11-02 14:14:11 - round.py - INFO - discard - MariaGrazia ----> 3_Picche_Blu
2025-11-02 14:14:11 - round.py - INFO - pick_up_discard - Alessio ----> 3_Picche_Blu
2025-11-02 14:14:12 - round.py - INFO - discard - Alessio ----> 3_Picche_Rosso
2025-11-02 14:14:12 - round.py - INFO - pick_up_discard - MariaGrazia ----> 3_Picche_Rosso
2025-11-02 14:14:12 - round.py - INFO - discard - MariaGrazia ----> 9_Fiori_Rosso
2025-11-02 14:14:12 - round.py - INFO - pick_up_discard - Alessio ----> 9_Fiori_Rosso
2025-11-02 14:14:14 - player_onto_manager.py - INFO - apre_tris -  9_Cuori_Blu -10 ----> partialScore ----> 10
2025-11-02 14:14:14 - player_onto_manager.py - INFO - apre_tris -  9_Fiori_Blu -10 ----> partialScore ----> 20
2025-11-02 14:14:14 - player_onto_manager.py - INFO - apre_tris -  9_Fiori_Rosso -10 ----> partialScore ----> 30
2025-11-02 14:14:14 - player_onto_manager.py - INFO - apre_tris - FINAL partialScore ----> 30
2025-11-02 14:14:14 - round.py - INFO - open_tris - Alessio ----> [(9, 62, 'Cuori', 10), (9, 88, 'Fiori', 10), (9, 34, 'Fiori', 10)]
2025-11-02 14:14:14 - round.py - INFO - discard - Alessio ----> A_Fiori_Blu
2025-11-02 14:14:14 - round.py - INFO - pick_up_discard - MariaGrazia ----> A_Fiori_Blu
2025-11-02 14:14:14 - round.py - INFO - discard - MariaGrazia ----> 3_Picche_Rosso
2025-11-02 14:14:14 - round.py - INFO - pick_up_discard - Alessio ----> 3_Picche_Rosso
2025-11-02 14:14:15 - round.py - INFO - discard - Alessio ----> 6_Quadri_Rosso
2025-11-02 14:14:15 - round.py - INFO - pick_up_discard - MariaGrazia ----> 6_Quadri_Rosso
2025-11-02 14:14:15 - round.py - INFO - discard - MariaGrazia ----> 6_Quadri_Rosso
2025-11-02 14:14:15 - round.py - INFO - pick_up_discard - Alessio ----> 6_Quadri_Rosso
2025-11-02 14:14:15 - round.py - INFO - discard - Alessio ----> 6_Quadri_Rosso
2025-11-02 14:14:15 - round.py - INFO - pick_up_card - MariaGrazia ----> J_Picche_Blu
2025-11-02 14:14:15 - round.py - INFO - discard - MariaGrazia ----> 7_Picche_Rosso
2025-11-02 14:14:15 - round.py - INFO - pick_up_discard - Alessio ----> 6_Quadri_Rosso
2025-11-02 14:14:16 - round.py - INFO - discard - Alessio ----> 6_Quadri_Rosso
2025-11-02 14:14:16 - round.py - INFO - pick_up_discard - MariaGrazia ----> 6_Quadri_Rosso
2025-11-02 14:14:16 - round.py - INFO - discard - MariaGrazia ----> 6_Quadri_Rosso
2025-11-02 14:14:16 - round.py - INFO - pick_up_discard - Alessio ----> 6_Quadri_Rosso
2025-11-02 14:14:16 - round.py - INFO - discard - Alessio ----> 3_Picche_Rosso
2025-11-02 14:14:16 - round.py - INFO - pick_up_card - MariaGrazia ----> 10_Quadri_Rosso
2025-11-02 14:14:16 - round.py - INFO - discard - MariaGrazia ----> A_Fiori_Blu
2025-11-02 14:14:16 - round.py - INFO - pick_up_card - Alessio ----> 10_Picche_Blu
2025-11-02 14:14:17 - player_onto_manager.py - INFO - apre_tris -  10_Quadri_Blu -10 ----> partialScore ----> 10
2025-11-02 14:14:17 - player_onto_manager.py - INFO - apre_tris -  10_Fiori_Rosso -10 ----> partialScore ----> 20
2025-11-02 14:14:17 - player_onto_manager.py - INFO - apre_tris -  10_Picche_Blu -10 ----> partialScore ----> 30
2025-11-02 14:14:17 - player_onto_manager.py - INFO - apre_tris - FINAL partialScore ----> 30
2025-11-02 14:14:17 - round.py - INFO - open_tris - Alessio ----> [(10, 76, 'Quadri', 10), (10, 35, 'Fiori', 10), (10, 102, 'Picche', 10)]
2025-11-02 14:14:17 - round.py - INFO - discard - Alessio ----> 3_Picche_Blu
2025-11-02 14:14:17 - round.py - INFO - pick_up_discard - MariaGrazia ----> 3_Picche_Rosso
2025-11-02 14:14:17 - round.py - INFO - discard - MariaGrazia ----> 3_Picche_Blu
2025-11-02 14:14:17 - round.py - INFO - pick_up_card - Alessio ----> 5_Picche_Blu
2025-11-02 14:14:17 - round.py - INFO - update_meld - Alessio ----> Updated_Game_Ontology20251102_141329582039.Picche --> 5_Picche_Blu
2025-11-02 14:14:17 - round.py - INFO - discard - Alessio ----> 8_Picche_Blu
2025-11-02 14:14:17 - round.py - INFO - pick_up_discard - MariaGrazia ----> 3_Picche_Blu
2025-11-02 14:14:18 - round.py - INFO - discard - MariaGrazia ----> 8_Picche_Blu
2025-11-02 14:14:18 - round.py - INFO - pick_up_discard - Alessio ----> 8_Picche_Blu
2025-11-02 14:14:18 - round.py - INFO - discard - Alessio ----> 8_Picche_Blu
2025-11-02 14:14:18 - round.py - INFO - pick_up_card - MariaGrazia ----> 2_Fiori_Rosso
2025-11-02 14:14:18 - round.py - INFO - update_tris - MariaGrazia ----> 4 -->2_Fiori_Rosso
2025-11-02 14:14:18 - round.py - INFO - discard - MariaGrazia ----> J_Picche_Blu
2025-11-02 14:14:18 - round.py - INFO - pick_up_discard - Alessio ----> 8_Picche_Blu
2025-11-02 14:14:18 - round.py - INFO - update_tris - Alessio ----> 11 -->J_Picche_Blu
2025-11-02 14:14:18 - round.py - INFO - discard - Alessio ----> 6_Quadri_Rosso
2025-11-02 14:14:18 - round.py - INFO - pick_up_discard - MariaGrazia ----> 6_Quadri_Rosso
2025-11-02 14:14:18 - round.py - INFO - discard - MariaGrazia ----> 3_Picche_Blu
2025-11-02 14:14:18 - round.py - INFO - pick_up_discard - Alessio ----> 3_Picche_Blu
2025-11-02 14:14:18 - round.py - INFO - discard - Alessio ----> 7_Picche_Rosso
2025-11-02 14:14:18 - round.py - INFO - pick_up_discard - MariaGrazia ----> 7_Picche_Rosso
2025-11-02 14:14:19 - round.py - INFO - discard - MariaGrazia ----> 10_Quadri_Rosso
2025-11-02 14:14:19 - round.py - INFO - pick_up_discard - Alessio ----> 10_Quadri_Rosso
2025-11-02 14:14:19 - round.py - INFO - update_tris - Alessio ----> 10 -->10_Quadri_Rosso
2025-11-02 14:14:19 - round.py - INFO - discard - Alessio ----> 4_Cuori_Rosso
2025-11-02 14:14:19 - round.py - INFO - pick_up_discard - MariaGrazia ----> 4_Cuori_Rosso
2025-11-02 14:14:19 - round.py - INFO - update_tris - MariaGrazia ----> 4 -->4_Cuori_Rosso
2025-11-02 14:14:19 - round.py - INFO - discard - MariaGrazia ----> 3_Picche_Rosso
2025-11-02 14:14:19 - round.py - INFO - pick_up_card - Alessio ----> 5_Cuori_Blu
2025-11-02 14:14:19 - round.py - INFO - update_tris - Alessio ----> 5 -->5_Cuori_Blu
2025-11-02 14:14:19 - round.py - INFO - discard - Alessio ----> A_Fiori_Blu
2025-11-02 14:14:19 - round.py - INFO - pick_up_card - MariaGrazia ----> 2_Picche_Rosso
2025-11-02 14:14:19 - player_onto_manager.py - INFO - apre_tris -  2_Picche_Rosso -20 ----> partialScore ----> 20
2025-11-02 14:14:19 - player_onto_manager.py - INFO - apre_tris -  7_Picche_Rosso -5 ----> partialScore ----> 25
2025-11-02 14:14:19 - player_onto_manager.py - INFO - apre_tris -  7_Picche_Blu -5 ----> partialScore ----> 30
2025-11-02 14:14:19 - player_onto_manager.py - INFO - apre_tris - FINAL partialScore ----> 30
2025-11-02 14:14:19 - round.py - INFO - open_tris - MariaGrazia ----> [(-1, 40, 'Jolly', 20), (7, 45, 'Picche', 5), (7, 99, 'Picche', 5)]
2025-11-02 14:14:19 - round.py - INFO - discard - MariaGrazia ----> A_Fiori_Blu
2025-11-02 14:14:19 - round.py - INFO - pick_up_card - Alessio ----> 5_Quadri_Rosso
2025-11-02 14:14:19 - round.py - INFO - update_tris - Alessio ----> 5 -->5_Quadri_Rosso
2025-11-02 14:14:19 - round.py - INFO - discard - Alessio ----> 3_Picche_Blu
2025-11-02 14:14:19 - round.py - INFO - pick_up_card - MariaGrazia ----> 6_Cuori_Rosso
2025-11-02 14:14:19 - round.py - INFO - discard - MariaGrazia ----> 6_Quadri_Rosso
2025-11-02 14:14:19 - round.py - INFO - pick_up_card - Alessio ----> A_Cuori_Blu
2025-11-02 14:14:19 - round.py - INFO - discard - Alessio ----> A_Cuori_Blu
2025-11-02 14:14:19 - round.py - INFO - pick_up_discard - MariaGrazia ----> 3_Picche_Rosso
2025-11-02 14:14:19 - round.py - INFO - discard - MariaGrazia ----> A_Fiori_Blu
2025-11-02 14:14:19 - round.py - INFO - pick_up_discard - Alessio ----> A_Fiori_Blu
2025-11-02 14:14:19 - round.py - INFO - discard - Alessio ----> A_Fiori_Blu
2025-11-02 14:14:19 - round.py - INFO - pick_up_discard - MariaGrazia ----> A_Fiori_Blu
2025-11-02 14:14:19 - round.py - INFO - discard - MariaGrazia ----> A_Fiori_Blu
2025-11-02 14:14:19 - round.py - INFO - pick_up_discard - Alessio ----> A_Fiori_Blu
2025-11-02 14:14:19 - round.py - INFO - discard - Alessio ----> A_Fiori_Blu
2025-11-02 14:14:19 - round.py - INFO - pick_up_discard - MariaGrazia ----> A_Fiori_Blu
2025-11-02 14:14:20 - round.py - INFO - discard - MariaGrazia ----> 6_Quadri_Rosso
2025-11-02 14:14:20 - round.py - INFO - pick_up_card - Alessio ----> 9_Picche_Rosso
2025-11-02 14:14:20 - round.py - INFO - update_meld - Alessio ----> Updated_Game_Ontology20251102_141329582039.Picche --> 9_Picche_Rosso
2025-11-02 14:14:20 - round.py - INFO - discard - Alessio ----> 8_Picche_Blu
2025-11-02 14:14:20 - round.py - INFO - pick_up_discard - MariaGrazia ----> 6_Quadri_Rosso
2025-11-02 14:14:20 - round.py - INFO - discard - MariaGrazia ----> A_Fiori_Blu
2025-11-02 14:14:20 - round.py - INFO - pick_up_card - Alessio ----> A_Cuori_Rosso
2025-11-02 14:14:20 - round.py - INFO - discard - Alessio ----> 8_Picche_Rosso
2025-11-02 14:14:20 - round.py - INFO - pick_up_card - MariaGrazia ----> K_Quadri_Blu
2025-11-02 14:14:20 - round.py - INFO - discard - MariaGrazia ----> 3_Picche_Blu
2025-11-02 14:14:20 - round.py - INFO - pick_up_card - Alessio ----> A_Quadri_Rosso
2025-11-02 14:14:20 - round.py - INFO - discard - Alessio ----> A_Cuori_Rosso
2025-11-02 14:14:20 - round.py - INFO - pick_up_card - MariaGrazia ----> 4_Quadri_Blu
2025-11-02 14:14:20 - round.py - INFO - update_tris - MariaGrazia ----> 4 -->4_Quadri_Blu
2025-11-02 14:14:20 - round.py - INFO - discard - MariaGrazia ----> K_Quadri_Blu
2025-11-02 14:14:20 - round.py - INFO - pick_up_card - Alessio ----> 8_Cuori_Blu
2025-11-02 14:14:20 - round.py - INFO - discard - Alessio ----> A_Quadri_Rosso
2025-11-02 14:14:20 - round.py - INFO - pick_up_discard - MariaGrazia ----> A_Fiori_Blu
2025-11-02 14:14:21 - player_onto_manager.py - INFO - apre_tris -  A_Cuori_Blu -15 ----> partialScore ----> 15
2025-11-02 14:14:21 - player_onto_manager.py - INFO - apre_tris -  A_Quadri_Rosso -15 ----> partialScore ----> 30
2025-11-02 14:14:21 - player_onto_manager.py - INFO - apre_tris -  A_Cuori_Rosso -15 ----> partialScore ----> 45
2025-11-02 14:14:21 - player_onto_manager.py - INFO - apre_tris - FINAL partialScore ----> 45
2025-11-02 14:14:21 - round.py - INFO - open_tris - MariaGrazia ----> [(1, 54, 'Cuori', 15), (1, 13, 'Quadri', 15), (1, 0, 'Cuori', 15)]
2025-11-02 14:14:22 - round.py - INFO - update_tris - MariaGrazia ----> 1 -->A_Fiori_Blu
2025-11-02 14:14:22 - round.py - INFO - update_tris - MariaGrazia ----> 1 -->A_Fiori_Blu
2025-11-02 14:14:22 - round.py - INFO - discard - MariaGrazia ----> 3_Picche_Blu
2025-11-02 14:14:22 - round.py - INFO - pick_up_card - Alessio ----> 4_Picche_Rosso
2025-11-02 14:14:22 - round.py - INFO - update_meld - Alessio ----> Updated_Game_Ontology20251102_141329582039.Picche --> 4_Picche_Rosso
2025-11-02 14:14:22 - round.py - INFO - discard - Alessio ----> 8_Cuori_Blu
2025-11-02 14:14:22 - round.py - INFO - pick_up_card - MariaGrazia ----> Jolly_Jolly_R_Blu
2025-11-02 14:14:22 - player_onto_manager.py - INFO - apre_tris -  Jolly_Jolly_R_Blu -30 ----> partialScore ----> 30
2025-11-02 14:14:22 - player_onto_manager.py - INFO - apre_tris -  8_Picche_Blu -10 ----> partialScore ----> 40
2025-11-02 14:14:22 - player_onto_manager.py - INFO - apre_tris -  8_Picche_Rosso -10 ----> partialScore ----> 50
2025-11-02 14:14:22 - player_onto_manager.py - INFO - apre_tris - FINAL partialScore ----> 50
2025-11-02 14:14:22 - round.py - INFO - open_tris - MariaGrazia ----> [(-1, 107, 'Jolly', 30), (8, 100, 'Picche', 10), (8, 46, 'Picche', 10)]
2025-11-02 14:14:22 - round.py - INFO - discard - MariaGrazia ----> 3_Picche_Rosso
2025-11-02 14:14:22 - round.py - INFO - pick_up_discard - Alessio ----> 3_Picche_Blu
2025-11-02 14:14:22 - round.py - INFO - update_meld - Alessio ----> Updated_Game_Ontology20251102_141329582039.Picche --> 3_Picche_Blu
2025-11-02 14:14:23 - round.py - INFO - discard - Alessio ----> 3_Picche_Rosso
2025-11-02 14:14:23 - round.py - INFO - pick_up_card - MariaGrazia ----> 7_Cuori_Rosso
2025-11-02 14:14:23 - round.py - INFO - update_meld - MariaGrazia ----> Updated_Game_Ontology20251102_141329582039.Cuori --> 7_Cuori_Rosso
2025-11-02 14:14:23 - round.py - INFO - update_meld - MariaGrazia ----> Updated_Game_Ontology20251102_141329582039.Cuori --> 6_Cuori_Rosso
2025-11-02 14:14:23 - round.py - INFO - discard - MariaGrazia ----> K_Quadri_Blu
2025-11-02 14:14:23 - round.py - INFO - pick_up_discard - Alessio ----> 3_Picche_Rosso
2025-11-02 14:14:23 - round.py - INFO - update_tris - Alessio ----> 13 -->K_Quadri_Blu
2025-11-02 14:14:23 - round.py - INFO - discard - Alessio ----> 3_Picche_Rosso
2025-11-02 14:14:23 - round.py - INFO - pick_up_discard - MariaGrazia ----> 3_Picche_Rosso
2025-11-02 14:14:23 - round.py - INFO - discard - MariaGrazia ----> 6_Quadri_Rosso
2025-11-02 14:14:23 - round.py - INFO - pick_up_discard - Alessio ----> 6_Quadri_Rosso
2025-11-02 14:14:23 - round.py - INFO - discard - Alessio ----> 6_Quadri_Rosso
2025-11-02 14:14:23 - round.py - INFO - pick_up_discard - MariaGrazia ----> 6_Quadri_Rosso
2025-11-02 14:14:23 - round.py - INFO - discard - MariaGrazia ----> 3_Picche_Rosso
2025-11-02 14:14:23 - round.py - INFO - pick_up_card - Alessio ----> K_Cuori_Blu
2025-11-02 14:14:23 - round.py - INFO - update_tris - Alessio ----> 13 -->K_Cuori_Blu
2025-11-02 14:14:23 - round.py - INFO - close_game - Alessio ----> 8_Cuori_Blu
