2025-11-02 14:13:30 - logger.py - INFO - _initialize - Logger inizializzato. File di log: logs/2025_11_02\partita_20251102_141330294134.log
2025-11-02 14:13:30 - round.py - INFO - pick_up_discard - Alessio ----> 5_Picche_Rosso
2025-11-02 14:13:31 - player_onto_manager.py - INFO - apre_tris -  2_Cuori_Rosso -20 ----> partialScore ----> 20
2025-11-02 14:13:31 - player_onto_manager.py - INFO - apre_tris -  9_Cuori_Rosso -10 ----> partialScore ----> 30
2025-11-02 14:13:31 - player_onto_manager.py - INFO - apre_tris -  9_Fiori_Rosso -10 ----> partialScore ----> 40
2025-11-02 14:13:31 - player_onto_manager.py - INFO - apre_tris - FINAL partialScore ----> 40
2025-11-02 14:13:31 - round.py - INFO - open_tris - Alessio ----> [(-1, 1, 'Jolly', 20), (9, 8, 'Cuori', 10), (9, 34, 'Fiori', 10)]
2025-11-02 14:13:32 - player_onto_manager.py - INFO - apre_tris -  Jolly_Jolly_R_Rosso -30 ----> partialScore ----> 30
2025-11-02 14:13:32 - player_onto_manager.py - INFO - apre_tris -  6_Quadri_Rosso -5 ----> partialScore ----> 35
2025-11-02 14:13:32 - player_onto_manager.py - INFO - apre_tris -  6_Fiori_Blu -5 ----> partialScore ----> 40
2025-11-02 14:13:32 - player_onto_manager.py - INFO - apre_tris - FINAL partialScore ----> 40
2025-11-02 14:13:32 - round.py - INFO - open_tris - Alessio ----> [(-1, 53, 'Jolly', 30), (6, 18, 'Quadri', 5), (6, 85, 'Fiori', 5)]
2025-11-02 14:13:32 - round.py - INFO - update_tris - Alessio ----> 6 -->6_Cuori_Rosso
2025-11-02 14:13:32 - round.py - INFO - discard - Alessio ----> 3_Quadri_Rosso
2025-11-02 14:13:32 - round.py - INFO - pick_up_discard - MariaGrazia ----> 3_Quadri_Rosso
2025-11-02 14:13:33 - round.py - INFO - open_meld - MariaGrazia ----> [(-1, 52, 'Jolly', 30), (3, 15, 'Quadri', 5), (5, 17, 'Quadri', 5)]
2025-11-02 14:13:33 - round.py - INFO - update_meld - MariaGrazia ----> Updated_Game_Ontology20251102_141326549122.Quadri --> 6_Quadri_Blu
2025-11-02 14:13:34 - round.py - INFO - update_meld - MariaGrazia ----> Updated_Game_Ontology20251102_141326549122.Quadri --> 7_Quadri_Rosso
2025-11-02 14:13:34 - round.py - INFO - discard - MariaGrazia ----> K_Picche_Rosso
2025-11-02 14:13:34 - round.py - INFO - pick_up_discard - Alessio ----> K_Picche_Rosso
2025-11-02 14:13:34 - round.py - INFO - discard - Alessio ----> 7_Quadri_Blu
2025-11-02 14:13:34 - round.py - INFO - pick_up_discard - MariaGrazia ----> 7_Quadri_Blu
2025-11-02 14:13:34 - round.py - INFO - discard - MariaGrazia ----> 8_Fiori_Blu
2025-11-02 14:13:34 - round.py - INFO - pick_up_card - Alessio ----> 6_Cuori_Rosso
2025-11-02 14:13:34 - round.py - INFO - update_tris - Alessio ----> 6 -->6_Cuori_Rosso
2025-11-02 14:13:34 - round.py - INFO - discard - Alessio ----> K_Quadri_Blu
2025-11-02 14:13:34 - round.py - INFO - pick_up_discard - MariaGrazia ----> 8_Fiori_Blu
2025-11-02 14:13:34 - round.py - INFO - discard - MariaGrazia ----> J_Fiori_Rosso
2025-11-02 14:13:34 - round.py - INFO - pick_up_card - Alessio ----> 6_Quadri_Rosso
2025-11-02 14:13:34 - round.py - INFO - update_tris - Alessio ----> 6 -->6_Quadri_Rosso
2025-11-02 14:13:34 - round.py - INFO - discard - Alessio ----> 5_Picche_Blu
2025-11-02 14:13:34 - round.py - INFO - pick_up_card - MariaGrazia ----> Jolly_Jolly_R_Rosso
2025-11-02 14:13:35 - player_onto_manager.py - INFO - apre_tris -  Jolly_Jolly_R_Rosso -30 ----> partialScore ----> 30
2025-11-02 14:13:35 - player_onto_manager.py - INFO - apre_tris -  K_Picche_Blu -10 ----> partialScore ----> 40
2025-11-02 14:13:35 - player_onto_manager.py - INFO - apre_tris -  K_Quadri_Blu -10 ----> partialScore ----> 50
2025-11-02 14:13:35 - player_onto_manager.py - INFO - apre_tris - FINAL partialScore ----> 50
2025-11-02 14:13:35 - round.py - INFO - open_tris - MariaGrazia ----> [(-1, 53, 'Jolly', 30), (13, 105, 'Picche', 10), (13, 79, 'Quadri', 10)]
2025-11-02 14:13:35 - round.py - INFO - discard - MariaGrazia ----> 7_Quadri_Blu
2025-11-02 14:13:35 - round.py - INFO - pick_up_card - Alessio ----> 9_Fiori_Rosso
2025-11-02 14:13:35 - round.py - INFO - discard - Alessio ----> 5_Picche_Rosso
2025-11-02 14:13:35 - round.py - INFO - pick_up_discard - MariaGrazia ----> J_Fiori_Rosso
2025-11-02 14:13:35 - round.py - INFO - discard - MariaGrazia ----> 8_Fiori_Blu
2025-11-02 14:13:35 - round.py - INFO - pick_up_card - Alessio ----> 7_Quadri_Blu
2025-11-02 14:13:35 - round.py - INFO - discard - Alessio ----> K_Picche_Rosso
2025-11-02 14:13:35 - round.py - INFO - pick_up_discard - MariaGrazia ----> 8_Fiori_Blu
2025-11-02 14:13:35 - round.py - INFO - update_tris - MariaGrazia ----> 13 -->K_Picche_Rosso
2025-11-02 14:13:36 - round.py - INFO - discard - MariaGrazia ----> J_Cuori_Blu
2025-11-02 14:13:36 - round.py - INFO - pick_up_card - Alessio ----> 9_Cuori_Rosso
2025-11-02 14:13:36 - round.py - INFO - discard - Alessio ----> 7_Quadri_Blu
2025-11-02 14:13:36 - round.py - INFO - pick_up_card - MariaGrazia ----> 2_Cuori_Rosso
2025-11-02 14:13:36 - player_onto_manager.py - INFO - apre_tris -  2_Cuori_Rosso -20 ----> partialScore ----> 20
2025-11-02 14:13:36 - player_onto_manager.py - INFO - apre_tris -  7_Quadri_Blu -5 ----> partialScore ----> 25
2025-11-02 14:13:36 - player_onto_manager.py - INFO - apre_tris -  7_Picche_Blu -5 ----> partialScore ----> 30
2025-11-02 14:13:36 - player_onto_manager.py - INFO - apre_tris - FINAL partialScore ----> 30
2025-11-02 14:13:36 - round.py - INFO - open_tris - MariaGrazia ----> [(-1, 1, 'Jolly', 20), (7, 73, 'Quadri', 5), (7, 99, 'Picche', 5)]
2025-11-02 14:13:36 - round.py - INFO - discard - MariaGrazia ----> J_Fiori_Rosso
2025-11-02 14:13:36 - round.py - INFO - pick_up_discard - Alessio ----> J_Cuori_Blu
2025-11-02 14:13:36 - round.py - INFO - discard - Alessio ----> 7_Quadri_Blu
2025-11-02 14:13:36 - round.py - INFO - pick_up_discard - MariaGrazia ----> 7_Quadri_Blu
2025-11-02 14:13:36 - round.py - INFO - discard - MariaGrazia ----> 7_Quadri_Blu
2025-11-02 14:13:36 - round.py - INFO - pick_up_card - Alessio ----> 6_Fiori_Blu
2025-11-02 14:13:36 - round.py - INFO - update_tris - Alessio ----> 6 -->6_Fiori_Blu
2025-11-02 14:13:36 - round.py - INFO - discard - Alessio ----> J_Cuori_Blu
2025-11-02 14:13:36 - round.py - INFO - pick_up_card - MariaGrazia ----> 3_Quadri_Rosso
2025-11-02 14:13:36 - round.py - INFO - discard - MariaGrazia ----> 5_Picche_Blu
2025-11-02 14:13:36 - round.py - INFO - pick_up_card - Alessio ----> K_Quadri_Blu
2025-11-02 14:13:36 - round.py - INFO - discard - Alessio ----> 9_Cuori_Rosso
2025-11-02 14:13:36 - round.py - INFO - pick_up_discard - MariaGrazia ----> 7_Quadri_Blu
2025-11-02 14:13:37 - round.py - INFO - discard - MariaGrazia ----> 5_Picche_Rosso
2025-11-02 14:13:37 - round.py - INFO - pick_up_card - Alessio ----> 5_Picche_Blu
2025-11-02 14:13:37 - round.py - INFO - discard - Alessio ----> 5_Picche_Blu
2025-11-02 14:13:37 - round.py - INFO - pick_up_card - MariaGrazia ----> Jolly_Jolly_N_Rosso
2025-11-02 14:13:37 - round.py - INFO - open_meld - MariaGrazia ----> [(-1, 52, 'Jolly', 30), (9, 8, 'Cuori', 10), (11, 64, 'Cuori', 10)]
2025-11-02 14:13:37 - round.py - INFO - discard - MariaGrazia ----> 4_Fiori_Rosso
2025-11-02 14:13:37 - round.py - INFO - pick_up_discard - Alessio ----> 5_Picche_Rosso
2025-11-02 14:13:37 - round.py - INFO - discard - Alessio ----> 5_Picche_Blu
2025-11-02 14:13:37 - round.py - INFO - pick_up_card - MariaGrazia ----> 7_Quadri_Rosso
2025-11-02 14:13:37 - round.py - INFO - discard - MariaGrazia ----> 8_Fiori_Blu
2025-11-02 14:13:37 - round.py - INFO - pick_up_discard - Alessio ----> 5_Picche_Blu
2025-11-02 14:13:37 - round.py - INFO - discard - Alessio ----> K_Quadri_Blu
2025-11-02 14:13:37 - round.py - INFO - pick_up_card - MariaGrazia ----> J_Fiori_Rosso
2025-11-02 14:13:37 - round.py - INFO - discard - MariaGrazia ----> 3_Quadri_Rosso
2025-11-02 14:13:37 - round.py - INFO - pick_up_discard - Alessio ----> K_Quadri_Blu
2025-11-02 14:13:38 - round.py - INFO - discard - Alessio ----> J_Fiori_Rosso
2025-11-02 14:13:38 - round.py - INFO - pick_up_card - MariaGrazia ----> K_Picche_Rosso
2025-11-02 14:13:38 - round.py - INFO - update_tris - MariaGrazia ----> 13 -->K_Picche_Rosso
2025-11-02 14:13:38 - round.py - INFO - discard - MariaGrazia ----> J_Fiori_Rosso
2025-11-02 14:13:38 - round.py - INFO - pick_up_discard - Alessio ----> J_Fiori_Rosso
2025-11-02 14:13:38 - round.py - INFO - discard - Alessio ----> 5_Picche_Rosso
2025-11-02 14:13:38 - round.py - INFO - pick_up_card - MariaGrazia ----> 5_Quadri_Rosso
2025-11-02 14:13:38 - round.py - INFO - discard - MariaGrazia ----> 7_Quadri_Rosso
2025-11-02 14:13:38 - round.py - INFO - pick_up_card - Alessio ----> 6_Quadri_Blu
2025-11-02 14:13:39 - round.py - INFO - update_tris - Alessio ----> 6 -->6_Quadri_Blu
2025-11-02 14:13:39 - round.py - INFO - discard - Alessio ----> 9_Fiori_Rosso
2025-11-02 14:13:39 - round.py - INFO - pick_up_card - MariaGrazia ----> 8_Fiori_Blu
2025-11-02 14:13:39 - round.py - INFO - discard - MariaGrazia ----> 5_Picche_Blu
2025-11-02 14:13:39 - round.py - INFO - pick_up_card - Alessio ----> 4_Fiori_Rosso
2025-11-02 14:13:39 - round.py - INFO - discard - Alessio ----> 4_Fiori_Rosso
2025-11-02 14:13:39 - round.py - INFO - pick_up_card - MariaGrazia ----> 7_Picche_Blu
2025-11-02 14:13:39 - round.py - INFO - discard - MariaGrazia ----> 7_Quadri_Blu
2025-11-02 14:13:39 - round.py - INFO - pick_up_card - Alessio ----> J_Cuori_Blu
2025-11-02 14:13:39 - round.py - INFO - discard - Alessio ----> J_Fiori_Rosso
2025-11-02 14:13:39 - round.py - INFO - pick_up_card - MariaGrazia ----> K_Picche_Blu
2025-11-02 14:13:39 - round.py - INFO - update_tris - MariaGrazia ----> 13 -->K_Picche_Blu
2025-11-02 14:13:40 - round.py - INFO - discard - MariaGrazia ----> 7_Picche_Blu
2025-11-02 14:13:40 - round.py - INFO - pick_up_card - Alessio ----> 2_Picche_Rosso
2025-11-02 14:13:40 - player_onto_manager.py - INFO - apre_tris -  2_Picche_Rosso -20 ----> partialScore ----> 20
2025-11-02 14:13:40 - player_onto_manager.py - INFO - apre_tris -  J_Cuori_Blu -10 ----> partialScore ----> 30
2025-11-02 14:13:40 - player_onto_manager.py - INFO - apre_tris -  J_Fiori_Rosso -10 ----> partialScore ----> 40
2025-11-02 14:13:40 - player_onto_manager.py - INFO - apre_tris - FINAL partialScore ----> 40
2025-11-02 14:13:40 - round.py - INFO - open_tris - Alessio ----> [(-1, 40, 'Jolly', 20), (11, 64, 'Cuori', 10), (11, 36, 'Fiori', 10)]
2025-11-02 14:13:40 - round.py - INFO - discard - Alessio ----> 5_Picche_Blu
2025-11-02 14:13:40 - round.py - INFO - pick_up_discard - MariaGrazia ----> 5_Picche_Rosso
2025-11-02 14:13:41 - player_onto_manager.py - INFO - apre_tris -  5_Picche_Blu -5 ----> partialScore ----> 5
2025-11-02 14:13:41 - player_onto_manager.py - INFO - apre_tris -  5_Quadri_Rosso -5 ----> partialScore ----> 10
2025-11-02 14:13:41 - player_onto_manager.py - INFO - apre_tris -  5_Picche_Rosso -5 ----> partialScore ----> 15
2025-11-02 14:13:41 - player_onto_manager.py - INFO - apre_tris - FINAL partialScore ----> 15
2025-11-02 14:13:41 - round.py - INFO - open_tris - MariaGrazia ----> [(5, 97, 'Picche', 5), (5, 17, 'Quadri', 5), (5, 43, 'Picche', 5)]
2025-11-02 14:13:41 - player_onto_manager.py - INFO - apre_tris -  7_Quadri_Blu -5 ----> partialScore ----> 5
2025-11-02 14:13:41 - player_onto_manager.py - INFO - apre_tris -  7_Quadri_Rosso -5 ----> partialScore ----> 10
2025-11-02 14:13:41 - player_onto_manager.py - INFO - apre_tris -  7_Picche_Blu -5 ----> partialScore ----> 15
2025-11-02 14:13:41 - player_onto_manager.py - INFO - apre_tris - FINAL partialScore ----> 15
2025-11-02 14:13:41 - round.py - INFO - open_tris - MariaGrazia ----> [(7, 73, 'Quadri', 5), (7, 19, 'Quadri', 5), (7, 99, 'Picche', 5)]
2025-11-02 14:13:41 - round.py - INFO - update_tris - MariaGrazia ----> 5 -->5_Picche_Blu
2025-11-02 14:13:41 - round.py - INFO - discard - MariaGrazia ----> 4_Fiori_Rosso
2025-11-02 14:13:41 - round.py - INFO - pick_up_discard - Alessio ----> 4_Fiori_Rosso
2025-11-02 14:13:41 - round.py - INFO - discard - Alessio ----> 3_Quadri_Rosso
2025-11-02 14:13:41 - round.py - INFO - pick_up_card - MariaGrazia ----> Jolly_Jolly_N_Blu
2025-11-02 14:13:41 - round.py - INFO - update_tris - MariaGrazia ----> 7 -->Jolly_Jolly_N_Blu
2025-11-02 14:13:41 - round.py - INFO - discard - MariaGrazia ----> 8_Fiori_Blu
2025-11-02 14:13:41 - round.py - INFO - pick_up_card - Alessio ----> A_Quadri_Rosso
2025-11-02 14:13:41 - round.py - INFO - discard - Alessio ----> A_Quadri_Rosso
2025-11-02 14:13:41 - round.py - INFO - pick_up_card - MariaGrazia ----> A_Picche_Rosso
2025-11-02 14:13:41 - round.py - INFO - discard - MariaGrazia ----> A_Picche_Rosso
2025-11-02 14:13:41 - round.py - INFO - pick_up_card - Alessio ----> 6_Picche_Blu
2025-11-02 14:13:41 - round.py - INFO - update_tris - Alessio ----> 6 -->6_Picche_Blu
2025-11-02 14:13:41 - round.py - INFO - discard - Alessio ----> K_Quadri_Blu
2025-11-02 14:13:41 - round.py - INFO - pick_up_discard - MariaGrazia ----> 3_Quadri_Rosso
2025-11-02 14:13:42 - round.py - INFO - update_tris - MariaGrazia ----> 13 -->K_Quadri_Blu
2025-11-02 14:13:42 - round.py - INFO - discard - MariaGrazia ----> A_Quadri_Rosso
2025-11-02 14:13:42 - round.py - INFO - pick_up_card - Alessio ----> Q_Fiori_Rosso
2025-11-02 14:13:42 - round.py - INFO - discard - Alessio ----> 4_Fiori_Rosso
2025-11-02 14:13:42 - round.py - INFO - pick_up_discard - MariaGrazia ----> A_Quadri_Rosso
2025-11-02 14:13:42 - round.py - INFO - discard - MariaGrazia ----> J_Fiori_Rosso
2025-11-02 14:13:42 - round.py - INFO - pick_up_discard - Alessio ----> J_Fiori_Rosso
2025-11-02 14:13:42 - round.py - INFO - discard - Alessio ----> 4_Fiori_Rosso
2025-11-02 14:13:42 - round.py - INFO - pick_up_card - MariaGrazia ----> 10_Cuori_Blu
2025-11-02 14:13:42 - round.py - INFO - update_meld - MariaGrazia ----> Updated_Game_Ontology20251102_141326549122.Cuori --> 10_Cuori_Blu
2025-11-02 14:13:42 - round.py - INFO - discard - MariaGrazia ----> 4_Fiori_Rosso
2025-11-02 14:13:42 - round.py - INFO - pick_up_card - Alessio ----> 8_Cuori_Blu
2025-11-02 14:13:42 - round.py - INFO - discard - Alessio ----> Q_Fiori_Rosso
2025-11-02 14:13:42 - round.py - INFO - pick_up_discard - MariaGrazia ----> 4_Fiori_Rosso
2025-11-02 14:13:42 - round.py - INFO - discard - MariaGrazia ----> 4_Fiori_Rosso
2025-11-02 14:13:42 - round.py - INFO - pick_up_card - Alessio ----> 3_Cuori_Rosso
2025-11-02 14:13:43 - round.py - INFO - discard - Alessio ----> 8_Cuori_Blu
2025-11-02 14:13:43 - round.py - INFO - pick_up_discard - MariaGrazia ----> 4_Fiori_Rosso
2025-11-02 14:13:43 - round.py - INFO - update_meld - MariaGrazia ----> Updated_Game_Ontology20251102_141326549122.Cuori --> 8_Cuori_Blu
2025-11-02 14:13:43 - round.py - INFO - discard - MariaGrazia ----> A_Picche_Rosso
2025-11-02 14:13:43 - round.py - INFO - pick_up_discard - Alessio ----> A_Picche_Rosso
2025-11-02 14:13:43 - round.py - INFO - discard - Alessio ----> 8_Fiori_Blu
2025-11-02 14:13:43 - round.py - INFO - pick_up_card - MariaGrazia ----> 2_Fiori_Rosso
2025-11-02 14:13:44 - round.py - INFO - update_tris - MariaGrazia ----> 5 -->2_Fiori_Rosso
2025-11-02 14:13:44 - round.py - INFO - discard - MariaGrazia ----> 9_Fiori_Rosso
2025-11-02 14:13:44 - round.py - INFO - pick_up_card - Alessio ----> 9_Quadri_Rosso
2025-11-02 14:13:44 - round.py - INFO - discard - Alessio ----> 9_Quadri_Rosso
2025-11-02 14:13:44 - round.py - INFO - pick_up_discard - MariaGrazia ----> 8_Fiori_Blu
2025-11-02 14:13:44 - round.py - INFO - discard - MariaGrazia ----> 4_Fiori_Rosso
2025-11-02 14:13:44 - round.py - INFO - pick_up_discard - Alessio ----> 4_Fiori_Rosso
2025-11-02 14:13:44 - round.py - INFO - discard - Alessio ----> A_Picche_Rosso
2025-11-02 14:13:44 - round.py - INFO - pick_up_discard - MariaGrazia ----> A_Picche_Rosso
2025-11-02 14:13:45 - round.py - INFO - discard - MariaGrazia ----> 3_Quadri_Rosso
2025-11-02 14:13:45 - round.py - INFO - pick_up_card - Alessio ----> 9_Fiori_Blu
2025-11-02 14:13:45 - round.py - INFO - discard - Alessio ----> 3_Cuori_Rosso
2025-11-02 14:13:45 - round.py - INFO - pick_up_card - MariaGrazia ----> 4_Fiori_Blu
2025-11-02 14:13:45 - round.py - INFO - discard - MariaGrazia ----> A_Quadri_Rosso
2025-11-02 14:13:45 - round.py - INFO - pick_up_discard - Alessio ----> 3_Quadri_Rosso
2025-11-02 14:13:45 - round.py - INFO - discard - Alessio ----> J_Fiori_Rosso
2025-11-02 14:13:45 - round.py - INFO - pick_up_discard - MariaGrazia ----> J_Fiori_Rosso
2025-11-02 14:13:46 - round.py - INFO - discard - MariaGrazia ----> 4_Fiori_Rosso
2025-11-02 14:13:46 - round.py - INFO - pick_up_card - Alessio ----> 9_Picche_Blu
2025-11-02 14:13:46 - round.py - INFO - discard - Alessio ----> 9_Fiori_Blu
2025-11-02 14:13:46 - round.py - INFO - pick_up_discard - MariaGrazia ----> 4_Fiori_Rosso
2025-11-02 14:13:46 - player_onto_manager.py - INFO - apre_tris -  9_Quadri_Rosso -10 ----> partialScore ----> 10
2025-11-02 14:13:46 - player_onto_manager.py - INFO - apre_tris -  9_Fiori_Rosso -10 ----> partialScore ----> 20
2025-11-02 14:13:46 - player_onto_manager.py - INFO - apre_tris -  9_Fiori_Blu -10 ----> partialScore ----> 30
2025-11-02 14:13:46 - player_onto_manager.py - INFO - apre_tris - FINAL partialScore ----> 30
2025-11-02 14:13:46 - round.py - INFO - open_tris - MariaGrazia ----> [(9, 21, 'Quadri', 10), (9, 34, 'Fiori', 10), (9, 88, 'Fiori', 10)]
2025-11-02 14:13:46 - round.py - INFO - discard - MariaGrazia ----> 4_Fiori_Blu
2025-11-02 14:13:46 - round.py - INFO - pick_up_card - Alessio ----> 7_Fiori_Rosso
2025-11-02 14:13:47 - round.py - INFO - discard - Alessio ----> 4_Fiori_Rosso
2025-11-02 14:13:47 - round.py - INFO - pick_up_discard - MariaGrazia ----> 4_Fiori_Blu
2025-11-02 14:13:47 - round.py - INFO - discard - MariaGrazia ----> 4_Fiori_Rosso
2025-11-02 14:13:47 - round.py - INFO - pick_up_discard - Alessio ----> 4_Fiori_Rosso
2025-11-02 14:13:47 - round.py - INFO - discard - Alessio ----> 3_Quadri_Rosso
2025-11-02 14:13:47 - round.py - INFO - pick_up_card - MariaGrazia ----> Q_Picche_Rosso
2025-11-02 14:13:47 - round.py - INFO - discard - MariaGrazia ----> J_Fiori_Rosso
2025-11-02 14:13:47 - round.py - INFO - pick_up_card - Alessio ----> J_Quadri_Blu
2025-11-02 14:13:47 - round.py - INFO - discard - Alessio ----> 3_Cuori_Rosso
2025-11-02 14:13:47 - round.py - INFO - pick_up_card - MariaGrazia ----> 2_Quadri_Rosso
2025-11-02 14:13:48 - round.py - INFO - update_tris - MariaGrazia ----> 9 -->2_Quadri_Rosso
2025-11-02 14:13:48 - round.py - INFO - discard - MariaGrazia ----> A_Picche_Rosso
2025-11-02 14:13:48 - round.py - INFO - pick_up_discard - Alessio ----> 3_Quadri_Rosso
2025-11-02 14:13:48 - round.py - INFO - discard - Alessio ----> 7_Fiori_Rosso
2025-11-02 14:13:48 - round.py - INFO - pick_up_card - MariaGrazia ----> J_Fiori_Blu
2025-11-02 14:13:48 - round.py - INFO - discard - MariaGrazia ----> J_Fiori_Blu
2025-11-02 14:13:48 - round.py - INFO - pick_up_discard - Alessio ----> 7_Fiori_Rosso
2025-11-02 14:13:49 - player_onto_manager.py - INFO - apre_tris -  J_Quadri_Blu -10 ----> partialScore ----> 10
2025-11-02 14:13:49 - player_onto_manager.py - INFO - apre_tris -  J_Fiori_Rosso -10 ----> partialScore ----> 20
2025-11-02 14:13:49 - player_onto_manager.py - INFO - apre_tris -  J_Fiori_Blu -10 ----> partialScore ----> 30
2025-11-02 14:13:49 - player_onto_manager.py - INFO - apre_tris - FINAL partialScore ----> 30
2025-11-02 14:13:49 - round.py - INFO - open_tris - Alessio ----> [(11, 77, 'Quadri', 10), (11, 36, 'Fiori', 10), (11, 90, 'Fiori', 10)]
2025-11-02 14:13:49 - round.py - INFO - discard - Alessio ----> 4_Fiori_Rosso
2025-11-02 14:13:49 - round.py - INFO - pick_up_discard - MariaGrazia ----> 4_Fiori_Rosso
2025-11-02 14:13:49 - round.py - INFO - discard - MariaGrazia ----> 8_Fiori_Blu
2025-11-02 14:13:49 - round.py - INFO - pick_up_discard - Alessio ----> 8_Fiori_Blu
2025-11-02 14:13:49 - round.py - INFO - discard - Alessio ----> 7_Fiori_Rosso
2025-11-02 14:13:49 - round.py - INFO - pick_up_discard - MariaGrazia ----> 7_Fiori_Rosso
2025-11-02 14:13:49 - round.py - INFO - update_tris - MariaGrazia ----> 7 -->7_Fiori_Rosso
2025-11-02 14:13:50 - round.py - INFO - discard - MariaGrazia ----> 4_Fiori_Rosso
2025-11-02 14:13:50 - round.py - INFO - pick_up_discard - Alessio ----> 4_Fiori_Rosso
2025-11-02 14:13:50 - round.py - INFO - discard - Alessio ----> 3_Cuori_Rosso
2025-11-02 14:13:50 - round.py - INFO - pick_up_card - MariaGrazia ----> A_Quadri_Blu
2025-11-02 14:13:50 - round.py - INFO - discard - MariaGrazia ----> A_Quadri_Blu
2025-11-02 14:13:50 - round.py - INFO - pick_up_discard - Alessio ----> 3_Cuori_Rosso
2025-11-02 14:13:50 - player_onto_manager.py - INFO - apre_tris -  A_Quadri_Rosso -15 ----> partialScore ----> 15
2025-11-02 14:13:50 - player_onto_manager.py - INFO - apre_tris -  A_Picche_Rosso -15 ----> partialScore ----> 30
2025-11-02 14:13:50 - player_onto_manager.py - INFO - apre_tris -  A_Quadri_Blu -15 ----> partialScore ----> 45
2025-11-02 14:13:50 - player_onto_manager.py - INFO - apre_tris - FINAL partialScore ----> 45
2025-11-02 14:13:50 - round.py - INFO - open_tris - Alessio ----> [(1, 13, 'Quadri', 15), (1, 39, 'Picche', 15), (1, 67, 'Quadri', 15)]
2025-11-02 14:13:50 - round.py - INFO - discard - Alessio ----> 3_Quadri_Rosso
2025-11-02 14:13:50 - round.py - INFO - pick_up_discard - MariaGrazia ----> 3_Quadri_Rosso
2025-11-02 14:13:50 - round.py - INFO - discard - MariaGrazia ----> Q_Picche_Rosso
2025-11-02 14:13:50 - round.py - INFO - pick_up_card - Alessio ----> 4_Quadri_Blu
2025-11-02 14:13:50 - round.py - INFO - discard - Alessio ----> 9_Picche_Blu
2025-11-02 14:13:50 - round.py - INFO - pick_up_discard - MariaGrazia ----> Q_Picche_Rosso
2025-11-02 14:13:50 - round.py - INFO - update_tris - MariaGrazia ----> 9 -->9_Picche_Blu
2025-11-02 14:13:51 - round.py - INFO - discard - MariaGrazia ----> 8_Fiori_Blu
2025-11-02 14:13:51 - round.py - INFO - pick_up_card - Alessio ----> 6_Fiori_Rosso
2025-11-02 14:13:51 - round.py - INFO - update_tris - Alessio ----> 6 -->6_Fiori_Rosso
2025-11-02 14:13:51 - round.py - INFO - discard - Alessio ----> 4_Fiori_Rosso
2025-11-02 14:13:51 - round.py - INFO - pick_up_discard - MariaGrazia ----> 8_Fiori_Blu
2025-11-02 14:13:51 - round.py - INFO - discard - MariaGrazia ----> 3_Quadri_Rosso
2025-11-02 14:13:51 - round.py - INFO - pick_up_card - Alessio ----> Q_Quadri_Blu
2025-11-02 14:13:51 - round.py - INFO - discard - Alessio ----> Q_Quadri_Blu
2025-11-02 14:13:51 - round.py - INFO - pick_up_card - MariaGrazia ----> 10_Picche_Blu
2025-11-02 14:13:51 - round.py - INFO - discard - MariaGrazia ----> 4_Fiori_Rosso
2025-11-02 14:13:51 - round.py - INFO - pick_up_card - Alessio ----> Q_Picche_Blu
2025-11-02 14:13:51 - round.py - INFO - discard - Alessio ----> 8_Fiori_Blu
2025-11-02 14:13:51 - round.py - INFO - pick_up_discard - MariaGrazia ----> 3_Quadri_Rosso
2025-11-02 14:13:52 - player_onto_manager.py - INFO - apre_tris -  Q_Picche_Rosso -10 ----> partialScore ----> 10
2025-11-02 14:13:52 - player_onto_manager.py - INFO - apre_tris -  Q_Fiori_Rosso -10 ----> partialScore ----> 20
2025-11-02 14:13:52 - player_onto_manager.py - INFO - apre_tris -  Q_Quadri_Blu -10 ----> partialScore ----> 30
2025-11-02 14:13:52 - player_onto_manager.py - INFO - apre_tris - FINAL partialScore ----> 30
2025-11-02 14:13:52 - round.py - INFO - open_tris - MariaGrazia ----> [(12, 50, 'Picche', 10), (12, 37, 'Fiori', 10), (12, 78, 'Quadri', 10)]
2025-11-02 14:13:52 - round.py - INFO - discard - MariaGrazia ----> 4_Fiori_Rosso
2025-11-02 14:13:52 - round.py - INFO - pick_up_card - Alessio ----> 5_Fiori_Blu
2025-11-02 14:13:52 - round.py - INFO - discard - Alessio ----> 5_Fiori_Blu
2025-11-02 14:13:52 - round.py - INFO - pick_up_discard - MariaGrazia ----> 4_Fiori_Rosso
2025-11-02 14:13:52 - round.py - INFO - update_tris - MariaGrazia ----> 5 -->5_Fiori_Blu
2025-11-02 14:13:52 - round.py - INFO - discard - MariaGrazia ----> 8_Fiori_Blu
2025-11-02 14:13:52 - round.py - INFO - pick_up_card - Alessio ----> K_Fiori_Rosso
2025-11-02 14:13:52 - round.py - INFO - discard - Alessio ----> 4_Quadri_Blu
2025-11-02 14:13:52 - round.py - INFO - pick_up_discard - MariaGrazia ----> 8_Fiori_Blu
2025-11-02 14:13:52 - player_onto_manager.py - INFO - apre_tris -  4_Quadri_Blu -5 ----> partialScore ----> 5
2025-11-02 14:13:52 - player_onto_manager.py - INFO - apre_tris -  4_Fiori_Blu -5 ----> partialScore ----> 10
2025-11-02 14:13:52 - player_onto_manager.py - INFO - apre_tris -  4_Fiori_Rosso -5 ----> partialScore ----> 15
2025-11-02 14:13:52 - player_onto_manager.py - INFO - apre_tris - FINAL partialScore ----> 15
2025-11-02 14:13:52 - round.py - INFO - open_tris - MariaGrazia ----> [(4, 70, 'Quadri', 5), (4, 83, 'Fiori', 5), (4, 29, 'Fiori', 5)]
2025-11-02 14:13:52 - round.py - INFO - update_tris - MariaGrazia ----> 4 -->4_Fiori_Rosso
2025-11-02 14:13:52 - round.py - INFO - discard - MariaGrazia ----> 3_Quadri_Rosso
2025-11-02 14:13:52 - round.py - INFO - pick_up_discard - Alessio ----> 3_Quadri_Rosso
2025-11-02 14:13:53 - round.py - INFO - discard - Alessio ----> Q_Picche_Blu
2025-11-02 14:13:53 - round.py - INFO - pick_up_card - MariaGrazia ----> 8_Fiori_Rosso
2025-11-02 14:13:53 - round.py - INFO - discard - MariaGrazia ----> 8_Fiori_Rosso
2025-11-02 14:13:53 - round.py - INFO - pick_up_card - Alessio ----> 6_Picche_Rosso
2025-11-02 14:13:53 - round.py - INFO - update_tris - Alessio ----> 6 -->6_Picche_Rosso
2025-11-02 14:13:53 - round.py - INFO - discard - Alessio ----> 3_Cuori_Rosso
2025-11-02 14:13:53 - round.py - INFO - pick_up_discard - MariaGrazia ----> Q_Picche_Blu
2025-11-02 14:13:53 - round.py - INFO - update_tris - MariaGrazia ----> 12 -->Q_Picche_Blu
2025-11-02 14:13:53 - round.py - INFO - discard - MariaGrazia ----> 8_Fiori_Rosso
2025-11-02 14:13:53 - round.py - INFO - pick_up_discard - Alessio ----> 8_Fiori_Rosso
2025-11-02 14:13:53 - round.py - INFO - discard - Alessio ----> 3_Quadri_Rosso
2025-11-02 14:13:53 - round.py - INFO - pick_up_discard - MariaGrazia ----> 3_Quadri_Rosso
2025-11-02 14:13:53 - round.py - INFO - discard - MariaGrazia ----> 10_Picche_Blu
2025-11-02 14:13:53 - round.py - INFO - pick_up_discard - Alessio ----> 10_Picche_Blu
2025-11-02 14:13:53 - round.py - INFO - discard - Alessio ----> 8_Fiori_Rosso
2025-11-02 14:13:53 - round.py - INFO - pick_up_card - MariaGrazia ----> Jolly_Jolly_R_Blu
2025-11-02 14:13:53 - player_onto_manager.py - INFO - apre_tris -  Jolly_Jolly_R_Blu -30 ----> partialScore ----> 30
2025-11-02 14:13:53 - player_onto_manager.py - INFO - apre_tris -  3_Cuori_Rosso -5 ----> partialScore ----> 35
2025-11-02 14:13:53 - player_onto_manager.py - INFO - apre_tris -  3_Quadri_Rosso -5 ----> partialScore ----> 40
2025-11-02 14:13:53 - player_onto_manager.py - INFO - apre_tris - FINAL partialScore ----> 40
2025-11-02 14:13:53 - round.py - INFO - open_tris - MariaGrazia ----> [(-1, 107, 'Jolly', 30), (3, 2, 'Cuori', 5), (3, 15, 'Quadri', 5)]
2025-11-02 14:13:53 - round.py - INFO - discard - MariaGrazia ----> 8_Fiori_Blu
2025-11-02 14:13:53 - round.py - INFO - pick_up_card - Alessio ----> 9_Picche_Rosso
2025-11-02 14:13:53 - round.py - INFO - discard - Alessio ----> 9_Picche_Rosso
2025-11-02 14:13:53 - round.py - INFO - pick_up_card - MariaGrazia ----> 10_Cuori_Rosso
2025-11-02 14:13:53 - round.py - INFO - discard - MariaGrazia ----> 8_Fiori_Blu
2025-11-02 14:13:53 - round.py - INFO - pick_up_card - Alessio ----> 8_Picche_Blu
2025-11-02 14:13:53 - round.py - INFO - discard - Alessio ----> 8_Picche_Blu
2025-11-02 14:13:53 - round.py - INFO - pick_up_card - MariaGrazia ----> Q_Cuori_Blu
2025-11-02 14:13:53 - round.py - INFO - update_meld - MariaGrazia ----> Updated_Game_Ontology20251102_141326549122.Cuori --> Q_Cuori_Blu
2025-11-02 14:13:53 - round.py - INFO - discard - MariaGrazia ----> 10_Cuori_Rosso
2025-11-02 14:13:53 - round.py - INFO - pick_up_discard - Alessio ----> 8_Fiori_Rosso
2025-11-02 14:13:53 - player_onto_manager.py - INFO - apre_tris -  8_Picche_Blu -10 ----> partialScore ----> 10
2025-11-02 14:13:53 - player_onto_manager.py - INFO - apre_tris -  8_Fiori_Blu -10 ----> partialScore ----> 20
2025-11-02 14:13:53 - player_onto_manager.py - INFO - apre_tris -  8_Fiori_Rosso -10 ----> partialScore ----> 30
2025-11-02 14:13:53 - player_onto_manager.py - INFO - apre_tris - FINAL partialScore ----> 30
2025-11-02 14:13:53 - round.py - INFO - open_tris - Alessio ----> [(8, 100, 'Picche', 10), (8, 87, 'Fiori', 10), (8, 33, 'Fiori', 10)]
2025-11-02 14:13:53 - round.py - INFO - update_tris - Alessio ----> 8 -->8_Fiori_Blu
2025-11-02 14:13:53 - round.py - INFO - discard - Alessio ----> 10_Picche_Blu
2025-11-02 14:13:53 - round.py - INFO - pick_up_card - MariaGrazia ----> A_Fiori_Blu
2025-11-02 14:13:53 - round.py - INFO - close_game - MariaGrazia ----> A_Fiori_Blu
