2025-11-02 14:13:36 - logger.py - INFO - _initialize - Logger inizializzato. File di log: logs/2025_11_02\partita_20251102_141336596834.log
2025-11-02 14:13:36 - round.py - INFO - pick_up_discard - Alessio ----> Q_Cuori_Rosso
2025-11-02 14:13:37 - round.py - INFO - discard - Alessio ----> 9_Cuori_Blu
2025-11-02 14:13:37 - round.py - INFO - pick_up_discard - MariaGrazia ----> 9_Cuori_Blu
2025-11-02 14:13:38 - player_onto_manager.py - INFO - apre_tris -  A_Fiori_Blu -15 ----> partialScore ----> 15
2025-11-02 14:13:38 - player_onto_manager.py - INFO - apre_tris -  A_Quadri_Blu -15 ----> partialScore ----> 30
2025-11-02 14:13:38 - player_onto_manager.py - INFO - apre_tris -  A_Picche_Blu -15 ----> partialScore ----> 45
2025-11-02 14:13:38 - player_onto_manager.py - INFO - apre_tris - FINAL partialScore ----> 45
2025-11-02 14:13:38 - round.py - INFO - open_tris - MariaGrazia ----> [(1, 80, 'Fiori', 15), (1, 67, 'Quadri', 15), (1, 93, 'Picche', 15)]
2025-11-02 14:13:39 - round.py - INFO - discard - MariaGrazia ----> 7_Quadri_Rosso
2025-11-02 14:13:39 - round.py - INFO - pick_up_discard - Alessio ----> 7_Quadri_Rosso
2025-11-02 14:13:40 - player_onto_manager.py - INFO - apre_tris -  7_Quadri_Rosso -5 ----> partialScore ----> 5
2025-11-02 14:13:40 - player_onto_manager.py - INFO - apre_tris -  7_Fiori_Blu -5 ----> partialScore ----> 10
2025-11-02 14:13:40 - player_onto_manager.py - INFO - apre_tris -  7_Quadri_Blu -5 ----> partialScore ----> 15
2025-11-02 14:13:40 - player_onto_manager.py - INFO - apre_tris - FINAL partialScore ----> 15
2025-11-02 14:13:40 - round.py - INFO - open_tris - Alessio ----> [(7, 19, 'Quadri', 5), (7, 86, 'Fiori', 5), (7, 73, 'Quadri', 5)]
2025-11-02 14:13:40 - round.py - INFO - discard - Alessio ----> 3_Cuori_Blu
2025-11-02 14:13:40 - round.py - INFO - pick_up_discard - MariaGrazia ----> 3_Cuori_Blu
2025-11-02 14:13:40 - round.py - INFO - discard - MariaGrazia ----> J_Fiori_Blu
2025-11-02 14:13:41 - round.py - INFO - pick_up_card - Alessio ----> 7_Fiori_Blu
2025-11-02 14:13:41 - round.py - INFO - update_tris - Alessio ----> 7 -->7_Fiori_Blu
2025-11-02 14:13:41 - round.py - INFO - discard - Alessio ----> 4_Fiori_Blu
2025-11-02 14:13:41 - round.py - INFO - pick_up_discard - MariaGrazia ----> J_Fiori_Blu
2025-11-02 14:13:42 - round.py - INFO - discard - MariaGrazia ----> 4_Quadri_Blu
2025-11-02 14:13:42 - round.py - INFO - pick_up_card - Alessio ----> 3_Cuori_Blu
2025-11-02 14:13:42 - round.py - INFO - discard - Alessio ----> 5_Fiori_Blu
2025-11-02 14:13:42 - round.py - INFO - pick_up_card - MariaGrazia ----> 7_Quadri_Blu
2025-11-02 14:13:42 - round.py - INFO - discard - MariaGrazia ----> 5_Cuori_Rosso
2025-11-02 14:13:42 - round.py - INFO - pick_up_discard - Alessio ----> 4_Quadri_Blu
2025-11-02 14:13:43 - player_onto_manager.py - INFO - apre_tris -  5_Fiori_Blu -5 ----> partialScore ----> 5
2025-11-02 14:13:43 - player_onto_manager.py - INFO - apre_tris -  5_Quadri_Blu -5 ----> partialScore ----> 10
2025-11-02 14:13:43 - player_onto_manager.py - INFO - apre_tris -  5_Cuori_Rosso -5 ----> partialScore ----> 15
2025-11-02 14:13:43 - player_onto_manager.py - INFO - apre_tris - FINAL partialScore ----> 15
2025-11-02 14:13:43 - round.py - INFO - open_tris - Alessio ----> [(5, 84, 'Fiori', 5), (5, 71, 'Quadri', 5), (5, 4, 'Cuori', 5)]
2025-11-02 14:13:43 - round.py - INFO - discard - Alessio ----> 6_Picche_Blu
2025-11-02 14:13:43 - round.py - INFO - pick_up_card - MariaGrazia ----> 4_Fiori_Blu
2025-11-02 14:13:44 - round.py - INFO - discard - MariaGrazia ----> J_Fiori_Blu
2025-11-02 14:13:44 - round.py - INFO - pick_up_card - Alessio ----> 9_Cuori_Blu
2025-11-02 14:13:44 - round.py - INFO - discard - Alessio ----> Q_Cuori_Rosso
2025-11-02 14:13:44 - round.py - INFO - pick_up_card - MariaGrazia ----> 5_Fiori_Blu
2025-11-02 14:13:44 - round.py - INFO - discard - MariaGrazia ----> Q_Quadri_Rosso
2025-11-02 14:13:44 - round.py - INFO - pick_up_card - Alessio ----> 6_Picche_Blu
2025-11-02 14:13:44 - round.py - INFO - discard - Alessio ----> 4_Quadri_Blu
2025-11-02 14:13:44 - round.py - INFO - pick_up_card - MariaGrazia ----> 5_Quadri_Blu
2025-11-02 14:13:45 - round.py - INFO - discard - MariaGrazia ----> 10_Quadri_Blu
2025-11-02 14:13:45 - round.py - INFO - pick_up_discard - Alessio ----> 6_Picche_Blu
2025-11-02 14:13:46 - player_onto_manager.py - INFO - apre_tris -  Q_Cuori_Rosso -10 ----> partialScore ----> 10
2025-11-02 14:13:46 - player_onto_manager.py - INFO - apre_tris -  Q_Quadri_Rosso -10 ----> partialScore ----> 20
2025-11-02 14:13:46 - player_onto_manager.py - INFO - apre_tris -  Q_Cuori_Blu -10 ----> partialScore ----> 30
2025-11-02 14:13:46 - player_onto_manager.py - INFO - apre_tris - FINAL partialScore ----> 30
2025-11-02 14:13:46 - round.py - INFO - open_tris - Alessio ----> [(12, 11, 'Cuori', 10), (12, 24, 'Quadri', 10), (12, 65, 'Cuori', 10)]
2025-11-02 14:13:46 - round.py - INFO - discard - Alessio ----> J_Fiori_Blu
2025-11-02 14:13:46 - round.py - INFO - pick_up_discard - MariaGrazia ----> J_Fiori_Blu
2025-11-02 14:13:47 - round.py - INFO - discard - MariaGrazia ----> 7_Quadri_Blu
2025-11-02 14:13:47 - round.py - INFO - pick_up_discard - Alessio ----> 7_Quadri_Blu
2025-11-02 14:13:47 - round.py - INFO - update_tris - Alessio ----> 7 -->7_Quadri_Blu
2025-11-02 14:13:47 - round.py - INFO - discard - Alessio ----> 9_Cuori_Blu
2025-11-02 14:13:47 - round.py - INFO - pick_up_discard - MariaGrazia ----> 9_Cuori_Blu
2025-11-02 14:13:48 - round.py - INFO - discard - MariaGrazia ----> 5_Fiori_Blu
2025-11-02 14:13:48 - round.py - INFO - pick_up_card - Alessio ----> 8_Quadri_Rosso
2025-11-02 14:13:48 - round.py - INFO - discard - Alessio ----> 10_Quadri_Blu
2025-11-02 14:13:48 - round.py - INFO - pick_up_discard - MariaGrazia ----> 5_Fiori_Blu
2025-11-02 14:13:49 - round.py - INFO - discard - MariaGrazia ----> 7_Picche_Blu
2025-11-02 14:13:49 - round.py - INFO - pick_up_discard - Alessio ----> 7_Picche_Blu
2025-11-02 14:13:49 - round.py - INFO - update_tris - Alessio ----> 7 -->7_Picche_Blu
2025-11-02 14:13:49 - round.py - INFO - discard - Alessio ----> 9_Picche_Blu
2025-11-02 14:13:49 - round.py - INFO - pick_up_card - MariaGrazia ----> 9_Picche_Blu
2025-11-02 14:13:50 - round.py - INFO - discard - MariaGrazia ----> 3_Cuori_Blu
2025-11-02 14:13:50 - round.py - INFO - pick_up_discard - Alessio ----> 9_Picche_Blu
2025-11-02 14:13:50 - round.py - INFO - discard - Alessio ----> 8_Quadri_Rosso
2025-11-02 14:13:50 - round.py - INFO - pick_up_card - MariaGrazia ----> Q_Cuori_Blu
2025-11-02 14:13:50 - round.py - INFO - discard - MariaGrazia ----> 5_Fiori_Blu
2025-11-02 14:13:50 - round.py - INFO - pick_up_card - Alessio ----> A_Quadri_Blu
2025-11-02 14:13:51 - round.py - INFO - discard - Alessio ----> 3_Cuori_Blu
2025-11-02 14:13:51 - round.py - INFO - pick_up_discard - MariaGrazia ----> 8_Quadri_Rosso
2025-11-02 14:13:52 - round.py - INFO - discard - MariaGrazia ----> 3_Cuori_Blu
2025-11-02 14:13:52 - round.py - INFO - pick_up_card - Alessio ----> 7_Quadri_Rosso
2025-11-02 14:13:52 - round.py - INFO - update_tris - Alessio ----> 7 -->7_Quadri_Rosso
2025-11-02 14:13:52 - round.py - INFO - discard - Alessio ----> 6_Picche_Blu
2025-11-02 14:13:52 - round.py - INFO - pick_up_discard - MariaGrazia ----> 3_Cuori_Blu
2025-11-02 14:13:54 - round.py - INFO - discard - MariaGrazia ----> 4_Fiori_Blu
2025-11-02 14:13:54 - round.py - INFO - pick_up_card - Alessio ----> A_Picche_Blu
2025-11-02 14:13:54 - round.py - INFO - discard - Alessio ----> A_Picche_Blu
2025-11-02 14:13:54 - round.py - INFO - pick_up_discard - MariaGrazia ----> 4_Fiori_Blu
2025-11-02 14:13:57 - round.py - INFO - update_tris - MariaGrazia ----> 1 -->A_Picche_Blu
2025-11-02 14:13:58 - round.py - INFO - discard - MariaGrazia ----> Q_Cuori_Blu
2025-11-02 14:13:58 - round.py - INFO - pick_up_discard - Alessio ----> Q_Cuori_Blu
2025-11-02 14:13:59 - round.py - INFO - update_tris - Alessio ----> 12 -->Q_Cuori_Blu
2025-11-02 14:13:59 - round.py - INFO - discard - Alessio ----> 4_Quadri_Blu
2025-11-02 14:13:59 - round.py - INFO - pick_up_card - MariaGrazia ----> 4_Quadri_Blu
2025-11-02 14:14:00 - round.py - INFO - discard - MariaGrazia ----> 9_Picche_Blu
2025-11-02 14:14:00 - round.py - INFO - pick_up_discard - Alessio ----> 4_Quadri_Blu
2025-11-02 14:14:00 - round.py - INFO - discard - Alessio ----> A_Quadri_Blu
2025-11-02 14:14:00 - round.py - INFO - pick_up_discard - MariaGrazia ----> A_Quadri_Blu
2025-11-02 14:14:02 - round.py - INFO - update_tris - MariaGrazia ----> 1 -->A_Quadri_Blu
2025-11-02 14:14:03 - round.py - INFO - discard - MariaGrazia ----> J_Fiori_Blu
2025-11-02 14:14:03 - round.py - INFO - pick_up_card - Alessio ----> J_Fiori_Blu
2025-11-02 14:14:03 - round.py - INFO - discard - Alessio ----> 6_Picche_Blu
2025-11-02 14:14:03 - round.py - INFO - pick_up_card - MariaGrazia ----> K_Quadri_Blu
2025-11-02 14:14:04 - round.py - INFO - discard - MariaGrazia ----> K_Quadri_Blu
2025-11-02 14:14:04 - round.py - INFO - pick_up_discard - Alessio ----> J_Fiori_Blu
2025-11-02 14:14:05 - round.py - INFO - discard - Alessio ----> 9_Picche_Blu
2025-11-02 14:14:05 - round.py - INFO - pick_up_discard - MariaGrazia ----> 9_Picche_Blu
2025-11-02 14:14:06 - round.py - INFO - discard - MariaGrazia ----> 6_Picche_Blu
2025-11-02 14:14:06 - round.py - INFO - pick_up_card - Alessio ----> Q_Quadri_Rosso
2025-11-02 14:14:06 - round.py - INFO - update_tris - Alessio ----> 12 -->Q_Quadri_Rosso
2025-11-02 14:14:06 - round.py - INFO - discard - Alessio ----> 4_Quadri_Blu
2025-11-02 14:14:06 - round.py - INFO - pick_up_card - MariaGrazia ----> 10_Quadri_Blu
2025-11-02 14:14:07 - round.py - INFO - discard - MariaGrazia ----> 5_Fiori_Blu
2025-11-02 14:14:07 - round.py - INFO - pick_up_card - Alessio ----> 7_Picche_Blu
2025-11-02 14:14:07 - round.py - INFO - update_tris - Alessio ----> 7 -->7_Picche_Blu
2025-11-02 14:14:07 - round.py - INFO - discard - Alessio ----> 8_Quadri_Rosso
2025-11-02 14:14:07 - round.py - INFO - pick_up_discard - MariaGrazia ----> 6_Picche_Blu
2025-11-02 14:14:10 - round.py - INFO - discard - MariaGrazia ----> 4_Quadri_Blu
2025-11-02 14:14:10 - round.py - INFO - pick_up_card - Alessio ----> 5_Cuori_Rosso
2025-11-02 14:14:10 - round.py - INFO - update_tris - Alessio ----> 5 -->5_Cuori_Rosso
2025-11-02 14:14:10 - round.py - INFO - discard - Alessio ----> K_Quadri_Blu
2025-11-02 14:14:10 - round.py - INFO - pick_up_card - MariaGrazia ----> A_Fiori_Blu
2025-11-02 14:14:12 - round.py - INFO - update_tris - MariaGrazia ----> 1 -->A_Fiori_Blu
2025-11-02 14:14:14 - round.py - INFO - discard - MariaGrazia ----> 3_Cuori_Blu
2025-11-02 14:14:14 - round.py - INFO - pick_up_discard - Alessio ----> 4_Quadri_Blu
2025-11-02 14:14:14 - round.py - INFO - discard - Alessio ----> J_Fiori_Blu
2025-11-02 14:14:14 - round.py - INFO - pick_up_card - MariaGrazia ----> Q_Fiori_Blu
2025-11-02 14:14:16 - round.py - INFO - discard - MariaGrazia ----> 4_Quadri_Blu
2025-11-02 14:14:16 - round.py - INFO - pick_up_card - Alessio ----> 5_Picche_Blu
2025-11-02 14:14:17 - round.py - INFO - update_tris - Alessio ----> 5 -->5_Picche_Blu
2025-11-02 14:14:17 - round.py - INFO - discard - Alessio ----> 4_Quadri_Blu
2025-11-02 14:14:17 - round.py - INFO - pick_up_card - MariaGrazia ----> 10_Cuori_Blu
2025-11-02 14:14:19 - round.py - INFO - discard - MariaGrazia ----> 9_Cuori_Blu
2025-11-02 14:14:19 - round.py - INFO - pick_up_card - Alessio ----> 7_Cuori_Blu
2025-11-02 14:14:19 - round.py - INFO - update_tris - Alessio ----> 7 -->7_Cuori_Blu
2025-11-02 14:14:19 - round.py - INFO - discard - Alessio ----> 9_Picche_Blu
2025-11-02 14:14:19 - round.py - INFO - pick_up_discard - MariaGrazia ----> J_Fiori_Blu
2025-11-02 14:14:24 - round.py - INFO - discard - MariaGrazia ----> 4_Quadri_Blu
2025-11-02 14:14:24 - round.py - INFO - pick_up_card - Alessio ----> 2_Picche_Blu
2025-11-02 14:14:24 - round.py - INFO - update_tris - Alessio ----> 7 -->2_Picche_Blu
2025-11-02 14:14:24 - round.py - INFO - discard - Alessio ----> 6_Picche_Blu
2025-11-02 14:14:24 - round.py - INFO - pick_up_discard - MariaGrazia ----> 4_Quadri_Blu
2025-11-02 14:14:29 - round.py - INFO - discard - MariaGrazia ----> 8_Quadri_Rosso
2025-11-02 14:14:29 - round.py - INFO - pick_up_discard - Alessio ----> 8_Quadri_Rosso
2025-11-02 14:14:29 - round.py - INFO - discard - Alessio ----> K_Quadri_Blu
2025-11-02 14:14:29 - round.py - INFO - pick_up_discard - MariaGrazia ----> K_Quadri_Blu
2025-11-02 14:14:35 - round.py - INFO - discard - MariaGrazia ----> 6_Picche_Blu
2025-11-02 14:14:35 - round.py - INFO - pick_up_discard - Alessio ----> 6_Picche_Blu
2025-11-02 14:14:35 - round.py - INFO - discard - Alessio ----> J_Fiori_Blu
2025-11-02 14:14:35 - round.py - INFO - pick_up_discard - MariaGrazia ----> J_Fiori_Blu
2025-11-02 14:14:41 - round.py - INFO - discard - MariaGrazia ----> 4_Fiori_Blu
2025-11-02 14:14:41 - round.py - INFO - pick_up_card - Alessio ----> 2_Quadri_Blu
2025-11-02 14:14:41 - round.py - INFO - update_tris - Alessio ----> 12 -->2_Quadri_Blu
2025-11-02 14:14:41 - round.py - INFO - discard - Alessio ----> 6_Picche_Blu
2025-11-02 14:14:41 - round.py - INFO - pick_up_discard - MariaGrazia ----> 4_Fiori_Blu
2025-11-02 14:14:48 - round.py - INFO - discard - MariaGrazia ----> 6_Picche_Blu
2025-11-02 14:14:48 - round.py - INFO - pick_up_card - Alessio ----> 8_Fiori_Rosso
2025-11-02 14:14:48 - round.py - INFO - discard - Alessio ----> 8_Quadri_Rosso
2025-11-02 14:14:48 - round.py - INFO - pick_up_card - MariaGrazia ----> 3_Fiori_Rosso
2025-11-02 14:14:55 - round.py - INFO - open_meld - MariaGrazia ----> [(3, 28, 'Fiori', 5), (4, 83, 'Fiori', 5), (5, 84, 'Fiori', 5)]
2025-11-02 14:14:58 - round.py - INFO - discard - MariaGrazia ----> K_Quadri_Blu
2025-11-02 14:14:58 - round.py - INFO - pick_up_discard - Alessio ----> 6_Picche_Blu
2025-11-02 14:14:58 - round.py - INFO - discard - Alessio ----> 6_Picche_Blu
2025-11-02 14:14:58 - round.py - INFO - pick_up_discard - MariaGrazia ----> 6_Picche_Blu
2025-11-02 14:15:02 - round.py - INFO - discard - MariaGrazia ----> J_Fiori_Blu
2025-11-02 14:15:02 - round.py - INFO - pick_up_card - Alessio ----> 8_Cuori_Rosso
2025-11-02 14:15:02 - player_onto_manager.py - INFO - apre_tris -  8_Fiori_Rosso -10 ----> partialScore ----> 10
2025-11-02 14:15:02 - player_onto_manager.py - INFO - apre_tris -  8_Cuori_Rosso -10 ----> partialScore ----> 20
2025-11-02 14:15:02 - player_onto_manager.py - INFO - apre_tris -  8_Quadri_Rosso -10 ----> partialScore ----> 30
2025-11-02 14:15:02 - player_onto_manager.py - INFO - apre_tris - FINAL partialScore ----> 30
2025-11-02 14:15:02 - round.py - INFO - open_tris - Alessio ----> [(8, 33, 'Fiori', 10), (8, 7, 'Cuori', 10), (8, 20, 'Quadri', 10)]
2025-11-02 14:15:02 - round.py - INFO - discard - Alessio ----> K_Quadri_Blu
2025-11-02 14:15:02 - round.py - INFO - pick_up_discard - MariaGrazia ----> J_Fiori_Blu
2025-11-02 14:15:06 - round.py - INFO - discard - MariaGrazia ----> 5_Quadri_Blu
2025-11-02 14:15:06 - round.py - INFO - pick_up_discard - Alessio ----> 5_Quadri_Blu
2025-11-02 14:15:06 - round.py - INFO - update_tris - Alessio ----> 5 -->5_Quadri_Blu
2025-11-02 14:15:06 - round.py - INFO - discard - Alessio ----> 3_Cuori_Blu
2025-11-02 14:15:06 - round.py - INFO - pick_up_card - MariaGrazia ----> 10_Cuori_Rosso
2025-11-02 14:15:11 - player_onto_manager.py - INFO - apre_tris -  10_Quadri_Blu -10 ----> partialScore ----> 10
2025-11-02 14:15:11 - player_onto_manager.py - INFO - apre_tris -  10_Cuori_Rosso -10 ----> partialScore ----> 20
2025-11-02 14:15:11 - player_onto_manager.py - INFO - apre_tris -  10_Cuori_Blu -10 ----> partialScore ----> 30
2025-11-02 14:15:11 - player_onto_manager.py - INFO - apre_tris - FINAL partialScore ----> 30
2025-11-02 14:15:11 - round.py - INFO - open_tris - MariaGrazia ----> [(10, 76, 'Quadri', 10), (10, 9, 'Cuori', 10), (10, 63, 'Cuori', 10)]
2025-11-02 14:15:13 - round.py - INFO - update_tris - MariaGrazia ----> 10 -->10_Quadri_Blu
2025-11-02 14:15:14 - round.py - INFO - discard - MariaGrazia ----> J_Fiori_Blu
2025-11-02 14:15:14 - round.py - INFO - pick_up_card - Alessio ----> 5_Cuori_Blu
2025-11-02 14:15:14 - round.py - INFO - update_tris - Alessio ----> 5 -->5_Cuori_Blu
2025-11-02 14:15:14 - round.py - INFO - discard - Alessio ----> 3_Cuori_Blu
2025-11-02 14:15:14 - round.py - INFO - pick_up_card - MariaGrazia ----> Q_Picche_Rosso
2025-11-02 14:15:16 - round.py - INFO - discard - MariaGrazia ----> Q_Picche_Rosso
2025-11-02 14:15:16 - round.py - INFO - pick_up_discard - Alessio ----> 3_Cuori_Blu
2025-11-02 14:15:16 - round.py - INFO - update_tris - Alessio ----> 12 -->Q_Picche_Rosso
2025-11-02 14:15:16 - round.py - INFO - discard - Alessio ----> J_Fiori_Blu
2025-11-02 14:15:16 - round.py - INFO - pick_up_card - MariaGrazia ----> K_Fiori_Blu
2025-11-02 14:15:17 - round.py - INFO - open_meld - MariaGrazia ----> [(11, 90, 'Fiori', 10), (12, 91, 'Fiori', 10), (13, 92, 'Fiori', 10)]
2025-11-02 14:15:18 - round.py - INFO - discard - MariaGrazia ----> 9_Cuori_Blu
2025-11-02 14:15:18 - round.py - INFO - pick_up_card - Alessio ----> 6_Fiori_Blu
2025-11-02 14:15:18 - round.py - INFO - discard - Alessio ----> 3_Cuori_Blu
2025-11-02 14:15:18 - round.py - INFO - pick_up_discard - MariaGrazia ----> J_Fiori_Blu
2025-11-02 14:15:19 - round.py - INFO - discard - MariaGrazia ----> 9_Picche_Blu
2025-11-02 14:15:19 - round.py - INFO - pick_up_card - Alessio ----> K_Fiori_Rosso
2025-11-02 14:15:19 - round.py - INFO - discard - Alessio ----> 3_Cuori_Blu
2025-11-02 14:15:19 - round.py - INFO - pick_up_card - MariaGrazia ----> 10_Quadri_Rosso
2025-11-02 14:15:20 - round.py - INFO - update_tris - MariaGrazia ----> 10 -->10_Quadri_Rosso
2025-11-02 14:15:21 - round.py - INFO - discard - MariaGrazia ----> 4_Fiori_Blu
2025-11-02 14:15:21 - round.py - INFO - pick_up_card - Alessio ----> Jolly_Jolly_N_Rosso
2025-11-02 14:15:21 - round.py - INFO - update_tris - Alessio ----> 5 -->Jolly_Jolly_N_Rosso
2025-11-02 14:15:21 - round.py - INFO - discard - Alessio ----> K_Fiori_Rosso
2025-11-02 14:15:21 - round.py - INFO - pick_up_card - MariaGrazia ----> Jolly_Jolly_R_Rosso
2025-11-02 14:15:22 - round.py - INFO - update_meld - MariaGrazia ----> Updated_Game_Ontology20251102_141332759967.Fiori --> Jolly_Jolly_R_Rosso
2025-11-02 14:15:23 - round.py - INFO - discard - MariaGrazia ----> 3_Cuori_Blu
2025-11-02 14:15:23 - round.py - INFO - pick_up_card - Alessio ----> 2_Fiori_Rosso
2025-11-02 14:15:23 - round.py - INFO - update_tris - Alessio ----> 8 -->2_Fiori_Rosso
2025-11-02 14:15:23 - round.py - INFO - discard - Alessio ----> 6_Fiori_Blu
2025-11-02 14:15:23 - round.py - INFO - pick_up_card - MariaGrazia ----> 9_Picche_Rosso
2025-11-02 14:15:23 - player_onto_manager.py - INFO - apre_tris -  9_Picche_Blu -10 ----> partialScore ----> 10
2025-11-02 14:15:23 - player_onto_manager.py - INFO - apre_tris -  9_Cuori_Blu -10 ----> partialScore ----> 20
2025-11-02 14:15:23 - player_onto_manager.py - INFO - apre_tris -  9_Picche_Rosso -10 ----> partialScore ----> 30
2025-11-02 14:15:23 - player_onto_manager.py - INFO - apre_tris - FINAL partialScore ----> 30
2025-11-02 14:15:24 - round.py - INFO - open_tris - MariaGrazia ----> [(9, 101, 'Picche', 10), (9, 62, 'Cuori', 10), (9, 47, 'Picche', 10)]
2025-11-02 14:15:24 - round.py - INFO - update_tris - MariaGrazia ----> 9 -->9_Cuori_Blu
2025-11-02 14:15:24 - round.py - INFO - discard - MariaGrazia ----> 6_Picche_Blu
2025-11-02 14:15:24 - round.py - INFO - pick_up_card - Alessio ----> 6_Cuori_Blu
2025-11-02 14:15:24 - round.py - INFO - close_game - Alessio ----> 6_Cuori_Blu
