2025-11-02 14:13:31 - logger.py - INFO - _initialize - Logger inizializzato. File di log: logs/2025_11_02\partita_20251102_141331505147.log
2025-11-02 14:13:31 - round.py - INFO - pick_up_discard - Alessio ----> A_Fiori_Blu
2025-11-02 14:13:33 - player_onto_manager.py - INFO - apre_tris -  2_Picche_Blu -20 ----> partialScore ----> 20
2025-11-02 14:13:33 - player_onto_manager.py - INFO - apre_tris -  A_Quadri_Blu -15 ----> partialScore ----> 35
2025-11-02 14:13:33 - player_onto_manager.py - INFO - apre_tris -  A_Fiori_Blu -15 ----> partialScore ----> 50
2025-11-02 14:13:33 - player_onto_manager.py - INFO - apre_tris - FINAL partialScore ----> 50
2025-11-02 14:13:33 - round.py - INFO - open_tris - Alessio ----> [(-1, 94, 'Jolly', 20), (1, 67, 'Quadri', 15), (1, 80, 'Fiori', 15)]
2025-11-02 14:13:33 - player_onto_manager.py - INFO - apre_tris -  2_Cuori_Rosso -20 ----> partialScore ----> 20
2025-11-02 14:13:33 - player_onto_manager.py - INFO - apre_tris -  7_Cuori_Rosso -5 ----> partialScore ----> 25
2025-11-02 14:13:33 - player_onto_manager.py - INFO - apre_tris -  7_Picche_Rosso -5 ----> partialScore ----> 30
2025-11-02 14:13:33 - player_onto_manager.py - INFO - apre_tris - FINAL partialScore ----> 30
2025-11-02 14:13:33 - round.py - INFO - open_tris - Alessio ----> [(-1, 1, 'Jolly', 20), (7, 6, 'Cuori', 5), (7, 45, 'Picche', 5)]
2025-11-02 14:13:33 - round.py - INFO - discard - Alessio ----> 4_Cuori_Blu
2025-11-02 14:13:33 - round.py - INFO - pick_up_discard - MariaGrazia ----> 4_Cuori_Blu
2025-11-02 14:13:35 - round.py - INFO - open_meld - MariaGrazia ----> [(-1, 107, 'Jolly', 30), (5, 58, 'Cuori', 5), (6, 5, 'Cuori', 5)]
2025-11-02 14:13:35 - round.py - INFO - update_meld - MariaGrazia ----> Updated_Game_Ontology20251102_141327555802.Cuori --> 4_Cuori_Blu
2025-11-02 14:13:35 - round.py - INFO - discard - MariaGrazia ----> 9_Cuori_Rosso
2025-11-02 14:13:35 - round.py - INFO - pick_up_card - Alessio ----> 2_Cuori_Rosso
2025-11-02 14:13:35 - player_onto_manager.py - INFO - apre_tris -  2_Cuori_Rosso -20 ----> partialScore ----> 20
2025-11-02 14:13:35 - player_onto_manager.py - INFO - apre_tris -  K_Cuori_Blu -10 ----> partialScore ----> 30
2025-11-02 14:13:35 - player_onto_manager.py - INFO - apre_tris -  K_Picche_Rosso -10 ----> partialScore ----> 40
2025-11-02 14:13:35 - player_onto_manager.py - INFO - apre_tris - FINAL partialScore ----> 40
2025-11-02 14:13:35 - round.py - INFO - open_tris - Alessio ----> [(-1, 1, 'Jolly', 20), (13, 66, 'Cuori', 10), (13, 51, 'Picche', 10)]
2025-11-02 14:13:35 - round.py - INFO - discard - Alessio ----> 8_Fiori_Rosso
2025-11-02 14:13:35 - round.py - INFO - pick_up_discard - MariaGrazia ----> 9_Cuori_Rosso
2025-11-02 14:13:36 - round.py - INFO - discard - MariaGrazia ----> 8_Fiori_Rosso
2025-11-02 14:13:36 - round.py - INFO - pick_up_discard - Alessio ----> 8_Fiori_Rosso
2025-11-02 14:13:36 - round.py - INFO - discard - Alessio ----> 10_Quadri_Rosso
2025-11-02 14:13:36 - round.py - INFO - pick_up_card - MariaGrazia ----> 4_Cuori_Blu
2025-11-02 14:13:36 - round.py - INFO - discard - MariaGrazia ----> 4_Cuori_Blu
2025-11-02 14:13:36 - round.py - INFO - pick_up_card - Alessio ----> 7_Picche_Rosso
2025-11-02 14:13:36 - round.py - INFO - discard - Alessio ----> A_Cuori_Blu
2025-11-02 14:13:36 - round.py - INFO - pick_up_discard - MariaGrazia ----> 10_Quadri_Rosso
2025-11-02 14:13:37 - round.py - INFO - discard - MariaGrazia ----> Q_Quadri_Rosso
2025-11-02 14:13:37 - round.py - INFO - pick_up_card - Alessio ----> 10_Quadri_Rosso
2025-11-02 14:13:37 - round.py - INFO - discard - Alessio ----> 10_Quadri_Rosso
2025-11-02 14:13:37 - round.py - INFO - pick_up_card - MariaGrazia ----> A_Quadri_Blu
2025-11-02 14:13:38 - player_onto_manager.py - INFO - apre_tris -  A_Quadri_Blu -15 ----> partialScore ----> 15
2025-11-02 14:13:38 - player_onto_manager.py - INFO - apre_tris -  A_Picche_Blu -15 ----> partialScore ----> 30
2025-11-02 14:13:38 - player_onto_manager.py - INFO - apre_tris -  A_Cuori_Blu -15 ----> partialScore ----> 45
2025-11-02 14:13:38 - player_onto_manager.py - INFO - apre_tris - FINAL partialScore ----> 45
2025-11-02 14:13:38 - round.py - INFO - open_tris - MariaGrazia ----> [(1, 67, 'Quadri', 15), (1, 93, 'Picche', 15), (1, 54, 'Cuori', 15)]
2025-11-02 14:13:38 - round.py - INFO - discard - MariaGrazia ----> 8_Quadri_Blu
2025-11-02 14:13:38 - round.py - INFO - pick_up_card - Alessio ----> 7_Cuori_Rosso
2025-11-02 14:13:39 - round.py - INFO - discard - Alessio ----> 7_Cuori_Rosso
2025-11-02 14:13:39 - round.py - INFO - pick_up_discard - MariaGrazia ----> Q_Quadri_Rosso
2025-11-02 14:13:39 - round.py - INFO - update_meld - MariaGrazia ----> Updated_Game_Ontology20251102_141327555802.Cuori --> 7_Cuori_Rosso
2025-11-02 14:13:40 - round.py - INFO - discard - MariaGrazia ----> 10_Quadri_Rosso
2025-11-02 14:13:40 - round.py - INFO - pick_up_card - Alessio ----> K_Cuori_Blu
2025-11-02 14:13:40 - round.py - INFO - discard - Alessio ----> K_Cuori_Blu
2025-11-02 14:13:40 - round.py - INFO - pick_up_discard - MariaGrazia ----> 10_Quadri_Rosso
2025-11-02 14:13:41 - round.py - INFO - discard - MariaGrazia ----> 6_Quadri_Blu
2025-11-02 14:13:41 - round.py - INFO - pick_up_card - Alessio ----> K_Picche_Rosso
2025-11-02 14:13:41 - round.py - INFO - discard - Alessio ----> 7_Picche_Rosso
2025-11-02 14:13:41 - round.py - INFO - pick_up_discard - MariaGrazia ----> 6_Quadri_Blu
2025-11-02 14:13:42 - round.py - INFO - discard - MariaGrazia ----> 9_Cuori_Rosso
2025-11-02 14:13:42 - round.py - INFO - pick_up_discard - Alessio ----> 9_Cuori_Rosso
2025-11-02 14:13:42 - round.py - INFO - discard - Alessio ----> 9_Cuori_Rosso
2025-11-02 14:13:42 - round.py - INFO - pick_up_discard - MariaGrazia ----> 9_Cuori_Rosso
2025-11-02 14:13:44 - round.py - INFO - discard - MariaGrazia ----> 8_Quadri_Blu
2025-11-02 14:13:44 - round.py - INFO - pick_up_card - Alessio ----> 8_Fiori_Rosso
2025-11-02 14:13:44 - round.py - INFO - discard - Alessio ----> 8_Fiori_Rosso
2025-11-02 14:13:44 - round.py - INFO - pick_up_discard - MariaGrazia ----> 8_Quadri_Blu
2025-11-02 14:13:46 - round.py - INFO - discard - MariaGrazia ----> 8_Fiori_Rosso
2025-11-02 14:13:46 - round.py - INFO - pick_up_discard - Alessio ----> 8_Fiori_Rosso
2025-11-02 14:13:46 - round.py - INFO - discard - Alessio ----> 8_Fiori_Rosso
2025-11-02 14:13:46 - round.py - INFO - pick_up_card - MariaGrazia ----> A_Cuori_Blu
2025-11-02 14:13:48 - round.py - INFO - update_tris - MariaGrazia ----> 1 -->A_Cuori_Blu
2025-11-02 14:13:49 - round.py - INFO - discard - MariaGrazia ----> 8_Quadri_Blu
2025-11-02 14:13:49 - round.py - INFO - pick_up_card - Alessio ----> 2_Picche_Blu
2025-11-02 14:13:49 - round.py - INFO - discard - Alessio ----> 8_Fiori_Rosso
2025-11-02 14:13:49 - round.py - INFO - pick_up_discard - MariaGrazia ----> 8_Fiori_Rosso
2025-11-02 14:13:51 - round.py - INFO - discard - MariaGrazia ----> 10_Quadri_Rosso
2025-11-02 14:13:51 - round.py - INFO - pick_up_discard - Alessio ----> 10_Quadri_Rosso
2025-11-02 14:13:51 - round.py - INFO - discard - Alessio ----> 10_Quadri_Rosso
2025-11-02 14:13:51 - round.py - INFO - pick_up_card - MariaGrazia ----> Q_Quadri_Rosso
2025-11-02 14:13:54 - round.py - INFO - discard - MariaGrazia ----> 8_Quadri_Blu
2025-11-02 14:13:54 - round.py - INFO - pick_up_card - Alessio ----> 7_Fiori_Blu
2025-11-02 14:13:54 - round.py - INFO - discard - Alessio ----> 7_Fiori_Blu
2025-11-02 14:13:54 - round.py - INFO - pick_up_card - MariaGrazia ----> Jolly_Jolly_R_Blu
2025-11-02 14:13:56 - player_onto_manager.py - INFO - apre_tris -  Jolly_Jolly_R_Blu -30 ----> partialScore ----> 30
2025-11-02 14:13:56 - player_onto_manager.py - INFO - apre_tris -  4_Cuori_Blu -5 ----> partialScore ----> 35
2025-11-02 14:13:56 - player_onto_manager.py - INFO - apre_tris -  4_Fiori_Blu -5 ----> partialScore ----> 40
2025-11-02 14:13:56 - player_onto_manager.py - INFO - apre_tris - FINAL partialScore ----> 40
2025-11-02 14:13:56 - round.py - INFO - open_tris - MariaGrazia ----> [(-1, 107, 'Jolly', 30), (4, 57, 'Cuori', 5), (4, 83, 'Fiori', 5)]
2025-11-02 14:13:57 - round.py - INFO - discard - MariaGrazia ----> Q_Quadri_Rosso
2025-11-02 14:13:57 - round.py - INFO - pick_up_card - Alessio ----> 6_Cuori_Rosso
2025-11-02 14:13:57 - round.py - INFO - discard - Alessio ----> 6_Cuori_Rosso
2025-11-02 14:13:57 - round.py - INFO - pick_up_discard - MariaGrazia ----> 10_Quadri_Rosso
2025-11-02 14:14:00 - player_onto_manager.py - INFO - apre_tris -  6_Quadri_Blu -5 ----> partialScore ----> 5
2025-11-02 14:14:00 - player_onto_manager.py - INFO - apre_tris -  6_Quadri_Rosso -5 ----> partialScore ----> 10
2025-11-02 14:14:00 - player_onto_manager.py - INFO - apre_tris -  6_Cuori_Rosso -5 ----> partialScore ----> 15
2025-11-02 14:14:00 - player_onto_manager.py - INFO - apre_tris - FINAL partialScore ----> 15
2025-11-02 14:14:00 - round.py - INFO - open_tris - MariaGrazia ----> [(6, 72, 'Quadri', 5), (6, 18, 'Quadri', 5), (6, 5, 'Cuori', 5)]
2025-11-02 14:14:01 - round.py - INFO - discard - MariaGrazia ----> 10_Quadri_Rosso
2025-11-02 14:14:01 - round.py - INFO - pick_up_discard - Alessio ----> 10_Quadri_Rosso
2025-11-02 14:14:01 - round.py - INFO - discard - Alessio ----> 2_Picche_Blu
2025-11-02 14:14:01 - round.py - INFO - pick_up_card - MariaGrazia ----> 5_Cuori_Blu
2025-11-02 14:14:02 - round.py - INFO - discard - MariaGrazia ----> 10_Quadri_Rosso
2025-11-02 14:14:02 - round.py - INFO - pick_up_discard - Alessio ----> 2_Picche_Blu
2025-11-02 14:14:02 - round.py - INFO - discard - Alessio ----> K_Picche_Rosso
2025-11-02 14:14:02 - round.py - INFO - pick_up_discard - MariaGrazia ----> K_Picche_Rosso
2025-11-02 14:14:03 - round.py - INFO - discard - MariaGrazia ----> 8_Fiori_Rosso
2025-11-02 14:14:03 - round.py - INFO - pick_up_card - Alessio ----> A_Picche_Blu
2025-11-02 14:14:03 - round.py - INFO - discard - Alessio ----> 10_Quadri_Rosso
2025-11-02 14:14:03 - round.py - INFO - pick_up_card - MariaGrazia ----> 4_Fiori_Blu
2025-11-02 14:14:04 - round.py - INFO - update_tris - MariaGrazia ----> 4 -->4_Fiori_Blu
2025-11-02 14:14:05 - round.py - INFO - discard - MariaGrazia ----> Q_Quadri_Rosso
2025-11-02 14:14:05 - round.py - INFO - pick_up_card - Alessio ----> 6_Quadri_Rosso
2025-11-02 14:14:05 - round.py - INFO - discard - Alessio ----> 6_Quadri_Rosso
2025-11-02 14:14:05 - round.py - INFO - pick_up_card - MariaGrazia ----> 9_Cuori_Rosso
2025-11-02 14:14:06 - round.py - INFO - discard - MariaGrazia ----> 5_Cuori_Blu
2025-11-02 14:14:06 - round.py - INFO - pick_up_card - Alessio ----> 8_Quadri_Blu
2025-11-02 14:14:06 - round.py - INFO - discard - Alessio ----> 2_Picche_Blu
2025-11-02 14:14:06 - round.py - INFO - pick_up_card - MariaGrazia ----> 6_Quadri_Blu
2025-11-02 14:14:07 - round.py - INFO - update_tris - MariaGrazia ----> 6 -->6_Quadri_Blu
2025-11-02 14:14:07 - round.py - INFO - discard - MariaGrazia ----> 7_Picche_Rosso
2025-11-02 14:14:07 - round.py - INFO - pick_up_card - Alessio ----> 10_Cuori_Rosso
2025-11-02 14:14:07 - round.py - INFO - discard - Alessio ----> 10_Cuori_Rosso
2025-11-02 14:14:07 - round.py - INFO - pick_up_discard - MariaGrazia ----> 8_Fiori_Rosso
2025-11-02 14:14:12 - round.py - INFO - open_meld - MariaGrazia ----> [(-1, 94, 'Jolly', 20), (6, 18, 'Quadri', 5), (8, 74, 'Quadri', 10)]
2025-11-02 14:14:15 - round.py - INFO - discard - MariaGrazia ----> 10_Cuori_Rosso
2025-11-02 14:14:15 - round.py - INFO - pick_up_card - Alessio ----> Jolly_Jolly_N_Rosso
2025-11-02 14:14:15 - round.py - INFO - discard - Alessio ----> 8_Quadri_Blu
2025-11-02 14:14:15 - round.py - INFO - pick_up_discard - MariaGrazia ----> 10_Cuori_Rosso
2025-11-02 14:14:17 - round.py - INFO - discard - MariaGrazia ----> Q_Quadri_Rosso
2025-11-02 14:14:17 - round.py - INFO - pick_up_card - Alessio ----> Q_Picche_Blu
2025-11-02 14:14:17 - round.py - INFO - discard - Alessio ----> Q_Picche_Blu
2025-11-02 14:14:17 - round.py - INFO - pick_up_card - MariaGrazia ----> 3_Fiori_Rosso
2025-11-02 14:14:20 - round.py - INFO - discard - MariaGrazia ----> 10_Cuori_Rosso
2025-11-02 14:14:20 - round.py - INFO - pick_up_card - Alessio ----> 10_Cuori_Blu
2025-11-02 14:14:20 - round.py - INFO - discard - Alessio ----> 10_Quadri_Rosso
2025-11-02 14:14:20 - round.py - INFO - pick_up_card - MariaGrazia ----> 3_Cuori_Blu
2025-11-02 14:14:23 - round.py - INFO - update_meld - MariaGrazia ----> Updated_Game_Ontology20251102_141327555802.Cuori --> 3_Cuori_Blu
2025-11-02 14:14:25 - round.py - INFO - discard - MariaGrazia ----> 9_Cuori_Rosso
2025-11-02 14:14:25 - round.py - INFO - pick_up_discard - Alessio ----> Q_Quadri_Rosso
2025-11-02 14:14:25 - player_onto_manager.py - INFO - apre_tris -  Jolly_Jolly_N_Rosso -30 ----> partialScore ----> 30
2025-11-02 14:14:25 - player_onto_manager.py - INFO - apre_tris -  10_Cuori_Rosso -10 ----> partialScore ----> 40
2025-11-02 14:14:25 - player_onto_manager.py - INFO - apre_tris -  10_Quadri_Rosso -10 ----> partialScore ----> 50
2025-11-02 14:14:25 - player_onto_manager.py - INFO - apre_tris - FINAL partialScore ----> 50
2025-11-02 14:14:25 - round.py - INFO - open_tris - Alessio ----> [(-1, 52, 'Jolly', 30), (10, 9, 'Cuori', 10), (10, 22, 'Quadri', 10)]
2025-11-02 14:14:25 - round.py - INFO - update_tris - Alessio ----> 10 -->10_Cuori_Blu
2025-11-02 14:14:25 - round.py - INFO - discard - Alessio ----> 9_Cuori_Rosso
2025-11-02 14:14:25 - round.py - INFO - pick_up_card - MariaGrazia ----> 7_Cuori_Blu
2025-11-02 14:14:28 - player_onto_manager.py - INFO - apre_tris -  7_Fiori_Blu -5 ----> partialScore ----> 5
2025-11-02 14:14:28 - player_onto_manager.py - INFO - apre_tris -  7_Cuori_Blu -5 ----> partialScore ----> 10
2025-11-02 14:14:28 - player_onto_manager.py - INFO - apre_tris -  7_Picche_Rosso -5 ----> partialScore ----> 15
2025-11-02 14:14:28 - player_onto_manager.py - INFO - apre_tris - FINAL partialScore ----> 15
2025-11-02 14:14:28 - round.py - INFO - open_tris - MariaGrazia ----> [(7, 86, 'Fiori', 5), (7, 60, 'Cuori', 5), (7, 45, 'Picche', 5)]
2025-11-02 14:14:28 - round.py - INFO - update_tris - MariaGrazia ----> 7 -->7_Fiori_Blu
2025-11-02 14:14:29 - round.py - INFO - discard - MariaGrazia ----> 8_Quadri_Blu
2025-11-02 14:14:29 - round.py - INFO - pick_up_card - Alessio ----> 9_Fiori_Rosso
2025-11-02 14:14:29 - round.py - INFO - discard - Alessio ----> Q_Quadri_Rosso
2025-11-02 14:14:29 - round.py - INFO - pick_up_discard - MariaGrazia ----> 9_Cuori_Rosso
2025-11-02 14:14:30 - round.py - INFO - discard - MariaGrazia ----> Q_Quadri_Rosso
2025-11-02 14:14:30 - round.py - INFO - pick_up_discard - Alessio ----> Q_Quadri_Rosso
2025-11-02 14:14:30 - round.py - INFO - discard - Alessio ----> 9_Fiori_Rosso
2025-11-02 14:14:30 - round.py - INFO - pick_up_discard - MariaGrazia ----> 9_Fiori_Rosso
2025-11-02 14:14:31 - round.py - INFO - discard - MariaGrazia ----> 9_Cuori_Rosso
2025-11-02 14:14:31 - round.py - INFO - pick_up_discard - Alessio ----> 9_Cuori_Rosso
2025-11-02 14:14:31 - round.py - INFO - discard - Alessio ----> Q_Picche_Blu
2025-11-02 14:14:31 - round.py - INFO - pick_up_discard - MariaGrazia ----> Q_Picche_Blu
2025-11-02 14:14:32 - round.py - INFO - discard - MariaGrazia ----> K_Cuori_Blu
2025-11-02 14:14:32 - round.py - INFO - pick_up_card - Alessio ----> 3_Quadri_Rosso
2025-11-02 14:14:32 - round.py - INFO - discard - Alessio ----> 3_Quadri_Rosso
2025-11-02 14:14:33 - round.py - INFO - pick_up_discard - MariaGrazia ----> K_Cuori_Blu
2025-11-02 14:14:34 - round.py - INFO - discard - MariaGrazia ----> 8_Fiori_Rosso
2025-11-02 14:14:34 - round.py - INFO - pick_up_card - Alessio ----> 5_Quadri_Blu
2025-11-02 14:14:34 - round.py - INFO - discard - Alessio ----> 9_Cuori_Rosso
2025-11-02 14:14:34 - round.py - INFO - pick_up_card - MariaGrazia ----> 6_Cuori_Blu
2025-11-02 14:14:36 - round.py - INFO - update_tris - MariaGrazia ----> 6 -->6_Cuori_Blu
2025-11-02 14:14:37 - round.py - INFO - discard - MariaGrazia ----> 5_Cuori_Blu
2025-11-02 14:14:37 - round.py - INFO - pick_up_discard - Alessio ----> 8_Fiori_Rosso
2025-11-02 14:14:37 - round.py - INFO - discard - Alessio ----> 8_Fiori_Rosso
2025-11-02 14:14:37 - round.py - INFO - pick_up_discard - MariaGrazia ----> 8_Fiori_Rosso
2025-11-02 14:14:38 - round.py - INFO - discard - MariaGrazia ----> 10_Quadri_Rosso
2025-11-02 14:14:38 - round.py - INFO - pick_up_discard - Alessio ----> 10_Quadri_Rosso
2025-11-02 14:14:38 - round.py - INFO - update_tris - Alessio ----> 10 -->10_Quadri_Rosso
2025-11-02 14:14:38 - round.py - INFO - discard - Alessio ----> Q_Quadri_Rosso
2025-11-02 14:14:38 - round.py - INFO - pick_up_card - MariaGrazia ----> 10_Picche_Rosso
2025-11-02 14:14:40 - round.py - INFO - discard - MariaGrazia ----> K_Picche_Rosso
2025-11-02 14:14:40 - round.py - INFO - pick_up_card - Alessio ----> 6_Fiori_Rosso
2025-11-02 14:14:40 - round.py - INFO - discard - Alessio ----> 5_Quadri_Blu
2025-11-02 14:14:40 - round.py - INFO - pick_up_card - MariaGrazia ----> Q_Picche_Rosso
2025-11-02 14:14:41 - player_onto_manager.py - INFO - apre_tris -  Q_Quadri_Rosso -10 ----> partialScore ----> 10
2025-11-02 14:14:41 - player_onto_manager.py - INFO - apre_tris -  Q_Picche_Rosso -10 ----> partialScore ----> 20
2025-11-02 14:14:41 - player_onto_manager.py - INFO - apre_tris -  Q_Picche_Blu -10 ----> partialScore ----> 30
2025-11-02 14:14:41 - player_onto_manager.py - INFO - apre_tris - FINAL partialScore ----> 30
2025-11-02 14:14:41 - round.py - INFO - open_tris - MariaGrazia ----> [(12, 24, 'Quadri', 10), (12, 50, 'Picche', 10), (12, 104, 'Picche', 10)]
2025-11-02 14:14:41 - round.py - INFO - discard - MariaGrazia ----> 3_Fiori_Rosso
2025-11-02 14:14:41 - round.py - INFO - pick_up_discard - Alessio ----> Q_Quadri_Rosso
2025-11-02 14:14:41 - round.py - INFO - discard - Alessio ----> A_Picche_Blu
2025-11-02 14:14:41 - round.py - INFO - pick_up_discard - MariaGrazia ----> A_Picche_Blu
2025-11-02 14:14:42 - round.py - INFO - update_tris - MariaGrazia ----> 1 -->A_Picche_Blu
2025-11-02 14:14:42 - round.py - INFO - discard - MariaGrazia ----> 8_Quadri_Blu
2025-11-02 14:14:42 - round.py - INFO - pick_up_card - Alessio ----> J_Cuori_Blu
2025-11-02 14:14:42 - round.py - INFO - discard - Alessio ----> 6_Fiori_Rosso
2025-11-02 14:14:42 - round.py - INFO - pick_up_card - MariaGrazia ----> 8_Picche_Rosso
2025-11-02 14:14:42 - round.py - INFO - discard - MariaGrazia ----> 9_Cuori_Rosso
2025-11-02 14:14:42 - round.py - INFO - pick_up_discard - Alessio ----> 8_Quadri_Blu
2025-11-02 14:14:43 - round.py - INFO - discard - Alessio ----> 9_Cuori_Rosso
2025-11-02 14:14:43 - round.py - INFO - pick_up_card - MariaGrazia ----> 2_Quadri_Rosso
2025-11-02 14:14:43 - round.py - INFO - update_meld - MariaGrazia ----> Updated_Game_Ontology20251102_141327555802.Quadri --> 2_Quadri_Rosso
2025-11-02 14:14:43 - round.py - INFO - update_meld - MariaGrazia ----> Updated_Game_Ontology20251102_141327555802.Quadri --> 3_Quadri_Rosso
2025-11-02 14:14:43 - round.py - INFO - discard - MariaGrazia ----> 8_Picche_Rosso
2025-11-02 14:14:43 - round.py - INFO - pick_up_discard - Alessio ----> 9_Cuori_Rosso
2025-11-02 14:14:44 - round.py - INFO - discard - Alessio ----> 5_Cuori_Blu
2025-11-02 14:14:44 - round.py - INFO - pick_up_card - MariaGrazia ----> 4_Fiori_Rosso
2025-11-02 14:14:44 - round.py - INFO - update_tris - MariaGrazia ----> 4 -->4_Fiori_Rosso
2025-11-02 14:14:44 - round.py - INFO - discard - MariaGrazia ----> 10_Picche_Rosso
2025-11-02 14:14:44 - round.py - INFO - pick_up_card - Alessio ----> 9_Cuori_Blu
2025-11-02 14:14:45 - round.py - INFO - discard - Alessio ----> 6_Fiori_Rosso
2025-11-02 14:14:45 - round.py - INFO - pick_up_card - MariaGrazia ----> J_Quadri_Blu
2025-11-02 14:14:45 - round.py - INFO - discard - MariaGrazia ----> K_Cuori_Blu
2025-11-02 14:14:45 - round.py - INFO - pick_up_discard - Alessio ----> 5_Cuori_Blu
2025-11-02 14:14:47 - round.py - INFO - update_tris - Alessio ----> 10 -->10_Picche_Rosso
2025-11-02 14:14:49 - round.py - INFO - discard - Alessio ----> 3_Fiori_Rosso
2025-11-02 14:14:49 - round.py - INFO - pick_up_discard - MariaGrazia ----> 3_Fiori_Rosso
2025-11-02 14:14:49 - round.py - INFO - discard - MariaGrazia ----> 8_Fiori_Rosso
2025-11-02 14:14:49 - round.py - INFO - pick_up_card - Alessio ----> 7_Quadri_Blu
2025-11-02 14:14:50 - round.py - INFO - discard - Alessio ----> 9_Cuori_Rosso
2025-11-02 14:14:50 - round.py - INFO - pick_up_discard - MariaGrazia ----> 8_Fiori_Rosso
2025-11-02 14:14:51 - round.py - INFO - discard - MariaGrazia ----> J_Quadri_Blu
2025-11-02 14:14:51 - round.py - INFO - pick_up_discard - Alessio ----> J_Quadri_Blu
2025-11-02 14:14:52 - round.py - INFO - discard - Alessio ----> Q_Quadri_Rosso
2025-11-02 14:14:52 - round.py - INFO - pick_up_discard - MariaGrazia ----> Q_Quadri_Rosso
2025-11-02 14:14:52 - round.py - INFO - update_tris - MariaGrazia ----> 12 -->Q_Quadri_Rosso
2025-11-02 14:14:52 - round.py - INFO - discard - MariaGrazia ----> 8_Fiori_Rosso
2025-11-02 14:14:52 - round.py - INFO - pick_up_discard - Alessio ----> 8_Fiori_Rosso
2025-11-02 14:14:54 - player_onto_manager.py - INFO - apre_tris -  8_Quadri_Blu -10 ----> partialScore ----> 10
2025-11-02 14:14:54 - player_onto_manager.py - INFO - apre_tris -  8_Fiori_Rosso -10 ----> partialScore ----> 20
2025-11-02 14:14:54 - player_onto_manager.py - INFO - apre_tris -  8_Picche_Rosso -10 ----> partialScore ----> 30
2025-11-02 14:14:54 - player_onto_manager.py - INFO - apre_tris - FINAL partialScore ----> 30
2025-11-02 14:14:54 - round.py - INFO - open_tris - Alessio ----> [(8, 74, 'Quadri', 10), (8, 33, 'Fiori', 10), (8, 46, 'Picche', 10)]
2025-11-02 14:14:54 - round.py - INFO - discard - Alessio ----> 9_Cuori_Rosso
2025-11-02 14:14:54 - round.py - INFO - pick_up_card - MariaGrazia ----> 8_Quadri_Rosso
2025-11-02 14:14:54 - round.py - INFO - discard - MariaGrazia ----> 9_Cuori_Rosso
2025-11-02 14:14:54 - round.py - INFO - pick_up_discard - Alessio ----> 9_Cuori_Rosso
2025-11-02 14:14:55 - round.py - INFO - discard - Alessio ----> 5_Quadri_Blu
2025-11-02 14:14:55 - round.py - INFO - pick_up_discard - MariaGrazia ----> 5_Quadri_Blu
2025-11-02 14:14:55 - round.py - INFO - update_meld - MariaGrazia ----> Updated_Game_Ontology20251102_141327555802.Quadri --> 5_Quadri_Blu
2025-11-02 14:14:55 - round.py - INFO - discard - MariaGrazia ----> 8_Quadri_Rosso
2025-11-02 14:14:55 - round.py - INFO - pick_up_card - Alessio ----> J_Picche_Blu
2025-11-02 14:14:56 - player_onto_manager.py - INFO - apre_tris -  J_Cuori_Blu -10 ----> partialScore ----> 10
2025-11-02 14:14:56 - player_onto_manager.py - INFO - apre_tris -  J_Quadri_Blu -10 ----> partialScore ----> 20
2025-11-02 14:14:56 - player_onto_manager.py - INFO - apre_tris -  J_Picche_Blu -10 ----> partialScore ----> 30
2025-11-02 14:14:56 - player_onto_manager.py - INFO - apre_tris - FINAL partialScore ----> 30
2025-11-02 14:14:56 - round.py - INFO - open_tris - Alessio ----> [(11, 64, 'Cuori', 10), (11, 77, 'Quadri', 10), (11, 103, 'Picche', 10)]
2025-11-02 14:14:56 - round.py - INFO - discard - Alessio ----> K_Picche_Rosso
2025-11-02 14:14:56 - round.py - INFO - pick_up_discard - MariaGrazia ----> 8_Quadri_Rosso
2025-11-02 14:14:56 - round.py - INFO - discard - MariaGrazia ----> 3_Fiori_Rosso
2025-11-02 14:14:56 - round.py - INFO - pick_up_card - Alessio ----> 10_Fiori_Blu
2025-11-02 14:14:56 - round.py - INFO - update_tris - Alessio ----> 10 -->10_Fiori_Blu
2025-11-02 14:14:57 - round.py - INFO - discard - Alessio ----> 9_Cuori_Rosso
2025-11-02 14:14:57 - round.py - INFO - pick_up_discard - MariaGrazia ----> 3_Fiori_Rosso
2025-11-02 14:14:57 - round.py - INFO - discard - MariaGrazia ----> K_Picche_Rosso
2025-11-02 14:14:57 - round.py - INFO - pick_up_card - Alessio ----> A_Cuori_Rosso
2025-11-02 14:14:57 - round.py - INFO - discard - Alessio ----> 9_Cuori_Blu
2025-11-02 14:14:57 - round.py - INFO - pick_up_discard - MariaGrazia ----> K_Picche_Rosso
2025-11-02 14:14:57 - player_onto_manager.py - INFO - apre_tris -  9_Cuori_Rosso -10 ----> partialScore ----> 10
2025-11-02 14:14:57 - player_onto_manager.py - INFO - apre_tris -  9_Cuori_Blu -10 ----> partialScore ----> 20
2025-11-02 14:14:57 - player_onto_manager.py - INFO - apre_tris -  9_Fiori_Rosso -10 ----> partialScore ----> 30
2025-11-02 14:14:57 - player_onto_manager.py - INFO - apre_tris - FINAL partialScore ----> 30
2025-11-02 14:14:57 - round.py - INFO - open_tris - MariaGrazia ----> [(9, 8, 'Cuori', 10), (9, 62, 'Cuori', 10), (9, 34, 'Fiori', 10)]
2025-11-02 14:14:57 - round.py - INFO - discard - MariaGrazia ----> 8_Fiori_Rosso
2025-11-02 14:14:57 - round.py - INFO - pick_up_card - Alessio ----> 5_Picche_Rosso
2025-11-02 14:14:57 - round.py - INFO - discard - Alessio ----> A_Cuori_Rosso
2025-11-02 14:14:57 - round.py - INFO - pick_up_card - MariaGrazia ----> 3_Cuori_Rosso
2025-11-02 14:14:57 - round.py - INFO - discard - MariaGrazia ----> 3_Cuori_Rosso
2025-11-02 14:14:57 - round.py - INFO - pick_up_discard - Alessio ----> 8_Fiori_Rosso
2025-11-02 14:14:57 - round.py - INFO - update_tris - Alessio ----> 8 -->8_Fiori_Rosso
2025-11-02 14:14:58 - round.py - INFO - discard - Alessio ----> 6_Fiori_Rosso
2025-11-02 14:14:58 - round.py - INFO - pick_up_card - MariaGrazia ----> 3_Quadri_Blu
2025-11-02 14:14:58 - round.py - INFO - discard - MariaGrazia ----> 3_Fiori_Rosso
2025-11-02 14:14:58 - round.py - INFO - pick_up_discard - Alessio ----> 6_Fiori_Rosso
2025-11-02 14:14:58 - round.py - INFO - discard - Alessio ----> K_Cuori_Blu
2025-11-02 14:14:58 - round.py - INFO - pick_up_card - MariaGrazia ----> 5_Quadri_Rosso
2025-11-02 14:14:58 - round.py - INFO - discard - MariaGrazia ----> 5_Quadri_Rosso
2025-11-02 14:14:58 - round.py - INFO - pick_up_card - Alessio ----> 5_Fiori_Rosso
2025-11-02 14:14:59 - player_onto_manager.py - INFO - apre_tris -  5_Fiori_Rosso -5 ----> partialScore ----> 5
2025-11-02 14:14:59 - player_onto_manager.py - INFO - apre_tris -  5_Cuori_Blu -5 ----> partialScore ----> 10
2025-11-02 14:14:59 - player_onto_manager.py - INFO - apre_tris -  5_Picche_Rosso -5 ----> partialScore ----> 15
2025-11-02 14:14:59 - player_onto_manager.py - INFO - apre_tris - FINAL partialScore ----> 15
2025-11-02 14:14:59 - round.py - INFO - open_tris - Alessio ----> [(5, 30, 'Fiori', 5), (5, 58, 'Cuori', 5), (5, 43, 'Picche', 5)]
2025-11-02 14:14:59 - round.py - INFO - discard - Alessio ----> 6_Fiori_Rosso
2025-11-02 14:14:59 - round.py - INFO - pick_up_discard - MariaGrazia ----> K_Cuori_Blu
2025-11-02 14:14:59 - round.py - INFO - update_tris - MariaGrazia ----> 6 -->6_Fiori_Rosso
2025-11-02 14:14:59 - round.py - INFO - discard - MariaGrazia ----> K_Cuori_Blu
2025-11-02 14:14:59 - round.py - INFO - pick_up_discard - Alessio ----> K_Cuori_Blu
2025-11-02 14:14:59 - round.py - INFO - discard - Alessio ----> 9_Cuori_Rosso
2025-11-02 14:14:59 - round.py - INFO - pick_up_discard - MariaGrazia ----> 9_Cuori_Rosso
2025-11-02 14:14:59 - round.py - INFO - update_tris - MariaGrazia ----> 9 -->9_Cuori_Rosso
2025-11-02 14:14:59 - round.py - INFO - discard - MariaGrazia ----> 3_Quadri_Blu
2025-11-02 14:14:59 - round.py - INFO - pick_up_card - Alessio ----> 3_Picche_Blu
2025-11-02 14:14:59 - player_onto_manager.py - INFO - apre_tris -  3_Fiori_Rosso -5 ----> partialScore ----> 5
2025-11-02 14:14:59 - player_onto_manager.py - INFO - apre_tris -  3_Picche_Blu -5 ----> partialScore ----> 10
2025-11-02 14:14:59 - player_onto_manager.py - INFO - apre_tris -  3_Cuori_Rosso -5 ----> partialScore ----> 15
2025-11-02 14:14:59 - player_onto_manager.py - INFO - apre_tris - FINAL partialScore ----> 15
2025-11-02 14:14:59 - round.py - INFO - open_tris - Alessio ----> [(3, 28, 'Fiori', 5), (3, 95, 'Picche', 5), (3, 2, 'Cuori', 5)]
2025-11-02 14:14:59 - round.py - INFO - discard - Alessio ----> A_Cuori_Rosso
2025-11-02 14:14:59 - round.py - INFO - pick_up_card - MariaGrazia ----> K_Quadri_Rosso
2025-11-02 14:14:59 - round.py - INFO - discard - MariaGrazia ----> 8_Quadri_Rosso
2025-11-02 14:14:59 - round.py - INFO - pick_up_card - Alessio ----> 2_Quadri_Blu
2025-11-02 14:14:59 - round.py - INFO - update_tris - Alessio ----> 5 -->2_Quadri_Blu
2025-11-02 14:14:59 - round.py - INFO - discard - Alessio ----> 7_Quadri_Blu
2025-11-02 14:14:59 - round.py - INFO - pick_up_card - MariaGrazia ----> 9_Picche_Blu
2025-11-02 14:14:59 - round.py - INFO - update_tris - MariaGrazia ----> 9 -->9_Picche_Blu
2025-11-02 14:14:59 - round.py - INFO - discard - MariaGrazia ----> K_Picche_Rosso
2025-11-02 14:14:59 - round.py - INFO - pick_up_card - Alessio ----> 9_Quadri_Rosso
2025-11-02 14:14:59 - round.py - INFO - discard - Alessio ----> K_Cuori_Blu
2025-11-02 14:14:59 - round.py - INFO - pick_up_card - MariaGrazia ----> K_Fiori_Blu
2025-11-02 14:14:59 - round.py - INFO - discard - MariaGrazia ----> K_Quadri_Rosso
2025-11-02 14:14:59 - round.py - INFO - pick_up_card - Alessio ----> 6_Fiori_Blu
2025-11-02 14:14:59 - round.py - INFO - discard - Alessio ----> 6_Fiori_Blu
2025-11-02 14:14:59 - round.py - INFO - pick_up_card - MariaGrazia ----> 9_Quadri_Blu
2025-11-02 14:14:59 - round.py - INFO - update_meld - MariaGrazia ----> Updated_Game_Ontology20251102_141327555802.Quadri --> 9_Quadri_Blu
2025-11-02 14:14:59 - round.py - INFO - discard - MariaGrazia ----> 5_Quadri_Rosso
2025-11-02 14:14:59 - round.py - INFO - pick_up_discard - Alessio ----> 3_Quadri_Blu
2025-11-02 14:15:00 - round.py - INFO - update_tris - Alessio ----> 8 -->8_Quadri_Rosso
2025-11-02 14:15:00 - round.py - INFO - update_tris - Alessio ----> 5 -->5_Quadri_Rosso
2025-11-02 14:15:00 - round.py - INFO - update_tris - Alessio ----> 3 -->3_Quadri_Blu
2025-11-02 14:15:01 - player_onto_manager.py - INFO - apre_tris -  K_Cuori_Blu -10 ----> partialScore ----> 10
2025-11-02 14:15:01 - player_onto_manager.py - INFO - apre_tris -  K_Quadri_Rosso -10 ----> partialScore ----> 20
2025-11-02 14:15:01 - player_onto_manager.py - INFO - apre_tris -  K_Picche_Rosso -10 ----> partialScore ----> 30
2025-11-02 14:15:01 - player_onto_manager.py - INFO - apre_tris - FINAL partialScore ----> 30
2025-11-02 14:15:01 - round.py - INFO - open_tris - Alessio ----> [(13, 66, 'Cuori', 10), (13, 25, 'Quadri', 10), (13, 51, 'Picche', 10)]
2025-11-02 14:15:01 - round.py - INFO - discard - Alessio ----> 9_Quadri_Rosso
2025-11-02 14:15:01 - round.py - INFO - pick_up_discard - MariaGrazia ----> 9_Quadri_Rosso
2025-11-02 14:15:01 - round.py - INFO - update_tris - MariaGrazia ----> 9 -->9_Quadri_Rosso
2025-11-02 14:15:01 - round.py - INFO - close_game - MariaGrazia ----> K_Fiori_Blu
