2025-11-05 22:19:25 - logger.py - INFO - _initialize - Logger inizializzato. File di log: logs/2025_11_05\partita_20251105_221925555999.log
2025-11-05 22:19:25 - logger.py - INFO - _initialize - ---------------------------------------------------
2025-11-05 22:19:25 - logger.py - INFO - _initialize - PARTITA ::  Partita_20251105_221925_555658
2025-11-05 22:19:25 - logger.py - INFO - _initialize - ---------------------------------------------------
2025-11-05 22:19:25 - round.py - INFO - pick_up_discard - Alessio ----> ['6_Fiori_Blu']
2025-11-05 22:19:26 - player_onto_manager.py - INFO - apre_tris -  Jolly_Jolly_N_Rosso -30 ----> partialScore ----> 30
2025-11-05 22:19:26 - player_onto_manager.py - INFO - apre_tris -  3_Fiori_Blu -5 ----> partialScore ----> 35
2025-11-05 22:19:26 - player_onto_manager.py - INFO - apre_tris -  3_Cuori_Rosso -5 ----> partialScore ----> 40
2025-11-05 22:19:26 - player_onto_manager.py - INFO - apre_tris - FINAL partialScore ----> 40
2025-11-05 22:19:26 - round.py - INFO - open_tris - Alessio ----> [(-1, 52, 'Jolly', 30), (3, 82, 'Fiori', 5), (3, 2, 'Cuori', 5)]
2025-11-05 22:19:26 - player_onto_manager.py - INFO - apre_tris -  10_Picche_Blu -10 ----> partialScore ----> 10
2025-11-05 22:19:26 - player_onto_manager.py - INFO - apre_tris -  10_Cuori_Blu -10 ----> partialScore ----> 20
2025-11-05 22:19:26 - player_onto_manager.py - INFO - apre_tris -  10_Picche_Rosso -10 ----> partialScore ----> 30
2025-11-05 22:19:26 - player_onto_manager.py - INFO - apre_tris - FINAL partialScore ----> 30
2025-11-05 22:19:26 - round.py - INFO - open_tris - Alessio ----> [(10, 102, 'Picche', 10), (10, 63, 'Cuori', 10), (10, 48, 'Picche', 10)]
2025-11-05 22:19:26 - round.py - INFO - discard - Alessio ----> 4_Quadri_Rosso
2025-11-05 22:19:26 - round.py - INFO - pick_up_discard - MariaGrazia ----> ['4_Quadri_Rosso']
2025-11-05 22:19:27 - round.py - INFO - open_meld - MariaGrazia ----> [(-1, 53, 'Jolly', 30), (11, 90, 'Fiori', 10), (13, 38, 'Fiori', 10)]
2025-11-05 22:19:27 - round.py - INFO - discard - MariaGrazia ----> 4_Fiori_Blu
2025-11-05 22:19:27 - round.py - INFO - pick_up_discard - Alessio ----> ['4_Fiori_Blu']
2025-11-05 22:19:27 - round.py - INFO - discard - Alessio ----> 6_Cuori_Blu
2025-11-05 22:19:27 - round.py - INFO - pick_up_card - MariaGrazia ----> 4_Fiori_Rosso
2025-11-05 22:19:27 - round.py - INFO - discard - MariaGrazia ----> 4_Fiori_Rosso
2025-11-05 22:19:27 - round.py - INFO - pick_up_discard - Alessio ----> ['6_Cuori_Blu', '4_Fiori_Rosso']
2025-11-05 22:19:27 - round.py - INFO - discard - Alessio ----> 5_Quadri_Blu
2025-11-05 22:19:27 - round.py - INFO - pick_up_card - MariaGrazia ----> 9_Cuori_Rosso
2025-11-05 22:19:28 - round.py - INFO - discard - MariaGrazia ----> 9_Cuori_Rosso
2025-11-05 22:19:28 - round.py - INFO - pick_up_card - Alessio ----> 4_Cuori_Rosso
2025-11-05 22:19:28 - player_onto_manager.py - INFO - apre_tris -  4_Cuori_Rosso -5 ----> partialScore ----> 5
2025-11-05 22:19:28 - player_onto_manager.py - INFO - apre_tris -  4_Fiori_Rosso -5 ----> partialScore ----> 10
2025-11-05 22:19:28 - player_onto_manager.py - INFO - apre_tris -  4_Fiori_Blu -5 ----> partialScore ----> 15
2025-11-05 22:19:28 - player_onto_manager.py - INFO - apre_tris - FINAL partialScore ----> 15
2025-11-05 22:19:28 - round.py - INFO - open_tris - Alessio ----> [(4, 3, 'Cuori', 5), (4, 29, 'Fiori', 5), (4, 83, 'Fiori', 5)]
2025-11-05 22:19:28 - round.py - INFO - discard - Alessio ----> 8_Cuori_Rosso
2025-11-05 22:19:28 - round.py - INFO - pick_up_discard - MariaGrazia ----> ['5_Quadri_Blu', '9_Cuori_Rosso', '8_Cuori_Rosso']
2025-11-05 22:19:28 - player_onto_manager.py - INFO - apre_tris -  8_Cuori_Rosso -10 ----> partialScore ----> 10
2025-11-05 22:19:28 - player_onto_manager.py - INFO - apre_tris -  8_Fiori_Blu -10 ----> partialScore ----> 20
2025-11-05 22:19:28 - player_onto_manager.py - INFO - apre_tris -  8_Quadri_Blu -10 ----> partialScore ----> 30
2025-11-05 22:19:28 - player_onto_manager.py - INFO - apre_tris - FINAL partialScore ----> 30
2025-11-05 22:19:28 - round.py - INFO - open_tris - MariaGrazia ----> [(8, 7, 'Cuori', 10), (8, 87, 'Fiori', 10), (8, 74, 'Quadri', 10)]
2025-11-05 22:19:28 - round.py - INFO - discard - MariaGrazia ----> 10_Quadri_Rosso
2025-11-05 22:19:28 - round.py - INFO - pick_up_card - Alessio ----> 4_Picche_Blu
2025-11-05 22:19:28 - round.py - INFO - discard - Alessio ----> 4_Picche_Blu
2025-11-05 22:19:28 - round.py - INFO - pick_up_discard - MariaGrazia ----> ['10_Quadri_Rosso', '4_Picche_Blu']
2025-11-05 22:19:29 - round.py - INFO - discard - MariaGrazia ----> 9_Cuori_Rosso
2025-11-05 22:19:29 - round.py - INFO - pick_up_card - Alessio ----> 7_Quadri_Rosso
2025-11-05 22:19:29 - round.py - INFO - discard - Alessio ----> 7_Quadri_Rosso
2025-11-05 22:19:29 - round.py - INFO - pick_up_card - MariaGrazia ----> A_Quadri_Rosso
2025-11-05 22:19:29 - round.py - INFO - discard - MariaGrazia ----> 5_Cuori_Blu
2025-11-05 22:19:29 - round.py - INFO - pick_up_card - Alessio ----> A_Cuori_Blu
2025-11-05 22:19:29 - round.py - INFO - discard - Alessio ----> Q_Picche_Rosso
2025-11-05 22:19:29 - round.py - INFO - pick_up_card - MariaGrazia ----> Q_Picche_Blu
2025-11-05 22:19:29 - round.py - INFO - discard - MariaGrazia ----> K_Cuori_Blu
2025-11-05 22:19:29 - round.py - INFO - pick_up_discard - Alessio ----> ['9_Cuori_Rosso', '7_Quadri_Rosso', '5_Cuori_Blu', 'Q_Picche_Rosso', 'K_Cuori_Blu']
2025-11-05 22:19:29 - round.py - INFO - discard - Alessio ----> Q_Picche_Rosso
2025-11-05 22:19:29 - round.py - INFO - pick_up_discard - MariaGrazia ----> ['Q_Picche_Rosso']
2025-11-05 22:19:29 - round.py - INFO - discard - MariaGrazia ----> 4_Picche_Blu
2025-11-05 22:19:29 - round.py - INFO - pick_up_discard - Alessio ----> ['4_Picche_Blu']
2025-11-05 22:19:29 - round.py - INFO - discard - Alessio ----> 9_Cuori_Rosso
2025-11-05 22:19:29 - round.py - INFO - pick_up_discard - MariaGrazia ----> ['9_Cuori_Rosso']
2025-11-05 22:19:30 - round.py - INFO - discard - MariaGrazia ----> Q_Picche_Blu
2025-11-05 22:19:30 - round.py - INFO - pick_up_card - Alessio ----> 2_Picche_Rosso
2025-11-05 22:19:30 - player_onto_manager.py - INFO - apre_tris -  2_Picche_Rosso -20 ----> partialScore ----> 20
2025-11-05 22:19:30 - player_onto_manager.py - INFO - apre_tris -  6_Fiori_Blu -5 ----> partialScore ----> 25
2025-11-05 22:19:30 - player_onto_manager.py - INFO - apre_tris -  6_Cuori_Blu -5 ----> partialScore ----> 30
2025-11-05 22:19:30 - player_onto_manager.py - INFO - apre_tris - FINAL partialScore ----> 30
2025-11-05 22:19:30 - round.py - INFO - open_tris - Alessio ----> [(-1, 40, 'Jolly', 20), (6, 85, 'Fiori', 5), (6, 59, 'Cuori', 5)]
2025-11-05 22:19:30 - round.py - INFO - discard - Alessio ----> 7_Quadri_Rosso
2025-11-05 22:19:30 - round.py - INFO - pick_up_card - MariaGrazia ----> 4_Picche_Rosso
2025-11-05 22:19:30 - round.py - INFO - discard - MariaGrazia ----> 3_Cuori_Blu
2025-11-05 22:19:30 - round.py - INFO - pick_up_discard - Alessio ----> ['Q_Picche_Blu', '7_Quadri_Rosso', '3_Cuori_Blu']
2025-11-05 22:19:30 - round.py - INFO - update_tris - Alessio ----> 3 -->3_Cuori_Blu
2025-11-05 22:19:30 - round.py - INFO - discard - Alessio ----> 5_Cuori_Blu
2025-11-05 22:19:30 - round.py - INFO - pick_up_card - MariaGrazia ----> 8_Cuori_Blu
2025-11-05 22:19:30 - round.py - INFO - discard - MariaGrazia ----> 5_Quadri_Blu
2025-11-05 22:19:30 - round.py - INFO - pick_up_discard - Alessio ----> ['5_Cuori_Blu', '5_Quadri_Blu']
2025-11-05 22:19:31 - round.py - INFO - discard - Alessio ----> 5_Cuori_Blu
2025-11-05 22:19:31 - round.py - INFO - pick_up_card - MariaGrazia ----> 5_Fiori_Blu
2025-11-05 22:19:31 - round.py - INFO - discard - MariaGrazia ----> 8_Cuori_Blu
2025-11-05 22:19:31 - round.py - INFO - pick_up_card - Alessio ----> 9_Fiori_Blu
2025-11-05 22:19:31 - round.py - INFO - discard - Alessio ----> A_Cuori_Blu
2025-11-05 22:19:31 - round.py - INFO - pick_up_discard - MariaGrazia ----> ['5_Cuori_Blu', '8_Cuori_Blu', 'A_Cuori_Blu']
2025-11-05 22:19:31 - player_onto_manager.py - INFO - apre_tris -  A_Fiori_Blu -15 ----> partialScore ----> 15
2025-11-05 22:19:31 - player_onto_manager.py - INFO - apre_tris -  A_Cuori_Blu -15 ----> partialScore ----> 30
2025-11-05 22:19:31 - player_onto_manager.py - INFO - apre_tris -  A_Quadri_Rosso -15 ----> partialScore ----> 45
2025-11-05 22:19:31 - player_onto_manager.py - INFO - apre_tris - FINAL partialScore ----> 45
2025-11-05 22:19:31 - round.py - INFO - open_tris - MariaGrazia ----> [(1, 80, 'Fiori', 15), (1, 54, 'Cuori', 15), (1, 13, 'Quadri', 15)]
2025-11-05 22:19:31 - round.py - INFO - discard - MariaGrazia ----> 4_Picche_Rosso
2025-11-05 22:19:31 - round.py - INFO - pick_up_card - Alessio ----> Q_Cuori_Blu
2025-11-05 22:19:31 - round.py - INFO - discard - Alessio ----> K_Cuori_Blu
2025-11-05 22:19:31 - round.py - INFO - pick_up_discard - MariaGrazia ----> ['4_Picche_Rosso', 'K_Cuori_Blu']
2025-11-05 22:19:32 - round.py - INFO - discard - MariaGrazia ----> Q_Picche_Rosso
2025-11-05 22:19:32 - round.py - INFO - pick_up_card - Alessio ----> A_Quadri_Blu
2025-11-05 22:19:32 - round.py - INFO - discard - Alessio ----> A_Quadri_Blu
2025-11-05 22:19:32 - round.py - INFO - pick_up_discard - MariaGrazia ----> ['Q_Picche_Rosso', 'A_Quadri_Blu']
2025-11-05 22:19:32 - round.py - INFO - discard - MariaGrazia ----> Q_Picche_Rosso
2025-11-05 22:19:32 - round.py - INFO - pick_up_discard - Alessio ----> ['Q_Picche_Rosso']
2025-11-05 22:19:32 - player_onto_manager.py - INFO - apre_tris -  Q_Picche_Rosso -10 ----> partialScore ----> 10
2025-11-05 22:19:32 - player_onto_manager.py - INFO - apre_tris -  Q_Cuori_Blu -10 ----> partialScore ----> 20
2025-11-05 22:19:32 - player_onto_manager.py - INFO - apre_tris -  Q_Picche_Blu -10 ----> partialScore ----> 30
2025-11-05 22:19:32 - player_onto_manager.py - INFO - apre_tris - FINAL partialScore ----> 30
2025-11-05 22:19:32 - round.py - INFO - open_tris - Alessio ----> [(12, 50, 'Picche', 10), (12, 65, 'Cuori', 10), (12, 104, 'Picche', 10)]
2025-11-05 22:19:32 - round.py - INFO - discard - Alessio ----> 7_Quadri_Rosso
2025-11-05 22:19:32 - round.py - INFO - pick_up_card - MariaGrazia ----> K_Quadri_Blu
2025-11-05 22:19:33 - round.py - INFO - discard - MariaGrazia ----> K_Cuori_Blu
2025-11-05 22:19:33 - round.py - INFO - pick_up_discard - Alessio ----> ['7_Quadri_Rosso', 'K_Cuori_Blu']
2025-11-05 22:19:33 - round.py - INFO - discard - Alessio ----> K_Cuori_Blu
2025-11-05 22:19:33 - round.py - INFO - pick_up_discard - MariaGrazia ----> ['K_Cuori_Blu']
2025-11-05 22:19:33 - round.py - INFO - discard - MariaGrazia ----> 5_Cuori_Blu
2025-11-05 22:19:33 - round.py - INFO - pick_up_card - Alessio ----> 4_Quadri_Blu
2025-11-05 22:19:33 - round.py - INFO - discard - Alessio ----> 4_Picche_Blu
2025-11-05 22:19:33 - round.py - INFO - pick_up_card - MariaGrazia ----> 5_Quadri_Rosso
2025-11-05 22:19:33 - round.py - INFO - discard - MariaGrazia ----> 4_Picche_Rosso
2025-11-05 22:19:33 - round.py - INFO - pick_up_card - Alessio ----> 3_Fiori_Rosso
2025-11-05 22:19:33 - round.py - INFO - update_tris - Alessio ----> 3 -->3_Fiori_Rosso
2025-11-05 22:19:33 - round.py - INFO - discard - Alessio ----> 4_Quadri_Blu
2025-11-05 22:19:33 - round.py - INFO - pick_up_card - MariaGrazia ----> 8_Picche_Blu
2025-11-05 22:19:34 - round.py - INFO - discard - MariaGrazia ----> 5_Quadri_Rosso
2025-11-05 22:19:34 - round.py - INFO - pick_up_card - Alessio ----> 2_Quadri_Blu
2025-11-05 22:19:34 - round.py - INFO - discard - Alessio ----> 5_Quadri_Blu
2025-11-05 22:19:34 - round.py - INFO - pick_up_card - MariaGrazia ----> 5_Fiori_Rosso
2025-11-05 22:19:34 - round.py - INFO - discard - MariaGrazia ----> 9_Cuori_Rosso
2025-11-05 22:19:34 - round.py - INFO - pick_up_card - Alessio ----> 6_Cuori_Rosso
2025-11-05 22:19:34 - round.py - INFO - discard - Alessio ----> 6_Cuori_Rosso
2025-11-05 22:19:34 - round.py - INFO - pick_up_discard - MariaGrazia ----> ['5_Cuori_Blu', '4_Picche_Blu', '4_Picche_Rosso', '4_Quadri_Blu', '5_Quadri_Rosso', '5_Quadri_Blu', '9_Cuori_Rosso', '6_Cuori_Rosso']
2025-11-05 22:19:37 - player_onto_manager.py - INFO - apre_tris -  5_Quadri_Blu -5 ----> partialScore ----> 5
2025-11-05 22:19:37 - player_onto_manager.py - INFO - apre_tris -  5_Cuori_Blu -5 ----> partialScore ----> 10
2025-11-05 22:19:37 - player_onto_manager.py - INFO - apre_tris -  5_Fiori_Rosso -5 ----> partialScore ----> 15
2025-11-05 22:19:37 - player_onto_manager.py - INFO - apre_tris - FINAL partialScore ----> 15
2025-11-05 22:19:37 - round.py - INFO - open_tris - MariaGrazia ----> [(5, 71, 'Quadri', 5), (5, 58, 'Cuori', 5), (5, 30, 'Fiori', 5)]
2025-11-05 22:19:38 - player_onto_manager.py - INFO - apre_tris -  4_Quadri_Blu -5 ----> partialScore ----> 5
2025-11-05 22:19:38 - player_onto_manager.py - INFO - apre_tris -  4_Picche_Rosso -5 ----> partialScore ----> 10
2025-11-05 22:19:38 - player_onto_manager.py - INFO - apre_tris -  4_Picche_Blu -5 ----> partialScore ----> 15
2025-11-05 22:19:38 - player_onto_manager.py - INFO - apre_tris - FINAL partialScore ----> 15
2025-11-05 22:19:38 - round.py - INFO - open_tris - MariaGrazia ----> [(4, 70, 'Quadri', 5), (4, 42, 'Picche', 5), (4, 96, 'Picche', 5)]
2025-11-05 22:19:38 - round.py - INFO - discard - MariaGrazia ----> K_Cuori_Blu
2025-11-05 22:19:38 - round.py - INFO - pick_up_card - Alessio ----> Q_Quadri_Blu
2025-11-05 22:19:38 - round.py - INFO - discard - Alessio ----> 7_Quadri_Rosso
2025-11-05 22:19:38 - round.py - INFO - pick_up_card - MariaGrazia ----> 6_Quadri_Blu
2025-11-05 22:19:39 - round.py - INFO - open_meld - MariaGrazia ----> [(4, 16, 'Quadri', 5), (5, 17, 'Quadri', 5), (6, 72, 'Quadri', 5)]
2025-11-05 22:19:39 - round.py - INFO - discard - MariaGrazia ----> 9_Cuori_Rosso
2025-11-05 22:19:39 - round.py - INFO - pick_up_discard - Alessio ----> ['K_Cuori_Blu', '7_Quadri_Rosso', '9_Cuori_Rosso']
2025-11-05 22:19:39 - player_onto_manager.py - INFO - apre_tris -  2_Quadri_Blu -20 ----> partialScore ----> 20
2025-11-05 22:19:39 - player_onto_manager.py - INFO - apre_tris -  9_Cuori_Rosso -10 ----> partialScore ----> 30
2025-11-05 22:19:39 - player_onto_manager.py - INFO - apre_tris -  9_Fiori_Blu -10 ----> partialScore ----> 40
2025-11-05 22:19:39 - player_onto_manager.py - INFO - apre_tris - FINAL partialScore ----> 40
2025-11-05 22:19:39 - round.py - INFO - open_tris - Alessio ----> [(-1, 68, 'Jolly', 20), (9, 8, 'Cuori', 10), (9, 88, 'Fiori', 10)]
2025-11-05 22:19:39 - round.py - INFO - discard - Alessio ----> Q_Quadri_Blu
2025-11-05 22:19:39 - round.py - INFO - pick_up_card - MariaGrazia ----> Q_Fiori_Rosso
2025-11-05 22:19:39 - round.py - INFO - discard - MariaGrazia ----> K_Quadri_Blu
2025-11-05 22:19:39 - round.py - INFO - pick_up_card - Alessio ----> K_Fiori_Blu
2025-11-05 22:19:39 - round.py - INFO - discard - Alessio ----> K_Fiori_Blu
2025-11-05 22:19:39 - round.py - INFO - pick_up_card - MariaGrazia ----> A_Picche_Blu
2025-11-05 22:19:39 - round.py - INFO - discard - MariaGrazia ----> 5_Fiori_Blu
2025-11-05 22:19:39 - round.py - INFO - pick_up_discard - Alessio ----> ['Q_Quadri_Blu', 'K_Quadri_Blu', 'K_Fiori_Blu', '5_Fiori_Blu']
2025-11-05 22:19:39 - player_onto_manager.py - INFO - apre_tris -  K_Fiori_Blu -10 ----> partialScore ----> 10
2025-11-05 22:19:39 - player_onto_manager.py - INFO - apre_tris -  K_Quadri_Blu -10 ----> partialScore ----> 20
2025-11-05 22:19:39 - player_onto_manager.py - INFO - apre_tris -  K_Cuori_Blu -10 ----> partialScore ----> 30
2025-11-05 22:19:39 - player_onto_manager.py - INFO - apre_tris - FINAL partialScore ----> 30
2025-11-05 22:19:39 - round.py - INFO - open_tris - Alessio ----> [(13, 92, 'Fiori', 10), (13, 79, 'Quadri', 10), (13, 66, 'Cuori', 10)]
2025-11-05 22:19:39 - round.py - INFO - discard - Alessio ----> 7_Quadri_Rosso
2025-11-05 22:19:39 - round.py - INFO - pick_up_card - MariaGrazia ----> 10_Fiori_Blu
2025-11-05 22:19:39 - round.py - INFO - discard - MariaGrazia ----> A_Quadri_Blu
2025-11-05 22:19:39 - round.py - INFO - pick_up_discard - Alessio ----> ['7_Quadri_Rosso', 'A_Quadri_Blu']
2025-11-05 22:19:40 - round.py - INFO - discard - Alessio ----> 5_Fiori_Blu
2025-11-05 22:19:40 - round.py - INFO - pick_up_discard - MariaGrazia ----> ['5_Fiori_Blu']
2025-11-05 22:19:40 - round.py - INFO - discard - MariaGrazia ----> 8_Cuori_Blu
2025-11-05 22:19:40 - round.py - INFO - pick_up_card - Alessio ----> K_Picche_Blu
2025-11-05 22:19:40 - round.py - INFO - discard - Alessio ----> 7_Quadri_Rosso
2025-11-05 22:19:40 - round.py - INFO - pick_up_card - MariaGrazia ----> K_Picche_Rosso
2025-11-05 22:19:40 - round.py - INFO - discard - MariaGrazia ----> 8_Picche_Blu
2025-11-05 22:19:40 - round.py - INFO - pick_up_discard - Alessio ----> ['8_Cuori_Blu', '7_Quadri_Rosso', '8_Picche_Blu']
2025-11-05 22:19:40 - round.py - INFO - discard - Alessio ----> 8_Picche_Blu
2025-11-05 22:19:40 - round.py - INFO - pick_up_card - MariaGrazia ----> 9_Quadri_Rosso
2025-11-05 22:19:40 - round.py - INFO - discard - MariaGrazia ----> Q_Fiori_Rosso
2025-11-05 22:19:40 - round.py - INFO - pick_up_discard - Alessio ----> ['8_Picche_Blu', 'Q_Fiori_Rosso']
2025-11-05 22:19:40 - round.py - INFO - discard - Alessio ----> 8_Cuori_Blu
2025-11-05 22:19:40 - round.py - INFO - pick_up_discard - MariaGrazia ----> ['8_Cuori_Blu']
2025-11-05 22:19:40 - round.py - INFO - discard - MariaGrazia ----> 10_Quadri_Rosso
2025-11-05 22:19:40 - round.py - INFO - pick_up_card - Alessio ----> 7_Cuori_Rosso
2025-11-05 22:19:40 - round.py - INFO - discard - Alessio ----> K_Picche_Blu
2025-11-05 22:19:40 - round.py - INFO - pick_up_card - MariaGrazia ----> A_Cuori_Rosso
2025-11-05 22:19:41 - round.py - INFO - discard - MariaGrazia ----> 8_Cuori_Blu
2025-11-05 22:19:41 - round.py - INFO - pick_up_discard - Alessio ----> ['10_Quadri_Rosso', 'K_Picche_Blu', '8_Cuori_Blu']
2025-11-05 22:19:41 - round.py - INFO - discard - Alessio ----> 8_Picche_Blu
2025-11-05 22:19:41 - round.py - INFO - pick_up_discard - MariaGrazia ----> ['8_Picche_Blu']
2025-11-05 22:19:41 - round.py - INFO - discard - MariaGrazia ----> 10_Fiori_Blu
2025-11-05 22:19:41 - round.py - INFO - pick_up_discard - Alessio ----> ['10_Fiori_Blu']
2025-11-05 22:19:41 - round.py - INFO - discard - Alessio ----> Q_Quadri_Blu
2025-11-05 22:19:41 - round.py - INFO - pick_up_card - MariaGrazia ----> 2_Fiori_Rosso
2025-11-05 22:19:41 - player_onto_manager.py - INFO - apre_tris -  2_Fiori_Rosso -20 ----> partialScore ----> 20
2025-11-05 22:19:41 - player_onto_manager.py - INFO - apre_tris -  A_Cuori_Rosso -15 ----> partialScore ----> 35
2025-11-05 22:19:41 - player_onto_manager.py - INFO - apre_tris -  A_Picche_Blu -15 ----> partialScore ----> 50
2025-11-05 22:19:41 - player_onto_manager.py - INFO - apre_tris - FINAL partialScore ----> 50
2025-11-05 22:19:41 - round.py - INFO - open_tris - MariaGrazia ----> [(-1, 27, 'Jolly', 20), (1, 0, 'Cuori', 15), (1, 93, 'Picche', 15)]
2025-11-05 22:19:41 - round.py - INFO - discard - MariaGrazia ----> 5_Fiori_Blu
2025-11-05 22:19:41 - round.py - INFO - pick_up_card - Alessio ----> Q_Fiori_Blu
2025-11-05 22:19:42 - round.py - INFO - discard - Alessio ----> 7_Quadri_Rosso
2025-11-05 22:19:42 - round.py - INFO - pick_up_discard - MariaGrazia ----> ['Q_Quadri_Blu', '5_Fiori_Blu', '7_Quadri_Rosso']
2025-11-05 22:19:42 - round.py - INFO - discard - MariaGrazia ----> 6_Cuori_Rosso
2025-11-05 22:19:42 - round.py - INFO - pick_up_discard - Alessio ----> ['6_Cuori_Rosso']
2025-11-05 22:19:42 - round.py - INFO - open_meld - Alessio ----> [(6, 5, 'Cuori', 5), (7, 6, 'Cuori', 5), (8, 61, 'Cuori', 10)]
2025-11-05 22:19:42 - round.py - INFO - discard - Alessio ----> 10_Quadri_Rosso
2025-11-05 22:19:42 - round.py - INFO - pick_up_card - MariaGrazia ----> K_Cuori_Rosso
2025-11-05 22:19:42 - round.py - INFO - discard - MariaGrazia ----> 8_Picche_Blu
2025-11-05 22:19:42 - round.py - INFO - pick_up_card - Alessio ----> 10_Fiori_Rosso
2025-11-05 22:19:42 - round.py - INFO - discard - Alessio ----> Q_Fiori_Rosso
2025-11-05 22:19:42 - round.py - INFO - pick_up_discard - MariaGrazia ----> ['10_Quadri_Rosso', '8_Picche_Blu', 'Q_Fiori_Rosso']
2025-11-05 22:19:42 - round.py - INFO - discard - MariaGrazia ----> K_Picche_Rosso
2025-11-05 22:19:42 - round.py - INFO - pick_up_card - Alessio ----> 5_Cuori_Rosso
2025-11-05 22:19:42 - round.py - INFO - discard - Alessio ----> 5_Cuori_Rosso
2025-11-05 22:19:42 - round.py - INFO - pick_up_discard - MariaGrazia ----> ['K_Picche_Rosso', '5_Cuori_Rosso']
2025-11-05 22:19:43 - round.py - INFO - discard - MariaGrazia ----> 9_Quadri_Rosso
2025-11-05 22:19:43 - round.py - INFO - pick_up_card - Alessio ----> 3_Picche_Rosso
2025-11-05 22:19:43 - round.py - INFO - update_tris - Alessio ----> 3 -->3_Picche_Rosso
2025-11-05 22:19:43 - round.py - INFO - discard - Alessio ----> 10_Fiori_Rosso
2025-11-05 22:19:43 - round.py - INFO - pick_up_card - MariaGrazia ----> 5_Picche_Rosso
2025-11-05 22:19:43 - player_onto_manager.py - INFO - apre_tris -  5_Cuori_Rosso -5 ----> partialScore ----> 5
2025-11-05 22:19:43 - player_onto_manager.py - INFO - apre_tris -  5_Picche_Rosso -5 ----> partialScore ----> 10
2025-11-05 22:19:43 - player_onto_manager.py - INFO - apre_tris -  5_Fiori_Blu -5 ----> partialScore ----> 15
2025-11-05 22:19:43 - player_onto_manager.py - INFO - apre_tris - FINAL partialScore ----> 15
2025-11-05 22:19:43 - round.py - INFO - open_tris - MariaGrazia ----> [(5, 4, 'Cuori', 5), (5, 43, 'Picche', 5), (5, 84, 'Fiori', 5)]
2025-11-05 22:19:43 - round.py - INFO - discard - MariaGrazia ----> K_Picche_Rosso
2025-11-05 22:19:43 - round.py - INFO - pick_up_card - Alessio ----> 6_Quadri_Rosso
2025-11-05 22:19:43 - round.py - INFO - discard - Alessio ----> A_Quadri_Blu
2025-11-05 22:19:43 - round.py - INFO - pick_up_card - MariaGrazia ----> Q_Cuori_Rosso
2025-11-05 22:19:43 - player_onto_manager.py - INFO - apre_tris -  Q_Fiori_Rosso -10 ----> partialScore ----> 10
2025-11-05 22:19:43 - player_onto_manager.py - INFO - apre_tris -  Q_Cuori_Rosso -10 ----> partialScore ----> 20
2025-11-05 22:19:43 - player_onto_manager.py - INFO - apre_tris -  Q_Quadri_Blu -10 ----> partialScore ----> 30
2025-11-05 22:19:43 - player_onto_manager.py - INFO - apre_tris - FINAL partialScore ----> 30
2025-11-05 22:19:43 - round.py - INFO - open_tris - MariaGrazia ----> [(12, 37, 'Fiori', 10), (12, 11, 'Cuori', 10), (12, 78, 'Quadri', 10)]
2025-11-05 22:19:43 - round.py - INFO - update_meld - MariaGrazia ----> Scala_1_Giocatore1 --> 7_Quadri_Rosso
2025-11-05 22:19:43 - round.py - INFO - discard - MariaGrazia ----> 8_Picche_Blu
2025-11-05 22:19:43 - round.py - INFO - pick_up_discard - Alessio ----> ['9_Quadri_Rosso', '10_Fiori_Rosso', 'K_Picche_Rosso', 'A_Quadri_Blu', '8_Picche_Blu']
2025-11-05 22:19:44 - round.py - INFO - discard - Alessio ----> 6_Quadri_Rosso
2025-11-05 22:19:44 - round.py - INFO - pick_up_discard - MariaGrazia ----> ['6_Quadri_Rosso']
2025-11-05 22:19:44 - round.py - INFO - discard - MariaGrazia ----> 6_Quadri_Rosso
2025-11-05 22:19:44 - round.py - INFO - pick_up_card - Alessio ----> 2_Quadri_Rosso
2025-11-05 22:19:44 - round.py - INFO - open_meld - Alessio ----> [(-1, 14, 'Jolly', 20), (10, 89, 'Fiori', 10), (12, 91, 'Fiori', 10)]
2025-11-05 22:19:44 - round.py - INFO - discard - Alessio ----> 8_Picche_Blu
2025-11-05 22:19:44 - round.py - INFO - pick_up_card - MariaGrazia ----> 7_Fiori_Blu
2025-11-05 22:19:44 - round.py - INFO - discard - MariaGrazia ----> K_Cuori_Rosso
2025-11-05 22:19:44 - round.py - INFO - pick_up_discard - Alessio ----> ['6_Quadri_Rosso', '8_Picche_Blu', 'K_Cuori_Rosso']
2025-11-05 22:19:44 - player_onto_manager.py - INFO - apre_tris -  K_Picche_Blu -10 ----> partialScore ----> 10
2025-11-05 22:19:44 - player_onto_manager.py - INFO - apre_tris -  K_Picche_Rosso -10 ----> partialScore ----> 20
2025-11-05 22:19:44 - player_onto_manager.py - INFO - apre_tris -  K_Cuori_Rosso -10 ----> partialScore ----> 30
2025-11-05 22:19:44 - player_onto_manager.py - INFO - apre_tris - FINAL partialScore ----> 30
2025-11-05 22:19:44 - round.py - INFO - open_tris - Alessio ----> [(13, 105, 'Picche', 10), (13, 51, 'Picche', 10), (13, 12, 'Cuori', 10)]
2025-11-05 22:19:44 - round.py - INFO - discard - Alessio ----> 6_Quadri_Rosso
2025-11-05 22:19:44 - round.py - INFO - pick_up_discard - MariaGrazia ----> ['6_Quadri_Rosso']
2025-11-05 22:19:44 - round.py - INFO - discard - MariaGrazia ----> 6_Quadri_Rosso
2025-11-05 22:19:44 - round.py - INFO - pick_up_discard - Alessio ----> ['6_Quadri_Rosso']
2025-11-05 22:19:44 - round.py - INFO - discard - Alessio ----> 8_Picche_Blu
2025-11-05 22:19:44 - round.py - INFO - pick_up_discard - MariaGrazia ----> ['8_Picche_Blu']
2025-11-05 22:19:44 - round.py - INFO - discard - MariaGrazia ----> 7_Fiori_Blu
2025-11-05 22:19:44 - round.py - INFO - pick_up_discard - Alessio ----> ['7_Fiori_Blu']
2025-11-05 22:19:44 - round.py - INFO - discard - Alessio ----> 6_Quadri_Rosso
2025-11-05 22:19:44 - round.py - INFO - pick_up_card - MariaGrazia ----> J_Picche_Rosso
2025-11-05 22:19:44 - round.py - INFO - discard - MariaGrazia ----> 10_Quadri_Rosso
2025-11-05 22:19:44 - round.py - INFO - pick_up_discard - Alessio ----> ['6_Quadri_Rosso', '10_Quadri_Rosso']
2025-11-05 22:19:44 - round.py - INFO - discard - Alessio ----> 10_Fiori_Rosso
2025-11-05 22:19:44 - round.py - INFO - pick_up_card - MariaGrazia ----> Jolly_Jolly_R_Blu
2025-11-05 22:19:44 - round.py - INFO - discard - MariaGrazia ----> J_Picche_Rosso
2025-11-05 22:19:44 - round.py - INFO - pick_up_discard - Alessio ----> ['10_Fiori_Rosso', 'J_Picche_Rosso']
2025-11-05 22:19:44 - round.py - INFO - discard - Alessio ----> 6_Quadri_Rosso
2025-11-05 22:19:44 - round.py - INFO - pick_up_card - MariaGrazia ----> J_Fiori_Rosso
2025-11-05 22:19:45 - round.py - INFO - discard - MariaGrazia ----> 8_Picche_Blu
2025-11-05 22:19:45 - round.py - INFO - pick_up_discard - Alessio ----> ['6_Quadri_Rosso', '8_Picche_Blu']
2025-11-05 22:19:45 - round.py - INFO - discard - Alessio ----> 9_Quadri_Rosso
2025-11-05 22:19:45 - round.py - INFO - pick_up_card - MariaGrazia ----> Q_Quadri_Rosso
2025-11-05 22:19:45 - round.py - INFO - discard - MariaGrazia ----> J_Fiori_Rosso
2025-11-05 22:19:45 - round.py - INFO - pick_up_card - Alessio ----> J_Cuori_Rosso
2025-11-05 22:19:45 - round.py - INFO - discard - Alessio ----> 10_Fiori_Rosso
2025-11-05 22:19:45 - round.py - INFO - pick_up_discard - MariaGrazia ----> ['9_Quadri_Rosso', 'J_Fiori_Rosso', '10_Fiori_Rosso']
2025-11-05 22:19:45 - round.py - INFO - open_meld - MariaGrazia ----> [(-1, 107, 'Jolly', 30), (10, 35, 'Fiori', 10), (11, 36, 'Fiori', 10)]
2025-11-05 22:19:45 - round.py - INFO - discard - MariaGrazia ----> 9_Quadri_Rosso
2025-11-05 22:19:45 - round.py - INFO - pick_up_card - Alessio ----> J_Quadri_Rosso
2025-11-05 22:19:45 - player_onto_manager.py - INFO - apre_tris -  J_Picche_Rosso -10 ----> partialScore ----> 10
2025-11-05 22:19:45 - player_onto_manager.py - INFO - apre_tris -  J_Quadri_Rosso -10 ----> partialScore ----> 20
2025-11-05 22:19:45 - player_onto_manager.py - INFO - apre_tris -  J_Cuori_Rosso -10 ----> partialScore ----> 30
2025-11-05 22:19:45 - player_onto_manager.py - INFO - apre_tris - FINAL partialScore ----> 30
2025-11-05 22:19:45 - round.py - INFO - open_tris - Alessio ----> [(11, 49, 'Picche', 10), (11, 23, 'Quadri', 10), (11, 10, 'Cuori', 10)]
2025-11-05 22:19:45 - round.py - INFO - discard - Alessio ----> 7_Fiori_Blu
2025-11-05 22:19:45 - round.py - INFO - pick_up_discard - MariaGrazia ----> ['9_Quadri_Rosso', '7_Fiori_Blu']
2025-11-05 22:19:45 - round.py - INFO - discard - MariaGrazia ----> 7_Fiori_Blu
2025-11-05 22:19:45 - round.py - INFO - pick_up_discard - Alessio ----> ['7_Fiori_Blu']
2025-11-05 22:19:45 - round.py - INFO - discard - Alessio ----> 10_Quadri_Rosso
2025-11-05 22:19:45 - round.py - INFO - pick_up_discard - MariaGrazia ----> ['10_Quadri_Rosso']
2025-11-05 22:19:45 - round.py - INFO - discard - MariaGrazia ----> Q_Quadri_Rosso
2025-11-05 22:19:45 - round.py - INFO - pick_up_discard - Alessio ----> ['Q_Quadri_Rosso']
2025-11-05 22:19:45 - round.py - INFO - discard - Alessio ----> Q_Quadri_Rosso
2025-11-05 22:19:45 - round.py - INFO - pick_up_discard - MariaGrazia ----> ['Q_Quadri_Rosso']
2025-11-05 22:19:45 - round.py - INFO - discard - MariaGrazia ----> 10_Quadri_Rosso
2025-11-05 22:19:45 - round.py - INFO - pick_up_discard - Alessio ----> ['10_Quadri_Rosso']
2025-11-05 22:19:45 - round.py - INFO - discard - Alessio ----> A_Quadri_Blu
2025-11-05 22:19:45 - round.py - INFO - pick_up_discard - MariaGrazia ----> ['A_Quadri_Blu']
2025-11-05 22:19:45 - round.py - INFO - discard - MariaGrazia ----> Q_Quadri_Rosso
2025-11-05 22:19:45 - round.py - INFO - pick_up_card - Alessio ----> 2_Picche_Blu
2025-11-05 22:19:45 - round.py - INFO - discard - Alessio ----> 2_Picche_Blu
2025-11-05 22:19:45 - round.py - INFO - pick_up_card - MariaGrazia ----> 7_Cuori_Blu
2025-11-05 22:19:45 - round.py - INFO - discard - MariaGrazia ----> 7_Cuori_Blu
2025-11-05 22:19:45 - round.py - INFO - pick_up_card - Alessio ----> Jolly_Jolly_N_Blu
2025-11-05 22:19:45 - round.py - INFO - discard - Alessio ----> 6_Quadri_Rosso
2025-11-05 22:19:45 - round.py - INFO - pick_up_card - MariaGrazia ----> 9_Picche_Blu
2025-11-05 22:19:45 - round.py - INFO - discard - MariaGrazia ----> 9_Picche_Blu
2025-11-05 22:19:45 - round.py - INFO - pick_up_card - Alessio ----> J_Quadri_Blu
2025-11-05 22:19:46 - round.py - INFO - open_meld - Alessio ----> [(-1, 106, 'Jolly', 30), (10, 22, 'Quadri', 10), (11, 77, 'Quadri', 10)]
2025-11-05 22:19:46 - round.py - INFO - discard - Alessio ----> 7_Fiori_Blu
2025-11-05 22:19:46 - round.py - INFO - pick_up_card - MariaGrazia ----> 2_Cuori_Blu
2025-11-05 22:19:46 - round.py - INFO - discard - MariaGrazia ----> A_Quadri_Blu
2025-11-05 22:19:46 - round.py - INFO - pick_up_card - Alessio ----> 10_Quadri_Blu
2025-11-05 22:19:46 - round.py - INFO - discard - Alessio ----> 10_Quadri_Blu
2025-11-05 22:19:46 - round.py - INFO - pick_up_card - MariaGrazia ----> 9_Cuori_Blu
2025-11-05 22:19:46 - round.py - INFO - discard - MariaGrazia ----> 9_Cuori_Blu
2025-11-05 22:19:46 - round.py - INFO - pick_up_discard - Alessio ----> ['Q_Quadri_Rosso', '2_Picche_Blu', '7_Cuori_Blu', '6_Quadri_Rosso', '9_Picche_Blu', '7_Fiori_Blu', 'A_Quadri_Blu', '10_Quadri_Blu', '9_Cuori_Blu']
2025-11-05 22:19:46 - round.py - INFO - open_meld - Alessio ----> [(-1, 94, 'Jolly', 20), (10, 76, 'Quadri', 10), (12, 24, 'Quadri', 10)]
2025-11-05 22:19:46 - round.py - INFO - discard - Alessio ----> 7_Fiori_Blu
2025-11-05 22:19:46 - round.py - INFO - pick_up_discard - MariaGrazia ----> ['7_Fiori_Blu']
2025-11-05 22:19:46 - round.py - INFO - discard - MariaGrazia ----> 2_Cuori_Blu
2025-11-05 22:19:46 - round.py - INFO - pick_up_discard - Alessio ----> ['2_Cuori_Blu']
2025-11-05 22:19:46 - player_onto_manager.py - INFO - apre_tris -  2_Cuori_Blu -20 ----> partialScore ----> 20
2025-11-05 22:19:46 - player_onto_manager.py - INFO - apre_tris -  9_Picche_Blu -10 ----> partialScore ----> 30
2025-11-05 22:19:46 - player_onto_manager.py - INFO - apre_tris -  9_Cuori_Blu -10 ----> partialScore ----> 40
2025-11-05 22:19:46 - player_onto_manager.py - INFO - apre_tris - FINAL partialScore ----> 40
2025-11-05 22:19:46 - round.py - INFO - open_tris - Alessio ----> [(-1, 55, 'Jolly', 20), (9, 101, 'Picche', 10), (9, 62, 'Cuori', 10)]
2025-11-05 22:19:46 - round.py - INFO - discard - Alessio ----> 8_Picche_Blu
2025-11-05 22:19:46 - round.py - INFO - pick_up_card - MariaGrazia ----> 2_Fiori_Blu
2025-11-05 22:19:46 - round.py - INFO - discard - MariaGrazia ----> 2_Fiori_Blu
2025-11-05 22:19:46 - round.py - INFO - pick_up_card - Alessio ----> K_Quadri_Rosso
2025-11-05 22:19:46 - round.py - INFO - discard - Alessio ----> 7_Cuori_Blu
2025-11-05 22:19:46 - round.py - INFO - pick_up_card - MariaGrazia ----> 6_Picche_Blu
2025-11-05 22:19:46 - round.py - INFO - discard - MariaGrazia ----> 9_Quadri_Rosso
2025-11-05 22:19:46 - round.py - INFO - pick_up_discard - Alessio ----> ['8_Picche_Blu', '2_Fiori_Blu', '7_Cuori_Blu', '9_Quadri_Rosso']
2025-11-05 22:19:47 - round.py - INFO - discard - Alessio ----> 9_Quadri_Rosso
2025-11-05 22:19:47 - round.py - INFO - pick_up_card - MariaGrazia ----> 7_Quadri_Blu
2025-11-05 22:19:47 - round.py - INFO - discard - MariaGrazia ----> 7_Quadri_Blu
2025-11-05 22:19:47 - round.py - INFO - pick_up_discard - Alessio ----> ['9_Quadri_Rosso', '7_Quadri_Blu']
2025-11-05 22:19:47 - player_onto_manager.py - INFO - apre_tris -  2_Fiori_Blu -20 ----> partialScore ----> 20
2025-11-05 22:19:47 - player_onto_manager.py - INFO - apre_tris -  7_Cuori_Blu -5 ----> partialScore ----> 25
2025-11-05 22:19:47 - player_onto_manager.py - INFO - apre_tris -  7_Quadri_Blu -5 ----> partialScore ----> 30
2025-11-05 22:19:47 - player_onto_manager.py - INFO - apre_tris - FINAL partialScore ----> 30
2025-11-05 22:19:47 - round.py - INFO - open_tris - Alessio ----> [(-1, 81, 'Jolly', 20), (7, 60, 'Cuori', 5), (7, 73, 'Quadri', 5)]
2025-11-05 22:19:47 - round.py - INFO - discard - Alessio ----> K_Quadri_Rosso
2025-11-05 22:19:47 - round.py - INFO - pick_up_card - MariaGrazia ----> 9_Fiori_Rosso
2025-11-05 22:19:47 - round.py - INFO - discard - MariaGrazia ----> 7_Fiori_Blu
2025-11-05 22:19:47 - round.py - INFO - pick_up_card - Alessio ----> 4_Cuori_Blu
2025-11-05 22:19:47 - round.py - INFO - discard - Alessio ----> A_Quadri_Blu
2025-11-05 22:19:47 - round.py - INFO - pick_up_discard - MariaGrazia ----> ['K_Quadri_Rosso', '7_Fiori_Blu', 'A_Quadri_Blu']
2025-11-05 22:19:47 - round.py - INFO - discard - MariaGrazia ----> 7_Fiori_Blu
2025-11-05 22:19:47 - round.py - INFO - pick_up_discard - Alessio ----> ['7_Fiori_Blu']
2025-11-05 22:19:47 - round.py - INFO - discard - Alessio ----> 9_Quadri_Rosso
2025-11-05 22:19:47 - round.py - INFO - pick_up_discard - MariaGrazia ----> ['9_Quadri_Rosso']
2025-11-05 22:19:47 - round.py - INFO - discard - MariaGrazia ----> A_Quadri_Blu
2025-11-05 22:19:47 - round.py - INFO - pick_up_discard - Alessio ----> ['A_Quadri_Blu']
2025-11-05 22:19:47 - round.py - INFO - discard - Alessio ----> 6_Quadri_Rosso
2025-11-05 22:19:47 - round.py - INFO - pick_up_discard - MariaGrazia ----> ['6_Quadri_Rosso']
2025-11-05 22:19:47 - round.py - INFO - discard - MariaGrazia ----> 6_Quadri_Rosso
2025-11-05 22:19:47 - round.py - INFO - pick_up_discard - Alessio ----> ['6_Quadri_Rosso']
2025-11-05 22:19:47 - round.py - INFO - discard - Alessio ----> 7_Fiori_Blu
2025-11-05 22:19:47 - round.py - INFO - pick_up_card - MariaGrazia ----> A_Fiori_Rosso
2025-11-05 22:19:47 - round.py - INFO - discard - MariaGrazia ----> A_Fiori_Rosso
2025-11-05 22:19:47 - round.py - INFO - pick_up_card - Alessio ----> 5_Picche_Blu
2025-11-05 22:19:47 - round.py - INFO - discard - Alessio ----> 5_Picche_Blu
2025-11-05 22:19:47 - round.py - INFO - pick_up_card - MariaGrazia ----> 8_Quadri_Rosso
2025-11-05 22:19:47 - round.py - INFO - discard - MariaGrazia ----> K_Quadri_Rosso
2025-11-05 22:19:47 - round.py - INFO - pick_up_discard - Alessio ----> ['7_Fiori_Blu', 'A_Fiori_Rosso', '5_Picche_Blu', 'K_Quadri_Rosso']
2025-11-05 22:19:48 - round.py - INFO - discard - Alessio ----> 7_Fiori_Blu
2025-11-05 22:19:48 - round.py - INFO - pick_up_card - MariaGrazia ----> 10_Cuori_Rosso
2025-11-05 22:19:48 - round.py - INFO - discard - MariaGrazia ----> 8_Quadri_Rosso
2025-11-05 22:19:48 - round.py - INFO - pick_up_card - Alessio ----> 8_Fiori_Rosso
2025-11-05 22:19:48 - round.py - INFO - discard - Alessio ----> A_Quadri_Blu
2025-11-05 22:19:48 - round.py - INFO - pick_up_card - MariaGrazia ----> 6_Fiori_Rosso
2025-11-05 22:19:48 - round.py - INFO - discard - MariaGrazia ----> 6_Fiori_Rosso
2025-11-05 22:19:48 - round.py - INFO - pick_up_discard - Alessio ----> ['7_Fiori_Blu', '8_Quadri_Rosso', 'A_Quadri_Blu', '6_Fiori_Rosso']
2025-11-05 22:19:48 - player_onto_manager.py - INFO - apre_tris -  8_Picche_Blu -10 ----> partialScore ----> 10
2025-11-05 22:19:48 - player_onto_manager.py - INFO - apre_tris -  8_Fiori_Rosso -10 ----> partialScore ----> 20
2025-11-05 22:19:48 - player_onto_manager.py - INFO - apre_tris -  8_Quadri_Rosso -10 ----> partialScore ----> 30
2025-11-05 22:19:48 - player_onto_manager.py - INFO - apre_tris - FINAL partialScore ----> 30
2025-11-05 22:19:48 - round.py - INFO - open_tris - Alessio ----> [(8, 100, 'Picche', 10), (8, 33, 'Fiori', 10), (8, 20, 'Quadri', 10)]
2025-11-05 22:19:48 - round.py - INFO - discard - Alessio ----> 4_Cuori_Blu
2025-11-05 22:19:48 - round.py - INFO - pick_up_discard - MariaGrazia ----> ['4_Cuori_Blu']
2025-11-05 22:19:48 - round.py - INFO - discard - MariaGrazia ----> 9_Quadri_Rosso
2025-11-05 22:19:48 - round.py - INFO - pick_up_discard - Alessio ----> ['9_Quadri_Rosso']
2025-11-05 22:19:49 - round.py - INFO - discard - Alessio ----> 9_Quadri_Rosso
2025-11-05 22:19:49 - round.py - INFO - pick_up_discard - MariaGrazia ----> ['9_Quadri_Rosso']
2025-11-05 22:19:49 - round.py - INFO - discard - MariaGrazia ----> 9_Fiori_Rosso
2025-11-05 22:19:49 - round.py - INFO - pick_up_discard - Alessio ----> ['9_Fiori_Rosso']
2025-11-05 22:19:49 - round.py - INFO - discard - Alessio ----> 6_Fiori_Rosso
2025-11-05 22:19:49 - round.py - INFO - pick_up_card - MariaGrazia ----> 6_Picche_Rosso
2025-11-05 22:19:49 - round.py - INFO - discard - MariaGrazia ----> 6_Picche_Blu
2025-11-05 22:19:49 - round.py - INFO - pick_up_card - Alessio ----> A_Picche_Rosso
2025-11-05 22:19:49 - player_onto_manager.py - INFO - apre_tris -  A_Picche_Rosso -15 ----> partialScore ----> 15
2025-11-05 22:19:49 - player_onto_manager.py - INFO - apre_tris -  A_Quadri_Blu -15 ----> partialScore ----> 30
2025-11-05 22:19:49 - player_onto_manager.py - INFO - apre_tris -  A_Fiori_Rosso -15 ----> partialScore ----> 45
2025-11-05 22:19:49 - player_onto_manager.py - INFO - apre_tris - FINAL partialScore ----> 45
2025-11-05 22:19:49 - round.py - INFO - open_tris - Alessio ----> [(1, 39, 'Picche', 15), (1, 67, 'Quadri', 15), (1, 26, 'Fiori', 15)]
2025-11-05 22:19:49 - round.py - INFO - discard - Alessio ----> K_Quadri_Rosso
2025-11-05 22:19:49 - round.py - INFO - pick_up_discard - MariaGrazia ----> ['6_Fiori_Rosso', '6_Picche_Blu', 'K_Quadri_Rosso']
2025-11-05 22:19:49 - player_onto_manager.py - INFO - apre_tris -  6_Picche_Rosso -5 ----> partialScore ----> 5
2025-11-05 22:19:49 - player_onto_manager.py - INFO - apre_tris -  6_Picche_Blu -5 ----> partialScore ----> 10
2025-11-05 22:19:49 - player_onto_manager.py - INFO - apre_tris -  6_Fiori_Rosso -5 ----> partialScore ----> 15
2025-11-05 22:19:49 - player_onto_manager.py - INFO - apre_tris - FINAL partialScore ----> 15
2025-11-05 22:19:49 - round.py - INFO - open_tris - MariaGrazia ----> [(6, 44, 'Picche', 5), (6, 98, 'Picche', 5), (6, 31, 'Fiori', 5)]
2025-11-05 22:19:49 - round.py - INFO - discard - MariaGrazia ----> 10_Cuori_Rosso
2025-11-05 22:19:49 - round.py - INFO - pick_up_discard - Alessio ----> ['10_Cuori_Rosso']
2025-11-05 22:19:49 - round.py - INFO - discard - Alessio ----> 10_Cuori_Rosso
2025-11-05 22:19:49 - round.py - INFO - pick_up_discard - MariaGrazia ----> ['10_Cuori_Rosso']
2025-11-05 22:19:49 - round.py - INFO - discard - MariaGrazia ----> 9_Quadri_Rosso
2025-11-05 22:19:49 - round.py - INFO - pick_up_discard - Alessio ----> ['9_Quadri_Rosso']
2025-11-05 22:19:49 - round.py - INFO - discard - Alessio ----> 7_Fiori_Blu
2025-11-05 22:19:49 - round.py - INFO - pick_up_discard - MariaGrazia ----> ['7_Fiori_Blu']
2025-11-05 22:19:49 - round.py - INFO - discard - MariaGrazia ----> 4_Cuori_Blu
2025-11-05 22:19:49 - round.py - INFO - pick_up_discard - Alessio ----> ['4_Cuori_Blu']
2025-11-05 22:19:49 - round.py - INFO - discard - Alessio ----> 4_Cuori_Blu
2025-11-05 22:19:49 - round.py - INFO - pick_up_card - MariaGrazia ----> 7_Picche_Rosso
2025-11-05 22:19:50 - round.py - INFO - discard - MariaGrazia ----> 10_Cuori_Rosso
2025-11-05 22:19:50 - round.py - INFO - pick_up_card - Alessio ----> 9_Picche_Rosso
2025-11-05 22:19:50 - player_onto_manager.py - INFO - apre_tris -  9_Fiori_Rosso -10 ----> partialScore ----> 10
2025-11-05 22:19:50 - player_onto_manager.py - INFO - apre_tris -  9_Quadri_Rosso -10 ----> partialScore ----> 20
2025-11-05 22:19:50 - player_onto_manager.py - INFO - apre_tris -  9_Picche_Rosso -10 ----> partialScore ----> 30
2025-11-05 22:19:50 - player_onto_manager.py - INFO - apre_tris - FINAL partialScore ----> 30
2025-11-05 22:19:50 - round.py - INFO - open_tris - Alessio ----> [(9, 34, 'Fiori', 10), (9, 21, 'Quadri', 10), (9, 47, 'Picche', 10)]
2025-11-05 22:19:50 - round.py - INFO - discard - Alessio ----> 6_Quadri_Rosso
2025-11-05 22:19:50 - round.py - INFO - pick_up_card - MariaGrazia ----> J_Cuori_Blu
2025-11-05 22:19:50 - round.py - INFO - discard - MariaGrazia ----> 7_Picche_Rosso
2025-11-05 22:19:50 - round.py - INFO - pick_up_card - Alessio ----> 8_Picche_Rosso
2025-11-05 22:19:50 - round.py - INFO - discard - Alessio ----> 5_Picche_Blu
2025-11-05 22:19:50 - round.py - INFO - pick_up_discard - MariaGrazia ----> ['4_Cuori_Blu', '10_Cuori_Rosso', '6_Quadri_Rosso', '7_Picche_Rosso', '5_Picche_Blu']
2025-11-05 22:19:50 - round.py - INFO - discard - MariaGrazia ----> 6_Quadri_Rosso
2025-11-05 22:19:50 - round.py - INFO - pick_up_discard - Alessio ----> ['6_Quadri_Rosso']
2025-11-05 22:19:50 - round.py - INFO - discard - Alessio ----> 6_Quadri_Rosso
2025-11-05 22:19:50 - round.py - INFO - pick_up_card - MariaGrazia ----> 3_Quadri_Rosso
2025-11-05 22:19:50 - round.py - INFO - discard - MariaGrazia ----> 4_Cuori_Blu
2025-11-05 22:19:50 - round.py - INFO - pick_up_card - Alessio ----> 7_Fiori_Rosso
2025-11-05 22:19:50 - round.py - INFO - discard - Alessio ----> 7_Fiori_Rosso
2025-11-05 22:19:50 - round.py - INFO - pick_up_discard - MariaGrazia ----> ['6_Quadri_Rosso', '4_Cuori_Blu', '7_Fiori_Rosso']
2025-11-05 22:19:50 - player_onto_manager.py - INFO - apre_tris -  7_Fiori_Blu -5 ----> partialScore ----> 5
2025-11-05 22:19:50 - player_onto_manager.py - INFO - apre_tris -  7_Fiori_Rosso -5 ----> partialScore ----> 10
2025-11-05 22:19:50 - player_onto_manager.py - INFO - apre_tris -  7_Picche_Rosso -5 ----> partialScore ----> 15
2025-11-05 22:19:50 - player_onto_manager.py - INFO - apre_tris - FINAL partialScore ----> 15
2025-11-05 22:19:50 - round.py - INFO - open_tris - MariaGrazia ----> [(7, 86, 'Fiori', 5), (7, 32, 'Fiori', 5), (7, 45, 'Picche', 5)]
2025-11-05 22:19:50 - round.py - INFO - discard - MariaGrazia ----> 4_Cuori_Blu
2025-11-05 22:19:50 - round.py - INFO - pick_up_card - Alessio ----> 3_Quadri_Blu
2025-11-05 22:19:51 - round.py - INFO - discard - Alessio ----> 3_Quadri_Blu
2025-11-05 22:19:51 - round.py - INFO - pick_up_discard - MariaGrazia ----> ['4_Cuori_Blu', '3_Quadri_Blu']
2025-11-05 22:19:51 - round.py - INFO - discard - MariaGrazia ----> J_Cuori_Blu
2025-11-05 22:19:51 - round.py - INFO - pick_up_discard - Alessio ----> ['J_Cuori_Blu']
2025-11-05 22:19:51 - round.py - INFO - discard - Alessio ----> 8_Picche_Rosso
2025-11-05 22:19:51 - round.py - INFO - pick_up_card - MariaGrazia ----> 9_Quadri_Blu
2025-11-05 22:19:51 - round.py - INFO - discard - MariaGrazia ----> K_Quadri_Rosso
2025-11-05 22:19:51 - round.py - INFO - pick_up_discard - Alessio ----> ['8_Picche_Rosso', 'K_Quadri_Rosso']
2025-11-05 22:19:51 - round.py - INFO - update_meld - Alessio ----> Scala_2_Giocatore0 --> K_Quadri_Rosso
2025-11-05 22:19:51 - round.py - INFO - discard - Alessio ----> J_Cuori_Blu
2025-11-05 22:19:51 - round.py - INFO - pick_up_discard - MariaGrazia ----> ['J_Cuori_Blu']
2025-11-05 22:19:51 - round.py - INFO - discard - MariaGrazia ----> 10_Cuori_Rosso
2025-11-05 22:19:51 - round.py - INFO - pick_up_card - Alessio ----> J_Picche_Blu
2025-11-05 22:19:51 - round.py - INFO - discard - Alessio ----> 8_Picche_Rosso
2025-11-05 22:19:51 - round.py - INFO - pick_up_discard - MariaGrazia ----> ['10_Cuori_Rosso', '8_Picche_Rosso']
2025-11-05 22:19:51 - round.py - INFO - discard - MariaGrazia ----> 4_Cuori_Blu
2025-11-05 22:19:51 - round.py - INFO - pick_up_card - Alessio ----> 3_Picche_Blu
2025-11-05 22:19:51 - round.py - INFO - discard - Alessio ----> J_Picche_Blu
2025-11-05 22:19:51 - round.py - INFO - pick_up_discard - MariaGrazia ----> ['4_Cuori_Blu', 'J_Picche_Blu']
2025-11-05 22:19:52 - round.py - INFO - discard - MariaGrazia ----> 5_Picche_Blu
2025-11-05 22:19:52 - round.py - INFO - pick_up_card - Alessio ----> 2_Cuori_Rosso
2025-11-05 22:19:52 - round.py - INFO - discard - Alessio ----> 3_Picche_Blu
2025-11-05 22:19:52 - round.py - INFO - pick_up_discard - MariaGrazia ----> ['5_Picche_Blu', '3_Picche_Blu']
2025-11-05 22:19:52 - player_onto_manager.py - INFO - apre_tris -  3_Quadri_Blu -5 ----> partialScore ----> 5
2025-11-05 22:19:52 - player_onto_manager.py - INFO - apre_tris -  3_Quadri_Rosso -5 ----> partialScore ----> 10
2025-11-05 22:19:52 - player_onto_manager.py - INFO - apre_tris -  3_Picche_Blu -5 ----> partialScore ----> 15
2025-11-05 22:19:52 - player_onto_manager.py - INFO - apre_tris - FINAL partialScore ----> 15
2025-11-05 22:19:52 - round.py - INFO - open_tris - MariaGrazia ----> [(3, 69, 'Quadri', 5), (3, 15, 'Quadri', 5), (3, 95, 'Picche', 5)]
2025-11-05 22:19:52 - round.py - INFO - discard - MariaGrazia ----> 5_Picche_Blu
2025-11-05 22:19:52 - round.py - INFO - pick_up_discard - Alessio ----> ['5_Picche_Blu']
2025-11-05 22:19:52 - round.py - INFO - discard - Alessio ----> 5_Picche_Blu
2025-11-05 22:19:52 - round.py - INFO - pick_up_card - MariaGrazia ----> 7_Picche_Blu
2025-11-05 22:19:53 - round.py - INFO - discard - MariaGrazia ----> 7_Picche_Blu
2025-11-05 22:25:49 - onto_access_util.py - INFO - add_discarded_cards_to_pickup -   [add_discarded_to_pickup PRE - [SCARTI] ------> [Updated_Game_Ontology20251105_221919818326.5_Picche_Blu, Updated_Game_Ontology20251105_221919818326.7_Picche_Blu]]
2025-11-05 22:25:49 - onto_access_util.py - INFO - add_discarded_cards_to_pickup -   [add_discarded_to_pickup PRE - [MONTE]  ------> []]
2025-11-05 22:25:49 - onto_access_util.py - INFO - add_discarded_cards_to_pickup -   [add_discarded_to_pickup POST - [SCARTI] ------> [Updated_Game_Ontology20251105_221919818326.7_Picche_Blu]]
2025-11-05 22:25:49 - onto_access_util.py - INFO - add_discarded_cards_to_pickup -   [add_discarded_to_pickup POST - [MONTE]  ------> [Updated_Game_Ontology20251105_221919818326.5_Picche_Blu]]
2025-11-05 22:25:49 - round.py - INFO - add_discarded_to_pickup -  ------ [add_discarded_to_pickup ------  ]
2025-11-05 22:25:50 - round.py - INFO - pick_up_discard - Alessio ----> ['7_Picche_Blu']
2025-11-05 22:25:50 - round.py - INFO - discard - Alessio ----> 2_Cuori_Rosso
2025-11-05 22:25:50 - round.py - INFO - pick_up_card - MariaGrazia ----> 5_Picche_Blu
2025-11-05 22:25:50 - round.py - INFO - discard - MariaGrazia ----> 6_Quadri_Rosso
2025-11-05 22:26:42 - onto_access_util.py - INFO - add_discarded_cards_to_pickup -   [add_discarded_to_pickup PRE - [SCARTI] ------> [Updated_Game_Ontology20251105_221919818326.2_Cuori_Rosso, Updated_Game_Ontology20251105_221919818326.6_Quadri_Rosso]]
2025-11-05 22:26:42 - onto_access_util.py - INFO - add_discarded_cards_to_pickup -   [add_discarded_to_pickup PRE - [MONTE]  ------> []]
2025-11-05 22:26:42 - onto_access_util.py - INFO - add_discarded_cards_to_pickup -   [add_discarded_to_pickup POST - [SCARTI] ------> [Updated_Game_Ontology20251105_221919818326.6_Quadri_Rosso]]
2025-11-05 22:26:42 - onto_access_util.py - INFO - add_discarded_cards_to_pickup -   [add_discarded_to_pickup POST - [MONTE]  ------> [Updated_Game_Ontology20251105_221919818326.2_Cuori_Rosso]]
2025-11-05 22:26:42 - round.py - INFO - add_discarded_to_pickup -  ------ [add_discarded_to_pickup ------  ]
2025-11-05 22:26:46 - round.py - INFO - pick_up_discard - Alessio ----> ['6_Quadri_Rosso']
2025-11-05 22:26:46 - round.py - INFO - discard - Alessio ----> 6_Quadri_Rosso
2025-11-05 22:26:47 - round.py - INFO - pick_up_card - MariaGrazia ----> 2_Cuori_Rosso
2025-11-05 22:26:48 - round.py - INFO - open_meld - MariaGrazia ----> [(-1, 1, 'Jolly', 20), (10, 9, 'Cuori', 10), (11, 64, 'Cuori', 10)]
2025-11-05 22:26:48 - round.py - INFO - discard - MariaGrazia ----> 4_Cuori_Blu
2025-11-05 22:27:20 - onto_access_util.py - INFO - add_discarded_cards_to_pickup -   [add_discarded_to_pickup PRE - [SCARTI] ------> [Updated_Game_Ontology20251105_221919818326.6_Quadri_Rosso, Updated_Game_Ontology20251105_221919818326.4_Cuori_Blu]]
2025-11-05 22:27:20 - onto_access_util.py - INFO - add_discarded_cards_to_pickup -   [add_discarded_to_pickup PRE - [MONTE]  ------> []]
2025-11-05 22:27:20 - onto_access_util.py - INFO - add_discarded_cards_to_pickup -   [add_discarded_to_pickup POST - [SCARTI] ------> [Updated_Game_Ontology20251105_221919818326.4_Cuori_Blu]]
2025-11-05 22:27:20 - onto_access_util.py - INFO - add_discarded_cards_to_pickup -   [add_discarded_to_pickup POST - [MONTE]  ------> [Updated_Game_Ontology20251105_221919818326.6_Quadri_Rosso]]
2025-11-05 22:27:20 - round.py - INFO - add_discarded_to_pickup -  ------ [add_discarded_to_pickup ------  ]
2025-11-05 22:27:35 - round.py - INFO - pick_up_card - Alessio ----> 6_Quadri_Rosso
2025-11-05 22:27:35 - round.py - INFO - discard - Alessio ----> 6_Quadri_Rosso
2025-11-05 22:27:51 - onto_access_util.py - INFO - add_discarded_cards_to_pickup -   [add_discarded_to_pickup PRE - [SCARTI] ------> [Updated_Game_Ontology20251105_221919818326.4_Cuori_Blu, Updated_Game_Ontology20251105_221919818326.6_Quadri_Rosso]]
2025-11-05 22:27:51 - onto_access_util.py - INFO - add_discarded_cards_to_pickup -   [add_discarded_to_pickup PRE - [MONTE]  ------> []]
2025-11-05 22:27:51 - onto_access_util.py - INFO - add_discarded_cards_to_pickup -   [add_discarded_to_pickup POST - [SCARTI] ------> [Updated_Game_Ontology20251105_221919818326.6_Quadri_Rosso]]
2025-11-05 22:27:51 - onto_access_util.py - INFO - add_discarded_cards_to_pickup -   [add_discarded_to_pickup POST - [MONTE]  ------> [Updated_Game_Ontology20251105_221919818326.4_Cuori_Blu]]
2025-11-05 22:27:51 - round.py - INFO - add_discarded_to_pickup -  ------ [add_discarded_to_pickup ------  ]
2025-11-05 22:28:13 - round.py - INFO - pick_up_discard - MariaGrazia ----> ['6_Quadri_Rosso']
2025-11-05 22:28:13 - round.py - INFO - discard - MariaGrazia ----> J_Picche_Blu
2025-11-05 22:28:17 - round.py - INFO - pick_up_discard - Alessio ----> ['J_Picche_Blu']
2025-11-05 22:28:17 - round.py - INFO - discard - Alessio ----> 7_Picche_Blu
2025-11-05 22:28:48 - round.py - INFO - pick_up_discard - MariaGrazia ----> ['7_Picche_Blu']
2025-11-05 22:28:48 - round.py - INFO - discard - MariaGrazia ----> 8_Picche_Rosso
2025-11-05 22:29:01 - round.py - INFO - pick_up_card - Alessio ----> 4_Cuori_Blu
2025-11-05 22:29:01 - round.py - INFO - discard - Alessio ----> 4_Cuori_Blu
2025-11-05 22:29:03 - onto_access_util.py - INFO - add_discarded_cards_to_pickup -   [add_discarded_to_pickup PRE - [SCARTI] ------> [Updated_Game_Ontology20251105_221919818326.8_Picche_Rosso, Updated_Game_Ontology20251105_221919818326.4_Cuori_Blu]]
2025-11-05 22:29:03 - onto_access_util.py - INFO - add_discarded_cards_to_pickup -   [add_discarded_to_pickup PRE - [MONTE]  ------> []]
2025-11-05 22:29:03 - onto_access_util.py - INFO - add_discarded_cards_to_pickup -   [add_discarded_to_pickup POST - [SCARTI] ------> [Updated_Game_Ontology20251105_221919818326.4_Cuori_Blu]]
2025-11-05 22:29:03 - onto_access_util.py - INFO - add_discarded_cards_to_pickup -   [add_discarded_to_pickup POST - [MONTE]  ------> [Updated_Game_Ontology20251105_221919818326.8_Picche_Rosso]]
2025-11-05 22:29:03 - round.py - INFO - add_discarded_to_pickup -  ------ [add_discarded_to_pickup ------  ]
2025-11-05 22:29:05 - round.py - INFO - pick_up_discard - MariaGrazia ----> ['4_Cuori_Blu']
2025-11-05 22:29:05 - round.py - INFO - discard - MariaGrazia ----> 6_Quadri_Rosso
2025-11-05 22:29:17 - round.py - INFO - pick_up_discard - Alessio ----> ['6_Quadri_Rosso']
2025-11-05 22:29:17 - round.py - INFO - discard - Alessio ----> 6_Quadri_Rosso
2025-11-05 22:29:35 - round.py - INFO - pick_up_card - MariaGrazia ----> 8_Picche_Rosso
2025-11-05 22:29:35 - round.py - INFO - discard - MariaGrazia ----> 9_Quadri_Blu
