2025-11-05 22:40:13 - logger.py - INFO - _initialize - Logger inizializzato. File di log: logs/2025_11_05\partita_20251105_224013844061.log
2025-11-05 22:40:13 - logger.py - INFO - _initialize - ---------------------------------------------------
2025-11-05 22:40:13 - logger.py - INFO - _initialize - PARTITA ::  Partita_20251105_224013_843483
2025-11-05 22:40:13 - logger.py - INFO - _initialize - ---------------------------------------------------
2025-11-05 22:40:24 - round.py - INFO - pick_up_discard - Alessio ----> ['Jolly_Jolly_R_Blu']
2025-11-05 22:40:25 - player_onto_manager.py - INFO - apre_tris -  2_Quadri_Rosso -20 ----> partialScore ----> 20
2025-11-05 22:40:25 - player_onto_manager.py - INFO - apre_tris -  6_Quadri_Blu -5 ----> partialScore ----> 25
2025-11-05 22:40:25 - player_onto_manager.py - INFO - apre_tris -  6_Picche_Rosso -5 ----> partialScore ----> 30
2025-11-05 22:40:25 - player_onto_manager.py - INFO - apre_tris - FINAL partialScore ----> 30
2025-11-05 22:40:25 - round.py - INFO - open_tris - Alessio ----> [(-1, 14, 'Jolly', 20), (6, 72, 'Quadri', 5), (6, 44, 'Picche', 5)]
2025-11-05 22:40:25 - player_onto_manager.py - INFO - apre_tris -  2_Cuori_Blu -20 ----> partialScore ----> 20
2025-11-05 22:40:25 - player_onto_manager.py - INFO - apre_tris -  J_Picche_Rosso -10 ----> partialScore ----> 30
2025-11-05 22:40:25 - player_onto_manager.py - INFO - apre_tris -  J_Cuori_Blu -10 ----> partialScore ----> 40
2025-11-05 22:40:25 - player_onto_manager.py - INFO - apre_tris - FINAL partialScore ----> 40
2025-11-05 22:40:25 - round.py - INFO - open_tris - Alessio ----> [(-1, 55, 'Jolly', 20), (11, 49, 'Picche', 10), (11, 64, 'Cuori', 10)]
2025-11-05 22:40:25 - round.py - INFO - discard - Alessio ----> 7_Fiori_Blu
2025-11-05 22:40:25 - round.py - INFO - pick_up_discard - MariaGrazia ----> ['7_Fiori_Blu']
2025-11-05 22:40:26 - round.py - INFO - open_meld - MariaGrazia ----> [(-1, 52, 'Jolly', 30), (5, 84, 'Fiori', 5), (7, 86, 'Fiori', 5)]
2025-11-05 22:40:26 - round.py - INFO - discard - MariaGrazia ----> 3_Picche_Blu
2025-11-05 22:40:26 - round.py - INFO - pick_up_discard - Alessio ----> ['3_Picche_Blu']
2025-11-05 22:40:26 - round.py - INFO - open_meld - Alessio ----> [(-1, 107, 'Jolly', 30), (3, 95, 'Picche', 5), (4, 96, 'Picche', 5)]
2025-11-05 22:40:26 - round.py - INFO - discard - Alessio ----> Q_Fiori_Rosso
2025-11-05 22:40:26 - round.py - INFO - pick_up_card - MariaGrazia ----> 7_Picche_Rosso
2025-11-05 22:40:26 - round.py - INFO - discard - MariaGrazia ----> 7_Picche_Rosso
2025-11-05 22:40:26 - round.py - INFO - pick_up_discard - Alessio ----> ['Q_Fiori_Rosso', '7_Picche_Rosso']
2025-11-05 22:40:26 - round.py - INFO - discard - Alessio ----> A_Quadri_Blu
2025-11-05 22:40:26 - round.py - INFO - pick_up_card - MariaGrazia ----> J_Cuori_Rosso
2025-11-05 22:40:27 - round.py - INFO - open_meld - MariaGrazia ----> [(9, 8, 'Cuori', 10), (10, 63, 'Cuori', 10), (11, 10, 'Cuori', 10)]
2025-11-05 22:40:27 - round.py - INFO - discard - MariaGrazia ----> 7_Quadri_Blu
2025-11-05 22:40:27 - round.py - INFO - pick_up_card - Alessio ----> 5_Cuori_Blu
2025-11-05 22:40:27 - round.py - INFO - discard - Alessio ----> K_Quadri_Rosso
2025-11-05 22:40:27 - round.py - INFO - pick_up_discard - MariaGrazia ----> ['A_Quadri_Blu', '7_Quadri_Blu', 'K_Quadri_Rosso']
2025-11-05 22:40:27 - round.py - INFO - discard - MariaGrazia ----> K_Cuori_Blu
2025-11-05 22:40:27 - round.py - INFO - pick_up_card - Alessio ----> 9_Quadri_Blu
2025-11-05 22:40:27 - round.py - INFO - discard - Alessio ----> 9_Quadri_Blu
2025-11-05 22:40:27 - round.py - INFO - pick_up_discard - MariaGrazia ----> ['K_Cuori_Blu', '9_Quadri_Blu']
2025-11-05 22:40:27 - round.py - INFO - discard - MariaGrazia ----> K_Quadri_Rosso
2025-11-05 22:40:27 - round.py - INFO - pick_up_card - Alessio ----> 4_Cuori_Rosso
2025-11-05 22:40:27 - round.py - INFO - discard - Alessio ----> 4_Cuori_Rosso
2025-11-05 22:40:27 - round.py - INFO - pick_up_card - MariaGrazia ----> A_Fiori_Blu
2025-11-05 22:40:27 - player_onto_manager.py - INFO - apre_tris -  A_Fiori_Blu -15 ----> partialScore ----> 15
2025-11-05 22:40:27 - player_onto_manager.py - INFO - apre_tris -  A_Quadri_Blu -15 ----> partialScore ----> 30
2025-11-05 22:40:27 - player_onto_manager.py - INFO - apre_tris -  A_Quadri_Rosso -15 ----> partialScore ----> 45
2025-11-05 22:40:27 - player_onto_manager.py - INFO - apre_tris - FINAL partialScore ----> 45
2025-11-05 22:40:27 - round.py - INFO - open_tris - MariaGrazia ----> [(1, 80, 'Fiori', 15), (1, 67, 'Quadri', 15), (1, 13, 'Quadri', 15)]
2025-11-05 22:40:27 - round.py - INFO - discard - MariaGrazia ----> 4_Quadri_Blu
2025-11-05 22:40:27 - round.py - INFO - pick_up_card - Alessio ----> 2_Fiori_Rosso
2025-11-05 22:40:27 - round.py - INFO - discard - Alessio ----> Q_Fiori_Rosso
2025-11-05 22:40:27 - round.py - INFO - pick_up_card - MariaGrazia ----> Q_Cuori_Blu
2025-11-05 22:40:28 - round.py - INFO - discard - MariaGrazia ----> 5_Picche_Rosso
2025-11-05 22:40:28 - round.py - INFO - pick_up_discard - Alessio ----> ['K_Quadri_Rosso', '4_Cuori_Rosso', '4_Quadri_Blu', 'Q_Fiori_Rosso', '5_Picche_Rosso']
2025-11-05 22:40:28 - round.py - INFO - open_meld - Alessio ----> [(-1, 27, 'Jolly', 20), (5, 43, 'Picche', 5), (7, 45, 'Picche', 5)]
2025-11-05 22:40:28 - round.py - INFO - discard - Alessio ----> 4_Quadri_Blu
2025-11-05 22:40:28 - round.py - INFO - pick_up_discard - MariaGrazia ----> ['4_Quadri_Blu']
2025-11-05 22:40:28 - round.py - INFO - discard - MariaGrazia ----> 4_Quadri_Blu
2025-11-05 22:40:28 - round.py - INFO - pick_up_card - Alessio ----> 3_Quadri_Rosso
2025-11-05 22:40:28 - round.py - INFO - discard - Alessio ----> K_Quadri_Rosso
2025-11-05 22:40:28 - round.py - INFO - pick_up_card - MariaGrazia ----> 6_Picche_Blu
2025-11-05 22:40:28 - round.py - INFO - discard - MariaGrazia ----> 7_Quadri_Blu
2025-11-05 22:40:28 - round.py - INFO - pick_up_discard - Alessio ----> ['4_Quadri_Blu', 'K_Quadri_Rosso', '7_Quadri_Blu']
2025-11-05 22:40:28 - round.py - INFO - discard - Alessio ----> 4_Cuori_Rosso
2025-11-05 22:40:28 - round.py - INFO - pick_up_card - MariaGrazia ----> 3_Quadri_Blu
2025-11-05 22:40:28 - round.py - INFO - discard - MariaGrazia ----> Q_Cuori_Blu
2025-11-05 22:40:28 - round.py - INFO - pick_up_card - Alessio ----> K_Fiori_Rosso
2025-11-05 22:40:28 - round.py - INFO - discard - Alessio ----> 7_Quadri_Blu
2025-11-05 22:40:28 - round.py - INFO - pick_up_discard - MariaGrazia ----> ['4_Cuori_Rosso', 'Q_Cuori_Blu', '7_Quadri_Blu']
2025-11-05 22:40:28 - round.py - INFO - discard - MariaGrazia ----> Q_Cuori_Blu
2025-11-05 22:40:28 - round.py - INFO - pick_up_discard - Alessio ----> ['Q_Cuori_Blu']
2025-11-05 22:40:28 - round.py - INFO - discard - Alessio ----> Q_Cuori_Blu
2025-11-05 22:40:28 - round.py - INFO - pick_up_card - MariaGrazia ----> 8_Picche_Rosso
2025-11-05 22:40:29 - round.py - INFO - discard - MariaGrazia ----> 6_Picche_Blu
2025-11-05 22:40:29 - round.py - INFO - pick_up_card - Alessio ----> 3_Fiori_Blu
2025-11-05 22:40:29 - round.py - INFO - discard - Alessio ----> 3_Quadri_Rosso
2025-11-05 22:40:29 - round.py - INFO - pick_up_card - MariaGrazia ----> K_Quadri_Blu
2025-11-05 22:40:29 - round.py - INFO - discard - MariaGrazia ----> K_Cuori_Blu
2025-11-05 22:40:29 - round.py - INFO - pick_up_discard - Alessio ----> ['Q_Cuori_Blu', '6_Picche_Blu', '3_Quadri_Rosso', 'K_Cuori_Blu']
2025-11-05 22:40:29 - player_onto_manager.py - INFO - apre_tris -  K_Fiori_Rosso -10 ----> partialScore ----> 10
2025-11-05 22:40:29 - player_onto_manager.py - INFO - apre_tris -  K_Quadri_Rosso -10 ----> partialScore ----> 20
2025-11-05 22:40:29 - player_onto_manager.py - INFO - apre_tris -  K_Cuori_Blu -10 ----> partialScore ----> 30
2025-11-05 22:40:29 - player_onto_manager.py - INFO - apre_tris - FINAL partialScore ----> 30
2025-11-05 22:40:29 - round.py - INFO - open_tris - Alessio ----> [(13, 38, 'Fiori', 10), (13, 25, 'Quadri', 10), (13, 66, 'Cuori', 10)]
2025-11-05 22:40:29 - round.py - INFO - update_meld - Alessio ----> Scala_0_Giocatore0 --> 6_Picche_Blu
2025-11-05 22:40:29 - round.py - INFO - discard - Alessio ----> 5_Cuori_Blu
2025-11-05 22:40:29 - round.py - INFO - pick_up_card - MariaGrazia ----> 8_Fiori_Blu
2025-11-05 22:40:29 - round.py - INFO - discard - MariaGrazia ----> 8_Fiori_Blu
2025-11-05 22:40:29 - round.py - INFO - pick_up_card - Alessio ----> 8_Fiori_Rosso
2025-11-05 22:40:29 - round.py - INFO - discard - Alessio ----> Q_Cuori_Blu
2025-11-05 22:40:29 - round.py - INFO - pick_up_discard - MariaGrazia ----> ['5_Cuori_Blu', '8_Fiori_Blu', 'Q_Cuori_Blu']
2025-11-05 22:40:30 - round.py - INFO - discard - MariaGrazia ----> 5_Cuori_Blu
2025-11-05 22:40:30 - round.py - INFO - pick_up_discard - Alessio ----> ['5_Cuori_Blu']
2025-11-05 22:40:30 - round.py - INFO - discard - Alessio ----> 8_Fiori_Rosso
2025-11-05 22:40:30 - round.py - INFO - pick_up_discard - MariaGrazia ----> ['8_Fiori_Rosso']
2025-11-05 22:40:30 - player_onto_manager.py - INFO - apre_tris -  8_Fiori_Rosso -10 ----> partialScore ----> 10
2025-11-05 22:40:30 - player_onto_manager.py - INFO - apre_tris -  8_Fiori_Blu -10 ----> partialScore ----> 20
2025-11-05 22:40:30 - player_onto_manager.py - INFO - apre_tris -  8_Picche_Rosso -10 ----> partialScore ----> 30
2025-11-05 22:40:30 - player_onto_manager.py - INFO - apre_tris - FINAL partialScore ----> 30
2025-11-05 22:40:30 - round.py - INFO - open_tris - MariaGrazia ----> [(8, 33, 'Fiori', 10), (8, 87, 'Fiori', 10), (8, 46, 'Picche', 10)]
2025-11-05 22:40:30 - round.py - INFO - discard - MariaGrazia ----> 7_Quadri_Blu
2025-11-05 22:40:30 - round.py - INFO - pick_up_card - Alessio ----> Q_Quadri_Rosso
2025-11-05 22:40:30 - round.py - INFO - discard - Alessio ----> Q_Fiori_Rosso
2025-11-05 22:40:30 - round.py - INFO - pick_up_card - MariaGrazia ----> 4_Quadri_Rosso
2025-11-05 22:40:30 - round.py - INFO - discard - MariaGrazia ----> K_Quadri_Blu
2025-11-05 22:40:30 - round.py - INFO - pick_up_discard - Alessio ----> ['7_Quadri_Blu', 'Q_Fiori_Rosso', 'K_Quadri_Blu']
2025-11-05 22:40:31 - round.py - INFO - discard - Alessio ----> Q_Quadri_Rosso
2025-11-05 22:40:31 - round.py - INFO - pick_up_discard - MariaGrazia ----> ['Q_Quadri_Rosso']
2025-11-05 22:40:31 - player_onto_manager.py - INFO - apre_tris -  Q_Cuori_Blu -10 ----> partialScore ----> 10
2025-11-05 22:40:31 - player_onto_manager.py - INFO - apre_tris -  Q_Quadri_Rosso -10 ----> partialScore ----> 20
2025-11-05 22:40:31 - player_onto_manager.py - INFO - apre_tris -  Q_Fiori_Blu -10 ----> partialScore ----> 30
2025-11-05 22:40:31 - player_onto_manager.py - INFO - apre_tris - FINAL partialScore ----> 30
2025-11-05 22:40:31 - round.py - INFO - open_tris - MariaGrazia ----> [(12, 65, 'Cuori', 10), (12, 24, 'Quadri', 10), (12, 91, 'Fiori', 10)]
2025-11-05 22:40:31 - round.py - INFO - discard - MariaGrazia ----> 9_Quadri_Blu
2025-11-05 22:40:31 - round.py - INFO - pick_up_card - Alessio ----> 2_Picche_Rosso
2025-11-05 22:40:31 - player_onto_manager.py - INFO - apre_tris -  2_Picche_Rosso -20 ----> partialScore ----> 20
2025-11-05 22:40:31 - player_onto_manager.py - INFO - apre_tris -  3_Fiori_Blu -5 ----> partialScore ----> 25
2025-11-05 22:40:31 - player_onto_manager.py - INFO - apre_tris -  3_Quadri_Rosso -5 ----> partialScore ----> 30
2025-11-05 22:40:31 - player_onto_manager.py - INFO - apre_tris - FINAL partialScore ----> 30
2025-11-05 22:40:31 - round.py - INFO - open_tris - Alessio ----> [(-1, 40, 'Jolly', 20), (3, 82, 'Fiori', 5), (3, 15, 'Quadri', 5)]
2025-11-05 22:40:31 - round.py - INFO - discard - Alessio ----> K_Quadri_Blu
2025-11-05 22:40:31 - round.py - INFO - pick_up_card - MariaGrazia ----> 3_Picche_Rosso
2025-11-05 22:40:31 - round.py - INFO - discard - MariaGrazia ----> 4_Quadri_Rosso
2025-11-05 22:40:31 - round.py - INFO - pick_up_card - Alessio ----> 9_Fiori_Blu
2025-11-05 22:40:31 - round.py - INFO - discard - Alessio ----> 4_Quadri_Blu
2025-11-05 22:40:31 - round.py - INFO - pick_up_discard - MariaGrazia ----> ['9_Quadri_Blu', 'K_Quadri_Blu', '4_Quadri_Rosso', '4_Quadri_Blu']
2025-11-05 22:40:31 - player_onto_manager.py - INFO - apre_tris -  4_Cuori_Rosso -5 ----> partialScore ----> 5
2025-11-05 22:40:31 - player_onto_manager.py - INFO - apre_tris -  4_Quadri_Rosso -5 ----> partialScore ----> 10
2025-11-05 22:40:31 - player_onto_manager.py - INFO - apre_tris -  4_Quadri_Blu -5 ----> partialScore ----> 15
2025-11-05 22:40:31 - player_onto_manager.py - INFO - apre_tris - FINAL partialScore ----> 15
2025-11-05 22:40:31 - round.py - INFO - open_tris - MariaGrazia ----> [(4, 3, 'Cuori', 5), (4, 16, 'Quadri', 5), (4, 70, 'Quadri', 5)]
2025-11-05 22:40:31 - round.py - INFO - discard - MariaGrazia ----> 3_Picche_Rosso
2025-11-05 22:40:31 - round.py - INFO - pick_up_card - Alessio ----> 4_Fiori_Blu
2025-11-05 22:40:31 - round.py - INFO - discard - Alessio ----> Q_Fiori_Rosso
2025-11-05 22:40:31 - round.py - INFO - pick_up_card - MariaGrazia ----> A_Picche_Rosso
2025-11-05 22:40:31 - round.py - INFO - discard - MariaGrazia ----> A_Picche_Rosso
2025-11-05 22:40:31 - round.py - INFO - pick_up_card - Alessio ----> 3_Fiori_Rosso
2025-11-05 22:40:31 - round.py - INFO - discard - Alessio ----> 3_Fiori_Rosso
2025-11-05 22:40:31 - round.py - INFO - pick_up_card - MariaGrazia ----> 9_Cuori_Blu
2025-11-05 22:40:31 - round.py - INFO - discard - MariaGrazia ----> 3_Quadri_Blu
2025-11-05 22:40:31 - round.py - INFO - pick_up_card - Alessio ----> 9_Picche_Rosso
2025-11-05 22:40:31 - round.py - INFO - discard - Alessio ----> 7_Quadri_Blu
2025-11-05 22:40:31 - round.py - INFO - pick_up_discard - MariaGrazia ----> ['3_Picche_Rosso', 'Q_Fiori_Rosso', 'A_Picche_Rosso', '3_Fiori_Rosso', '3_Quadri_Blu', '7_Quadri_Blu']
2025-11-05 22:40:31 - player_onto_manager.py - INFO - apre_tris -  3_Picche_Rosso -5 ----> partialScore ----> 5
2025-11-05 22:40:31 - player_onto_manager.py - INFO - apre_tris -  3_Fiori_Rosso -5 ----> partialScore ----> 10
2025-11-05 22:40:31 - player_onto_manager.py - INFO - apre_tris -  3_Quadri_Blu -5 ----> partialScore ----> 15
2025-11-05 22:40:31 - player_onto_manager.py - INFO - apre_tris - FINAL partialScore ----> 15
2025-11-05 22:40:31 - round.py - INFO - open_tris - MariaGrazia ----> [(3, 41, 'Picche', 5), (3, 28, 'Fiori', 5), (3, 69, 'Quadri', 5)]
2025-11-05 22:40:31 - round.py - INFO - discard - MariaGrazia ----> A_Picche_Rosso
2025-11-05 22:40:31 - round.py - INFO - pick_up_card - Alessio ----> 9_Picche_Blu
2025-11-05 22:40:31 - player_onto_manager.py - INFO - apre_tris -  9_Picche_Blu -10 ----> partialScore ----> 10
2025-11-05 22:40:31 - player_onto_manager.py - INFO - apre_tris -  9_Picche_Rosso -10 ----> partialScore ----> 20
2025-11-05 22:40:31 - player_onto_manager.py - INFO - apre_tris -  9_Fiori_Blu -10 ----> partialScore ----> 30
2025-11-05 22:40:31 - player_onto_manager.py - INFO - apre_tris - FINAL partialScore ----> 30
2025-11-05 22:40:31 - round.py - INFO - open_tris - Alessio ----> [(9, 101, 'Picche', 10), (9, 47, 'Picche', 10), (9, 88, 'Fiori', 10)]
2025-11-05 22:40:31 - round.py - INFO - discard - Alessio ----> 5_Cuori_Blu
2025-11-05 22:40:32 - round.py - INFO - pick_up_discard - MariaGrazia ----> ['A_Picche_Rosso', '5_Cuori_Blu']
2025-11-05 22:40:32 - round.py - INFO - discard - MariaGrazia ----> K_Quadri_Blu
2025-11-05 22:40:32 - round.py - INFO - pick_up_discard - Alessio ----> ['K_Quadri_Blu']
2025-11-05 22:40:32 - round.py - INFO - discard - Alessio ----> K_Quadri_Blu
2025-11-05 22:40:32 - round.py - INFO - pick_up_card - MariaGrazia ----> J_Quadri_Rosso
2025-11-05 22:40:32 - round.py - INFO - discard - MariaGrazia ----> 5_Cuori_Blu
2025-11-05 22:40:32 - round.py - INFO - pick_up_card - Alessio ----> 4_Fiori_Rosso
2025-11-05 22:40:32 - round.py - INFO - discard - Alessio ----> 4_Fiori_Rosso
2025-11-05 22:40:32 - round.py - INFO - pick_up_discard - MariaGrazia ----> ['K_Quadri_Blu', '5_Cuori_Blu', '4_Fiori_Rosso']
2025-11-05 22:40:32 - round.py - INFO - discard - MariaGrazia ----> J_Quadri_Rosso
2025-11-05 22:40:32 - round.py - INFO - pick_up_card - Alessio ----> K_Picche_Rosso
2025-11-05 22:40:32 - round.py - INFO - discard - Alessio ----> 4_Fiori_Blu
2025-11-05 22:40:32 - round.py - INFO - pick_up_discard - MariaGrazia ----> ['J_Quadri_Rosso', '4_Fiori_Blu']
2025-11-05 22:40:32 - round.py - INFO - discard - MariaGrazia ----> 7_Quadri_Blu
2025-11-05 22:40:32 - round.py - INFO - pick_up_discard - Alessio ----> ['7_Quadri_Blu']
2025-11-05 22:40:32 - round.py - INFO - discard - Alessio ----> K_Picche_Rosso
2025-11-05 22:40:32 - round.py - INFO - pick_up_card - MariaGrazia ----> 7_Picche_Blu
2025-11-05 22:40:33 - round.py - INFO - discard - MariaGrazia ----> Q_Fiori_Rosso
2025-11-05 22:40:33 - round.py - INFO - pick_up_card - Alessio ----> 2_Cuori_Rosso
2025-11-05 22:40:33 - round.py - INFO - discard - Alessio ----> 7_Quadri_Blu
2025-11-05 22:40:33 - round.py - INFO - pick_up_discard - MariaGrazia ----> ['K_Picche_Rosso', 'Q_Fiori_Rosso', '7_Quadri_Blu']
2025-11-05 22:40:33 - round.py - INFO - discard - MariaGrazia ----> K_Quadri_Blu
2025-11-05 22:40:33 - round.py - INFO - pick_up_discard - Alessio ----> ['K_Quadri_Blu']
2025-11-05 22:40:33 - round.py - INFO - discard - Alessio ----> 2_Cuori_Rosso
2025-11-05 22:40:33 - round.py - INFO - pick_up_discard - MariaGrazia ----> ['2_Cuori_Rosso']
2025-11-05 22:40:34 - player_onto_manager.py - INFO - apre_tris -  2_Cuori_Rosso -20 ----> partialScore ----> 20
2025-11-05 22:40:34 - player_onto_manager.py - INFO - apre_tris -  4_Fiori_Rosso -5 ----> partialScore ----> 25
2025-11-05 22:40:34 - player_onto_manager.py - INFO - apre_tris -  4_Fiori_Blu -5 ----> partialScore ----> 30
2025-11-05 22:40:34 - player_onto_manager.py - INFO - apre_tris - FINAL partialScore ----> 30
2025-11-05 22:40:34 - round.py - INFO - open_tris - MariaGrazia ----> [(-1, 1, 'Jolly', 20), (4, 29, 'Fiori', 5), (4, 83, 'Fiori', 5)]
2025-11-05 22:40:35 - round.py - INFO - discard - MariaGrazia ----> 9_Quadri_Blu
2025-11-05 22:40:35 - round.py - INFO - pick_up_card - Alessio ----> 2_Fiori_Blu
2025-11-05 22:40:35 - round.py - INFO - discard - Alessio ----> 2_Fiori_Blu
2025-11-05 22:40:35 - round.py - INFO - pick_up_card - MariaGrazia ----> 6_Cuori_Rosso
2025-11-05 22:40:35 - round.py - INFO - discard - MariaGrazia ----> A_Picche_Rosso
2025-11-05 22:40:35 - round.py - INFO - pick_up_discard - Alessio ----> ['9_Quadri_Blu', '2_Fiori_Blu', 'A_Picche_Rosso']
2025-11-05 22:40:35 - round.py - INFO - discard - Alessio ----> K_Quadri_Blu
2025-11-05 22:40:35 - round.py - INFO - pick_up_discard - MariaGrazia ----> ['K_Quadri_Blu']
2025-11-05 22:40:35 - round.py - INFO - discard - MariaGrazia ----> J_Quadri_Rosso
2025-11-05 22:40:35 - round.py - INFO - pick_up_card - Alessio ----> 8_Quadri_Blu
2025-11-05 22:40:35 - round.py - INFO - discard - Alessio ----> 2_Fiori_Blu
2025-11-05 22:40:35 - round.py - INFO - pick_up_discard - MariaGrazia ----> ['J_Quadri_Rosso', '2_Fiori_Blu']
2025-11-05 22:40:36 - player_onto_manager.py - INFO - apre_tris -  2_Fiori_Blu -20 ----> partialScore ----> 20
2025-11-05 22:40:36 - player_onto_manager.py - INFO - apre_tris -  K_Picche_Rosso -10 ----> partialScore ----> 30
2025-11-05 22:40:36 - player_onto_manager.py - INFO - apre_tris -  K_Quadri_Blu -10 ----> partialScore ----> 40
2025-11-05 22:40:36 - player_onto_manager.py - INFO - apre_tris - FINAL partialScore ----> 40
2025-11-05 22:40:36 - round.py - INFO - open_tris - MariaGrazia ----> [(-1, 81, 'Jolly', 20), (13, 51, 'Picche', 10), (13, 79, 'Quadri', 10)]
2025-11-05 22:40:36 - round.py - INFO - discard - MariaGrazia ----> 9_Cuori_Blu
2025-11-05 22:40:36 - round.py - INFO - pick_up_card - Alessio ----> K_Picche_Blu
2025-11-05 22:40:36 - round.py - INFO - discard - Alessio ----> K_Picche_Blu
2025-11-05 22:40:36 - round.py - INFO - pick_up_discard - MariaGrazia ----> ['9_Cuori_Blu', 'K_Picche_Blu']
2025-11-05 22:40:36 - round.py - INFO - discard - MariaGrazia ----> 7_Picche_Blu
2025-11-05 22:40:36 - round.py - INFO - pick_up_card - Alessio ----> 4_Cuori_Blu
2025-11-05 22:40:36 - round.py - INFO - discard - Alessio ----> 9_Quadri_Blu
2025-11-05 22:40:36 - round.py - INFO - pick_up_card - MariaGrazia ----> 10_Picche_Rosso
2025-11-05 22:40:36 - round.py - INFO - discard - MariaGrazia ----> K_Picche_Blu
2025-11-05 22:40:36 - round.py - INFO - pick_up_card - Alessio ----> 8_Quadri_Rosso
2025-11-05 22:40:36 - round.py - INFO - discard - Alessio ----> 4_Cuori_Blu
2025-11-05 22:40:36 - round.py - INFO - pick_up_card - MariaGrazia ----> 5_Quadri_Blu
2025-11-05 22:40:36 - round.py - INFO - discard - MariaGrazia ----> 7_Quadri_Blu
2025-11-05 22:40:36 - round.py - INFO - pick_up_discard - Alessio ----> ['7_Picche_Blu', '9_Quadri_Blu', 'K_Picche_Blu', '4_Cuori_Blu', '7_Quadri_Blu']
2025-11-05 22:40:36 - round.py - INFO - open_meld - Alessio ----> [(7, 73, 'Quadri', 5), (8, 20, 'Quadri', 10), (9, 75, 'Quadri', 10)]
2025-11-05 22:40:36 - round.py - INFO - discard - Alessio ----> K_Picche_Blu
2025-11-05 22:40:36 - round.py - INFO - pick_up_discard - MariaGrazia ----> ['K_Picche_Blu']
2025-11-05 22:40:37 - round.py - INFO - discard - MariaGrazia ----> 6_Cuori_Rosso
2025-11-05 22:40:37 - round.py - INFO - pick_up_card - Alessio ----> Q_Picche_Rosso
2025-11-05 22:40:37 - round.py - INFO - discard - Alessio ----> 7_Picche_Blu
2025-11-05 22:40:37 - round.py - INFO - pick_up_discard - MariaGrazia ----> ['6_Cuori_Rosso', '7_Picche_Blu']
2025-11-05 22:40:37 - round.py - INFO - discard - MariaGrazia ----> 5_Cuori_Blu
2025-11-05 22:40:37 - round.py - INFO - pick_up_discard - Alessio ----> ['5_Cuori_Blu']
2025-11-05 22:40:37 - round.py - INFO - discard - Alessio ----> Q_Picche_Rosso
2025-11-05 22:40:37 - round.py - INFO - pick_up_discard - MariaGrazia ----> ['Q_Picche_Rosso']
2025-11-05 22:40:37 - round.py - INFO - discard - MariaGrazia ----> 10_Picche_Rosso
2025-11-05 22:40:37 - round.py - INFO - pick_up_card - Alessio ----> Q_Picche_Blu
2025-11-05 22:40:37 - round.py - INFO - discard - Alessio ----> 5_Cuori_Blu
2025-11-05 22:40:37 - round.py - INFO - pick_up_discard - MariaGrazia ----> ['10_Picche_Rosso', '5_Cuori_Blu']
2025-11-05 22:40:38 - round.py - INFO - discard - MariaGrazia ----> J_Quadri_Rosso
2025-11-05 22:40:38 - round.py - INFO - pick_up_discard - Alessio ----> ['J_Quadri_Rosso']
2025-11-05 22:40:38 - round.py - INFO - discard - Alessio ----> Q_Picche_Blu
2025-11-05 22:40:38 - round.py - INFO - pick_up_card - MariaGrazia ----> A_Cuori_Rosso
2025-11-05 22:40:38 - round.py - INFO - discard - MariaGrazia ----> Q_Fiori_Rosso
2025-11-05 22:40:38 - round.py - INFO - pick_up_discard - Alessio ----> ['Q_Picche_Blu', 'Q_Fiori_Rosso']
2025-11-05 22:40:38 - round.py - INFO - discard - Alessio ----> 8_Quadri_Blu
2025-11-05 22:40:38 - round.py - INFO - pick_up_card - MariaGrazia ----> Q_Cuori_Rosso
2025-11-05 22:40:38 - round.py - INFO - discard - MariaGrazia ----> Q_Picche_Rosso
2025-11-05 22:40:38 - round.py - INFO - pick_up_discard - Alessio ----> ['8_Quadri_Blu', 'Q_Picche_Rosso']
2025-11-05 22:40:38 - player_onto_manager.py - INFO - apre_tris -  Q_Fiori_Rosso -10 ----> partialScore ----> 10
2025-11-05 22:40:38 - player_onto_manager.py - INFO - apre_tris -  Q_Picche_Blu -10 ----> partialScore ----> 20
2025-11-05 22:40:38 - player_onto_manager.py - INFO - apre_tris -  Q_Picche_Rosso -10 ----> partialScore ----> 30
2025-11-05 22:40:38 - player_onto_manager.py - INFO - apre_tris - FINAL partialScore ----> 30
2025-11-05 22:40:38 - round.py - INFO - open_tris - Alessio ----> [(12, 37, 'Fiori', 10), (12, 104, 'Picche', 10), (12, 50, 'Picche', 10)]
2025-11-05 22:40:39 - round.py - INFO - discard - Alessio ----> 8_Quadri_Blu
2025-11-05 22:40:39 - round.py - INFO - pick_up_card - MariaGrazia ----> 2_Quadri_Blu
2025-11-05 22:40:39 - round.py - INFO - open_meld - MariaGrazia ----> [(-1, 68, 'Jolly', 20), (5, 58, 'Cuori', 5), (6, 5, 'Cuori', 5)]
2025-11-05 22:40:39 - round.py - INFO - discard - MariaGrazia ----> 9_Cuori_Blu
2025-11-05 22:40:39 - round.py - INFO - pick_up_discard - Alessio ----> ['8_Quadri_Blu', '9_Cuori_Blu']
2025-11-05 22:40:39 - round.py - INFO - discard - Alessio ----> A_Picche_Rosso
2025-11-05 22:40:39 - round.py - INFO - pick_up_card - MariaGrazia ----> J_Picche_Blu
2025-11-05 22:40:39 - round.py - INFO - discard - MariaGrazia ----> Q_Cuori_Rosso
2025-11-05 22:40:39 - round.py - INFO - pick_up_card - Alessio ----> 6_Fiori_Rosso
2025-11-05 22:40:39 - round.py - INFO - discard - Alessio ----> 9_Cuori_Blu
2025-11-05 22:40:39 - round.py - INFO - pick_up_discard - MariaGrazia ----> ['A_Picche_Rosso', 'Q_Cuori_Rosso', '9_Cuori_Blu']
2025-11-05 22:40:39 - round.py - INFO - discard - MariaGrazia ----> K_Picche_Blu
2025-11-05 22:40:40 - round.py - INFO - pick_up_discard - Alessio ----> ['K_Picche_Blu']
2025-11-05 22:40:40 - round.py - INFO - discard - Alessio ----> J_Quadri_Rosso
2025-11-05 22:40:40 - round.py - INFO - pick_up_discard - MariaGrazia ----> ['J_Quadri_Rosso']
2025-11-05 22:40:40 - round.py - INFO - discard - MariaGrazia ----> J_Picche_Blu
2025-11-05 22:40:40 - round.py - INFO - pick_up_discard - Alessio ----> ['J_Picche_Blu']
2025-11-05 22:40:40 - round.py - INFO - discard - Alessio ----> J_Picche_Blu
2025-11-05 22:40:40 - round.py - INFO - pick_up_discard - MariaGrazia ----> ['J_Picche_Blu']
2025-11-05 22:40:40 - round.py - INFO - discard - MariaGrazia ----> J_Quadri_Rosso
2025-11-05 22:40:40 - round.py - INFO - pick_up_discard - Alessio ----> ['J_Quadri_Rosso']
2025-11-05 22:40:40 - round.py - INFO - discard - Alessio ----> 4_Cuori_Blu
2025-11-05 22:40:40 - round.py - INFO - pick_up_discard - MariaGrazia ----> ['4_Cuori_Blu']
2025-11-05 22:40:40 - round.py - INFO - discard - MariaGrazia ----> A_Picche_Rosso
2025-11-05 22:40:40 - round.py - INFO - pick_up_card - Alessio ----> 8_Cuori_Blu
2025-11-05 22:40:40 - round.py - INFO - discard - Alessio ----> 8_Cuori_Blu
2025-11-05 22:40:40 - round.py - INFO - pick_up_card - MariaGrazia ----> 3_Cuori_Rosso
2025-11-05 22:40:41 - round.py - INFO - discard - MariaGrazia ----> J_Picche_Blu
2025-11-05 22:40:41 - round.py - INFO - pick_up_card - Alessio ----> K_Cuori_Rosso
2025-11-05 22:40:41 - round.py - INFO - discard - Alessio ----> 8_Quadri_Blu
2025-11-05 22:40:41 - round.py - INFO - pick_up_card - MariaGrazia ----> 7_Fiori_Rosso
2025-11-05 22:40:41 - round.py - INFO - discard - MariaGrazia ----> 10_Picche_Rosso
2025-11-05 22:40:41 - round.py - INFO - pick_up_discard - Alessio ----> ['A_Picche_Rosso', '8_Cuori_Blu', 'J_Picche_Blu', '8_Quadri_Blu', '10_Picche_Rosso']
2025-11-05 22:40:41 - round.py - INFO - discard - Alessio ----> K_Picche_Blu
2025-11-05 22:40:41 - round.py - INFO - pick_up_card - MariaGrazia ----> 9_Quadri_Rosso
2025-11-05 22:40:41 - round.py - INFO - discard - MariaGrazia ----> Q_Cuori_Rosso
2025-11-05 22:40:41 - round.py - INFO - pick_up_card - Alessio ----> A_Fiori_Rosso
2025-11-05 22:40:42 - round.py - INFO - discard - Alessio ----> 8_Cuori_Blu
2025-11-05 22:40:42 - round.py - INFO - pick_up_discard - MariaGrazia ----> ['K_Picche_Blu', 'Q_Cuori_Rosso', '8_Cuori_Blu']
2025-11-05 22:40:42 - round.py - INFO - discard - MariaGrazia ----> 4_Cuori_Blu
2025-11-05 22:40:42 - round.py - INFO - pick_up_card - Alessio ----> 4_Picche_Rosso
2025-11-05 22:40:42 - round.py - INFO - discard - Alessio ----> K_Cuori_Rosso
2025-11-05 22:40:42 - round.py - INFO - pick_up_card - MariaGrazia ----> Q_Quadri_Blu
2025-11-05 22:40:43 - round.py - INFO - discard - MariaGrazia ----> 5_Quadri_Blu
2025-11-05 22:40:43 - round.py - INFO - pick_up_discard - Alessio ----> ['4_Cuori_Blu', 'K_Cuori_Rosso', '5_Quadri_Blu']
2025-11-05 22:40:44 - round.py - INFO - discard - Alessio ----> A_Fiori_Rosso
2025-11-05 22:40:44 - round.py - INFO - pick_up_card - MariaGrazia ----> 7_Quadri_Rosso
2025-11-05 22:40:44 - player_onto_manager.py - INFO - apre_tris -  7_Picche_Blu -5 ----> partialScore ----> 5
2025-11-05 22:40:44 - player_onto_manager.py - INFO - apre_tris -  7_Fiori_Rosso -5 ----> partialScore ----> 10
2025-11-05 22:40:44 - player_onto_manager.py - INFO - apre_tris -  7_Quadri_Rosso -5 ----> partialScore ----> 15
2025-11-05 22:40:44 - player_onto_manager.py - INFO - apre_tris - FINAL partialScore ----> 15
2025-11-05 22:40:44 - round.py - INFO - open_tris - MariaGrazia ----> [(7, 99, 'Picche', 5), (7, 32, 'Fiori', 5), (7, 19, 'Quadri', 5)]
2025-11-05 22:40:44 - round.py - INFO - discard - MariaGrazia ----> Q_Cuori_Rosso
2025-11-05 22:40:44 - round.py - INFO - pick_up_card - Alessio ----> 10_Cuori_Rosso
2025-11-05 22:40:45 - round.py - INFO - discard - Alessio ----> A_Picche_Rosso
2025-11-05 22:40:45 - round.py - INFO - pick_up_card - MariaGrazia ----> 6_Cuori_Blu
2025-11-05 22:40:45 - round.py - INFO - discard - MariaGrazia ----> A_Cuori_Rosso
2025-11-05 22:40:45 - round.py - INFO - pick_up_card - Alessio ----> J_Quadri_Blu
2025-11-05 22:40:45 - player_onto_manager.py - INFO - apre_tris -  J_Picche_Blu -10 ----> partialScore ----> 10
2025-11-05 22:40:45 - player_onto_manager.py - INFO - apre_tris -  J_Quadri_Rosso -10 ----> partialScore ----> 20
2025-11-05 22:40:45 - player_onto_manager.py - INFO - apre_tris -  J_Quadri_Blu -10 ----> partialScore ----> 30
2025-11-05 22:40:45 - player_onto_manager.py - INFO - apre_tris - FINAL partialScore ----> 30
2025-11-05 22:40:45 - round.py - INFO - open_tris - Alessio ----> [(11, 103, 'Picche', 10), (11, 23, 'Quadri', 10), (11, 77, 'Quadri', 10)]
2025-11-05 22:40:46 - round.py - INFO - discard - Alessio ----> 8_Quadri_Blu
2025-11-05 22:40:46 - round.py - INFO - pick_up_discard - MariaGrazia ----> ['A_Fiori_Rosso', 'Q_Cuori_Rosso', 'A_Picche_Rosso', 'A_Cuori_Rosso', '8_Quadri_Blu']
2025-11-05 22:40:46 - player_onto_manager.py - INFO - apre_tris -  A_Cuori_Rosso -15 ----> partialScore ----> 15
2025-11-05 22:40:46 - player_onto_manager.py - INFO - apre_tris -  A_Picche_Rosso -15 ----> partialScore ----> 30
2025-11-05 22:40:46 - player_onto_manager.py - INFO - apre_tris -  A_Fiori_Rosso -15 ----> partialScore ----> 45
2025-11-05 22:40:46 - player_onto_manager.py - INFO - apre_tris - FINAL partialScore ----> 45
2025-11-05 22:40:46 - round.py - INFO - open_tris - MariaGrazia ----> [(1, 0, 'Cuori', 15), (1, 39, 'Picche', 15), (1, 26, 'Fiori', 15)]
2025-11-05 22:40:46 - round.py - INFO - discard - MariaGrazia ----> 9_Quadri_Rosso
2025-11-05 22:40:46 - round.py - INFO - pick_up_discard - Alessio ----> ['9_Quadri_Rosso']
2025-11-05 22:40:47 - round.py - INFO - discard - Alessio ----> 4_Cuori_Blu
2025-11-05 22:40:47 - round.py - INFO - pick_up_discard - MariaGrazia ----> ['4_Cuori_Blu']
2025-11-05 22:40:47 - round.py - INFO - discard - MariaGrazia ----> 8_Quadri_Blu
2025-11-05 22:40:47 - round.py - INFO - pick_up_card - Alessio ----> K_Fiori_Blu
2025-11-05 22:40:47 - round.py - INFO - discard - Alessio ----> K_Fiori_Blu
2025-11-05 22:40:47 - round.py - INFO - pick_up_discard - MariaGrazia ----> ['8_Quadri_Blu', 'K_Fiori_Blu']
2025-11-05 22:40:47 - round.py - INFO - discard - MariaGrazia ----> 4_Cuori_Blu
2025-11-05 22:40:47 - round.py - INFO - pick_up_card - Alessio ----> J_Fiori_Blu
2025-11-05 22:40:48 - round.py - INFO - discard - Alessio ----> 5_Quadri_Blu
2025-11-05 22:40:48 - round.py - INFO - pick_up_discard - MariaGrazia ----> ['4_Cuori_Blu', '5_Quadri_Blu']
2025-11-05 22:40:48 - round.py - INFO - discard - MariaGrazia ----> K_Picche_Blu
2025-11-05 22:40:48 - round.py - INFO - pick_up_card - Alessio ----> 10_Picche_Blu
2025-11-05 22:40:48 - player_onto_manager.py - INFO - apre_tris -  10_Picche_Blu -10 ----> partialScore ----> 10
2025-11-05 22:40:48 - player_onto_manager.py - INFO - apre_tris -  10_Cuori_Rosso -10 ----> partialScore ----> 20
2025-11-05 22:40:48 - player_onto_manager.py - INFO - apre_tris -  10_Picche_Rosso -10 ----> partialScore ----> 30
2025-11-05 22:40:48 - player_onto_manager.py - INFO - apre_tris - FINAL partialScore ----> 30
2025-11-05 22:40:48 - round.py - INFO - open_tris - Alessio ----> [(10, 102, 'Picche', 10), (10, 9, 'Cuori', 10), (10, 48, 'Picche', 10)]
2025-11-05 22:40:48 - round.py - INFO - discard - Alessio ----> J_Fiori_Blu
2025-11-05 22:40:48 - round.py - INFO - pick_up_card - MariaGrazia ----> 8_Picche_Blu
2025-11-05 22:40:49 - player_onto_manager.py - INFO - apre_tris -  8_Picche_Blu -10 ----> partialScore ----> 10
2025-11-05 22:40:49 - player_onto_manager.py - INFO - apre_tris -  8_Quadri_Blu -10 ----> partialScore ----> 20
2025-11-05 22:40:49 - player_onto_manager.py - INFO - apre_tris -  8_Cuori_Blu -10 ----> partialScore ----> 30
2025-11-05 22:40:49 - player_onto_manager.py - INFO - apre_tris - FINAL partialScore ----> 30
2025-11-05 22:40:49 - round.py - INFO - open_tris - MariaGrazia ----> [(8, 100, 'Picche', 10), (8, 74, 'Quadri', 10), (8, 61, 'Cuori', 10)]
2025-11-05 22:40:49 - round.py - INFO - discard - MariaGrazia ----> 4_Cuori_Blu
2025-11-05 22:40:49 - round.py - INFO - pick_up_discard - Alessio ----> ['K_Picche_Blu', 'J_Fiori_Blu', '4_Cuori_Blu']
2025-11-05 22:40:49 - round.py - INFO - discard - Alessio ----> J_Fiori_Blu
2025-11-05 22:40:49 - round.py - INFO - pick_up_card - MariaGrazia ----> 5_Quadri_Rosso
2025-11-05 22:40:49 - round.py - INFO - discard - MariaGrazia ----> 5_Quadri_Blu
2025-11-05 22:40:49 - round.py - INFO - pick_up_card - Alessio ----> 2_Picche_Blu
2025-11-05 22:40:49 - player_onto_manager.py - INFO - apre_tris -  2_Picche_Blu -20 ----> partialScore ----> 20
2025-11-05 22:40:49 - player_onto_manager.py - INFO - apre_tris -  4_Cuori_Blu -5 ----> partialScore ----> 25
2025-11-05 22:40:49 - player_onto_manager.py - INFO - apre_tris -  4_Picche_Rosso -5 ----> partialScore ----> 30
2025-11-05 22:40:49 - player_onto_manager.py - INFO - apre_tris - FINAL partialScore ----> 30
2025-11-05 22:40:49 - round.py - INFO - open_tris - Alessio ----> [(-1, 94, 'Jolly', 20), (4, 57, 'Cuori', 5), (4, 42, 'Picche', 5)]
2025-11-05 22:40:49 - round.py - INFO - discard - Alessio ----> 6_Fiori_Rosso
2025-11-05 22:40:49 - round.py - INFO - pick_up_card - MariaGrazia ----> 9_Fiori_Rosso
2025-11-05 22:40:50 - round.py - INFO - discard - MariaGrazia ----> 6_Cuori_Blu
2025-11-05 22:40:50 - round.py - INFO - pick_up_card - Alessio ----> 6_Quadri_Rosso
2025-11-05 22:40:50 - round.py - INFO - discard - Alessio ----> K_Picche_Blu
2025-11-05 22:40:50 - round.py - INFO - pick_up_card - MariaGrazia ----> Jolly_Jolly_R_Rosso
2025-11-05 22:40:50 - player_onto_manager.py - INFO - apre_tris -  Jolly_Jolly_R_Rosso -30 ----> partialScore ----> 30
2025-11-05 22:40:50 - player_onto_manager.py - INFO - apre_tris -  9_Cuori_Blu -10 ----> partialScore ----> 40
2025-11-05 22:40:50 - player_onto_manager.py - INFO - apre_tris -  9_Fiori_Rosso -10 ----> partialScore ----> 50
2025-11-05 22:40:50 - player_onto_manager.py - INFO - apre_tris - FINAL partialScore ----> 50
2025-11-05 22:40:50 - round.py - INFO - open_tris - MariaGrazia ----> [(-1, 53, 'Jolly', 30), (9, 62, 'Cuori', 10), (9, 34, 'Fiori', 10)]
2025-11-05 22:40:50 - round.py - INFO - discard - MariaGrazia ----> Q_Quadri_Blu
2025-11-05 22:40:50 - round.py - INFO - pick_up_card - Alessio ----> 5_Picche_Blu
2025-11-05 22:40:50 - round.py - INFO - discard - Alessio ----> K_Cuori_Rosso
2025-11-05 22:40:50 - round.py - INFO - pick_up_discard - MariaGrazia ----> ['J_Fiori_Blu', '5_Quadri_Blu', '6_Fiori_Rosso', '6_Cuori_Blu', 'K_Picche_Blu', 'Q_Quadri_Blu', 'K_Cuori_Rosso']
2025-11-05 22:40:50 - player_onto_manager.py - INFO - apre_tris -  K_Fiori_Blu -10 ----> partialScore ----> 10
2025-11-05 22:40:50 - player_onto_manager.py - INFO - apre_tris -  K_Cuori_Rosso -10 ----> partialScore ----> 20
2025-11-05 22:40:50 - player_onto_manager.py - INFO - apre_tris -  K_Picche_Blu -10 ----> partialScore ----> 30
2025-11-05 22:40:50 - player_onto_manager.py - INFO - apre_tris - FINAL partialScore ----> 30
2025-11-05 22:40:50 - round.py - INFO - open_tris - MariaGrazia ----> [(13, 92, 'Fiori', 10), (13, 12, 'Cuori', 10), (13, 105, 'Picche', 10)]
2025-11-05 22:40:51 - round.py - INFO - discard - MariaGrazia ----> Q_Quadri_Blu
2025-11-05 22:40:51 - round.py - INFO - pick_up_card - Alessio ----> 7_Cuori_Blu
2025-11-05 22:40:51 - round.py - INFO - discard - Alessio ----> 6_Quadri_Rosso
2025-11-05 22:40:51 - round.py - INFO - pick_up_discard - MariaGrazia ----> ['Q_Quadri_Blu', '6_Quadri_Rosso']
2025-11-05 22:40:51 - player_onto_manager.py - INFO - apre_tris -  6_Fiori_Rosso -5 ----> partialScore ----> 5
2025-11-05 22:40:51 - player_onto_manager.py - INFO - apre_tris -  6_Cuori_Blu -5 ----> partialScore ----> 10
2025-11-05 22:40:51 - player_onto_manager.py - INFO - apre_tris -  6_Quadri_Rosso -5 ----> partialScore ----> 15
2025-11-05 22:40:51 - player_onto_manager.py - INFO - apre_tris - FINAL partialScore ----> 15
2025-11-05 22:40:51 - round.py - INFO - open_tris - MariaGrazia ----> [(6, 31, 'Fiori', 5), (6, 59, 'Cuori', 5), (6, 18, 'Quadri', 5)]
2025-11-05 22:40:51 - round.py - INFO - discard - MariaGrazia ----> Q_Cuori_Rosso
2025-11-05 22:40:51 - round.py - INFO - pick_up_discard - Alessio ----> ['Q_Cuori_Rosso']
2025-11-05 22:40:51 - round.py - INFO - discard - Alessio ----> 5_Picche_Blu
2025-11-05 22:40:51 - round.py - INFO - pick_up_discard - MariaGrazia ----> ['5_Picche_Blu']
2025-11-05 22:40:51 - player_onto_manager.py - INFO - apre_tris -  5_Quadri_Blu -5 ----> partialScore ----> 5
2025-11-05 22:40:51 - player_onto_manager.py - INFO - apre_tris -  5_Quadri_Rosso -5 ----> partialScore ----> 10
2025-11-05 22:40:51 - player_onto_manager.py - INFO - apre_tris -  5_Picche_Blu -5 ----> partialScore ----> 15
2025-11-05 22:40:51 - player_onto_manager.py - INFO - apre_tris - FINAL partialScore ----> 15
2025-11-05 22:40:51 - round.py - INFO - open_tris - MariaGrazia ----> [(5, 71, 'Quadri', 5), (5, 17, 'Quadri', 5), (5, 97, 'Picche', 5)]
2025-11-05 22:40:51 - round.py - INFO - discard - MariaGrazia ----> Q_Quadri_Blu
2025-11-05 22:40:51 - round.py - INFO - pick_up_card - Alessio ----> 3_Cuori_Blu
2025-11-05 22:40:51 - round.py - INFO - discard - Alessio ----> 3_Cuori_Blu
2025-11-05 22:40:51 - round.py - INFO - pick_up_discard - MariaGrazia ----> ['Q_Quadri_Blu', '3_Cuori_Blu']
2025-11-05 22:40:51 - round.py - INFO - discard - MariaGrazia ----> J_Fiori_Blu
2025-11-05 22:40:51 - round.py - INFO - pick_up_card - Alessio ----> J_Fiori_Rosso
2025-11-05 22:40:51 - round.py - INFO - discard - Alessio ----> 9_Quadri_Rosso
2025-11-05 22:40:51 - round.py - INFO - pick_up_card - MariaGrazia ----> 7_Cuori_Rosso
2025-11-05 22:40:51 - round.py - INFO - discard - MariaGrazia ----> Q_Quadri_Blu
2025-11-05 22:40:51 - round.py - INFO - pick_up_card - Alessio ----> Jolly_Jolly_N_Blu
2025-11-05 22:40:51 - round.py - INFO - discard - Alessio ----> Jolly_Jolly_N_Blu
2025-11-05 22:40:51 - round.py - INFO - pick_up_discard - MariaGrazia ----> ['J_Fiori_Blu', '9_Quadri_Rosso', 'Q_Quadri_Blu', 'Jolly_Jolly_N_Blu']
2025-11-05 22:40:51 - player_onto_manager.py - INFO - apre_tris -  Jolly_Jolly_N_Blu -30 ----> partialScore ----> 30
2025-11-05 22:40:51 - player_onto_manager.py - INFO - apre_tris -  3_Cuori_Rosso -5 ----> partialScore ----> 35
2025-11-05 22:40:51 - player_onto_manager.py - INFO - apre_tris -  3_Cuori_Blu -5 ----> partialScore ----> 40
2025-11-05 22:40:51 - player_onto_manager.py - INFO - apre_tris - FINAL partialScore ----> 40
2025-11-05 22:40:51 - round.py - INFO - open_tris - MariaGrazia ----> [(-1, 106, 'Jolly', 30), (3, 2, 'Cuori', 5), (3, 56, 'Cuori', 5)]
2025-11-05 22:40:51 - round.py - INFO - update_meld - MariaGrazia ----> Scala_2_Giocatore1 --> 7_Cuori_Rosso
2025-11-05 22:40:51 - round.py - INFO - update_tris - MariaGrazia ----> 9 -->9_Quadri_Rosso
2025-11-05 22:40:51 - round.py - INFO - discard - MariaGrazia ----> Q_Quadri_Blu
2025-11-05 22:40:51 - round.py - INFO - pick_up_discard - Alessio ----> ['Q_Quadri_Blu']
2025-11-05 22:40:51 - round.py - INFO - discard - Alessio ----> Q_Cuori_Rosso
2025-11-05 22:40:51 - round.py - INFO - pick_up_card - MariaGrazia ----> 5_Cuori_Rosso
2025-11-05 22:40:51 - round.py - INFO - discard - MariaGrazia ----> 5_Cuori_Rosso
2025-11-05 22:40:51 - round.py - INFO - pick_up_card - Alessio ----> 10_Fiori_Blu
2025-11-05 22:40:52 - round.py - INFO - discard - Alessio ----> J_Fiori_Rosso
2025-11-05 22:40:52 - round.py - INFO - pick_up_discard - MariaGrazia ----> ['Q_Cuori_Rosso', '5_Cuori_Rosso', 'J_Fiori_Rosso']
2025-11-05 22:40:52 - round.py - INFO - update_meld - MariaGrazia ----> Scala_1_Giocatore1 --> Q_Cuori_Rosso
2025-11-05 22:40:52 - round.py - INFO - discard - MariaGrazia ----> J_Fiori_Blu
2025-11-05 22:40:52 - round.py - INFO - pick_up_card - Alessio ----> 8_Cuori_Rosso
2025-11-05 22:40:52 - round.py - INFO - discard - Alessio ----> Q_Quadri_Blu
2025-11-05 22:40:52 - round.py - INFO - pick_up_card - MariaGrazia ----> 6_Fiori_Blu
2025-11-05 22:40:52 - round.py - INFO - discard - MariaGrazia ----> 5_Cuori_Rosso
2025-11-05 22:40:52 - round.py - INFO - pick_up_card - Alessio ----> 10_Fiori_Rosso
2025-11-05 22:40:52 - round.py - INFO - discard - Alessio ----> 8_Cuori_Rosso
2025-11-05 22:40:52 - round.py - INFO - pick_up_card - MariaGrazia ----> 5_Fiori_Rosso
2025-11-05 22:40:52 - round.py - INFO - discard - MariaGrazia ----> 5_Fiori_Rosso
2025-11-05 22:40:52 - round.py - INFO - pick_up_discard - Alessio ----> ['J_Fiori_Blu', 'Q_Quadri_Blu', '5_Cuori_Rosso', '8_Cuori_Rosso', '5_Fiori_Rosso']
2025-11-05 22:40:52 - round.py - INFO - discard - Alessio ----> 5_Cuori_Rosso
2025-11-05 22:40:52 - round.py - INFO - pick_up_discard - MariaGrazia ----> ['5_Cuori_Rosso']
2025-11-05 22:40:52 - round.py - INFO - discard - MariaGrazia ----> J_Fiori_Rosso
2025-11-05 22:40:52 - round.py - INFO - pick_up_discard - Alessio ----> ['J_Fiori_Rosso']
2025-11-05 22:40:52 - round.py - INFO - discard - Alessio ----> 7_Cuori_Blu
2025-11-05 22:40:52 - round.py - INFO - pick_up_discard - MariaGrazia ----> ['7_Cuori_Blu']
2025-11-05 22:40:52 - round.py - INFO - discard - MariaGrazia ----> 5_Cuori_Rosso
2025-11-05 22:40:52 - round.py - INFO - pick_up_card - Alessio ----> 10_Quadri_Rosso
2025-11-05 22:40:52 - player_onto_manager.py - INFO - apre_tris -  10_Fiori_Blu -10 ----> partialScore ----> 10
2025-11-05 22:40:52 - player_onto_manager.py - INFO - apre_tris -  10_Fiori_Rosso -10 ----> partialScore ----> 20
2025-11-05 22:40:52 - player_onto_manager.py - INFO - apre_tris -  10_Quadri_Rosso -10 ----> partialScore ----> 30
2025-11-05 22:40:52 - player_onto_manager.py - INFO - apre_tris - FINAL partialScore ----> 30
2025-11-05 22:40:52 - round.py - INFO - open_tris - Alessio ----> [(10, 89, 'Fiori', 10), (10, 35, 'Fiori', 10), (10, 22, 'Quadri', 10)]
2025-11-05 22:40:52 - round.py - INFO - discard - Alessio ----> 8_Cuori_Rosso
2025-11-05 22:40:52 - round.py - INFO - pick_up_discard - MariaGrazia ----> ['5_Cuori_Rosso', '8_Cuori_Rosso']
2025-11-05 22:40:52 - round.py - INFO - discard - MariaGrazia ----> 7_Cuori_Blu
2025-11-05 22:40:52 - round.py - INFO - pick_up_discard - Alessio ----> ['7_Cuori_Blu']
2025-11-05 22:40:52 - round.py - INFO - discard - Alessio ----> 5_Fiori_Rosso
2025-11-05 22:40:52 - round.py - INFO - pick_up_card - MariaGrazia ----> 10_Quadri_Blu
2025-11-05 22:40:52 - round.py - INFO - discard - MariaGrazia ----> 6_Fiori_Blu
2025-11-05 22:40:52 - round.py - INFO - pick_up_discard - Alessio ----> ['5_Fiori_Rosso', '6_Fiori_Blu']
2025-11-05 22:40:53 - round.py - INFO - discard - Alessio ----> 6_Fiori_Blu
2025-11-05 22:40:53 - round.py - INFO - pick_up_card - MariaGrazia ----> A_Picche_Blu
2025-11-05 22:40:53 - round.py - INFO - discard - MariaGrazia ----> 10_Quadri_Blu
2025-11-05 22:40:53 - round.py - INFO - pick_up_card - Alessio ----> A_Cuori_Blu
2025-11-05 22:40:53 - round.py - INFO - discard - Alessio ----> Q_Quadri_Blu
2025-11-05 22:43:59 - onto_access_util.py - INFO - add_discarded_cards_to_pickup -   [add_discarded_to_pickup PRE - [SCARTI] ------> [Updated_Game_Ontology20251105_224007981944.6_Fiori_Blu, Updated_Game_Ontology20251105_224007981944.10_Quadri_Blu, Updated_Game_Ontology20251105_224007981944.Q_Quadri_Blu]]
2025-11-05 22:43:59 - onto_access_util.py - INFO - add_discarded_cards_to_pickup -   [add_discarded_to_pickup PRE - [MONTE]  ------> []]
2025-11-05 22:43:59 - onto_access_util.py - INFO - add_discarded_cards_to_pickup -   [add_discarded_to_pickup POST - [SCARTI] ------> [Updated_Game_Ontology20251105_224007981944.Q_Quadri_Blu]]
2025-11-05 22:43:59 - onto_access_util.py - INFO - add_discarded_cards_to_pickup -   [add_discarded_to_pickup POST - [MONTE]  ------> [Updated_Game_Ontology20251105_224007981944.6_Fiori_Blu, Updated_Game_Ontology20251105_224007981944.10_Quadri_Blu]]
2025-11-05 22:43:59 - round.py - INFO - add_discarded_to_pickup -  ------ [add_discarded_to_pickup ------  ]
2025-11-05 22:43:59 - round.py - INFO - pick_up_card - MariaGrazia ----> 6_Fiori_Blu
2025-11-05 22:43:59 - round.py - INFO - discard - MariaGrazia ----> 8_Cuori_Rosso
2025-11-05 22:43:59 - round.py - INFO - pick_up_discard - Alessio ----> ['Q_Quadri_Blu', '8_Cuori_Rosso']
2025-11-05 22:43:59 - round.py - INFO - discard - Alessio ----> 8_Cuori_Rosso
2025-11-05 22:43:59 - round.py - INFO - pick_up_card - MariaGrazia ----> 10_Quadri_Blu
2025-11-05 22:43:59 - round.py - INFO - discard - MariaGrazia ----> 10_Quadri_Blu
2025-11-05 22:44:00 - onto_access_util.py - INFO - add_discarded_cards_to_pickup -   [add_discarded_to_pickup PRE - [SCARTI] ------> [Updated_Game_Ontology20251105_224007981944.8_Cuori_Rosso, Updated_Game_Ontology20251105_224007981944.10_Quadri_Blu]]
2025-11-05 22:44:00 - onto_access_util.py - INFO - add_discarded_cards_to_pickup -   [add_discarded_to_pickup PRE - [MONTE]  ------> []]
2025-11-05 22:44:00 - onto_access_util.py - INFO - add_discarded_cards_to_pickup -   [add_discarded_to_pickup POST - [SCARTI] ------> [Updated_Game_Ontology20251105_224007981944.10_Quadri_Blu]]
2025-11-05 22:44:00 - onto_access_util.py - INFO - add_discarded_cards_to_pickup -   [add_discarded_to_pickup POST - [MONTE]  ------> [Updated_Game_Ontology20251105_224007981944.8_Cuori_Rosso]]
2025-11-05 22:44:00 - round.py - INFO - add_discarded_to_pickup -  ------ [add_discarded_to_pickup ------  ]
2025-11-05 22:44:00 - round.py - INFO - pick_up_card - Alessio ----> 8_Cuori_Rosso
2025-11-05 22:44:00 - round.py - INFO - discard - Alessio ----> J_Fiori_Blu
2025-11-05 22:44:02 - onto_access_util.py - INFO - add_discarded_cards_to_pickup -   [add_discarded_to_pickup PRE - [SCARTI] ------> [Updated_Game_Ontology20251105_224007981944.10_Quadri_Blu, Updated_Game_Ontology20251105_224007981944.J_Fiori_Blu]]
2025-11-05 22:44:02 - onto_access_util.py - INFO - add_discarded_cards_to_pickup -   [add_discarded_to_pickup PRE - [MONTE]  ------> []]
2025-11-05 22:44:02 - onto_access_util.py - INFO - add_discarded_cards_to_pickup -   [add_discarded_to_pickup POST - [SCARTI] ------> [Updated_Game_Ontology20251105_224007981944.J_Fiori_Blu]]
2025-11-05 22:44:02 - onto_access_util.py - INFO - add_discarded_cards_to_pickup -   [add_discarded_to_pickup POST - [MONTE]  ------> [Updated_Game_Ontology20251105_224007981944.10_Quadri_Blu]]
2025-11-05 22:44:02 - round.py - INFO - add_discarded_to_pickup -  ------ [add_discarded_to_pickup ------  ]
2025-11-05 22:44:02 - round.py - INFO - pick_up_card - MariaGrazia ----> 10_Quadri_Blu
2025-11-05 22:44:02 - round.py - INFO - discard - MariaGrazia ----> A_Picche_Blu
2025-11-05 22:44:06 - onto_access_util.py - INFO - add_discarded_cards_to_pickup -   [add_discarded_to_pickup PRE - [SCARTI] ------> [Updated_Game_Ontology20251105_224007981944.J_Fiori_Blu, Updated_Game_Ontology20251105_224007981944.A_Picche_Blu]]
2025-11-05 22:44:06 - onto_access_util.py - INFO - add_discarded_cards_to_pickup -   [add_discarded_to_pickup PRE - [MONTE]  ------> []]
2025-11-05 22:44:06 - onto_access_util.py - INFO - add_discarded_cards_to_pickup -   [add_discarded_to_pickup POST - [SCARTI] ------> [Updated_Game_Ontology20251105_224007981944.A_Picche_Blu]]
2025-11-05 22:44:06 - onto_access_util.py - INFO - add_discarded_cards_to_pickup -   [add_discarded_to_pickup POST - [MONTE]  ------> [Updated_Game_Ontology20251105_224007981944.J_Fiori_Blu]]
2025-11-05 22:44:06 - round.py - INFO - add_discarded_to_pickup -  ------ [add_discarded_to_pickup ------  ]
2025-11-05 22:44:06 - round.py - INFO - pick_up_discard - Alessio ----> ['A_Picche_Blu']
2025-11-05 22:44:06 - round.py - INFO - discard - Alessio ----> A_Cuori_Blu
2025-11-05 22:44:06 - round.py - INFO - pick_up_discard - MariaGrazia ----> ['A_Cuori_Blu']
2025-11-05 22:44:06 - round.py - INFO - discard - MariaGrazia ----> 5_Cuori_Rosso
2025-11-05 22:44:06 - round.py - INFO - pick_up_discard - Alessio ----> ['5_Cuori_Rosso']
2025-11-05 22:44:06 - round.py - INFO - discard - Alessio ----> 7_Cuori_Blu
2025-11-05 22:44:06 - round.py - INFO - pick_up_card - MariaGrazia ----> J_Fiori_Blu
2025-11-05 22:44:06 - round.py - INFO - discard - MariaGrazia ----> 6_Fiori_Blu
2025-11-05 22:44:10 - onto_access_util.py - INFO - add_discarded_cards_to_pickup -   [add_discarded_to_pickup PRE - [SCARTI] ------> [Updated_Game_Ontology20251105_224007981944.7_Cuori_Blu, Updated_Game_Ontology20251105_224007981944.6_Fiori_Blu]]
2025-11-05 22:44:10 - onto_access_util.py - INFO - add_discarded_cards_to_pickup -   [add_discarded_to_pickup PRE - [MONTE]  ------> []]
2025-11-05 22:44:10 - onto_access_util.py - INFO - add_discarded_cards_to_pickup -   [add_discarded_to_pickup POST - [SCARTI] ------> [Updated_Game_Ontology20251105_224007981944.6_Fiori_Blu]]
2025-11-05 22:44:10 - onto_access_util.py - INFO - add_discarded_cards_to_pickup -   [add_discarded_to_pickup POST - [MONTE]  ------> [Updated_Game_Ontology20251105_224007981944.7_Cuori_Blu]]
2025-11-05 22:44:10 - round.py - INFO - add_discarded_to_pickup -  ------ [add_discarded_to_pickup ------  ]
2025-11-05 22:44:10 - round.py - INFO - pick_up_card - Alessio ----> 7_Cuori_Blu
2025-11-05 22:44:10 - round.py - INFO - discard - Alessio ----> 5_Fiori_Rosso
2025-11-05 22:44:11 - onto_access_util.py - INFO - add_discarded_cards_to_pickup -   [add_discarded_to_pickup PRE - [SCARTI] ------> [Updated_Game_Ontology20251105_224007981944.6_Fiori_Blu, Updated_Game_Ontology20251105_224007981944.5_Fiori_Rosso]]
2025-11-05 22:44:11 - onto_access_util.py - INFO - add_discarded_cards_to_pickup -   [add_discarded_to_pickup PRE - [MONTE]  ------> []]
2025-11-05 22:44:11 - onto_access_util.py - INFO - add_discarded_cards_to_pickup -   [add_discarded_to_pickup POST - [SCARTI] ------> [Updated_Game_Ontology20251105_224007981944.5_Fiori_Rosso]]
2025-11-05 22:44:11 - onto_access_util.py - INFO - add_discarded_cards_to_pickup -   [add_discarded_to_pickup POST - [MONTE]  ------> [Updated_Game_Ontology20251105_224007981944.6_Fiori_Blu]]
2025-11-05 22:44:11 - round.py - INFO - add_discarded_to_pickup -  ------ [add_discarded_to_pickup ------  ]
2025-11-05 22:44:11 - round.py - INFO - pick_up_discard - MariaGrazia ----> ['5_Fiori_Rosso']
2025-11-05 22:44:11 - round.py - INFO - discard - MariaGrazia ----> J_Fiori_Blu
2025-11-05 22:44:11 - round.py - INFO - pick_up_discard - Alessio ----> ['J_Fiori_Blu']
2025-11-05 22:44:11 - round.py - INFO - discard - Alessio ----> 8_Cuori_Rosso
2025-11-05 22:44:11 - round.py - INFO - pick_up_card - MariaGrazia ----> 6_Fiori_Blu
2025-11-05 22:44:11 - round.py - INFO - discard - MariaGrazia ----> A_Cuori_Blu
2025-11-05 22:44:12 - onto_access_util.py - INFO - add_discarded_cards_to_pickup -   [add_discarded_to_pickup PRE - [SCARTI] ------> [Updated_Game_Ontology20251105_224007981944.8_Cuori_Rosso, Updated_Game_Ontology20251105_224007981944.A_Cuori_Blu]]
2025-11-05 22:44:12 - onto_access_util.py - INFO - add_discarded_cards_to_pickup -   [add_discarded_to_pickup PRE - [MONTE]  ------> []]
2025-11-05 22:44:12 - onto_access_util.py - INFO - add_discarded_cards_to_pickup -   [add_discarded_to_pickup POST - [SCARTI] ------> [Updated_Game_Ontology20251105_224007981944.A_Cuori_Blu]]
2025-11-05 22:44:12 - onto_access_util.py - INFO - add_discarded_cards_to_pickup -   [add_discarded_to_pickup POST - [MONTE]  ------> [Updated_Game_Ontology20251105_224007981944.8_Cuori_Rosso]]
2025-11-05 22:44:12 - round.py - INFO - add_discarded_to_pickup -  ------ [add_discarded_to_pickup ------  ]
2025-11-05 22:44:12 - round.py - INFO - pick_up_discard - Alessio ----> ['A_Cuori_Blu']
2025-11-05 22:44:12 - round.py - INFO - discard - Alessio ----> A_Cuori_Blu
2025-11-05 22:44:12 - round.py - INFO - pick_up_discard - MariaGrazia ----> ['A_Cuori_Blu']
2025-11-05 22:44:12 - round.py - INFO - discard - MariaGrazia ----> 6_Fiori_Blu
2025-11-05 22:44:12 - round.py - INFO - pick_up_discard - Alessio ----> ['6_Fiori_Blu']
2025-11-05 22:44:12 - round.py - INFO - discard - Alessio ----> A_Picche_Blu
2025-11-05 22:44:12 - round.py - INFO - pick_up_discard - MariaGrazia ----> ['A_Picche_Blu']
2025-11-05 22:44:12 - round.py - INFO - discard - MariaGrazia ----> 10_Quadri_Blu
2025-11-05 22:44:12 - round.py - INFO - pick_up_discard - Alessio ----> ['10_Quadri_Blu']
2025-11-05 22:44:12 - round.py - INFO - discard - Alessio ----> Q_Quadri_Blu
2025-11-05 22:44:12 - round.py - INFO - pick_up_card - MariaGrazia ----> 8_Cuori_Rosso
2025-11-05 22:44:12 - round.py - INFO - discard - MariaGrazia ----> 8_Cuori_Rosso
2025-11-05 22:44:13 - onto_access_util.py - INFO - add_discarded_cards_to_pickup -   [add_discarded_to_pickup PRE - [SCARTI] ------> [Updated_Game_Ontology20251105_224007981944.Q_Quadri_Blu, Updated_Game_Ontology20251105_224007981944.8_Cuori_Rosso]]
2025-11-05 22:44:13 - onto_access_util.py - INFO - add_discarded_cards_to_pickup -   [add_discarded_to_pickup PRE - [MONTE]  ------> []]
2025-11-05 22:44:13 - onto_access_util.py - INFO - add_discarded_cards_to_pickup -   [add_discarded_to_pickup POST - [SCARTI] ------> [Updated_Game_Ontology20251105_224007981944.8_Cuori_Rosso]]
2025-11-05 22:44:13 - onto_access_util.py - INFO - add_discarded_cards_to_pickup -   [add_discarded_to_pickup POST - [MONTE]  ------> [Updated_Game_Ontology20251105_224007981944.Q_Quadri_Blu]]
2025-11-05 22:44:13 - round.py - INFO - add_discarded_to_pickup -  ------ [add_discarded_to_pickup ------  ]
2025-11-05 22:44:13 - round.py - INFO - pick_up_discard - Alessio ----> ['8_Cuori_Rosso']
2025-11-05 22:44:13 - round.py - INFO - update_meld - Alessio ----> Scala_2_Giocatore0 --> 10_Quadri_Blu
2025-11-05 22:44:13 - round.py - INFO - discard - Alessio ----> 8_Cuori_Rosso
2025-11-05 22:44:13 - round.py - INFO - pick_up_card - MariaGrazia ----> Q_Quadri_Blu
2025-11-05 22:44:13 - round.py - INFO - discard - MariaGrazia ----> Q_Quadri_Blu
2025-11-05 22:44:13 - onto_access_util.py - INFO - add_discarded_cards_to_pickup -   [add_discarded_to_pickup PRE - [SCARTI] ------> [Updated_Game_Ontology20251105_224007981944.8_Cuori_Rosso, Updated_Game_Ontology20251105_224007981944.Q_Quadri_Blu]]
2025-11-05 22:44:13 - onto_access_util.py - INFO - add_discarded_cards_to_pickup -   [add_discarded_to_pickup PRE - [MONTE]  ------> []]
2025-11-05 22:44:13 - onto_access_util.py - INFO - add_discarded_cards_to_pickup -   [add_discarded_to_pickup POST - [SCARTI] ------> [Updated_Game_Ontology20251105_224007981944.Q_Quadri_Blu]]
2025-11-05 22:44:13 - onto_access_util.py - INFO - add_discarded_cards_to_pickup -   [add_discarded_to_pickup POST - [MONTE]  ------> [Updated_Game_Ontology20251105_224007981944.8_Cuori_Rosso]]
2025-11-05 22:44:13 - round.py - INFO - add_discarded_to_pickup -  ------ [add_discarded_to_pickup ------  ]
2025-11-05 22:44:13 - round.py - INFO - pick_up_discard - Alessio ----> ['Q_Quadri_Blu']
2025-11-05 22:44:13 - round.py - INFO - discard - Alessio ----> 7_Cuori_Blu
2025-11-05 22:44:13 - round.py - INFO - pick_up_card - MariaGrazia ----> 8_Cuori_Rosso
2025-11-05 22:44:14 - round.py - INFO - discard - MariaGrazia ----> A_Picche_Blu
2025-11-05 22:44:14 - onto_access_util.py - INFO - add_discarded_cards_to_pickup -   [add_discarded_to_pickup PRE - [SCARTI] ------> [Updated_Game_Ontology20251105_224007981944.7_Cuori_Blu, Updated_Game_Ontology20251105_224007981944.A_Picche_Blu]]
2025-11-05 22:44:14 - onto_access_util.py - INFO - add_discarded_cards_to_pickup -   [add_discarded_to_pickup PRE - [MONTE]  ------> []]
2025-11-05 22:44:14 - onto_access_util.py - INFO - add_discarded_cards_to_pickup -   [add_discarded_to_pickup POST - [SCARTI] ------> [Updated_Game_Ontology20251105_224007981944.A_Picche_Blu]]
2025-11-05 22:44:14 - onto_access_util.py - INFO - add_discarded_cards_to_pickup -   [add_discarded_to_pickup POST - [MONTE]  ------> [Updated_Game_Ontology20251105_224007981944.7_Cuori_Blu]]
2025-11-05 22:44:14 - round.py - INFO - add_discarded_to_pickup -  ------ [add_discarded_to_pickup ------  ]
2025-11-05 22:44:14 - round.py - INFO - pick_up_card - Alessio ----> 7_Cuori_Blu
2025-11-05 22:44:14 - round.py - INFO - discard - Alessio ----> J_Fiori_Blu
2025-11-05 22:46:40 - onto_access_util.py - INFO - add_discarded_cards_to_pickup -   [add_discarded_to_pickup PRE - [SCARTI] ------> [Updated_Game_Ontology20251105_224007981944.A_Picche_Blu, Updated_Game_Ontology20251105_224007981944.J_Fiori_Blu]]
2025-11-05 22:46:40 - onto_access_util.py - INFO - add_discarded_cards_to_pickup -   [add_discarded_to_pickup PRE - [MONTE]  ------> []]
2025-11-05 22:46:40 - onto_access_util.py - INFO - add_discarded_cards_to_pickup -   [add_discarded_to_pickup POST - [SCARTI] ------> [Updated_Game_Ontology20251105_224007981944.J_Fiori_Blu]]
2025-11-05 22:46:40 - onto_access_util.py - INFO - add_discarded_cards_to_pickup -   [add_discarded_to_pickup POST - [MONTE]  ------> [Updated_Game_Ontology20251105_224007981944.A_Picche_Blu]]
2025-11-05 22:46:40 - round.py - INFO - add_discarded_to_pickup -  ------ [add_discarded_to_pickup ------  ]
2025-11-05 22:46:40 - round.py - INFO - pick_up_card - MariaGrazia ----> A_Picche_Blu
2025-11-05 22:46:41 - round.py - INFO - discard - MariaGrazia ----> 8_Cuori_Rosso
