2025-11-06 22:25:42 - logger.py - INFO - _initialize - Logger inizializzato. File di log: logs/2025_11_06\partita_20251106_222542983536.log
2025-11-06 22:25:42 - logger.py - INFO - _initialize - ---------------------------------------------------
2025-11-06 22:25:42 - logger.py - INFO - _initialize - PARTITA ::  Partita_20251106_222542_983267
2025-11-06 22:25:42 - logger.py - INFO - _initialize - ---------------------------------------------------
2025-11-06 22:25:43 - round.py - INFO - pick_up_discard - -------------------------------------------------------------------------------------
2025-11-06 22:25:43 - round.py - INFO - pick_up_discard - -----------------------------------------NUOVO TURNO---------------------------------
2025-11-06 22:25:43 - round.py - INFO - pick_up_discard - Alessio ----> ['8_Cuori_Rosso']
2025-11-06 22:25:43 - round.py - INFO - pick_up_discard - -------------------------------------------------------------------------------------
2025-11-06 22:25:43 - player_onto_manager.py - INFO - apre_tris -  2_Picche_Blu -20 ----> partialScore ----> 20
2025-11-06 22:25:43 - player_onto_manager.py - INFO - apre_tris -  5_Quadri_Blu -5 ----> partialScore ----> 25
2025-11-06 22:25:43 - player_onto_manager.py - INFO - apre_tris -  5_Cuori_Rosso -5 ----> partialScore ----> 30
2025-11-06 22:25:43 - player_onto_manager.py - INFO - apre_tris - FINAL partialScore ----> 30
2025-11-06 22:25:43 - round.py - INFO - open_tris - Alessio ----> [(2, 94, 'Picche', 20), (5, 71, 'Quadri', 5), (5, 4, 'Cuori', 5)]
2025-11-06 22:25:44 - round.py - INFO - discard - -------------------------------------------------------------------------------------
2025-11-06 22:25:44 - round.py - INFO - discard - -----------------------------------------FINE---------------------------------
2025-11-06 22:25:44 - round.py - INFO - discard - Alessio ----> 5_Fiori_Rosso
2025-11-06 22:25:44 - round.py - INFO - discard - -------------------------------------------------------------------------------------
2025-11-06 22:25:44 - round.py - INFO - pick_up_discard - -------------------------------------------------------------------------------------
2025-11-06 22:25:44 - round.py - INFO - pick_up_discard - -----------------------------------------NUOVO TURNO---------------------------------
2025-11-06 22:25:44 - round.py - INFO - pick_up_discard - MariaGrazia ----> ['5_Fiori_Rosso']
2025-11-06 22:25:44 - round.py - INFO - pick_up_discard - -------------------------------------------------------------------------------------
2025-11-06 22:25:44 - round.py - INFO - open_meld - MariaGrazia ----> [(2, 81, 'Fiori', 20), (11, 10, 'Cuori', 10), (13, 66, 'Cuori', 10)]
2025-11-06 22:25:45 - player_onto_manager.py - INFO - apre_tris -  Jolly_Jolly_R_Blu -30 ----> partialScore ----> 30
2025-11-06 22:25:45 - player_onto_manager.py - INFO - apre_tris -  5_Fiori_Rosso -5 ----> partialScore ----> 35
2025-11-06 22:25:45 - player_onto_manager.py - INFO - apre_tris -  5_Fiori_Blu -5 ----> partialScore ----> 40
2025-11-06 22:25:45 - player_onto_manager.py - INFO - apre_tris - FINAL partialScore ----> 40
2025-11-06 22:25:45 - round.py - INFO - open_tris - MariaGrazia ----> [(-1, 107, 'Jolly', 30), (5, 30, 'Fiori', 5), (5, 84, 'Fiori', 5)]
2025-11-06 22:25:45 - round.py - INFO - discard - -------------------------------------------------------------------------------------
2025-11-06 22:25:45 - round.py - INFO - discard - -----------------------------------------FINE---------------------------------
2025-11-06 22:25:45 - round.py - INFO - discard - MariaGrazia ----> 10_Cuori_Rosso
2025-11-06 22:25:45 - round.py - INFO - discard - -------------------------------------------------------------------------------------
2025-11-06 22:25:45 - round.py - INFO - pick_up_discard - -------------------------------------------------------------------------------------
2025-11-06 22:25:45 - round.py - INFO - pick_up_discard - -----------------------------------------NUOVO TURNO---------------------------------
2025-11-06 22:25:45 - round.py - INFO - pick_up_discard - Alessio ----> ['10_Cuori_Rosso']
2025-11-06 22:25:45 - round.py - INFO - pick_up_discard - -------------------------------------------------------------------------------------
2025-11-06 22:25:45 - round.py - INFO - discard - -------------------------------------------------------------------------------------
2025-11-06 22:25:45 - round.py - INFO - discard - -----------------------------------------FINE---------------------------------
2025-11-06 22:25:45 - round.py - INFO - discard - Alessio ----> Q_Cuori_Blu
2025-11-06 22:25:45 - round.py - INFO - discard - -------------------------------------------------------------------------------------
2025-11-06 22:25:45 - round.py - INFO - pick_up_card - -------------------------------------------------------------------------------------
2025-11-06 22:25:45 - round.py - INFO - pick_up_card - -----------------------------------------NUOVO TURNO---------------------------------
2025-11-06 22:25:45 - round.py - INFO - pick_up_card - MariaGrazia ----> Q_Picche_Rosso
2025-11-06 22:25:45 - round.py - INFO - pick_up_card - -------------------------------------------------------------------------------------
2025-11-06 22:25:45 - round.py - INFO - discard - -------------------------------------------------------------------------------------
2025-11-06 22:25:45 - round.py - INFO - discard - -----------------------------------------FINE---------------------------------
2025-11-06 22:25:45 - round.py - INFO - discard - MariaGrazia ----> 4_Cuori_Blu
2025-11-06 22:25:45 - round.py - INFO - discard - -------------------------------------------------------------------------------------
2025-11-06 22:25:45 - round.py - INFO - pick_up_discard - -------------------------------------------------------------------------------------
2025-11-06 22:25:45 - round.py - INFO - pick_up_discard - -----------------------------------------NUOVO TURNO---------------------------------
2025-11-06 22:25:45 - round.py - INFO - pick_up_discard - Alessio ----> ['Q_Cuori_Blu', '4_Cuori_Blu']
2025-11-06 22:25:45 - round.py - INFO - pick_up_discard - -------------------------------------------------------------------------------------
2025-11-06 22:25:45 - round.py - INFO - discard - -------------------------------------------------------------------------------------
2025-11-06 22:25:45 - round.py - INFO - discard - -----------------------------------------FINE---------------------------------
2025-11-06 22:25:45 - round.py - INFO - discard - Alessio ----> Q_Quadri_Rosso
2025-11-06 22:25:45 - round.py - INFO - discard - -------------------------------------------------------------------------------------
2025-11-06 22:25:45 - round.py - INFO - pick_up_card - -------------------------------------------------------------------------------------
2025-11-06 22:25:45 - round.py - INFO - pick_up_card - -----------------------------------------NUOVO TURNO---------------------------------
2025-11-06 22:25:45 - round.py - INFO - pick_up_card - MariaGrazia ----> 10_Quadri_Rosso
2025-11-06 22:25:45 - round.py - INFO - pick_up_card - -------------------------------------------------------------------------------------
2025-11-06 22:25:46 - round.py - INFO - discard - -------------------------------------------------------------------------------------
2025-11-06 22:25:46 - round.py - INFO - discard - -----------------------------------------FINE---------------------------------
2025-11-06 22:25:46 - round.py - INFO - discard - MariaGrazia ----> 3_Picche_Rosso
2025-11-06 22:25:46 - round.py - INFO - discard - -------------------------------------------------------------------------------------
2025-11-06 22:25:46 - round.py - INFO - pick_up_card - -------------------------------------------------------------------------------------
2025-11-06 22:25:46 - round.py - INFO - pick_up_card - -----------------------------------------NUOVO TURNO---------------------------------
2025-11-06 22:25:46 - round.py - INFO - pick_up_card - Alessio ----> 10_Cuori_Blu
2025-11-06 22:25:46 - round.py - INFO - pick_up_card - -------------------------------------------------------------------------------------
2025-11-06 22:25:46 - round.py - INFO - discard - -------------------------------------------------------------------------------------
2025-11-06 22:25:46 - round.py - INFO - discard - -----------------------------------------FINE---------------------------------
2025-11-06 22:25:46 - round.py - INFO - discard - Alessio ----> 9_Fiori_Blu
2025-11-06 22:25:46 - round.py - INFO - discard - -------------------------------------------------------------------------------------
2025-11-06 22:25:46 - round.py - INFO - pick_up_discard - -------------------------------------------------------------------------------------
2025-11-06 22:25:46 - round.py - INFO - pick_up_discard - -----------------------------------------NUOVO TURNO---------------------------------
2025-11-06 22:25:46 - round.py - INFO - pick_up_discard - MariaGrazia ----> ['Q_Quadri_Rosso', '3_Picche_Rosso', '9_Fiori_Blu']
2025-11-06 22:25:46 - round.py - INFO - pick_up_discard - -------------------------------------------------------------------------------------
2025-11-06 22:25:46 - round.py - INFO - discard - -------------------------------------------------------------------------------------
2025-11-06 22:25:46 - round.py - INFO - discard - -----------------------------------------FINE---------------------------------
2025-11-06 22:25:46 - round.py - INFO - discard - MariaGrazia ----> 3_Quadri_Blu
2025-11-06 22:25:46 - round.py - INFO - discard - -------------------------------------------------------------------------------------
2025-11-06 22:25:46 - round.py - INFO - pick_up_card - -------------------------------------------------------------------------------------
2025-11-06 22:25:46 - round.py - INFO - pick_up_card - -----------------------------------------NUOVO TURNO---------------------------------
2025-11-06 22:25:46 - round.py - INFO - pick_up_card - Alessio ----> 7_Fiori_Rosso
2025-11-06 22:25:46 - round.py - INFO - pick_up_card - -------------------------------------------------------------------------------------
2025-11-06 22:25:46 - round.py - INFO - discard - -------------------------------------------------------------------------------------
2025-11-06 22:25:46 - round.py - INFO - discard - -----------------------------------------FINE---------------------------------
2025-11-06 22:25:46 - round.py - INFO - discard - Alessio ----> Q_Cuori_Blu
2025-11-06 22:25:46 - round.py - INFO - discard - -------------------------------------------------------------------------------------
2025-11-06 22:25:46 - round.py - INFO - pick_up_card - -------------------------------------------------------------------------------------
2025-11-06 22:25:46 - round.py - INFO - pick_up_card - -----------------------------------------NUOVO TURNO---------------------------------
2025-11-06 22:25:46 - round.py - INFO - pick_up_card - MariaGrazia ----> 7_Cuori_Rosso
2025-11-06 22:25:46 - round.py - INFO - pick_up_card - -------------------------------------------------------------------------------------
2025-11-06 22:25:47 - round.py - INFO - discard - -------------------------------------------------------------------------------------
2025-11-06 22:25:47 - round.py - INFO - discard - -----------------------------------------FINE---------------------------------
2025-11-06 22:25:47 - round.py - INFO - discard - MariaGrazia ----> 10_Quadri_Rosso
2025-11-06 22:25:47 - round.py - INFO - discard - -------------------------------------------------------------------------------------
2025-11-06 22:25:47 - round.py - INFO - pick_up_card - -------------------------------------------------------------------------------------
2025-11-06 22:25:47 - round.py - INFO - pick_up_card - -----------------------------------------NUOVO TURNO---------------------------------
2025-11-06 22:25:47 - round.py - INFO - pick_up_card - Alessio ----> A_Cuori_Rosso
2025-11-06 22:25:47 - round.py - INFO - pick_up_card - -------------------------------------------------------------------------------------
2025-11-06 22:25:47 - round.py - INFO - discard - -------------------------------------------------------------------------------------
2025-11-06 22:25:47 - round.py - INFO - discard - -----------------------------------------FINE---------------------------------
2025-11-06 22:25:47 - round.py - INFO - discard - Alessio ----> 8_Picche_Rosso
2025-11-06 22:25:47 - round.py - INFO - discard - -------------------------------------------------------------------------------------
2025-11-06 22:25:47 - round.py - INFO - pick_up_card - -------------------------------------------------------------------------------------
2025-11-06 22:25:47 - round.py - INFO - pick_up_card - -----------------------------------------NUOVO TURNO---------------------------------
2025-11-06 22:25:47 - round.py - INFO - pick_up_card - MariaGrazia ----> 6_Quadri_Blu
2025-11-06 22:25:47 - round.py - INFO - pick_up_card - -------------------------------------------------------------------------------------
2025-11-06 22:25:47 - round.py - INFO - discard - -------------------------------------------------------------------------------------
2025-11-06 22:25:47 - round.py - INFO - discard - -----------------------------------------FINE---------------------------------
2025-11-06 22:25:47 - round.py - INFO - discard - MariaGrazia ----> 3_Picche_Rosso
2025-11-06 22:25:47 - round.py - INFO - discard - -------------------------------------------------------------------------------------
2025-11-06 22:25:47 - round.py - INFO - pick_up_card - -------------------------------------------------------------------------------------
2025-11-06 22:25:47 - round.py - INFO - pick_up_card - -----------------------------------------NUOVO TURNO---------------------------------
2025-11-06 22:25:47 - round.py - INFO - pick_up_card - Alessio ----> J_Quadri_Blu
2025-11-06 22:25:47 - round.py - INFO - pick_up_card - -------------------------------------------------------------------------------------
2025-11-06 22:25:48 - round.py - INFO - discard - -------------------------------------------------------------------------------------
2025-11-06 22:25:48 - round.py - INFO - discard - -----------------------------------------FINE---------------------------------
2025-11-06 22:25:48 - round.py - INFO - discard - Alessio ----> 5_Quadri_Rosso
2025-11-06 22:25:48 - round.py - INFO - discard - -------------------------------------------------------------------------------------
2025-11-06 22:25:48 - round.py - INFO - pick_up_discard - -------------------------------------------------------------------------------------
2025-11-06 22:25:48 - round.py - INFO - pick_up_discard - -----------------------------------------NUOVO TURNO---------------------------------
2025-11-06 22:25:48 - round.py - INFO - pick_up_discard - MariaGrazia ----> ['3_Quadri_Blu', 'Q_Cuori_Blu', '10_Quadri_Rosso', '8_Picche_Rosso', '3_Picche_Rosso', '5_Quadri_Rosso']
2025-11-06 22:25:48 - round.py - INFO - pick_up_discard - -------------------------------------------------------------------------------------
2025-11-06 22:25:49 - player_onto_manager.py - INFO - apre_tris -  Q_Cuori_Blu -10 ----> partialScore ----> 10
2025-11-06 22:25:49 - player_onto_manager.py - INFO - apre_tris -  Q_Quadri_Rosso -10 ----> partialScore ----> 20
2025-11-06 22:25:49 - player_onto_manager.py - INFO - apre_tris -  Q_Picche_Rosso -10 ----> partialScore ----> 30
2025-11-06 22:25:49 - player_onto_manager.py - INFO - apre_tris - FINAL partialScore ----> 30
2025-11-06 22:25:49 - round.py - INFO - open_tris - MariaGrazia ----> [(12, 65, 'Cuori', 10), (12, 24, 'Quadri', 10), (12, 50, 'Picche', 10)]
2025-11-06 22:25:49 - round.py - INFO - update_tris - MariaGrazia ----> 5 -->5_Quadri_Rosso
2025-11-06 22:25:49 - round.py - INFO - discard - -------------------------------------------------------------------------------------
2025-11-06 22:25:49 - round.py - INFO - discard - -----------------------------------------FINE---------------------------------
2025-11-06 22:25:49 - round.py - INFO - discard - MariaGrazia ----> 3_Quadri_Blu
2025-11-06 22:25:49 - round.py - INFO - discard - -------------------------------------------------------------------------------------
2025-11-06 22:25:49 - round.py - INFO - pick_up_discard - -------------------------------------------------------------------------------------
2025-11-06 22:25:49 - round.py - INFO - pick_up_discard - -----------------------------------------NUOVO TURNO---------------------------------
2025-11-06 22:25:49 - round.py - INFO - pick_up_discard - Alessio ----> ['3_Quadri_Blu']
2025-11-06 22:25:49 - round.py - INFO - pick_up_discard - -------------------------------------------------------------------------------------
2025-11-06 22:25:50 - round.py - INFO - discard - -------------------------------------------------------------------------------------
2025-11-06 22:25:50 - round.py - INFO - discard - -----------------------------------------FINE---------------------------------
2025-11-06 22:25:50 - round.py - INFO - discard - Alessio ----> 10_Cuori_Rosso
2025-11-06 22:25:50 - round.py - INFO - discard - -------------------------------------------------------------------------------------
2025-11-06 22:25:50 - round.py - INFO - pick_up_discard - -------------------------------------------------------------------------------------
2025-11-06 22:25:50 - round.py - INFO - pick_up_discard - -----------------------------------------NUOVO TURNO---------------------------------
2025-11-06 22:25:50 - round.py - INFO - pick_up_discard - MariaGrazia ----> ['10_Cuori_Rosso']
2025-11-06 22:25:50 - round.py - INFO - pick_up_discard - -------------------------------------------------------------------------------------
2025-11-06 22:25:50 - round.py - INFO - discard - -------------------------------------------------------------------------------------
2025-11-06 22:25:50 - round.py - INFO - discard - -----------------------------------------FINE---------------------------------
2025-11-06 22:25:50 - round.py - INFO - discard - MariaGrazia ----> 8_Picche_Rosso
2025-11-06 22:25:50 - round.py - INFO - discard - -------------------------------------------------------------------------------------
2025-11-06 22:25:50 - round.py - INFO - pick_up_card - -------------------------------------------------------------------------------------
2025-11-06 22:25:50 - round.py - INFO - pick_up_card - -----------------------------------------NUOVO TURNO---------------------------------
2025-11-06 22:25:50 - round.py - INFO - pick_up_card - Alessio ----> K_Quadri_Blu
2025-11-06 22:25:50 - round.py - INFO - pick_up_card - -------------------------------------------------------------------------------------
2025-11-06 22:25:50 - round.py - INFO - discard - -------------------------------------------------------------------------------------
2025-11-06 22:25:50 - round.py - INFO - discard - -----------------------------------------FINE---------------------------------
2025-11-06 22:25:50 - round.py - INFO - discard - Alessio ----> K_Quadri_Blu
2025-11-06 22:25:50 - round.py - INFO - discard - -------------------------------------------------------------------------------------
2025-11-06 22:25:50 - round.py - INFO - pick_up_card - -------------------------------------------------------------------------------------
2025-11-06 22:25:50 - round.py - INFO - pick_up_card - -----------------------------------------NUOVO TURNO---------------------------------
2025-11-06 22:25:50 - round.py - INFO - pick_up_card - MariaGrazia ----> 5_Picche_Blu
2025-11-06 22:25:50 - round.py - INFO - pick_up_card - -------------------------------------------------------------------------------------
2025-11-06 22:25:50 - round.py - INFO - update_tris - MariaGrazia ----> 5 -->5_Picche_Blu
2025-11-06 22:25:51 - round.py - INFO - discard - -------------------------------------------------------------------------------------
2025-11-06 22:25:51 - round.py - INFO - discard - -----------------------------------------FINE---------------------------------
2025-11-06 22:25:51 - round.py - INFO - discard - MariaGrazia ----> 8_Cuori_Blu
2025-11-06 22:25:51 - round.py - INFO - discard - -------------------------------------------------------------------------------------
2025-11-06 22:25:51 - round.py - INFO - pick_up_discard - -------------------------------------------------------------------------------------
2025-11-06 22:25:51 - round.py - INFO - pick_up_discard - -----------------------------------------NUOVO TURNO---------------------------------
2025-11-06 22:25:51 - round.py - INFO - pick_up_discard - Alessio ----> ['8_Picche_Rosso', 'K_Quadri_Blu', '8_Cuori_Blu']
2025-11-06 22:25:51 - round.py - INFO - pick_up_discard - -------------------------------------------------------------------------------------
2025-11-06 22:25:51 - player_onto_manager.py - INFO - apre_tris -  8_Cuori_Rosso -10 ----> partialScore ----> 10
2025-11-06 22:25:51 - player_onto_manager.py - INFO - apre_tris -  8_Cuori_Blu -10 ----> partialScore ----> 20
2025-11-06 22:25:51 - player_onto_manager.py - INFO - apre_tris -  8_Picche_Rosso -10 ----> partialScore ----> 30
2025-11-06 22:25:51 - player_onto_manager.py - INFO - apre_tris - FINAL partialScore ----> 30
2025-11-06 22:25:51 - round.py - INFO - open_tris - Alessio ----> [(8, 7, 'Cuori', 10), (8, 61, 'Cuori', 10), (8, 46, 'Picche', 10)]
2025-11-06 22:25:52 - round.py - INFO - discard - -------------------------------------------------------------------------------------
2025-11-06 22:25:52 - round.py - INFO - discard - -----------------------------------------FINE---------------------------------
2025-11-06 22:25:52 - round.py - INFO - discard - Alessio ----> 7_Fiori_Rosso
2025-11-06 22:25:52 - round.py - INFO - discard - -------------------------------------------------------------------------------------
2025-11-06 22:25:52 - round.py - INFO - pick_up_discard - -------------------------------------------------------------------------------------
2025-11-06 22:25:52 - round.py - INFO - pick_up_discard - -----------------------------------------NUOVO TURNO---------------------------------
2025-11-06 22:25:52 - round.py - INFO - pick_up_discard - MariaGrazia ----> ['7_Fiori_Rosso']
2025-11-06 22:25:52 - round.py - INFO - pick_up_discard - -------------------------------------------------------------------------------------
2025-11-06 22:25:52 - player_onto_manager.py - INFO - apre_tris -  7_Picche_Rosso -5 ----> partialScore ----> 5
2025-11-06 22:25:52 - player_onto_manager.py - INFO - apre_tris -  7_Fiori_Rosso -5 ----> partialScore ----> 10
2025-11-06 22:25:52 - player_onto_manager.py - INFO - apre_tris -  7_Cuori_Rosso -5 ----> partialScore ----> 15
2025-11-06 22:25:52 - player_onto_manager.py - INFO - apre_tris - FINAL partialScore ----> 15
2025-11-06 22:25:52 - round.py - INFO - open_tris - MariaGrazia ----> [(7, 45, 'Picche', 5), (7, 32, 'Fiori', 5), (7, 6, 'Cuori', 5)]
2025-11-06 22:25:52 - round.py - INFO - discard - -------------------------------------------------------------------------------------
2025-11-06 22:25:52 - round.py - INFO - discard - -----------------------------------------FINE---------------------------------
2025-11-06 22:25:52 - round.py - INFO - discard - MariaGrazia ----> 10_Quadri_Rosso
2025-11-06 22:25:52 - round.py - INFO - discard - -------------------------------------------------------------------------------------
2025-11-06 22:25:52 - round.py - INFO - pick_up_discard - -------------------------------------------------------------------------------------
2025-11-06 22:25:52 - round.py - INFO - pick_up_discard - -----------------------------------------NUOVO TURNO---------------------------------
2025-11-06 22:25:52 - round.py - INFO - pick_up_discard - Alessio ----> ['10_Quadri_Rosso']
2025-11-06 22:25:52 - round.py - INFO - pick_up_discard - -------------------------------------------------------------------------------------
2025-11-06 22:25:52 - round.py - INFO - open_meld - Alessio ----> [(9, 21, 'Quadri', 10), (10, 22, 'Quadri', 10), (11, 77, 'Quadri', 10)]
2025-11-06 22:25:52 - round.py - INFO - discard - -------------------------------------------------------------------------------------
2025-11-06 22:25:52 - round.py - INFO - discard - -----------------------------------------FINE---------------------------------
2025-11-06 22:25:52 - round.py - INFO - discard - Alessio ----> K_Quadri_Blu
2025-11-06 22:25:52 - round.py - INFO - discard - -------------------------------------------------------------------------------------
2025-11-06 22:25:52 - round.py - INFO - pick_up_card - -------------------------------------------------------------------------------------
2025-11-06 22:25:52 - round.py - INFO - pick_up_card - -----------------------------------------NUOVO TURNO---------------------------------
2025-11-06 22:25:52 - round.py - INFO - pick_up_card - MariaGrazia ----> 8_Fiori_Blu
2025-11-06 22:25:52 - round.py - INFO - pick_up_card - -------------------------------------------------------------------------------------
2025-11-06 22:25:52 - round.py - INFO - discard - -------------------------------------------------------------------------------------
2025-11-06 22:25:52 - round.py - INFO - discard - -----------------------------------------FINE---------------------------------
2025-11-06 22:25:52 - round.py - INFO - discard - MariaGrazia ----> 9_Fiori_Blu
2025-11-06 22:25:52 - round.py - INFO - discard - -------------------------------------------------------------------------------------
2025-11-06 22:25:52 - round.py - INFO - pick_up_discard - -------------------------------------------------------------------------------------
2025-11-06 22:25:52 - round.py - INFO - pick_up_discard - -----------------------------------------NUOVO TURNO---------------------------------
2025-11-06 22:25:52 - round.py - INFO - pick_up_discard - Alessio ----> ['K_Quadri_Blu', '9_Fiori_Blu']
2025-11-06 22:25:52 - round.py - INFO - pick_up_discard - -------------------------------------------------------------------------------------
2025-11-06 22:25:52 - round.py - INFO - discard - -------------------------------------------------------------------------------------
2025-11-06 22:25:52 - round.py - INFO - discard - -----------------------------------------FINE---------------------------------
2025-11-06 22:25:52 - round.py - INFO - discard - Alessio ----> 3_Quadri_Blu
2025-11-06 22:25:52 - round.py - INFO - discard - -------------------------------------------------------------------------------------
2025-11-06 22:25:52 - round.py - INFO - pick_up_card - -------------------------------------------------------------------------------------
2025-11-06 22:25:52 - round.py - INFO - pick_up_card - -----------------------------------------NUOVO TURNO---------------------------------
2025-11-06 22:25:52 - round.py - INFO - pick_up_card - MariaGrazia ----> 2_Fiori_Rosso
2025-11-06 22:25:52 - round.py - INFO - pick_up_card - -------------------------------------------------------------------------------------
2025-11-06 22:25:52 - round.py - INFO - discard - -------------------------------------------------------------------------------------
2025-11-06 22:25:52 - round.py - INFO - discard - -----------------------------------------FINE---------------------------------
2025-11-06 22:25:52 - round.py - INFO - discard - MariaGrazia ----> 6_Quadri_Blu
2025-11-06 22:25:52 - round.py - INFO - discard - -------------------------------------------------------------------------------------
2025-11-06 22:25:52 - round.py - INFO - pick_up_discard - -------------------------------------------------------------------------------------
2025-11-06 22:25:52 - round.py - INFO - pick_up_discard - -----------------------------------------NUOVO TURNO---------------------------------
2025-11-06 22:25:52 - round.py - INFO - pick_up_discard - Alessio ----> ['3_Quadri_Blu', '6_Quadri_Blu']
2025-11-06 22:25:52 - round.py - INFO - pick_up_discard - -------------------------------------------------------------------------------------
2025-11-06 22:25:52 - round.py - INFO - discard - -------------------------------------------------------------------------------------
2025-11-06 22:25:52 - round.py - INFO - discard - -----------------------------------------FINE---------------------------------
2025-11-06 22:25:52 - round.py - INFO - discard - Alessio ----> 6_Quadri_Blu
2025-11-06 22:25:52 - round.py - INFO - discard - -------------------------------------------------------------------------------------
2025-11-06 22:25:52 - round.py - INFO - pick_up_card - -------------------------------------------------------------------------------------
2025-11-06 22:25:52 - round.py - INFO - pick_up_card - -----------------------------------------NUOVO TURNO---------------------------------
2025-11-06 22:25:52 - round.py - INFO - pick_up_card - MariaGrazia ----> 2_Quadri_Blu
2025-11-06 22:25:52 - round.py - INFO - pick_up_card - -------------------------------------------------------------------------------------
2025-11-06 22:25:53 - round.py - INFO - discard - -------------------------------------------------------------------------------------
2025-11-06 22:25:53 - round.py - INFO - discard - -----------------------------------------FINE---------------------------------
2025-11-06 22:25:53 - round.py - INFO - discard - MariaGrazia ----> 3_Picche_Rosso
2025-11-06 22:25:53 - round.py - INFO - discard - -------------------------------------------------------------------------------------
2025-11-06 22:25:53 - round.py - INFO - pick_up_card - -------------------------------------------------------------------------------------
2025-11-06 22:25:53 - round.py - INFO - pick_up_card - -----------------------------------------NUOVO TURNO---------------------------------
2025-11-06 22:25:53 - round.py - INFO - pick_up_card - Alessio ----> 6_Quadri_Rosso
2025-11-06 22:25:53 - round.py - INFO - pick_up_card - -------------------------------------------------------------------------------------
2025-11-06 22:25:53 - round.py - INFO - discard - -------------------------------------------------------------------------------------
2025-11-06 22:25:53 - round.py - INFO - discard - -----------------------------------------FINE---------------------------------
2025-11-06 22:25:53 - round.py - INFO - discard - Alessio ----> 6_Quadri_Rosso
2025-11-06 22:25:53 - round.py - INFO - discard - -------------------------------------------------------------------------------------
2025-11-06 22:25:53 - round.py - INFO - pick_up_card - -------------------------------------------------------------------------------------
2025-11-06 22:25:53 - round.py - INFO - pick_up_card - -----------------------------------------NUOVO TURNO---------------------------------
2025-11-06 22:25:53 - round.py - INFO - pick_up_card - MariaGrazia ----> K_Cuori_Rosso
2025-11-06 22:25:53 - round.py - INFO - pick_up_card - -------------------------------------------------------------------------------------
2025-11-06 22:25:53 - round.py - INFO - discard - -------------------------------------------------------------------------------------
2025-11-06 22:25:53 - round.py - INFO - discard - -----------------------------------------FINE---------------------------------
2025-11-06 22:25:53 - round.py - INFO - discard - MariaGrazia ----> 2_Quadri_Blu
2025-11-06 22:25:53 - round.py - INFO - discard - -------------------------------------------------------------------------------------
2025-11-06 22:25:53 - round.py - INFO - pick_up_discard - -------------------------------------------------------------------------------------
2025-11-06 22:25:53 - round.py - INFO - pick_up_discard - -----------------------------------------NUOVO TURNO---------------------------------
2025-11-06 22:25:53 - round.py - INFO - pick_up_discard - Alessio ----> ['6_Quadri_Blu', '3_Picche_Rosso', '6_Quadri_Rosso', '2_Quadri_Blu']
2025-11-06 22:25:53 - round.py - INFO - pick_up_discard - -------------------------------------------------------------------------------------
2025-11-06 22:25:53 - player_onto_manager.py - INFO - apre_tris -  2_Quadri_Blu -20 ----> partialScore ----> 20
2025-11-06 22:25:53 - player_onto_manager.py - INFO - apre_tris -  6_Quadri_Rosso -5 ----> partialScore ----> 25
2025-11-06 22:25:53 - player_onto_manager.py - INFO - apre_tris -  6_Quadri_Blu -5 ----> partialScore ----> 30
2025-11-06 22:25:53 - player_onto_manager.py - INFO - apre_tris - FINAL partialScore ----> 30
2025-11-06 22:25:53 - round.py - INFO - open_tris - Alessio ----> [(2, 68, 'Quadri', 20), (6, 18, 'Quadri', 5), (6, 72, 'Quadri', 5)]
2025-11-06 22:25:54 - round.py - INFO - discard - -------------------------------------------------------------------------------------
2025-11-06 22:25:54 - round.py - INFO - discard - -----------------------------------------FINE---------------------------------
2025-11-06 22:25:54 - round.py - INFO - discard - Alessio ----> 3_Picche_Rosso
2025-11-06 22:25:54 - round.py - INFO - discard - -------------------------------------------------------------------------------------
2025-11-06 22:25:54 - round.py - INFO - pick_up_discard - -------------------------------------------------------------------------------------
2025-11-06 22:25:54 - round.py - INFO - pick_up_discard - -----------------------------------------NUOVO TURNO---------------------------------
2025-11-06 22:25:54 - round.py - INFO - pick_up_discard - MariaGrazia ----> ['3_Picche_Rosso']
2025-11-06 22:25:54 - round.py - INFO - pick_up_discard - -------------------------------------------------------------------------------------
2025-11-06 22:25:54 - round.py - INFO - discard - -------------------------------------------------------------------------------------
2025-11-06 22:25:54 - round.py - INFO - discard - -----------------------------------------FINE---------------------------------
2025-11-06 22:25:54 - round.py - INFO - discard - MariaGrazia ----> 3_Picche_Rosso
2025-11-06 22:25:54 - round.py - INFO - discard - -------------------------------------------------------------------------------------
2025-11-06 22:25:54 - round.py - INFO - pick_up_discard - -------------------------------------------------------------------------------------
2025-11-06 22:25:54 - round.py - INFO - pick_up_discard - -----------------------------------------NUOVO TURNO---------------------------------
2025-11-06 22:25:54 - round.py - INFO - pick_up_discard - Alessio ----> ['3_Picche_Rosso']
2025-11-06 22:25:54 - round.py - INFO - pick_up_discard - -------------------------------------------------------------------------------------
2025-11-06 22:25:54 - round.py - INFO - discard - -------------------------------------------------------------------------------------
2025-11-06 22:25:54 - round.py - INFO - discard - -----------------------------------------FINE---------------------------------
2025-11-06 22:25:54 - round.py - INFO - discard - Alessio ----> K_Quadri_Blu
2025-11-06 22:25:54 - round.py - INFO - discard - -------------------------------------------------------------------------------------
2025-11-06 22:25:54 - round.py - INFO - pick_up_card - -------------------------------------------------------------------------------------
2025-11-06 22:25:54 - round.py - INFO - pick_up_card - -----------------------------------------NUOVO TURNO---------------------------------
2025-11-06 22:25:54 - round.py - INFO - pick_up_card - MariaGrazia ----> J_Picche_Blu
2025-11-06 22:25:54 - round.py - INFO - pick_up_card - -------------------------------------------------------------------------------------
2025-11-06 22:25:54 - round.py - INFO - discard - -------------------------------------------------------------------------------------
2025-11-06 22:25:54 - round.py - INFO - discard - -----------------------------------------FINE---------------------------------
2025-11-06 22:25:54 - round.py - INFO - discard - MariaGrazia ----> 10_Cuori_Rosso
2025-11-06 22:25:54 - round.py - INFO - discard - -------------------------------------------------------------------------------------
2025-11-06 22:25:54 - round.py - INFO - pick_up_card - -------------------------------------------------------------------------------------
2025-11-06 22:25:54 - round.py - INFO - pick_up_card - -----------------------------------------NUOVO TURNO---------------------------------
2025-11-06 22:25:54 - round.py - INFO - pick_up_card - Alessio ----> Q_Quadri_Blu
2025-11-06 22:25:54 - round.py - INFO - pick_up_card - -------------------------------------------------------------------------------------
2025-11-06 22:25:54 - round.py - INFO - discard - -------------------------------------------------------------------------------------
2025-11-06 22:25:54 - round.py - INFO - discard - -----------------------------------------FINE---------------------------------
2025-11-06 22:25:54 - round.py - INFO - discard - Alessio ----> 9_Fiori_Blu
2025-11-06 22:25:54 - round.py - INFO - discard - -------------------------------------------------------------------------------------
2025-11-06 22:25:54 - round.py - INFO - pick_up_discard - -------------------------------------------------------------------------------------
2025-11-06 22:25:54 - round.py - INFO - pick_up_discard - -----------------------------------------NUOVO TURNO---------------------------------
2025-11-06 22:25:54 - round.py - INFO - pick_up_discard - MariaGrazia ----> ['K_Quadri_Blu', '10_Cuori_Rosso', '9_Fiori_Blu']
2025-11-06 22:25:54 - round.py - INFO - pick_up_discard - -------------------------------------------------------------------------------------
2025-11-06 22:25:54 - player_onto_manager.py - INFO - apre_tris -  2_Fiori_Rosso -20 ----> partialScore ----> 20
2025-11-06 22:25:54 - player_onto_manager.py - INFO - apre_tris -  K_Quadri_Blu -10 ----> partialScore ----> 30
2025-11-06 22:25:54 - player_onto_manager.py - INFO - apre_tris -  K_Cuori_Rosso -10 ----> partialScore ----> 40
2025-11-06 22:25:54 - player_onto_manager.py - INFO - apre_tris - FINAL partialScore ----> 40
2025-11-06 22:25:54 - round.py - INFO - open_tris - MariaGrazia ----> [(2, 27, 'Fiori', 20), (13, 79, 'Quadri', 10), (13, 12, 'Cuori', 10)]
2025-11-06 22:25:54 - round.py - INFO - discard - -------------------------------------------------------------------------------------
2025-11-06 22:25:54 - round.py - INFO - discard - -----------------------------------------FINE---------------------------------
2025-11-06 22:25:54 - round.py - INFO - discard - MariaGrazia ----> 9_Fiori_Blu
2025-11-06 22:25:54 - round.py - INFO - discard - -------------------------------------------------------------------------------------
2025-11-06 22:25:54 - round.py - INFO - pick_up_card - -------------------------------------------------------------------------------------
2025-11-06 22:25:54 - round.py - INFO - pick_up_card - -----------------------------------------NUOVO TURNO---------------------------------
2025-11-06 22:25:54 - round.py - INFO - pick_up_card - Alessio ----> Jolly_Jolly_R_Rosso
2025-11-06 22:25:54 - round.py - INFO - pick_up_card - -------------------------------------------------------------------------------------
2025-11-06 22:25:54 - player_onto_manager.py - INFO - apre_tris -  Jolly_Jolly_R_Rosso -30 ----> partialScore ----> 30
2025-11-06 22:25:54 - player_onto_manager.py - INFO - apre_tris -  A_Fiori_Blu -15 ----> partialScore ----> 45
2025-11-06 22:25:54 - player_onto_manager.py - INFO - apre_tris -  A_Cuori_Rosso -15 ----> partialScore ----> 60
2025-11-06 22:25:54 - player_onto_manager.py - INFO - apre_tris - FINAL partialScore ----> 60
2025-11-06 22:25:54 - round.py - INFO - open_tris - Alessio ----> [(-1, 53, 'Jolly', 30), (1, 80, 'Fiori', 15), (1, 0, 'Cuori', 15)]
2025-11-06 22:25:54 - round.py - INFO - discard - -------------------------------------------------------------------------------------
2025-11-06 22:25:54 - round.py - INFO - discard - -----------------------------------------FINE---------------------------------
2025-11-06 22:25:54 - round.py - INFO - discard - Alessio ----> 3_Quadri_Blu
2025-11-06 22:25:54 - round.py - INFO - discard - -------------------------------------------------------------------------------------
2025-11-06 22:25:54 - round.py - INFO - pick_up_card - -------------------------------------------------------------------------------------
2025-11-06 22:25:54 - round.py - INFO - pick_up_card - -----------------------------------------NUOVO TURNO---------------------------------
2025-11-06 22:25:54 - round.py - INFO - pick_up_card - MariaGrazia ----> 8_Picche_Blu
2025-11-06 22:25:54 - round.py - INFO - pick_up_card - -------------------------------------------------------------------------------------
2025-11-06 22:25:54 - round.py - INFO - discard - -------------------------------------------------------------------------------------
2025-11-06 22:25:54 - round.py - INFO - discard - -----------------------------------------FINE---------------------------------
2025-11-06 22:25:54 - round.py - INFO - discard - MariaGrazia ----> 10_Cuori_Rosso
2025-11-06 22:25:54 - round.py - INFO - discard - -------------------------------------------------------------------------------------
2025-11-06 22:25:54 - round.py - INFO - pick_up_card - -------------------------------------------------------------------------------------
2025-11-06 22:25:54 - round.py - INFO - pick_up_card - -----------------------------------------NUOVO TURNO---------------------------------
2025-11-06 22:25:54 - round.py - INFO - pick_up_card - Alessio ----> 9_Fiori_Rosso
2025-11-06 22:25:54 - round.py - INFO - pick_up_card - -------------------------------------------------------------------------------------
2025-11-06 22:25:54 - round.py - INFO - update_meld - Alessio ----> Scala_0_Giocatore0 --> Q_Quadri_Blu
2025-11-06 22:25:54 - round.py - INFO - discard - -------------------------------------------------------------------------------------
2025-11-06 22:25:54 - round.py - INFO - discard - -----------------------------------------FINE---------------------------------
2025-11-06 22:25:54 - round.py - INFO - discard - Alessio ----> 4_Cuori_Blu
2025-11-06 22:25:54 - round.py - INFO - discard - -------------------------------------------------------------------------------------
2025-11-06 22:25:54 - round.py - INFO - pick_up_discard - -------------------------------------------------------------------------------------
2025-11-06 22:25:54 - round.py - INFO - pick_up_discard - -----------------------------------------NUOVO TURNO---------------------------------
2025-11-06 22:25:54 - round.py - INFO - pick_up_discard - MariaGrazia ----> ['9_Fiori_Blu', '3_Quadri_Blu', '10_Cuori_Rosso', '4_Cuori_Blu']
2025-11-06 22:25:54 - round.py - INFO - pick_up_discard - -------------------------------------------------------------------------------------
2025-11-06 22:25:55 - round.py - INFO - discard - -------------------------------------------------------------------------------------
2025-11-06 22:25:55 - round.py - INFO - discard - -----------------------------------------FINE---------------------------------
2025-11-06 22:25:55 - round.py - INFO - discard - MariaGrazia ----> 10_Cuori_Rosso
2025-11-06 22:25:55 - round.py - INFO - discard - -------------------------------------------------------------------------------------
2025-11-06 22:25:55 - round.py - INFO - pick_up_card - -------------------------------------------------------------------------------------
2025-11-06 22:25:55 - round.py - INFO - pick_up_card - -----------------------------------------NUOVO TURNO---------------------------------
2025-11-06 22:25:55 - round.py - INFO - pick_up_card - Alessio ----> 10_Fiori_Blu
2025-11-06 22:25:55 - round.py - INFO - pick_up_card - -------------------------------------------------------------------------------------
2025-11-06 22:25:55 - round.py - INFO - discard - -------------------------------------------------------------------------------------
2025-11-06 22:25:55 - round.py - INFO - discard - -----------------------------------------FINE---------------------------------
2025-11-06 22:25:55 - round.py - INFO - discard - Alessio ----> 10_Fiori_Blu
2025-11-06 22:25:55 - round.py - INFO - discard - -------------------------------------------------------------------------------------
2025-11-06 22:25:55 - round.py - INFO - pick_up_discard - -------------------------------------------------------------------------------------
2025-11-06 22:25:55 - round.py - INFO - pick_up_discard - -----------------------------------------NUOVO TURNO---------------------------------
2025-11-06 22:25:55 - round.py - INFO - pick_up_discard - MariaGrazia ----> ['10_Cuori_Rosso', '10_Fiori_Blu']
2025-11-06 22:25:55 - round.py - INFO - pick_up_discard - -------------------------------------------------------------------------------------
2025-11-06 22:25:55 - round.py - INFO - open_meld - MariaGrazia ----> [(8, 87, 'Fiori', 10), (9, 88, 'Fiori', 10), (10, 89, 'Fiori', 10)]
2025-11-06 22:25:55 - round.py - INFO - discard - -------------------------------------------------------------------------------------
2025-11-06 22:25:55 - round.py - INFO - discard - -----------------------------------------FINE---------------------------------
2025-11-06 22:25:55 - round.py - INFO - discard - MariaGrazia ----> 3_Quadri_Blu
2025-11-06 22:25:55 - round.py - INFO - discard - -------------------------------------------------------------------------------------
2025-11-06 22:25:55 - round.py - INFO - pick_up_card - -------------------------------------------------------------------------------------
2025-11-06 22:25:55 - round.py - INFO - pick_up_card - -----------------------------------------NUOVO TURNO---------------------------------
2025-11-06 22:25:55 - round.py - INFO - pick_up_card - Alessio ----> J_Fiori_Rosso
2025-11-06 22:25:55 - round.py - INFO - pick_up_card - -------------------------------------------------------------------------------------
2025-11-06 22:25:55 - round.py - INFO - discard - -------------------------------------------------------------------------------------
2025-11-06 22:25:55 - round.py - INFO - discard - -----------------------------------------FINE---------------------------------
2025-11-06 22:25:55 - round.py - INFO - discard - Alessio ----> J_Fiori_Rosso
2025-11-06 22:25:55 - round.py - INFO - discard - -------------------------------------------------------------------------------------
2025-11-06 22:25:55 - round.py - INFO - pick_up_card - -------------------------------------------------------------------------------------
2025-11-06 22:25:55 - round.py - INFO - pick_up_card - -----------------------------------------NUOVO TURNO---------------------------------
2025-11-06 22:25:55 - round.py - INFO - pick_up_card - MariaGrazia ----> 3_Picche_Blu
2025-11-06 22:25:55 - round.py - INFO - pick_up_card - -------------------------------------------------------------------------------------
2025-11-06 22:25:55 - round.py - INFO - discard - -------------------------------------------------------------------------------------
2025-11-06 22:25:55 - round.py - INFO - discard - -----------------------------------------FINE---------------------------------
2025-11-06 22:25:55 - round.py - INFO - discard - MariaGrazia ----> 3_Picche_Blu
2025-11-06 22:25:55 - round.py - INFO - discard - -------------------------------------------------------------------------------------
2025-11-06 22:25:55 - round.py - INFO - pick_up_card - -------------------------------------------------------------------------------------
2025-11-06 22:25:55 - round.py - INFO - pick_up_card - -----------------------------------------NUOVO TURNO---------------------------------
2025-11-06 22:25:55 - round.py - INFO - pick_up_card - Alessio ----> 4_Fiori_Rosso
2025-11-06 22:25:55 - round.py - INFO - pick_up_card - -------------------------------------------------------------------------------------
2025-11-06 22:25:55 - round.py - INFO - discard - -------------------------------------------------------------------------------------
2025-11-06 22:25:55 - round.py - INFO - discard - -----------------------------------------FINE---------------------------------
2025-11-06 22:25:55 - round.py - INFO - discard - Alessio ----> 10_Cuori_Blu
2025-11-06 22:25:55 - round.py - INFO - discard - -------------------------------------------------------------------------------------
2025-11-06 22:25:55 - round.py - INFO - pick_up_card - -------------------------------------------------------------------------------------
2025-11-06 22:25:55 - round.py - INFO - pick_up_card - -----------------------------------------NUOVO TURNO---------------------------------
2025-11-06 22:25:55 - round.py - INFO - pick_up_card - MariaGrazia ----> Q_Picche_Blu
2025-11-06 22:25:55 - round.py - INFO - pick_up_card - -------------------------------------------------------------------------------------
2025-11-06 22:25:55 - round.py - INFO - discard - -------------------------------------------------------------------------------------
2025-11-06 22:25:55 - round.py - INFO - discard - -----------------------------------------FINE---------------------------------
2025-11-06 22:25:55 - round.py - INFO - discard - MariaGrazia ----> 8_Picche_Blu
2025-11-06 22:25:55 - round.py - INFO - discard - -------------------------------------------------------------------------------------
2025-11-06 22:25:55 - round.py - INFO - pick_up_discard - -------------------------------------------------------------------------------------
2025-11-06 22:25:55 - round.py - INFO - pick_up_discard - -----------------------------------------NUOVO TURNO---------------------------------
2025-11-06 22:25:55 - round.py - INFO - pick_up_discard - Alessio ----> ['3_Quadri_Blu', 'J_Fiori_Rosso', '3_Picche_Blu', '10_Cuori_Blu', '8_Picche_Blu']
2025-11-06 22:25:55 - round.py - INFO - pick_up_discard - -------------------------------------------------------------------------------------
2025-11-06 22:25:55 - player_onto_manager.py - INFO - apre_tris -  3_Quadri_Blu -5 ----> partialScore ----> 5
2025-11-06 22:25:55 - player_onto_manager.py - INFO - apre_tris -  3_Picche_Rosso -5 ----> partialScore ----> 10
2025-11-06 22:25:55 - player_onto_manager.py - INFO - apre_tris -  3_Picche_Blu -5 ----> partialScore ----> 15
2025-11-06 22:25:55 - player_onto_manager.py - INFO - apre_tris - FINAL partialScore ----> 15
2025-11-06 22:25:55 - round.py - INFO - open_tris - Alessio ----> [(3, 69, 'Quadri', 5), (3, 41, 'Picche', 5), (3, 95, 'Picche', 5)]
2025-11-06 22:25:55 - round.py - INFO - discard - -------------------------------------------------------------------------------------
2025-11-06 22:25:55 - round.py - INFO - discard - -----------------------------------------FINE---------------------------------
2025-11-06 22:25:55 - round.py - INFO - discard - Alessio ----> 8_Picche_Blu
2025-11-06 22:25:55 - round.py - INFO - discard - -------------------------------------------------------------------------------------
2025-11-06 22:25:55 - round.py - INFO - pick_up_card - -------------------------------------------------------------------------------------
2025-11-06 22:25:55 - round.py - INFO - pick_up_card - -----------------------------------------NUOVO TURNO---------------------------------
2025-11-06 22:25:55 - round.py - INFO - pick_up_card - MariaGrazia ----> 5_Picche_Rosso
2025-11-06 22:25:55 - round.py - INFO - pick_up_card - -------------------------------------------------------------------------------------
2025-11-06 22:25:55 - round.py - INFO - update_tris - MariaGrazia ----> 5 -->5_Picche_Rosso
2025-11-06 22:25:55 - round.py - INFO - discard - -------------------------------------------------------------------------------------
2025-11-06 22:25:55 - round.py - INFO - discard - -----------------------------------------FINE---------------------------------
2025-11-06 22:25:55 - round.py - INFO - discard - MariaGrazia ----> 10_Cuori_Rosso
2025-11-06 22:25:55 - round.py - INFO - discard - -------------------------------------------------------------------------------------
2025-11-06 22:25:55 - round.py - INFO - pick_up_discard - -------------------------------------------------------------------------------------
2025-11-06 22:25:55 - round.py - INFO - pick_up_discard - -----------------------------------------NUOVO TURNO---------------------------------
2025-11-06 22:25:55 - round.py - INFO - pick_up_discard - Alessio ----> ['8_Picche_Blu', '10_Cuori_Rosso']
2025-11-06 22:25:55 - round.py - INFO - pick_up_discard - -------------------------------------------------------------------------------------
2025-11-06 22:25:55 - round.py - INFO - discard - -------------------------------------------------------------------------------------
2025-11-06 22:25:55 - round.py - INFO - discard - -----------------------------------------FINE---------------------------------
2025-11-06 22:25:55 - round.py - INFO - discard - Alessio ----> 4_Fiori_Rosso
2025-11-06 22:25:55 - round.py - INFO - discard - -------------------------------------------------------------------------------------
2025-11-06 22:25:55 - round.py - INFO - pick_up_discard - -------------------------------------------------------------------------------------
2025-11-06 22:25:55 - round.py - INFO - pick_up_discard - -----------------------------------------NUOVO TURNO---------------------------------
2025-11-06 22:25:55 - round.py - INFO - pick_up_discard - MariaGrazia ----> ['4_Fiori_Rosso']
2025-11-06 22:25:55 - round.py - INFO - pick_up_discard - -------------------------------------------------------------------------------------
2025-11-06 22:25:55 - round.py - INFO - discard - -------------------------------------------------------------------------------------
2025-11-06 22:25:55 - round.py - INFO - discard - -----------------------------------------FINE---------------------------------
2025-11-06 22:25:55 - round.py - INFO - discard - MariaGrazia ----> 4_Cuori_Blu
2025-11-06 22:25:55 - round.py - INFO - discard - -------------------------------------------------------------------------------------
2025-11-06 22:25:55 - round.py - INFO - pick_up_card - -------------------------------------------------------------------------------------
2025-11-06 22:25:55 - round.py - INFO - pick_up_card - -----------------------------------------NUOVO TURNO---------------------------------
2025-11-06 22:25:55 - round.py - INFO - pick_up_card - Alessio ----> K_Quadri_Rosso
2025-11-06 22:25:55 - round.py - INFO - pick_up_card - -------------------------------------------------------------------------------------
2025-11-06 22:25:55 - round.py - INFO - update_meld - Alessio ----> Scala_0_Giocatore0 --> K_Quadri_Rosso
2025-11-06 22:25:55 - round.py - INFO - discard - -------------------------------------------------------------------------------------
2025-11-06 22:25:55 - round.py - INFO - discard - -----------------------------------------FINE---------------------------------
2025-11-06 22:25:55 - round.py - INFO - discard - Alessio ----> 9_Fiori_Rosso
2025-11-06 22:25:55 - round.py - INFO - discard - -------------------------------------------------------------------------------------
2025-11-06 22:25:55 - round.py - INFO - pick_up_discard - -------------------------------------------------------------------------------------
2025-11-06 22:25:55 - round.py - INFO - pick_up_discard - -----------------------------------------NUOVO TURNO---------------------------------
2025-11-06 22:25:55 - round.py - INFO - pick_up_discard - MariaGrazia ----> ['4_Cuori_Blu', '9_Fiori_Rosso']
2025-11-06 22:25:55 - round.py - INFO - pick_up_discard - -------------------------------------------------------------------------------------
2025-11-06 22:25:56 - round.py - INFO - discard - -------------------------------------------------------------------------------------
2025-11-06 22:25:56 - round.py - INFO - discard - -----------------------------------------FINE---------------------------------
2025-11-06 22:25:56 - round.py - INFO - discard - MariaGrazia ----> Q_Picche_Blu
2025-11-06 22:25:56 - round.py - INFO - discard - -------------------------------------------------------------------------------------
2025-11-06 22:25:56 - round.py - INFO - pick_up_discard - -------------------------------------------------------------------------------------
2025-11-06 22:25:56 - round.py - INFO - pick_up_discard - -----------------------------------------NUOVO TURNO---------------------------------
2025-11-06 22:25:56 - round.py - INFO - pick_up_discard - Alessio ----> ['Q_Picche_Blu']
2025-11-06 22:25:56 - round.py - INFO - pick_up_discard - -------------------------------------------------------------------------------------
2025-11-06 22:25:56 - round.py - INFO - discard - -------------------------------------------------------------------------------------
2025-11-06 22:25:56 - round.py - INFO - discard - -----------------------------------------FINE---------------------------------
2025-11-06 22:25:56 - round.py - INFO - discard - Alessio ----> J_Fiori_Rosso
2025-11-06 22:25:56 - round.py - INFO - discard - -------------------------------------------------------------------------------------
2025-11-06 22:25:56 - round.py - INFO - pick_up_card - -------------------------------------------------------------------------------------
2025-11-06 22:25:56 - round.py - INFO - pick_up_card - -----------------------------------------NUOVO TURNO---------------------------------
2025-11-06 22:25:56 - round.py - INFO - pick_up_card - MariaGrazia ----> 5_Cuori_Blu
2025-11-06 22:25:56 - round.py - INFO - pick_up_card - -------------------------------------------------------------------------------------
2025-11-06 22:25:56 - round.py - INFO - update_tris - MariaGrazia ----> 5 -->5_Cuori_Blu
2025-11-06 22:25:56 - round.py - INFO - discard - -------------------------------------------------------------------------------------
2025-11-06 22:25:56 - round.py - INFO - discard - -----------------------------------------FINE---------------------------------
2025-11-06 22:25:56 - round.py - INFO - discard - MariaGrazia ----> 9_Fiori_Rosso
2025-11-06 22:25:56 - round.py - INFO - discard - -------------------------------------------------------------------------------------
2025-11-06 22:25:56 - round.py - INFO - pick_up_discard - -------------------------------------------------------------------------------------
2025-11-06 22:25:56 - round.py - INFO - pick_up_discard - -----------------------------------------NUOVO TURNO---------------------------------
2025-11-06 22:25:56 - round.py - INFO - pick_up_discard - Alessio ----> ['J_Fiori_Rosso', '9_Fiori_Rosso']
2025-11-06 22:25:56 - round.py - INFO - pick_up_discard - -------------------------------------------------------------------------------------
2025-11-06 22:25:56 - round.py - INFO - discard - -------------------------------------------------------------------------------------
2025-11-06 22:25:56 - round.py - INFO - discard - -----------------------------------------FINE---------------------------------
2025-11-06 22:25:56 - round.py - INFO - discard - Alessio ----> 9_Fiori_Rosso
2025-11-06 22:25:56 - round.py - INFO - discard - -------------------------------------------------------------------------------------
2025-11-06 22:25:56 - round.py - INFO - pick_up_card - -------------------------------------------------------------------------------------
2025-11-06 22:25:56 - round.py - INFO - pick_up_card - -----------------------------------------NUOVO TURNO---------------------------------
2025-11-06 22:25:56 - round.py - INFO - pick_up_card - MariaGrazia ----> K_Fiori_Blu
2025-11-06 22:25:56 - round.py - INFO - pick_up_card - -------------------------------------------------------------------------------------
2025-11-06 22:25:56 - round.py - INFO - discard - -------------------------------------------------------------------------------------
2025-11-06 22:25:56 - round.py - INFO - discard - -----------------------------------------FINE---------------------------------
2025-11-06 22:25:56 - round.py - INFO - discard - MariaGrazia ----> J_Picche_Blu
2025-11-06 22:25:56 - round.py - INFO - discard - -------------------------------------------------------------------------------------
2025-11-06 22:25:56 - round.py - INFO - pick_up_card - -------------------------------------------------------------------------------------
2025-11-06 22:25:56 - round.py - INFO - pick_up_card - -----------------------------------------NUOVO TURNO---------------------------------
2025-11-06 22:25:56 - round.py - INFO - pick_up_card - Alessio ----> 6_Cuori_Rosso
2025-11-06 22:25:56 - round.py - INFO - pick_up_card - -------------------------------------------------------------------------------------
2025-11-06 22:25:56 - round.py - INFO - discard - -------------------------------------------------------------------------------------
2025-11-06 22:25:56 - round.py - INFO - discard - -----------------------------------------FINE---------------------------------
2025-11-06 22:25:56 - round.py - INFO - discard - Alessio ----> 10_Cuori_Blu
2025-11-06 22:25:56 - round.py - INFO - discard - -------------------------------------------------------------------------------------
2025-11-06 22:25:56 - round.py - INFO - pick_up_card - -------------------------------------------------------------------------------------
2025-11-06 22:25:56 - round.py - INFO - pick_up_card - -----------------------------------------NUOVO TURNO---------------------------------
2025-11-06 22:25:56 - round.py - INFO - pick_up_card - MariaGrazia ----> J_Quadri_Rosso
2025-11-06 22:25:56 - round.py - INFO - pick_up_card - -------------------------------------------------------------------------------------
2025-11-06 22:25:56 - round.py - INFO - discard - -------------------------------------------------------------------------------------
2025-11-06 22:25:56 - round.py - INFO - discard - -----------------------------------------FINE---------------------------------
2025-11-06 22:25:56 - round.py - INFO - discard - MariaGrazia ----> J_Quadri_Rosso
2025-11-06 22:25:56 - round.py - INFO - discard - -------------------------------------------------------------------------------------
2025-11-06 22:25:56 - round.py - INFO - pick_up_discard - -------------------------------------------------------------------------------------
2025-11-06 22:25:56 - round.py - INFO - pick_up_discard - -----------------------------------------NUOVO TURNO---------------------------------
2025-11-06 22:25:56 - round.py - INFO - pick_up_discard - Alessio ----> ['9_Fiori_Rosso', 'J_Picche_Blu', '10_Cuori_Blu', 'J_Quadri_Rosso']
2025-11-06 22:25:56 - round.py - INFO - pick_up_discard - -------------------------------------------------------------------------------------
2025-11-06 22:25:56 - player_onto_manager.py - INFO - apre_tris -  J_Fiori_Rosso -10 ----> partialScore ----> 10
2025-11-06 22:25:56 - player_onto_manager.py - INFO - apre_tris -  J_Picche_Blu -10 ----> partialScore ----> 20
2025-11-06 22:25:56 - player_onto_manager.py - INFO - apre_tris -  J_Quadri_Rosso -10 ----> partialScore ----> 30
2025-11-06 22:25:56 - player_onto_manager.py - INFO - apre_tris - FINAL partialScore ----> 30
2025-11-06 22:25:56 - round.py - INFO - open_tris - Alessio ----> [(11, 36, 'Fiori', 10), (11, 103, 'Picche', 10), (11, 23, 'Quadri', 10)]
2025-11-06 22:25:56 - round.py - INFO - discard - -------------------------------------------------------------------------------------
2025-11-06 22:25:56 - round.py - INFO - discard - -----------------------------------------FINE---------------------------------
2025-11-06 22:25:56 - round.py - INFO - discard - Alessio ----> 6_Cuori_Rosso
2025-11-06 22:25:56 - round.py - INFO - discard - -------------------------------------------------------------------------------------
2025-11-06 22:25:56 - round.py - INFO - pick_up_discard - -------------------------------------------------------------------------------------
2025-11-06 22:25:56 - round.py - INFO - pick_up_discard - -----------------------------------------NUOVO TURNO---------------------------------
2025-11-06 22:25:56 - round.py - INFO - pick_up_discard - MariaGrazia ----> ['6_Cuori_Rosso']
2025-11-06 22:25:56 - round.py - INFO - pick_up_discard - -------------------------------------------------------------------------------------
2025-11-06 22:25:56 - round.py - INFO - discard - -------------------------------------------------------------------------------------
2025-11-06 22:25:56 - round.py - INFO - discard - -----------------------------------------FINE---------------------------------
2025-11-06 22:25:56 - round.py - INFO - discard - MariaGrazia ----> K_Fiori_Blu
2025-11-06 22:25:56 - round.py - INFO - discard - -------------------------------------------------------------------------------------
2025-11-06 22:25:56 - round.py - INFO - pick_up_discard - -------------------------------------------------------------------------------------
2025-11-06 22:25:56 - round.py - INFO - pick_up_discard - -----------------------------------------NUOVO TURNO---------------------------------
2025-11-06 22:25:56 - round.py - INFO - pick_up_discard - Alessio ----> ['K_Fiori_Blu']
2025-11-06 22:25:56 - round.py - INFO - pick_up_discard - -------------------------------------------------------------------------------------
2025-11-06 22:25:56 - round.py - INFO - discard - -------------------------------------------------------------------------------------
2025-11-06 22:25:56 - round.py - INFO - discard - -----------------------------------------FINE---------------------------------
2025-11-06 22:25:56 - round.py - INFO - discard - Alessio ----> 10_Cuori_Rosso
2025-11-06 22:25:56 - round.py - INFO - discard - -------------------------------------------------------------------------------------
2025-11-06 22:25:56 - round.py - INFO - pick_up_card - -------------------------------------------------------------------------------------
2025-11-06 22:25:56 - round.py - INFO - pick_up_card - -----------------------------------------NUOVO TURNO---------------------------------
2025-11-06 22:25:56 - round.py - INFO - pick_up_card - MariaGrazia ----> 4_Fiori_Blu
2025-11-06 22:25:56 - round.py - INFO - pick_up_card - -------------------------------------------------------------------------------------
2025-11-06 22:25:56 - player_onto_manager.py - INFO - apre_tris -  4_Fiori_Rosso -5 ----> partialScore ----> 5
2025-11-06 22:25:56 - player_onto_manager.py - INFO - apre_tris -  4_Fiori_Blu -5 ----> partialScore ----> 10
2025-11-06 22:25:56 - player_onto_manager.py - INFO - apre_tris -  4_Cuori_Blu -5 ----> partialScore ----> 15
2025-11-06 22:25:56 - player_onto_manager.py - INFO - apre_tris - FINAL partialScore ----> 15
2025-11-06 22:25:56 - round.py - INFO - open_tris - MariaGrazia ----> [(4, 29, 'Fiori', 5), (4, 83, 'Fiori', 5), (4, 57, 'Cuori', 5)]
2025-11-06 22:25:56 - round.py - INFO - close_game - MariaGrazia ----> 6_Cuori_Rosso
