2025-10-30 21:35:14 - logger.py - INFO - _initialize - Logger inizializzato. File di log: logs\partita_20251030_213514055672.log
2025-10-30 21:35:14 - round.py - INFO - pick_up_discard - Alessio ----> 4_Quadri_Blu
2025-10-30 21:35:15 - round.py - INFO - open_meld - Alessio ----> [(-1, 1, 'Jolly', 20), (3, 95, 'Picche', 5), (5, 97, 'Picche', 5)]
2025-10-30 21:35:15 - round.py - INFO - discard - Alessio ----> A_Picche_Blu
2025-10-30 21:35:15 - round.py - INFO - pick_up_discard - MariaGrazia ----> A_Picche_Blu
2025-10-30 21:35:17 - round.py - INFO - open_tris - MariaGrazia ----> [(-1, 68, 'Jolly', 20), (13, 38, 'Fiori', 10), (13, 25, 'Quadri', 10)]
2025-10-30 21:35:17 - round.py - INFO - open_meld - MariaGrazia ----> [(7, 32, 'Fiori', 5), (8, 87, 'Fiori', 10), (9, 34, 'Fiori', 10)]
2025-10-30 21:35:18 - round.py - INFO - discard - MariaGrazia ----> Q_Quadri_Blu
2025-10-30 21:35:18 - round.py - INFO - pick_up_discard - Alessio ----> Q_Quadri_Blu
2025-10-30 21:35:18 - round.py - INFO - discard - Alessio ----> 3_Fiori_Blu
2025-10-30 21:35:18 - round.py - INFO - pick_up_discard - MariaGrazia ----> 3_Fiori_Blu
2025-10-30 21:35:18 - round.py - INFO - discard - MariaGrazia ----> 3_Cuori_Blu
2025-10-30 21:35:18 - round.py - INFO - pick_up_card - Alessio ----> 2_Cuori_Rosso
2025-10-30 21:35:19 - round.py - INFO - open_tris - Alessio ----> [(-1, 1, 'Jolly', 20), (10, 76, 'Quadri', 10), (10, 35, 'Fiori', 10)]
2025-10-30 21:35:19 - round.py - INFO - discard - Alessio ----> Q_Fiori_Rosso
2025-10-30 21:35:19 - round.py - INFO - pick_up_card - MariaGrazia ----> 3_Fiori_Blu
2025-10-30 21:35:19 - round.py - INFO - discard - MariaGrazia ----> 6_Quadri_Rosso
2025-10-30 21:35:19 - round.py - INFO - pick_up_card - Alessio ----> 5_Picche_Blu
2025-10-30 21:35:19 - round.py - INFO - discard - Alessio ----> Q_Quadri_Blu
2025-10-30 21:35:19 - round.py - INFO - pick_up_discard - MariaGrazia ----> 3_Cuori_Blu
2025-10-30 21:35:19 - round.py - INFO - discard - MariaGrazia ----> 6_Quadri_Blu
2025-10-30 21:35:19 - round.py - INFO - pick_up_card - Alessio ----> 3_Picche_Blu
2025-10-30 21:35:19 - round.py - INFO - discard - Alessio ----> 4_Quadri_Blu
2025-10-30 21:35:19 - round.py - INFO - pick_up_card - MariaGrazia ----> J_Cuori_Rosso
2025-10-30 21:35:20 - round.py - INFO - discard - MariaGrazia ----> J_Cuori_Rosso
2025-10-30 21:35:20 - round.py - INFO - pick_up_discard - Alessio ----> 6_Quadri_Blu
2025-10-30 21:35:20 - round.py - INFO - discard - Alessio ----> J_Cuori_Blu
2025-10-30 21:35:20 - round.py - INFO - pick_up_card - MariaGrazia ----> Q_Fiori_Rosso
2025-10-30 21:35:20 - round.py - INFO - discard - MariaGrazia ----> A_Picche_Blu
2025-10-30 21:35:20 - round.py - INFO - pick_up_card - Alessio ----> 10_Quadri_Blu
2025-10-30 21:35:21 - round.py - INFO - discard - Alessio ----> 6_Quadri_Blu
2025-10-30 21:35:21 - round.py - INFO - pick_up_card - MariaGrazia ----> A_Picche_Blu
2025-10-30 21:35:21 - round.py - INFO - discard - MariaGrazia ----> 3_Fiori_Blu
2025-10-30 21:35:21 - round.py - INFO - pick_up_discard - Alessio ----> J_Cuori_Blu
2025-10-30 21:35:22 - round.py - INFO - discard - Alessio ----> 10_Quadri_Blu
2025-10-30 21:35:22 - round.py - INFO - pick_up_discard - MariaGrazia ----> 10_Quadri_Blu
2025-10-30 21:35:22 - round.py - INFO - open_meld - MariaGrazia ----> [(10, 76, 'Quadri', 10), (11, 23, 'Quadri', 10), (12, 78, 'Quadri', 10)]
2025-10-30 21:35:22 - round.py - INFO - discard - MariaGrazia ----> A_Picche_Blu
2025-10-30 21:35:22 - round.py - INFO - pick_up_discard - Alessio ----> A_Picche_Blu
2025-10-30 21:35:23 - round.py - INFO - discard - Alessio ----> 3_Picche_Blu
2025-10-30 21:35:23 - round.py - INFO - pick_up_discard - MariaGrazia ----> 3_Picche_Blu
2025-10-30 21:35:23 - round.py - INFO - open_tris - MariaGrazia ----> [(3, 95, 'Picche', 5), (3, 82, 'Fiori', 5), (3, 56, 'Cuori', 5)]
2025-10-30 21:35:23 - round.py - INFO - discard - MariaGrazia ----> Q_Fiori_Rosso
2025-10-30 21:35:23 - round.py - INFO - pick_up_discard - Alessio ----> Q_Fiori_Rosso
2025-10-30 21:35:24 - round.py - INFO - discard - Alessio ----> A_Picche_Blu
2025-10-30 21:35:24 - round.py - INFO - pick_up_card - MariaGrazia ----> K_Picche_Blu
2025-10-30 21:35:24 - round.py - INFO - discard - MariaGrazia ----> K_Picche_Blu
2025-10-30 21:35:24 - round.py - INFO - pick_up_discard - Alessio ----> A_Picche_Blu
2025-10-30 21:35:25 - round.py - INFO - discard - Alessio ----> K_Picche_Blu
2025-10-30 21:35:25 - round.py - INFO - pick_up_discard - MariaGrazia ----> K_Picche_Blu
2025-10-30 21:35:26 - round.py - INFO - discard - MariaGrazia ----> Q_Fiori_Rosso
2025-10-30 21:35:26 - round.py - INFO - pick_up_card - Alessio ----> J_Cuori_Blu
2025-10-30 21:35:27 - round.py - INFO - discard - Alessio ----> J_Cuori_Blu
2025-10-30 21:35:27 - round.py - INFO - pick_up_card - MariaGrazia ----> 10_Fiori_Rosso
2025-10-30 21:35:27 - round.py - INFO - update_meld - MariaGrazia ----> Updated_Game_Ontology20251030_213510574250.Fiori --> 10_Fiori_Rosso
2025-10-30 21:35:27 - round.py - INFO - discard - MariaGrazia ----> K_Picche_Blu
2025-10-30 21:35:27 - round.py - INFO - pick_up_discard - Alessio ----> Q_Fiori_Rosso
2025-10-30 21:35:29 - round.py - INFO - discard - Alessio ----> A_Picche_Blu
2025-10-30 21:35:29 - round.py - INFO - pick_up_discard - MariaGrazia ----> A_Picche_Blu
2025-10-30 21:35:29 - round.py - INFO - discard - MariaGrazia ----> 6_Quadri_Rosso
2025-10-30 21:35:29 - round.py - INFO - pick_up_card - Alessio ----> 6_Quadri_Blu
2025-10-30 21:35:31 - round.py - INFO - discard - Alessio ----> J_Cuori_Blu
2025-10-30 21:35:31 - round.py - INFO - pick_up_card - MariaGrazia ----> K_Quadri_Rosso
2025-10-30 21:35:31 - round.py - INFO - discard - MariaGrazia ----> A_Picche_Blu
2025-10-30 21:35:31 - round.py - INFO - pick_up_card - Alessio ----> 7_Fiori_Rosso
2025-10-30 21:35:34 - round.py - INFO - discard - Alessio ----> Q_Fiori_Rosso
2025-10-30 21:35:34 - round.py - INFO - pick_up_discard - MariaGrazia ----> 6_Quadri_Rosso
2025-10-30 21:35:34 - round.py - INFO - update_meld - MariaGrazia ----> Updated_Game_Ontology20251030_213510574250.Quadri --> K_Quadri_Rosso
2025-10-30 21:35:34 - round.py - INFO - discard - MariaGrazia ----> A_Picche_Blu
2025-10-30 21:35:34 - round.py - INFO - pick_up_card - Alessio ----> 2_Quadri_Blu
2025-10-30 21:35:37 - round.py - INFO - update_meld - Alessio ----> Updated_Game_Ontology20251030_213510574250.Picche --> 2_Quadri_Blu
2025-10-30 21:35:38 - round.py - INFO - update_meld - Alessio ----> Updated_Game_Ontology20251030_213510574250.Picche --> A_Picche_Blu
2025-10-30 21:35:39 - round.py - INFO - discard - Alessio ----> Q_Fiori_Rosso
2025-10-30 21:35:39 - round.py - INFO - pick_up_card - MariaGrazia ----> K_Fiori_Rosso
2025-10-30 21:35:40 - round.py - INFO - discard - MariaGrazia ----> K_Fiori_Rosso
2025-10-30 21:35:40 - round.py - INFO - pick_up_discard - Alessio ----> A_Picche_Blu
2025-10-30 21:35:42 - round.py - INFO - discard - Alessio ----> J_Cuori_Blu
2025-10-30 21:35:42 - round.py - INFO - pick_up_discard - MariaGrazia ----> J_Cuori_Blu
2025-10-30 21:35:42 - round.py - INFO - discard - MariaGrazia ----> 6_Quadri_Rosso
2025-10-30 21:35:42 - round.py - INFO - pick_up_discard - Alessio ----> 6_Quadri_Rosso
2025-10-30 21:35:44 - round.py - INFO - discard - Alessio ----> 6_Quadri_Blu
2025-10-30 21:35:44 - round.py - INFO - pick_up_card - MariaGrazia ----> 9_Fiori_Rosso
2025-10-30 21:35:44 - round.py - INFO - discard - MariaGrazia ----> J_Cuori_Blu
2025-10-30 21:35:44 - round.py - INFO - pick_up_card - Alessio ----> Q_Quadri_Blu
2025-10-30 21:35:47 - round.py - INFO - discard - Alessio ----> 6_Quadri_Rosso
2025-10-30 21:35:47 - round.py - INFO - pick_up_discard - MariaGrazia ----> 6_Quadri_Blu
2025-10-30 21:35:47 - round.py - INFO - discard - MariaGrazia ----> J_Cuori_Blu
2025-10-30 21:35:47 - round.py - INFO - pick_up_discard - Alessio ----> J_Cuori_Blu
2025-10-30 21:35:49 - round.py - INFO - discard - Alessio ----> 7_Fiori_Rosso
2025-10-30 21:35:49 - round.py - INFO - pick_up_card - MariaGrazia ----> 3_Cuori_Blu
2025-10-30 21:35:49 - round.py - INFO - update_tris - MariaGrazia ----> 3 -->3_Cuori_Blu
2025-10-30 21:35:49 - round.py - INFO - discard - MariaGrazia ----> 6_Quadri_Blu
2025-10-30 21:35:49 - round.py - INFO - pick_up_card - Alessio ----> 8_Fiori_Blu
2025-10-30 21:35:52 - round.py - INFO - discard - Alessio ----> K_Picche_Blu
2025-10-30 21:35:52 - round.py - INFO - pick_up_card - MariaGrazia ----> J_Quadri_Rosso
2025-10-30 21:35:52 - round.py - INFO - discard - MariaGrazia ----> Q_Fiori_Rosso
2025-10-30 21:35:52 - round.py - INFO - pick_up_discard - Alessio ----> 7_Fiori_Rosso
2025-10-30 21:35:57 - round.py - INFO - discard - Alessio ----> 7_Fiori_Rosso
2025-10-30 21:35:57 - round.py - INFO - pick_up_card - MariaGrazia ----> 6_Quadri_Rosso
2025-10-30 21:35:57 - round.py - INFO - discard - MariaGrazia ----> 6_Quadri_Rosso
2025-10-30 21:35:57 - round.py - INFO - pick_up_card - Alessio ----> Jolly_Jolly_R_Blu
2025-10-30 21:36:02 - round.py - INFO - open_meld - Alessio ----> [(-1, 107, 'Jolly', 30), (12, 37, 'Fiori', 10), (13, 38, 'Fiori', 10)]
2025-10-30 21:36:04 - round.py - INFO - discard - Alessio ----> J_Cuori_Rosso
2025-10-30 21:36:04 - round.py - INFO - pick_up_card - MariaGrazia ----> 3_Fiori_Rosso
2025-10-30 21:36:04 - round.py - INFO - update_tris - MariaGrazia ----> 3 -->3_Fiori_Rosso
2025-10-30 21:36:04 - round.py - INFO - discard - MariaGrazia ----> 9_Fiori_Rosso
2025-10-30 21:36:04 - round.py - INFO - pick_up_card - Alessio ----> 4_Cuori_Blu
2025-10-30 21:36:06 - round.py - INFO - discard - Alessio ----> A_Picche_Blu
2025-10-30 21:36:06 - round.py - INFO - pick_up_discard - MariaGrazia ----> 7_Fiori_Rosso
2025-10-30 21:36:06 - round.py - INFO - open_tris - MariaGrazia ----> [(11, 10, 'Cuori', 10), (11, 64, 'Cuori', 10), (11, 23, 'Quadri', 10)]
2025-10-30 21:36:06 - round.py - INFO - discard - MariaGrazia ----> 7_Fiori_Rosso
2025-10-30 21:36:06 - round.py - INFO - pick_up_discard - Alessio ----> 7_Fiori_Rosso
2025-10-30 21:36:09 - round.py - INFO - discard - Alessio ----> 4_Cuori_Blu
2025-10-30 21:36:09 - round.py - INFO - pick_up_card - MariaGrazia ----> 5_Cuori_Blu
2025-10-30 21:36:09 - round.py - INFO - discard - MariaGrazia ----> 9_Fiori_Rosso
2025-10-30 21:36:09 - round.py - INFO - pick_up_discard - Alessio ----> 4_Cuori_Blu
2025-10-30 21:36:12 - round.py - INFO - open_meld - Alessio ----> [(7, 32, 'Fiori', 5), (8, 87, 'Fiori', 10), (9, 34, 'Fiori', 10)]
2025-10-30 21:36:14 - round.py - INFO - discard - Alessio ----> K_Picche_Blu
2025-10-30 21:36:14 - round.py - INFO - pick_up_discard - MariaGrazia ----> K_Picche_Blu
2025-10-30 21:36:14 - round.py - INFO - discard - MariaGrazia ----> 6_Quadri_Rosso
2025-10-30 21:36:14 - round.py - INFO - pick_up_card - Alessio ----> 7_Picche_Rosso
2025-10-30 21:36:15 - round.py - INFO - discard - Alessio ----> K_Picche_Blu
2025-10-30 21:36:15 - round.py - INFO - pick_up_discard - MariaGrazia ----> 6_Quadri_Rosso
2025-10-30 21:36:15 - round.py - INFO - discard - MariaGrazia ----> A_Picche_Blu
2025-10-30 21:36:15 - round.py - INFO - pick_up_discard - Alessio ----> A_Picche_Blu
2025-10-30 21:36:16 - round.py - INFO - discard - Alessio ----> 5_Picche_Blu
2025-10-30 21:36:16 - round.py - INFO - pick_up_card - MariaGrazia ----> 7_Fiori_Blu
2025-10-30 21:36:16 - round.py - INFO - discard - MariaGrazia ----> 6_Quadri_Rosso
2025-10-30 21:36:16 - round.py - INFO - pick_up_discard - Alessio ----> 5_Picche_Blu
2025-10-30 21:36:18 - round.py - INFO - discard - Alessio ----> 4_Quadri_Blu
2025-10-30 21:36:18 - round.py - INFO - pick_up_card - MariaGrazia ----> 6_Picche_Blu
2025-10-30 21:36:18 - round.py - INFO - discard - MariaGrazia ----> 6_Quadri_Rosso
2025-10-30 21:36:18 - round.py - INFO - pick_up_card - Alessio ----> 8_Picche_Rosso
2025-10-30 21:36:20 - round.py - INFO - discard - Alessio ----> Q_Quadri_Blu
2025-10-30 21:36:20 - round.py - INFO - pick_up_discard - MariaGrazia ----> 4_Quadri_Blu
2025-10-30 21:36:20 - round.py - INFO - discard - MariaGrazia ----> 7_Fiori_Blu
2025-10-30 21:36:20 - round.py - INFO - pick_up_discard - Alessio ----> 7_Fiori_Blu
2025-10-30 21:36:22 - round.py - INFO - discard - Alessio ----> 6_Quadri_Blu
2025-10-30 21:36:22 - round.py - INFO - pick_up_discard - MariaGrazia ----> 6_Quadri_Blu
2025-10-30 21:36:22 - round.py - INFO - open_tris - MariaGrazia ----> [(6, 18, 'Quadri', 5), (6, 98, 'Picche', 5), (6, 72, 'Quadri', 5)]
2025-10-30 21:36:22 - round.py - INFO - discard - MariaGrazia ----> K_Picche_Blu
2025-10-30 21:36:22 - round.py - INFO - pick_up_card - Alessio ----> 2_Picche_Blu
2025-10-30 21:36:24 - round.py - INFO - open_tris - Alessio ----> [(-1, 94, 'Jolly', 20), (11, 10, 'Cuori', 10), (11, 64, 'Cuori', 10)]
2025-10-30 21:36:25 - round.py - INFO - discard - Alessio ----> 6_Quadri_Blu
2025-10-30 21:36:25 - round.py - INFO - pick_up_card - MariaGrazia ----> 3_Quadri_Blu
2025-10-30 21:36:25 - round.py - INFO - update_tris - MariaGrazia ----> 3 -->3_Quadri_Blu
2025-10-30 21:36:25 - round.py - INFO - discard - MariaGrazia ----> K_Picche_Blu
2025-10-30 21:36:25 - round.py - INFO - pick_up_discard - Alessio ----> K_Picche_Blu
2025-10-30 21:36:26 - round.py - INFO - discard - Alessio ----> 3_Fiori_Blu
2025-10-30 21:36:26 - round.py - INFO - pick_up_discard - MariaGrazia ----> 3_Fiori_Blu
2025-10-30 21:36:26 - round.py - INFO - update_tris - MariaGrazia ----> 3 -->3_Fiori_Blu
2025-10-30 21:36:26 - round.py - INFO - discard - MariaGrazia ----> Q_Quadri_Blu
2025-10-30 21:36:26 - round.py - INFO - pick_up_card - Alessio ----> K_Cuori_Blu
2025-10-30 21:36:28 - round.py - INFO - discard - Alessio ----> 7_Picche_Rosso
2025-10-30 21:36:28 - round.py - INFO - pick_up_card - MariaGrazia ----> Jolly_Jolly_N_Blu
2025-10-30 21:36:28 - round.py - INFO - update_tris - MariaGrazia ----> 11 -->Jolly_Jolly_N_Blu
2025-10-30 21:36:28 - round.py - INFO - discard - MariaGrazia ----> 4_Quadri_Blu
2025-10-30 21:36:28 - round.py - INFO - pick_up_card - Alessio ----> Q_Picche_Rosso
2025-10-30 21:36:29 - round.py - INFO - discard - Alessio ----> Q_Fiori_Rosso
2025-10-30 21:36:29 - round.py - INFO - pick_up_card - MariaGrazia ----> 4_Picche_Blu
2025-10-30 21:36:29 - round.py - INFO - discard - MariaGrazia ----> 4_Picche_Blu
2025-10-30 21:36:29 - round.py - INFO - pick_up_discard - Alessio ----> Q_Quadri_Blu
2025-10-30 21:36:33 - round.py - INFO - open_tris - Alessio ----> [(4, 70, 'Quadri', 5), (4, 96, 'Picche', 5), (4, 57, 'Cuori', 5)]
2025-10-30 21:36:34 - round.py - INFO - open_tris - Alessio ----> [(12, 50, 'Picche', 10), (12, 78, 'Quadri', 10), (12, 37, 'Fiori', 10)]
2025-10-30 21:36:35 - round.py - INFO - discard - Alessio ----> A_Picche_Blu
2025-10-30 21:36:35 - round.py - INFO - pick_up_card - MariaGrazia ----> 9_Quadri_Rosso
2025-10-30 21:36:35 - round.py - INFO - update_meld - MariaGrazia ----> Updated_Game_Ontology20251030_213510574250.Quadri --> 9_Quadri_Rosso
2025-10-30 21:36:35 - round.py - INFO - discard - MariaGrazia ----> 5_Cuori_Blu
2025-10-30 21:36:35 - round.py - INFO - pick_up_card - Alessio ----> 3_Picche_Rosso
2025-10-30 21:36:35 - round.py - INFO - discard - Alessio ----> K_Picche_Blu
2025-10-30 21:36:35 - round.py - INFO - pick_up_card - MariaGrazia ----> K_Picche_Rosso
2025-10-30 21:36:35 - round.py - INFO - discard - MariaGrazia ----> K_Picche_Rosso
2025-10-30 21:36:35 - round.py - INFO - pick_up_discard - Alessio ----> A_Picche_Blu
2025-10-30 21:36:37 - round.py - INFO - open_tris - Alessio ----> [(13, 66, 'Cuori', 10), (13, 105, 'Picche', 10), (13, 51, 'Picche', 10)]
2025-10-30 21:36:38 - round.py - INFO - update_tris - Alessio ----> 13 -->K_Picche_Blu
2025-10-30 21:36:38 - round.py - INFO - discard - Alessio ----> 7_Fiori_Blu
2025-10-30 21:36:38 - round.py - INFO - pick_up_discard - MariaGrazia ----> 7_Fiori_Blu
2025-10-30 21:36:38 - round.py - INFO - discard - MariaGrazia ----> 7_Fiori_Blu
2025-10-30 21:36:38 - round.py - INFO - pick_up_card - Alessio ----> 9_Picche_Rosso
2025-10-30 21:36:38 - round.py - INFO - open_meld - Alessio ----> [(7, 45, 'Picche', 5), (8, 46, 'Picche', 10), (9, 47, 'Picche', 10)]
2025-10-30 21:36:38 - round.py - INFO - discard - Alessio ----> 5_Cuori_Blu
2025-10-30 21:36:38 - round.py - INFO - pick_up_card - MariaGrazia ----> 9_Picche_Blu
2025-10-30 21:36:38 - round.py - INFO - close_game - MariaGrazia ----> 9_Picche_Blu
