2025-10-30 21:35:18 - logger.py - INFO - _initialize - Logger inizializzato. File di log: logs\partita_20251030_213518823383.log
2025-10-30 21:35:18 - round.py - INFO - pick_up_discard - Alessio ----> 4_Cuori_Blu
2025-10-30 21:35:20 - round.py - INFO - open_meld - Alessio ----> [(-1, 81, 'Jolly', 20), (6, 44, 'Picche', 5), (7, 45, 'Picche', 5)]
2025-10-30 21:35:21 - round.py - INFO - open_tris - Alessio ----> [(-1, 27, 'Jolly', 20), (4, 57, 'Cuori', 5), (4, 70, 'Quadri', 5)]
2025-10-30 21:35:21 - round.py - INFO - discard - Alessio ----> K_Picche_Blu
2025-10-30 21:35:21 - round.py - INFO - pick_up_discard - MariaGrazia ----> K_Picche_Blu
2025-10-30 21:35:22 - round.py - INFO - open_meld - MariaGrazia ----> [(-1, 14, 'Jolly', 20), (11, 10, 'Cuori', 10), (12, 65, 'Cuori', 10)]
2025-10-30 21:35:23 - round.py - INFO - update_meld - MariaGrazia ----> Updated_Game_Ontology20251030_213514783793.Cuori --> 10_Cuori_Rosso
2025-10-30 21:35:23 - round.py - INFO - update_meld - MariaGrazia ----> Updated_Game_Ontology20251030_213514783793.Cuori --> 6_Cuori_Blu
2025-10-30 21:35:23 - round.py - INFO - update_meld - MariaGrazia ----> Updated_Game_Ontology20251030_213514783793.Cuori --> 3_Cuori_Blu
2025-10-30 21:35:23 - round.py - INFO - discard - MariaGrazia ----> 5_Quadri_Blu
2025-10-30 21:35:23 - round.py - INFO - pick_up_discard - Alessio ----> 5_Quadri_Blu
2025-10-30 21:35:23 - round.py - INFO - discard - Alessio ----> 8_Quadri_Rosso
2025-10-30 21:35:23 - round.py - INFO - pick_up_discard - MariaGrazia ----> 8_Quadri_Rosso
2025-10-30 21:35:23 - round.py - INFO - discard - MariaGrazia ----> 10_Quadri_Blu
2025-10-30 21:35:23 - round.py - INFO - pick_up_card - Alessio ----> K_Picche_Blu
2025-10-30 21:35:23 - round.py - INFO - discard - Alessio ----> Q_Cuori_Rosso
2025-10-30 21:35:23 - round.py - INFO - pick_up_discard - MariaGrazia ----> 10_Quadri_Blu
2025-10-30 21:35:24 - round.py - INFO - discard - MariaGrazia ----> 3_Picche_Rosso
2025-10-30 21:35:24 - round.py - INFO - pick_up_card - Alessio ----> 8_Quadri_Rosso
2025-10-30 21:35:24 - round.py - INFO - discard - Alessio ----> 7_Cuori_Blu
2025-10-30 21:35:24 - round.py - INFO - pick_up_card - MariaGrazia ----> 2_Fiori_Rosso
2025-10-30 21:35:24 - round.py - INFO - open_tris - MariaGrazia ----> [(-1, 27, 'Jolly', 20), (12, 24, 'Quadri', 10), (12, 11, 'Cuori', 10)]
2025-10-30 21:35:24 - round.py - INFO - discard - MariaGrazia ----> 10_Quadri_Blu
2025-10-30 21:35:24 - round.py - INFO - pick_up_card - Alessio ----> Q_Cuori_Rosso
2025-10-30 21:35:24 - round.py - INFO - discard - Alessio ----> 8_Quadri_Rosso
2025-10-30 21:35:24 - round.py - INFO - pick_up_discard - MariaGrazia ----> 3_Picche_Rosso
2025-10-30 21:35:24 - round.py - INFO - update_meld - MariaGrazia ----> Updated_Game_Ontology20251030_213514783793.Cuori --> 7_Cuori_Blu
2025-10-30 21:35:24 - round.py - INFO - discard - MariaGrazia ----> 3_Picche_Rosso
2025-10-30 21:35:24 - round.py - INFO - pick_up_card - Alessio ----> 2_Fiori_Blu
2025-10-30 21:35:24 - round.py - INFO - update_meld - Alessio ----> Updated_Game_Ontology20251030_213514783793.Picche --> 2_Fiori_Blu
2025-10-30 21:35:24 - round.py - INFO - discard - Alessio ----> 9_Fiori_Blu
2025-10-30 21:35:24 - round.py - INFO - pick_up_discard - MariaGrazia ----> 3_Picche_Rosso
2025-10-30 21:35:25 - round.py - INFO - discard - MariaGrazia ----> 8_Quadri_Rosso
2025-10-30 21:35:25 - round.py - INFO - pick_up_card - Alessio ----> 7_Cuori_Blu
2025-10-30 21:35:25 - round.py - INFO - discard - Alessio ----> 5_Quadri_Blu
2025-10-30 21:35:25 - round.py - INFO - pick_up_card - MariaGrazia ----> 4_Quadri_Blu
2025-10-30 21:35:25 - round.py - INFO - discard - MariaGrazia ----> 3_Picche_Rosso
2025-10-30 21:35:25 - round.py - INFO - pick_up_card - Alessio ----> 9_Fiori_Blu
2025-10-30 21:35:25 - round.py - INFO - discard - Alessio ----> K_Picche_Blu
2025-10-30 21:35:25 - round.py - INFO - pick_up_discard - MariaGrazia ----> 8_Quadri_Rosso
2025-10-30 21:35:25 - round.py - INFO - discard - MariaGrazia ----> 8_Quadri_Rosso
2025-10-30 21:35:25 - round.py - INFO - pick_up_discard - Alessio ----> 8_Quadri_Rosso
2025-10-30 21:35:25 - round.py - INFO - discard - Alessio ----> 9_Fiori_Blu
2025-10-30 21:35:25 - round.py - INFO - pick_up_discard - MariaGrazia ----> 9_Fiori_Blu
2025-10-30 21:35:26 - round.py - INFO - discard - MariaGrazia ----> 5_Quadri_Blu
2025-10-30 21:35:26 - round.py - INFO - pick_up_card - Alessio ----> 6_Picche_Rosso
2025-10-30 21:35:26 - round.py - INFO - discard - Alessio ----> Q_Cuori_Rosso
2025-10-30 21:35:26 - round.py - INFO - pick_up_card - MariaGrazia ----> J_Quadri_Rosso
2025-10-30 21:35:27 - round.py - INFO - discard - MariaGrazia ----> K_Picche_Blu
2025-10-30 21:35:27 - round.py - INFO - pick_up_discard - Alessio ----> 5_Quadri_Blu
2025-10-30 21:35:27 - round.py - INFO - discard - Alessio ----> 7_Cuori_Blu
2025-10-30 21:35:27 - round.py - INFO - pick_up_card - MariaGrazia ----> 7_Picche_Rosso
2025-10-30 21:35:28 - round.py - INFO - discard - MariaGrazia ----> 9_Fiori_Blu
2025-10-30 21:35:28 - round.py - INFO - pick_up_discard - Alessio ----> 7_Cuori_Blu
2025-10-30 21:35:28 - round.py - INFO - discard - Alessio ----> K_Picche_Blu
2025-10-30 21:35:28 - round.py - INFO - pick_up_card - MariaGrazia ----> 2_Quadri_Rosso
2025-10-30 21:35:29 - round.py - INFO - update_meld - MariaGrazia ----> Updated_Game_Ontology20251030_213514783793.Cuori --> 2_Quadri_Rosso
2025-10-30 21:35:29 - round.py - INFO - discard - MariaGrazia ----> 7_Picche_Rosso
2025-10-30 21:35:29 - round.py - INFO - pick_up_discard - Alessio ----> K_Picche_Blu
2025-10-30 21:35:30 - round.py - INFO - discard - Alessio ----> 7_Picche_Rosso
2025-10-30 21:35:30 - round.py - INFO - pick_up_discard - MariaGrazia ----> 7_Picche_Rosso
2025-10-30 21:35:30 - round.py - INFO - discard - MariaGrazia ----> 4_Quadri_Blu
2025-10-30 21:35:30 - round.py - INFO - pick_up_card - Alessio ----> 3_Picche_Rosso
2025-10-30 21:35:30 - round.py - INFO - update_meld - Alessio ----> Updated_Game_Ontology20251030_213514783793.Picche --> 3_Picche_Rosso
2025-10-30 21:35:31 - round.py - INFO - discard - Alessio ----> 9_Fiori_Blu
2025-10-30 21:35:31 - round.py - INFO - pick_up_discard - MariaGrazia ----> 4_Quadri_Blu
2025-10-30 21:35:31 - round.py - INFO - discard - MariaGrazia ----> 4_Quadri_Blu
2025-10-30 21:35:31 - round.py - INFO - pick_up_discard - Alessio ----> 4_Quadri_Blu
2025-10-30 21:35:32 - round.py - INFO - discard - Alessio ----> 8_Quadri_Rosso
2025-10-30 21:35:32 - round.py - INFO - pick_up_card - MariaGrazia ----> 5_Quadri_Blu
2025-10-30 21:35:32 - round.py - INFO - discard - MariaGrazia ----> 7_Picche_Rosso
2025-10-30 21:35:32 - round.py - INFO - pick_up_discard - Alessio ----> 8_Quadri_Rosso
2025-10-30 21:35:33 - round.py - INFO - discard - Alessio ----> 6_Picche_Rosso
2025-10-30 21:35:33 - round.py - INFO - pick_up_card - MariaGrazia ----> 10_Quadri_Blu
2025-10-30 21:35:33 - round.py - INFO - discard - MariaGrazia ----> A_Fiori_Blu
2025-10-30 21:35:33 - round.py - INFO - pick_up_card - Alessio ----> A_Fiori_Blu
2025-10-30 21:35:34 - round.py - INFO - discard - Alessio ----> 4_Quadri_Blu
2025-10-30 21:35:34 - round.py - INFO - pick_up_card - MariaGrazia ----> Q_Cuori_Blu
2025-10-30 21:35:35 - round.py - INFO - discard - MariaGrazia ----> 5_Quadri_Blu
2025-10-30 21:35:35 - round.py - INFO - pick_up_card - Alessio ----> Q_Quadri_Rosso
2025-10-30 21:35:35 - round.py - INFO - discard - Alessio ----> Q_Quadri_Rosso
2025-10-30 21:35:35 - round.py - INFO - pick_up_card - MariaGrazia ----> 3_Cuori_Blu
2025-10-30 21:35:36 - round.py - INFO - discard - MariaGrazia ----> 9_Fiori_Blu
2025-10-30 21:35:36 - round.py - INFO - pick_up_card - Alessio ----> J_Cuori_Rosso
2025-10-30 21:35:36 - round.py - INFO - discard - Alessio ----> J_Cuori_Rosso
2025-10-30 21:35:36 - round.py - INFO - pick_up_discard - MariaGrazia ----> 6_Picche_Rosso
2025-10-30 21:35:40 - round.py - INFO - open_meld - MariaGrazia ----> [(10, 76, 'Quadri', 10), (11, 23, 'Quadri', 10), (12, 24, 'Quadri', 10)]
2025-10-30 21:35:42 - round.py - INFO - discard - MariaGrazia ----> A_Fiori_Blu
2025-10-30 21:35:42 - round.py - INFO - pick_up_discard - Alessio ----> A_Fiori_Blu
2025-10-30 21:35:43 - round.py - INFO - discard - Alessio ----> 7_Picche_Rosso
2025-10-30 21:35:43 - round.py - INFO - pick_up_card - MariaGrazia ----> 6_Cuori_Blu
2025-10-30 21:35:45 - round.py - INFO - discard - MariaGrazia ----> Q_Cuori_Blu
2025-10-30 21:35:45 - round.py - INFO - pick_up_card - Alessio ----> 10_Cuori_Rosso
2025-10-30 21:35:45 - round.py - INFO - discard - Alessio ----> A_Fiori_Blu
2025-10-30 21:35:45 - round.py - INFO - pick_up_discard - MariaGrazia ----> 7_Picche_Rosso
2025-10-30 21:35:48 - round.py - INFO - discard - MariaGrazia ----> 8_Quadri_Rosso
2025-10-30 21:35:48 - round.py - INFO - pick_up_card - Alessio ----> J_Cuori_Blu
2025-10-30 21:35:49 - round.py - INFO - open_meld - Alessio ----> [(10, 9, 'Cuori', 10), (11, 64, 'Cuori', 10), (12, 11, 'Cuori', 10)]
2025-10-30 21:35:49 - round.py - INFO - discard - Alessio ----> 8_Quadri_Rosso
2025-10-30 21:35:49 - round.py - INFO - pick_up_card - MariaGrazia ----> Q_Picche_Blu
2025-10-30 21:35:52 - round.py - INFO - discard - MariaGrazia ----> Q_Picche_Blu
2025-10-30 21:35:52 - round.py - INFO - pick_up_card - Alessio ----> 6_Quadri_Rosso
2025-10-30 21:35:52 - round.py - INFO - discard - Alessio ----> 5_Quadri_Blu
2025-10-30 21:35:52 - round.py - INFO - pick_up_discard - MariaGrazia ----> 8_Quadri_Rosso
2025-10-30 21:35:59 - round.py - INFO - discard - MariaGrazia ----> 8_Quadri_Rosso
2025-10-30 21:35:59 - round.py - INFO - pick_up_card - Alessio ----> 3_Quadri_Rosso
2025-10-30 21:35:59 - round.py - INFO - discard - Alessio ----> J_Quadri_Rosso
2025-10-30 21:35:59 - round.py - INFO - pick_up_card - MariaGrazia ----> K_Picche_Rosso
2025-10-30 21:36:06 - round.py - INFO - discard - MariaGrazia ----> A_Fiori_Blu
2025-10-30 21:36:06 - round.py - INFO - pick_up_discard - Alessio ----> 8_Quadri_Rosso
2025-10-30 21:36:06 - round.py - INFO - discard - Alessio ----> 6_Quadri_Rosso
2025-10-30 21:36:06 - round.py - INFO - pick_up_discard - MariaGrazia ----> 6_Quadri_Rosso
2025-10-30 21:36:13 - round.py - INFO - open_tris - MariaGrazia ----> [(6, 44, 'Picche', 5), (6, 18, 'Quadri', 5), (6, 59, 'Cuori', 5)]
2025-10-30 21:36:16 - round.py - INFO - discard - MariaGrazia ----> 5_Quadri_Blu
2025-10-30 21:36:16 - round.py - INFO - pick_up_card - Alessio ----> 6_Picche_Blu
2025-10-30 21:36:16 - round.py - INFO - discard - Alessio ----> K_Picche_Blu
2025-10-30 21:36:16 - round.py - INFO - pick_up_discard - MariaGrazia ----> 5_Quadri_Blu
2025-10-30 21:36:21 - round.py - INFO - discard - MariaGrazia ----> 4_Quadri_Blu
2025-10-30 21:36:21 - round.py - INFO - pick_up_card - Alessio ----> 7_Fiori_Rosso
2025-10-30 21:36:21 - round.py - INFO - discard - Alessio ----> 3_Quadri_Rosso
2025-10-30 21:36:21 - round.py - INFO - pick_up_discard - MariaGrazia ----> 4_Quadri_Blu
2025-10-30 21:36:26 - round.py - INFO - open_meld - MariaGrazia ----> [(3, 15, 'Quadri', 5), (4, 70, 'Quadri', 5), (5, 71, 'Quadri', 5)]
2025-10-30 21:36:28 - round.py - INFO - discard - MariaGrazia ----> K_Picche_Blu
2025-10-30 21:36:28 - round.py - INFO - pick_up_card - Alessio ----> 7_Picche_Blu
2025-10-30 21:36:28 - round.py - INFO - open_tris - Alessio ----> [(7, 60, 'Cuori', 5), (7, 32, 'Fiori', 5), (7, 99, 'Picche', 5)]
2025-10-30 21:36:29 - round.py - INFO - discard - Alessio ----> 6_Picche_Blu
2025-10-30 21:36:29 - round.py - INFO - pick_up_card - MariaGrazia ----> 3_Picche_Blu
2025-10-30 21:36:31 - round.py - INFO - open_tris - MariaGrazia ----> [(3, 56, 'Cuori', 5), (3, 41, 'Picche', 5), (3, 95, 'Picche', 5)]
2025-10-30 21:36:32 - round.py - INFO - discard - MariaGrazia ----> 9_Fiori_Blu
2025-10-30 21:36:32 - round.py - INFO - pick_up_card - Alessio ----> J_Quadri_Blu
2025-10-30 21:36:32 - round.py - INFO - discard - Alessio ----> A_Fiori_Blu
2025-10-30 21:36:32 - round.py - INFO - pick_up_discard - MariaGrazia ----> K_Picche_Blu
2025-10-30 21:36:34 - round.py - INFO - update_tris - MariaGrazia ----> 6 -->6_Picche_Blu
2025-10-30 21:36:36 - round.py - INFO - discard - MariaGrazia ----> 7_Picche_Rosso
2025-10-30 21:36:36 - round.py - INFO - pick_up_discard - Alessio ----> 7_Picche_Rosso
2025-10-30 21:36:36 - round.py - INFO - update_tris - Alessio ----> 7 -->7_Picche_Rosso
2025-10-30 21:36:36 - round.py - INFO - discard - Alessio ----> A_Fiori_Blu
2025-10-30 21:36:36 - round.py - INFO - pick_up_discard - MariaGrazia ----> A_Fiori_Blu
2025-10-30 21:36:38 - round.py - INFO - discard - MariaGrazia ----> K_Picche_Blu
2025-10-30 21:36:38 - round.py - INFO - pick_up_card - Alessio ----> 5_Fiori_Blu
2025-10-30 21:36:38 - round.py - INFO - discard - Alessio ----> 8_Quadri_Rosso
2025-10-30 21:36:38 - round.py - INFO - pick_up_card - MariaGrazia ----> A_Fiori_Rosso
2025-10-30 21:36:39 - round.py - INFO - discard - MariaGrazia ----> 9_Fiori_Blu
2025-10-30 21:36:39 - round.py - INFO - pick_up_card - Alessio ----> 3_Fiori_Rosso
2025-10-30 21:36:39 - round.py - INFO - discard - Alessio ----> J_Quadri_Blu
2025-10-30 21:36:39 - round.py - INFO - pick_up_discard - MariaGrazia ----> K_Picche_Blu
2025-10-30 21:36:43 - round.py - INFO - discard - MariaGrazia ----> 10_Quadri_Blu
2025-10-30 21:36:43 - round.py - INFO - pick_up_discard - Alessio ----> 10_Quadri_Blu
2025-10-30 21:36:43 - round.py - INFO - discard - Alessio ----> 3_Fiori_Rosso
2025-10-30 21:36:43 - round.py - INFO - pick_up_card - MariaGrazia ----> A_Cuori_Blu
2025-10-30 21:36:47 - round.py - INFO - open_tris - MariaGrazia ----> [(1, 26, 'Fiori', 15), (1, 54, 'Cuori', 15), (1, 80, 'Fiori', 15)]
2025-10-30 21:36:48 - round.py - INFO - update_tris - MariaGrazia ----> 1 -->A_Fiori_Blu
2025-10-30 21:36:49 - round.py - INFO - discard - MariaGrazia ----> Q_Cuori_Blu
2025-10-30 21:36:49 - round.py - INFO - pick_up_discard - Alessio ----> 3_Fiori_Rosso
2025-10-30 21:36:49 - round.py - INFO - discard - Alessio ----> Q_Cuori_Blu
2025-10-30 21:36:49 - round.py - INFO - pick_up_card - MariaGrazia ----> A_Quadri_Rosso
2025-10-30 21:36:50 - round.py - INFO - update_tris - MariaGrazia ----> 1 -->A_Quadri_Rosso
2025-10-30 21:36:51 - round.py - INFO - discard - MariaGrazia ----> J_Cuori_Rosso
2025-10-30 21:36:51 - round.py - INFO - pick_up_discard - Alessio ----> Q_Cuori_Blu
2025-10-30 21:36:51 - round.py - INFO - discard - Alessio ----> J_Cuori_Rosso
2025-10-30 21:36:51 - round.py - INFO - pick_up_discard - MariaGrazia ----> J_Cuori_Rosso
2025-10-30 21:36:52 - round.py - INFO - discard - MariaGrazia ----> 8_Quadri_Rosso
2025-10-30 21:36:52 - round.py - INFO - pick_up_card - Alessio ----> K_Quadri_Blu
2025-10-30 21:36:52 - round.py - INFO - discard - Alessio ----> Q_Cuori_Blu
2025-10-30 21:36:52 - round.py - INFO - pick_up_card - MariaGrazia ----> 10_Fiori_Rosso
2025-10-30 21:36:53 - round.py - INFO - discard - MariaGrazia ----> 8_Quadri_Rosso
2025-10-30 21:36:53 - round.py - INFO - pick_up_card - Alessio ----> 4_Cuori_Rosso
2025-10-30 21:36:53 - round.py - INFO - discard - Alessio ----> 10_Quadri_Blu
2025-10-30 21:36:53 - round.py - INFO - pick_up_discard - MariaGrazia ----> 8_Quadri_Rosso
2025-10-30 21:36:55 - round.py - INFO - discard - MariaGrazia ----> K_Picche_Blu
2025-10-30 21:36:55 - round.py - INFO - pick_up_discard - Alessio ----> K_Picche_Blu
2025-10-30 21:36:55 - round.py - INFO - discard - Alessio ----> 3_Fiori_Rosso
2025-10-30 21:36:55 - round.py - INFO - pick_up_card - MariaGrazia ----> 9_Quadri_Blu
2025-10-30 21:36:57 - round.py - INFO - update_meld - MariaGrazia ----> Updated_Game_Ontology20251030_213514783793.Quadri --> 9_Quadri_Blu
2025-10-30 21:36:59 - round.py - INFO - update_meld - MariaGrazia ----> Updated_Game_Ontology20251030_213514783793.Quadri --> 8_Quadri_Rosso
2025-10-30 21:37:00 - round.py - INFO - discard - MariaGrazia ----> 8_Quadri_Rosso
2025-10-30 21:37:00 - round.py - INFO - pick_up_discard - Alessio ----> 3_Fiori_Rosso
2025-10-30 21:37:00 - round.py - INFO - discard - Alessio ----> J_Quadri_Rosso
2025-10-30 21:37:00 - round.py - INFO - pick_up_discard - MariaGrazia ----> J_Quadri_Rosso
2025-10-30 21:37:02 - round.py - INFO - open_tris - MariaGrazia ----> [(11, 23, 'Quadri', 10), (11, 77, 'Quadri', 10), (11, 10, 'Cuori', 10)]
2025-10-30 21:37:02 - round.py - INFO - discard - MariaGrazia ----> K_Picche_Rosso
2025-10-30 21:37:02 - round.py - INFO - pick_up_discard - Alessio ----> K_Picche_Rosso
2025-10-30 21:37:02 - round.py - INFO - open_tris - Alessio ----> [(13, 105, 'Picche', 10), (13, 79, 'Quadri', 10), (13, 51, 'Picche', 10)]
2025-10-30 21:37:02 - round.py - INFO - discard - Alessio ----> 3_Fiori_Rosso
2025-10-30 21:37:02 - round.py - INFO - pick_up_discard - MariaGrazia ----> 3_Fiori_Rosso
2025-10-30 21:37:02 - round.py - INFO - update_tris - MariaGrazia ----> 3 -->3_Fiori_Rosso
2025-10-30 21:37:03 - round.py - INFO - discard - MariaGrazia ----> K_Picche_Blu
2025-10-30 21:37:03 - round.py - INFO - pick_up_discard - Alessio ----> K_Picche_Blu
2025-10-30 21:37:03 - round.py - INFO - update_tris - Alessio ----> 13 -->K_Picche_Blu
2025-10-30 21:37:03 - round.py - INFO - discard - Alessio ----> 4_Cuori_Rosso
2025-10-30 21:37:03 - round.py - INFO - pick_up_discard - MariaGrazia ----> 4_Cuori_Rosso
2025-10-30 21:37:03 - round.py - INFO - update_meld - MariaGrazia ----> Updated_Game_Ontology20251030_213514783793.Cuori --> 4_Cuori_Rosso
2025-10-30 21:37:03 - round.py - INFO - discard - MariaGrazia ----> 9_Fiori_Blu
2025-10-30 21:37:03 - round.py - INFO - pick_up_card - Alessio ----> 5_Quadri_Rosso
2025-10-30 21:37:03 - round.py - INFO - discard - Alessio ----> 5_Fiori_Blu
2025-10-30 21:37:03 - round.py - INFO - pick_up_discard - MariaGrazia ----> 9_Fiori_Blu
2025-10-30 21:37:03 - round.py - INFO - discard - MariaGrazia ----> 5_Quadri_Blu
2025-10-30 21:37:03 - round.py - INFO - pick_up_card - Alessio ----> A_Cuori_Rosso
2025-10-30 21:37:03 - round.py - INFO - discard - Alessio ----> 5_Quadri_Rosso
2025-10-30 21:37:03 - round.py - INFO - pick_up_discard - MariaGrazia ----> 5_Quadri_Blu
2025-10-30 21:37:04 - round.py - INFO - open_tris - MariaGrazia ----> [(5, 71, 'Quadri', 5), (5, 84, 'Fiori', 5), (5, 17, 'Quadri', 5)]
2025-10-30 21:37:04 - round.py - INFO - discard - MariaGrazia ----> Q_Cuori_Blu
2025-10-30 21:37:04 - round.py - INFO - pick_up_card - Alessio ----> 2_Cuori_Blu
2025-10-30 21:37:04 - round.py - INFO - update_tris - Alessio ----> 7 -->2_Cuori_Blu
2025-10-30 21:37:04 - round.py - INFO - discard - Alessio ----> A_Cuori_Rosso
2025-10-30 21:37:04 - round.py - INFO - pick_up_card - MariaGrazia ----> 7_Cuori_Rosso
2025-10-30 21:37:04 - round.py - INFO - discard - MariaGrazia ----> 9_Fiori_Blu
2025-10-30 21:37:04 - round.py - INFO - pick_up_discard - Alessio ----> Q_Cuori_Blu
2025-10-30 21:37:04 - round.py - INFO - discard - Alessio ----> Q_Cuori_Blu
2025-10-30 21:37:04 - round.py - INFO - pick_up_card - MariaGrazia ----> 6_Fiori_Rosso
2025-10-30 21:37:04 - round.py - INFO - update_tris - MariaGrazia ----> 6 -->6_Fiori_Rosso
2025-10-30 21:37:04 - round.py - INFO - discard - MariaGrazia ----> 9_Fiori_Blu
2025-10-30 21:37:04 - round.py - INFO - pick_up_discard - Alessio ----> Q_Cuori_Blu
2025-10-30 21:37:04 - round.py - INFO - discard - Alessio ----> A_Cuori_Rosso
2025-10-30 21:37:04 - round.py - INFO - pick_up_card - MariaGrazia ----> A_Picche_Rosso
2025-10-30 21:37:04 - round.py - INFO - update_tris - MariaGrazia ----> 1 -->A_Picche_Rosso
2025-10-30 21:37:04 - round.py - INFO - discard - MariaGrazia ----> 10_Fiori_Rosso
2025-10-30 21:37:04 - round.py - INFO - pick_up_discard - Alessio ----> A_Cuori_Rosso
2025-10-30 21:37:04 - round.py - INFO - discard - Alessio ----> 10_Fiori_Rosso
2025-10-30 21:37:04 - round.py - INFO - pick_up_discard - MariaGrazia ----> 10_Fiori_Rosso
2025-10-30 21:37:05 - round.py - INFO - discard - MariaGrazia ----> 10_Quadri_Blu
2025-10-30 21:37:05 - round.py - INFO - pick_up_card - Alessio ----> K_Fiori_Blu
2025-10-30 21:37:05 - round.py - INFO - update_tris - Alessio ----> 13 -->K_Fiori_Blu
2025-10-30 21:37:05 - round.py - INFO - discard - Alessio ----> A_Cuori_Rosso
2025-10-30 21:37:05 - round.py - INFO - pick_up_discard - MariaGrazia ----> 10_Quadri_Blu
2025-10-30 21:37:05 - round.py - INFO - update_meld - MariaGrazia ----> Updated_Game_Ontology20251030_213514783793.Cuori --> A_Cuori_Rosso
2025-10-30 21:37:05 - round.py - INFO - discard - MariaGrazia ----> 10_Quadri_Blu
2025-10-30 21:37:05 - round.py - INFO - pick_up_discard - Alessio ----> 10_Quadri_Blu
2025-10-30 21:37:05 - round.py - INFO - discard - Alessio ----> 8_Quadri_Rosso
2025-10-30 21:37:05 - round.py - INFO - pick_up_discard - MariaGrazia ----> 8_Quadri_Rosso
2025-10-30 21:37:05 - round.py - INFO - discard - MariaGrazia ----> 7_Cuori_Rosso
2025-10-30 21:37:05 - round.py - INFO - pick_up_card - Alessio ----> 10_Quadri_Rosso
2025-10-30 21:37:05 - round.py - INFO - discard - Alessio ----> 10_Quadri_Rosso
2025-10-30 21:37:05 - round.py - INFO - pick_up_card - MariaGrazia ----> Q_Picche_Rosso
2025-10-30 21:37:05 - round.py - INFO - discard - MariaGrazia ----> 8_Quadri_Rosso
2025-10-30 21:37:05 - round.py - INFO - pick_up_card - Alessio ----> 5_Picche_Rosso
2025-10-30 21:37:05 - round.py - INFO - update_meld - Alessio ----> Updated_Game_Ontology20251030_213514783793.Picche --> 5_Picche_Rosso
2025-10-30 21:37:05 - round.py - INFO - discard - Alessio ----> 9_Fiori_Blu
2025-10-30 21:37:05 - round.py - INFO - pick_up_card - MariaGrazia ----> Jolly_Jolly_N_Blu
2025-10-30 21:37:05 - round.py - INFO - update_tris - MariaGrazia ----> 11 -->Jolly_Jolly_N_Blu
2025-10-30 21:37:05 - round.py - INFO - discard - MariaGrazia ----> Q_Picche_Rosso
2025-10-30 21:37:05 - round.py - INFO - pick_up_card - Alessio ----> Q_Fiori_Blu
2025-10-30 21:37:05 - round.py - INFO - discard - Alessio ----> 9_Fiori_Blu
2025-10-30 21:37:05 - round.py - INFO - pick_up_card - MariaGrazia ----> 3_Cuori_Rosso
2025-10-30 21:37:05 - round.py - INFO - update_tris - MariaGrazia ----> 3 -->3_Cuori_Rosso
2025-10-30 21:37:05 - round.py - INFO - discard - MariaGrazia ----> 10_Fiori_Rosso
2025-10-30 21:37:05 - round.py - INFO - pick_up_card - Alessio ----> 8_Fiori_Rosso
2025-10-30 21:37:05 - round.py - INFO - discard - Alessio ----> 10_Quadri_Blu
2025-10-30 21:37:05 - round.py - INFO - pick_up_card - MariaGrazia ----> K_Quadri_Rosso
2025-10-30 21:37:05 - round.py - INFO - update_meld - MariaGrazia ----> Updated_Game_Ontology20251030_213514783793.Quadri --> K_Quadri_Rosso
2025-10-30 21:37:05 - round.py - INFO - close_game - MariaGrazia ----> Q_Picche_Blu
