2025-10-27 20:03:38 - logger.py - INFO - _initialize - Logger inizializzato. File di log: logs\partita_20251027_2003.log
2025-10-27 20:03:38 - round.py - INFO - pick_up_card - Alessio --> [pick_up_card] --> Updated_Game_Ontology.J_Picche_Rosso
2025-10-27 20:03:39 - round.py - INFO - open_tris - Alessio --> [Apro Tris] --> [(-1, 55, 'Jolly', 20), (9, 101, 'Picche', 10), (9, 47, 'Picche', 10)]
2025-10-27 20:03:39 - round.py - INFO - open_tris - Alessio --> [Apro Tris] --> [(-1, 107, 'Jolly', 30), (11, 77, 'Quadri', 10), (11, 49, 'Picche', 10)]
2025-10-27 20:03:39 - round.py - INFO - open_meld - Alessio --> [Apro Scala] --> [(-1, 81, 'Jolly', 20), (3, 2, 'Cuori', 5), (4, 57, 'Cuori', 5)]
2025-10-27 20:03:39 - round.py - INFO - update_tris - Alessio --> [UP Tris] --> 11 -->J_Picche_Rosso
2025-10-27 20:03:39 - round.py - INFO - discard - Alessio --> [Scarto] --> Q_Cuori_Rosso
2025-10-27 20:03:39 - round.py - INFO - pick_up_discard - MariaGrazia --> [pick_up_discard] --> Updated_Game_Ontology.6_Picche_Rosso
2025-10-27 20:03:40 - round.py - INFO - open_tris - MariaGrazia --> [Apro Tris] --> [(7, 73, 'Quadri', 5), (7, 45, 'Picche', 5), (7, 32, 'Fiori', 5)]
2025-10-27 20:03:41 - round.py - INFO - update_tris - MariaGrazia --> [UP Tris] --> 7 -->7_Cuori_Rosso
2025-10-27 20:03:41 - round.py - INFO - update_tris - MariaGrazia --> [UP Tris] --> 7 -->7_Cuori_Blu
2025-10-27 20:03:41 - round.py - INFO - discard - MariaGrazia --> [Scarto] --> 5_Cuori_Blu
2025-10-27 20:03:41 - round.py - INFO - pick_up_card - Alessio --> [pick_up_card] --> Updated_Game_Ontology.Q_Cuori_Rosso
2025-10-27 20:03:41 - round.py - INFO - discard - Alessio --> [Scarto] --> A_Fiori_Blu
2025-10-27 20:03:41 - round.py - INFO - pick_up_card - MariaGrazia --> [pick_up_card] --> Updated_Game_Ontology.2_Cuori_Blu
2025-10-27 20:03:41 - round.py - INFO - open_tris - MariaGrazia --> [Apro Tris] --> [(-1, 55, 'Jolly', 20), (9, 75, 'Quadri', 10), (9, 8, 'Cuori', 10)]
2025-10-27 20:03:41 - round.py - INFO - discard - MariaGrazia --> [Scarto] --> Q_Cuori_Rosso
2025-10-27 20:03:41 - round.py - INFO - pick_up_discard - Alessio --> [pick_up_discard] --> Updated_Game_Ontology.5_Cuori_Blu
2025-10-27 20:03:41 - round.py - INFO - update_meld - Alessio --> [UP Canasta] --> Updated_Game_Ontology.Cuori --> 5_Cuori_Blu
2025-10-27 20:03:41 - round.py - INFO - discard - Alessio --> [Scarto] --> Q_Cuori_Rosso
2025-10-27 20:03:41 - round.py - INFO - pick_up_discard - MariaGrazia --> [pick_up_discard] --> Updated_Game_Ontology.Q_Cuori_Rosso
2025-10-27 20:03:41 - round.py - INFO - discard - MariaGrazia --> [Scarto] --> Q_Cuori_Rosso
2025-10-27 20:03:41 - round.py - INFO - pick_up_discard - Alessio --> [pick_up_discard] --> Updated_Game_Ontology.Q_Cuori_Rosso
2025-10-27 20:03:41 - round.py - INFO - discard - Alessio --> [Scarto] --> Q_Cuori_Rosso
2025-10-27 20:03:41 - round.py - INFO - pick_up_discard - MariaGrazia --> [pick_up_discard] --> Updated_Game_Ontology.Q_Cuori_Rosso
2025-10-27 20:03:41 - round.py - INFO - discard - MariaGrazia --> [Scarto] --> 4_Fiori_Rosso
2025-10-27 20:03:41 - round.py - INFO - pick_up_discard - Alessio --> [pick_up_discard] --> Updated_Game_Ontology.4_Fiori_Rosso
2025-10-27 20:03:41 - round.py - INFO - discard - Alessio --> [Scarto] --> A_Fiori_Blu
2025-10-27 20:03:41 - round.py - INFO - pick_up_card - MariaGrazia --> [pick_up_card] --> Updated_Game_Ontology.9_Picche_Blu
2025-10-27 20:03:41 - round.py - INFO - discard - MariaGrazia --> [Scarto] --> Q_Cuori_Rosso
2025-10-27 20:03:41 - round.py - INFO - pick_up_discard - Alessio --> [pick_up_discard] --> Updated_Game_Ontology.A_Fiori_Blu
2025-10-27 20:03:41 - round.py - INFO - discard - Alessio --> [Scarto] --> 4_Fiori_Rosso
2025-10-27 20:03:41 - round.py - INFO - pick_up_card - MariaGrazia --> [pick_up_card] --> Updated_Game_Ontology.J_Quadri_Blu
2025-10-27 20:03:41 - round.py - INFO - discard - MariaGrazia --> [Scarto] --> 9_Picche_Blu
2025-10-27 20:03:41 - round.py - INFO - pick_up_card - Alessio --> [pick_up_card] --> Updated_Game_Ontology.9_Picche_Rosso
2025-10-27 20:03:41 - round.py - INFO - discard - Alessio --> [Scarto] --> Q_Cuori_Rosso
2025-10-27 20:03:41 - round.py - INFO - pick_up_card - MariaGrazia --> [pick_up_card] --> Updated_Game_Ontology.4_Cuori_Blu
2025-10-27 20:03:42 - round.py - INFO - discard - MariaGrazia --> [Scarto] --> 6_Picche_Rosso
2025-10-27 20:03:42 - round.py - INFO - pick_up_card - Alessio --> [pick_up_card] --> Updated_Game_Ontology.2_Fiori_Blu
2025-10-27 20:03:42 - round.py - INFO - discard - Alessio --> [Scarto] --> Q_Cuori_Rosso
2025-10-27 20:03:42 - round.py - INFO - pick_up_discard - MariaGrazia --> [pick_up_discard] --> Updated_Game_Ontology.4_Fiori_Rosso
2025-10-27 20:03:42 - round.py - INFO - discard - MariaGrazia --> [Scarto] --> J_Quadri_Blu
2025-10-27 20:03:42 - round.py - INFO - pick_up_discard - Alessio --> [pick_up_discard] --> Updated_Game_Ontology.J_Quadri_Blu
2025-10-27 20:03:42 - round.py - INFO - update_tris - Alessio --> [UP Tris] --> 11 -->J_Quadri_Blu
2025-10-27 20:03:42 - round.py - INFO - discard - Alessio --> [Scarto] --> 2_Fiori_Blu
2025-10-27 20:03:42 - round.py - INFO - pick_up_discard - MariaGrazia --> [pick_up_discard] --> Updated_Game_Ontology.2_Fiori_Blu
2025-10-27 20:03:42 - round.py - INFO - open_tris - MariaGrazia --> [Apro Tris] --> [(-1, 81, 'Jolly', 20), (4, 57, 'Cuori', 5), (4, 29, 'Fiori', 5)]
2025-10-27 20:03:42 - round.py - INFO - discard - MariaGrazia --> [Scarto] --> 9_Picche_Blu
2025-10-27 20:03:42 - round.py - INFO - pick_up_card - Alessio --> [pick_up_card] --> Updated_Game_Ontology.3_Cuori_Rosso
2025-10-27 20:03:42 - round.py - INFO - discard - Alessio --> [Scarto] --> 3_Cuori_Rosso
2025-10-27 20:03:42 - round.py - INFO - pick_up_card - MariaGrazia --> [pick_up_card] --> Updated_Game_Ontology.A_Fiori_Blu
2025-10-27 20:03:42 - round.py - INFO - discard - MariaGrazia --> [Scarto] --> Q_Cuori_Rosso
2025-10-27 20:03:42 - round.py - INFO - pick_up_card - Alessio --> [pick_up_card] --> Updated_Game_Ontology.Jolly_Jolly_R_Blu
2025-10-27 20:03:42 - round.py - INFO - discard - Alessio --> [Scarto] --> Jolly_Jolly_R_Blu
2025-10-27 20:03:42 - round.py - INFO - pick_up_discard - MariaGrazia --> [pick_up_discard] --> Updated_Game_Ontology.9_Picche_Blu
2025-10-27 20:03:42 - round.py - INFO - open_tris - MariaGrazia --> [Apro Tris] --> [(-1, 107, 'Jolly', 30), (1, 26, 'Fiori', 15), (1, 80, 'Fiori', 15)]
2025-10-27 20:03:42 - round.py - INFO - discard - MariaGrazia --> [Scarto] --> 9_Picche_Blu
2025-10-27 20:03:42 - round.py - INFO - pick_up_discard - Alessio --> [pick_up_discard] --> Updated_Game_Ontology.9_Picche_Blu
2025-10-27 20:03:42 - round.py - INFO - discard - Alessio --> [Scarto] --> 9_Picche_Rosso
2025-10-27 20:03:42 - round.py - INFO - pick_up_discard - MariaGrazia --> [pick_up_discard] --> Updated_Game_Ontology.9_Picche_Rosso
2025-10-27 20:03:42 - round.py - INFO - discard - MariaGrazia --> [Scarto] --> 10_Picche_Rosso
2025-10-27 20:03:42 - round.py - INFO - pick_up_discard - Alessio --> [pick_up_discard] --> Updated_Game_Ontology.10_Picche_Rosso
2025-10-27 20:03:42 - round.py - INFO - discard - Alessio --> [Scarto] --> A_Fiori_Blu
2025-10-27 20:03:43 - round.py - INFO - pick_up_discard - MariaGrazia --> [pick_up_discard] --> Updated_Game_Ontology.A_Fiori_Blu
2025-10-27 20:03:43 - round.py - INFO - update_tris - MariaGrazia --> [UP Tris] --> 1 -->A_Fiori_Blu
2025-10-27 20:03:43 - round.py - INFO - discard - MariaGrazia --> [Scarto] --> Q_Cuori_Rosso
2025-10-27 20:03:43 - round.py - INFO - pick_up_discard - Alessio --> [pick_up_discard] --> Updated_Game_Ontology.Q_Cuori_Rosso
2025-10-27 20:03:43 - round.py - INFO - discard - Alessio --> [Scarto] --> Q_Cuori_Rosso
2025-10-27 20:03:43 - round.py - INFO - pick_up_discard - MariaGrazia --> [pick_up_discard] --> Updated_Game_Ontology.Q_Cuori_Rosso
2025-10-27 20:03:43 - round.py - INFO - discard - MariaGrazia --> [Scarto] --> 9_Picche_Rosso
2025-10-27 20:03:43 - round.py - INFO - pick_up_card - Alessio --> [pick_up_card] --> Updated_Game_Ontology.7_Cuori_Rosso
2025-10-27 20:03:43 - round.py - INFO - discard - Alessio --> [Scarto] --> 7_Cuori_Rosso
2025-10-27 20:03:43 - round.py - INFO - pick_up_card - MariaGrazia --> [pick_up_card] --> Updated_Game_Ontology.9_Cuori_Rosso
2025-10-27 20:03:43 - round.py - INFO - discard - MariaGrazia --> [Scarto] --> 6_Picche_Rosso
2025-10-27 20:03:43 - round.py - INFO - pick_up_discard - Alessio --> [pick_up_discard] --> Updated_Game_Ontology.9_Picche_Rosso
2025-10-27 20:03:43 - round.py - INFO - discard - Alessio --> [Scarto] --> 10_Picche_Rosso
2025-10-27 20:03:43 - round.py - INFO - pick_up_discard - MariaGrazia --> [pick_up_discard] --> Updated_Game_Ontology.10_Picche_Rosso
2025-10-27 20:03:43 - round.py - INFO - discard - MariaGrazia --> [Scarto] --> 9_Cuori_Rosso
2025-10-27 20:03:43 - round.py - INFO - pick_up_discard - Alessio --> [pick_up_discard] --> Updated_Game_Ontology.9_Cuori_Rosso
2025-10-27 20:03:43 - round.py - INFO - open_tris - Alessio --> [Apro Tris] --> [(9, 101, 'Picche', 10), (9, 8, 'Cuori', 10), (9, 47, 'Picche', 10)]
2025-10-27 20:03:43 - round.py - INFO - discard - Alessio --> [Scarto] --> 6_Picche_Rosso
2025-10-27 20:03:43 - round.py - INFO - pick_up_discard - MariaGrazia --> [pick_up_discard] --> Updated_Game_Ontology.6_Picche_Rosso
2025-10-27 20:03:43 - round.py - INFO - discard - MariaGrazia --> [Scarto] --> Q_Cuori_Rosso
2025-10-27 20:03:43 - round.py - INFO - pick_up_discard - Alessio --> [pick_up_discard] --> Updated_Game_Ontology.Q_Cuori_Rosso
2025-10-27 20:03:43 - round.py - INFO - discard - Alessio --> [Scarto] --> Q_Cuori_Rosso
2025-10-27 20:03:43 - round.py - INFO - pick_up_card - MariaGrazia --> [pick_up_card] --> Updated_Game_Ontology.5_Cuori_Blu
2025-10-27 20:03:43 - round.py - INFO - discard - MariaGrazia --> [Scarto] --> Q_Cuori_Rosso
2025-10-27 20:03:43 - round.py - INFO - pick_up_discard - Alessio --> [pick_up_discard] --> Updated_Game_Ontology.Q_Cuori_Rosso
2025-10-27 20:03:43 - round.py - INFO - discard - Alessio --> [Scarto] --> Q_Cuori_Rosso
2025-10-27 20:03:43 - round.py - INFO - pick_up_discard - MariaGrazia --> [pick_up_discard] --> Updated_Game_Ontology.Q_Cuori_Rosso
2025-10-27 20:03:43 - round.py - INFO - discard - MariaGrazia --> [Scarto] --> 5_Cuori_Blu
2025-10-27 20:03:43 - round.py - INFO - pick_up_discard - Alessio --> [pick_up_discard] --> Updated_Game_Ontology.5_Cuori_Blu
2025-10-27 20:03:43 - round.py - INFO - discard - Alessio --> [Scarto] --> 5_Cuori_Blu
2025-10-27 20:03:43 - round.py - INFO - pick_up_discard - MariaGrazia --> [pick_up_discard] --> Updated_Game_Ontology.5_Cuori_Blu
2025-10-27 20:03:43 - round.py - INFO - discard - MariaGrazia --> [Scarto] --> Q_Cuori_Rosso
2025-10-27 20:03:43 - round.py - INFO - pick_up_card - Alessio --> [pick_up_card] --> Updated_Game_Ontology.A_Fiori_Rosso
2025-10-27 20:03:43 - round.py - INFO - discard - Alessio --> [Scarto] --> Q_Cuori_Rosso
2025-10-27 20:03:43 - round.py - INFO - pick_up_discard - MariaGrazia --> [pick_up_discard] --> Updated_Game_Ontology.Q_Cuori_Rosso
2025-10-27 20:03:43 - round.py - INFO - discard - MariaGrazia --> [Scarto] --> Q_Cuori_Rosso
2025-10-27 20:03:43 - round.py - INFO - pick_up_discard - Alessio --> [pick_up_discard] --> Updated_Game_Ontology.Q_Cuori_Rosso
2025-10-27 20:03:43 - round.py - INFO - discard - Alessio --> [Scarto] --> 7_Cuori_Rosso
2025-10-27 20:03:43 - round.py - INFO - pick_up_discard - MariaGrazia --> [pick_up_discard] --> Updated_Game_Ontology.7_Cuori_Rosso
2025-10-27 20:03:43 - round.py - INFO - update_tris - MariaGrazia --> [UP Tris] --> 7 -->7_Cuori_Rosso
2025-10-27 20:03:43 - round.py - INFO - discard - MariaGrazia --> [Scarto] --> Q_Cuori_Rosso
2025-10-27 20:03:43 - round.py - INFO - pick_up_discard - Alessio --> [pick_up_discard] --> Updated_Game_Ontology.Q_Cuori_Rosso
2025-10-27 20:03:43 - round.py - INFO - discard - Alessio --> [Scarto] --> Q_Cuori_Rosso
2025-10-27 20:03:43 - round.py - INFO - pick_up_card - MariaGrazia --> [pick_up_card] --> Updated_Game_Ontology.7_Picche_Rosso
2025-10-27 20:03:43 - round.py - INFO - update_tris - MariaGrazia --> [UP Tris] --> 7 -->7_Picche_Rosso
2025-10-27 20:03:43 - round.py - INFO - discard - MariaGrazia --> [Scarto] --> 5_Cuori_Blu
2025-10-27 20:03:43 - round.py - INFO - pick_up_discard - Alessio --> [pick_up_discard] --> Updated_Game_Ontology.Q_Cuori_Rosso
2025-10-27 20:03:43 - round.py - INFO - discard - Alessio --> [Scarto] --> 5_Cuori_Blu
2025-10-27 20:03:43 - round.py - INFO - pick_up_card - MariaGrazia --> [pick_up_card] --> Updated_Game_Ontology.9_Quadri_Blu
2025-10-27 20:03:43 - round.py - INFO - discard - MariaGrazia --> [Scarto] --> 3_Cuori_Rosso
2025-10-27 20:03:43 - round.py - INFO - pick_up_card - Alessio --> [pick_up_card] --> Updated_Game_Ontology.7_Quadri_Blu
2025-10-27 20:03:43 - round.py - INFO - discard - Alessio --> [Scarto] --> Q_Cuori_Rosso
2025-10-27 20:03:43 - round.py - INFO - pick_up_card - MariaGrazia --> [pick_up_card] --> Updated_Game_Ontology.7_Fiori_Rosso
2025-10-27 20:03:43 - round.py - INFO - update_tris - MariaGrazia --> [UP Tris] --> 7 -->7_Fiori_Rosso
2025-10-27 20:03:43 - round.py - INFO - discard - MariaGrazia --> [Scarto] --> 10_Picche_Rosso
2025-10-27 20:03:43 - round.py - INFO - pick_up_card - Alessio --> [pick_up_card] --> Updated_Game_Ontology.4_Fiori_Rosso
2025-10-27 20:03:43 - round.py - INFO - discard - Alessio --> [Scarto] --> 7_Quadri_Blu
2025-10-27 20:03:43 - round.py - INFO - pick_up_card - MariaGrazia --> [pick_up_card] --> Updated_Game_Ontology.10_Picche_Rosso
2025-10-27 20:03:43 - round.py - INFO - discard - MariaGrazia --> [Scarto] --> 6_Picche_Rosso
2025-10-27 20:03:43 - round.py - INFO - pick_up_discard - Alessio --> [pick_up_discard] --> Updated_Game_Ontology.5_Cuori_Blu
2025-10-27 20:03:44 - round.py - INFO - discard - Alessio --> [Scarto] --> 7_Quadri_Blu
2025-10-27 20:03:44 - round.py - INFO - pick_up_discard - MariaGrazia --> [pick_up_discard] --> Updated_Game_Ontology.7_Quadri_Blu
2025-10-27 20:03:44 - round.py - INFO - update_tris - MariaGrazia --> [UP Tris] --> 7 -->7_Quadri_Blu
2025-10-27 20:03:44 - round.py - INFO - discard - MariaGrazia --> [Scarto] --> 9_Quadri_Blu
2025-10-27 20:03:44 - round.py - INFO - pick_up_card - Alessio --> [pick_up_card] --> Updated_Game_Ontology.7_Cuori_Blu
2025-10-27 20:03:44 - round.py - INFO - discard - Alessio --> [Scarto] --> 4_Fiori_Rosso
2025-10-27 20:03:44 - round.py - INFO - pick_up_card - MariaGrazia --> [pick_up_card] --> Updated_Game_Ontology.9_Quadri_Rosso
2025-10-27 20:03:44 - round.py - INFO - discard - MariaGrazia --> [Scarto] --> 9_Quadri_Rosso
2025-10-27 20:03:44 - round.py - INFO - pick_up_card - Alessio --> [pick_up_card] --> Updated_Game_Ontology.A_Quadri_Blu
2025-10-27 20:03:44 - round.py - INFO - discard - Alessio --> [Scarto] --> 5_Cuori_Blu
2025-10-27 20:03:44 - round.py - INFO - pick_up_card - MariaGrazia --> [pick_up_card] --> Updated_Game_Ontology.6_Quadri_Blu
2025-10-27 20:03:44 - round.py - INFO - discard - MariaGrazia --> [Scarto] --> 10_Picche_Rosso
2025-10-27 20:03:44 - round.py - INFO - pick_up_card - Alessio --> [pick_up_card] --> Updated_Game_Ontology.8_Picche_Rosso
2025-10-27 20:03:44 - round.py - INFO - discard - Alessio --> [Scarto] --> 7_Cuori_Blu
2025-10-27 20:03:44 - round.py - INFO - pick_up_discard - MariaGrazia --> [pick_up_discard] --> Updated_Game_Ontology.9_Quadri_Blu
2025-10-27 20:03:44 - round.py - INFO - update_tris - MariaGrazia --> [UP Tris] --> 7 -->7_Cuori_Blu
2025-10-27 20:03:44 - round.py - INFO - discard - MariaGrazia --> [Scarto] --> 6_Quadri_Blu
2025-10-27 20:03:44 - round.py - INFO - pick_up_discard - Alessio --> [pick_up_discard] --> Updated_Game_Ontology.6_Quadri_Blu
2025-10-27 20:03:45 - round.py - INFO - discard - Alessio --> [Scarto] --> A_Quadri_Blu
2025-10-27 20:03:45 - round.py - INFO - pick_up_card - MariaGrazia --> [pick_up_card] --> Updated_Game_Ontology.K_Fiori_Rosso
2025-10-27 20:03:45 - round.py - INFO - discard - MariaGrazia --> [Scarto] --> 5_Cuori_Blu
2025-10-27 20:03:45 - round.py - INFO - pick_up_discard - Alessio --> [pick_up_discard] --> Updated_Game_Ontology.A_Quadri_Blu
2025-10-27 20:03:45 - round.py - INFO - discard - Alessio --> [Scarto] --> A_Fiori_Rosso
2025-10-27 20:03:45 - round.py - INFO - pick_up_discard - MariaGrazia --> [pick_up_discard] --> Updated_Game_Ontology.A_Fiori_Rosso
2025-10-27 20:03:45 - round.py - INFO - update_tris - MariaGrazia --> [UP Tris] --> 1 -->A_Fiori_Rosso
2025-10-27 20:03:45 - round.py - INFO - discard - MariaGrazia --> [Scarto] --> K_Fiori_Rosso
2025-10-27 20:03:45 - round.py - INFO - pick_up_card - Alessio --> [pick_up_card] --> Updated_Game_Ontology.J_Picche_Blu
2025-10-27 20:03:45 - round.py - INFO - update_tris - Alessio --> [UP Tris] --> 11 -->J_Picche_Blu
2025-10-27 20:03:46 - round.py - INFO - discard - Alessio --> [Scarto] --> A_Quadri_Blu
2025-10-27 20:03:46 - round.py - INFO - pick_up_discard - MariaGrazia --> [pick_up_discard] --> Updated_Game_Ontology.K_Fiori_Rosso
2025-10-27 20:03:46 - round.py - INFO - update_tris - MariaGrazia --> [UP Tris] --> 1 -->A_Quadri_Blu
2025-10-27 20:03:46 - round.py - INFO - discard - MariaGrazia --> [Scarto] --> 9_Quadri_Rosso
2025-10-27 20:03:46 - round.py - INFO - pick_up_card - Alessio --> [pick_up_card] --> Updated_Game_Ontology.4_Quadri_Rosso
2025-10-27 20:03:46 - round.py - INFO - discard - Alessio --> [Scarto] --> Q_Cuori_Rosso
2025-10-27 20:03:46 - round.py - INFO - pick_up_card - MariaGrazia --> [pick_up_card] --> Updated_Game_Ontology.3_Cuori_Blu
2025-10-27 20:03:46 - round.py - INFO - discard - MariaGrazia --> [Scarto] --> 3_Cuori_Blu
2025-10-27 20:03:46 - round.py - INFO - pick_up_card - Alessio --> [pick_up_card] --> Updated_Game_Ontology.10_Cuori_Rosso
2025-10-27 20:03:46 - round.py - INFO - discard - Alessio --> [Scarto] --> 10_Picche_Rosso
2025-10-27 20:03:46 - round.py - INFO - pick_up_card - MariaGrazia --> [pick_up_card] --> Updated_Game_Ontology.Q_Picche_Rosso
2025-10-27 20:03:46 - round.py - INFO - discard - MariaGrazia --> [Scarto] --> Q_Picche_Rosso
2025-10-27 20:03:46 - round.py - INFO - pick_up_discard - Alessio --> [pick_up_discard] --> Updated_Game_Ontology.9_Quadri_Rosso
2025-10-27 20:03:47 - round.py - INFO - update_tris - Alessio --> [UP Tris] --> 9 -->9_Quadri_Rosso
2025-10-27 20:03:48 - round.py - INFO - discard - Alessio --> [Scarto] --> 4_Quadri_Rosso
2025-10-27 20:03:48 - round.py - INFO - pick_up_card - MariaGrazia --> [pick_up_card] --> Updated_Game_Ontology.3_Picche_Rosso
2025-10-27 20:03:48 - round.py - INFO - discard - MariaGrazia --> [Scarto] --> 10_Picche_Rosso
2025-10-27 20:03:48 - round.py - INFO - pick_up_card - Alessio --> [pick_up_card] --> Updated_Game_Ontology.2_Picche_Rosso
2025-10-27 20:03:49 - round.py - INFO - open_meld - Alessio --> [Apro Scala] --> [(-1, 40, 'Jolly', 20), (3, 56, 'Cuori', 5), (5, 58, 'Cuori', 5)]
2025-10-27 20:03:49 - round.py - INFO - discard - Alessio --> [Scarto] --> 6_Picche_Rosso
2025-10-27 20:03:49 - round.py - INFO - pick_up_card - MariaGrazia --> [pick_up_card] --> Updated_Game_Ontology.7_Picche_Blu
2025-10-27 20:03:49 - round.py - INFO - update_tris - MariaGrazia --> [UP Tris] --> 7 -->7_Picche_Blu
2025-10-27 20:03:49 - round.py - INFO - discard - MariaGrazia --> [Scarto] --> 3_Picche_Rosso
2025-10-27 20:03:49 - round.py - INFO - pick_up_card - Alessio --> [pick_up_card] --> Updated_Game_Ontology.9_Fiori_Rosso
2025-10-27 20:03:49 - round.py - INFO - update_tris - Alessio --> [UP Tris] --> 9 -->9_Fiori_Rosso
2025-10-27 20:03:49 - round.py - INFO - discard - Alessio --> [Scarto] --> 3_Cuori_Rosso
2025-10-27 20:03:49 - round.py - INFO - pick_up_discard - MariaGrazia --> [pick_up_discard] --> Updated_Game_Ontology.4_Quadri_Rosso
2025-10-27 20:03:49 - round.py - INFO - discard - MariaGrazia --> [Scarto] --> 10_Picche_Rosso
2025-10-27 20:03:49 - round.py - INFO - pick_up_discard - Alessio --> [pick_up_discard] --> Updated_Game_Ontology.10_Picche_Rosso
2025-10-27 20:03:49 - round.py - INFO - discard - Alessio --> [Scarto] --> 10_Cuori_Rosso
2025-10-27 20:03:49 - round.py - INFO - pick_up_discard - MariaGrazia --> [pick_up_discard] --> Updated_Game_Ontology.10_Cuori_Rosso
2025-10-27 20:03:50 - round.py - INFO - discard - MariaGrazia --> [Scarto] --> 6_Picche_Rosso
2025-10-27 20:03:50 - round.py - INFO - pick_up_card - Alessio --> [pick_up_card] --> Updated_Game_Ontology.J_Fiori_Rosso
2025-10-27 20:03:50 - round.py - INFO - update_tris - Alessio --> [UP Tris] --> 11 -->J_Fiori_Rosso
2025-10-27 20:03:50 - round.py - INFO - discard - Alessio --> [Scarto] --> 10_Picche_Rosso
2025-10-27 20:03:50 - round.py - INFO - pick_up_card - MariaGrazia --> [pick_up_card] --> Updated_Game_Ontology.8_Quadri_Rosso
2025-10-27 20:03:50 - round.py - INFO - discard - MariaGrazia --> [Scarto] --> 10_Cuori_Rosso
2025-10-27 20:03:50 - round.py - INFO - pick_up_card - Alessio --> [pick_up_card] --> Updated_Game_Ontology.5_Picche_Rosso
2025-10-27 20:03:50 - round.py - INFO - discard - Alessio --> [Scarto] --> Q_Picche_Rosso
2025-10-27 20:03:50 - round.py - INFO - pick_up_discard - MariaGrazia --> [pick_up_discard] --> Updated_Game_Ontology.6_Picche_Rosso
2025-10-27 20:03:50 - round.py - INFO - discard - MariaGrazia --> [Scarto] --> 8_Quadri_Rosso
2025-10-27 20:03:50 - round.py - INFO - pick_up_card - Alessio --> [pick_up_card] --> Updated_Game_Ontology.6_Fiori_Rosso
2025-10-27 20:03:51 - round.py - INFO - discard - Alessio --> [Scarto] --> 6_Quadri_Blu
2025-10-27 20:03:51 - round.py - INFO - pick_up_discard - MariaGrazia --> [pick_up_discard] --> Updated_Game_Ontology.8_Quadri_Rosso
2025-10-27 20:03:51 - round.py - INFO - discard - MariaGrazia --> [Scarto] --> 6_Quadri_Blu
2025-10-27 20:03:51 - round.py - INFO - pick_up_discard - Alessio --> [pick_up_discard] --> Updated_Game_Ontology.6_Quadri_Blu
2025-10-27 20:03:51 - round.py - INFO - discard - Alessio --> [Scarto] --> 8_Picche_Rosso
2025-10-27 20:03:51 - round.py - INFO - pick_up_card - MariaGrazia --> [pick_up_card] --> Updated_Game_Ontology.Jolly_Jolly_N_Blu
2025-10-27 20:03:52 - round.py - INFO - update_tris - MariaGrazia --> [UP Tris] --> 7 -->Jolly_Jolly_N_Blu
2025-10-27 20:03:53 - round.py - INFO - discard - MariaGrazia --> [Scarto] --> 10_Cuori_Rosso
2025-10-27 20:03:53 - round.py - INFO - pick_up_card - Alessio --> [pick_up_card] --> Updated_Game_Ontology.5_Quadri_Blu
2025-10-27 20:03:53 - round.py - INFO - discard - Alessio --> [Scarto] --> 6_Quadri_Blu
2025-10-27 20:03:53 - round.py - INFO - pick_up_discard - MariaGrazia --> [pick_up_discard] --> Updated_Game_Ontology.8_Picche_Rosso
2025-10-27 20:03:54 - round.py - INFO - discard - MariaGrazia --> [Scarto] --> 10_Cuori_Rosso
2025-10-27 20:03:54 - round.py - INFO - pick_up_discard - Alessio --> [pick_up_discard] --> Updated_Game_Ontology.10_Cuori_Rosso
2025-10-27 20:03:54 - round.py - INFO - discard - Alessio --> [Scarto] --> 5_Picche_Rosso
2025-10-27 20:03:54 - round.py - INFO - pick_up_discard - MariaGrazia --> [pick_up_discard] --> Updated_Game_Ontology.5_Picche_Rosso
2025-10-27 20:03:55 - round.py - INFO - discard - MariaGrazia --> [Scarto] --> 8_Picche_Rosso
2025-10-27 20:03:55 - round.py - INFO - pick_up_discard - Alessio --> [pick_up_discard] --> Updated_Game_Ontology.8_Picche_Rosso
2025-10-27 20:03:55 - round.py - INFO - discard - Alessio --> [Scarto] --> Q_Cuori_Rosso
2025-10-27 20:03:55 - round.py - INFO - pick_up_card - MariaGrazia --> [pick_up_card] --> Updated_Game_Ontology.8_Fiori_Blu
2025-10-27 20:03:56 - round.py - INFO - discard - MariaGrazia --> [Scarto] --> 5_Picche_Rosso
2025-10-27 20:03:56 - round.py - INFO - pick_up_card - Alessio --> [pick_up_card] --> Updated_Game_Ontology.4_Picche_Blu
2025-10-27 20:03:56 - round.py - INFO - discard - Alessio --> [Scarto] --> 4_Picche_Blu
2025-10-27 20:03:56 - round.py - INFO - pick_up_discard - MariaGrazia --> [pick_up_discard] --> Updated_Game_Ontology.Q_Cuori_Rosso
2025-10-27 20:03:57 - round.py - INFO - open_tris - MariaGrazia --> [Apro Tris] --> [(4, 16, 'Quadri', 5), (4, 96, 'Picche', 5), (4, 29, 'Fiori', 5)]
2025-10-27 20:03:58 - round.py - INFO - discard - MariaGrazia --> [Scarto] --> 9_Quadri_Blu
2025-10-27 20:03:58 - round.py - INFO - pick_up_card - Alessio --> [pick_up_card] --> Updated_Game_Ontology.3_Quadri_Rosso
2025-10-27 20:03:58 - round.py - INFO - discard - Alessio --> [Scarto] --> 6_Fiori_Rosso
2025-10-27 20:03:58 - round.py - INFO - pick_up_discard - MariaGrazia --> [pick_up_discard] --> Updated_Game_Ontology.9_Quadri_Blu
2025-10-27 20:03:59 - round.py - INFO - open_tris - MariaGrazia --> [Apro Tris] --> [(6, 44, 'Picche', 5), (6, 31, 'Fiori', 5), (6, 72, 'Quadri', 5)]
2025-10-27 20:03:59 - round.py - INFO - discard - MariaGrazia --> [Scarto] --> 5_Picche_Rosso
2025-10-27 20:03:59 - round.py - INFO - pick_up_discard - Alessio --> [pick_up_discard] --> Updated_Game_Ontology.5_Picche_Rosso
2025-10-27 20:03:59 - round.py - INFO - discard - Alessio --> [Scarto] --> 8_Picche_Rosso
2025-10-27 20:03:59 - round.py - INFO - pick_up_card - MariaGrazia --> [pick_up_card] --> Updated_Game_Ontology.K_Picche_Blu
2025-10-27 20:04:00 - round.py - INFO - discard - MariaGrazia --> [Scarto] --> 3_Cuori_Rosso
2025-10-27 20:04:00 - round.py - INFO - pick_up_card - Alessio --> [pick_up_card] --> Updated_Game_Ontology.6_Quadri_Rosso
2025-10-27 20:04:00 - round.py - INFO - discard - Alessio --> [Scarto] --> 5_Picche_Rosso
2025-10-27 20:04:00 - round.py - INFO - pick_up_discard - MariaGrazia --> [pick_up_discard] --> Updated_Game_Ontology.8_Picche_Rosso
2025-10-27 20:04:01 - round.py - INFO - open_tris - MariaGrazia --> [Apro Tris] --> [(8, 20, 'Quadri', 10), (8, 46, 'Picche', 10), (8, 87, 'Fiori', 10)]
2025-10-27 20:04:01 - round.py - INFO - discard - MariaGrazia --> [Scarto] --> 5_Picche_Rosso
2025-10-27 20:04:01 - round.py - INFO - pick_up_discard - Alessio --> [pick_up_discard] --> Updated_Game_Ontology.5_Picche_Rosso
2025-10-27 20:04:01 - round.py - INFO - discard - Alessio --> [Scarto] --> 3_Quadri_Rosso
2025-10-27 20:04:01 - round.py - INFO - pick_up_card - MariaGrazia --> [pick_up_card] --> Updated_Game_Ontology.7_Quadri_Rosso
2025-10-27 20:04:01 - round.py - INFO - update_tris - MariaGrazia --> [UP Tris] --> 7 -->7_Quadri_Rosso
2025-10-27 20:04:01 - round.py - INFO - discard - MariaGrazia --> [Scarto] --> 10_Picche_Rosso
2025-10-27 20:04:01 - round.py - INFO - pick_up_discard - Alessio --> [pick_up_discard] --> Updated_Game_Ontology.3_Quadri_Rosso
2025-10-27 20:04:01 - round.py - INFO - discard - Alessio --> [Scarto] --> 10_Cuori_Rosso
2025-10-27 20:04:01 - round.py - INFO - pick_up_discard - MariaGrazia --> [pick_up_discard] --> Updated_Game_Ontology.10_Cuori_Rosso
2025-10-27 20:04:01 - round.py - INFO - discard - MariaGrazia --> [Scarto] --> 3_Cuori_Rosso
2025-10-27 20:04:01 - round.py - INFO - pick_up_card - Alessio --> [pick_up_card] --> Updated_Game_Ontology.J_Fiori_Blu
2025-10-27 20:04:02 - round.py - INFO - update_tris - Alessio --> [UP Tris] --> 11 -->J_Fiori_Blu
2025-10-27 20:04:02 - round.py - INFO - discard - Alessio --> [Scarto] --> 3_Quadri_Rosso
2025-10-27 20:04:02 - round.py - INFO - pick_up_discard - MariaGrazia --> [pick_up_discard] --> Updated_Game_Ontology.3_Cuori_Rosso
2025-10-27 20:04:02 - round.py - INFO - open_tris - MariaGrazia --> [Apro Tris] --> [(3, 41, 'Picche', 5), (3, 2, 'Cuori', 5), (3, 15, 'Quadri', 5)]
2025-10-27 20:04:02 - round.py - INFO - discard - MariaGrazia --> [Scarto] --> K_Fiori_Rosso
2025-10-27 20:04:02 - round.py - INFO - pick_up_discard - Alessio --> [pick_up_discard] --> Updated_Game_Ontology.K_Fiori_Rosso
2025-10-27 20:04:02 - round.py - INFO - discard - Alessio --> [Scarto] --> Q_Cuori_Rosso
2025-10-27 20:04:02 - round.py - INFO - pick_up_discard - MariaGrazia --> [pick_up_discard] --> Updated_Game_Ontology.Q_Cuori_Rosso
2025-10-27 20:04:02 - round.py - INFO - discard - MariaGrazia --> [Scarto] --> Q_Picche_Rosso
2025-10-27 20:04:02 - round.py - INFO - pick_up_discard - Alessio --> [pick_up_discard] --> Updated_Game_Ontology.Q_Picche_Rosso
2025-10-27 20:04:02 - round.py - INFO - discard - Alessio --> [Scarto] --> 5_Picche_Rosso
2025-10-27 20:04:02 - round.py - INFO - pick_up_discard - MariaGrazia --> [pick_up_discard] --> Updated_Game_Ontology.5_Picche_Rosso
2025-10-27 20:04:02 - round.py - INFO - discard - MariaGrazia --> [Scarto] --> 5_Picche_Rosso
2025-10-27 20:04:02 - round.py - INFO - pick_up_card - Alessio --> [pick_up_card] --> Updated_Game_Ontology.10_Quadri_Blu
2025-10-27 20:04:02 - round.py - INFO - discard - Alessio --> [Scarto] --> 5_Quadri_Blu
2025-10-27 20:04:02 - round.py - INFO - pick_up_card - MariaGrazia --> [pick_up_card] --> Updated_Game_Ontology.K_Quadri_Rosso
2025-10-27 20:04:02 - round.py - INFO - discard - MariaGrazia --> [Scarto] --> Q_Cuori_Rosso
2025-10-27 20:04:02 - round.py - INFO - pick_up_card - Alessio --> [pick_up_card] --> Updated_Game_Ontology.A_Cuori_Rosso
2025-10-27 20:04:02 - round.py - INFO - update_meld - Alessio --> [UP Canasta] --> Updated_Game_Ontology.Cuori --> A_Cuori_Rosso
2025-10-27 20:04:02 - round.py - INFO - discard - Alessio --> [Scarto] --> 10_Picche_Rosso
2025-10-27 20:04:02 - round.py - INFO - pick_up_discard - MariaGrazia --> [pick_up_discard] --> Updated_Game_Ontology.5_Picche_Rosso
2025-10-27 20:04:03 - round.py - INFO - discard - MariaGrazia --> [Scarto] --> 9_Quadri_Blu
2025-10-27 20:04:03 - round.py - INFO - pick_up_card - Alessio --> [pick_up_card] --> Updated_Game_Ontology.Q_Fiori_Rosso
2025-10-27 20:04:03 - round.py - INFO - discard - Alessio --> [Scarto] --> 6_Quadri_Rosso
2025-10-27 20:04:03 - round.py - INFO - pick_up_discard - MariaGrazia --> [pick_up_discard] --> Updated_Game_Ontology.9_Quadri_Blu
2025-10-27 20:04:03 - round.py - INFO - update_tris - MariaGrazia --> [UP Tris] --> 6 -->6_Quadri_Rosso
2025-10-27 20:04:03 - round.py - INFO - discard - MariaGrazia --> [Scarto] --> 10_Cuori_Rosso
2025-10-27 20:04:03 - round.py - INFO - pick_up_discard - Alessio --> [pick_up_discard] --> Updated_Game_Ontology.10_Cuori_Rosso
2025-10-27 20:04:03 - round.py - INFO - open_tris - Alessio --> [Apro Tris] --> [(10, 48, 'Picche', 10), (10, 76, 'Quadri', 10), (10, 9, 'Cuori', 10)]
2025-10-27 20:04:03 - round.py - INFO - discard - Alessio --> [Scarto] --> Q_Picche_Rosso
2025-10-27 20:04:03 - round.py - INFO - pick_up_card - MariaGrazia --> [pick_up_card] --> Updated_Game_Ontology.A_Quadri_Rosso
2025-10-27 20:04:03 - round.py - INFO - update_tris - MariaGrazia --> [UP Tris] --> 1 -->A_Quadri_Rosso
2025-10-27 20:04:04 - round.py - INFO - discard - MariaGrazia --> [Scarto] --> 5_Quadri_Blu
2025-10-27 20:04:04 - round.py - INFO - pick_up_discard - Alessio --> [pick_up_discard] --> Updated_Game_Ontology.Q_Picche_Rosso
2025-10-27 20:04:04 - round.py - INFO - discard - Alessio --> [Scarto] --> K_Fiori_Rosso
2025-10-27 20:04:04 - round.py - INFO - pick_up_card - MariaGrazia --> [pick_up_card] --> Updated_Game_Ontology.4_Fiori_Blu
2025-10-27 20:04:04 - round.py - INFO - update_tris - MariaGrazia --> [UP Tris] --> 4 -->4_Fiori_Blu
2025-10-27 20:04:04 - round.py - INFO - discard - MariaGrazia --> [Scarto] --> K_Quadri_Rosso
2025-10-27 20:04:04 - round.py - INFO - pick_up_discard - Alessio --> [pick_up_discard] --> Updated_Game_Ontology.K_Fiori_Rosso
2025-10-27 20:04:04 - round.py - INFO - discard - Alessio --> [Scarto] --> Q_Picche_Rosso
2025-10-27 20:04:04 - round.py - INFO - pick_up_card - MariaGrazia --> [pick_up_card] --> Updated_Game_Ontology.3_Fiori_Rosso
2025-10-27 20:04:04 - round.py - INFO - update_tris - MariaGrazia --> [UP Tris] --> 3 -->3_Fiori_Rosso
2025-10-27 20:04:04 - round.py - INFO - discard - MariaGrazia --> [Scarto] --> Q_Cuori_Rosso
2025-10-27 20:04:04 - round.py - INFO - pick_up_discard - Alessio --> [pick_up_discard] --> Updated_Game_Ontology.Q_Picche_Rosso
2025-10-27 20:04:04 - round.py - INFO - open_tris - Alessio --> [Apro Tris] --> [(12, 50, 'Picche', 10), (12, 11, 'Cuori', 10), (12, 37, 'Fiori', 10)]
2025-10-27 20:04:04 - round.py - INFO - discard - Alessio --> [Scarto] --> K_Fiori_Rosso
2025-10-27 20:04:04 - round.py - INFO - pick_up_discard - MariaGrazia --> [pick_up_discard] --> Updated_Game_Ontology.K_Fiori_Rosso
2025-10-27 20:04:04 - round.py - INFO - discard - MariaGrazia --> [Scarto] --> 10_Picche_Rosso
2025-10-27 20:04:04 - round.py - INFO - pick_up_card - Alessio --> [pick_up_card] --> Updated_Game_Ontology.K_Cuori_Rosso
2025-10-27 20:04:04 - round.py - INFO - discard - Alessio --> [Scarto] --> K_Cuori_Rosso
2025-10-27 20:04:04 - round.py - INFO - pick_up_discard - MariaGrazia --> [pick_up_discard] --> Updated_Game_Ontology.10_Picche_Rosso
2025-10-27 20:04:04 - round.py - INFO - open_tris - MariaGrazia --> [Apro Tris] --> [(13, 38, 'Fiori', 10), (13, 12, 'Cuori', 10), (13, 105, 'Picche', 10)]
2025-10-27 20:04:04 - round.py - INFO - discard - MariaGrazia --> [Scarto] --> 9_Quadri_Blu
2025-10-27 20:04:04 - round.py - INFO - pick_up_card - Alessio --> [pick_up_card] --> Updated_Game_Ontology.8_Fiori_Rosso
2025-10-27 20:04:04 - round.py - INFO - discard - Alessio --> [Scarto] --> 8_Fiori_Rosso
2025-10-27 20:04:04 - round.py - INFO - pick_up_discard - MariaGrazia --> [pick_up_discard] --> Updated_Game_Ontology.9_Quadri_Blu
2025-10-27 20:04:04 - round.py - INFO - update_tris - MariaGrazia --> [UP Tris] --> 8 -->8_Fiori_Rosso
2025-10-27 20:04:04 - round.py - INFO - discard - MariaGrazia --> [Scarto] --> 9_Quadri_Blu
2025-10-27 20:04:04 - round.py - INFO - pick_up_card - Alessio --> [pick_up_card] --> Updated_Game_Ontology.Q_Quadri_Blu
2025-10-27 20:04:04 - round.py - INFO - update_tris - Alessio --> [UP Tris] --> 12 -->Q_Quadri_Blu
2025-10-27 20:04:04 - round.py - INFO - discard - Alessio --> [Scarto] --> K_Quadri_Rosso
2025-10-27 20:04:04 - round.py - INFO - pick_up_discard - MariaGrazia --> [pick_up_discard] --> Updated_Game_Ontology.9_Quadri_Blu
2025-10-27 20:04:04 - round.py - INFO - update_tris - MariaGrazia --> [UP Tris] --> 13 -->K_Quadri_Rosso
2025-10-27 20:04:04 - round.py - INFO - discard - MariaGrazia --> [Scarto] --> Q_Cuori_Rosso
2025-10-27 20:04:04 - round.py - INFO - pick_up_discard - Alessio --> [pick_up_discard] --> Updated_Game_Ontology.Q_Cuori_Rosso
2025-10-27 20:04:04 - round.py - INFO - update_tris - Alessio --> [UP Tris] --> 12 -->Q_Cuori_Rosso
2025-10-27 20:04:04 - round.py - INFO - discard - Alessio --> [Scarto] --> 5_Quadri_Blu
2025-10-27 20:04:04 - round.py - INFO - pick_up_card - MariaGrazia --> [pick_up_card] --> Updated_Game_Ontology.5_Quadri_Rosso
2025-10-27 20:04:05 - round.py - INFO - discard - MariaGrazia --> [Scarto] --> 5_Quadri_Rosso
2025-10-27 20:04:05 - round.py - INFO - pick_up_discard - Alessio --> [pick_up_discard] --> Updated_Game_Ontology.5_Quadri_Blu
2025-10-27 20:04:05 - round.py - INFO - discard - Alessio --> [Scarto] --> 5_Quadri_Blu
2025-10-27 20:04:05 - round.py - INFO - pick_up_card - MariaGrazia --> [pick_up_card] --> Updated_Game_Ontology.Q_Picche_Blu
2025-10-27 20:04:05 - round.py - INFO - discard - MariaGrazia --> [Scarto] --> Q_Picche_Blu
2025-10-27 20:04:05 - round.py - INFO - pick_up_card - Alessio --> [pick_up_card] --> Updated_Game_Ontology.10_Cuori_Blu
2025-10-27 20:04:05 - round.py - INFO - update_tris - Alessio --> [UP Tris] --> 10 -->10_Cuori_Blu
2025-10-27 20:04:05 - round.py - INFO - close_game - Alessio --> [Chiudo] --> 5_Quadri_Rosso
