2025-10-30 21:35:19 - logger.py - INFO - _initialize - Logger inizializzato. File di log: logs\partita_20251030_213519617157.log
2025-10-30 21:35:19 - round.py - INFO - pick_up_discard - Alessio ----> 3_Picche_Blu
2025-10-30 21:35:21 - round.py - INFO - open_meld - Alessio ----> [(-1, 14, 'Jolly', 20), (10, 76, 'Quadri', 10), (11, 23, 'Quadri', 10)]
2025-10-30 21:35:21 - round.py - INFO - open_meld - Alessio ----> [(5, 58, 'Cuori', 5), (6, 5, 'Cuori', 5), (7, 6, 'Cuori', 5)]
2025-10-30 21:35:21 - round.py - INFO - discard - Alessio ----> 10_Fiori_Rosso
2025-10-30 21:35:21 - round.py - INFO - pick_up_discard - MariaGrazia ----> 10_Fiori_Rosso
2025-10-30 21:35:23 - round.py - INFO - open_tris - MariaGrazia ----> [(-1, 55, 'Jolly', 20), (7, 19, 'Quadri', 5), (7, 45, 'Picche', 5)]
2025-10-30 21:35:23 - round.py - INFO - discard - MariaGrazia ----> J_Picche_Rosso
2025-10-30 21:35:23 - round.py - INFO - pick_up_discard - Alessio ----> J_Picche_Rosso
2025-10-30 21:35:23 - round.py - INFO - discard - Alessio ----> 4_Picche_Rosso
2025-10-30 21:35:23 - round.py - INFO - pick_up_card - MariaGrazia ----> 10_Fiori_Rosso
2025-10-30 21:35:24 - round.py - INFO - discard - MariaGrazia ----> 10_Fiori_Rosso
2025-10-30 21:35:24 - round.py - INFO - pick_up_discard - Alessio ----> 4_Picche_Rosso
2025-10-30 21:35:24 - round.py - INFO - discard - Alessio ----> 4_Fiori_Rosso
2025-10-30 21:35:24 - round.py - INFO - pick_up_card - MariaGrazia ----> J_Quadri_Rosso
2025-10-30 21:35:24 - round.py - INFO - discard - MariaGrazia ----> J_Quadri_Rosso
2025-10-30 21:35:24 - round.py - INFO - pick_up_card - Alessio ----> 2_Quadri_Rosso
2025-10-30 21:35:24 - round.py - INFO - update_meld - Alessio ----> Updated_Game_Ontology20251030_213515537081.Cuori --> 2_Quadri_Rosso
2025-10-30 21:35:24 - round.py - INFO - discard - Alessio ----> J_Picche_Rosso
2025-10-30 21:35:24 - round.py - INFO - pick_up_card - MariaGrazia ----> 4_Fiori_Rosso
2025-10-30 21:35:25 - round.py - INFO - discard - MariaGrazia ----> K_Fiori_Rosso
2025-10-30 21:35:25 - round.py - INFO - pick_up_discard - Alessio ----> 4_Fiori_Rosso
2025-10-30 21:35:25 - round.py - INFO - discard - Alessio ----> J_Quadri_Rosso
2025-10-30 21:35:25 - round.py - INFO - pick_up_card - MariaGrazia ----> 10_Quadri_Blu
2025-10-30 21:35:26 - round.py - INFO - open_tris - MariaGrazia ----> [(10, 76, 'Quadri', 10), (10, 35, 'Fiori', 10), (10, 48, 'Picche', 10)]
2025-10-30 21:35:26 - round.py - INFO - discard - MariaGrazia ----> 9_Quadri_Blu
2025-10-30 21:35:26 - round.py - INFO - pick_up_card - Alessio ----> 6_Cuori_Rosso
2025-10-30 21:35:26 - round.py - INFO - discard - Alessio ----> 3_Fiori_Blu
2025-10-30 21:35:26 - round.py - INFO - pick_up_card - MariaGrazia ----> 7_Cuori_Rosso
2025-10-30 21:35:26 - round.py - INFO - discard - MariaGrazia ----> 4_Fiori_Rosso
2025-10-30 21:35:26 - round.py - INFO - pick_up_card - Alessio ----> 4_Picche_Rosso
2025-10-30 21:35:27 - round.py - INFO - discard - Alessio ----> 3_Picche_Blu
2025-10-30 21:35:27 - round.py - INFO - pick_up_discard - MariaGrazia ----> J_Quadri_Rosso
2025-10-30 21:35:27 - round.py - INFO - discard - MariaGrazia ----> 9_Quadri_Blu
2025-10-30 21:35:27 - round.py - INFO - pick_up_discard - Alessio ----> 9_Quadri_Blu
2025-10-30 21:35:28 - round.py - INFO - update_meld - Alessio ----> Updated_Game_Ontology20251030_213515537081.Quadri --> 9_Quadri_Blu
2025-10-30 21:35:28 - round.py - INFO - discard - Alessio ----> K_Fiori_Rosso
2025-10-30 21:35:28 - round.py - INFO - pick_up_discard - MariaGrazia ----> K_Fiori_Rosso
2025-10-30 21:35:28 - round.py - INFO - discard - MariaGrazia ----> A_Picche_Blu
2025-10-30 21:35:28 - round.py - INFO - pick_up_discard - Alessio ----> A_Picche_Blu
2025-10-30 21:35:29 - round.py - INFO - discard - Alessio ----> 4_Picche_Rosso
2025-10-30 21:35:29 - round.py - INFO - pick_up_discard - MariaGrazia ----> 4_Picche_Rosso
2025-10-30 21:35:29 - round.py - INFO - discard - MariaGrazia ----> 4_Fiori_Rosso
2025-10-30 21:35:29 - round.py - INFO - pick_up_card - Alessio ----> 5_Cuori_Blu
2025-10-30 21:35:30 - round.py - INFO - discard - Alessio ----> A_Picche_Blu
2025-10-30 21:35:30 - round.py - INFO - pick_up_discard - MariaGrazia ----> 4_Fiori_Rosso
2025-10-30 21:35:30 - round.py - INFO - discard - MariaGrazia ----> 5_Quadri_Rosso
2025-10-30 21:35:30 - round.py - INFO - pick_up_discard - Alessio ----> 5_Quadri_Rosso
2025-10-30 21:35:31 - round.py - INFO - update_meld - Alessio ----> Updated_Game_Ontology20251030_213515537081.Quadri --> 5_Quadri_Rosso
2025-10-30 21:35:31 - round.py - INFO - discard - Alessio ----> 10_Fiori_Rosso
2025-10-30 21:35:31 - round.py - INFO - pick_up_card - MariaGrazia ----> 6_Picche_Rosso
2025-10-30 21:35:32 - round.py - INFO - discard - MariaGrazia ----> 7_Cuori_Rosso
2025-10-30 21:35:32 - round.py - INFO - pick_up_discard - Alessio ----> 10_Fiori_Rosso
2025-10-30 21:35:32 - round.py - INFO - open_meld - Alessio ----> [(5, 58, 'Cuori', 5), (6, 5, 'Cuori', 5), (7, 6, 'Cuori', 5)]
2025-10-30 21:35:32 - round.py - INFO - discard - Alessio ----> 6_Picche_Rosso
2025-10-30 21:35:32 - round.py - INFO - pick_up_discard - MariaGrazia ----> 6_Picche_Rosso
2025-10-30 21:35:33 - round.py - INFO - discard - MariaGrazia ----> 6_Picche_Rosso
2025-10-30 21:35:33 - round.py - INFO - pick_up_card - Alessio ----> 3_Fiori_Blu
2025-10-30 21:35:33 - round.py - INFO - discard - Alessio ----> J_Picche_Rosso
2025-10-30 21:35:33 - round.py - INFO - pick_up_discard - MariaGrazia ----> 6_Picche_Rosso
2025-10-30 21:35:34 - round.py - INFO - discard - MariaGrazia ----> J_Quadri_Rosso
2025-10-30 21:35:34 - round.py - INFO - pick_up_card - Alessio ----> J_Picche_Rosso
2025-10-30 21:35:34 - round.py - INFO - discard - Alessio ----> 4_Fiori_Rosso
2025-10-30 21:35:34 - round.py - INFO - pick_up_discard - MariaGrazia ----> J_Quadri_Rosso
2025-10-30 21:35:36 - round.py - INFO - discard - MariaGrazia ----> 5_Cuori_Rosso
2025-10-30 21:35:36 - round.py - INFO - pick_up_card - Alessio ----> 2_Cuori_Blu
2025-10-30 21:35:36 - round.py - INFO - update_meld - Alessio ----> Updated_Game_Ontology20251030_213515537081.Quadri --> 2_Cuori_Blu
2025-10-30 21:35:36 - round.py - INFO - discard - Alessio ----> 10_Fiori_Rosso
2025-10-30 21:35:36 - round.py - INFO - pick_up_card - MariaGrazia ----> K_Quadri_Blu
2025-10-30 21:35:38 - round.py - INFO - discard - MariaGrazia ----> J_Quadri_Rosso
2025-10-30 21:35:38 - round.py - INFO - pick_up_card - Alessio ----> 5_Quadri_Rosso
2025-10-30 21:35:38 - round.py - INFO - discard - Alessio ----> 4_Picche_Rosso
2025-10-30 21:35:38 - round.py - INFO - pick_up_card - MariaGrazia ----> 5_Cuori_Rosso
2025-10-30 21:35:40 - round.py - INFO - discard - MariaGrazia ----> 4_Fiori_Rosso
2025-10-30 21:35:40 - round.py - INFO - pick_up_card - Alessio ----> 7_Picche_Rosso
2025-10-30 21:35:40 - round.py - INFO - discard - Alessio ----> 7_Picche_Rosso
2025-10-30 21:35:40 - round.py - INFO - pick_up_card - MariaGrazia ----> 7_Quadri_Rosso
2025-10-30 21:35:41 - round.py - INFO - discard - MariaGrazia ----> J_Picche_Rosso
2025-10-30 21:35:41 - round.py - INFO - pick_up_card - Alessio ----> 9_Quadri_Blu
2025-10-30 21:35:41 - round.py - INFO - discard - Alessio ----> 3_Fiori_Blu
2025-10-30 21:35:41 - round.py - INFO - pick_up_card - MariaGrazia ----> K_Fiori_Rosso
2025-10-30 21:35:43 - round.py - INFO - discard - MariaGrazia ----> 3_Picche_Blu
2025-10-30 21:35:43 - round.py - INFO - pick_up_card - Alessio ----> 10_Picche_Rosso
2025-10-30 21:35:43 - round.py - INFO - discard - Alessio ----> 10_Picche_Rosso
2025-10-30 21:35:43 - round.py - INFO - pick_up_discard - MariaGrazia ----> 5_Cuori_Rosso
2025-10-30 21:35:58 - round.py - INFO - update_tris - MariaGrazia ----> 10 -->10_Fiori_Rosso
2025-10-30 21:36:10 - round.py - INFO - update_tris - MariaGrazia ----> 10 -->10_Picche_Rosso
2025-10-30 21:36:19 - round.py - INFO - discard - MariaGrazia ----> 4_Fiori_Rosso
2025-10-30 21:36:19 - round.py - INFO - pick_up_discard - Alessio ----> 4_Fiori_Rosso
2025-10-30 21:36:19 - round.py - INFO - discard - Alessio ----> 9_Quadri_Blu
2025-10-30 21:36:19 - round.py - INFO - pick_up_card - MariaGrazia ----> A_Picche_Blu
2025-10-30 21:36:29 - round.py - INFO - discard - MariaGrazia ----> K_Fiori_Rosso
2025-10-30 21:36:29 - round.py - INFO - pick_up_card - Alessio ----> 10_Cuori_Blu
2025-10-30 21:36:29 - round.py - INFO - discard - Alessio ----> 10_Cuori_Blu
2025-10-30 21:36:29 - round.py - INFO - pick_up_card - MariaGrazia ----> Q_Cuori_Blu
2025-10-30 21:36:38 - round.py - INFO - discard - MariaGrazia ----> 4_Picche_Rosso
2025-10-30 21:36:38 - round.py - INFO - pick_up_card - Alessio ----> A_Fiori_Blu
2025-10-30 21:36:38 - round.py - INFO - discard - Alessio ----> J_Picche_Rosso
2025-10-30 21:36:38 - round.py - INFO - pick_up_card - MariaGrazia ----> 5_Fiori_Rosso
2025-10-30 21:36:47 - round.py - INFO - open_meld - MariaGrazia ----> [(3, 82, 'Fiori', 5), (4, 29, 'Fiori', 5), (5, 30, 'Fiori', 5)]
2025-10-30 21:36:52 - round.py - INFO - discard - MariaGrazia ----> A_Picche_Blu
2025-10-30 21:36:52 - round.py - INFO - pick_up_card - Alessio ----> 7_Cuori_Blu
2025-10-30 21:36:52 - round.py - INFO - discard - Alessio ----> 5_Quadri_Rosso
2025-10-30 21:36:52 - round.py - INFO - pick_up_card - MariaGrazia ----> 6_Quadri_Blu
2025-10-30 21:36:57 - round.py - INFO - discard - MariaGrazia ----> 3_Picche_Blu
2025-10-30 21:36:57 - round.py - INFO - pick_up_discard - Alessio ----> 9_Quadri_Blu
2025-10-30 21:36:58 - round.py - INFO - discard - Alessio ----> A_Fiori_Blu
2025-10-30 21:36:58 - round.py - INFO - pick_up_card - MariaGrazia ----> 9_Picche_Blu
2025-10-30 21:37:03 - round.py - INFO - discard - MariaGrazia ----> A_Picche_Blu
2025-10-30 21:37:03 - round.py - INFO - pick_up_card - Alessio ----> A_Picche_Rosso
2025-10-30 21:37:04 - round.py - INFO - discard - Alessio ----> 3_Picche_Blu
2025-10-30 21:37:04 - round.py - INFO - pick_up_discard - MariaGrazia ----> A_Fiori_Blu
2025-10-30 21:37:12 - round.py - INFO - discard - MariaGrazia ----> 7_Quadri_Rosso
2025-10-30 21:37:12 - round.py - INFO - pick_up_card - Alessio ----> A_Fiori_Rosso
2025-10-30 21:37:13 - round.py - INFO - open_tris - Alessio ----> [(1, 93, 'Picche', 15), (1, 39, 'Picche', 15), (1, 26, 'Fiori', 15)]
2025-10-30 21:37:13 - round.py - INFO - discard - Alessio ----> 9_Quadri_Blu
2025-10-30 21:37:13 - round.py - INFO - pick_up_discard - MariaGrazia ----> 7_Quadri_Rosso
2025-10-30 21:37:22 - round.py - INFO - discard - MariaGrazia ----> K_Quadri_Blu
2025-10-30 21:37:22 - round.py - INFO - pick_up_discard - Alessio ----> K_Quadri_Blu
2025-10-30 21:37:22 - round.py - INFO - discard - Alessio ----> 4_Fiori_Rosso
2025-10-30 21:37:22 - round.py - INFO - pick_up_card - MariaGrazia ----> 8_Picche_Rosso
2025-10-30 21:37:32 - round.py - INFO - open_meld - MariaGrazia ----> [(7, 45, 'Picche', 5), (8, 46, 'Picche', 10), (9, 101, 'Picche', 10)]
2025-10-30 21:37:37 - round.py - INFO - update_meld - MariaGrazia ----> Updated_Game_Ontology20251030_213515537081.Picche --> 6_Picche_Rosso
2025-10-30 21:37:41 - round.py - INFO - discard - MariaGrazia ----> 6_Picche_Rosso
2025-10-30 21:37:41 - round.py - INFO - pick_up_card - Alessio ----> 9_Picche_Rosso
2025-10-30 21:37:42 - round.py - INFO - discard - Alessio ----> 4_Picche_Rosso
2025-10-30 21:37:42 - round.py - INFO - pick_up_discard - MariaGrazia ----> 4_Fiori_Rosso
2025-10-30 21:37:47 - round.py - INFO - discard - MariaGrazia ----> 4_Picche_Rosso
2025-10-30 21:37:47 - round.py - INFO - pick_up_card - Alessio ----> 8_Quadri_Rosso
2025-10-30 21:37:47 - round.py - INFO - update_meld - Alessio ----> Updated_Game_Ontology20251030_213515537081.Quadri --> 8_Quadri_Rosso
2025-10-30 21:37:47 - round.py - INFO - discard - Alessio ----> K_Quadri_Blu
2025-10-30 21:37:47 - round.py - INFO - pick_up_discard - MariaGrazia ----> 4_Picche_Rosso
2025-10-30 21:37:53 - round.py - INFO - discard - MariaGrazia ----> 4_Fiori_Rosso
2025-10-30 21:37:53 - round.py - INFO - pick_up_card - Alessio ----> 5_Picche_Blu
2025-10-30 21:37:53 - round.py - INFO - discard - Alessio ----> 10_Cuori_Blu
2025-10-30 21:37:53 - round.py - INFO - pick_up_discard - MariaGrazia ----> 4_Fiori_Rosso
2025-10-30 21:37:59 - round.py - INFO - update_tris - MariaGrazia ----> 10 -->10_Cuori_Blu
2025-10-30 21:38:03 - round.py - INFO - discard - MariaGrazia ----> K_Quadri_Blu
2025-10-30 21:38:03 - round.py - INFO - pick_up_discard - Alessio ----> K_Quadri_Blu
2025-10-30 21:38:03 - round.py - INFO - discard - Alessio ----> K_Fiori_Rosso
2025-10-30 21:38:03 - round.py - INFO - pick_up_card - MariaGrazia ----> 4_Quadri_Rosso
2025-10-30 21:38:08 - round.py - INFO - open_tris - MariaGrazia ----> [(4, 29, 'Fiori', 5), (4, 16, 'Quadri', 5), (4, 42, 'Picche', 5)]
2025-10-30 21:38:10 - round.py - INFO - update_tris - MariaGrazia ----> 4 -->4_Picche_Rosso
2025-10-30 21:38:12 - round.py - INFO - discard - MariaGrazia ----> A_Picche_Blu
2025-10-30 21:38:12 - round.py - INFO - pick_up_card - Alessio ----> 8_Fiori_Blu
2025-10-30 21:38:12 - round.py - INFO - discard - Alessio ----> 5_Picche_Blu
2025-10-30 21:38:12 - round.py - INFO - pick_up_card - MariaGrazia ----> 8_Picche_Blu
2025-10-30 21:38:14 - round.py - INFO - discard - MariaGrazia ----> 8_Picche_Blu
2025-10-30 21:38:14 - round.py - INFO - pick_up_discard - Alessio ----> K_Fiori_Rosso
2025-10-30 21:38:14 - round.py - INFO - update_tris - Alessio ----> 1 -->A_Picche_Blu
2025-10-30 21:38:14 - round.py - INFO - discard - Alessio ----> J_Picche_Rosso
2025-10-30 21:38:14 - round.py - INFO - pick_up_card - MariaGrazia ----> K_Picche_Rosso
2025-10-30 21:38:16 - round.py - INFO - open_tris - MariaGrazia ----> [(13, 51, 'Picche', 10), (13, 79, 'Quadri', 10), (13, 38, 'Fiori', 10)]
2025-10-30 21:38:16 - round.py - INFO - discard - MariaGrazia ----> 5_Cuori_Rosso
2025-10-30 21:38:16 - round.py - INFO - pick_up_card - Alessio ----> 10_Quadri_Rosso
2025-10-30 21:38:17 - round.py - INFO - discard - Alessio ----> K_Fiori_Rosso
2025-10-30 21:38:17 - round.py - INFO - pick_up_discard - MariaGrazia ----> J_Picche_Rosso
2025-10-30 21:38:18 - round.py - INFO - update_tris - MariaGrazia ----> 13 -->K_Fiori_Rosso
2025-10-30 21:38:19 - round.py - INFO - discard - MariaGrazia ----> 5_Cuori_Rosso
2025-10-30 21:38:19 - round.py - INFO - pick_up_card - Alessio ----> J_Cuori_Blu
2025-10-30 21:38:19 - round.py - INFO - discard - Alessio ----> 8_Picche_Blu
2025-10-30 21:38:19 - round.py - INFO - pick_up_card - MariaGrazia ----> J_Cuori_Rosso
2025-10-30 21:38:20 - round.py - INFO - open_tris - MariaGrazia ----> [(11, 49, 'Picche', 10), (11, 10, 'Cuori', 10), (11, 23, 'Quadri', 10)]
2025-10-30 21:38:20 - round.py - INFO - update_tris - MariaGrazia ----> 11 -->J_Picche_Rosso
2025-10-30 21:38:21 - round.py - INFO - discard - MariaGrazia ----> 9_Quadri_Blu
2025-10-30 21:38:21 - round.py - INFO - pick_up_card - Alessio ----> Q_Fiori_Blu
2025-10-30 21:38:21 - round.py - INFO - discard - Alessio ----> 9_Picche_Rosso
2025-10-30 21:38:21 - round.py - INFO - pick_up_discard - MariaGrazia ----> 5_Cuori_Rosso
2025-10-30 21:38:22 - round.py - INFO - discard - MariaGrazia ----> A_Fiori_Blu
2025-10-30 21:38:22 - round.py - INFO - pick_up_discard - Alessio ----> A_Fiori_Blu
2025-10-30 21:38:22 - round.py - INFO - update_tris - Alessio ----> 1 -->A_Fiori_Blu
2025-10-30 21:38:22 - round.py - INFO - discard - Alessio ----> K_Quadri_Blu
2025-10-30 21:38:22 - round.py - INFO - pick_up_card - MariaGrazia ----> 8_Cuori_Rosso
2025-10-30 21:38:23 - round.py - INFO - discard - MariaGrazia ----> 5_Cuori_Rosso
2025-10-30 21:38:23 - round.py - INFO - pick_up_discard - Alessio ----> K_Quadri_Blu
2025-10-30 21:38:23 - round.py - INFO - open_tris - Alessio ----> [(5, 97, 'Picche', 5), (5, 4, 'Cuori', 5), (5, 17, 'Quadri', 5)]
2025-10-30 21:38:23 - round.py - INFO - discard - Alessio ----> 10_Quadri_Rosso
2025-10-30 21:38:23 - round.py - INFO - pick_up_discard - MariaGrazia ----> 10_Quadri_Rosso
2025-10-30 21:38:24 - round.py - INFO - update_tris - MariaGrazia ----> 10 -->10_Quadri_Rosso
2025-10-30 21:38:24 - round.py - INFO - discard - MariaGrazia ----> 3_Fiori_Blu
2025-10-30 21:38:24 - round.py - INFO - pick_up_discard - Alessio ----> 3_Fiori_Blu
2025-10-30 21:38:24 - round.py - INFO - discard - Alessio ----> 3_Fiori_Blu
2025-10-30 21:38:24 - round.py - INFO - pick_up_discard - MariaGrazia ----> 3_Fiori_Blu
2025-10-30 21:38:25 - round.py - INFO - discard - MariaGrazia ----> 6_Quadri_Blu
2025-10-30 21:38:25 - round.py - INFO - pick_up_discard - Alessio ----> 6_Quadri_Blu
2025-10-30 21:38:25 - round.py - INFO - update_meld - Alessio ----> Updated_Game_Ontology20251030_213515537081.Quadri --> 6_Quadri_Blu
2025-10-30 21:38:25 - round.py - INFO - discard - Alessio ----> Q_Fiori_Blu
2025-10-30 21:38:25 - round.py - INFO - pick_up_discard - MariaGrazia ----> Q_Fiori_Blu
2025-10-30 21:38:25 - round.py - INFO - discard - MariaGrazia ----> 3_Picche_Blu
2025-10-30 21:38:25 - round.py - INFO - pick_up_discard - Alessio ----> 3_Picche_Blu
2025-10-30 21:38:25 - round.py - INFO - discard - Alessio ----> K_Quadri_Blu
2025-10-30 21:38:25 - round.py - INFO - pick_up_card - MariaGrazia ----> 8_Cuori_Blu
2025-10-30 21:38:26 - round.py - INFO - open_tris - MariaGrazia ----> [(8, 7, 'Cuori', 10), (8, 61, 'Cuori', 10), (8, 100, 'Picche', 10)]
2025-10-30 21:38:26 - round.py - INFO - discard - MariaGrazia ----> Q_Cuori_Blu
2025-10-30 21:38:26 - round.py - INFO - pick_up_discard - Alessio ----> K_Quadri_Blu
2025-10-30 21:38:26 - round.py - INFO - discard - Alessio ----> 8_Fiori_Blu
2025-10-30 21:38:26 - round.py - INFO - pick_up_card - MariaGrazia ----> Jolly_Jolly_R_Blu
2025-10-30 21:38:26 - round.py - INFO - update_tris - MariaGrazia ----> 11 -->Jolly_Jolly_R_Blu
2025-10-30 21:38:26 - round.py - INFO - discard - MariaGrazia ----> 9_Quadri_Blu
2025-10-30 21:38:26 - round.py - INFO - pick_up_discard - Alessio ----> 8_Fiori_Blu
2025-10-30 21:38:26 - round.py - INFO - discard - Alessio ----> 3_Picche_Blu
2025-10-30 21:38:26 - round.py - INFO - pick_up_discard - MariaGrazia ----> 3_Picche_Blu
2025-10-30 21:38:26 - round.py - INFO - discard - MariaGrazia ----> 7_Quadri_Rosso
2025-10-30 21:38:26 - round.py - INFO - pick_up_discard - Alessio ----> 7_Quadri_Rosso
2025-10-30 21:38:26 - round.py - INFO - update_meld - Alessio ----> Updated_Game_Ontology20251030_213515537081.Quadri --> 7_Quadri_Rosso
2025-10-30 21:38:26 - round.py - INFO - discard - Alessio ----> 7_Cuori_Blu
2025-10-30 21:38:26 - round.py - INFO - pick_up_card - MariaGrazia ----> 3_Cuori_Rosso
2025-10-30 21:38:27 - round.py - INFO - open_tris - MariaGrazia ----> [(3, 95, 'Picche', 5), (3, 2, 'Cuori', 5), (3, 82, 'Fiori', 5)]
2025-10-30 21:38:27 - round.py - INFO - discard - MariaGrazia ----> Q_Fiori_Blu
2025-10-30 21:38:27 - round.py - INFO - pick_up_discard - Alessio ----> 7_Cuori_Blu
2025-10-30 21:38:27 - round.py - INFO - discard - Alessio ----> Q_Fiori_Blu
2025-10-30 21:38:27 - round.py - INFO - pick_up_discard - MariaGrazia ----> Q_Fiori_Blu
2025-10-30 21:38:27 - round.py - INFO - discard - MariaGrazia ----> 5_Cuori_Rosso
2025-10-30 21:38:27 - round.py - INFO - pick_up_discard - Alessio ----> 5_Cuori_Rosso
2025-10-30 21:38:27 - round.py - INFO - update_tris - Alessio ----> 5 -->5_Cuori_Rosso
2025-10-30 21:38:27 - round.py - INFO - discard - Alessio ----> K_Quadri_Blu
2025-10-30 21:38:27 - round.py - INFO - pick_up_discard - MariaGrazia ----> K_Quadri_Blu
2025-10-30 21:38:27 - round.py - INFO - update_tris - MariaGrazia ----> 13 -->K_Quadri_Blu
2025-10-30 21:38:27 - round.py - INFO - discard - MariaGrazia ----> Q_Fiori_Blu
2025-10-30 21:38:27 - round.py - INFO - pick_up_discard - Alessio ----> Q_Fiori_Blu
2025-10-30 21:38:27 - round.py - INFO - discard - Alessio ----> Q_Cuori_Blu
2025-10-30 21:38:27 - round.py - INFO - pick_up_discard - MariaGrazia ----> Q_Cuori_Blu
2025-10-30 21:38:27 - round.py - INFO - discard - MariaGrazia ----> 6_Picche_Rosso
2025-10-30 21:38:27 - round.py - INFO - pick_up_discard - Alessio ----> 6_Picche_Rosso
2025-10-30 21:38:27 - round.py - INFO - discard - Alessio ----> Q_Fiori_Blu
2025-10-30 21:38:27 - round.py - INFO - pick_up_discard - MariaGrazia ----> Q_Fiori_Blu
2025-10-30 21:38:27 - round.py - INFO - discard - MariaGrazia ----> Q_Cuori_Blu
2025-10-30 21:38:27 - round.py - INFO - pick_up_discard - Alessio ----> Q_Cuori_Blu
2025-10-30 21:38:27 - round.py - INFO - discard - Alessio ----> J_Cuori_Blu
2025-10-30 21:38:27 - round.py - INFO - pick_up_discard - MariaGrazia ----> J_Cuori_Blu
2025-10-30 21:38:27 - round.py - INFO - update_tris - MariaGrazia ----> 11 -->J_Cuori_Blu
2025-10-30 21:38:27 - round.py - INFO - discard - MariaGrazia ----> Q_Fiori_Blu
2025-10-30 21:38:27 - round.py - INFO - pick_up_card - Alessio ----> 10_Cuori_Rosso
2025-10-30 21:38:27 - round.py - INFO - discard - Alessio ----> Q_Cuori_Blu
2025-10-30 21:38:27 - round.py - INFO - pick_up_card - MariaGrazia ----> J_Fiori_Blu
2025-10-30 21:38:27 - round.py - INFO - update_tris - MariaGrazia ----> 11 -->J_Fiori_Blu
2025-10-30 21:38:27 - round.py - INFO - discard - MariaGrazia ----> 9_Picche_Rosso
2025-10-30 21:38:27 - round.py - INFO - pick_up_card - Alessio ----> 3_Picche_Rosso
2025-10-30 21:38:27 - round.py - INFO - discard - Alessio ----> 8_Fiori_Blu
2025-10-30 21:38:27 - round.py - INFO - pick_up_card - MariaGrazia ----> J_Fiori_Rosso
2025-10-30 21:38:27 - round.py - INFO - discard - MariaGrazia ----> J_Fiori_Rosso
2025-10-30 21:38:27 - round.py - INFO - pick_up_card - Alessio ----> 10_Fiori_Blu
2025-10-30 21:38:27 - round.py - INFO - discard - Alessio ----> 7_Cuori_Blu
2025-10-30 21:38:27 - round.py - INFO - pick_up_card - MariaGrazia ----> 5_Picche_Rosso
2025-10-30 21:38:27 - round.py - INFO - close_game - MariaGrazia ----> 5_Picche_Rosso
