2025-10-30 21:35:21 - logger.py - INFO - _initialize - Logger inizializzato. File di log: logs\partita_20251030_213521800109.log
2025-10-30 21:35:21 - round.py - INFO - pick_up_discard - Alessio ----> 10_Cuori_Blu
2025-10-30 21:35:23 - round.py - INFO - open_tris - Alessio ----> [(-1, 107, 'Jolly', 30), (5, 17, 'Quadri', 5), (5, 30, 'Fiori', 5)]
2025-10-30 21:35:23 - round.py - INFO - open_tris - Alessio ----> [(4, 96, 'Picche', 5), (4, 29, 'Fiori', 5), (4, 70, 'Quadri', 5)]
2025-10-30 21:35:23 - round.py - INFO - update_tris - Alessio ----> 4 -->4_Cuori_Rosso
2025-10-30 21:35:23 - round.py - INFO - discard - Alessio ----> Q_Picche_Blu
2025-10-30 21:35:23 - round.py - INFO - pick_up_discard - MariaGrazia ----> Q_Picche_Blu
2025-10-30 21:35:25 - round.py - INFO - open_tris - MariaGrazia ----> [(-1, 81, 'Jolly', 20), (8, 87, 'Fiori', 10), (8, 33, 'Fiori', 10)]
2025-10-30 21:35:25 - round.py - INFO - open_tris - MariaGrazia ----> [(9, 101, 'Picche', 10), (9, 8, 'Cuori', 10), (9, 47, 'Picche', 10)]
2025-10-30 21:35:25 - round.py - INFO - discard - MariaGrazia ----> 3_Fiori_Blu
2025-10-30 21:35:25 - round.py - INFO - pick_up_discard - Alessio ----> 3_Fiori_Blu
2025-10-30 21:35:25 - round.py - INFO - discard - Alessio ----> 7_Fiori_Blu
2025-10-30 21:35:25 - round.py - INFO - pick_up_discard - MariaGrazia ----> 7_Fiori_Blu
2025-10-30 21:35:25 - round.py - INFO - discard - MariaGrazia ----> 6_Picche_Rosso
2025-10-30 21:35:25 - round.py - INFO - pick_up_card - Alessio ----> 5_Fiori_Rosso
2025-10-30 21:35:25 - round.py - INFO - update_tris - Alessio ----> 5 -->5_Fiori_Rosso
2025-10-30 21:35:25 - round.py - INFO - discard - Alessio ----> A_Fiori_Rosso
2025-10-30 21:35:25 - round.py - INFO - pick_up_discard - MariaGrazia ----> 6_Picche_Rosso
2025-10-30 21:35:26 - round.py - INFO - discard - MariaGrazia ----> K_Picche_Rosso
2025-10-30 21:35:26 - round.py - INFO - pick_up_card - Alessio ----> 4_Cuori_Rosso
2025-10-30 21:35:26 - round.py - INFO - update_tris - Alessio ----> 4 -->4_Cuori_Rosso
2025-10-30 21:35:26 - round.py - INFO - discard - Alessio ----> 3_Quadri_Rosso
2025-10-30 21:35:26 - round.py - INFO - pick_up_card - MariaGrazia ----> Q_Picche_Blu
2025-10-30 21:35:26 - round.py - INFO - discard - MariaGrazia ----> 6_Picche_Rosso
2025-10-30 21:35:26 - round.py - INFO - pick_up_discard - Alessio ----> K_Picche_Rosso
2025-10-30 21:35:26 - round.py - INFO - discard - Alessio ----> 10_Cuori_Blu
2025-10-30 21:35:26 - round.py - INFO - pick_up_card - MariaGrazia ----> 7_Fiori_Blu
2025-10-30 21:35:26 - round.py - INFO - discard - MariaGrazia ----> 7_Fiori_Blu
2025-10-30 21:35:26 - round.py - INFO - pick_up_card - Alessio ----> 4_Picche_Blu
2025-10-30 21:35:26 - round.py - INFO - update_tris - Alessio ----> 4 -->4_Picche_Blu
2025-10-30 21:35:26 - round.py - INFO - discard - Alessio ----> 3_Fiori_Blu
2025-10-30 21:35:26 - round.py - INFO - pick_up_discard - MariaGrazia ----> 10_Cuori_Blu
2025-10-30 21:35:26 - round.py - INFO - discard - MariaGrazia ----> 4_Picche_Rosso
2025-10-30 21:35:26 - round.py - INFO - pick_up_card - Alessio ----> A_Fiori_Rosso
2025-10-30 21:35:26 - round.py - INFO - discard - Alessio ----> K_Picche_Rosso
2025-10-30 21:35:26 - round.py - INFO - pick_up_card - MariaGrazia ----> 4_Quadri_Blu
2025-10-30 21:35:27 - round.py - INFO - discard - MariaGrazia ----> Q_Picche_Blu
2025-10-30 21:35:27 - round.py - INFO - pick_up_discard - Alessio ----> 4_Picche_Rosso
2025-10-30 21:35:27 - round.py - INFO - update_tris - Alessio ----> 4 -->4_Picche_Rosso
2025-10-30 21:35:27 - round.py - INFO - discard - Alessio ----> K_Picche_Rosso
2025-10-30 21:35:27 - round.py - INFO - pick_up_discard - MariaGrazia ----> K_Picche_Rosso
2025-10-30 21:35:27 - round.py - INFO - discard - MariaGrazia ----> 3_Fiori_Blu
2025-10-30 21:35:27 - round.py - INFO - pick_up_card - Alessio ----> 4_Fiori_Rosso
2025-10-30 21:35:27 - round.py - INFO - update_tris - Alessio ----> 4 -->4_Fiori_Rosso
2025-10-30 21:35:27 - round.py - INFO - discard - Alessio ----> A_Fiori_Rosso
2025-10-30 21:35:27 - round.py - INFO - pick_up_discard - MariaGrazia ----> 3_Fiori_Blu
2025-10-30 21:35:28 - round.py - INFO - discard - MariaGrazia ----> A_Fiori_Rosso
2025-10-30 21:35:28 - round.py - INFO - pick_up_discard - Alessio ----> A_Fiori_Rosso
2025-10-30 21:35:28 - round.py - INFO - discard - Alessio ----> 6_Picche_Rosso
2025-10-30 21:35:28 - round.py - INFO - pick_up_card - MariaGrazia ----> 5_Quadri_Rosso
2025-10-30 21:35:29 - round.py - INFO - discard - MariaGrazia ----> 7_Fiori_Blu
2025-10-30 21:35:29 - round.py - INFO - pick_up_discard - Alessio ----> 6_Picche_Rosso
2025-10-30 21:35:29 - round.py - INFO - discard - Alessio ----> 3_Quadri_Rosso
2025-10-30 21:35:29 - round.py - INFO - pick_up_discard - MariaGrazia ----> 3_Quadri_Rosso
2025-10-30 21:35:29 - round.py - INFO - open_meld - MariaGrazia ----> [(3, 15, 'Quadri', 5), (4, 70, 'Quadri', 5), (5, 17, 'Quadri', 5)]
2025-10-30 21:35:29 - round.py - INFO - discard - MariaGrazia ----> K_Picche_Rosso
2025-10-30 21:35:29 - round.py - INFO - pick_up_card - Alessio ----> Jolly_Jolly_R_Blu
2025-10-30 21:35:29 - round.py - INFO - update_tris - Alessio ----> 4 -->Jolly_Jolly_R_Blu
2025-10-30 21:35:29 - round.py - INFO - discard - Alessio ----> Q_Picche_Blu
2025-10-30 21:35:29 - round.py - INFO - pick_up_discard - MariaGrazia ----> K_Picche_Rosso
2025-10-30 21:35:30 - round.py - INFO - discard - MariaGrazia ----> Q_Picche_Blu
2025-10-30 21:35:30 - round.py - INFO - pick_up_card - Alessio ----> 3_Quadri_Rosso
2025-10-30 21:35:30 - round.py - INFO - discard - Alessio ----> A_Fiori_Rosso
2025-10-30 21:35:30 - round.py - INFO - pick_up_card - MariaGrazia ----> 9_Picche_Rosso
2025-10-30 21:35:30 - round.py - INFO - update_tris - MariaGrazia ----> 9 -->9_Picche_Rosso
2025-10-30 21:35:30 - round.py - INFO - discard - MariaGrazia ----> 7_Quadri_Blu
2025-10-30 21:35:30 - round.py - INFO - pick_up_discard - Alessio ----> Q_Picche_Blu
2025-10-30 21:35:30 - round.py - INFO - discard - Alessio ----> 7_Fiori_Blu
2025-10-30 21:35:30 - round.py - INFO - pick_up_card - MariaGrazia ----> K_Picche_Rosso
2025-10-30 21:35:30 - round.py - INFO - discard - MariaGrazia ----> A_Fiori_Rosso
2025-10-30 21:35:30 - round.py - INFO - pick_up_card - Alessio ----> 9_Picche_Blu
2025-10-30 21:35:31 - round.py - INFO - discard - Alessio ----> 3_Quadri_Rosso
2025-10-30 21:35:31 - round.py - INFO - pick_up_card - MariaGrazia ----> 9_Cuori_Rosso
2025-10-30 21:35:31 - round.py - INFO - update_tris - MariaGrazia ----> 9 -->9_Cuori_Rosso
2025-10-30 21:35:31 - round.py - INFO - discard - MariaGrazia ----> 3_Fiori_Blu
2025-10-30 21:35:31 - round.py - INFO - pick_up_card - Alessio ----> 6_Picche_Rosso
2025-10-30 21:35:31 - round.py - INFO - discard - Alessio ----> 6_Picche_Rosso
2025-10-30 21:35:31 - round.py - INFO - pick_up_card - MariaGrazia ----> 7_Quadri_Blu
2025-10-30 21:35:31 - round.py - INFO - discard - MariaGrazia ----> 7_Quadri_Blu
2025-10-30 21:35:31 - round.py - INFO - pick_up_card - Alessio ----> 8_Fiori_Blu
2025-10-30 21:35:31 - round.py - INFO - discard - Alessio ----> Q_Picche_Blu
2025-10-30 21:35:31 - round.py - INFO - pick_up_card - MariaGrazia ----> 2_Fiori_Blu
2025-10-30 21:35:31 - round.py - INFO - update_meld - MariaGrazia ----> Updated_Game_Ontology20251030_213517586210.Quadri --> 2_Fiori_Blu
2025-10-30 21:35:31 - round.py - INFO - discard - MariaGrazia ----> K_Picche_Rosso
2025-10-30 21:35:31 - round.py - INFO - pick_up_card - Alessio ----> 8_Fiori_Rosso
2025-10-30 21:35:31 - round.py - INFO - discard - Alessio ----> 9_Picche_Blu
2025-10-30 21:35:31 - round.py - INFO - pick_up_card - MariaGrazia ----> 4_Picche_Rosso
2025-10-30 21:35:31 - round.py - INFO - discard - MariaGrazia ----> 10_Cuori_Blu
2025-10-30 21:35:31 - round.py - INFO - pick_up_discard - Alessio ----> 7_Fiori_Blu
2025-10-30 21:35:34 - round.py - INFO - discard - Alessio ----> 9_Picche_Blu
2025-10-30 21:35:34 - round.py - INFO - pick_up_card - MariaGrazia ----> 3_Fiori_Blu
2025-10-30 21:35:34 - round.py - INFO - discard - MariaGrazia ----> K_Picche_Rosso
2025-10-30 21:35:35 - round.py - INFO - pick_up_card - Alessio ----> Q_Fiori_Rosso
2025-10-30 21:35:38 - round.py - INFO - discard - Alessio ----> Q_Picche_Blu
2025-10-30 21:35:38 - round.py - INFO - pick_up_card - MariaGrazia ----> 8_Picche_Blu
2025-10-30 21:35:38 - round.py - INFO - discard - MariaGrazia ----> 8_Picche_Blu
2025-10-30 21:35:38 - round.py - INFO - pick_up_card - Alessio ----> 6_Picche_Blu
2025-10-30 21:35:41 - round.py - INFO - discard - Alessio ----> A_Fiori_Rosso
2025-10-30 21:35:41 - round.py - INFO - pick_up_card - MariaGrazia ----> J_Quadri_Rosso
2025-10-30 21:35:41 - round.py - INFO - discard - MariaGrazia ----> Q_Picche_Blu
2025-10-30 21:35:41 - round.py - INFO - pick_up_discard - Alessio ----> 9_Picche_Blu
2025-10-30 21:35:51 - round.py - INFO - open_tris - Alessio ----> [(8, 87, 'Fiori', 10), (8, 100, 'Picche', 10), (8, 33, 'Fiori', 10)]
2025-10-30 21:35:56 - round.py - INFO - discard - Alessio ----> A_Fiori_Rosso
2025-10-30 21:35:56 - round.py - INFO - pick_up_card - MariaGrazia ----> 2_Cuori_Blu
2025-10-30 21:35:56 - round.py - INFO - update_tris - MariaGrazia ----> 9 -->2_Cuori_Blu
2025-10-30 21:35:56 - round.py - INFO - discard - MariaGrazia ----> 3_Fiori_Blu
2025-10-30 21:35:56 - round.py - INFO - pick_up_discard - Alessio ----> A_Fiori_Rosso
2025-10-30 21:36:03 - round.py - INFO - discard - Alessio ----> 9_Picche_Blu
2025-10-30 21:36:03 - round.py - INFO - pick_up_discard - MariaGrazia ----> 9_Picche_Blu
2025-10-30 21:36:03 - round.py - INFO - update_tris - MariaGrazia ----> 9 -->9_Picche_Blu
2025-10-30 21:36:03 - round.py - INFO - discard - MariaGrazia ----> J_Quadri_Rosso
2025-10-30 21:36:03 - round.py - INFO - pick_up_discard - Alessio ----> J_Quadri_Rosso
2025-10-30 21:36:09 - round.py - INFO - discard - Alessio ----> 10_Cuori_Blu
2025-10-30 21:36:09 - round.py - INFO - pick_up_discard - MariaGrazia ----> 10_Cuori_Blu
2025-10-30 21:36:09 - round.py - INFO - discard - MariaGrazia ----> 4_Picche_Rosso
2025-10-30 21:36:09 - round.py - INFO - pick_up_discard - Alessio ----> 4_Picche_Rosso
2025-10-30 21:36:15 - round.py - INFO - update_tris - Alessio ----> 4 -->4_Picche_Rosso
2025-10-30 21:36:20 - round.py - INFO - discard - Alessio ----> 7_Quadri_Blu
2025-10-30 21:36:20 - round.py - INFO - pick_up_card - MariaGrazia ----> J_Cuori_Blu
2025-10-30 21:36:20 - round.py - INFO - discard - MariaGrazia ----> 10_Cuori_Blu
2025-10-30 21:36:20 - round.py - INFO - pick_up_card - Alessio ----> 10_Fiori_Rosso
2025-10-30 21:36:24 - round.py - INFO - discard - Alessio ----> 10_Fiori_Rosso
2025-10-30 21:36:24 - round.py - INFO - pick_up_card - MariaGrazia ----> 5_Cuori_Blu
2025-10-30 21:36:24 - round.py - INFO - discard - MariaGrazia ----> J_Cuori_Blu
2025-10-30 21:36:24 - round.py - INFO - pick_up_card - Alessio ----> J_Fiori_Blu
2025-10-30 21:36:29 - round.py - INFO - discard - Alessio ----> 3_Fiori_Blu
2025-10-30 21:36:29 - round.py - INFO - pick_up_card - MariaGrazia ----> 6_Quadri_Rosso
2025-10-30 21:36:29 - round.py - INFO - update_meld - MariaGrazia ----> Updated_Game_Ontology20251030_213517586210.Quadri --> 6_Quadri_Rosso
2025-10-30 21:36:29 - round.py - INFO - discard - MariaGrazia ----> 7_Fiori_Blu
2025-10-30 21:36:29 - round.py - INFO - pick_up_discard - Alessio ----> 7_Quadri_Blu
2025-10-30 21:36:42 - round.py - INFO - open_tris - Alessio ----> [(11, 90, 'Fiori', 10), (11, 23, 'Quadri', 10), (11, 64, 'Cuori', 10)]
2025-10-30 21:36:48 - round.py - INFO - discard - Alessio ----> 3_Fiori_Blu
2025-10-30 21:36:48 - round.py - INFO - pick_up_discard - MariaGrazia ----> 3_Fiori_Blu
2025-10-30 21:36:48 - round.py - INFO - discard - MariaGrazia ----> 5_Cuori_Blu
2025-10-30 21:36:48 - round.py - INFO - pick_up_discard - Alessio ----> 5_Cuori_Blu
2025-10-30 21:36:56 - round.py - INFO - update_tris - Alessio ----> 5 -->5_Cuori_Blu
2025-10-30 21:37:02 - round.py - INFO - discard - Alessio ----> A_Fiori_Rosso
2025-10-30 21:37:02 - round.py - INFO - pick_up_card - MariaGrazia ----> 10_Picche_Blu
2025-10-30 21:37:02 - round.py - INFO - discard - MariaGrazia ----> 3_Fiori_Blu
2025-10-30 21:37:02 - round.py - INFO - pick_up_discard - Alessio ----> A_Fiori_Rosso
2025-10-30 21:37:09 - round.py - INFO - discard - Alessio ----> A_Fiori_Rosso
2025-10-30 21:37:09 - round.py - INFO - pick_up_card - MariaGrazia ----> 6_Quadri_Blu
2025-10-30 21:37:09 - round.py - INFO - discard - MariaGrazia ----> 10_Picche_Blu
2025-10-30 21:37:09 - round.py - INFO - pick_up_card - Alessio ----> Jolly_Jolly_N_Blu
2025-10-30 21:37:15 - round.py - INFO - open_meld - Alessio ----> [(-1, 106, 'Jolly', 30), (10, 35, 'Fiori', 10), (12, 37, 'Fiori', 10)]
2025-10-30 21:37:19 - round.py - INFO - discard - Alessio ----> Q_Picche_Blu
2025-10-30 21:37:19 - round.py - INFO - pick_up_card - MariaGrazia ----> 6_Fiori_Blu
2025-10-30 21:37:19 - round.py - INFO - discard - MariaGrazia ----> 6_Quadri_Blu
2025-10-30 21:37:19 - round.py - INFO - pick_up_card - Alessio ----> 6_Cuori_Blu
2025-10-30 21:37:22 - round.py - INFO - open_tris - Alessio ----> [(6, 44, 'Picche', 5), (6, 59, 'Cuori', 5), (6, 98, 'Picche', 5)]
2025-10-30 21:37:23 - round.py - INFO - update_tris - Alessio ----> 6 -->6_Picche_Rosso
2025-10-30 21:37:24 - round.py - INFO - discard - Alessio ----> 7_Quadri_Blu
2025-10-30 21:37:24 - round.py - INFO - pick_up_card - MariaGrazia ----> Q_Cuori_Blu
2025-10-30 21:37:24 - round.py - INFO - discard - MariaGrazia ----> 6_Fiori_Blu
2025-10-30 21:37:24 - round.py - INFO - pick_up_card - Alessio ----> 9_Fiori_Blu
2025-10-30 21:37:25 - round.py - INFO - update_meld - Alessio ----> Updated_Game_Ontology20251030_213517586210.Fiori --> 9_Fiori_Blu
2025-10-30 21:37:25 - round.py - INFO - discard - Alessio ----> K_Picche_Rosso
2025-10-30 21:37:25 - round.py - INFO - pick_up_discard - MariaGrazia ----> A_Fiori_Rosso
2025-10-30 21:37:25 - round.py - INFO - update_meld - MariaGrazia ----> Updated_Game_Ontology20251030_213517586210.Quadri --> 7_Quadri_Blu
2025-10-30 21:37:25 - round.py - INFO - discard - MariaGrazia ----> K_Picche_Rosso
2025-10-30 21:37:25 - round.py - INFO - pick_up_discard - Alessio ----> K_Picche_Rosso
2025-10-30 21:37:26 - round.py - INFO - discard - Alessio ----> Q_Picche_Blu
2025-10-30 21:37:26 - round.py - INFO - pick_up_discard - MariaGrazia ----> Q_Picche_Blu
2025-10-30 21:37:26 - round.py - INFO - discard - MariaGrazia ----> 10_Picche_Blu
2025-10-30 21:37:26 - round.py - INFO - pick_up_card - Alessio ----> K_Picche_Blu
2025-10-30 21:37:26 - round.py - INFO - discard - Alessio ----> 7_Fiori_Blu
2025-10-30 21:37:26 - round.py - INFO - pick_up_discard - MariaGrazia ----> 10_Picche_Blu
2025-10-30 21:37:26 - round.py - INFO - discard - MariaGrazia ----> Q_Picche_Blu
2025-10-30 21:37:26 - round.py - INFO - pick_up_discard - Alessio ----> Q_Picche_Blu
2025-10-30 21:37:27 - round.py - INFO - discard - Alessio ----> 3_Quadri_Rosso
2025-10-30 21:37:27 - round.py - INFO - pick_up_discard - MariaGrazia ----> 3_Quadri_Rosso
2025-10-30 21:37:27 - round.py - INFO - discard - MariaGrazia ----> 10_Picche_Blu
2025-10-30 21:37:27 - round.py - INFO - pick_up_discard - Alessio ----> 10_Picche_Blu
2025-10-30 21:37:27 - round.py - INFO - discard - Alessio ----> 7_Quadri_Blu
2025-10-30 21:37:27 - round.py - INFO - pick_up_discard - MariaGrazia ----> 7_Quadri_Blu
2025-10-30 21:37:28 - round.py - INFO - discard - MariaGrazia ----> 3_Quadri_Rosso
2025-10-30 21:37:28 - round.py - INFO - pick_up_discard - Alessio ----> 3_Quadri_Rosso
2025-10-30 21:37:28 - round.py - INFO - discard - Alessio ----> 3_Fiori_Blu
2025-10-30 21:37:28 - round.py - INFO - pick_up_discard - MariaGrazia ----> 3_Fiori_Blu
2025-10-30 21:37:28 - round.py - INFO - discard - MariaGrazia ----> 3_Fiori_Blu
2025-10-30 21:37:28 - round.py - INFO - pick_up_discard - Alessio ----> 3_Fiori_Blu
2025-10-30 21:37:29 - round.py - INFO - discard - Alessio ----> 10_Picche_Blu
2025-10-30 21:37:29 - round.py - INFO - pick_up_card - MariaGrazia ----> 10_Picche_Rosso
2025-10-30 21:37:29 - round.py - INFO - discard - MariaGrazia ----> 7_Fiori_Blu
2025-10-30 21:37:29 - round.py - INFO - pick_up_discard - Alessio ----> 10_Picche_Blu
2025-10-30 21:37:29 - round.py - INFO - discard - Alessio ----> 3_Quadri_Rosso
2025-10-30 21:37:29 - round.py - INFO - pick_up_discard - MariaGrazia ----> 3_Quadri_Rosso
2025-10-30 21:37:30 - round.py - INFO - discard - MariaGrazia ----> 6_Fiori_Blu
2025-10-30 21:37:30 - round.py - INFO - pick_up_discard - Alessio ----> 6_Fiori_Blu
2025-10-30 21:37:30 - round.py - INFO - update_tris - Alessio ----> 6 -->6_Fiori_Blu
2025-10-30 21:37:31 - round.py - INFO - discard - Alessio ----> 7_Fiori_Blu
2025-10-30 21:37:31 - round.py - INFO - pick_up_discard - MariaGrazia ----> 7_Fiori_Blu
2025-10-30 21:37:31 - round.py - INFO - discard - MariaGrazia ----> Q_Cuori_Blu
2025-10-30 21:37:31 - round.py - INFO - pick_up_discard - Alessio ----> Q_Cuori_Blu
2025-10-30 21:37:31 - round.py - INFO - discard - Alessio ----> 10_Picche_Blu
2025-10-30 21:37:31 - round.py - INFO - pick_up_card - MariaGrazia ----> Q_Picche_Rosso
2025-10-30 21:37:31 - round.py - INFO - discard - MariaGrazia ----> Q_Picche_Rosso
2025-10-30 21:37:31 - round.py - INFO - pick_up_discard - Alessio ----> 10_Picche_Blu
2025-10-30 21:37:32 - round.py - INFO - open_tris - Alessio ----> [(12, 50, 'Picche', 10), (12, 104, 'Picche', 10), (12, 65, 'Cuori', 10)]
2025-10-30 21:37:32 - round.py - INFO - discard - Alessio ----> 10_Cuori_Blu
2025-10-30 21:37:32 - round.py - INFO - pick_up_discard - MariaGrazia ----> 10_Cuori_Blu
2025-10-30 21:37:32 - round.py - INFO - discard - MariaGrazia ----> 7_Fiori_Blu
2025-10-30 21:37:32 - round.py - INFO - pick_up_discard - Alessio ----> 7_Fiori_Blu
2025-10-30 21:37:33 - round.py - INFO - discard - Alessio ----> A_Fiori_Rosso
2025-10-30 21:37:33 - round.py - INFO - pick_up_card - MariaGrazia ----> 9_Quadri_Rosso
2025-10-30 21:37:33 - round.py - INFO - update_tris - MariaGrazia ----> 9 -->9_Quadri_Rosso
2025-10-30 21:37:33 - round.py - INFO - discard - MariaGrazia ----> 10_Cuori_Blu
2025-10-30 21:37:33 - round.py - INFO - pick_up_card - Alessio ----> 2_Picche_Blu
2025-10-30 21:37:33 - round.py - INFO - update_tris - Alessio ----> 6 -->2_Picche_Blu
2025-10-30 21:37:33 - round.py - INFO - discard - Alessio ----> 7_Fiori_Blu
2025-10-30 21:37:33 - round.py - INFO - pick_up_discard - MariaGrazia ----> A_Fiori_Rosso
2025-10-30 21:37:33 - round.py - INFO - discard - MariaGrazia ----> 10_Cuori_Blu
2025-10-30 21:37:33 - round.py - INFO - pick_up_card - Alessio ----> 7_Quadri_Rosso
2025-10-30 21:37:34 - round.py - INFO - discard - Alessio ----> K_Picche_Rosso
2025-10-30 21:37:34 - round.py - INFO - pick_up_discard - MariaGrazia ----> 10_Cuori_Blu
2025-10-30 21:37:34 - round.py - INFO - discard - MariaGrazia ----> K_Picche_Rosso
2025-10-30 21:37:34 - round.py - INFO - pick_up_card - Alessio ----> 8_Quadri_Blu
2025-10-30 21:37:34 - round.py - INFO - update_tris - Alessio ----> 8 -->8_Quadri_Blu
2025-10-30 21:37:34 - round.py - INFO - discard - Alessio ----> 10_Picche_Blu
2025-10-30 21:37:34 - round.py - INFO - pick_up_card - MariaGrazia ----> 2_Quadri_Blu
2025-10-30 21:37:34 - round.py - INFO - open_tris - MariaGrazia ----> [(-1, 68, 'Jolly', 20), (10, 48, 'Picche', 10), (10, 63, 'Cuori', 10)]
2025-10-30 21:37:35 - round.py - INFO - discard - MariaGrazia ----> 3_Quadri_Rosso
2025-10-30 21:37:35 - round.py - INFO - pick_up_card - Alessio ----> A_Quadri_Rosso
2025-10-30 21:37:35 - round.py - INFO - discard - Alessio ----> A_Quadri_Rosso
2025-10-30 21:37:35 - round.py - INFO - pick_up_discard - MariaGrazia ----> K_Picche_Rosso
2025-10-30 21:37:35 - round.py - INFO - update_meld - MariaGrazia ----> Updated_Game_Ontology20251030_213517586210.Quadri --> A_Quadri_Rosso
2025-10-30 21:37:35 - round.py - INFO - discard - MariaGrazia ----> Q_Picche_Blu
2025-10-30 21:37:35 - round.py - INFO - pick_up_discard - Alessio ----> Q_Picche_Blu
2025-10-30 21:37:35 - round.py - INFO - update_tris - Alessio ----> 12 -->Q_Picche_Blu
2025-10-30 21:37:35 - round.py - INFO - discard - Alessio ----> K_Picche_Blu
2025-10-30 21:37:35 - round.py - INFO - pick_up_discard - MariaGrazia ----> K_Picche_Blu
2025-10-30 21:37:36 - round.py - INFO - discard - MariaGrazia ----> 10_Picche_Blu
2025-10-30 21:37:36 - round.py - INFO - pick_up_discard - Alessio ----> 10_Picche_Blu
2025-10-30 21:37:36 - round.py - INFO - discard - Alessio ----> 3_Fiori_Blu
2025-10-30 21:37:36 - round.py - INFO - pick_up_discard - MariaGrazia ----> 3_Fiori_Blu
2025-10-30 21:37:36 - round.py - INFO - discard - MariaGrazia ----> 7_Fiori_Blu
2025-10-30 21:37:36 - round.py - INFO - pick_up_discard - Alessio ----> 7_Fiori_Blu
2025-10-30 21:37:36 - round.py - INFO - discard - Alessio ----> 7_Fiori_Blu
2025-10-30 21:37:36 - round.py - INFO - pick_up_discard - MariaGrazia ----> 7_Fiori_Blu
2025-10-30 21:37:36 - round.py - INFO - discard - MariaGrazia ----> K_Picche_Rosso
2025-10-30 21:37:36 - round.py - INFO - pick_up_card - Alessio ----> Jolly_Jolly_R_Rosso
2025-10-30 21:37:36 - round.py - INFO - update_tris - Alessio ----> 11 -->Jolly_Jolly_R_Rosso
2025-10-30 21:37:36 - round.py - INFO - discard - Alessio ----> 7_Quadri_Rosso
2025-10-30 21:37:36 - round.py - INFO - pick_up_card - MariaGrazia ----> 7_Cuori_Rosso
2025-10-30 21:37:36 - round.py - INFO - open_tris - MariaGrazia ----> [(7, 73, 'Quadri', 5), (7, 86, 'Fiori', 5), (7, 6, 'Cuori', 5)]
2025-10-30 21:37:36 - round.py - INFO - discard - MariaGrazia ----> A_Fiori_Rosso
2025-10-30 21:37:36 - round.py - INFO - pick_up_card - Alessio ----> A_Cuori_Blu
2025-10-30 21:37:36 - round.py - INFO - discard - Alessio ----> K_Picche_Rosso
2025-10-30 21:37:36 - round.py - INFO - pick_up_discard - MariaGrazia ----> K_Picche_Rosso
2025-10-30 21:37:37 - round.py - INFO - update_tris - MariaGrazia ----> 7 -->7_Quadri_Rosso
2025-10-30 21:37:37 - round.py - INFO - discard - MariaGrazia ----> A_Fiori_Rosso
2025-10-30 21:37:37 - round.py - INFO - pick_up_card - Alessio ----> 5_Picche_Blu
2025-10-30 21:37:37 - round.py - INFO - update_tris - Alessio ----> 5 -->5_Picche_Blu
2025-10-30 21:37:37 - round.py - INFO - discard - Alessio ----> 7_Fiori_Blu
2025-10-30 21:37:37 - round.py - INFO - pick_up_discard - MariaGrazia ----> A_Fiori_Rosso
2025-10-30 21:37:37 - round.py - INFO - update_tris - MariaGrazia ----> 7 -->7_Fiori_Blu
2025-10-30 21:37:37 - round.py - INFO - discard - MariaGrazia ----> 6_Quadri_Blu
2025-10-30 21:37:37 - round.py - INFO - pick_up_discard - Alessio ----> 6_Quadri_Blu
2025-10-30 21:37:37 - round.py - INFO - update_tris - Alessio ----> 6 -->6_Quadri_Blu
2025-10-30 21:37:37 - round.py - INFO - discard - Alessio ----> A_Cuori_Blu
2025-10-30 21:37:37 - round.py - INFO - pick_up_card - MariaGrazia ----> 7_Picche_Rosso
2025-10-30 21:37:37 - round.py - INFO - update_tris - MariaGrazia ----> 7 -->7_Picche_Rosso
2025-10-30 21:37:37 - round.py - INFO - discard - MariaGrazia ----> 3_Quadri_Rosso
2025-10-30 21:37:37 - round.py - INFO - pick_up_card - Alessio ----> 10_Quadri_Rosso
2025-10-30 21:37:37 - round.py - INFO - discard - Alessio ----> 10_Picche_Blu
2025-10-30 21:37:37 - round.py - INFO - pick_up_discard - MariaGrazia ----> A_Cuori_Blu
2025-10-30 21:37:37 - round.py - INFO - discard - MariaGrazia ----> K_Picche_Rosso
2025-10-30 21:37:37 - round.py - INFO - pick_up_discard - Alessio ----> K_Picche_Rosso
2025-10-30 21:37:37 - round.py - INFO - discard - Alessio ----> 10_Quadri_Rosso
2025-10-30 21:37:37 - round.py - INFO - pick_up_discard - MariaGrazia ----> 10_Quadri_Rosso
2025-10-30 21:37:38 - round.py - INFO - discard - MariaGrazia ----> 10_Quadri_Rosso
2025-10-30 21:37:38 - round.py - INFO - pick_up_discard - Alessio ----> 10_Quadri_Rosso
2025-10-30 21:37:38 - round.py - INFO - discard - Alessio ----> 10_Quadri_Rosso
2025-10-30 21:37:38 - round.py - INFO - pick_up_card - MariaGrazia ----> 8_Cuori_Blu
2025-10-30 21:37:38 - round.py - INFO - discard - MariaGrazia ----> A_Fiori_Rosso
2025-10-30 21:37:38 - round.py - INFO - pick_up_card - Alessio ----> J_Picche_Rosso
2025-10-30 21:37:38 - round.py - INFO - update_tris - Alessio ----> 11 -->J_Picche_Rosso
2025-10-30 21:37:38 - round.py - INFO - discard - Alessio ----> 3_Fiori_Blu
2025-10-30 21:37:38 - round.py - INFO - pick_up_card - MariaGrazia ----> 6_Fiori_Rosso
2025-10-30 21:37:38 - round.py - INFO - discard - MariaGrazia ----> 3_Quadri_Rosso
2025-10-30 21:37:38 - round.py - INFO - pick_up_card - Alessio ----> J_Cuori_Rosso
2025-10-30 21:37:38 - round.py - INFO - update_tris - Alessio ----> 11 -->J_Cuori_Rosso
2025-10-30 21:37:38 - round.py - INFO - discard - Alessio ----> K_Picche_Rosso
2025-10-30 21:37:38 - round.py - INFO - pick_up_card - MariaGrazia ----> 6_Cuori_Rosso
2025-10-30 21:37:38 - round.py - INFO - discard - MariaGrazia ----> K_Picche_Blu
2025-10-30 21:37:38 - round.py - INFO - pick_up_discard - Alessio ----> 10_Quadri_Rosso
2025-10-30 21:37:39 - round.py - INFO - discard - Alessio ----> K_Picche_Rosso
2025-10-30 21:37:39 - round.py - INFO - pick_up_card - MariaGrazia ----> 3_Cuori_Blu
2025-10-30 21:37:39 - round.py - INFO - discard - MariaGrazia ----> 6_Fiori_Rosso
2025-10-30 21:37:39 - round.py - INFO - pick_up_card - Alessio ----> 4_Fiori_Blu
2025-10-30 21:37:39 - round.py - INFO - update_tris - Alessio ----> 4 -->4_Fiori_Blu
2025-10-30 21:37:39 - round.py - INFO - discard - Alessio ----> A_Fiori_Rosso
2025-10-30 21:37:39 - round.py - INFO - pick_up_card - MariaGrazia ----> K_Cuori_Blu
2025-10-30 21:37:39 - round.py - INFO - discard - MariaGrazia ----> 3_Fiori_Blu
2025-10-30 21:37:39 - round.py - INFO - pick_up_discard - Alessio ----> K_Picche_Rosso
2025-10-30 21:37:39 - round.py - INFO - update_tris - Alessio ----> 6 -->6_Fiori_Rosso
2025-10-30 21:37:39 - round.py - INFO - discard - Alessio ----> 3_Quadri_Rosso
2025-10-30 21:37:39 - round.py - INFO - pick_up_discard - MariaGrazia ----> 3_Quadri_Rosso
2025-10-30 21:37:39 - round.py - INFO - discard - MariaGrazia ----> K_Cuori_Blu
2025-10-30 21:37:39 - round.py - INFO - pick_up_discard - Alessio ----> K_Cuori_Blu
2025-10-30 21:37:40 - round.py - INFO - open_tris - Alessio ----> [(13, 105, 'Picche', 10), (13, 66, 'Cuori', 10), (13, 51, 'Picche', 10)]
2025-10-30 21:37:40 - round.py - INFO - discard - Alessio ----> 3_Fiori_Blu
2025-10-30 21:37:40 - round.py - INFO - pick_up_discard - MariaGrazia ----> 3_Fiori_Blu
2025-10-30 21:37:40 - round.py - INFO - open_tris - MariaGrazia ----> [(3, 15, 'Quadri', 5), (3, 82, 'Fiori', 5), (3, 56, 'Cuori', 5)]
2025-10-30 21:37:40 - round.py - INFO - discard - MariaGrazia ----> 10_Picche_Blu
2025-10-30 21:37:40 - round.py - INFO - pick_up_card - Alessio ----> J_Picche_Blu
2025-10-30 21:37:40 - round.py - INFO - update_tris - Alessio ----> 11 -->J_Picche_Blu
2025-10-30 21:37:40 - round.py - INFO - discard - Alessio ----> 3_Fiori_Blu
2025-10-30 21:37:40 - round.py - INFO - pick_up_discard - MariaGrazia ----> 10_Picche_Blu
2025-10-30 21:37:40 - round.py - INFO - update_tris - MariaGrazia ----> 3 -->3_Fiori_Blu
2025-10-30 21:37:40 - round.py - INFO - discard - MariaGrazia ----> 10_Picche_Blu
2025-10-30 21:37:40 - round.py - INFO - pick_up_discard - Alessio ----> 10_Picche_Blu
2025-10-30 21:37:40 - round.py - INFO - discard - Alessio ----> 10_Quadri_Rosso
2025-10-30 21:37:40 - round.py - INFO - pick_up_card - MariaGrazia ----> J_Fiori_Rosso
2025-10-30 21:37:40 - round.py - INFO - discard - MariaGrazia ----> A_Cuori_Blu
2025-10-30 21:37:40 - round.py - INFO - pick_up_discard - Alessio ----> 10_Quadri_Rosso
2025-10-30 21:37:40 - round.py - INFO - discard - Alessio ----> A_Fiori_Rosso
2025-10-30 21:37:40 - round.py - INFO - pick_up_discard - MariaGrazia ----> A_Fiori_Rosso
2025-10-30 21:37:40 - round.py - INFO - discard - MariaGrazia ----> J_Fiori_Rosso
2025-10-30 21:37:40 - round.py - INFO - pick_up_discard - Alessio ----> J_Fiori_Rosso
2025-10-30 21:37:40 - round.py - INFO - update_meld - Alessio ----> Updated_Game_Ontology20251030_213517586210.Fiori --> J_Fiori_Rosso
2025-10-30 21:37:40 - round.py - INFO - discard - Alessio ----> 10_Quadri_Rosso
2025-10-30 21:37:40 - round.py - INFO - pick_up_discard - MariaGrazia ----> 10_Quadri_Rosso
2025-10-30 21:37:40 - round.py - INFO - discard - MariaGrazia ----> 8_Cuori_Blu
2025-10-30 21:37:40 - round.py - INFO - pick_up_discard - Alessio ----> 8_Cuori_Blu
2025-10-30 21:37:40 - round.py - INFO - update_tris - Alessio ----> 8 -->8_Cuori_Blu
2025-10-30 21:37:40 - round.py - INFO - discard - Alessio ----> 10_Picche_Blu
2025-10-30 21:37:40 - round.py - INFO - pick_up_discard - MariaGrazia ----> 10_Picche_Blu
2025-10-30 21:37:40 - round.py - INFO - discard - MariaGrazia ----> 10_Quadri_Rosso
2025-10-30 21:37:40 - round.py - INFO - pick_up_card - Alessio ----> A_Quadri_Blu
2025-10-30 21:37:40 - round.py - INFO - discard - Alessio ----> A_Quadri_Blu
2025-10-30 21:37:40 - round.py - INFO - pick_up_card - MariaGrazia ----> 4_Cuori_Blu
2025-10-30 21:37:40 - round.py - INFO - discard - MariaGrazia ----> K_Picche_Rosso
2025-10-30 21:37:40 - round.py - INFO - pick_up_card - Alessio ----> K_Quadri_Rosso
2025-10-30 21:37:40 - round.py - INFO - update_tris - Alessio ----> 13 -->K_Quadri_Rosso
2025-10-30 21:37:40 - round.py - INFO - discard - Alessio ----> A_Cuori_Blu
2025-10-30 21:37:40 - round.py - INFO - pick_up_card - MariaGrazia ----> Q_Fiori_Blu
2025-10-30 21:37:41 - round.py - INFO - discard - MariaGrazia ----> 10_Picche_Blu
2025-10-30 21:37:41 - round.py - INFO - pick_up_discard - Alessio ----> 10_Quadri_Rosso
2025-10-30 21:37:41 - round.py - INFO - update_tris - Alessio ----> 13 -->K_Picche_Rosso
2025-10-30 21:37:41 - round.py - INFO - discard - Alessio ----> A_Quadri_Blu
2025-10-30 21:37:41 - round.py - INFO - pick_up_discard - MariaGrazia ----> A_Quadri_Blu
2025-10-30 21:37:41 - round.py - INFO - discard - MariaGrazia ----> A_Fiori_Rosso
2025-10-30 21:37:41 - round.py - INFO - pick_up_discard - Alessio ----> A_Fiori_Rosso
2025-10-30 21:37:41 - round.py - INFO - discard - Alessio ----> 10_Quadri_Rosso
2025-10-30 21:37:41 - round.py - INFO - pick_up_discard - MariaGrazia ----> 10_Quadri_Rosso
2025-10-30 21:37:41 - round.py - INFO - discard - MariaGrazia ----> A_Fiori_Rosso
2025-10-30 21:37:41 - round.py - INFO - pick_up_card - Alessio ----> K_Fiori_Blu
2025-10-30 21:37:41 - round.py - INFO - update_tris - Alessio ----> 13 -->K_Fiori_Blu
2025-10-30 21:37:41 - round.py - INFO - discard - Alessio ----> 10_Picche_Blu
2025-10-30 21:37:41 - round.py - INFO - pick_up_discard - MariaGrazia ----> A_Fiori_Rosso
2025-10-30 21:37:41 - round.py - INFO - discard - MariaGrazia ----> A_Fiori_Rosso
2025-10-30 21:37:41 - round.py - INFO - pick_up_card - Alessio ----> 5_Quadri_Blu
2025-10-30 21:37:41 - round.py - INFO - update_tris - Alessio ----> 5 -->5_Quadri_Blu
2025-10-30 21:37:41 - round.py - INFO - discard - Alessio ----> A_Cuori_Blu
2025-10-30 21:37:41 - round.py - INFO - pick_up_card - MariaGrazia ----> 3_Picche_Rosso
2025-10-30 21:37:41 - round.py - INFO - update_tris - MariaGrazia ----> 3 -->3_Picche_Rosso
2025-10-30 21:37:41 - round.py - INFO - discard - MariaGrazia ----> A_Quadri_Blu
2025-10-30 21:37:41 - round.py - INFO - pick_up_card - Alessio ----> 10_Cuori_Rosso
2025-10-30 21:37:41 - round.py - INFO - discard - Alessio ----> A_Fiori_Rosso
2025-10-30 21:37:41 - round.py - INFO - pick_up_discard - MariaGrazia ----> A_Fiori_Rosso
2025-10-30 21:37:41 - round.py - INFO - open_tris - MariaGrazia ----> [(1, 26, 'Fiori', 15), (1, 67, 'Quadri', 15), (1, 54, 'Cuori', 15)]
2025-10-30 21:37:41 - round.py - INFO - update_tris - MariaGrazia ----> 1 -->A_Fiori_Rosso
2025-10-30 21:37:41 - round.py - INFO - discard - MariaGrazia ----> 6_Cuori_Rosso
2025-10-30 21:37:41 - round.py - INFO - pick_up_card - Alessio ----> 2_Fiori_Rosso
2025-10-30 21:37:41 - round.py - INFO - update_tris - Alessio ----> 8 -->2_Fiori_Rosso
2025-10-30 21:37:41 - round.py - INFO - close_game - Alessio ----> 10_Cuori_Rosso
