2025-10-27 20:05:12 - logger.py - INFO - _initialize - Logger inizializzato. File di log: logs\partita_20251027_2005.log
2025-10-27 20:05:12 - round.py - INFO - pick_up_card - Alessio --> [pick_up_card] --> J_Picche_Rosso
2025-10-27 20:05:12 - round.py - INFO - open_tris - Alessio --> [Apro Tris] --> [(-1, 81, 'Jolly', 20), (9, 101, 'Picche', 10), (9, 47, 'Picche', 10)]
2025-10-27 20:05:13 - round.py - INFO - open_tris - Alessio --> [Apro Tris] --> [(-1, 107, 'Jolly', 30), (11, 77, 'Quadri', 10), (11, 49, 'Picche', 10)]
2025-10-27 20:05:13 - round.py - INFO - open_meld - Alessio --> [Apro Scala] --> [(-1, 55, 'Jolly', 20), (3, 2, 'Cuori', 5), (4, 57, 'Cuori', 5)]
2025-10-27 20:05:13 - round.py - INFO - update_tris - Alessio --> [UP Tris] --> 11 -->J_Picche_Rosso
2025-10-27 20:05:13 - round.py - INFO - discard - Alessio --> [Scarto] --> Q_Cuori_Rosso
2025-10-27 20:05:13 - round.py - INFO - pick_up_discard - MariaGrazia --> [pick_up_discard] --> 6_Picche_Rosso
2025-10-27 20:05:13 - round.py - INFO - open_tris - MariaGrazia --> [Apro Tris] --> [(7, 32, 'Fiori', 5), (7, 60, 'Cuori', 5), (7, 73, 'Quadri', 5)]
2025-10-27 20:05:14 - round.py - INFO - update_tris - MariaGrazia --> [UP Tris] --> 7 -->7_Cuori_Rosso
2025-10-27 20:05:14 - round.py - INFO - update_tris - MariaGrazia --> [UP Tris] --> 7 -->7_Picche_Rosso
2025-10-27 20:05:14 - round.py - INFO - discard - MariaGrazia --> [Scarto] --> 5_Cuori_Blu
2025-10-27 20:05:14 - round.py - INFO - pick_up_card - Alessio --> [pick_up_card] --> Q_Cuori_Rosso
2025-10-27 20:05:14 - round.py - INFO - discard - Alessio --> [Scarto] --> A_Fiori_Blu
2025-10-27 20:05:14 - round.py - INFO - pick_up_card - MariaGrazia --> [pick_up_card] --> 2_Cuori_Blu
2025-10-27 20:05:14 - round.py - INFO - open_tris - MariaGrazia --> [Apro Tris] --> [(-1, 55, 'Jolly', 20), (9, 75, 'Quadri', 10), (9, 8, 'Cuori', 10)]
2025-10-27 20:05:14 - round.py - INFO - discard - MariaGrazia --> [Scarto] --> Q_Cuori_Rosso
2025-10-27 20:05:14 - round.py - INFO - pick_up_discard - Alessio --> [pick_up_discard] --> 5_Cuori_Blu
2025-10-27 20:05:14 - round.py - INFO - update_meld - Alessio --> [UP Canasta] --> Updated_Game_Ontology.Cuori --> 5_Cuori_Blu
2025-10-27 20:05:14 - round.py - INFO - discard - Alessio --> [Scarto] --> Q_Cuori_Rosso
2025-10-27 20:05:14 - round.py - INFO - pick_up_discard - MariaGrazia --> [pick_up_discard] --> Q_Cuori_Rosso
2025-10-27 20:05:14 - round.py - INFO - discard - MariaGrazia --> [Scarto] --> Q_Cuori_Rosso
2025-10-27 20:05:14 - round.py - INFO - pick_up_discard - Alessio --> [pick_up_discard] --> Q_Cuori_Rosso
2025-10-27 20:05:14 - round.py - INFO - discard - Alessio --> [Scarto] --> Q_Cuori_Rosso
2025-10-27 20:05:14 - round.py - INFO - pick_up_discard - MariaGrazia --> [pick_up_discard] --> Q_Cuori_Rosso
2025-10-27 20:05:14 - round.py - INFO - discard - MariaGrazia --> [Scarto] --> 4_Fiori_Rosso
2025-10-27 20:05:14 - round.py - INFO - pick_up_discard - Alessio --> [pick_up_discard] --> 4_Fiori_Rosso
2025-10-27 20:05:14 - round.py - INFO - discard - Alessio --> [Scarto] --> A_Fiori_Blu
2025-10-27 20:05:14 - round.py - INFO - pick_up_card - MariaGrazia --> [pick_up_card] --> 9_Picche_Blu
2025-10-27 20:05:14 - round.py - INFO - discard - MariaGrazia --> [Scarto] --> Q_Cuori_Rosso
2025-10-27 20:05:14 - round.py - INFO - pick_up_discard - Alessio --> [pick_up_discard] --> A_Fiori_Blu
2025-10-27 20:05:14 - round.py - INFO - discard - Alessio --> [Scarto] --> 4_Fiori_Rosso
2025-10-27 20:05:14 - round.py - INFO - pick_up_card - MariaGrazia --> [pick_up_card] --> J_Quadri_Blu
2025-10-27 20:05:15 - round.py - INFO - discard - MariaGrazia --> [Scarto] --> 9_Picche_Blu
2025-10-27 20:05:15 - round.py - INFO - pick_up_card - Alessio --> [pick_up_card] --> 9_Picche_Rosso
2025-10-27 20:05:15 - round.py - INFO - discard - Alessio --> [Scarto] --> Q_Cuori_Rosso
2025-10-27 20:05:15 - round.py - INFO - pick_up_card - MariaGrazia --> [pick_up_card] --> 4_Cuori_Blu
2025-10-27 20:05:15 - round.py - INFO - discard - MariaGrazia --> [Scarto] --> 6_Picche_Rosso
2025-10-27 20:05:15 - round.py - INFO - pick_up_card - Alessio --> [pick_up_card] --> 2_Fiori_Blu
2025-10-27 20:05:15 - round.py - INFO - discard - Alessio --> [Scarto] --> Q_Cuori_Rosso
2025-10-27 20:05:15 - round.py - INFO - pick_up_discard - MariaGrazia --> [pick_up_discard] --> 4_Fiori_Rosso
2025-10-27 20:05:15 - round.py - INFO - discard - MariaGrazia --> [Scarto] --> J_Quadri_Blu
2025-10-27 20:05:15 - round.py - INFO - pick_up_discard - Alessio --> [pick_up_discard] --> J_Quadri_Blu
2025-10-27 20:05:15 - round.py - INFO - update_tris - Alessio --> [UP Tris] --> 11 -->J_Quadri_Blu
2025-10-27 20:05:15 - round.py - INFO - discard - Alessio --> [Scarto] --> 2_Fiori_Blu
2025-10-27 20:05:15 - round.py - INFO - pick_up_discard - MariaGrazia --> [pick_up_discard] --> 2_Fiori_Blu
2025-10-27 20:05:15 - round.py - INFO - open_tris - MariaGrazia --> [Apro Tris] --> [(-1, 81, 'Jolly', 20), (4, 29, 'Fiori', 5), (4, 57, 'Cuori', 5)]
2025-10-27 20:05:15 - round.py - INFO - discard - MariaGrazia --> [Scarto] --> 9_Picche_Blu
2025-10-27 20:05:15 - round.py - INFO - pick_up_card - Alessio --> [pick_up_card] --> 3_Cuori_Rosso
2025-10-27 20:05:15 - round.py - INFO - discard - Alessio --> [Scarto] --> 3_Cuori_Rosso
2025-10-27 20:05:15 - round.py - INFO - pick_up_card - MariaGrazia --> [pick_up_card] --> A_Fiori_Blu
2025-10-27 20:05:15 - round.py - INFO - discard - MariaGrazia --> [Scarto] --> Q_Cuori_Rosso
2025-10-27 20:05:15 - round.py - INFO - pick_up_card - Alessio --> [pick_up_card] --> Jolly_Jolly_R_Blu
2025-10-27 20:05:15 - round.py - INFO - discard - Alessio --> [Scarto] --> Jolly_Jolly_R_Blu
2025-10-27 20:05:15 - round.py - INFO - pick_up_discard - MariaGrazia --> [pick_up_discard] --> 9_Picche_Blu
2025-10-27 20:05:15 - round.py - INFO - open_tris - MariaGrazia --> [Apro Tris] --> [(-1, 107, 'Jolly', 30), (1, 26, 'Fiori', 15), (1, 80, 'Fiori', 15)]
2025-10-27 20:05:15 - round.py - INFO - discard - MariaGrazia --> [Scarto] --> 9_Picche_Blu
2025-10-27 20:05:15 - round.py - INFO - pick_up_discard - Alessio --> [pick_up_discard] --> 9_Picche_Blu
2025-10-27 20:05:15 - round.py - INFO - discard - Alessio --> [Scarto] --> 9_Picche_Rosso
2025-10-27 20:05:15 - round.py - INFO - pick_up_discard - MariaGrazia --> [pick_up_discard] --> 9_Picche_Rosso
2025-10-27 20:05:15 - round.py - INFO - discard - MariaGrazia --> [Scarto] --> 10_Picche_Rosso
2025-10-27 20:05:15 - round.py - INFO - pick_up_discard - Alessio --> [pick_up_discard] --> 10_Picche_Rosso
2025-10-27 20:05:16 - round.py - INFO - discard - Alessio --> [Scarto] --> A_Fiori_Blu
2025-10-27 20:05:16 - round.py - INFO - pick_up_discard - MariaGrazia --> [pick_up_discard] --> A_Fiori_Blu
2025-10-27 20:05:16 - round.py - INFO - update_tris - MariaGrazia --> [UP Tris] --> 1 -->A_Fiori_Blu
2025-10-27 20:05:16 - round.py - INFO - discard - MariaGrazia --> [Scarto] --> Q_Cuori_Rosso
2025-10-27 20:05:16 - round.py - INFO - pick_up_discard - Alessio --> [pick_up_discard] --> Q_Cuori_Rosso
2025-10-27 20:05:16 - round.py - INFO - discard - Alessio --> [Scarto] --> Q_Cuori_Rosso
2025-10-27 20:05:16 - round.py - INFO - pick_up_discard - MariaGrazia --> [pick_up_discard] --> Q_Cuori_Rosso
2025-10-27 20:05:16 - round.py - INFO - discard - MariaGrazia --> [Scarto] --> 9_Picche_Rosso
2025-10-27 20:05:16 - round.py - INFO - pick_up_card - Alessio --> [pick_up_card] --> 7_Cuori_Rosso
2025-10-27 20:05:16 - round.py - INFO - discard - Alessio --> [Scarto] --> 7_Cuori_Rosso
2025-10-27 20:05:16 - round.py - INFO - pick_up_card - MariaGrazia --> [pick_up_card] --> 9_Cuori_Rosso
2025-10-27 20:05:16 - round.py - INFO - discard - MariaGrazia --> [Scarto] --> 6_Picche_Rosso
2025-10-27 20:05:16 - round.py - INFO - pick_up_discard - Alessio --> [pick_up_discard] --> 9_Picche_Rosso
2025-10-27 20:05:16 - round.py - INFO - discard - Alessio --> [Scarto] --> 10_Picche_Rosso
2025-10-27 20:05:16 - round.py - INFO - pick_up_discard - MariaGrazia --> [pick_up_discard] --> 10_Picche_Rosso
2025-10-27 20:05:16 - round.py - INFO - discard - MariaGrazia --> [Scarto] --> 9_Cuori_Rosso
2025-10-27 20:05:16 - round.py - INFO - pick_up_discard - Alessio --> [pick_up_discard] --> 9_Cuori_Rosso
2025-10-27 20:05:16 - round.py - INFO - open_tris - Alessio --> [Apro Tris] --> [(9, 101, 'Picche', 10), (9, 47, 'Picche', 10), (9, 8, 'Cuori', 10)]
2025-10-27 20:05:16 - round.py - INFO - discard - Alessio --> [Scarto] --> 6_Picche_Rosso
2025-10-27 20:05:16 - round.py - INFO - pick_up_discard - MariaGrazia --> [pick_up_discard] --> 6_Picche_Rosso
2025-10-27 20:05:16 - round.py - INFO - discard - MariaGrazia --> [Scarto] --> Q_Cuori_Rosso
2025-10-27 20:05:16 - round.py - INFO - pick_up_discard - Alessio --> [pick_up_discard] --> Q_Cuori_Rosso
2025-10-27 20:05:16 - round.py - INFO - discard - Alessio --> [Scarto] --> Q_Cuori_Rosso
2025-10-27 20:05:16 - round.py - INFO - pick_up_card - MariaGrazia --> [pick_up_card] --> 5_Cuori_Blu
2025-10-27 20:05:16 - round.py - INFO - discard - MariaGrazia --> [Scarto] --> Q_Cuori_Rosso
2025-10-27 20:05:16 - round.py - INFO - pick_up_discard - Alessio --> [pick_up_discard] --> Q_Cuori_Rosso
2025-10-27 20:05:16 - round.py - INFO - discard - Alessio --> [Scarto] --> Q_Cuori_Rosso
2025-10-27 20:05:16 - round.py - INFO - pick_up_discard - MariaGrazia --> [pick_up_discard] --> Q_Cuori_Rosso
2025-10-27 20:05:16 - round.py - INFO - discard - MariaGrazia --> [Scarto] --> 5_Cuori_Blu
2025-10-27 20:05:16 - round.py - INFO - pick_up_discard - Alessio --> [pick_up_discard] --> 5_Cuori_Blu
2025-10-27 20:05:16 - round.py - INFO - discard - Alessio --> [Scarto] --> 5_Cuori_Blu
2025-10-27 20:05:16 - round.py - INFO - pick_up_discard - MariaGrazia --> [pick_up_discard] --> 5_Cuori_Blu
2025-10-27 20:05:16 - round.py - INFO - discard - MariaGrazia --> [Scarto] --> Q_Cuori_Rosso
2025-10-27 20:05:16 - round.py - INFO - pick_up_card - Alessio --> [pick_up_card] --> A_Fiori_Rosso
2025-10-27 20:05:16 - round.py - INFO - discard - Alessio --> [Scarto] --> Q_Cuori_Rosso
2025-10-27 20:05:16 - round.py - INFO - pick_up_discard - MariaGrazia --> [pick_up_discard] --> Q_Cuori_Rosso
2025-10-27 20:05:16 - round.py - INFO - discard - MariaGrazia --> [Scarto] --> Q_Cuori_Rosso
2025-10-27 20:05:16 - round.py - INFO - pick_up_discard - Alessio --> [pick_up_discard] --> Q_Cuori_Rosso
2025-10-27 20:05:16 - round.py - INFO - discard - Alessio --> [Scarto] --> 7_Cuori_Rosso
2025-10-27 20:05:16 - round.py - INFO - pick_up_discard - MariaGrazia --> [pick_up_discard] --> 7_Cuori_Rosso
2025-10-27 20:05:16 - round.py - INFO - update_tris - MariaGrazia --> [UP Tris] --> 7 -->7_Cuori_Rosso
2025-10-27 20:05:16 - round.py - INFO - discard - MariaGrazia --> [Scarto] --> Q_Cuori_Rosso
2025-10-27 20:05:16 - round.py - INFO - pick_up_discard - Alessio --> [pick_up_discard] --> Q_Cuori_Rosso
2025-10-27 20:05:16 - round.py - INFO - discard - Alessio --> [Scarto] --> Q_Cuori_Rosso
2025-10-27 20:05:16 - round.py - INFO - pick_up_card - MariaGrazia --> [pick_up_card] --> 7_Picche_Rosso
2025-10-27 20:05:16 - round.py - INFO - update_tris - MariaGrazia --> [UP Tris] --> 7 -->7_Picche_Rosso
2025-10-27 20:05:16 - round.py - INFO - discard - MariaGrazia --> [Scarto] --> 5_Cuori_Blu
2025-10-27 20:05:16 - round.py - INFO - pick_up_discard - Alessio --> [pick_up_discard] --> Q_Cuori_Rosso
2025-10-27 20:05:16 - round.py - INFO - discard - Alessio --> [Scarto] --> 5_Cuori_Blu
2025-10-27 20:05:16 - round.py - INFO - pick_up_card - MariaGrazia --> [pick_up_card] --> 9_Quadri_Blu
2025-10-27 20:05:16 - round.py - INFO - discard - MariaGrazia --> [Scarto] --> 3_Cuori_Rosso
2025-10-27 20:05:16 - round.py - INFO - pick_up_card - Alessio --> [pick_up_card] --> 7_Quadri_Blu
2025-10-27 20:05:16 - round.py - INFO - discard - Alessio --> [Scarto] --> Q_Cuori_Rosso
2025-10-27 20:05:16 - round.py - INFO - pick_up_card - MariaGrazia --> [pick_up_card] --> 7_Fiori_Rosso
2025-10-27 20:05:16 - round.py - INFO - update_tris - MariaGrazia --> [UP Tris] --> 7 -->7_Fiori_Rosso
2025-10-27 20:05:16 - round.py - INFO - discard - MariaGrazia --> [Scarto] --> 10_Picche_Rosso
2025-10-27 20:05:16 - round.py - INFO - pick_up_card - Alessio --> [pick_up_card] --> 4_Fiori_Rosso
2025-10-27 20:05:16 - round.py - INFO - discard - Alessio --> [Scarto] --> 7_Quadri_Blu
2025-10-27 20:05:16 - round.py - INFO - pick_up_card - MariaGrazia --> [pick_up_card] --> 10_Picche_Rosso
2025-10-27 20:05:16 - round.py - INFO - discard - MariaGrazia --> [Scarto] --> 6_Picche_Rosso
2025-10-27 20:05:16 - round.py - INFO - pick_up_discard - Alessio --> [pick_up_discard] --> 5_Cuori_Blu
2025-10-27 20:05:17 - round.py - INFO - discard - Alessio --> [Scarto] --> 7_Quadri_Blu
2025-10-27 20:05:17 - round.py - INFO - pick_up_discard - MariaGrazia --> [pick_up_discard] --> 7_Quadri_Blu
2025-10-27 20:05:17 - round.py - INFO - update_tris - MariaGrazia --> [UP Tris] --> 7 -->7_Quadri_Blu
2025-10-27 20:05:17 - round.py - INFO - discard - MariaGrazia --> [Scarto] --> 9_Quadri_Blu
2025-10-27 20:05:17 - round.py - INFO - pick_up_card - Alessio --> [pick_up_card] --> 7_Cuori_Blu
2025-10-27 20:05:17 - round.py - INFO - discard - Alessio --> [Scarto] --> 4_Fiori_Rosso
2025-10-27 20:05:17 - round.py - INFO - pick_up_card - MariaGrazia --> [pick_up_card] --> 9_Quadri_Rosso
2025-10-27 20:05:17 - round.py - INFO - discard - MariaGrazia --> [Scarto] --> 9_Quadri_Rosso
2025-10-27 20:05:17 - round.py - INFO - pick_up_card - Alessio --> [pick_up_card] --> A_Quadri_Blu
2025-10-27 20:05:17 - round.py - INFO - discard - Alessio --> [Scarto] --> 5_Cuori_Blu
2025-10-27 20:05:17 - round.py - INFO - pick_up_card - MariaGrazia --> [pick_up_card] --> 6_Quadri_Blu
2025-10-27 20:05:17 - round.py - INFO - discard - MariaGrazia --> [Scarto] --> 10_Picche_Rosso
2025-10-27 20:05:17 - round.py - INFO - pick_up_card - Alessio --> [pick_up_card] --> 8_Picche_Rosso
2025-10-27 20:05:17 - round.py - INFO - discard - Alessio --> [Scarto] --> 7_Cuori_Blu
2025-10-27 20:05:17 - round.py - INFO - pick_up_discard - MariaGrazia --> [pick_up_discard] --> 9_Quadri_Blu
2025-10-27 20:05:17 - round.py - INFO - update_tris - MariaGrazia --> [UP Tris] --> 7 -->7_Cuori_Blu
2025-10-27 20:05:17 - round.py - INFO - discard - MariaGrazia --> [Scarto] --> 6_Quadri_Blu
2025-10-27 20:05:17 - round.py - INFO - pick_up_discard - Alessio --> [pick_up_discard] --> 6_Quadri_Blu
2025-10-27 20:05:18 - round.py - INFO - discard - Alessio --> [Scarto] --> A_Quadri_Blu
2025-10-27 20:05:18 - round.py - INFO - pick_up_card - MariaGrazia --> [pick_up_card] --> K_Fiori_Rosso
2025-10-27 20:05:18 - round.py - INFO - discard - MariaGrazia --> [Scarto] --> 5_Cuori_Blu
2025-10-27 20:05:18 - round.py - INFO - pick_up_discard - Alessio --> [pick_up_discard] --> A_Quadri_Blu
2025-10-27 20:05:18 - round.py - INFO - discard - Alessio --> [Scarto] --> A_Fiori_Rosso
2025-10-27 20:05:18 - round.py - INFO - pick_up_discard - MariaGrazia --> [pick_up_discard] --> A_Fiori_Rosso
2025-10-27 20:05:18 - round.py - INFO - update_tris - MariaGrazia --> [UP Tris] --> 1 -->A_Fiori_Rosso
2025-10-27 20:05:18 - round.py - INFO - discard - MariaGrazia --> [Scarto] --> K_Fiori_Rosso
2025-10-27 20:05:18 - round.py - INFO - pick_up_card - Alessio --> [pick_up_card] --> J_Picche_Blu
2025-10-27 20:05:18 - round.py - INFO - update_tris - Alessio --> [UP Tris] --> 11 -->J_Picche_Blu
2025-10-27 20:05:19 - round.py - INFO - discard - Alessio --> [Scarto] --> A_Quadri_Blu
2025-10-27 20:05:19 - round.py - INFO - pick_up_discard - MariaGrazia --> [pick_up_discard] --> K_Fiori_Rosso
2025-10-27 20:05:19 - round.py - INFO - update_tris - MariaGrazia --> [UP Tris] --> 1 -->A_Quadri_Blu
2025-10-27 20:05:19 - round.py - INFO - discard - MariaGrazia --> [Scarto] --> 9_Quadri_Rosso
2025-10-27 20:05:19 - round.py - INFO - pick_up_card - Alessio --> [pick_up_card] --> 4_Quadri_Rosso
2025-10-27 20:05:19 - round.py - INFO - discard - Alessio --> [Scarto] --> Q_Cuori_Rosso
2025-10-27 20:05:19 - round.py - INFO - pick_up_card - MariaGrazia --> [pick_up_card] --> 3_Cuori_Blu
2025-10-27 20:05:19 - round.py - INFO - discard - MariaGrazia --> [Scarto] --> 3_Cuori_Blu
2025-10-27 20:05:19 - round.py - INFO - pick_up_card - Alessio --> [pick_up_card] --> 10_Cuori_Rosso
2025-10-27 20:05:19 - round.py - INFO - discard - Alessio --> [Scarto] --> 10_Picche_Rosso
2025-10-27 20:05:19 - round.py - INFO - pick_up_card - MariaGrazia --> [pick_up_card] --> Q_Picche_Rosso
2025-10-27 20:05:19 - round.py - INFO - discard - MariaGrazia --> [Scarto] --> Q_Picche_Rosso
2025-10-27 20:05:19 - round.py - INFO - pick_up_discard - Alessio --> [pick_up_discard] --> 9_Quadri_Rosso
2025-10-27 20:05:20 - round.py - INFO - update_tris - Alessio --> [UP Tris] --> 9 -->9_Quadri_Rosso
2025-10-27 20:05:21 - round.py - INFO - discard - Alessio --> [Scarto] --> 4_Quadri_Rosso
2025-10-27 20:05:21 - round.py - INFO - pick_up_card - MariaGrazia --> [pick_up_card] --> 3_Picche_Rosso
2025-10-27 20:05:21 - round.py - INFO - discard - MariaGrazia --> [Scarto] --> 10_Picche_Rosso
2025-10-27 20:05:21 - round.py - INFO - pick_up_card - Alessio --> [pick_up_card] --> 2_Picche_Rosso
2025-10-27 20:05:21 - round.py - INFO - open_meld - Alessio --> [Apro Scala] --> [(-1, 40, 'Jolly', 20), (3, 56, 'Cuori', 5), (5, 58, 'Cuori', 5)]
2025-10-27 20:05:22 - round.py - INFO - discard - Alessio --> [Scarto] --> 6_Picche_Rosso
2025-10-27 20:05:22 - round.py - INFO - pick_up_card - MariaGrazia --> [pick_up_card] --> 7_Picche_Blu
2025-10-27 20:05:22 - round.py - INFO - update_tris - MariaGrazia --> [UP Tris] --> 7 -->7_Picche_Blu
2025-10-27 20:05:22 - round.py - INFO - discard - MariaGrazia --> [Scarto] --> 3_Picche_Rosso
2025-10-27 20:05:22 - round.py - INFO - pick_up_card - Alessio --> [pick_up_card] --> 9_Fiori_Rosso
2025-10-27 20:05:22 - round.py - INFO - update_tris - Alessio --> [UP Tris] --> 9 -->9_Fiori_Rosso
2025-10-27 20:05:22 - round.py - INFO - discard - Alessio --> [Scarto] --> 3_Cuori_Rosso
2025-10-27 20:05:22 - round.py - INFO - pick_up_discard - MariaGrazia --> [pick_up_discard] --> 4_Quadri_Rosso
2025-10-27 20:05:22 - round.py - INFO - discard - MariaGrazia --> [Scarto] --> 10_Picche_Rosso
2025-10-27 20:05:22 - round.py - INFO - pick_up_discard - Alessio --> [pick_up_discard] --> 10_Picche_Rosso
2025-10-27 20:05:22 - round.py - INFO - discard - Alessio --> [Scarto] --> 10_Cuori_Rosso
2025-10-27 20:05:22 - round.py - INFO - pick_up_discard - MariaGrazia --> [pick_up_discard] --> 10_Cuori_Rosso
2025-10-27 20:05:22 - round.py - INFO - discard - MariaGrazia --> [Scarto] --> 6_Picche_Rosso
2025-10-27 20:05:22 - round.py - INFO - pick_up_card - Alessio --> [pick_up_card] --> J_Fiori_Rosso
2025-10-27 20:05:22 - round.py - INFO - update_tris - Alessio --> [UP Tris] --> 11 -->J_Fiori_Rosso
2025-10-27 20:05:23 - round.py - INFO - discard - Alessio --> [Scarto] --> 10_Picche_Rosso
2025-10-27 20:05:23 - round.py - INFO - pick_up_card - MariaGrazia --> [pick_up_card] --> 8_Quadri_Rosso
2025-10-27 20:05:23 - round.py - INFO - discard - MariaGrazia --> [Scarto] --> 10_Cuori_Rosso
2025-10-27 20:05:23 - round.py - INFO - pick_up_card - Alessio --> [pick_up_card] --> 5_Picche_Rosso
2025-10-27 20:05:23 - round.py - INFO - discard - Alessio --> [Scarto] --> Q_Picche_Rosso
2025-10-27 20:05:23 - round.py - INFO - pick_up_discard - MariaGrazia --> [pick_up_discard] --> 6_Picche_Rosso
2025-10-27 20:05:23 - round.py - INFO - discard - MariaGrazia --> [Scarto] --> 8_Quadri_Rosso
2025-10-27 20:05:23 - round.py - INFO - pick_up_card - Alessio --> [pick_up_card] --> 6_Fiori_Rosso
2025-10-27 20:05:23 - round.py - INFO - discard - Alessio --> [Scarto] --> 6_Quadri_Blu
2025-10-27 20:05:23 - round.py - INFO - pick_up_discard - MariaGrazia --> [pick_up_discard] --> 8_Quadri_Rosso
2025-10-27 20:05:24 - round.py - INFO - discard - MariaGrazia --> [Scarto] --> 6_Quadri_Blu
2025-10-27 20:05:24 - round.py - INFO - pick_up_discard - Alessio --> [pick_up_discard] --> 6_Quadri_Blu
2025-10-27 20:05:24 - round.py - INFO - discard - Alessio --> [Scarto] --> 8_Picche_Rosso
2025-10-27 20:05:24 - round.py - INFO - pick_up_card - MariaGrazia --> [pick_up_card] --> Jolly_Jolly_N_Blu
2025-10-27 20:05:25 - round.py - INFO - update_tris - MariaGrazia --> [UP Tris] --> 7 -->Jolly_Jolly_N_Blu
2025-10-27 20:05:25 - round.py - INFO - discard - MariaGrazia --> [Scarto] --> 10_Cuori_Rosso
2025-10-27 20:05:25 - round.py - INFO - pick_up_card - Alessio --> [pick_up_card] --> 5_Quadri_Blu
2025-10-27 20:05:25 - round.py - INFO - discard - Alessio --> [Scarto] --> 6_Quadri_Blu
2025-10-27 20:05:25 - round.py - INFO - pick_up_discard - MariaGrazia --> [pick_up_discard] --> 8_Picche_Rosso
2025-10-27 20:05:26 - round.py - INFO - discard - MariaGrazia --> [Scarto] --> 10_Cuori_Rosso
2025-10-27 20:05:26 - round.py - INFO - pick_up_discard - Alessio --> [pick_up_discard] --> 10_Cuori_Rosso
2025-10-27 20:05:26 - round.py - INFO - discard - Alessio --> [Scarto] --> 5_Picche_Rosso
2025-10-27 20:05:26 - round.py - INFO - pick_up_discard - MariaGrazia --> [pick_up_discard] --> 5_Picche_Rosso
2025-10-27 20:05:27 - round.py - INFO - discard - MariaGrazia --> [Scarto] --> 8_Picche_Rosso
2025-10-27 20:05:27 - round.py - INFO - pick_up_discard - Alessio --> [pick_up_discard] --> 8_Picche_Rosso
2025-10-27 20:05:27 - round.py - INFO - discard - Alessio --> [Scarto] --> Q_Cuori_Rosso
2025-10-27 20:05:27 - round.py - INFO - pick_up_card - MariaGrazia --> [pick_up_card] --> 8_Fiori_Blu
2025-10-27 20:05:28 - round.py - INFO - discard - MariaGrazia --> [Scarto] --> 5_Picche_Rosso
2025-10-27 20:05:28 - round.py - INFO - pick_up_card - Alessio --> [pick_up_card] --> 4_Picche_Blu
2025-10-27 20:05:28 - round.py - INFO - discard - Alessio --> [Scarto] --> 4_Picche_Blu
2025-10-27 20:05:28 - round.py - INFO - pick_up_discard - MariaGrazia --> [pick_up_discard] --> Q_Cuori_Rosso
2025-10-27 20:05:30 - round.py - INFO - open_tris - MariaGrazia --> [Apro Tris] --> [(4, 29, 'Fiori', 5), (4, 96, 'Picche', 5), (4, 16, 'Quadri', 5)]
2025-10-27 20:05:31 - round.py - INFO - discard - MariaGrazia --> [Scarto] --> 9_Quadri_Blu
2025-10-27 20:05:31 - round.py - INFO - pick_up_card - Alessio --> [pick_up_card] --> 3_Quadri_Rosso
2025-10-27 20:05:31 - round.py - INFO - discard - Alessio --> [Scarto] --> 6_Fiori_Rosso
2025-10-27 20:05:31 - round.py - INFO - pick_up_discard - MariaGrazia --> [pick_up_discard] --> 9_Quadri_Blu
2025-10-27 20:05:32 - round.py - INFO - open_tris - MariaGrazia --> [Apro Tris] --> [(6, 44, 'Picche', 5), (6, 72, 'Quadri', 5), (6, 31, 'Fiori', 5)]
2025-10-27 20:05:32 - round.py - INFO - discard - MariaGrazia --> [Scarto] --> 5_Picche_Rosso
2025-10-27 20:05:32 - round.py - INFO - pick_up_discard - Alessio --> [pick_up_discard] --> 5_Picche_Rosso
2025-10-27 20:05:32 - round.py - INFO - discard - Alessio --> [Scarto] --> 8_Picche_Rosso
2025-10-27 20:05:32 - round.py - INFO - pick_up_card - MariaGrazia --> [pick_up_card] --> K_Picche_Blu
2025-10-27 20:05:32 - round.py - INFO - discard - MariaGrazia --> [Scarto] --> 3_Cuori_Rosso
2025-10-27 20:05:32 - round.py - INFO - pick_up_card - Alessio --> [pick_up_card] --> 6_Quadri_Rosso
2025-10-27 20:05:32 - round.py - INFO - discard - Alessio --> [Scarto] --> 5_Picche_Rosso
2025-10-27 20:05:32 - round.py - INFO - pick_up_discard - MariaGrazia --> [pick_up_discard] --> 8_Picche_Rosso
2025-10-27 20:05:33 - round.py - INFO - open_tris - MariaGrazia --> [Apro Tris] --> [(8, 87, 'Fiori', 10), (8, 46, 'Picche', 10), (8, 20, 'Quadri', 10)]
2025-10-27 20:05:33 - round.py - INFO - discard - MariaGrazia --> [Scarto] --> 5_Picche_Rosso
2025-10-27 20:05:33 - round.py - INFO - pick_up_discard - Alessio --> [pick_up_discard] --> 5_Picche_Rosso
2025-10-27 20:05:33 - round.py - INFO - discard - Alessio --> [Scarto] --> 3_Quadri_Rosso
2025-10-27 20:05:33 - round.py - INFO - pick_up_card - MariaGrazia --> [pick_up_card] --> 7_Quadri_Rosso
2025-10-27 20:05:34 - round.py - INFO - update_tris - MariaGrazia --> [UP Tris] --> 7 -->7_Quadri_Rosso
2025-10-27 20:05:34 - round.py - INFO - discard - MariaGrazia --> [Scarto] --> 10_Picche_Rosso
2025-10-27 20:05:34 - round.py - INFO - pick_up_discard - Alessio --> [pick_up_discard] --> 3_Quadri_Rosso
2025-10-27 20:05:34 - round.py - INFO - discard - Alessio --> [Scarto] --> 10_Cuori_Rosso
2025-10-27 20:05:34 - round.py - INFO - pick_up_discard - MariaGrazia --> [pick_up_discard] --> 10_Cuori_Rosso
2025-10-27 20:05:34 - round.py - INFO - discard - MariaGrazia --> [Scarto] --> 3_Cuori_Rosso
2025-10-27 20:05:34 - round.py - INFO - pick_up_card - Alessio --> [pick_up_card] --> J_Fiori_Blu
2025-10-27 20:05:34 - round.py - INFO - update_tris - Alessio --> [UP Tris] --> 11 -->J_Fiori_Blu
2025-10-27 20:05:34 - round.py - INFO - discard - Alessio --> [Scarto] --> 3_Quadri_Rosso
2025-10-27 20:05:34 - round.py - INFO - pick_up_discard - MariaGrazia --> [pick_up_discard] --> 3_Cuori_Rosso
2025-10-27 20:05:34 - round.py - INFO - open_tris - MariaGrazia --> [Apro Tris] --> [(3, 15, 'Quadri', 5), (3, 2, 'Cuori', 5), (3, 41, 'Picche', 5)]
2025-10-27 20:05:34 - round.py - INFO - discard - MariaGrazia --> [Scarto] --> K_Fiori_Rosso
2025-10-27 20:05:34 - round.py - INFO - pick_up_discard - Alessio --> [pick_up_discard] --> K_Fiori_Rosso
2025-10-27 20:05:34 - round.py - INFO - discard - Alessio --> [Scarto] --> Q_Cuori_Rosso
2025-10-27 20:05:35 - round.py - INFO - pick_up_discard - MariaGrazia --> [pick_up_discard] --> Q_Cuori_Rosso
2025-10-27 20:05:35 - round.py - INFO - discard - MariaGrazia --> [Scarto] --> Q_Picche_Rosso
2025-10-27 20:05:35 - round.py - INFO - pick_up_discard - Alessio --> [pick_up_discard] --> Q_Picche_Rosso
2025-10-27 20:05:35 - round.py - INFO - discard - Alessio --> [Scarto] --> 5_Picche_Rosso
2025-10-27 20:05:35 - round.py - INFO - pick_up_discard - MariaGrazia --> [pick_up_discard] --> 5_Picche_Rosso
2025-10-27 20:05:35 - round.py - INFO - discard - MariaGrazia --> [Scarto] --> 5_Picche_Rosso
2025-10-27 20:05:35 - round.py - INFO - pick_up_card - Alessio --> [pick_up_card] --> 10_Quadri_Blu
2025-10-27 20:05:35 - round.py - INFO - discard - Alessio --> [Scarto] --> 5_Quadri_Blu
2025-10-27 20:05:35 - round.py - INFO - pick_up_card - MariaGrazia --> [pick_up_card] --> K_Quadri_Rosso
2025-10-27 20:05:35 - round.py - INFO - discard - MariaGrazia --> [Scarto] --> Q_Cuori_Rosso
2025-10-27 20:05:35 - round.py - INFO - pick_up_card - Alessio --> [pick_up_card] --> A_Cuori_Rosso
2025-10-27 20:05:35 - round.py - INFO - update_meld - Alessio --> [UP Canasta] --> Updated_Game_Ontology.Cuori --> A_Cuori_Rosso
2025-10-27 20:05:35 - round.py - INFO - discard - Alessio --> [Scarto] --> 10_Picche_Rosso
2025-10-27 20:05:35 - round.py - INFO - pick_up_discard - MariaGrazia --> [pick_up_discard] --> 5_Picche_Rosso
2025-10-27 20:05:35 - round.py - INFO - discard - MariaGrazia --> [Scarto] --> 9_Quadri_Blu
2025-10-27 20:05:35 - round.py - INFO - pick_up_card - Alessio --> [pick_up_card] --> Q_Fiori_Rosso
2025-10-27 20:05:35 - round.py - INFO - discard - Alessio --> [Scarto] --> 6_Quadri_Rosso
2025-10-27 20:05:35 - round.py - INFO - pick_up_discard - MariaGrazia --> [pick_up_discard] --> 9_Quadri_Blu
2025-10-27 20:05:36 - round.py - INFO - update_tris - MariaGrazia --> [UP Tris] --> 6 -->6_Quadri_Rosso
2025-10-27 20:05:36 - round.py - INFO - discard - MariaGrazia --> [Scarto] --> 10_Cuori_Rosso
2025-10-27 20:05:36 - round.py - INFO - pick_up_discard - Alessio --> [pick_up_discard] --> 10_Cuori_Rosso
2025-10-27 20:05:36 - round.py - INFO - open_tris - Alessio --> [Apro Tris] --> [(10, 48, 'Picche', 10), (10, 76, 'Quadri', 10), (10, 9, 'Cuori', 10)]
2025-10-27 20:05:36 - round.py - INFO - discard - Alessio --> [Scarto] --> Q_Picche_Rosso
2025-10-27 20:05:36 - round.py - INFO - pick_up_card - MariaGrazia --> [pick_up_card] --> A_Quadri_Rosso
2025-10-27 20:05:36 - round.py - INFO - update_tris - MariaGrazia --> [UP Tris] --> 1 -->A_Quadri_Rosso
2025-10-27 20:05:36 - round.py - INFO - discard - MariaGrazia --> [Scarto] --> 5_Quadri_Blu
2025-10-27 20:05:36 - round.py - INFO - pick_up_discard - Alessio --> [pick_up_discard] --> Q_Picche_Rosso
2025-10-27 20:05:36 - round.py - INFO - discard - Alessio --> [Scarto] --> K_Fiori_Rosso
2025-10-27 20:05:36 - round.py - INFO - pick_up_card - MariaGrazia --> [pick_up_card] --> 4_Fiori_Blu
2025-10-27 20:05:36 - round.py - INFO - update_tris - MariaGrazia --> [UP Tris] --> 4 -->4_Fiori_Blu
2025-10-27 20:05:36 - round.py - INFO - discard - MariaGrazia --> [Scarto] --> K_Quadri_Rosso
2025-10-27 20:05:36 - round.py - INFO - pick_up_discard - Alessio --> [pick_up_discard] --> K_Fiori_Rosso
2025-10-27 20:05:36 - round.py - INFO - discard - Alessio --> [Scarto] --> Q_Picche_Rosso
2025-10-27 20:05:36 - round.py - INFO - pick_up_card - MariaGrazia --> [pick_up_card] --> 3_Fiori_Rosso
2025-10-27 20:05:36 - round.py - INFO - update_tris - MariaGrazia --> [UP Tris] --> 3 -->3_Fiori_Rosso
2025-10-27 20:05:37 - round.py - INFO - discard - MariaGrazia --> [Scarto] --> Q_Cuori_Rosso
2025-10-27 20:05:37 - round.py - INFO - pick_up_discard - Alessio --> [pick_up_discard] --> Q_Picche_Rosso
2025-10-27 20:05:37 - round.py - INFO - open_tris - Alessio --> [Apro Tris] --> [(12, 50, 'Picche', 10), (12, 37, 'Fiori', 10), (12, 11, 'Cuori', 10)]
2025-10-27 20:05:37 - round.py - INFO - discard - Alessio --> [Scarto] --> K_Fiori_Rosso
2025-10-27 20:05:37 - round.py - INFO - pick_up_discard - MariaGrazia --> [pick_up_discard] --> K_Fiori_Rosso
2025-10-27 20:05:37 - round.py - INFO - discard - MariaGrazia --> [Scarto] --> 10_Picche_Rosso
2025-10-27 20:05:37 - round.py - INFO - pick_up_card - Alessio --> [pick_up_card] --> K_Cuori_Rosso
2025-10-27 20:05:37 - round.py - INFO - discard - Alessio --> [Scarto] --> K_Cuori_Rosso
2025-10-27 20:05:37 - round.py - INFO - pick_up_discard - MariaGrazia --> [pick_up_discard] --> 10_Picche_Rosso
2025-10-27 20:05:37 - round.py - INFO - open_tris - MariaGrazia --> [Apro Tris] --> [(13, 12, 'Cuori', 10), (13, 105, 'Picche', 10), (13, 38, 'Fiori', 10)]
2025-10-27 20:05:37 - round.py - INFO - discard - MariaGrazia --> [Scarto] --> 9_Quadri_Blu
2025-10-27 20:05:37 - round.py - INFO - pick_up_card - Alessio --> [pick_up_card] --> 8_Fiori_Rosso
2025-10-27 20:05:37 - round.py - INFO - discard - Alessio --> [Scarto] --> 8_Fiori_Rosso
2025-10-27 20:05:37 - round.py - INFO - pick_up_discard - MariaGrazia --> [pick_up_discard] --> 9_Quadri_Blu
2025-10-27 20:05:37 - round.py - INFO - update_tris - MariaGrazia --> [UP Tris] --> 8 -->8_Fiori_Rosso
2025-10-27 20:05:37 - round.py - INFO - discard - MariaGrazia --> [Scarto] --> 9_Quadri_Blu
2025-10-27 20:05:37 - round.py - INFO - pick_up_card - Alessio --> [pick_up_card] --> Q_Quadri_Blu
2025-10-27 20:05:37 - round.py - INFO - update_tris - Alessio --> [UP Tris] --> 12 -->Q_Quadri_Blu
2025-10-27 20:05:37 - round.py - INFO - discard - Alessio --> [Scarto] --> K_Quadri_Rosso
2025-10-27 20:05:37 - round.py - INFO - pick_up_discard - MariaGrazia --> [pick_up_discard] --> 9_Quadri_Blu
2025-10-27 20:05:37 - round.py - INFO - update_tris - MariaGrazia --> [UP Tris] --> 13 -->K_Quadri_Rosso
2025-10-27 20:05:37 - round.py - INFO - discard - MariaGrazia --> [Scarto] --> Q_Cuori_Rosso
2025-10-27 20:05:37 - round.py - INFO - pick_up_discard - Alessio --> [pick_up_discard] --> Q_Cuori_Rosso
2025-10-27 20:05:37 - round.py - INFO - update_tris - Alessio --> [UP Tris] --> 12 -->Q_Cuori_Rosso
2025-10-27 20:05:37 - round.py - INFO - discard - Alessio --> [Scarto] --> 5_Quadri_Blu
2025-10-27 20:05:37 - round.py - INFO - pick_up_card - MariaGrazia --> [pick_up_card] --> 5_Quadri_Rosso
2025-10-27 20:05:37 - round.py - INFO - discard - MariaGrazia --> [Scarto] --> 5_Quadri_Rosso
2025-10-27 20:05:37 - round.py - INFO - pick_up_discard - Alessio --> [pick_up_discard] --> 5_Quadri_Blu
2025-10-27 20:05:37 - round.py - INFO - discard - Alessio --> [Scarto] --> 5_Quadri_Blu
2025-10-27 20:05:37 - round.py - INFO - pick_up_card - MariaGrazia --> [pick_up_card] --> Q_Picche_Blu
2025-10-27 20:05:37 - round.py - INFO - discard - MariaGrazia --> [Scarto] --> Q_Picche_Blu
2025-10-27 20:05:37 - round.py - INFO - pick_up_card - Alessio --> [pick_up_card] --> 10_Cuori_Blu
2025-10-27 20:05:37 - round.py - INFO - update_tris - Alessio --> [UP Tris] --> 10 -->10_Cuori_Blu
2025-10-27 20:05:37 - round.py - INFO - close_game - Alessio --> [Chiudo] --> 5_Quadri_Rosso
