2025-10-30 21:35:20 - logger.py - INFO - _initialize - Logger inizializzato. File di log: logs\partita_20251030_213520862048.log
2025-10-30 21:35:20 - round.py - INFO - pick_up_discard - Alessio ----> A_Picche_Rosso
2025-10-30 21:35:22 - round.py - INFO - open_tris - Alessio ----> [(-1, 68, 'Jolly', 20), (1, 0, 'Cuori', 15), (1, 13, 'Quadri', 15)]
2025-10-30 21:35:22 - round.py - INFO - discard - Alessio ----> 5_Quadri_Blu
2025-10-30 21:35:22 - round.py - INFO - pick_up_discard - MariaGrazia ----> 5_Quadri_Blu
2025-10-30 21:35:24 - round.py - INFO - open_meld - MariaGrazia ----> [(-1, 52, 'Jolly', 30), (5, 97, 'Picche', 5), (7, 45, 'Picche', 5)]
2025-10-30 21:35:24 - round.py - INFO - discard - MariaGrazia ----> 9_Fiori_Blu
2025-10-30 21:35:24 - round.py - INFO - pick_up_discard - Alessio ----> 9_Fiori_Blu
2025-10-30 21:35:24 - round.py - INFO - discard - Alessio ----> 3_Cuori_Blu
2025-10-30 21:35:24 - round.py - INFO - pick_up_card - MariaGrazia ----> 5_Quadri_Blu
2025-10-30 21:35:25 - round.py - INFO - discard - MariaGrazia ----> 5_Quadri_Blu
2025-10-30 21:35:25 - round.py - INFO - pick_up_discard - Alessio ----> 3_Cuori_Blu
2025-10-30 21:35:26 - round.py - INFO - discard - Alessio ----> Q_Picche_Rosso
2025-10-30 21:35:26 - round.py - INFO - pick_up_card - MariaGrazia ----> Q_Picche_Rosso
2025-10-30 21:35:26 - round.py - INFO - discard - MariaGrazia ----> Q_Picche_Rosso
2025-10-30 21:35:26 - round.py - INFO - pick_up_card - Alessio ----> 3_Cuori_Blu
2025-10-30 21:35:27 - round.py - INFO - discard - Alessio ----> A_Fiori_Rosso
2025-10-30 21:35:27 - round.py - INFO - pick_up_discard - MariaGrazia ----> Q_Picche_Rosso
2025-10-30 21:35:28 - round.py - INFO - discard - MariaGrazia ----> 6_Fiori_Rosso
2025-10-30 21:35:28 - round.py - INFO - pick_up_card - Alessio ----> 10_Fiori_Blu
2025-10-30 21:35:28 - round.py - INFO - discard - Alessio ----> 3_Cuori_Blu
2025-10-30 21:35:28 - round.py - INFO - pick_up_card - MariaGrazia ----> 4_Quadri_Blu
2025-10-30 21:35:29 - round.py - INFO - discard - MariaGrazia ----> 4_Quadri_Blu
2025-10-30 21:35:29 - round.py - INFO - pick_up_card - Alessio ----> 2_Quadri_Blu
2025-10-30 21:35:30 - round.py - INFO - open_meld - Alessio ----> [(-1, 68, 'Jolly', 20), (9, 88, 'Fiori', 10), (10, 89, 'Fiori', 10)]
2025-10-30 21:35:30 - round.py - INFO - discard - Alessio ----> 4_Quadri_Blu
2025-10-30 21:35:30 - round.py - INFO - pick_up_card - MariaGrazia ----> 6_Cuori_Rosso
2025-10-30 21:35:31 - round.py - INFO - discard - MariaGrazia ----> K_Fiori_Rosso
2025-10-30 21:35:31 - round.py - INFO - pick_up_discard - Alessio ----> 6_Fiori_Rosso
2025-10-30 21:35:32 - round.py - INFO - discard - Alessio ----> 6_Fiori_Rosso
2025-10-30 21:35:32 - round.py - INFO - pick_up_discard - MariaGrazia ----> 6_Fiori_Rosso
2025-10-30 21:35:33 - round.py - INFO - discard - MariaGrazia ----> 5_Quadri_Blu
2025-10-30 21:35:33 - round.py - INFO - pick_up_discard - Alessio ----> 5_Quadri_Blu
2025-10-30 21:35:33 - round.py - INFO - discard - Alessio ----> 5_Quadri_Blu
2025-10-30 21:35:33 - round.py - INFO - pick_up_discard - MariaGrazia ----> 5_Quadri_Blu
2025-10-30 21:35:34 - round.py - INFO - discard - MariaGrazia ----> Q_Picche_Rosso
2025-10-30 21:35:34 - round.py - INFO - pick_up_card - Alessio ----> 5_Fiori_Rosso
2025-10-30 21:35:35 - round.py - INFO - discard - Alessio ----> 5_Quadri_Blu
2025-10-30 21:35:35 - round.py - INFO - pick_up_card - MariaGrazia ----> A_Fiori_Rosso
2025-10-30 21:35:36 - round.py - INFO - discard - MariaGrazia ----> 3_Fiori_Rosso
2025-10-30 21:35:36 - round.py - INFO - pick_up_discard - Alessio ----> Q_Picche_Rosso
2025-10-30 21:35:38 - round.py - INFO - discard - Alessio ----> 5_Fiori_Rosso
2025-10-30 21:35:38 - round.py - INFO - pick_up_card - MariaGrazia ----> A_Quadri_Rosso
2025-10-30 21:35:39 - round.py - INFO - discard - MariaGrazia ----> 8_Quadri_Blu
2025-10-30 21:35:39 - round.py - INFO - pick_up_discard - Alessio ----> 5_Fiori_Rosso
2025-10-30 21:35:41 - round.py - INFO - discard - Alessio ----> 8_Quadri_Blu
2025-10-30 21:35:41 - round.py - INFO - pick_up_card - MariaGrazia ----> A_Cuori_Rosso
2025-10-30 21:35:42 - round.py - INFO - open_tris - MariaGrazia ----> [(1, 26, 'Fiori', 15), (1, 0, 'Cuori', 15), (1, 13, 'Quadri', 15)]
2025-10-30 21:35:42 - round.py - INFO - update_tris - MariaGrazia ----> 1 -->A_Fiori_Rosso
2025-10-30 21:35:42 - round.py - INFO - discard - MariaGrazia ----> 5_Quadri_Blu
2025-10-30 21:35:42 - round.py - INFO - pick_up_card - Alessio ----> 9_Fiori_Blu
2025-10-30 21:35:44 - round.py - INFO - discard - Alessio ----> 3_Fiori_Rosso
2025-10-30 21:35:44 - round.py - INFO - pick_up_card - MariaGrazia ----> 6_Fiori_Rosso
2025-10-30 21:35:45 - round.py - INFO - discard - MariaGrazia ----> 9_Quadri_Blu
2025-10-30 21:35:45 - round.py - INFO - pick_up_card - Alessio ----> 4_Cuori_Blu
2025-10-30 21:35:47 - round.py - INFO - discard - Alessio ----> Q_Picche_Rosso
2025-10-30 21:35:47 - round.py - INFO - pick_up_discard - MariaGrazia ----> 8_Quadri_Blu
2025-10-30 21:35:48 - round.py - INFO - discard - MariaGrazia ----> Q_Picche_Rosso
2025-10-30 21:35:48 - round.py - INFO - pick_up_card - Alessio ----> K_Fiori_Rosso
2025-10-30 21:35:50 - round.py - INFO - discard - Alessio ----> 4_Quadri_Blu
2025-10-30 21:35:50 - round.py - INFO - pick_up_discard - MariaGrazia ----> Q_Picche_Rosso
2025-10-30 21:35:51 - round.py - INFO - discard - MariaGrazia ----> 9_Quadri_Blu
2025-10-30 21:35:51 - round.py - INFO - pick_up_discard - Alessio ----> 9_Quadri_Blu
2025-10-30 21:35:53 - round.py - INFO - discard - Alessio ----> A_Picche_Rosso
2025-10-30 21:35:53 - round.py - INFO - pick_up_card - MariaGrazia ----> 5_Picche_Blu
2025-10-30 21:35:55 - round.py - INFO - discard - MariaGrazia ----> 3_Fiori_Rosso
2025-10-30 21:35:55 - round.py - INFO - pick_up_discard - Alessio ----> A_Picche_Rosso
2025-10-30 21:35:58 - round.py - INFO - discard - Alessio ----> 9_Quadri_Blu
2025-10-30 21:35:58 - round.py - INFO - pick_up_discard - MariaGrazia ----> 9_Quadri_Blu
2025-10-30 21:35:59 - round.py - INFO - discard - MariaGrazia ----> 6_Fiori_Rosso
2025-10-30 21:35:59 - round.py - INFO - pick_up_card - Alessio ----> 3_Fiori_Rosso
2025-10-30 21:36:02 - round.py - INFO - discard - Alessio ----> 6_Cuori_Rosso
2025-10-30 21:36:02 - round.py - INFO - pick_up_card - MariaGrazia ----> Q_Cuori_Rosso
2025-10-30 21:36:03 - round.py - INFO - discard - MariaGrazia ----> 5_Quadri_Blu
2025-10-30 21:36:03 - round.py - INFO - pick_up_card - Alessio ----> Jolly_Jolly_N_Rosso
2025-10-30 21:36:05 - round.py - INFO - update_meld - Alessio ----> Updated_Game_Ontology20251030_213516683509.Fiori --> Jolly_Jolly_N_Rosso
2025-10-30 21:36:08 - round.py - INFO - update_meld - Alessio ----> Updated_Game_Ontology20251030_213516683509.Fiori --> 3_Fiori_Rosso
2025-10-30 21:36:09 - round.py - INFO - update_meld - Alessio ----> Updated_Game_Ontology20251030_213516683509.Fiori --> 5_Fiori_Rosso
2025-10-30 21:36:10 - round.py - INFO - discard - Alessio ----> 4_Cuori_Blu
2025-10-30 21:36:10 - round.py - INFO - pick_up_card - MariaGrazia ----> 7_Picche_Rosso
2025-10-30 21:36:11 - round.py - INFO - discard - MariaGrazia ----> Q_Picche_Rosso
2025-10-30 21:36:11 - round.py - INFO - pick_up_card - Alessio ----> 8_Quadri_Blu
2025-10-30 21:36:13 - round.py - INFO - discard - Alessio ----> K_Fiori_Rosso
2025-10-30 21:36:13 - round.py - INFO - pick_up_discard - MariaGrazia ----> 6_Fiori_Rosso
2025-10-30 21:36:17 - round.py - INFO - discard - MariaGrazia ----> 5_Quadri_Blu
2025-10-30 21:36:17 - round.py - INFO - pick_up_card - Alessio ----> 9_Quadri_Blu
2025-10-30 21:36:19 - round.py - INFO - discard - Alessio ----> 9_Fiori_Blu
2025-10-30 21:36:19 - round.py - INFO - pick_up_card - MariaGrazia ----> Q_Cuori_Blu
2025-10-30 21:36:23 - round.py - INFO - open_tris - MariaGrazia ----> [(12, 65, 'Cuori', 10), (12, 11, 'Cuori', 10), (12, 50, 'Picche', 10)]
2025-10-30 21:36:25 - round.py - INFO - update_tris - MariaGrazia ----> 12 -->Q_Picche_Rosso
2025-10-30 21:36:27 - round.py - INFO - update_tris - MariaGrazia ----> 12 -->Q_Cuori_Rosso
2025-10-30 21:36:27 - round.py - INFO - discard - MariaGrazia ----> 4_Cuori_Blu
2025-10-30 21:36:27 - round.py - INFO - pick_up_card - Alessio ----> 2_Quadri_Rosso
2025-10-30 21:36:29 - round.py - INFO - open_meld - Alessio ----> [(-1, 14, 'Jolly', 20), (4, 70, 'Quadri', 5), (5, 71, 'Quadri', 5)]
2025-10-30 21:36:29 - round.py - INFO - discard - Alessio ----> 3_Cuori_Blu
2025-10-30 21:36:29 - round.py - INFO - pick_up_card - MariaGrazia ----> 9_Cuori_Blu
2025-10-30 21:36:30 - round.py - INFO - discard - MariaGrazia ----> 6_Cuori_Rosso
2025-10-30 21:36:30 - round.py - INFO - pick_up_card - Alessio ----> Jolly_Jolly_N_Blu
2025-10-30 21:36:30 - round.py - INFO - open_meld - Alessio ----> [(-1, 106, 'Jolly', 30), (3, 28, 'Fiori', 5), (5, 30, 'Fiori', 5)]
2025-10-30 21:36:30 - round.py - INFO - discard - Alessio ----> 3_Cuori_Blu
2025-10-30 21:36:30 - round.py - INFO - pick_up_discard - MariaGrazia ----> 5_Quadri_Blu
2025-10-30 21:36:34 - round.py - INFO - open_tris - MariaGrazia ----> [(9, 75, 'Quadri', 10), (9, 62, 'Cuori', 10), (9, 88, 'Fiori', 10)]
2025-10-30 21:36:36 - round.py - INFO - discard - MariaGrazia ----> 6_Cuori_Rosso
2025-10-30 21:36:36 - round.py - INFO - pick_up_card - Alessio ----> Q_Quadri_Rosso
2025-10-30 21:36:36 - round.py - INFO - discard - Alessio ----> A_Picche_Rosso
2025-10-30 21:36:36 - round.py - INFO - pick_up_discard - MariaGrazia ----> 6_Cuori_Rosso
2025-10-30 21:36:38 - round.py - INFO - update_tris - MariaGrazia ----> 1 -->A_Picche_Rosso
2025-10-30 21:36:40 - round.py - INFO - discard - MariaGrazia ----> 4_Cuori_Blu
2025-10-30 21:36:40 - round.py - INFO - pick_up_discard - Alessio ----> 4_Cuori_Blu
2025-10-30 21:36:40 - round.py - INFO - discard - Alessio ----> K_Fiori_Rosso
2025-10-30 21:36:40 - round.py - INFO - pick_up_card - MariaGrazia ----> A_Quadri_Blu
2025-10-30 21:36:42 - round.py - INFO - update_tris - MariaGrazia ----> 1 -->A_Quadri_Blu
2025-10-30 21:36:44 - round.py - INFO - discard - MariaGrazia ----> 4_Cuori_Blu
2025-10-30 21:36:44 - round.py - INFO - pick_up_discard - Alessio ----> K_Fiori_Rosso
2025-10-30 21:36:44 - round.py - INFO - discard - Alessio ----> 8_Quadri_Blu
2025-10-30 21:36:44 - round.py - INFO - pick_up_discard - MariaGrazia ----> 8_Quadri_Blu
2025-10-30 21:36:45 - round.py - INFO - discard - MariaGrazia ----> 6_Fiori_Rosso
2025-10-30 21:36:45 - round.py - INFO - pick_up_card - Alessio ----> 8_Cuori_Blu
2025-10-30 21:36:46 - round.py - INFO - discard - Alessio ----> 4_Cuori_Blu
2025-10-30 21:36:46 - round.py - INFO - pick_up_discard - MariaGrazia ----> 6_Fiori_Rosso
2025-10-30 21:36:48 - round.py - INFO - discard - MariaGrazia ----> 8_Quadri_Blu
2025-10-30 21:36:48 - round.py - INFO - pick_up_card - Alessio ----> 8_Fiori_Rosso
2025-10-30 21:36:48 - round.py - INFO - update_meld - Alessio ----> Updated_Game_Ontology20251030_213516683509.Fiori --> 8_Fiori_Rosso
2025-10-30 21:36:48 - round.py - INFO - discard - Alessio ----> Q_Quadri_Rosso
2025-10-30 21:36:48 - round.py - INFO - pick_up_card - MariaGrazia ----> K_Fiori_Blu
2025-10-30 21:36:50 - round.py - INFO - discard - MariaGrazia ----> 6_Fiori_Rosso
2025-10-30 21:36:50 - round.py - INFO - pick_up_discard - Alessio ----> 8_Quadri_Blu
2025-10-30 21:36:50 - round.py - INFO - update_meld - Alessio ----> Updated_Game_Ontology20251030_213516683509.Fiori --> 6_Fiori_Rosso
2025-10-30 21:36:50 - round.py - INFO - discard - Alessio ----> 9_Quadri_Blu
2025-10-30 21:36:50 - round.py - INFO - pick_up_card - MariaGrazia ----> 10_Cuori_Blu
2025-10-30 21:36:52 - round.py - INFO - discard - MariaGrazia ----> 3_Cuori_Blu
2025-10-30 21:36:52 - round.py - INFO - pick_up_discard - Alessio ----> 9_Quadri_Blu
2025-10-30 21:36:53 - round.py - INFO - discard - Alessio ----> 9_Quadri_Blu
2025-10-30 21:36:53 - round.py - INFO - pick_up_card - MariaGrazia ----> Q_Fiori_Rosso
2025-10-30 21:36:55 - round.py - INFO - update_tris - MariaGrazia ----> 12 -->Q_Fiori_Rosso
2025-10-30 21:36:56 - round.py - INFO - discard - MariaGrazia ----> 4_Cuori_Blu
2025-10-30 21:36:56 - round.py - INFO - pick_up_discard - Alessio ----> 9_Quadri_Blu
2025-10-30 21:36:56 - round.py - INFO - discard - Alessio ----> 10_Fiori_Blu
2025-10-30 21:36:56 - round.py - INFO - pick_up_discard - MariaGrazia ----> 10_Fiori_Blu
2025-10-30 21:36:57 - round.py - INFO - discard - MariaGrazia ----> 6_Fiori_Rosso
2025-10-30 21:36:57 - round.py - INFO - pick_up_card - Alessio ----> 6_Quadri_Rosso
2025-10-30 21:36:58 - round.py - INFO - update_meld - Alessio ----> Updated_Game_Ontology20251030_213516683509.Quadri --> 6_Quadri_Rosso
2025-10-30 21:36:58 - round.py - INFO - discard - Alessio ----> 4_Cuori_Blu
2025-10-30 21:36:58 - round.py - INFO - pick_up_card - MariaGrazia ----> J_Quadri_Blu
2025-10-30 21:36:59 - round.py - INFO - discard - MariaGrazia ----> J_Quadri_Blu
2025-10-30 21:36:59 - round.py - INFO - pick_up_card - Alessio ----> J_Cuori_Blu
2025-10-30 21:36:59 - round.py - INFO - discard - Alessio ----> 4_Cuori_Blu
2025-10-30 21:36:59 - round.py - INFO - pick_up_discard - MariaGrazia ----> 6_Fiori_Rosso
2025-10-30 21:37:01 - round.py - INFO - discard - MariaGrazia ----> 5_Picche_Blu
2025-10-30 21:37:01 - round.py - INFO - pick_up_card - Alessio ----> 3_Fiori_Blu
2025-10-30 21:37:01 - round.py - INFO - discard - Alessio ----> K_Fiori_Rosso
2025-10-30 21:37:01 - round.py - INFO - pick_up_card - MariaGrazia ----> 4_Fiori_Blu
2025-10-30 21:37:04 - round.py - INFO - open_tris - MariaGrazia ----> [(4, 83, 'Fiori', 5), (4, 70, 'Quadri', 5), (4, 57, 'Cuori', 5)]
2025-10-30 21:37:05 - round.py - INFO - update_tris - MariaGrazia ----> 4 -->4_Cuori_Blu
2025-10-30 21:37:05 - round.py - INFO - discard - MariaGrazia ----> 6_Cuori_Rosso
2025-10-30 21:37:05 - round.py - INFO - pick_up_discard - Alessio ----> 5_Picche_Blu
2025-10-30 21:37:06 - round.py - INFO - discard - Alessio ----> 8_Cuori_Blu
2025-10-30 21:37:06 - round.py - INFO - pick_up_card - MariaGrazia ----> Q_Picche_Blu
2025-10-30 21:37:07 - round.py - INFO - update_tris - MariaGrazia ----> 12 -->Q_Picche_Blu
2025-10-30 21:37:07 - round.py - INFO - discard - MariaGrazia ----> K_Fiori_Blu
2025-10-30 21:37:07 - round.py - INFO - pick_up_card - Alessio ----> J_Quadri_Rosso
2025-10-30 21:37:08 - round.py - INFO - discard - Alessio ----> 5_Picche_Blu
2025-10-30 21:37:08 - round.py - INFO - pick_up_card - MariaGrazia ----> K_Picche_Rosso
2025-10-30 21:37:08 - round.py - INFO - discard - MariaGrazia ----> 5_Quadri_Blu
2025-10-30 21:37:08 - round.py - INFO - pick_up_discard - Alessio ----> 8_Cuori_Blu
2025-10-30 21:37:09 - round.py - INFO - discard - Alessio ----> 9_Quadri_Blu
2025-10-30 21:37:09 - round.py - INFO - pick_up_discard - MariaGrazia ----> 9_Quadri_Blu
2025-10-30 21:37:10 - round.py - INFO - update_tris - MariaGrazia ----> 9 -->9_Quadri_Blu
2025-10-30 21:37:10 - round.py - INFO - discard - MariaGrazia ----> 3_Cuori_Blu
2025-10-30 21:37:10 - round.py - INFO - pick_up_card - Alessio ----> 3_Quadri_Rosso
2025-10-30 21:37:11 - round.py - INFO - open_tris - Alessio ----> [(3, 56, 'Cuori', 5), (3, 15, 'Quadri', 5), (3, 82, 'Fiori', 5)]
2025-10-30 21:37:11 - round.py - INFO - discard - Alessio ----> 8_Quadri_Blu
2025-10-30 21:37:11 - round.py - INFO - pick_up_discard - MariaGrazia ----> 3_Cuori_Blu
2025-10-30 21:37:12 - round.py - INFO - discard - MariaGrazia ----> K_Fiori_Rosso
2025-10-30 21:37:12 - round.py - INFO - pick_up_discard - Alessio ----> K_Fiori_Rosso
2025-10-30 21:37:12 - round.py - INFO - discard - Alessio ----> K_Fiori_Blu
2025-10-30 21:37:12 - round.py - INFO - pick_up_discard - MariaGrazia ----> K_Fiori_Blu
2025-10-30 21:37:13 - round.py - INFO - discard - MariaGrazia ----> 6_Fiori_Rosso
2025-10-30 21:37:13 - round.py - INFO - pick_up_discard - Alessio ----> 6_Fiori_Rosso
2025-10-30 21:37:13 - round.py - INFO - update_meld - Alessio ----> Updated_Game_Ontology20251030_213516683509.Fiori --> 6_Fiori_Rosso
2025-10-30 21:37:13 - round.py - INFO - discard - Alessio ----> K_Fiori_Rosso
2025-10-30 21:37:13 - round.py - INFO - pick_up_card - MariaGrazia ----> 7_Cuori_Blu
2025-10-30 21:37:14 - round.py - INFO - discard - MariaGrazia ----> J_Quadri_Blu
2025-10-30 21:37:14 - round.py - INFO - pick_up_discard - Alessio ----> K_Fiori_Rosso
2025-10-30 21:37:14 - round.py - INFO - open_tris - Alessio ----> [(11, 64, 'Cuori', 10), (11, 23, 'Quadri', 10), (11, 77, 'Quadri', 10)]
2025-10-30 21:37:14 - round.py - INFO - discard - Alessio ----> Q_Quadri_Rosso
2025-10-30 21:37:14 - round.py - INFO - pick_up_discard - MariaGrazia ----> Q_Quadri_Rosso
2025-10-30 21:37:15 - round.py - INFO - update_tris - MariaGrazia ----> 12 -->Q_Quadri_Rosso
2025-10-30 21:37:15 - round.py - INFO - discard - MariaGrazia ----> 8_Quadri_Blu
2025-10-30 21:37:15 - round.py - INFO - pick_up_card - Alessio ----> 7_Cuori_Rosso
2025-10-30 21:37:15 - round.py - INFO - open_meld - Alessio ----> [(6, 5, 'Cuori', 5), (7, 6, 'Cuori', 5), (8, 61, 'Cuori', 10)]
2025-10-30 21:37:15 - round.py - INFO - discard - Alessio ----> 5_Quadri_Blu
2025-10-30 21:37:15 - round.py - INFO - pick_up_card - MariaGrazia ----> A_Cuori_Blu
2025-10-30 21:37:15 - round.py - INFO - update_tris - MariaGrazia ----> 1 -->A_Cuori_Blu
2025-10-30 21:37:16 - round.py - INFO - discard - MariaGrazia ----> 6_Cuori_Rosso
2025-10-30 21:37:16 - round.py - INFO - pick_up_discard - Alessio ----> 8_Quadri_Blu
2025-10-30 21:37:16 - round.py - INFO - discard - Alessio ----> 6_Cuori_Rosso
2025-10-30 21:37:16 - round.py - INFO - pick_up_discard - MariaGrazia ----> 6_Cuori_Rosso
2025-10-30 21:37:16 - round.py - INFO - discard - MariaGrazia ----> 10_Cuori_Blu
2025-10-30 21:37:16 - round.py - INFO - pick_up_card - Alessio ----> 2_Cuori_Blu
2025-10-30 21:37:16 - round.py - INFO - update_meld - Alessio ----> Updated_Game_Ontology20251030_213516683509.Cuori --> 2_Cuori_Blu
2025-10-30 21:37:16 - round.py - INFO - discard - Alessio ----> 8_Quadri_Blu
2025-10-30 21:37:16 - round.py - INFO - pick_up_discard - MariaGrazia ----> 10_Cuori_Blu
2025-10-30 21:37:16 - round.py - INFO - discard - MariaGrazia ----> 8_Quadri_Blu
2025-10-30 21:37:16 - round.py - INFO - pick_up_discard - Alessio ----> 8_Quadri_Blu
2025-10-30 21:37:16 - round.py - INFO - discard - Alessio ----> 5_Picche_Blu
2025-10-30 21:37:16 - round.py - INFO - pick_up_discard - MariaGrazia ----> 5_Picche_Blu
2025-10-30 21:37:17 - round.py - INFO - discard - MariaGrazia ----> 5_Picche_Blu
2025-10-30 21:37:17 - round.py - INFO - pick_up_card - Alessio ----> 5_Fiori_Blu
2025-10-30 21:37:17 - round.py - INFO - discard - Alessio ----> 5_Fiori_Blu
2025-10-30 21:37:17 - round.py - INFO - pick_up_card - MariaGrazia ----> 3_Picche_Blu
2025-10-30 21:37:17 - round.py - INFO - discard - MariaGrazia ----> 6_Cuori_Rosso
2025-10-30 21:37:17 - round.py - INFO - pick_up_card - Alessio ----> 3_Picche_Rosso
2025-10-30 21:37:17 - round.py - INFO - update_tris - Alessio ----> 3 -->3_Picche_Rosso
2025-10-30 21:37:17 - round.py - INFO - discard - Alessio ----> K_Fiori_Rosso
2025-10-30 21:37:17 - round.py - INFO - pick_up_card - MariaGrazia ----> 6_Quadri_Blu
2025-10-30 21:37:17 - round.py - INFO - discard - MariaGrazia ----> 6_Quadri_Blu
2025-10-30 21:37:18 - round.py - INFO - pick_up_card - Alessio ----> 3_Cuori_Rosso
2025-10-30 21:37:18 - round.py - INFO - update_meld - Alessio ----> Updated_Game_Ontology20251030_213516683509.Cuori --> 3_Cuori_Rosso
2025-10-30 21:37:18 - round.py - INFO - discard - Alessio ----> 8_Quadri_Blu
2025-10-30 21:37:18 - round.py - INFO - pick_up_discard - MariaGrazia ----> 5_Picche_Blu
2025-10-30 21:37:19 - round.py - INFO - open_tris - MariaGrazia ----> [(13, 38, 'Fiori', 10), (13, 92, 'Fiori', 10), (13, 51, 'Picche', 10)]
2025-10-30 21:37:20 - round.py - INFO - discard - MariaGrazia ----> 3_Picche_Blu
2025-10-30 21:37:20 - round.py - INFO - pick_up_discard - Alessio ----> 3_Picche_Blu
2025-10-30 21:37:20 - round.py - INFO - update_tris - Alessio ----> 3 -->3_Picche_Blu
2025-10-30 21:37:20 - round.py - INFO - discard - Alessio ----> K_Fiori_Rosso
2025-10-30 21:37:20 - round.py - INFO - pick_up_discard - MariaGrazia ----> K_Fiori_Rosso
2025-10-30 21:37:21 - round.py - INFO - update_tris - MariaGrazia ----> 13 -->K_Fiori_Rosso
2025-10-30 21:37:21 - round.py - INFO - discard - MariaGrazia ----> 10_Cuori_Blu
2025-10-30 21:37:21 - round.py - INFO - pick_up_discard - Alessio ----> 10_Cuori_Blu
2025-10-30 21:37:21 - round.py - INFO - discard - Alessio ----> 10_Cuori_Blu
2025-10-30 21:37:21 - round.py - INFO - pick_up_discard - MariaGrazia ----> 10_Cuori_Blu
2025-10-30 21:37:22 - round.py - INFO - discard - MariaGrazia ----> 8_Quadri_Blu
2025-10-30 21:37:22 - round.py - INFO - pick_up_card - Alessio ----> 8_Quadri_Rosso
2025-10-30 21:37:22 - round.py - INFO - discard - Alessio ----> 5_Quadri_Blu
2025-10-30 21:37:22 - round.py - INFO - pick_up_card - MariaGrazia ----> 8_Picche_Blu
2025-10-30 21:37:22 - round.py - INFO - update_meld - MariaGrazia ----> Updated_Game_Ontology20251030_213516683509.Picche --> 8_Picche_Blu
2025-10-30 21:37:22 - round.py - INFO - discard - MariaGrazia ----> 3_Cuori_Blu
2025-10-30 21:37:22 - round.py - INFO - pick_up_card - Alessio ----> 6_Cuori_Blu
2025-10-30 21:37:22 - round.py - INFO - discard - Alessio ----> 8_Quadri_Rosso
2025-10-30 21:37:23 - round.py - INFO - pick_up_card - MariaGrazia ----> 4_Picche_Rosso
2025-10-30 21:37:23 - round.py - INFO - update_meld - MariaGrazia ----> Updated_Game_Ontology20251030_213516683509.Picche --> 4_Picche_Rosso
2025-10-30 21:37:23 - round.py - INFO - discard - MariaGrazia ----> 6_Quadri_Blu
2025-10-30 21:37:23 - round.py - INFO - pick_up_card - Alessio ----> J_Picche_Blu
2025-10-30 21:37:23 - round.py - INFO - update_tris - Alessio ----> 11 -->J_Picche_Blu
2025-10-30 21:37:23 - round.py - INFO - close_game - Alessio ----> 6_Cuori_Blu
