2025-10-24 21:27:51 - logger.py - INFO - _initialize - Logger inizializzato. File di log: logs\partita_20251024_2127.log
2025-10-24 21:27:51 - round.py - INFO - pick_up_card - Alessio --> [pick_up_card] --> Updated_Game_Ontology.J_Picche_Rosso
2025-10-24 21:27:52 - round.py - INFO - open_tris - Alessio --> [Apro Tris] --> [(-1, 81, 'Jolly', 20), (9, 101, 'Picche', 10), (9, 47, 'Picche', 10)]
2025-10-24 21:27:53 - round.py - INFO - open_tris - Alessio --> [Apro Tris] --> [(-1, 107, 'Jolly', 30), (11, 49, 'Picche', 10), (11, 77, 'Quadri', 10)]
2025-10-24 21:27:53 - round.py - INFO - open_meld - Alessio --> [Apro Scala] --> [(-1, 55, 'Jolly', 20), (3, 2, 'Cuori', 5), (4, 57, 'Cuori', 5)]
2025-10-24 21:28:01 - round.py - INFO - discard - Alessio --> [Scarto] --> Updated_Game_Ontology.Q_Cuori_Rosso
2025-10-24 21:28:01 - round.py - INFO - pick_up_discard - MariaGrazia --> [pick_up_discard] --> Updated_Game_Ontology.6_Picche_Rosso
2025-10-24 21:28:02 - round.py - INFO - open_tris - MariaGrazia --> [Apro Tris] --> [(7, 73, 'Quadri', 5), (7, 6, 'Cuori', 5), (7, 32, 'Fiori', 5)]
2025-10-24 21:28:09 - round.py - INFO - discard - MariaGrazia --> [Scarto] --> Updated_Game_Ontology.5_Cuori_Blu
2025-10-24 21:28:09 - round.py - INFO - pick_up_card - Alessio --> [pick_up_card] --> Updated_Game_Ontology.Q_Cuori_Rosso
2025-10-24 21:28:09 - round.py - INFO - discard - Alessio --> [Scarto] --> Updated_Game_Ontology.A_Fiori_Blu
2025-10-24 21:28:09 - round.py - INFO - pick_up_card - MariaGrazia --> [pick_up_card] --> Updated_Game_Ontology.2_Cuori_Blu
2025-10-24 21:28:09 - round.py - INFO - open_tris - MariaGrazia --> [Apro Tris] --> [(-1, 55, 'Jolly', 20), (9, 8, 'Cuori', 10), (9, 75, 'Quadri', 10)]
2025-10-24 21:28:09 - round.py - INFO - discard - MariaGrazia --> [Scarto] --> Updated_Game_Ontology.Q_Cuori_Rosso
2025-10-24 21:28:09 - round.py - INFO - pick_up_discard - Alessio --> [pick_up_discard] --> Updated_Game_Ontology.5_Cuori_Blu
2025-10-24 21:28:09 - round.py - INFO - discard - Alessio --> [Scarto] --> Updated_Game_Ontology.Q_Cuori_Rosso
2025-10-24 21:28:09 - round.py - INFO - pick_up_discard - MariaGrazia --> [pick_up_discard] --> Updated_Game_Ontology.Q_Cuori_Rosso
2025-10-24 21:28:09 - round.py - INFO - discard - MariaGrazia --> [Scarto] --> Updated_Game_Ontology.Q_Cuori_Rosso
2025-10-24 21:28:09 - round.py - INFO - pick_up_discard - Alessio --> [pick_up_discard] --> Updated_Game_Ontology.Q_Cuori_Rosso
2025-10-24 21:28:09 - round.py - INFO - discard - Alessio --> [Scarto] --> Updated_Game_Ontology.Q_Cuori_Rosso
2025-10-24 21:28:09 - round.py - INFO - pick_up_discard - MariaGrazia --> [pick_up_discard] --> Updated_Game_Ontology.Q_Cuori_Rosso
2025-10-24 21:28:09 - round.py - INFO - discard - MariaGrazia --> [Scarto] --> Updated_Game_Ontology.4_Fiori_Rosso
2025-10-24 21:28:09 - round.py - INFO - pick_up_discard - Alessio --> [pick_up_discard] --> Updated_Game_Ontology.4_Fiori_Rosso
2025-10-24 21:28:10 - round.py - INFO - discard - Alessio --> [Scarto] --> Updated_Game_Ontology.A_Fiori_Blu
2025-10-24 21:28:10 - round.py - INFO - pick_up_card - MariaGrazia --> [pick_up_card] --> Updated_Game_Ontology.9_Picche_Blu
2025-10-24 21:28:10 - round.py - INFO - discard - MariaGrazia --> [Scarto] --> Updated_Game_Ontology.Q_Cuori_Rosso
2025-10-24 21:28:10 - round.py - INFO - pick_up_discard - Alessio --> [pick_up_discard] --> Updated_Game_Ontology.A_Fiori_Blu
2025-10-24 21:28:10 - round.py - INFO - discard - Alessio --> [Scarto] --> Updated_Game_Ontology.4_Fiori_Rosso
2025-10-24 21:28:10 - round.py - INFO - pick_up_card - MariaGrazia --> [pick_up_card] --> Updated_Game_Ontology.J_Quadri_Blu
2025-10-24 21:28:10 - round.py - INFO - discard - MariaGrazia --> [Scarto] --> Updated_Game_Ontology.9_Picche_Blu
2025-10-24 21:28:10 - round.py - INFO - pick_up_card - Alessio --> [pick_up_card] --> Updated_Game_Ontology.9_Picche_Rosso
2025-10-24 21:28:10 - round.py - INFO - discard - Alessio --> [Scarto] --> Updated_Game_Ontology.Q_Cuori_Rosso
2025-10-24 21:28:10 - round.py - INFO - pick_up_card - MariaGrazia --> [pick_up_card] --> Updated_Game_Ontology.4_Cuori_Blu
2025-10-24 21:28:10 - round.py - INFO - discard - MariaGrazia --> [Scarto] --> Updated_Game_Ontology.6_Picche_Rosso
2025-10-24 21:28:10 - round.py - INFO - pick_up_card - Alessio --> [pick_up_card] --> Updated_Game_Ontology.2_Fiori_Blu
2025-10-24 21:28:10 - round.py - INFO - discard - Alessio --> [Scarto] --> Updated_Game_Ontology.Q_Cuori_Rosso
2025-10-24 21:28:10 - round.py - INFO - pick_up_discard - MariaGrazia --> [pick_up_discard] --> Updated_Game_Ontology.4_Fiori_Rosso
2025-10-24 21:28:10 - round.py - INFO - discard - MariaGrazia --> [Scarto] --> Updated_Game_Ontology.J_Quadri_Blu
2025-10-24 21:28:10 - round.py - INFO - pick_up_discard - Alessio --> [pick_up_discard] --> Updated_Game_Ontology.J_Quadri_Blu
2025-10-24 21:28:10 - round.py - INFO - discard - Alessio --> [Scarto] --> Updated_Game_Ontology.2_Fiori_Blu
2025-10-24 21:28:10 - round.py - INFO - pick_up_discard - MariaGrazia --> [pick_up_discard] --> Updated_Game_Ontology.2_Fiori_Blu
2025-10-24 21:28:10 - round.py - INFO - open_tris - MariaGrazia --> [Apro Tris] --> [(-1, 81, 'Jolly', 20), (4, 29, 'Fiori', 5), (4, 57, 'Cuori', 5)]
2025-10-24 21:28:10 - round.py - INFO - discard - MariaGrazia --> [Scarto] --> Updated_Game_Ontology.9_Picche_Blu
2025-10-24 21:28:10 - round.py - INFO - pick_up_card - Alessio --> [pick_up_card] --> Updated_Game_Ontology.3_Cuori_Rosso
2025-10-24 21:28:10 - round.py - INFO - discard - Alessio --> [Scarto] --> Updated_Game_Ontology.3_Cuori_Rosso
2025-10-24 21:28:10 - round.py - INFO - pick_up_card - MariaGrazia --> [pick_up_card] --> Updated_Game_Ontology.A_Fiori_Blu
2025-10-24 21:28:10 - round.py - INFO - discard - MariaGrazia --> [Scarto] --> Updated_Game_Ontology.Q_Cuori_Rosso
2025-10-24 21:28:10 - round.py - INFO - pick_up_card - Alessio --> [pick_up_card] --> Updated_Game_Ontology.Jolly_Jolly_R_Blu
2025-10-24 21:28:10 - round.py - INFO - discard - Alessio --> [Scarto] --> Updated_Game_Ontology.Jolly_Jolly_R_Blu
2025-10-24 21:28:10 - round.py - INFO - pick_up_discard - MariaGrazia --> [pick_up_discard] --> Updated_Game_Ontology.9_Picche_Blu
2025-10-24 21:28:11 - round.py - INFO - open_tris - MariaGrazia --> [Apro Tris] --> [(-1, 107, 'Jolly', 30), (1, 80, 'Fiori', 15), (1, 26, 'Fiori', 15)]
2025-10-24 21:28:11 - round.py - INFO - discard - MariaGrazia --> [Scarto] --> Updated_Game_Ontology.9_Picche_Blu
2025-10-24 21:28:11 - round.py - INFO - pick_up_discard - Alessio --> [pick_up_discard] --> Updated_Game_Ontology.9_Picche_Blu
2025-10-24 21:28:11 - round.py - INFO - discard - Alessio --> [Scarto] --> Updated_Game_Ontology.9_Picche_Rosso
2025-10-24 21:28:11 - round.py - INFO - pick_up_discard - MariaGrazia --> [pick_up_discard] --> Updated_Game_Ontology.9_Picche_Rosso
2025-10-24 21:28:11 - round.py - INFO - discard - MariaGrazia --> [Scarto] --> Updated_Game_Ontology.10_Picche_Rosso
2025-10-24 21:28:11 - round.py - INFO - pick_up_discard - Alessio --> [pick_up_discard] --> Updated_Game_Ontology.10_Picche_Rosso
2025-10-24 21:28:11 - round.py - INFO - discard - Alessio --> [Scarto] --> Updated_Game_Ontology.A_Fiori_Blu
2025-10-24 21:28:11 - round.py - INFO - pick_up_discard - MariaGrazia --> [pick_up_discard] --> Updated_Game_Ontology.A_Fiori_Blu
2025-10-24 21:28:11 - round.py - INFO - discard - MariaGrazia --> [Scarto] --> Updated_Game_Ontology.Q_Cuori_Rosso
2025-10-24 21:28:11 - round.py - INFO - pick_up_discard - Alessio --> [pick_up_discard] --> Updated_Game_Ontology.Q_Cuori_Rosso
2025-10-24 21:28:11 - round.py - INFO - discard - Alessio --> [Scarto] --> Updated_Game_Ontology.Q_Cuori_Rosso
2025-10-24 21:28:11 - round.py - INFO - pick_up_discard - MariaGrazia --> [pick_up_discard] --> Updated_Game_Ontology.Q_Cuori_Rosso
2025-10-24 21:28:11 - round.py - INFO - discard - MariaGrazia --> [Scarto] --> Updated_Game_Ontology.9_Picche_Rosso
2025-10-24 21:28:11 - round.py - INFO - pick_up_card - Alessio --> [pick_up_card] --> Updated_Game_Ontology.7_Cuori_Rosso
2025-10-24 21:28:11 - round.py - INFO - discard - Alessio --> [Scarto] --> Updated_Game_Ontology.7_Cuori_Rosso
2025-10-24 21:28:11 - round.py - INFO - pick_up_card - MariaGrazia --> [pick_up_card] --> Updated_Game_Ontology.9_Cuori_Rosso
2025-10-24 21:28:11 - round.py - INFO - discard - MariaGrazia --> [Scarto] --> Updated_Game_Ontology.6_Picche_Rosso
2025-10-24 21:28:11 - round.py - INFO - pick_up_discard - Alessio --> [pick_up_discard] --> Updated_Game_Ontology.9_Picche_Rosso
2025-10-24 21:28:11 - round.py - INFO - discard - Alessio --> [Scarto] --> Updated_Game_Ontology.10_Picche_Rosso
2025-10-24 21:28:11 - round.py - INFO - pick_up_discard - MariaGrazia --> [pick_up_discard] --> Updated_Game_Ontology.10_Picche_Rosso
2025-10-24 21:28:11 - round.py - INFO - discard - MariaGrazia --> [Scarto] --> Updated_Game_Ontology.9_Cuori_Rosso
2025-10-24 21:28:11 - round.py - INFO - pick_up_discard - Alessio --> [pick_up_discard] --> Updated_Game_Ontology.9_Cuori_Rosso
2025-10-24 21:28:11 - round.py - INFO - open_tris - Alessio --> [Apro Tris] --> [(9, 8, 'Cuori', 10), (9, 101, 'Picche', 10), (9, 47, 'Picche', 10)]
2025-10-24 21:28:11 - round.py - INFO - discard - Alessio --> [Scarto] --> Updated_Game_Ontology.6_Picche_Rosso
2025-10-24 21:28:11 - round.py - INFO - pick_up_discard - MariaGrazia --> [pick_up_discard] --> Updated_Game_Ontology.6_Picche_Rosso
2025-10-24 21:28:11 - round.py - INFO - discard - MariaGrazia --> [Scarto] --> Updated_Game_Ontology.Q_Cuori_Rosso
2025-10-24 21:28:11 - round.py - INFO - pick_up_discard - Alessio --> [pick_up_discard] --> Updated_Game_Ontology.Q_Cuori_Rosso
2025-10-24 21:28:11 - round.py - INFO - discard - Alessio --> [Scarto] --> Updated_Game_Ontology.Q_Cuori_Rosso
2025-10-24 21:28:11 - round.py - INFO - pick_up_card - MariaGrazia --> [pick_up_card] --> Updated_Game_Ontology.5_Cuori_Blu
2025-10-24 21:28:11 - round.py - INFO - discard - MariaGrazia --> [Scarto] --> Updated_Game_Ontology.Q_Cuori_Rosso
2025-10-24 21:28:11 - round.py - INFO - pick_up_discard - Alessio --> [pick_up_discard] --> Updated_Game_Ontology.Q_Cuori_Rosso
2025-10-24 21:28:11 - round.py - INFO - discard - Alessio --> [Scarto] --> Updated_Game_Ontology.Q_Cuori_Rosso
2025-10-24 21:28:11 - round.py - INFO - pick_up_discard - MariaGrazia --> [pick_up_discard] --> Updated_Game_Ontology.Q_Cuori_Rosso
2025-10-24 21:28:11 - round.py - INFO - discard - MariaGrazia --> [Scarto] --> Updated_Game_Ontology.5_Cuori_Blu
2025-10-24 21:28:11 - round.py - INFO - pick_up_discard - Alessio --> [pick_up_discard] --> Updated_Game_Ontology.5_Cuori_Blu
2025-10-24 21:28:11 - round.py - INFO - discard - Alessio --> [Scarto] --> Updated_Game_Ontology.5_Cuori_Blu
2025-10-24 21:28:11 - round.py - INFO - pick_up_discard - MariaGrazia --> [pick_up_discard] --> Updated_Game_Ontology.5_Cuori_Blu
2025-10-24 21:28:11 - round.py - INFO - discard - MariaGrazia --> [Scarto] --> Updated_Game_Ontology.Q_Cuori_Rosso
2025-10-24 21:28:11 - round.py - INFO - pick_up_card - Alessio --> [pick_up_card] --> Updated_Game_Ontology.A_Fiori_Rosso
2025-10-24 21:28:11 - round.py - INFO - discard - Alessio --> [Scarto] --> Updated_Game_Ontology.Q_Cuori_Rosso
2025-10-24 21:28:11 - round.py - INFO - pick_up_discard - MariaGrazia --> [pick_up_discard] --> Updated_Game_Ontology.Q_Cuori_Rosso
2025-10-24 21:28:12 - round.py - INFO - discard - MariaGrazia --> [Scarto] --> Updated_Game_Ontology.Q_Cuori_Rosso
2025-10-24 21:28:12 - round.py - INFO - pick_up_discard - Alessio --> [pick_up_discard] --> Updated_Game_Ontology.Q_Cuori_Rosso
2025-10-24 21:28:12 - round.py - INFO - discard - Alessio --> [Scarto] --> Updated_Game_Ontology.7_Cuori_Rosso
2025-10-24 21:28:12 - round.py - INFO - pick_up_discard - MariaGrazia --> [pick_up_discard] --> Updated_Game_Ontology.7_Cuori_Rosso
2025-10-24 21:28:12 - round.py - INFO - discard - MariaGrazia --> [Scarto] --> Updated_Game_Ontology.Q_Cuori_Rosso
2025-10-24 21:28:12 - round.py - INFO - pick_up_discard - Alessio --> [pick_up_discard] --> Updated_Game_Ontology.Q_Cuori_Rosso
2025-10-24 21:28:12 - round.py - INFO - discard - Alessio --> [Scarto] --> Updated_Game_Ontology.Q_Cuori_Rosso
2025-10-24 21:28:12 - round.py - INFO - pick_up_card - MariaGrazia --> [pick_up_card] --> Updated_Game_Ontology.7_Picche_Rosso
2025-10-24 21:28:12 - round.py - INFO - discard - MariaGrazia --> [Scarto] --> Updated_Game_Ontology.5_Cuori_Blu
2025-10-24 21:28:12 - round.py - INFO - pick_up_discard - Alessio --> [pick_up_discard] --> Updated_Game_Ontology.Q_Cuori_Rosso
2025-10-24 21:28:12 - round.py - INFO - discard - Alessio --> [Scarto] --> Updated_Game_Ontology.5_Cuori_Blu
2025-10-24 21:28:12 - round.py - INFO - pick_up_card - MariaGrazia --> [pick_up_card] --> Updated_Game_Ontology.9_Quadri_Blu
2025-10-24 21:28:12 - round.py - INFO - discard - MariaGrazia --> [Scarto] --> Updated_Game_Ontology.3_Cuori_Rosso
2025-10-24 21:28:12 - round.py - INFO - pick_up_card - Alessio --> [pick_up_card] --> Updated_Game_Ontology.7_Quadri_Blu
2025-10-24 21:28:12 - round.py - INFO - discard - Alessio --> [Scarto] --> Updated_Game_Ontology.Q_Cuori_Rosso
2025-10-24 21:28:12 - round.py - INFO - pick_up_card - MariaGrazia --> [pick_up_card] --> Updated_Game_Ontology.7_Fiori_Rosso
2025-10-24 21:28:12 - round.py - INFO - discard - MariaGrazia --> [Scarto] --> Updated_Game_Ontology.10_Picche_Rosso
2025-10-24 21:28:12 - round.py - INFO - pick_up_card - Alessio --> [pick_up_card] --> Updated_Game_Ontology.4_Fiori_Rosso
2025-10-24 21:28:12 - round.py - INFO - discard - Alessio --> [Scarto] --> Updated_Game_Ontology.7_Quadri_Blu
2025-10-24 21:28:12 - round.py - INFO - pick_up_card - MariaGrazia --> [pick_up_card] --> Updated_Game_Ontology.10_Picche_Rosso
2025-10-24 21:28:12 - round.py - INFO - discard - MariaGrazia --> [Scarto] --> Updated_Game_Ontology.6_Picche_Rosso
2025-10-24 21:28:12 - round.py - INFO - pick_up_discard - Alessio --> [pick_up_discard] --> Updated_Game_Ontology.5_Cuori_Blu
2025-10-24 21:28:12 - round.py - INFO - discard - Alessio --> [Scarto] --> Updated_Game_Ontology.7_Quadri_Blu
2025-10-24 21:28:12 - round.py - INFO - pick_up_discard - MariaGrazia --> [pick_up_discard] --> Updated_Game_Ontology.7_Quadri_Blu
2025-10-24 21:28:12 - round.py - INFO - discard - MariaGrazia --> [Scarto] --> Updated_Game_Ontology.9_Quadri_Blu
2025-10-24 21:28:12 - round.py - INFO - pick_up_card - Alessio --> [pick_up_card] --> Updated_Game_Ontology.7_Cuori_Blu
2025-10-24 21:28:12 - round.py - INFO - discard - Alessio --> [Scarto] --> Updated_Game_Ontology.4_Fiori_Rosso
2025-10-24 21:28:12 - round.py - INFO - pick_up_card - MariaGrazia --> [pick_up_card] --> Updated_Game_Ontology.9_Quadri_Rosso
2025-10-24 21:28:12 - round.py - INFO - discard - MariaGrazia --> [Scarto] --> Updated_Game_Ontology.9_Quadri_Rosso
2025-10-24 21:28:12 - round.py - INFO - pick_up_card - Alessio --> [pick_up_card] --> Updated_Game_Ontology.A_Quadri_Blu
2025-10-24 21:28:13 - round.py - INFO - discard - Alessio --> [Scarto] --> Updated_Game_Ontology.5_Cuori_Blu
2025-10-24 21:28:13 - round.py - INFO - pick_up_card - MariaGrazia --> [pick_up_card] --> Updated_Game_Ontology.6_Quadri_Blu
2025-10-24 21:28:13 - round.py - INFO - discard - MariaGrazia --> [Scarto] --> Updated_Game_Ontology.10_Picche_Rosso
2025-10-24 21:28:13 - round.py - INFO - pick_up_card - Alessio --> [pick_up_card] --> Updated_Game_Ontology.8_Picche_Rosso
2025-10-24 21:28:13 - round.py - INFO - discard - Alessio --> [Scarto] --> Updated_Game_Ontology.7_Cuori_Blu
2025-10-24 21:28:13 - round.py - INFO - pick_up_discard - MariaGrazia --> [pick_up_discard] --> Updated_Game_Ontology.9_Quadri_Blu
2025-10-24 21:28:13 - round.py - INFO - discard - MariaGrazia --> [Scarto] --> Updated_Game_Ontology.6_Quadri_Blu
2025-10-24 21:28:13 - round.py - INFO - pick_up_discard - Alessio --> [pick_up_discard] --> Updated_Game_Ontology.6_Quadri_Blu
2025-10-24 21:28:14 - round.py - INFO - discard - Alessio --> [Scarto] --> Updated_Game_Ontology.A_Quadri_Blu
2025-10-24 21:28:14 - round.py - INFO - pick_up_card - MariaGrazia --> [pick_up_card] --> Updated_Game_Ontology.K_Fiori_Rosso
2025-10-24 21:28:14 - round.py - INFO - discard - MariaGrazia --> [Scarto] --> Updated_Game_Ontology.5_Cuori_Blu
2025-10-24 21:28:14 - round.py - INFO - pick_up_discard - Alessio --> [pick_up_discard] --> Updated_Game_Ontology.A_Quadri_Blu
2025-10-24 21:28:14 - round.py - INFO - discard - Alessio --> [Scarto] --> Updated_Game_Ontology.A_Fiori_Rosso
2025-10-24 21:28:14 - round.py - INFO - pick_up_discard - MariaGrazia --> [pick_up_discard] --> Updated_Game_Ontology.A_Fiori_Rosso
2025-10-24 21:28:14 - round.py - INFO - discard - MariaGrazia --> [Scarto] --> Updated_Game_Ontology.K_Fiori_Rosso
2025-10-24 21:28:14 - round.py - INFO - pick_up_card - Alessio --> [pick_up_card] --> Updated_Game_Ontology.J_Picche_Blu
2025-10-24 21:28:15 - round.py - INFO - discard - Alessio --> [Scarto] --> Updated_Game_Ontology.A_Quadri_Blu
2025-10-24 21:28:15 - round.py - INFO - pick_up_discard - MariaGrazia --> [pick_up_discard] --> Updated_Game_Ontology.K_Fiori_Rosso
2025-10-24 21:28:15 - round.py - INFO - discard - MariaGrazia --> [Scarto] --> Updated_Game_Ontology.9_Quadri_Rosso
2025-10-24 21:28:15 - round.py - INFO - pick_up_card - Alessio --> [pick_up_card] --> Updated_Game_Ontology.4_Quadri_Rosso
2025-10-24 21:28:15 - round.py - INFO - discard - Alessio --> [Scarto] --> Updated_Game_Ontology.Q_Cuori_Rosso
2025-10-24 21:28:15 - round.py - INFO - pick_up_card - MariaGrazia --> [pick_up_card] --> Updated_Game_Ontology.3_Cuori_Blu
2025-10-24 21:28:15 - round.py - INFO - discard - MariaGrazia --> [Scarto] --> Updated_Game_Ontology.3_Cuori_Blu
2025-10-24 21:28:15 - round.py - INFO - pick_up_card - Alessio --> [pick_up_card] --> Updated_Game_Ontology.10_Cuori_Rosso
2025-10-24 21:28:16 - round.py - INFO - discard - Alessio --> [Scarto] --> Updated_Game_Ontology.10_Picche_Rosso
2025-10-24 21:28:16 - round.py - INFO - pick_up_card - MariaGrazia --> [pick_up_card] --> Updated_Game_Ontology.Q_Picche_Rosso
2025-10-24 21:28:16 - round.py - INFO - discard - MariaGrazia --> [Scarto] --> Updated_Game_Ontology.Q_Picche_Rosso
2025-10-24 21:28:16 - round.py - INFO - pick_up_discard - Alessio --> [pick_up_discard] --> Updated_Game_Ontology.9_Quadri_Rosso
2025-10-24 21:28:18 - round.py - INFO - discard - Alessio --> [Scarto] --> Updated_Game_Ontology.4_Quadri_Rosso
2025-10-24 21:28:18 - round.py - INFO - pick_up_card - MariaGrazia --> [pick_up_card] --> Updated_Game_Ontology.3_Picche_Rosso
2025-10-24 21:28:18 - round.py - INFO - discard - MariaGrazia --> [Scarto] --> Updated_Game_Ontology.10_Picche_Rosso
2025-10-24 21:28:18 - round.py - INFO - pick_up_card - Alessio --> [pick_up_card] --> Updated_Game_Ontology.2_Picche_Rosso
2025-10-24 21:28:19 - round.py - INFO - open_meld - Alessio --> [Apro Scala] --> [(-1, 40, 'Jolly', 20), (3, 56, 'Cuori', 5), (5, 58, 'Cuori', 5)]
2025-10-24 21:28:19 - round.py - INFO - discard - Alessio --> [Scarto] --> Updated_Game_Ontology.6_Picche_Rosso
2025-10-24 21:28:19 - round.py - INFO - pick_up_card - MariaGrazia --> [pick_up_card] --> Updated_Game_Ontology.7_Picche_Blu
2025-10-24 21:28:19 - round.py - INFO - discard - MariaGrazia --> [Scarto] --> Updated_Game_Ontology.3_Picche_Rosso
2025-10-24 21:28:19 - round.py - INFO - pick_up_card - Alessio --> [pick_up_card] --> Updated_Game_Ontology.9_Fiori_Rosso
2025-10-24 21:28:19 - round.py - INFO - discard - Alessio --> [Scarto] --> Updated_Game_Ontology.3_Cuori_Rosso
2025-10-24 21:28:19 - round.py - INFO - pick_up_discard - MariaGrazia --> [pick_up_discard] --> Updated_Game_Ontology.4_Quadri_Rosso
2025-10-24 21:28:20 - round.py - INFO - discard - MariaGrazia --> [Scarto] --> Updated_Game_Ontology.10_Picche_Rosso
2025-10-24 21:28:20 - round.py - INFO - pick_up_discard - Alessio --> [pick_up_discard] --> Updated_Game_Ontology.10_Picche_Rosso
2025-10-24 21:28:20 - round.py - INFO - discard - Alessio --> [Scarto] --> Updated_Game_Ontology.10_Cuori_Rosso
2025-10-24 21:28:20 - round.py - INFO - pick_up_discard - MariaGrazia --> [pick_up_discard] --> Updated_Game_Ontology.10_Cuori_Rosso
2025-10-24 21:28:20 - round.py - INFO - discard - MariaGrazia --> [Scarto] --> Updated_Game_Ontology.6_Picche_Rosso
2025-10-24 21:28:20 - round.py - INFO - pick_up_card - Alessio --> [pick_up_card] --> Updated_Game_Ontology.J_Fiori_Rosso
2025-10-24 21:28:20 - round.py - INFO - discard - Alessio --> [Scarto] --> Updated_Game_Ontology.10_Picche_Rosso
2025-10-24 21:28:20 - round.py - INFO - pick_up_card - MariaGrazia --> [pick_up_card] --> Updated_Game_Ontology.8_Quadri_Rosso
2025-10-24 21:28:20 - round.py - INFO - discard - MariaGrazia --> [Scarto] --> Updated_Game_Ontology.10_Cuori_Rosso
2025-10-24 21:28:20 - round.py - INFO - pick_up_card - Alessio --> [pick_up_card] --> Updated_Game_Ontology.5_Picche_Rosso
2025-10-24 21:28:20 - round.py - INFO - discard - Alessio --> [Scarto] --> Updated_Game_Ontology.Q_Picche_Rosso
2025-10-24 21:28:20 - round.py - INFO - pick_up_discard - MariaGrazia --> [pick_up_discard] --> Updated_Game_Ontology.6_Picche_Rosso
2025-10-24 21:28:21 - round.py - INFO - discard - MariaGrazia --> [Scarto] --> Updated_Game_Ontology.8_Quadri_Rosso
2025-10-24 21:28:21 - round.py - INFO - pick_up_card - Alessio --> [pick_up_card] --> Updated_Game_Ontology.6_Fiori_Rosso
2025-10-24 21:28:21 - round.py - INFO - discard - Alessio --> [Scarto] --> Updated_Game_Ontology.6_Quadri_Blu
2025-10-24 21:28:21 - round.py - INFO - pick_up_discard - MariaGrazia --> [pick_up_discard] --> Updated_Game_Ontology.8_Quadri_Rosso
2025-10-24 21:28:22 - round.py - INFO - discard - MariaGrazia --> [Scarto] --> Updated_Game_Ontology.6_Quadri_Blu
2025-10-24 21:28:22 - round.py - INFO - pick_up_discard - Alessio --> [pick_up_discard] --> Updated_Game_Ontology.6_Quadri_Blu
2025-10-24 21:28:22 - round.py - INFO - discard - Alessio --> [Scarto] --> Updated_Game_Ontology.8_Picche_Rosso
2025-10-24 21:28:22 - round.py - INFO - pick_up_card - MariaGrazia --> [pick_up_card] --> Updated_Game_Ontology.Jolly_Jolly_N_Blu
2025-10-24 21:28:24 - round.py - INFO - discard - MariaGrazia --> [Scarto] --> Updated_Game_Ontology.10_Cuori_Rosso
2025-10-24 21:28:24 - round.py - INFO - pick_up_card - Alessio --> [pick_up_card] --> Updated_Game_Ontology.5_Quadri_Blu
2025-10-24 21:28:24 - round.py - INFO - discard - Alessio --> [Scarto] --> Updated_Game_Ontology.6_Quadri_Blu
2025-10-24 21:28:24 - round.py - INFO - pick_up_discard - MariaGrazia --> [pick_up_discard] --> Updated_Game_Ontology.8_Picche_Rosso
2025-10-24 21:28:25 - round.py - INFO - discard - MariaGrazia --> [Scarto] --> Updated_Game_Ontology.10_Cuori_Rosso
2025-10-24 21:28:25 - round.py - INFO - pick_up_discard - Alessio --> [pick_up_discard] --> Updated_Game_Ontology.10_Cuori_Rosso
2025-10-24 21:28:25 - round.py - INFO - discard - Alessio --> [Scarto] --> Updated_Game_Ontology.5_Picche_Rosso
2025-10-24 21:28:25 - round.py - INFO - pick_up_discard - MariaGrazia --> [pick_up_discard] --> Updated_Game_Ontology.5_Picche_Rosso
2025-10-24 21:28:26 - round.py - INFO - discard - MariaGrazia --> [Scarto] --> Updated_Game_Ontology.8_Picche_Rosso
2025-10-24 21:28:26 - round.py - INFO - pick_up_discard - Alessio --> [pick_up_discard] --> Updated_Game_Ontology.8_Picche_Rosso
2025-10-24 21:28:26 - round.py - INFO - discard - Alessio --> [Scarto] --> Updated_Game_Ontology.Q_Cuori_Rosso
2025-10-24 21:28:26 - round.py - INFO - pick_up_card - MariaGrazia --> [pick_up_card] --> Updated_Game_Ontology.8_Fiori_Blu
2025-10-24 21:28:28 - round.py - INFO - discard - MariaGrazia --> [Scarto] --> Updated_Game_Ontology.5_Picche_Rosso
2025-10-24 21:28:28 - round.py - INFO - pick_up_card - Alessio --> [pick_up_card] --> Updated_Game_Ontology.4_Picche_Blu
2025-10-24 21:28:28 - round.py - INFO - discard - Alessio --> [Scarto] --> Updated_Game_Ontology.4_Picche_Blu
2025-10-24 21:28:28 - round.py - INFO - pick_up_discard - MariaGrazia --> [pick_up_discard] --> Updated_Game_Ontology.Q_Cuori_Rosso
2025-10-24 21:28:30 - round.py - INFO - open_tris - MariaGrazia --> [Apro Tris] --> [(4, 29, 'Fiori', 5), (4, 96, 'Picche', 5), (4, 16, 'Quadri', 5)]
2025-10-24 21:28:31 - round.py - INFO - discard - MariaGrazia --> [Scarto] --> Updated_Game_Ontology.9_Quadri_Blu
2025-10-24 21:28:31 - round.py - INFO - pick_up_card - Alessio --> [pick_up_card] --> Updated_Game_Ontology.3_Quadri_Rosso
2025-10-24 21:28:31 - round.py - INFO - discard - Alessio --> [Scarto] --> Updated_Game_Ontology.6_Fiori_Rosso
2025-10-24 21:28:31 - round.py - INFO - pick_up_discard - MariaGrazia --> [pick_up_discard] --> Updated_Game_Ontology.9_Quadri_Blu
2025-10-24 21:28:32 - round.py - INFO - open_tris - MariaGrazia --> [Apro Tris] --> [(6, 44, 'Picche', 5), (6, 72, 'Quadri', 5), (6, 31, 'Fiori', 5)]
2025-10-24 21:28:33 - round.py - INFO - discard - MariaGrazia --> [Scarto] --> Updated_Game_Ontology.5_Picche_Rosso
2025-10-24 21:28:33 - round.py - INFO - pick_up_discard - Alessio --> [pick_up_discard] --> Updated_Game_Ontology.5_Picche_Rosso
2025-10-24 21:28:33 - round.py - INFO - discard - Alessio --> [Scarto] --> Updated_Game_Ontology.8_Picche_Rosso
2025-10-24 21:28:33 - round.py - INFO - pick_up_card - MariaGrazia --> [pick_up_card] --> Updated_Game_Ontology.K_Picche_Blu
2025-10-24 21:28:33 - round.py - INFO - discard - MariaGrazia --> [Scarto] --> Updated_Game_Ontology.3_Cuori_Rosso
2025-10-24 21:28:33 - round.py - INFO - pick_up_card - Alessio --> [pick_up_card] --> Updated_Game_Ontology.6_Quadri_Rosso
2025-10-24 21:28:33 - round.py - INFO - discard - Alessio --> [Scarto] --> Updated_Game_Ontology.5_Picche_Rosso
2025-10-24 21:28:33 - round.py - INFO - pick_up_discard - MariaGrazia --> [pick_up_discard] --> Updated_Game_Ontology.8_Picche_Rosso
2025-10-24 21:28:34 - round.py - INFO - open_tris - MariaGrazia --> [Apro Tris] --> [(8, 20, 'Quadri', 10), (8, 46, 'Picche', 10), (8, 87, 'Fiori', 10)]
2025-10-24 21:28:34 - round.py - INFO - discard - MariaGrazia --> [Scarto] --> Updated_Game_Ontology.5_Picche_Rosso
2025-10-24 21:28:34 - round.py - INFO - pick_up_discard - Alessio --> [pick_up_discard] --> Updated_Game_Ontology.5_Picche_Rosso
2025-10-24 21:28:34 - round.py - INFO - discard - Alessio --> [Scarto] --> Updated_Game_Ontology.3_Quadri_Rosso
2025-10-24 21:28:34 - round.py - INFO - pick_up_card - MariaGrazia --> [pick_up_card] --> Updated_Game_Ontology.7_Quadri_Rosso
2025-10-24 21:28:35 - round.py - INFO - discard - MariaGrazia --> [Scarto] --> Updated_Game_Ontology.10_Picche_Rosso
2025-10-24 21:28:35 - round.py - INFO - pick_up_discard - Alessio --> [pick_up_discard] --> Updated_Game_Ontology.3_Quadri_Rosso
2025-10-24 21:28:35 - round.py - INFO - discard - Alessio --> [Scarto] --> Updated_Game_Ontology.10_Cuori_Rosso
2025-10-24 21:28:35 - round.py - INFO - pick_up_discard - MariaGrazia --> [pick_up_discard] --> Updated_Game_Ontology.10_Cuori_Rosso
2025-10-24 21:28:35 - round.py - INFO - discard - MariaGrazia --> [Scarto] --> Updated_Game_Ontology.3_Cuori_Rosso
2025-10-24 21:28:35 - round.py - INFO - pick_up_card - Alessio --> [pick_up_card] --> Updated_Game_Ontology.J_Fiori_Blu
2025-10-24 21:28:35 - round.py - INFO - discard - Alessio --> [Scarto] --> Updated_Game_Ontology.3_Quadri_Rosso
2025-10-24 21:28:35 - round.py - INFO - pick_up_discard - MariaGrazia --> [pick_up_discard] --> Updated_Game_Ontology.3_Cuori_Rosso
2025-10-24 21:28:36 - round.py - INFO - open_tris - MariaGrazia --> [Apro Tris] --> [(3, 15, 'Quadri', 5), (3, 2, 'Cuori', 5), (3, 41, 'Picche', 5)]
2025-10-24 21:28:36 - round.py - INFO - discard - MariaGrazia --> [Scarto] --> Updated_Game_Ontology.K_Fiori_Rosso
2025-10-24 21:28:36 - round.py - INFO - pick_up_discard - Alessio --> [pick_up_discard] --> Updated_Game_Ontology.K_Fiori_Rosso
2025-10-24 21:28:36 - round.py - INFO - discard - Alessio --> [Scarto] --> Updated_Game_Ontology.Q_Cuori_Rosso
2025-10-24 21:28:36 - round.py - INFO - pick_up_discard - MariaGrazia --> [pick_up_discard] --> Updated_Game_Ontology.Q_Cuori_Rosso
2025-10-24 21:28:36 - round.py - INFO - discard - MariaGrazia --> [Scarto] --> Updated_Game_Ontology.Q_Picche_Rosso
2025-10-24 21:28:36 - round.py - INFO - pick_up_discard - Alessio --> [pick_up_discard] --> Updated_Game_Ontology.Q_Picche_Rosso
2025-10-24 21:28:36 - round.py - INFO - discard - Alessio --> [Scarto] --> Updated_Game_Ontology.5_Picche_Rosso
2025-10-24 21:28:36 - round.py - INFO - pick_up_discard - MariaGrazia --> [pick_up_discard] --> Updated_Game_Ontology.5_Picche_Rosso
2025-10-24 21:28:36 - round.py - INFO - discard - MariaGrazia --> [Scarto] --> Updated_Game_Ontology.5_Picche_Rosso
2025-10-24 21:28:36 - round.py - INFO - pick_up_card - Alessio --> [pick_up_card] --> Updated_Game_Ontology.10_Quadri_Blu
2025-10-24 21:28:36 - round.py - INFO - discard - Alessio --> [Scarto] --> Updated_Game_Ontology.5_Quadri_Blu
2025-10-24 21:28:36 - round.py - INFO - pick_up_card - MariaGrazia --> [pick_up_card] --> Updated_Game_Ontology.K_Quadri_Rosso
2025-10-24 21:28:36 - round.py - INFO - discard - MariaGrazia --> [Scarto] --> Updated_Game_Ontology.Q_Cuori_Rosso
2025-10-24 21:28:36 - round.py - INFO - pick_up_card - Alessio --> [pick_up_card] --> Updated_Game_Ontology.A_Cuori_Rosso
2025-10-24 21:28:37 - round.py - INFO - discard - Alessio --> [Scarto] --> Updated_Game_Ontology.10_Picche_Rosso
2025-10-24 21:28:37 - round.py - INFO - pick_up_discard - MariaGrazia --> [pick_up_discard] --> Updated_Game_Ontology.5_Picche_Rosso
2025-10-24 21:28:37 - round.py - INFO - discard - MariaGrazia --> [Scarto] --> Updated_Game_Ontology.9_Quadri_Blu
2025-10-24 21:28:37 - round.py - INFO - pick_up_card - Alessio --> [pick_up_card] --> Updated_Game_Ontology.Q_Fiori_Rosso
2025-10-24 21:28:37 - round.py - INFO - discard - Alessio --> [Scarto] --> Updated_Game_Ontology.6_Quadri_Rosso
2025-10-24 21:28:37 - round.py - INFO - pick_up_discard - MariaGrazia --> [pick_up_discard] --> Updated_Game_Ontology.9_Quadri_Blu
2025-10-24 21:28:37 - round.py - INFO - discard - MariaGrazia --> [Scarto] --> Updated_Game_Ontology.10_Cuori_Rosso
2025-10-24 21:28:37 - round.py - INFO - pick_up_discard - Alessio --> [pick_up_discard] --> Updated_Game_Ontology.10_Cuori_Rosso
2025-10-24 21:28:38 - round.py - INFO - open_tris - Alessio --> [Apro Tris] --> [(10, 48, 'Picche', 10), (10, 9, 'Cuori', 10), (10, 76, 'Quadri', 10)]
2025-10-24 21:28:38 - round.py - INFO - discard - Alessio --> [Scarto] --> Updated_Game_Ontology.Q_Picche_Rosso
2025-10-24 21:28:38 - round.py - INFO - pick_up_card - MariaGrazia --> [pick_up_card] --> Updated_Game_Ontology.A_Quadri_Rosso
2025-10-24 21:28:38 - round.py - INFO - discard - MariaGrazia --> [Scarto] --> Updated_Game_Ontology.5_Quadri_Blu
2025-10-24 21:28:38 - round.py - INFO - pick_up_discard - Alessio --> [pick_up_discard] --> Updated_Game_Ontology.Q_Picche_Rosso
2025-10-24 21:28:38 - round.py - INFO - discard - Alessio --> [Scarto] --> Updated_Game_Ontology.K_Fiori_Rosso
2025-10-24 21:28:38 - round.py - INFO - pick_up_card - MariaGrazia --> [pick_up_card] --> Updated_Game_Ontology.4_Fiori_Blu
2025-10-24 21:28:38 - round.py - INFO - discard - MariaGrazia --> [Scarto] --> Updated_Game_Ontology.K_Quadri_Rosso
2025-10-24 21:28:38 - round.py - INFO - pick_up_discard - Alessio --> [pick_up_discard] --> Updated_Game_Ontology.K_Fiori_Rosso
2025-10-24 21:28:38 - round.py - INFO - discard - Alessio --> [Scarto] --> Updated_Game_Ontology.Q_Picche_Rosso
2025-10-24 21:28:38 - round.py - INFO - pick_up_card - MariaGrazia --> [pick_up_card] --> Updated_Game_Ontology.3_Fiori_Rosso
2025-10-24 21:28:39 - round.py - INFO - discard - MariaGrazia --> [Scarto] --> Updated_Game_Ontology.Q_Cuori_Rosso
2025-10-24 21:28:39 - round.py - INFO - pick_up_discard - Alessio --> [pick_up_discard] --> Updated_Game_Ontology.Q_Picche_Rosso
2025-10-24 21:28:39 - round.py - INFO - open_tris - Alessio --> [Apro Tris] --> [(12, 11, 'Cuori', 10), (12, 50, 'Picche', 10), (12, 37, 'Fiori', 10)]
2025-10-24 21:28:39 - round.py - INFO - discard - Alessio --> [Scarto] --> Updated_Game_Ontology.K_Fiori_Rosso
2025-10-24 21:28:39 - round.py - INFO - pick_up_discard - MariaGrazia --> [pick_up_discard] --> Updated_Game_Ontology.K_Fiori_Rosso
2025-10-24 21:28:39 - round.py - INFO - discard - MariaGrazia --> [Scarto] --> Updated_Game_Ontology.10_Picche_Rosso
2025-10-24 21:28:39 - round.py - INFO - pick_up_card - Alessio --> [pick_up_card] --> Updated_Game_Ontology.K_Cuori_Rosso
2025-10-24 21:28:39 - round.py - INFO - discard - Alessio --> [Scarto] --> Updated_Game_Ontology.K_Cuori_Rosso
2025-10-24 21:28:39 - round.py - INFO - pick_up_discard - MariaGrazia --> [pick_up_discard] --> Updated_Game_Ontology.10_Picche_Rosso
2025-10-24 21:28:39 - round.py - INFO - open_tris - MariaGrazia --> [Apro Tris] --> [(13, 105, 'Picche', 10), (13, 12, 'Cuori', 10), (13, 38, 'Fiori', 10)]
2025-10-24 21:28:39 - round.py - INFO - discard - MariaGrazia --> [Scarto] --> Updated_Game_Ontology.9_Quadri_Blu
2025-10-24 21:28:39 - round.py - INFO - pick_up_card - Alessio --> [pick_up_card] --> Updated_Game_Ontology.8_Fiori_Rosso
2025-10-24 21:28:39 - round.py - INFO - discard - Alessio --> [Scarto] --> Updated_Game_Ontology.8_Fiori_Rosso
2025-10-24 21:28:39 - round.py - INFO - pick_up_discard - MariaGrazia --> [pick_up_discard] --> Updated_Game_Ontology.9_Quadri_Blu
2025-10-24 21:28:39 - round.py - INFO - discard - MariaGrazia --> [Scarto] --> Updated_Game_Ontology.9_Quadri_Blu
2025-10-24 21:28:39 - round.py - INFO - pick_up_card - Alessio --> [pick_up_card] --> Updated_Game_Ontology.Q_Quadri_Blu
2025-10-24 21:28:39 - round.py - INFO - discard - Alessio --> [Scarto] --> Updated_Game_Ontology.K_Quadri_Rosso
2025-10-24 21:28:39 - round.py - INFO - pick_up_discard - MariaGrazia --> [pick_up_discard] --> Updated_Game_Ontology.9_Quadri_Blu
2025-10-24 21:28:39 - round.py - INFO - discard - MariaGrazia --> [Scarto] --> Updated_Game_Ontology.Q_Cuori_Rosso
2025-10-24 21:28:39 - round.py - INFO - pick_up_discard - Alessio --> [pick_up_discard] --> Updated_Game_Ontology.Q_Cuori_Rosso
2025-10-24 21:28:40 - round.py - INFO - discard - Alessio --> [Scarto] --> Updated_Game_Ontology.5_Quadri_Blu
2025-10-24 21:28:40 - round.py - INFO - pick_up_card - MariaGrazia --> [pick_up_card] --> Updated_Game_Ontology.5_Quadri_Rosso
2025-10-24 21:28:40 - round.py - INFO - discard - MariaGrazia --> [Scarto] --> Updated_Game_Ontology.5_Quadri_Rosso
2025-10-24 21:28:40 - round.py - INFO - pick_up_discard - Alessio --> [pick_up_discard] --> Updated_Game_Ontology.5_Quadri_Blu
2025-10-24 21:28:40 - round.py - INFO - discard - Alessio --> [Scarto] --> Updated_Game_Ontology.5_Quadri_Blu
2025-10-24 21:28:40 - round.py - INFO - pick_up_card - MariaGrazia --> [pick_up_card] --> Updated_Game_Ontology.Q_Picche_Blu
2025-10-24 21:28:40 - round.py - INFO - discard - MariaGrazia --> [Scarto] --> Updated_Game_Ontology.Q_Picche_Blu
2025-10-24 21:28:40 - round.py - INFO - pick_up_card - Alessio --> [pick_up_card] --> Updated_Game_Ontology.10_Cuori_Blu
