2025-10-30 21:35:17 - logger.py - INFO - _initialize - Logger inizializzato. File di log: logs\partita_20251030_213517441329.log
2025-10-30 21:35:17 - round.py - INFO - pick_up_discard - Alessio ----> 4_Picche_Rosso
2025-10-30 21:35:18 - round.py - INFO - open_meld - Alessio ----> [(3, 82, 'Fiori', 5), (4, 83, 'Fiori', 5), (5, 30, 'Fiori', 5)]
2025-10-30 21:35:19 - round.py - INFO - open_tris - Alessio ----> [(-1, 106, 'Jolly', 30), (12, 24, 'Quadri', 10), (12, 104, 'Picche', 10)]
2025-10-30 21:35:19 - round.py - INFO - discard - Alessio ----> 3_Fiori_Rosso
2025-10-30 21:35:19 - round.py - INFO - pick_up_discard - MariaGrazia ----> 3_Fiori_Rosso
2025-10-30 21:35:20 - round.py - INFO - open_meld - MariaGrazia ----> [(-1, 55, 'Jolly', 20), (12, 11, 'Cuori', 10), (13, 66, 'Cuori', 10)]
2025-10-30 21:35:21 - round.py - INFO - discard - MariaGrazia ----> J_Picche_Rosso
2025-10-30 21:35:21 - round.py - INFO - pick_up_discard - Alessio ----> J_Picche_Rosso
2025-10-30 21:35:21 - round.py - INFO - discard - Alessio ----> 4_Cuori_Blu
2025-10-30 21:35:21 - round.py - INFO - pick_up_card - MariaGrazia ----> 3_Fiori_Blu
2025-10-30 21:35:21 - round.py - INFO - discard - MariaGrazia ----> 3_Fiori_Blu
2025-10-30 21:35:21 - round.py - INFO - pick_up_discard - Alessio ----> 4_Cuori_Blu
2025-10-30 21:35:21 - round.py - INFO - discard - Alessio ----> 10_Cuori_Rosso
2025-10-30 21:35:21 - round.py - INFO - pick_up_card - MariaGrazia ----> Q_Quadri_Rosso
2025-10-30 21:35:22 - round.py - INFO - discard - MariaGrazia ----> Q_Quadri_Rosso
2025-10-30 21:35:22 - round.py - INFO - pick_up_card - Alessio ----> 3_Fiori_Rosso
2025-10-30 21:35:22 - round.py - INFO - discard - Alessio ----> 4_Cuori_Blu
2025-10-30 21:35:22 - round.py - INFO - pick_up_discard - MariaGrazia ----> 10_Cuori_Rosso
2025-10-30 21:35:23 - round.py - INFO - discard - MariaGrazia ----> 6_Picche_Blu
2025-10-30 21:35:23 - round.py - INFO - pick_up_card - Alessio ----> 5_Fiori_Rosso
2025-10-30 21:35:23 - round.py - INFO - discard - Alessio ----> J_Picche_Rosso
2025-10-30 21:35:23 - round.py - INFO - pick_up_card - MariaGrazia ----> 10_Cuori_Rosso
2025-10-30 21:35:24 - round.py - INFO - discard - MariaGrazia ----> Q_Quadri_Rosso
2025-10-30 21:35:24 - round.py - INFO - pick_up_discard - Alessio ----> 6_Picche_Blu
2025-10-30 21:35:24 - round.py - INFO - update_tris - Alessio ----> 12 -->Q_Quadri_Rosso
2025-10-30 21:35:25 - round.py - INFO - discard - Alessio ----> 4_Picche_Rosso
2025-10-30 21:35:25 - round.py - INFO - pick_up_card - MariaGrazia ----> Jolly_Jolly_N_Blu
2025-10-30 21:35:26 - round.py - INFO - open_meld - MariaGrazia ----> [(-1, 106, 'Jolly', 30), (1, 26, 'Fiori', 15), (3, 28, 'Fiori', 5)]
2025-10-30 21:35:26 - round.py - INFO - discard - MariaGrazia ----> 9_Quadri_Blu
2025-10-30 21:35:26 - round.py - INFO - pick_up_card - Alessio ----> 4_Fiori_Blu
2025-10-30 21:35:26 - round.py - INFO - open_meld - Alessio ----> [(3, 82, 'Fiori', 5), (4, 83, 'Fiori', 5), (5, 30, 'Fiori', 5)]
2025-10-30 21:35:26 - round.py - INFO - discard - Alessio ----> 7_Fiori_Rosso
2025-10-30 21:35:26 - round.py - INFO - pick_up_discard - MariaGrazia ----> 4_Picche_Rosso
2025-10-30 21:35:27 - round.py - INFO - discard - MariaGrazia ----> 10_Cuori_Rosso
2025-10-30 21:35:27 - round.py - INFO - pick_up_discard - Alessio ----> 10_Cuori_Rosso
2025-10-30 21:35:27 - round.py - INFO - discard - Alessio ----> J_Picche_Rosso
2025-10-30 21:35:27 - round.py - INFO - pick_up_discard - MariaGrazia ----> J_Picche_Rosso
2025-10-30 21:35:28 - round.py - INFO - discard - MariaGrazia ----> 4_Picche_Rosso
2025-10-30 21:35:28 - round.py - INFO - pick_up_card - Alessio ----> Q_Picche_Blu
2025-10-30 21:35:28 - round.py - INFO - update_tris - Alessio ----> 12 -->Q_Picche_Blu
2025-10-30 21:35:28 - round.py - INFO - discard - Alessio ----> 6_Picche_Blu
2025-10-30 21:35:28 - round.py - INFO - pick_up_discard - MariaGrazia ----> 4_Picche_Rosso
2025-10-30 21:35:28 - round.py - INFO - discard - MariaGrazia ----> J_Quadri_Rosso
2025-10-30 21:35:28 - round.py - INFO - pick_up_discard - Alessio ----> J_Quadri_Rosso
2025-10-30 21:35:29 - round.py - INFO - discard - Alessio ----> 3_Fiori_Rosso
2025-10-30 21:35:29 - round.py - INFO - pick_up_card - MariaGrazia ----> 4_Cuori_Blu
2025-10-30 21:35:29 - round.py - INFO - discard - MariaGrazia ----> 7_Cuori_Blu
2025-10-30 21:35:29 - round.py - INFO - pick_up_discard - Alessio ----> 3_Fiori_Rosso
2025-10-30 21:35:29 - round.py - INFO - discard - Alessio ----> 10_Cuori_Blu
2025-10-30 21:35:29 - round.py - INFO - pick_up_discard - MariaGrazia ----> 10_Cuori_Blu
2025-10-30 21:35:30 - round.py - INFO - discard - MariaGrazia ----> 10_Cuori_Blu
2025-10-30 21:35:30 - round.py - INFO - pick_up_card - Alessio ----> 10_Cuori_Blu
2025-10-30 21:35:30 - round.py - INFO - discard - Alessio ----> J_Quadri_Rosso
2025-10-30 21:35:30 - round.py - INFO - pick_up_discard - MariaGrazia ----> 10_Cuori_Blu
2025-10-30 21:35:32 - round.py - INFO - discard - MariaGrazia ----> 4_Cuori_Blu
2025-10-30 21:35:32 - round.py - INFO - pick_up_card - Alessio ----> 7_Fiori_Rosso
2025-10-30 21:35:32 - round.py - INFO - discard - Alessio ----> 10_Cuori_Rosso
2025-10-30 21:35:32 - round.py - INFO - pick_up_discard - MariaGrazia ----> 4_Cuori_Blu
2025-10-30 21:35:33 - round.py - INFO - discard - MariaGrazia ----> 9_Cuori_Blu
2025-10-30 21:35:33 - round.py - INFO - pick_up_card - Alessio ----> J_Picche_Rosso
2025-10-30 21:35:33 - round.py - INFO - discard - Alessio ----> 7_Fiori_Rosso
2025-10-30 21:35:33 - round.py - INFO - pick_up_card - MariaGrazia ----> 6_Picche_Blu
2025-10-30 21:35:35 - round.py - INFO - discard - MariaGrazia ----> 10_Cuori_Rosso
2025-10-30 21:35:35 - round.py - INFO - pick_up_card - Alessio ----> K_Cuori_Blu
2025-10-30 21:35:35 - round.py - INFO - discard - Alessio ----> 10_Cuori_Blu
2025-10-30 21:35:35 - round.py - INFO - pick_up_card - MariaGrazia ----> 9_Quadri_Blu
2025-10-30 21:35:37 - round.py - INFO - discard - MariaGrazia ----> J_Quadri_Rosso
2025-10-30 21:35:37 - round.py - INFO - pick_up_card - Alessio ----> 2_Cuori_Blu
2025-10-30 21:35:37 - round.py - INFO - update_meld - Alessio ----> Updated_Game_Ontology20251030_213513522367.Fiori --> 2_Cuori_Blu
2025-10-30 21:35:37 - round.py - INFO - discard - Alessio ----> 3_Fiori_Rosso
2025-10-30 21:35:37 - round.py - INFO - pick_up_discard - MariaGrazia ----> 9_Cuori_Blu
2025-10-30 21:35:43 - round.py - INFO - discard - MariaGrazia ----> 9_Cuori_Blu
2025-10-30 21:35:43 - round.py - INFO - pick_up_card - Alessio ----> 6_Picche_Rosso
2025-10-30 21:35:43 - round.py - INFO - discard - Alessio ----> K_Cuori_Blu
2025-10-30 21:35:43 - round.py - INFO - pick_up_card - MariaGrazia ----> J_Quadri_Rosso
2025-10-30 21:35:49 - round.py - INFO - discard - MariaGrazia ----> J_Quadri_Rosso
2025-10-30 21:35:49 - round.py - INFO - pick_up_discard - Alessio ----> 9_Cuori_Blu
2025-10-30 21:35:49 - round.py - INFO - discard - Alessio ----> 7_Cuori_Blu
2025-10-30 21:35:49 - round.py - INFO - pick_up_discard - MariaGrazia ----> 7_Cuori_Blu
2025-10-30 21:35:56 - round.py - INFO - discard - MariaGrazia ----> 4_Cuori_Blu
2025-10-30 21:35:56 - round.py - INFO - pick_up_card - Alessio ----> A_Fiori_Rosso
2025-10-30 21:35:56 - round.py - INFO - update_meld - Alessio ----> Updated_Game_Ontology20251030_213513522367.Fiori --> A_Fiori_Rosso
2025-10-30 21:35:56 - round.py - INFO - discard - Alessio ----> 9_Cuori_Blu
2025-10-30 21:35:56 - round.py - INFO - pick_up_card - MariaGrazia ----> Q_Cuori_Rosso
2025-10-30 21:36:02 - round.py - INFO - discard - MariaGrazia ----> 7_Fiori_Rosso
2025-10-30 21:36:02 - round.py - INFO - pick_up_card - Alessio ----> 9_Cuori_Blu
2025-10-30 21:36:02 - round.py - INFO - discard - Alessio ----> 9_Cuori_Blu
2025-10-30 21:36:02 - round.py - INFO - pick_up_card - MariaGrazia ----> 7_Cuori_Blu
2025-10-30 21:36:08 - round.py - INFO - discard - MariaGrazia ----> 6_Picche_Rosso
2025-10-30 21:36:08 - round.py - INFO - pick_up_card - Alessio ----> 8_Quadri_Rosso
2025-10-30 21:36:08 - round.py - INFO - discard - Alessio ----> 6_Picche_Rosso
2025-10-30 21:36:08 - round.py - INFO - pick_up_discard - MariaGrazia ----> 4_Cuori_Blu
2025-10-30 21:36:25 - round.py - INFO - discard - MariaGrazia ----> Q_Cuori_Rosso
2025-10-30 21:36:25 - round.py - INFO - pick_up_card - Alessio ----> 3_Cuori_Rosso
2025-10-30 21:36:25 - round.py - INFO - discard - Alessio ----> J_Picche_Rosso
2025-10-30 21:36:25 - round.py - INFO - pick_up_card - MariaGrazia ----> J_Fiori_Rosso
2025-10-30 21:36:40 - round.py - INFO - open_tris - MariaGrazia ----> [(11, 36, 'Fiori', 10), (11, 49, 'Picche', 10), (11, 23, 'Quadri', 10)]
2025-10-30 21:36:48 - round.py - INFO - discard - MariaGrazia ----> 7_Cuori_Blu
2025-10-30 21:36:48 - round.py - INFO - pick_up_discard - Alessio ----> Q_Cuori_Rosso
2025-10-30 21:36:48 - round.py - INFO - update_tris - Alessio ----> 12 -->Q_Cuori_Rosso
2025-10-30 21:36:49 - round.py - INFO - discard - Alessio ----> 3_Cuori_Rosso
2025-10-30 21:36:49 - round.py - INFO - pick_up_discard - MariaGrazia ----> 3_Cuori_Rosso
2025-10-30 21:36:57 - round.py - INFO - discard - MariaGrazia ----> 6_Picche_Rosso
2025-10-30 21:36:57 - round.py - INFO - pick_up_discard - Alessio ----> 6_Picche_Rosso
2025-10-30 21:36:57 - round.py - INFO - discard - Alessio ----> K_Cuori_Blu
2025-10-30 21:36:57 - round.py - INFO - pick_up_discard - MariaGrazia ----> K_Cuori_Blu
2025-10-30 21:37:06 - round.py - INFO - discard - MariaGrazia ----> 10_Cuori_Rosso
2025-10-30 21:37:06 - round.py - INFO - pick_up_discard - Alessio ----> 10_Cuori_Rosso
2025-10-30 21:37:07 - round.py - INFO - discard - Alessio ----> J_Quadri_Rosso
2025-10-30 21:37:07 - round.py - INFO - pick_up_card - MariaGrazia ----> 6_Cuori_Blu
2025-10-30 21:37:15 - round.py - INFO - open_tris - MariaGrazia ----> [(6, 59, 'Cuori', 5), (6, 98, 'Picche', 5), (6, 44, 'Picche', 5)]
2025-10-30 21:37:19 - round.py - INFO - update_tris - MariaGrazia ----> 6 -->6_Picche_Blu
2025-10-30 21:37:22 - round.py - INFO - discard - MariaGrazia ----> 10_Cuori_Blu
2025-10-30 21:37:22 - round.py - INFO - pick_up_discard - Alessio ----> J_Quadri_Rosso
2025-10-30 21:37:23 - round.py - INFO - discard - Alessio ----> J_Quadri_Rosso
2025-10-30 21:37:23 - round.py - INFO - pick_up_card - MariaGrazia ----> 5_Cuori_Rosso
2025-10-30 21:37:26 - round.py - INFO - open_meld - MariaGrazia ----> [(3, 2, 'Cuori', 5), (4, 57, 'Cuori', 5), (5, 4, 'Cuori', 5)]
2025-10-30 21:37:28 - round.py - INFO - discard - MariaGrazia ----> 10_Cuori_Rosso
2025-10-30 21:37:28 - round.py - INFO - pick_up_card - Alessio ----> 2_Fiori_Blu
2025-10-30 21:37:28 - round.py - INFO - open_tris - Alessio ----> [(-1, 81, 'Jolly', 20), (10, 9, 'Cuori', 10), (10, 63, 'Cuori', 10)]
2025-10-30 21:37:28 - round.py - INFO - discard - Alessio ----> 7_Cuori_Blu
2025-10-30 21:37:28 - round.py - INFO - pick_up_discard - MariaGrazia ----> J_Quadri_Rosso
2025-10-30 21:37:31 - round.py - INFO - update_tris - MariaGrazia ----> 11 -->J_Quadri_Rosso
2025-10-30 21:37:33 - round.py - INFO - discard - MariaGrazia ----> 7_Fiori_Rosso
2025-10-30 21:37:33 - round.py - INFO - pick_up_discard - Alessio ----> 7_Fiori_Rosso
2025-10-30 21:37:33 - round.py - INFO - discard - Alessio ----> 6_Picche_Rosso
2025-10-30 21:37:33 - round.py - INFO - pick_up_discard - MariaGrazia ----> 6_Picche_Rosso
2025-10-30 21:37:35 - round.py - INFO - update_tris - MariaGrazia ----> 6 -->6_Picche_Rosso
2025-10-30 21:37:36 - round.py - INFO - discard - MariaGrazia ----> 9_Cuori_Blu
2025-10-30 21:37:36 - round.py - INFO - pick_up_card - Alessio ----> K_Fiori_Rosso
2025-10-30 21:37:36 - round.py - INFO - discard - Alessio ----> 8_Quadri_Rosso
2025-10-30 21:37:36 - round.py - INFO - pick_up_card - MariaGrazia ----> A_Quadri_Rosso
2025-10-30 21:37:38 - round.py - INFO - discard - MariaGrazia ----> 4_Picche_Rosso
2025-10-30 21:37:38 - round.py - INFO - pick_up_card - Alessio ----> 2_Picche_Rosso
2025-10-30 21:37:38 - round.py - INFO - update_meld - Alessio ----> Updated_Game_Ontology20251030_213513522367.Fiori --> 2_Picche_Rosso
2025-10-30 21:37:38 - round.py - INFO - discard - Alessio ----> 7_Fiori_Rosso
2025-10-30 21:37:38 - round.py - INFO - pick_up_card - MariaGrazia ----> 3_Quadri_Rosso
2025-10-30 21:37:39 - round.py - INFO - discard - MariaGrazia ----> 10_Cuori_Rosso
2025-10-30 21:37:39 - round.py - INFO - pick_up_card - Alessio ----> 2_Cuori_Rosso
2025-10-30 21:37:39 - round.py - INFO - update_meld - Alessio ----> Updated_Game_Ontology20251030_213513522367.Fiori --> 2_Cuori_Rosso
2025-10-30 21:37:39 - round.py - INFO - discard - Alessio ----> J_Picche_Rosso
2025-10-30 21:37:39 - round.py - INFO - pick_up_card - MariaGrazia ----> 10_Quadri_Blu
2025-10-30 21:37:41 - round.py - INFO - discard - MariaGrazia ----> 9_Quadri_Blu
2025-10-30 21:37:41 - round.py - INFO - pick_up_discard - Alessio ----> 9_Cuori_Blu
2025-10-30 21:37:41 - round.py - INFO - discard - Alessio ----> 7_Fiori_Rosso
2025-10-30 21:37:41 - round.py - INFO - pick_up_card - MariaGrazia ----> 10_Fiori_Rosso
2025-10-30 21:37:43 - round.py - INFO - open_tris - MariaGrazia ----> [(10, 35, 'Fiori', 10), (10, 63, 'Cuori', 10), (10, 76, 'Quadri', 10)]
2025-10-30 21:37:43 - round.py - INFO - discard - MariaGrazia ----> 9_Quadri_Blu
2025-10-30 21:37:43 - round.py - INFO - pick_up_discard - Alessio ----> 7_Fiori_Rosso
2025-10-30 21:37:43 - round.py - INFO - discard - Alessio ----> J_Picche_Rosso
2025-10-30 21:37:43 - round.py - INFO - pick_up_discard - MariaGrazia ----> J_Picche_Rosso
2025-10-30 21:37:43 - round.py - INFO - update_tris - MariaGrazia ----> 11 -->J_Picche_Rosso
2025-10-30 21:37:44 - round.py - INFO - discard - MariaGrazia ----> 3_Fiori_Rosso
2025-10-30 21:37:44 - round.py - INFO - pick_up_card - Alessio ----> K_Fiori_Blu
2025-10-30 21:37:44 - round.py - INFO - discard - Alessio ----> 7_Fiori_Rosso
2025-10-30 21:37:44 - round.py - INFO - pick_up_card - MariaGrazia ----> 4_Quadri_Rosso
2025-10-30 21:37:44 - round.py - INFO - discard - MariaGrazia ----> A_Quadri_Rosso
2025-10-30 21:37:44 - round.py - INFO - pick_up_card - Alessio ----> 7_Quadri_Blu
2025-10-30 21:37:44 - round.py - INFO - open_meld - Alessio ----> [(7, 73, 'Quadri', 5), (8, 20, 'Quadri', 10), (9, 75, 'Quadri', 10)]
2025-10-30 21:37:44 - round.py - INFO - discard - Alessio ----> 4_Picche_Rosso
2025-10-30 21:37:44 - round.py - INFO - pick_up_discard - MariaGrazia ----> 3_Fiori_Rosso
2025-10-30 21:37:45 - round.py - INFO - open_tris - MariaGrazia ----> [(4, 16, 'Quadri', 5), (4, 57, 'Cuori', 5), (4, 42, 'Picche', 5)]
2025-10-30 21:37:45 - round.py - INFO - discard - MariaGrazia ----> K_Cuori_Blu
2025-10-30 21:37:45 - round.py - INFO - pick_up_discard - Alessio ----> K_Cuori_Blu
2025-10-30 21:37:45 - round.py - INFO - open_tris - Alessio ----> [(13, 92, 'Fiori', 10), (13, 66, 'Cuori', 10), (13, 38, 'Fiori', 10)]
2025-10-30 21:37:45 - round.py - INFO - discard - Alessio ----> 9_Quadri_Blu
2025-10-30 21:37:45 - round.py - INFO - pick_up_card - MariaGrazia ----> 10_Picche_Blu
2025-10-30 21:37:45 - round.py - INFO - update_tris - MariaGrazia ----> 10 -->10_Picche_Blu
2025-10-30 21:37:45 - round.py - INFO - discard - MariaGrazia ----> 7_Fiori_Rosso
2025-10-30 21:37:45 - round.py - INFO - pick_up_discard - Alessio ----> 9_Quadri_Blu
2025-10-30 21:37:45 - round.py - INFO - discard - Alessio ----> 9_Quadri_Blu
2025-10-30 21:37:45 - round.py - INFO - pick_up_discard - MariaGrazia ----> 9_Quadri_Blu
2025-10-30 21:37:46 - round.py - INFO - discard - MariaGrazia ----> 7_Cuori_Blu
2025-10-30 21:37:46 - round.py - INFO - pick_up_discard - Alessio ----> 7_Cuori_Blu
2025-10-30 21:37:46 - round.py - INFO - discard - Alessio ----> 10_Cuori_Rosso
2025-10-30 21:37:46 - round.py - INFO - pick_up_discard - MariaGrazia ----> 10_Cuori_Rosso
2025-10-30 21:37:46 - round.py - INFO - update_tris - MariaGrazia ----> 10 -->10_Cuori_Rosso
2025-10-30 21:37:46 - round.py - INFO - discard - MariaGrazia ----> 3_Fiori_Rosso
2025-10-30 21:37:46 - round.py - INFO - pick_up_discard - Alessio ----> 3_Fiori_Rosso
2025-10-30 21:37:46 - round.py - INFO - discard - Alessio ----> 3_Fiori_Rosso
2025-10-30 21:37:46 - round.py - INFO - pick_up_card - MariaGrazia ----> 7_Fiori_Blu
2025-10-30 21:37:46 - round.py - INFO - open_tris - MariaGrazia ----> [(7, 60, 'Cuori', 5), (7, 32, 'Fiori', 5), (7, 86, 'Fiori', 5)]
2025-10-30 21:37:46 - round.py - INFO - discard - MariaGrazia ----> 3_Quadri_Rosso
2025-10-30 21:37:46 - round.py - INFO - pick_up_discard - Alessio ----> 3_Fiori_Rosso
2025-10-30 21:37:46 - round.py - INFO - discard - Alessio ----> 7_Fiori_Rosso
2025-10-30 21:37:46 - round.py - INFO - pick_up_discard - MariaGrazia ----> 7_Fiori_Rosso
2025-10-30 21:37:46 - round.py - INFO - update_tris - MariaGrazia ----> 7 -->7_Fiori_Rosso
2025-10-30 21:37:46 - round.py - INFO - discard - MariaGrazia ----> 9_Cuori_Blu
2025-10-30 21:37:46 - round.py - INFO - pick_up_card - Alessio ----> 9_Picche_Blu
2025-10-30 21:37:46 - round.py - INFO - discard - Alessio ----> 7_Cuori_Blu
2025-10-30 21:37:46 - round.py - INFO - pick_up_card - MariaGrazia ----> 9_Quadri_Rosso
2025-10-30 21:37:46 - round.py - INFO - discard - MariaGrazia ----> 9_Quadri_Blu
2025-10-30 21:37:46 - round.py - INFO - pick_up_discard - Alessio ----> 9_Cuori_Blu
2025-10-30 21:37:46 - round.py - INFO - open_tris - Alessio ----> [(9, 62, 'Cuori', 10), (9, 101, 'Picche', 10), (9, 75, 'Quadri', 10)]
2025-10-30 21:37:46 - round.py - INFO - update_tris - Alessio ----> 9 -->9_Cuori_Blu
2025-10-30 21:37:46 - round.py - INFO - discard - Alessio ----> 7_Cuori_Blu
2025-10-30 21:37:46 - round.py - INFO - pick_up_discard - MariaGrazia ----> 7_Cuori_Blu
2025-10-30 21:37:46 - round.py - INFO - update_tris - MariaGrazia ----> 7 -->7_Cuori_Blu
2025-10-30 21:37:46 - round.py - INFO - discard - MariaGrazia ----> A_Quadri_Rosso
2025-10-30 21:37:46 - round.py - INFO - pick_up_discard - Alessio ----> A_Quadri_Rosso
2025-10-30 21:37:46 - round.py - INFO - discard - Alessio ----> 3_Fiori_Rosso
2025-10-30 21:37:46 - round.py - INFO - pick_up_card - MariaGrazia ----> 10_Fiori_Blu
2025-10-30 21:37:46 - round.py - INFO - discard - MariaGrazia ----> 10_Fiori_Blu
2025-10-30 21:37:46 - round.py - INFO - pick_up_discard - Alessio ----> 3_Fiori_Rosso
2025-10-30 21:37:46 - round.py - INFO - discard - Alessio ----> 3_Fiori_Rosso
2025-10-30 21:37:46 - round.py - INFO - pick_up_discard - MariaGrazia ----> 3_Fiori_Rosso
2025-10-30 21:37:46 - round.py - INFO - discard - MariaGrazia ----> 3_Fiori_Rosso
2025-10-30 21:37:46 - round.py - INFO - pick_up_discard - Alessio ----> 3_Fiori_Rosso
2025-10-30 21:37:46 - round.py - INFO - discard - Alessio ----> 10_Fiori_Blu
2025-10-30 21:37:46 - round.py - INFO - pick_up_discard - MariaGrazia ----> 10_Fiori_Blu
2025-10-30 21:37:46 - round.py - INFO - discard - MariaGrazia ----> 10_Fiori_Blu
2025-10-30 21:37:46 - round.py - INFO - pick_up_card - Alessio ----> 7_Cuori_Rosso
2025-10-30 21:37:46 - round.py - INFO - discard - Alessio ----> A_Quadri_Rosso
2025-10-30 21:37:46 - round.py - INFO - pick_up_discard - MariaGrazia ----> 10_Fiori_Blu
2025-10-30 21:37:46 - round.py - INFO - update_tris - MariaGrazia ----> 10 -->10_Fiori_Blu
2025-10-30 21:37:46 - round.py - INFO - discard - MariaGrazia ----> A_Quadri_Rosso
2025-10-30 21:37:46 - round.py - INFO - pick_up_card - Alessio ----> J_Cuori_Blu
2025-10-30 21:37:46 - round.py - INFO - discard - Alessio ----> J_Cuori_Blu
2025-10-30 21:37:46 - round.py - INFO - pick_up_card - MariaGrazia ----> 8_Picche_Rosso
2025-10-30 21:37:46 - round.py - INFO - discard - MariaGrazia ----> 9_Quadri_Rosso
2025-10-30 21:37:46 - round.py - INFO - pick_up_discard - Alessio ----> A_Quadri_Rosso
2025-10-30 21:37:46 - round.py - INFO - update_tris - Alessio ----> 9 -->9_Quadri_Rosso
2025-10-30 21:37:46 - round.py - INFO - discard - Alessio ----> A_Quadri_Rosso
2025-10-30 21:37:46 - round.py - INFO - pick_up_discard - MariaGrazia ----> A_Quadri_Rosso
2025-10-30 21:37:46 - round.py - INFO - discard - MariaGrazia ----> A_Quadri_Rosso
2025-10-30 21:37:46 - round.py - INFO - pick_up_discard - Alessio ----> A_Quadri_Rosso
2025-10-30 21:37:47 - round.py - INFO - discard - Alessio ----> 3_Quadri_Rosso
2025-10-30 21:37:47 - round.py - INFO - pick_up_discard - MariaGrazia ----> 3_Quadri_Rosso
2025-10-30 21:37:47 - round.py - INFO - discard - MariaGrazia ----> 3_Quadri_Rosso
2025-10-30 21:37:47 - round.py - INFO - pick_up_card - Alessio ----> 4_Cuori_Rosso
2025-10-30 21:37:47 - round.py - INFO - discard - Alessio ----> 4_Cuori_Rosso
2025-10-30 21:37:47 - round.py - INFO - pick_up_card - MariaGrazia ----> K_Quadri_Blu
2025-10-30 21:37:47 - round.py - INFO - discard - MariaGrazia ----> 8_Picche_Rosso
2025-10-30 21:37:47 - round.py - INFO - pick_up_card - Alessio ----> 7_Picche_Rosso
2025-10-30 21:37:47 - round.py - INFO - discard - Alessio ----> 3_Fiori_Rosso
2025-10-30 21:37:47 - round.py - INFO - pick_up_card - MariaGrazia ----> 8_Cuori_Blu
2025-10-30 21:37:47 - round.py - INFO - discard - MariaGrazia ----> K_Quadri_Blu
2025-10-30 21:37:47 - round.py - INFO - pick_up_card - Alessio ----> 9_Fiori_Rosso
2025-10-30 21:37:47 - round.py - INFO - update_tris - Alessio ----> 9 -->9_Fiori_Rosso
2025-10-30 21:37:47 - round.py - INFO - discard - Alessio ----> J_Cuori_Blu
2025-10-30 21:37:47 - round.py - INFO - pick_up_card - MariaGrazia ----> 9_Picche_Rosso
2025-10-30 21:37:47 - round.py - INFO - discard - MariaGrazia ----> 9_Picche_Rosso
2025-10-30 21:37:47 - round.py - INFO - pick_up_card - Alessio ----> 10_Picche_Rosso
2025-10-30 21:37:47 - round.py - INFO - discard - Alessio ----> A_Quadri_Rosso
2025-10-30 21:37:47 - round.py - INFO - pick_up_card - MariaGrazia ----> 8_Fiori_Blu
2025-10-30 21:37:47 - round.py - INFO - discard - MariaGrazia ----> 8_Fiori_Blu
2025-10-30 21:37:47 - round.py - INFO - pick_up_card - Alessio ----> 6_Cuori_Rosso
2025-10-30 21:37:47 - round.py - INFO - discard - Alessio ----> 7_Picche_Rosso
2025-10-30 21:37:47 - round.py - INFO - pick_up_discard - MariaGrazia ----> 3_Quadri_Rosso
2025-10-30 21:37:47 - round.py - INFO - update_tris - MariaGrazia ----> 7 -->7_Picche_Rosso
2025-10-30 21:37:48 - round.py - INFO - update_tris - MariaGrazia ----> 11 -->J_Cuori_Blu
2025-10-30 21:37:48 - round.py - INFO - update_tris - MariaGrazia ----> 4 -->4_Cuori_Rosso
2025-10-30 21:37:48 - round.py - INFO - open_tris - MariaGrazia ----> [(8, 61, 'Cuori', 10), (8, 46, 'Picche', 10), (8, 87, 'Fiori', 10)]
2025-10-30 21:37:48 - round.py - INFO - discard - MariaGrazia ----> A_Quadri_Rosso
2025-10-30 21:37:48 - round.py - INFO - pick_up_card - Alessio ----> 7_Quadri_Rosso
2025-10-30 21:37:48 - round.py - INFO - discard - Alessio ----> 6_Cuori_Rosso
2025-10-30 21:37:48 - round.py - INFO - pick_up_card - MariaGrazia ----> 5_Quadri_Rosso
2025-10-30 21:37:48 - round.py - INFO - discard - MariaGrazia ----> K_Quadri_Blu
2025-10-30 21:37:48 - round.py - INFO - pick_up_card - Alessio ----> J_Quadri_Blu
2025-10-30 21:37:48 - round.py - INFO - discard - Alessio ----> 7_Quadri_Rosso
2025-10-30 21:37:48 - round.py - INFO - pick_up_card - MariaGrazia ----> 8_Fiori_Rosso
2025-10-30 21:37:48 - round.py - INFO - update_tris - MariaGrazia ----> 8 -->8_Fiori_Rosso
2025-10-30 21:37:48 - round.py - INFO - discard - MariaGrazia ----> 5_Quadri_Rosso
2025-10-30 21:37:48 - round.py - INFO - pick_up_card - Alessio ----> 6_Quadri_Blu
2025-10-30 21:37:48 - round.py - INFO - update_meld - Alessio ----> Updated_Game_Ontology20251030_213513522367.Quadri --> 6_Quadri_Blu
2025-10-30 21:37:48 - round.py - INFO - discard - Alessio ----> J_Quadri_Blu
2025-10-30 21:37:48 - round.py - INFO - pick_up_card - MariaGrazia ----> 3_Cuori_Blu
2025-10-30 21:37:48 - round.py - INFO - discard - MariaGrazia ----> 3_Fiori_Rosso
2025-10-30 21:37:48 - round.py - INFO - pick_up_card - Alessio ----> 5_Cuori_Blu
2025-10-30 21:37:48 - round.py - INFO - discard - Alessio ----> 10_Picche_Rosso
2025-10-30 21:37:48 - round.py - INFO - pick_up_card - MariaGrazia ----> A_Cuori_Rosso
2025-10-30 21:37:48 - round.py - INFO - discard - MariaGrazia ----> 3_Cuori_Blu
2025-10-30 21:37:48 - round.py - INFO - pick_up_card - Alessio ----> 8_Picche_Blu
2025-10-30 21:37:48 - round.py - INFO - discard - Alessio ----> 7_Cuori_Rosso
2025-10-30 21:37:48 - round.py - INFO - pick_up_discard - MariaGrazia ----> A_Quadri_Rosso
2025-10-30 21:37:49 - round.py - INFO - update_tris - MariaGrazia ----> 10 -->10_Picche_Rosso
2025-10-30 21:37:50 - round.py - INFO - update_meld - MariaGrazia ----> Updated_Game_Ontology20251030_213513522367.Cuori --> 6_Cuori_Rosso
2025-10-30 21:37:51 - round.py - INFO - update_tris - MariaGrazia ----> 7 -->7_Cuori_Rosso
2025-10-30 21:37:51 - round.py - INFO - update_tris - MariaGrazia ----> 11 -->J_Quadri_Blu
2025-10-30 21:37:51 - round.py - INFO - update_tris - MariaGrazia ----> 7 -->7_Quadri_Rosso
2025-10-30 21:37:51 - round.py - INFO - open_tris - MariaGrazia ----> [(3, 15, 'Quadri', 5), (3, 56, 'Cuori', 5), (3, 28, 'Fiori', 5)]
2025-10-30 21:37:51 - round.py - INFO - discard - MariaGrazia ----> 9_Picche_Rosso
2025-10-30 21:37:51 - round.py - INFO - pick_up_discard - Alessio ----> 9_Picche_Rosso
2025-10-30 21:37:51 - round.py - INFO - update_tris - Alessio ----> 9 -->9_Picche_Rosso
2025-10-30 21:37:51 - round.py - INFO - discard - Alessio ----> 8_Picche_Blu
2025-10-30 21:37:51 - round.py - INFO - pick_up_discard - MariaGrazia ----> 8_Picche_Blu
2025-10-30 21:37:51 - round.py - INFO - update_tris - MariaGrazia ----> 8 -->8_Picche_Blu
2025-10-30 21:37:51 - round.py - INFO - discard - MariaGrazia ----> K_Quadri_Blu
2025-10-30 21:37:51 - round.py - INFO - pick_up_card - Alessio ----> 10_Quadri_Rosso
2025-10-30 21:37:51 - round.py - INFO - update_meld - Alessio ----> Updated_Game_Ontology20251030_213513522367.Quadri --> 10_Quadri_Rosso
2025-10-30 21:37:51 - round.py - INFO - close_game - Alessio ----> 5_Cuori_Blu
