2025-10-30 21:35:15 - logger.py - INFO - _initialize - Logger inizializzato. File di log: logs\partita_20251030_213515328886.log
2025-10-30 21:35:15 - round.py - INFO - pick_up_discard - Alessio ----> J_Cuori_Blu
2025-10-30 21:35:16 - round.py - INFO - open_tris - Alessio ----> [(-1, 68, 'Jolly', 20), (7, 99, 'Picche', 5), (7, 86, 'Fiori', 5)]
2025-10-30 21:35:17 - round.py - INFO - open_meld - Alessio ----> [(-1, 55, 'Jolly', 20), (11, 64, 'Cuori', 10), (12, 65, 'Cuori', 10)]
2025-10-30 21:35:17 - round.py - INFO - open_meld - Alessio ----> [(-1, 52, 'Jolly', 30), (1, 67, 'Quadri', 15), (3, 69, 'Quadri', 5)]
2025-10-30 21:35:17 - round.py - INFO - discard - Alessio ----> 10_Picche_Blu
2025-10-30 21:35:17 - round.py - INFO - pick_up_discard - MariaGrazia ----> 10_Picche_Blu
2025-10-30 21:35:18 - round.py - INFO - open_meld - MariaGrazia ----> [(-1, 53, 'Jolly', 30), (8, 46, 'Picche', 10), (10, 102, 'Picche', 10)]
2025-10-30 21:35:19 - round.py - INFO - open_tris - MariaGrazia ----> [(-1, 1, 'Jolly', 20), (10, 89, 'Fiori', 10), (10, 22, 'Quadri', 10)]
2025-10-30 21:35:19 - round.py - INFO - discard - MariaGrazia ----> 8_Picche_Blu
2025-10-30 21:35:19 - round.py - INFO - pick_up_card - Alessio ----> 7_Quadri_Blu
2025-10-30 21:35:19 - round.py - INFO - discard - Alessio ----> 6_Picche_Blu
2025-10-30 21:35:19 - round.py - INFO - pick_up_card - MariaGrazia ----> 2_Quadri_Blu
2025-10-30 21:35:19 - round.py - INFO - discard - MariaGrazia ----> Q_Fiori_Blu
2025-10-30 21:35:19 - round.py - INFO - pick_up_card - Alessio ----> Q_Cuori_Blu
2025-10-30 21:35:19 - round.py - INFO - discard - Alessio ----> Q_Cuori_Blu
2025-10-30 21:35:19 - round.py - INFO - pick_up_card - MariaGrazia ----> Jolly_Jolly_N_Rosso
2025-10-30 21:35:19 - round.py - INFO - discard - MariaGrazia ----> 8_Fiori_Blu
2025-10-30 21:35:19 - round.py - INFO - pick_up_card - Alessio ----> 10_Picche_Blu
2025-10-30 21:35:19 - round.py - INFO - discard - Alessio ----> 7_Quadri_Blu
2025-10-30 21:35:19 - round.py - INFO - pick_up_discard - MariaGrazia ----> 8_Picche_Blu
2025-10-30 21:35:20 - round.py - INFO - open_meld - MariaGrazia ----> [(-1, 68, 'Jolly', 20), (6, 98, 'Picche', 5), (8, 100, 'Picche', 10)]
2025-10-30 21:35:20 - round.py - INFO - open_tris - MariaGrazia ----> [(-1, 52, 'Jolly', 30), (12, 91, 'Fiori', 10), (12, 65, 'Cuori', 10)]
2025-10-30 21:35:20 - round.py - INFO - update_meld - MariaGrazia ----> Updated_Game_Ontology20251030_213511598014.Picche --> 5_Picche_Blu
2025-10-30 21:35:20 - round.py - INFO - discard - MariaGrazia ----> 7_Quadri_Blu
2025-10-30 21:35:20 - round.py - INFO - pick_up_card - Alessio ----> 2_Cuori_Blu
2025-10-30 21:35:20 - round.py - INFO - update_meld - Alessio ----> Updated_Game_Ontology20251030_213511598014.Cuori --> 2_Cuori_Blu
2025-10-30 21:35:21 - round.py - INFO - discard - Alessio ----> 7_Quadri_Blu
2025-10-30 21:35:21 - round.py - INFO - pick_up_discard - MariaGrazia ----> 7_Quadri_Blu
2025-10-30 21:35:21 - round.py - INFO - discard - MariaGrazia ----> 9_Quadri_Blu
2025-10-30 21:35:21 - round.py - INFO - pick_up_card - Alessio ----> A_Quadri_Blu
2025-10-30 21:35:21 - round.py - INFO - discard - Alessio ----> 10_Picche_Blu
2025-10-30 21:35:21 - round.py - INFO - pick_up_discard - MariaGrazia ----> 9_Quadri_Blu
2025-10-30 21:35:21 - round.py - INFO - discard - MariaGrazia ----> 7_Quadri_Blu
2025-10-30 21:35:21 - round.py - INFO - pick_up_card - Alessio ----> 6_Picche_Blu
2025-10-30 21:35:21 - round.py - INFO - discard - Alessio ----> 6_Picche_Blu
2025-10-30 21:35:21 - round.py - INFO - pick_up_discard - MariaGrazia ----> 7_Quadri_Blu
2025-10-30 21:35:21 - round.py - INFO - discard - MariaGrazia ----> 7_Quadri_Blu
2025-10-30 21:35:21 - round.py - INFO - pick_up_discard - Alessio ----> 7_Quadri_Blu
2025-10-30 21:35:21 - round.py - INFO - discard - Alessio ----> 7_Quadri_Blu
2025-10-30 21:35:21 - round.py - INFO - pick_up_card - MariaGrazia ----> 7_Fiori_Blu
2025-10-30 21:35:21 - round.py - INFO - discard - MariaGrazia ----> 6_Picche_Blu
2025-10-30 21:35:21 - round.py - INFO - pick_up_card - Alessio ----> 3_Quadri_Blu
2025-10-30 21:35:21 - round.py - INFO - discard - Alessio ----> A_Quadri_Blu
2025-10-30 21:35:21 - round.py - INFO - pick_up_card - MariaGrazia ----> 7_Picche_Blu
2025-10-30 21:35:21 - round.py - INFO - update_meld - MariaGrazia ----> Updated_Game_Ontology20251030_213511598014.Picche --> 7_Picche_Blu
2025-10-30 21:35:21 - round.py - INFO - discard - MariaGrazia ----> 8_Fiori_Blu
2025-10-30 21:35:21 - round.py - INFO - pick_up_card - Alessio ----> 9_Quadri_Blu
2025-10-30 21:35:21 - round.py - INFO - discard - Alessio ----> 9_Quadri_Blu
2025-10-30 21:35:21 - round.py - INFO - pick_up_discard - MariaGrazia ----> 7_Quadri_Blu
2025-10-30 21:35:22 - round.py - INFO - discard - MariaGrazia ----> 9_Quadri_Blu
2025-10-30 21:35:22 - round.py - INFO - pick_up_card - Alessio ----> Jolly_Jolly_R_Rosso
2025-10-30 21:35:22 - round.py - INFO - discard - Alessio ----> Jolly_Jolly_R_Rosso
2025-10-30 21:35:22 - round.py - INFO - pick_up_card - MariaGrazia ----> 6_Quadri_Rosso
2025-10-30 21:35:23 - round.py - INFO - discard - MariaGrazia ----> A_Quadri_Blu
2025-10-30 21:35:23 - round.py - INFO - pick_up_discard - Alessio ----> 9_Quadri_Blu
2025-10-30 21:35:23 - round.py - INFO - discard - Alessio ----> Jolly_Jolly_R_Rosso
2025-10-30 21:35:23 - round.py - INFO - pick_up_card - MariaGrazia ----> 8_Picche_Rosso
2025-10-30 21:35:23 - round.py - INFO - discard - MariaGrazia ----> 6_Quadri_Rosso
2025-10-30 21:35:23 - round.py - INFO - pick_up_discard - Alessio ----> Jolly_Jolly_R_Rosso
2025-10-30 21:35:23 - round.py - INFO - open_meld - Alessio ----> [(-1, 53, 'Jolly', 30), (1, 67, 'Quadri', 15), (3, 69, 'Quadri', 5)]
2025-10-30 21:35:23 - round.py - INFO - discard - Alessio ----> 6_Quadri_Rosso
2025-10-30 21:35:23 - round.py - INFO - pick_up_card - MariaGrazia ----> 2_Cuori_Rosso
2025-10-30 21:35:24 - round.py - INFO - open_tris - MariaGrazia ----> [(-1, 1, 'Jolly', 20), (8, 46, 'Picche', 10), (8, 87, 'Fiori', 10)]
2025-10-30 21:35:24 - round.py - INFO - discard - MariaGrazia ----> 6_Quadri_Rosso
2025-10-30 21:35:24 - round.py - INFO - pick_up_discard - Alessio ----> 6_Quadri_Rosso
2025-10-30 21:35:24 - round.py - INFO - discard - Alessio ----> 9_Quadri_Blu
2025-10-30 21:35:24 - round.py - INFO - pick_up_discard - MariaGrazia ----> 9_Quadri_Blu
2025-10-30 21:35:24 - round.py - INFO - discard - MariaGrazia ----> 7_Quadri_Blu
2025-10-30 21:35:24 - round.py - INFO - pick_up_card - Alessio ----> 8_Picche_Blu
2025-10-30 21:35:24 - round.py - INFO - discard - Alessio ----> 6_Quadri_Rosso
2025-10-30 21:35:24 - round.py - INFO - pick_up_discard - MariaGrazia ----> 7_Quadri_Blu
2025-10-30 21:35:24 - round.py - INFO - discard - MariaGrazia ----> 9_Quadri_Blu
2025-10-30 21:35:24 - round.py - INFO - pick_up_card - Alessio ----> Q_Fiori_Blu
2025-10-30 21:35:24 - round.py - INFO - discard - Alessio ----> 6_Quadri_Rosso
2025-10-30 21:35:24 - round.py - INFO - pick_up_card - MariaGrazia ----> 10_Quadri_Rosso
2025-10-30 21:35:25 - round.py - INFO - discard - MariaGrazia ----> 9_Quadri_Blu
2025-10-30 21:35:25 - round.py - INFO - pick_up_discard - Alessio ----> 9_Quadri_Blu
2025-10-30 21:35:25 - round.py - INFO - discard - Alessio ----> 9_Quadri_Blu
2025-10-30 21:35:25 - round.py - INFO - pick_up_discard - MariaGrazia ----> 9_Quadri_Blu
2025-10-30 21:35:25 - round.py - INFO - discard - MariaGrazia ----> 10_Picche_Blu
2025-10-30 21:35:25 - round.py - INFO - pick_up_card - Alessio ----> 5_Picche_Blu
2025-10-30 21:35:25 - round.py - INFO - discard - Alessio ----> 6_Quadri_Rosso
2025-10-30 21:35:25 - round.py - INFO - pick_up_card - MariaGrazia ----> 8_Fiori_Blu
2025-10-30 21:35:25 - round.py - INFO - discard - MariaGrazia ----> 9_Quadri_Blu
2025-10-30 21:35:25 - round.py - INFO - pick_up_card - Alessio ----> 10_Fiori_Blu
2025-10-30 21:35:25 - round.py - INFO - discard - Alessio ----> 8_Picche_Blu
2025-10-30 21:35:25 - round.py - INFO - pick_up_discard - MariaGrazia ----> 10_Picche_Blu
2025-10-30 21:35:26 - round.py - INFO - discard - MariaGrazia ----> 6_Quadri_Rosso
2025-10-30 21:35:26 - round.py - INFO - pick_up_discard - Alessio ----> 6_Quadri_Rosso
2025-10-30 21:35:26 - round.py - INFO - discard - Alessio ----> 5_Picche_Blu
2025-10-30 21:35:26 - round.py - INFO - pick_up_card - MariaGrazia ----> Jolly_Jolly_R_Blu
2025-10-30 21:35:27 - round.py - INFO - open_tris - MariaGrazia ----> [(-1, 107, 'Jolly', 30), (8, 100, 'Picche', 10), (8, 87, 'Fiori', 10)]
2025-10-30 21:35:27 - round.py - INFO - discard - MariaGrazia ----> 10_Quadri_Rosso
2025-10-30 21:35:27 - round.py - INFO - pick_up_card - Alessio ----> 4_Cuori_Blu
2025-10-30 21:35:27 - round.py - INFO - update_meld - Alessio ----> Updated_Game_Ontology20251030_213511598014.Cuori --> 4_Cuori_Blu
2025-10-30 21:35:27 - round.py - INFO - discard - Alessio ----> Q_Fiori_Blu
2025-10-30 21:35:27 - round.py - INFO - pick_up_card - MariaGrazia ----> 4_Cuori_Rosso
2025-10-30 21:35:27 - round.py - INFO - discard - MariaGrazia ----> 9_Quadri_Blu
2025-10-30 21:35:27 - round.py - INFO - pick_up_discard - Alessio ----> 5_Picche_Blu
2025-10-30 21:35:28 - round.py - INFO - discard - Alessio ----> 10_Fiori_Blu
2025-10-30 21:35:28 - round.py - INFO - pick_up_discard - MariaGrazia ----> 10_Fiori_Blu
2025-10-30 21:35:28 - round.py - INFO - discard - MariaGrazia ----> 10_Picche_Blu
2025-10-30 21:35:28 - round.py - INFO - pick_up_card - Alessio ----> 4_Quadri_Rosso
2025-10-30 21:35:28 - round.py - INFO - update_meld - Alessio ----> Updated_Game_Ontology20251030_213511598014.Quadri --> 4_Quadri_Rosso
2025-10-30 21:35:28 - round.py - INFO - discard - Alessio ----> 9_Quadri_Blu
2025-10-30 21:35:28 - round.py - INFO - pick_up_discard - MariaGrazia ----> 10_Picche_Blu
2025-10-30 21:35:29 - round.py - INFO - discard - MariaGrazia ----> 7_Quadri_Blu
2025-10-30 21:35:29 - round.py - INFO - pick_up_card - Alessio ----> 7_Fiori_Rosso
2025-10-30 21:35:29 - round.py - INFO - discard - Alessio ----> 7_Fiori_Rosso
2025-10-30 21:35:29 - round.py - INFO - pick_up_card - MariaGrazia ----> 7_Picche_Rosso
2025-10-30 21:35:29 - round.py - INFO - update_meld - MariaGrazia ----> Updated_Game_Ontology20251030_213511598014.Picche --> 7_Picche_Rosso
2025-10-30 21:35:29 - round.py - INFO - update_meld - MariaGrazia ----> Updated_Game_Ontology20251030_213511598014.Picche --> 6_Picche_Blu
2025-10-30 21:35:29 - round.py - INFO - discard - MariaGrazia ----> 7_Quadri_Blu
2025-10-30 21:35:29 - round.py - INFO - pick_up_discard - Alessio ----> 7_Quadri_Blu
2025-10-30 21:35:30 - round.py - INFO - discard - Alessio ----> 6_Quadri_Rosso
2025-10-30 21:35:30 - round.py - INFO - pick_up_card - MariaGrazia ----> 5_Picche_Rosso
2025-10-30 21:35:30 - round.py - INFO - update_meld - MariaGrazia ----> Updated_Game_Ontology20251030_213511598014.Picche --> 5_Picche_Rosso
2025-10-30 21:35:30 - round.py - INFO - discard - MariaGrazia ----> 10_Fiori_Blu
2025-10-30 21:35:30 - round.py - INFO - pick_up_discard - Alessio ----> 6_Quadri_Rosso
2025-10-30 21:35:30 - round.py - INFO - discard - Alessio ----> 5_Picche_Blu
2025-10-30 21:35:30 - round.py - INFO - pick_up_card - MariaGrazia ----> K_Picche_Blu
2025-10-30 21:35:30 - round.py - INFO - discard - MariaGrazia ----> 4_Cuori_Rosso
2025-10-30 21:35:30 - round.py - INFO - pick_up_card - Alessio ----> J_Picche_Blu
2025-10-30 21:35:31 - round.py - INFO - discard - Alessio ----> 7_Quadri_Blu
2025-10-30 21:35:31 - round.py - INFO - pick_up_discard - MariaGrazia ----> 5_Picche_Blu
2025-10-30 21:35:31 - round.py - INFO - discard - MariaGrazia ----> 9_Quadri_Blu
2025-10-30 21:35:31 - round.py - INFO - pick_up_discard - Alessio ----> 9_Quadri_Blu
2025-10-30 21:35:32 - round.py - INFO - discard - Alessio ----> 9_Quadri_Blu
2025-10-30 21:35:32 - round.py - INFO - pick_up_discard - MariaGrazia ----> 9_Quadri_Blu
2025-10-30 21:35:32 - round.py - INFO - discard - MariaGrazia ----> 6_Quadri_Rosso
2025-10-30 21:35:32 - round.py - INFO - pick_up_card - Alessio ----> 10_Cuori_Rosso
2025-10-30 21:35:32 - round.py - INFO - open_tris - Alessio ----> [(10, 89, 'Fiori', 10), (10, 22, 'Quadri', 10), (10, 9, 'Cuori', 10)]
2025-10-30 21:35:32 - round.py - INFO - discard - Alessio ----> 7_Quadri_Blu
2025-10-30 21:35:32 - round.py - INFO - pick_up_discard - MariaGrazia ----> 6_Quadri_Rosso
2025-10-30 21:35:33 - round.py - INFO - discard - MariaGrazia ----> 7_Fiori_Blu
2025-10-30 21:35:33 - round.py - INFO - pick_up_discard - Alessio ----> 7_Fiori_Blu
2025-10-30 21:35:33 - round.py - INFO - discard - Alessio ----> 7_Fiori_Rosso
2025-10-30 21:35:33 - round.py - INFO - pick_up_card - MariaGrazia ----> 5_Quadri_Rosso
2025-10-30 21:35:33 - round.py - INFO - open_meld - MariaGrazia ----> [(5, 17, 'Quadri', 5), (6, 18, 'Quadri', 5), (7, 73, 'Quadri', 5)]
2025-10-30 21:35:33 - round.py - INFO - discard - MariaGrazia ----> K_Picche_Blu
2025-10-30 21:35:33 - round.py - INFO - pick_up_card - Alessio ----> A_Cuori_Rosso
2025-10-30 21:35:33 - round.py - INFO - update_meld - Alessio ----> Updated_Game_Ontology20251030_213511598014.Cuori --> A_Cuori_Rosso
2025-10-30 21:35:33 - round.py - INFO - discard - Alessio ----> 7_Fiori_Blu
2025-10-30 21:35:33 - round.py - INFO - pick_up_card - MariaGrazia ----> 6_Fiori_Rosso
2025-10-30 21:35:34 - round.py - INFO - discard - MariaGrazia ----> 5_Picche_Blu
2025-10-30 21:35:34 - round.py - INFO - pick_up_discard - Alessio ----> 7_Fiori_Rosso
2025-10-30 21:35:34 - round.py - INFO - discard - Alessio ----> 7_Fiori_Rosso
2025-10-30 21:35:34 - round.py - INFO - pick_up_card - MariaGrazia ----> 5_Fiori_Rosso
2025-10-30 21:35:34 - round.py - INFO - discard - MariaGrazia ----> 10_Picche_Blu
2025-10-30 21:35:34 - round.py - INFO - pick_up_discard - Alessio ----> 7_Fiori_Rosso
2025-10-30 21:35:34 - round.py - INFO - update_tris - Alessio ----> 10 -->10_Picche_Blu
2025-10-30 21:35:35 - round.py - INFO - discard - Alessio ----> 7_Fiori_Blu
2025-10-30 21:35:35 - round.py - INFO - pick_up_discard - MariaGrazia ----> 7_Fiori_Blu
2025-10-30 21:35:35 - round.py - INFO - open_meld - MariaGrazia ----> [(5, 30, 'Fiori', 5), (6, 31, 'Fiori', 5), (7, 86, 'Fiori', 5)]
2025-10-30 21:35:35 - round.py - INFO - discard - MariaGrazia ----> 4_Cuori_Rosso
2025-10-30 21:35:35 - round.py - INFO - pick_up_card - Alessio ----> 4_Picche_Blu
2025-10-30 21:35:35 - round.py - INFO - discard - Alessio ----> K_Picche_Blu
2025-10-30 21:35:35 - round.py - INFO - pick_up_card - MariaGrazia ----> Q_Quadri_Rosso
2025-10-30 21:35:35 - round.py - INFO - update_tris - MariaGrazia ----> 12 -->Q_Quadri_Rosso
2025-10-30 21:35:35 - round.py - INFO - discard - MariaGrazia ----> 9_Quadri_Blu
2025-10-30 21:35:35 - round.py - INFO - pick_up_card - Alessio ----> 10_Cuori_Blu
2025-10-30 21:35:35 - round.py - INFO - update_tris - Alessio ----> 10 -->10_Cuori_Blu
2025-10-30 21:35:36 - round.py - INFO - discard - Alessio ----> J_Picche_Blu
2025-10-30 21:35:36 - round.py - INFO - pick_up_discard - MariaGrazia ----> 4_Cuori_Rosso
2025-10-30 21:35:36 - round.py - INFO - update_meld - MariaGrazia ----> Updated_Game_Ontology20251030_213511598014.Picche --> J_Picche_Blu
2025-10-30 21:35:36 - round.py - INFO - discard - MariaGrazia ----> K_Picche_Blu
2025-10-30 21:35:36 - round.py - INFO - pick_up_discard - Alessio ----> K_Picche_Blu
2025-10-30 21:35:36 - round.py - INFO - discard - Alessio ----> 5_Picche_Blu
2025-10-30 21:35:36 - round.py - INFO - pick_up_discard - MariaGrazia ----> 5_Picche_Blu
2025-10-30 21:35:36 - round.py - INFO - discard - MariaGrazia ----> 9_Quadri_Blu
2025-10-30 21:35:36 - round.py - INFO - pick_up_card - Alessio ----> 8_Quadri_Rosso
2025-10-30 21:35:36 - round.py - INFO - discard - Alessio ----> 8_Quadri_Rosso
2025-10-30 21:35:36 - round.py - INFO - pick_up_discard - MariaGrazia ----> 9_Quadri_Blu
2025-10-30 21:35:36 - round.py - INFO - update_meld - MariaGrazia ----> Updated_Game_Ontology20251030_213511598014.Quadri --> 8_Quadri_Rosso
2025-10-30 21:35:36 - round.py - INFO - update_meld - MariaGrazia ----> Updated_Game_Ontology20251030_213511598014.Quadri --> 9_Quadri_Blu
2025-10-30 21:35:36 - round.py - INFO - discard - MariaGrazia ----> 7_Quadri_Blu
2025-10-30 21:35:36 - round.py - INFO - pick_up_discard - Alessio ----> 7_Quadri_Blu
2025-10-30 21:35:36 - round.py - INFO - discard - Alessio ----> K_Picche_Blu
2025-10-30 21:35:36 - round.py - INFO - pick_up_discard - MariaGrazia ----> K_Picche_Blu
2025-10-30 21:35:36 - round.py - INFO - discard - MariaGrazia ----> 5_Picche_Blu
2025-10-30 21:35:36 - round.py - INFO - pick_up_discard - Alessio ----> 5_Picche_Blu
2025-10-30 21:35:37 - round.py - INFO - discard - Alessio ----> 5_Picche_Blu
2025-10-30 21:35:37 - round.py - INFO - pick_up_discard - MariaGrazia ----> 5_Picche_Blu
2025-10-30 21:35:37 - round.py - INFO - discard - MariaGrazia ----> K_Picche_Blu
2025-10-30 21:35:37 - round.py - INFO - pick_up_discard - Alessio ----> K_Picche_Blu
2025-10-30 21:35:37 - round.py - INFO - discard - Alessio ----> 7_Fiori_Rosso
2025-10-30 21:35:37 - round.py - INFO - pick_up_card - MariaGrazia ----> A_Cuori_Blu
2025-10-30 21:35:37 - round.py - INFO - discard - MariaGrazia ----> 4_Cuori_Rosso
2025-10-30 21:35:37 - round.py - INFO - pick_up_discard - Alessio ----> 7_Fiori_Rosso
2025-10-30 21:35:37 - round.py - INFO - discard - Alessio ----> 6_Quadri_Rosso
2025-10-30 21:35:37 - round.py - INFO - pick_up_card - MariaGrazia ----> K_Quadri_Blu
2025-10-30 21:35:37 - round.py - INFO - discard - MariaGrazia ----> A_Cuori_Blu
2025-10-30 21:35:37 - round.py - INFO - pick_up_discard - Alessio ----> 6_Quadri_Rosso
2025-10-30 21:35:38 - round.py - INFO - discard - Alessio ----> 6_Quadri_Rosso
2025-10-30 21:35:38 - round.py - INFO - pick_up_card - MariaGrazia ----> K_Picche_Rosso
2025-10-30 21:35:38 - round.py - INFO - discard - MariaGrazia ----> K_Quadri_Blu
2025-10-30 21:35:38 - round.py - INFO - pick_up_card - Alessio ----> J_Quadri_Blu
2025-10-30 21:35:38 - round.py - INFO - discard - Alessio ----> 9_Quadri_Blu
2025-10-30 21:35:38 - round.py - INFO - pick_up_discard - MariaGrazia ----> 6_Quadri_Rosso
2025-10-30 21:35:38 - round.py - INFO - discard - MariaGrazia ----> K_Picche_Rosso
2025-10-30 21:35:38 - round.py - INFO - pick_up_discard - Alessio ----> K_Picche_Rosso
2025-10-30 21:35:38 - round.py - INFO - discard - Alessio ----> 7_Fiori_Rosso
2025-10-30 21:35:38 - round.py - INFO - pick_up_discard - MariaGrazia ----> 7_Fiori_Rosso
2025-10-30 21:35:38 - round.py - INFO - discard - MariaGrazia ----> 7_Fiori_Rosso
2025-10-30 21:35:38 - round.py - INFO - pick_up_discard - Alessio ----> 7_Fiori_Rosso
2025-10-30 21:35:39 - round.py - INFO - discard - Alessio ----> K_Picche_Rosso
2025-10-30 21:35:39 - round.py - INFO - pick_up_discard - MariaGrazia ----> K_Picche_Rosso
2025-10-30 21:35:39 - round.py - INFO - discard - MariaGrazia ----> 5_Picche_Blu
2025-10-30 21:35:39 - round.py - INFO - pick_up_discard - Alessio ----> 5_Picche_Blu
2025-10-30 21:35:39 - round.py - INFO - discard - Alessio ----> 4_Cuori_Rosso
2025-10-30 21:35:39 - round.py - INFO - pick_up_card - MariaGrazia ----> A_Quadri_Rosso
2025-10-30 21:35:39 - round.py - INFO - discard - MariaGrazia ----> A_Quadri_Rosso
2025-10-30 21:35:39 - round.py - INFO - pick_up_card - Alessio ----> 3_Picche_Blu
2025-10-30 21:35:40 - round.py - INFO - open_meld - Alessio ----> [(3, 95, 'Picche', 5), (4, 96, 'Picche', 5), (5, 97, 'Picche', 5)]
2025-10-30 21:35:40 - round.py - INFO - discard - Alessio ----> Q_Fiori_Blu
2025-10-30 21:35:40 - round.py - INFO - pick_up_card - MariaGrazia ----> 4_Fiori_Blu
2025-10-30 21:35:40 - round.py - INFO - update_meld - MariaGrazia ----> Updated_Game_Ontology20251030_213511598014.Fiori --> 4_Fiori_Blu
2025-10-30 21:35:40 - round.py - INFO - discard - MariaGrazia ----> 9_Quadri_Blu
2025-10-30 21:35:40 - round.py - INFO - pick_up_card - Alessio ----> Q_Picche_Rosso
2025-10-30 21:35:40 - round.py - INFO - discard - Alessio ----> K_Picche_Blu
2025-10-30 21:35:40 - round.py - INFO - pick_up_card - MariaGrazia ----> 5_Cuori_Rosso
2025-10-30 21:35:40 - round.py - INFO - discard - MariaGrazia ----> K_Quadri_Blu
2025-10-30 21:35:40 - round.py - INFO - pick_up_card - Alessio ----> K_Fiori_Blu
2025-10-30 21:35:40 - round.py - INFO - discard - Alessio ----> A_Cuori_Blu
2025-10-30 21:35:40 - round.py - INFO - pick_up_card - MariaGrazia ----> 2_Picche_Blu
2025-10-30 21:35:40 - round.py - INFO - update_meld - MariaGrazia ----> Updated_Game_Ontology20251030_213511598014.Fiori --> 2_Picche_Blu
2025-10-30 21:35:40 - round.py - INFO - discard - MariaGrazia ----> K_Picche_Rosso
2025-10-30 21:35:40 - round.py - INFO - pick_up_discard - Alessio ----> 4_Cuori_Rosso
2025-10-30 21:35:42 - round.py - INFO - open_tris - Alessio ----> [(13, 51, 'Picche', 10), (13, 79, 'Quadri', 10), (13, 105, 'Picche', 10)]
2025-10-30 21:35:43 - round.py - INFO - update_tris - Alessio ----> 13 -->K_Fiori_Blu
2025-10-30 21:35:43 - round.py - INFO - discard - Alessio ----> A_Quadri_Rosso
2025-10-30 21:35:43 - round.py - INFO - pick_up_discard - MariaGrazia ----> A_Quadri_Rosso
2025-10-30 21:35:43 - round.py - INFO - discard - MariaGrazia ----> 6_Quadri_Rosso
2025-10-30 21:35:43 - round.py - INFO - pick_up_card - Alessio ----> Q_Fiori_Rosso
2025-10-30 21:35:43 - round.py - INFO - open_tris - Alessio ----> [(12, 91, 'Fiori', 10), (12, 37, 'Fiori', 10), (12, 50, 'Picche', 10)]
2025-10-30 21:35:44 - round.py - INFO - discard - Alessio ----> 7_Fiori_Rosso
2025-10-30 21:35:44 - round.py - INFO - pick_up_card - MariaGrazia ----> J_Fiori_Rosso
2025-10-30 21:35:44 - round.py - INFO - discard - MariaGrazia ----> 5_Cuori_Rosso
2025-10-30 21:35:44 - round.py - INFO - pick_up_card - Alessio ----> 10_Fiori_Rosso
2025-10-30 21:35:44 - round.py - INFO - update_tris - Alessio ----> 10 -->10_Fiori_Rosso
2025-10-30 21:35:44 - round.py - INFO - discard - Alessio ----> 7_Quadri_Blu
2025-10-30 21:35:44 - round.py - INFO - pick_up_discard - MariaGrazia ----> 6_Quadri_Rosso
2025-10-30 21:35:44 - round.py - INFO - discard - MariaGrazia ----> 6_Quadri_Rosso
2025-10-30 21:35:44 - round.py - INFO - pick_up_discard - Alessio ----> 6_Quadri_Rosso
2025-10-30 21:35:44 - round.py - INFO - discard - Alessio ----> J_Quadri_Blu
2025-10-30 21:35:44 - round.py - INFO - pick_up_discard - MariaGrazia ----> J_Quadri_Blu
2025-10-30 21:35:44 - round.py - INFO - discard - MariaGrazia ----> 7_Fiori_Rosso
2025-10-30 21:35:44 - round.py - INFO - pick_up_card - Alessio ----> 9_Fiori_Blu
2025-10-30 21:35:44 - round.py - INFO - discard - Alessio ----> 4_Cuori_Rosso
2025-10-30 21:35:44 - round.py - INFO - pick_up_card - MariaGrazia ----> 3_Quadri_Rosso
2025-10-30 21:35:44 - round.py - INFO - discard - MariaGrazia ----> J_Fiori_Rosso
2025-10-30 21:35:44 - round.py - INFO - pick_up_discard - Alessio ----> 7_Fiori_Rosso
2025-10-30 21:35:44 - round.py - INFO - discard - Alessio ----> 9_Fiori_Blu
2025-10-30 21:35:44 - round.py - INFO - pick_up_discard - MariaGrazia ----> 9_Fiori_Blu
2025-10-30 21:35:44 - round.py - INFO - discard - MariaGrazia ----> 7_Quadri_Blu
2025-10-30 21:35:44 - round.py - INFO - pick_up_discard - Alessio ----> 7_Quadri_Blu
2025-10-30 21:35:45 - round.py - INFO - discard - Alessio ----> 7_Fiori_Rosso
2025-10-30 21:35:45 - round.py - INFO - pick_up_discard - MariaGrazia ----> 7_Fiori_Rosso
2025-10-30 21:35:45 - round.py - INFO - discard - MariaGrazia ----> A_Quadri_Rosso
2025-10-30 21:35:45 - round.py - INFO - pick_up_discard - Alessio ----> A_Quadri_Rosso
2025-10-30 21:35:45 - round.py - INFO - discard - Alessio ----> A_Quadri_Rosso
2025-10-30 21:35:45 - round.py - INFO - pick_up_card - MariaGrazia ----> 8_Cuori_Blu
2025-10-30 21:35:45 - round.py - INFO - update_tris - MariaGrazia ----> 8 -->8_Cuori_Blu
2025-10-30 21:35:45 - round.py - INFO - discard - MariaGrazia ----> J_Quadri_Blu
2025-10-30 21:35:45 - round.py - INFO - pick_up_card - Alessio ----> 2_Fiori_Blu
2025-10-30 21:35:45 - round.py - INFO - open_meld - Alessio ----> [(-1, 81, 'Jolly', 20), (7, 73, 'Quadri', 5), (9, 75, 'Quadri', 10)]
2025-10-30 21:35:45 - round.py - INFO - update_meld - Alessio ----> Updated_Game_Ontology20251030_213511598014.Quadri --> 6_Quadri_Rosso
2025-10-30 21:35:45 - round.py - INFO - discard - Alessio ----> A_Cuori_Blu
2025-10-30 21:35:45 - round.py - INFO - pick_up_card - MariaGrazia ----> A_Picche_Rosso
2025-10-30 21:35:45 - round.py - INFO - update_meld - MariaGrazia ----> Updated_Game_Ontology20251030_213511598014.Picche --> A_Picche_Rosso
2025-10-30 21:35:45 - round.py - INFO - discard - MariaGrazia ----> 9_Fiori_Blu
2025-10-30 21:35:45 - round.py - INFO - pick_up_discard - Alessio ----> A_Quadri_Rosso
2025-10-30 21:35:46 - round.py - INFO - update_meld - Alessio ----> Updated_Game_Ontology20251030_213511598014.Quadri --> A_Quadri_Rosso
2025-10-30 21:35:46 - round.py - INFO - discard - Alessio ----> 9_Fiori_Blu
2025-10-30 21:35:46 - round.py - INFO - pick_up_card - MariaGrazia ----> 3_Cuori_Blu
2025-10-30 21:35:46 - round.py - INFO - discard - MariaGrazia ----> 7_Fiori_Rosso
2025-10-30 21:35:46 - round.py - INFO - pick_up_discard - Alessio ----> 9_Fiori_Blu
2025-10-30 21:35:46 - round.py - INFO - discard - Alessio ----> 9_Fiori_Blu
2025-10-30 21:35:46 - round.py - INFO - pick_up_card - MariaGrazia ----> J_Picche_Rosso
2025-10-30 21:35:46 - round.py - INFO - discard - MariaGrazia ----> J_Picche_Rosso
2025-10-30 21:35:46 - round.py - INFO - pick_up_card - Alessio ----> 9_Fiori_Rosso
2025-10-30 21:35:46 - round.py - INFO - discard - Alessio ----> J_Quadri_Blu
2025-10-30 21:35:46 - round.py - INFO - pick_up_card - MariaGrazia ----> 3_Cuori_Rosso
2025-10-30 21:35:46 - round.py - INFO - open_tris - MariaGrazia ----> [(3, 2, 'Cuori', 5), (3, 56, 'Cuori', 5), (3, 15, 'Quadri', 5)]
2025-10-30 21:35:46 - round.py - INFO - discard - MariaGrazia ----> 5_Cuori_Rosso
2025-10-30 21:35:46 - round.py - INFO - pick_up_discard - Alessio ----> 9_Fiori_Blu
2025-10-30 21:35:46 - round.py - INFO - open_tris - Alessio ----> [(11, 36, 'Fiori', 10), (11, 77, 'Quadri', 10), (11, 49, 'Picche', 10)]
2025-10-30 21:35:46 - round.py - INFO - update_meld - Alessio ----> Updated_Game_Ontology20251030_213511598014.Cuori --> 5_Cuori_Rosso
2025-10-30 21:35:47 - round.py - INFO - discard - Alessio ----> 4_Cuori_Rosso
2025-10-30 21:35:47 - round.py - INFO - pick_up_discard - MariaGrazia ----> 4_Cuori_Rosso
2025-10-30 21:35:47 - round.py - INFO - close_game - MariaGrazia ----> 4_Cuori_Rosso
