2025-10-30 21:35:22 - logger.py - INFO - _initialize - Logger inizializzato. File di log: logs\partita_20251030_213522190475.log
2025-10-30 21:35:22 - round.py - INFO - pick_up_discard - Alessio ----> 2_Fiori_Blu
2025-10-30 21:35:23 - round.py - INFO - open_tris - Alessio ----> [(-1, 106, 'Jolly', 30), (4, 96, 'Picche', 5), (4, 83, 'Fiori', 5)]
2025-10-30 21:35:23 - round.py - INFO - update_tris - Alessio ----> 4 -->4_Fiori_Rosso
2025-10-30 21:35:23 - round.py - INFO - open_tris - Alessio ----> [(-1, 81, 'Jolly', 20), (1, 54, 'Cuori', 15), (1, 67, 'Quadri', 15)]
2025-10-30 21:35:23 - round.py - INFO - update_tris - Alessio ----> 4 -->4_Cuori_Rosso
2025-10-30 21:35:23 - round.py - INFO - discard - Alessio ----> 10_Fiori_Rosso
2025-10-30 21:35:23 - round.py - INFO - pick_up_card - MariaGrazia ----> A_Quadri_Blu
2025-10-30 21:35:24 - round.py - INFO - open_tris - MariaGrazia ----> [(-1, 52, 'Jolly', 30), (5, 4, 'Cuori', 5), (5, 97, 'Picche', 5)]
2025-10-30 21:35:25 - round.py - INFO - discard - MariaGrazia ----> 10_Picche_Blu
2025-10-30 21:35:25 - round.py - INFO - pick_up_discard - Alessio ----> 10_Fiori_Rosso
2025-10-30 21:35:25 - round.py - INFO - open_meld - Alessio ----> [(-1, 68, 'Jolly', 20), (7, 19, 'Quadri', 5), (8, 20, 'Quadri', 10)]
2025-10-30 21:35:25 - round.py - INFO - discard - Alessio ----> 10_Fiori_Rosso
2025-10-30 21:35:25 - round.py - INFO - pick_up_card - MariaGrazia ----> Jolly_Jolly_N_Blu
2025-10-30 21:35:25 - round.py - INFO - open_tris - MariaGrazia ----> [(-1, 106, 'Jolly', 30), (4, 42, 'Picche', 5), (4, 70, 'Quadri', 5)]
2025-10-30 21:35:25 - round.py - INFO - discard - MariaGrazia ----> 9_Cuori_Rosso
2025-10-30 21:35:25 - round.py - INFO - pick_up_card - Alessio ----> 8_Quadri_Rosso
2025-10-30 21:35:25 - round.py - INFO - discard - Alessio ----> 10_Picche_Blu
2025-10-30 21:35:25 - round.py - INFO - pick_up_card - MariaGrazia ----> 4_Fiori_Rosso
2025-10-30 21:35:25 - round.py - INFO - update_tris - MariaGrazia ----> 4 -->4_Fiori_Rosso
2025-10-30 21:35:25 - round.py - INFO - discard - MariaGrazia ----> A_Quadri_Blu
2025-10-30 21:35:25 - round.py - INFO - pick_up_discard - Alessio ----> 10_Fiori_Rosso
2025-10-30 21:35:25 - round.py - INFO - discard - Alessio ----> 8_Quadri_Rosso
2025-10-30 21:35:25 - round.py - INFO - pick_up_card - MariaGrazia ----> 4_Fiori_Blu
2025-10-30 21:35:25 - round.py - INFO - update_tris - MariaGrazia ----> 4 -->4_Fiori_Blu
2025-10-30 21:35:25 - round.py - INFO - discard - MariaGrazia ----> Q_Quadri_Rosso
2025-10-30 21:35:25 - round.py - INFO - pick_up_discard - Alessio ----> 8_Quadri_Rosso
2025-10-30 21:35:25 - round.py - INFO - discard - Alessio ----> 10_Fiori_Rosso
2025-10-30 21:35:25 - round.py - INFO - pick_up_discard - MariaGrazia ----> 10_Fiori_Rosso
2025-10-30 21:35:25 - round.py - INFO - discard - MariaGrazia ----> 3_Quadri_Blu
2025-10-30 21:35:25 - round.py - INFO - pick_up_card - Alessio ----> 2_Quadri_Blu
2025-10-30 21:35:25 - round.py - INFO - update_meld - Alessio ----> Updated_Game_Ontology20251030_213518664511.Quadri --> 2_Quadri_Blu
2025-10-30 21:35:25 - round.py - INFO - update_meld - Alessio ----> Updated_Game_Ontology20251030_213518664511.Quadri --> A_Quadri_Blu
2025-10-30 21:35:25 - round.py - INFO - discard - Alessio ----> 10_Picche_Blu
2025-10-30 21:35:25 - round.py - INFO - pick_up_card - MariaGrazia ----> 7_Quadri_Rosso
2025-10-30 21:35:25 - round.py - INFO - discard - MariaGrazia ----> 7_Picche_Rosso
2025-10-30 21:35:25 - round.py - INFO - pick_up_card - Alessio ----> A_Cuori_Blu
2025-10-30 21:35:25 - round.py - INFO - discard - Alessio ----> 8_Quadri_Rosso
2025-10-30 21:35:25 - round.py - INFO - pick_up_discard - MariaGrazia ----> 3_Quadri_Blu
2025-10-30 21:35:26 - round.py - INFO - discard - MariaGrazia ----> 8_Quadri_Rosso
2025-10-30 21:35:26 - round.py - INFO - pick_up_discard - Alessio ----> 8_Quadri_Rosso
2025-10-30 21:35:26 - round.py - INFO - discard - Alessio ----> Q_Quadri_Rosso
2025-10-30 21:35:26 - round.py - INFO - pick_up_discard - MariaGrazia ----> Q_Quadri_Rosso
2025-10-30 21:35:26 - round.py - INFO - discard - MariaGrazia ----> 3_Quadri_Blu
2025-10-30 21:35:26 - round.py - INFO - pick_up_discard - Alessio ----> 3_Quadri_Blu
2025-10-30 21:35:26 - round.py - INFO - update_meld - Alessio ----> Updated_Game_Ontology20251030_213518664511.Quadri --> 3_Quadri_Blu
2025-10-30 21:35:26 - round.py - INFO - discard - Alessio ----> 8_Quadri_Rosso
2025-10-30 21:35:26 - round.py - INFO - pick_up_discard - MariaGrazia ----> 8_Quadri_Rosso
2025-10-30 21:35:26 - round.py - INFO - discard - MariaGrazia ----> 7_Picche_Rosso
2025-10-30 21:35:26 - round.py - INFO - pick_up_card - Alessio ----> 4_Cuori_Rosso
2025-10-30 21:35:26 - round.py - INFO - update_tris - Alessio ----> 4 -->4_Cuori_Rosso
2025-10-30 21:35:26 - round.py - INFO - discard - Alessio ----> 9_Cuori_Rosso
2025-10-30 21:35:26 - round.py - INFO - pick_up_card - MariaGrazia ----> 4_Picche_Blu
2025-10-30 21:35:26 - round.py - INFO - update_tris - MariaGrazia ----> 4 -->4_Picche_Blu
2025-10-30 21:35:26 - round.py - INFO - discard - MariaGrazia ----> 10_Fiori_Rosso
2025-10-30 21:35:26 - round.py - INFO - pick_up_card - Alessio ----> 10_Fiori_Rosso
2025-10-30 21:35:26 - round.py - INFO - discard - Alessio ----> 10_Fiori_Rosso
2025-10-30 21:35:26 - round.py - INFO - pick_up_discard - MariaGrazia ----> 7_Picche_Rosso
2025-10-30 21:35:27 - round.py - INFO - discard - MariaGrazia ----> 8_Quadri_Rosso
2025-10-30 21:35:27 - round.py - INFO - pick_up_discard - Alessio ----> 8_Quadri_Rosso
2025-10-30 21:35:27 - round.py - INFO - discard - Alessio ----> A_Cuori_Blu
2025-10-30 21:35:27 - round.py - INFO - pick_up_discard - MariaGrazia ----> A_Cuori_Blu
2025-10-30 21:35:27 - round.py - INFO - discard - MariaGrazia ----> 10_Fiori_Rosso
2025-10-30 21:35:27 - round.py - INFO - pick_up_discard - Alessio ----> 10_Fiori_Rosso
2025-10-30 21:35:27 - round.py - INFO - discard - Alessio ----> 8_Quadri_Rosso
2025-10-30 21:35:27 - round.py - INFO - pick_up_card - MariaGrazia ----> 10_Picche_Blu
2025-10-30 21:35:27 - round.py - INFO - discard - MariaGrazia ----> 10_Picche_Blu
2025-10-30 21:35:27 - round.py - INFO - pick_up_discard - Alessio ----> 8_Quadri_Rosso
2025-10-30 21:35:27 - round.py - INFO - discard - Alessio ----> 10_Picche_Blu
2025-10-30 21:35:27 - round.py - INFO - pick_up_card - MariaGrazia ----> 9_Cuori_Rosso
2025-10-30 21:35:28 - round.py - INFO - discard - MariaGrazia ----> A_Cuori_Blu
2025-10-30 21:35:28 - round.py - INFO - pick_up_discard - Alessio ----> 10_Picche_Blu
2025-10-30 21:35:28 - round.py - INFO - discard - Alessio ----> 10_Fiori_Rosso
2025-10-30 21:35:28 - round.py - INFO - pick_up_discard - MariaGrazia ----> 10_Fiori_Rosso
2025-10-30 21:35:28 - round.py - INFO - discard - MariaGrazia ----> 7_Quadri_Rosso
2025-10-30 21:35:28 - round.py - INFO - pick_up_card - Alessio ----> 5_Picche_Blu
2025-10-30 21:35:28 - round.py - INFO - discard - Alessio ----> 5_Picche_Blu
2025-10-30 21:35:28 - round.py - INFO - pick_up_discard - MariaGrazia ----> 7_Quadri_Rosso
2025-10-30 21:35:29 - round.py - INFO - update_tris - MariaGrazia ----> 5 -->5_Picche_Blu
2025-10-30 21:35:29 - round.py - INFO - discard - MariaGrazia ----> Q_Quadri_Rosso
2025-10-30 21:35:29 - round.py - INFO - pick_up_card - Alessio ----> 7_Picche_Rosso
2025-10-30 21:35:29 - round.py - INFO - discard - Alessio ----> A_Cuori_Blu
2025-10-30 21:35:29 - round.py - INFO - pick_up_card - MariaGrazia ----> A_Picche_Rosso
2025-10-30 21:35:29 - round.py - INFO - discard - MariaGrazia ----> A_Picche_Rosso
2025-10-30 21:35:29 - round.py - INFO - pick_up_card - Alessio ----> 4_Picche_Rosso
2025-10-30 21:35:29 - round.py - INFO - update_tris - Alessio ----> 4 -->4_Picche_Rosso
2025-10-30 21:35:29 - round.py - INFO - discard - Alessio ----> 10_Picche_Blu
2025-10-30 21:35:29 - round.py - INFO - pick_up_card - MariaGrazia ----> 4_Quadri_Blu
2025-10-30 21:35:30 - round.py - INFO - update_tris - MariaGrazia ----> 4 -->4_Quadri_Blu
2025-10-30 21:35:30 - round.py - INFO - discard - MariaGrazia ----> A_Picche_Rosso
2025-10-30 21:35:30 - round.py - INFO - pick_up_card - Alessio ----> 3_Quadri_Blu
2025-10-30 21:35:30 - round.py - INFO - discard - Alessio ----> 8_Quadri_Rosso
2025-10-30 21:35:30 - round.py - INFO - pick_up_card - MariaGrazia ----> Jolly_Jolly_N_Rosso
2025-10-30 21:35:30 - round.py - INFO - open_tris - MariaGrazia ----> [(-1, 52, 'Jolly', 30), (10, 102, 'Picche', 10), (10, 35, 'Fiori', 10)]
2025-10-30 21:35:30 - round.py - INFO - update_tris - MariaGrazia ----> 10 -->10_Fiori_Rosso
2025-10-30 21:35:30 - round.py - INFO - discard - MariaGrazia ----> 9_Cuori_Rosso
2025-10-30 21:35:30 - round.py - INFO - pick_up_card - Alessio ----> Q_Quadri_Rosso
2025-10-30 21:35:30 - round.py - INFO - discard - Alessio ----> 7_Picche_Rosso
2025-10-30 21:35:30 - round.py - INFO - pick_up_discard - MariaGrazia ----> Q_Quadri_Rosso
2025-10-30 21:35:31 - round.py - INFO - update_tris - MariaGrazia ----> 10 -->10_Picche_Blu
2025-10-30 21:35:31 - round.py - INFO - discard - MariaGrazia ----> 9_Cuori_Rosso
2025-10-30 21:35:31 - round.py - INFO - pick_up_discard - Alessio ----> 9_Cuori_Rosso
2025-10-30 21:35:31 - round.py - INFO - discard - Alessio ----> Q_Quadri_Rosso
2025-10-30 21:35:31 - round.py - INFO - pick_up_card - MariaGrazia ----> 5_Cuori_Rosso
2025-10-30 21:35:32 - round.py - INFO - update_tris - MariaGrazia ----> 5 -->5_Cuori_Rosso
2025-10-30 21:35:32 - round.py - INFO - discard - MariaGrazia ----> 8_Quadri_Rosso
2025-10-30 21:35:32 - round.py - INFO - pick_up_discard - Alessio ----> Q_Quadri_Rosso
2025-10-30 21:35:32 - round.py - INFO - discard - Alessio ----> Q_Quadri_Rosso
2025-10-30 21:35:32 - round.py - INFO - pick_up_card - MariaGrazia ----> K_Quadri_Blu
2025-10-30 21:35:33 - round.py - INFO - discard - MariaGrazia ----> 7_Picche_Rosso
2025-10-30 21:35:33 - round.py - INFO - pick_up_card - Alessio ----> K_Picche_Blu
2025-10-30 21:35:33 - round.py - INFO - discard - Alessio ----> 3_Quadri_Blu
2025-10-30 21:35:33 - round.py - INFO - pick_up_card - MariaGrazia ----> 5_Quadri_Blu
2025-10-30 21:35:33 - round.py - INFO - update_tris - MariaGrazia ----> 5 -->5_Quadri_Blu
2025-10-30 21:35:33 - round.py - INFO - discard - MariaGrazia ----> 7_Picche_Rosso
2025-10-30 21:35:33 - round.py - INFO - pick_up_card - Alessio ----> 3_Picche_Rosso
2025-10-30 21:35:33 - round.py - INFO - discard - Alessio ----> 8_Quadri_Rosso
2025-10-30 21:35:33 - round.py - INFO - pick_up_discard - MariaGrazia ----> Q_Quadri_Rosso
2025-10-30 21:35:34 - round.py - INFO - discard - MariaGrazia ----> 7_Picche_Rosso
2025-10-30 21:35:34 - round.py - INFO - pick_up_card - Alessio ----> 6_Picche_Rosso
2025-10-30 21:35:35 - round.py - INFO - discard - Alessio ----> K_Picche_Blu
2025-10-30 21:35:35 - round.py - INFO - pick_up_discard - MariaGrazia ----> 7_Picche_Rosso
2025-10-30 21:35:36 - round.py - INFO - discard - MariaGrazia ----> 7_Picche_Rosso
2025-10-30 21:35:36 - round.py - INFO - pick_up_discard - Alessio ----> 7_Picche_Rosso
2025-10-30 21:35:36 - round.py - INFO - discard - Alessio ----> 6_Picche_Rosso
2025-10-30 21:35:36 - round.py - INFO - pick_up_discard - MariaGrazia ----> 6_Picche_Rosso
2025-10-30 21:35:38 - round.py - INFO - discard - MariaGrazia ----> 3_Quadri_Blu
2025-10-30 21:35:38 - round.py - INFO - pick_up_discard - Alessio ----> 3_Quadri_Blu
2025-10-30 21:35:38 - round.py - INFO - discard - Alessio ----> 3_Picche_Rosso
2025-10-30 21:35:38 - round.py - INFO - pick_up_discard - MariaGrazia ----> 3_Picche_Rosso
2025-10-30 21:35:40 - round.py - INFO - discard - MariaGrazia ----> 7_Quadri_Rosso
2025-10-30 21:35:40 - round.py - INFO - pick_up_card - Alessio ----> A_Quadri_Rosso
2025-10-30 21:35:40 - round.py - INFO - discard - Alessio ----> A_Quadri_Rosso
2025-10-30 21:35:40 - round.py - INFO - pick_up_discard - MariaGrazia ----> 7_Quadri_Rosso
2025-10-30 21:35:42 - round.py - INFO - open_tris - MariaGrazia ----> [(1, 39, 'Picche', 15), (1, 13, 'Quadri', 15), (1, 54, 'Cuori', 15)]
2025-10-30 21:35:43 - round.py - INFO - update_tris - MariaGrazia ----> 1 -->A_Picche_Rosso
2025-10-30 21:35:44 - round.py - INFO - discard - MariaGrazia ----> Q_Quadri_Rosso
2025-10-30 21:35:44 - round.py - INFO - pick_up_card - Alessio ----> 9_Fiori_Blu
2025-10-30 21:35:44 - round.py - INFO - discard - Alessio ----> 3_Quadri_Blu
2025-10-30 21:35:44 - round.py - INFO - pick_up_card - MariaGrazia ----> Q_Quadri_Blu
2025-10-30 21:35:44 - round.py - INFO - discard - MariaGrazia ----> 8_Quadri_Rosso
2025-10-30 21:35:44 - round.py - INFO - pick_up_discard - Alessio ----> Q_Quadri_Rosso
2025-10-30 21:35:44 - round.py - INFO - discard - Alessio ----> Q_Quadri_Rosso
2025-10-30 21:35:44 - round.py - INFO - pick_up_discard - MariaGrazia ----> Q_Quadri_Rosso
2025-10-30 21:35:45 - round.py - INFO - discard - MariaGrazia ----> Q_Quadri_Rosso
2025-10-30 21:35:45 - round.py - INFO - pick_up_discard - Alessio ----> Q_Quadri_Rosso
2025-10-30 21:35:45 - round.py - INFO - discard - Alessio ----> 7_Picche_Rosso
2025-10-30 21:35:45 - round.py - INFO - pick_up_card - MariaGrazia ----> 7_Quadri_Blu
2025-10-30 21:35:46 - round.py - INFO - open_tris - MariaGrazia ----> [(7, 73, 'Quadri', 5), (7, 45, 'Picche', 5), (7, 19, 'Quadri', 5)]
2025-10-30 21:35:46 - round.py - INFO - discard - MariaGrazia ----> 9_Cuori_Rosso
2025-10-30 21:35:46 - round.py - INFO - pick_up_card - Alessio ----> J_Picche_Blu
2025-10-30 21:35:46 - round.py - INFO - discard - Alessio ----> 9_Fiori_Blu
2025-10-30 21:35:46 - round.py - INFO - pick_up_card - MariaGrazia ----> J_Cuori_Rosso
2025-10-30 21:35:46 - round.py - INFO - discard - MariaGrazia ----> K_Picche_Blu
2025-10-30 21:35:46 - round.py - INFO - pick_up_discard - Alessio ----> 7_Picche_Rosso
2025-10-30 21:35:46 - round.py - INFO - discard - Alessio ----> 9_Cuori_Rosso
2025-10-30 21:35:46 - round.py - INFO - pick_up_discard - MariaGrazia ----> 9_Cuori_Rosso
2025-10-30 21:35:47 - round.py - INFO - discard - MariaGrazia ----> 3_Picche_Rosso
2025-10-30 21:35:47 - round.py - INFO - pick_up_card - Alessio ----> 3_Cuori_Blu
2025-10-30 21:35:47 - round.py - INFO - discard - Alessio ----> Q_Quadri_Rosso
2025-10-30 21:35:47 - round.py - INFO - pick_up_card - MariaGrazia ----> 7_Fiori_Blu
2025-10-30 21:35:47 - round.py - INFO - update_tris - MariaGrazia ----> 7 -->7_Fiori_Blu
2025-10-30 21:35:47 - round.py - INFO - discard - MariaGrazia ----> 6_Picche_Rosso
2025-10-30 21:35:47 - round.py - INFO - pick_up_discard - Alessio ----> 3_Picche_Rosso
2025-10-30 21:35:48 - round.py - INFO - open_tris - Alessio ----> [(3, 56, 'Cuori', 5), (3, 69, 'Quadri', 5), (3, 41, 'Picche', 5)]
2025-10-30 21:35:48 - round.py - INFO - discard - Alessio ----> 9_Fiori_Blu
2025-10-30 21:35:48 - round.py - INFO - pick_up_card - MariaGrazia ----> Q_Cuori_Rosso
2025-10-30 21:35:48 - round.py - INFO - open_tris - MariaGrazia ----> [(12, 78, 'Quadri', 10), (12, 11, 'Cuori', 10), (12, 24, 'Quadri', 10)]
2025-10-30 21:35:49 - round.py - INFO - discard - MariaGrazia ----> K_Quadri_Blu
2025-10-30 21:35:49 - round.py - INFO - pick_up_discard - Alessio ----> 9_Fiori_Blu
2025-10-30 21:35:49 - round.py - INFO - discard - Alessio ----> Q_Quadri_Rosso
2025-10-30 21:35:49 - round.py - INFO - pick_up_discard - MariaGrazia ----> Q_Quadri_Rosso
2025-10-30 21:35:49 - round.py - INFO - update_tris - MariaGrazia ----> 12 -->Q_Quadri_Rosso
2025-10-30 21:35:49 - round.py - INFO - discard - MariaGrazia ----> J_Cuori_Rosso
2025-10-30 21:35:49 - round.py - INFO - pick_up_card - Alessio ----> A_Cuori_Rosso
2025-10-30 21:35:49 - round.py - INFO - discard - Alessio ----> 9_Fiori_Blu
2025-10-30 21:35:49 - round.py - INFO - pick_up_card - MariaGrazia ----> A_Picche_Blu
2025-10-30 21:35:49 - round.py - INFO - update_tris - MariaGrazia ----> 1 -->A_Picche_Blu
2025-10-30 21:35:49 - round.py - INFO - discard - MariaGrazia ----> 9_Cuori_Rosso
2025-10-30 21:35:49 - round.py - INFO - pick_up_card - Alessio ----> A_Fiori_Rosso
2025-10-30 21:35:50 - round.py - INFO - discard - Alessio ----> 7_Picche_Rosso
2025-10-30 21:35:50 - round.py - INFO - pick_up_discard - MariaGrazia ----> J_Cuori_Rosso
2025-10-30 21:35:50 - round.py - INFO - update_tris - MariaGrazia ----> 7 -->7_Picche_Rosso
2025-10-30 21:35:50 - round.py - INFO - discard - MariaGrazia ----> 9_Cuori_Rosso
2025-10-30 21:35:50 - round.py - INFO - pick_up_discard - Alessio ----> 9_Cuori_Rosso
2025-10-30 21:35:50 - round.py - INFO - discard - Alessio ----> K_Picche_Blu
2025-10-30 21:35:50 - round.py - INFO - pick_up_discard - MariaGrazia ----> K_Picche_Blu
2025-10-30 21:35:50 - round.py - INFO - discard - MariaGrazia ----> K_Picche_Blu
2025-10-30 21:35:50 - round.py - INFO - pick_up_card - Alessio ----> 9_Picche_Rosso
2025-10-30 21:35:51 - round.py - INFO - discard - Alessio ----> A_Fiori_Rosso
2025-10-30 21:35:51 - round.py - INFO - pick_up_discard - MariaGrazia ----> K_Picche_Blu
2025-10-30 21:35:51 - round.py - INFO - update_tris - MariaGrazia ----> 1 -->A_Fiori_Rosso
2025-10-30 21:35:51 - round.py - INFO - discard - MariaGrazia ----> K_Picche_Blu
2025-10-30 21:35:51 - round.py - INFO - pick_up_discard - Alessio ----> K_Picche_Blu
2025-10-30 21:35:51 - round.py - INFO - discard - Alessio ----> 8_Quadri_Rosso
2025-10-30 21:35:51 - round.py - INFO - pick_up_discard - MariaGrazia ----> 8_Quadri_Rosso
2025-10-30 21:35:51 - round.py - INFO - discard - MariaGrazia ----> 9_Fiori_Blu
2025-10-30 21:35:51 - round.py - INFO - pick_up_discard - Alessio ----> 9_Fiori_Blu
2025-10-30 21:35:51 - round.py - INFO - open_tris - Alessio ----> [(9, 47, 'Picche', 10), (9, 8, 'Cuori', 10), (9, 88, 'Fiori', 10)]
2025-10-30 21:35:52 - round.py - INFO - update_tris - Alessio ----> 9 -->9_Cuori_Rosso
2025-10-30 21:35:52 - round.py - INFO - discard - Alessio ----> A_Cuori_Rosso
2025-10-30 21:35:52 - round.py - INFO - pick_up_discard - MariaGrazia ----> A_Cuori_Rosso
2025-10-30 21:35:52 - round.py - INFO - update_tris - MariaGrazia ----> 1 -->A_Cuori_Rosso
2025-10-30 21:35:52 - round.py - INFO - discard - MariaGrazia ----> 8_Quadri_Rosso
2025-10-30 21:35:52 - round.py - INFO - pick_up_card - Alessio ----> J_Picche_Rosso
2025-10-30 21:35:52 - round.py - INFO - discard - Alessio ----> K_Picche_Blu
2025-10-30 21:35:52 - round.py - INFO - pick_up_discard - MariaGrazia ----> 8_Quadri_Rosso
2025-10-30 21:35:52 - round.py - INFO - discard - MariaGrazia ----> 8_Quadri_Rosso
2025-10-30 21:35:52 - round.py - INFO - pick_up_discard - Alessio ----> 8_Quadri_Rosso
2025-10-30 21:35:52 - round.py - INFO - discard - Alessio ----> J_Picche_Rosso
2025-10-30 21:35:52 - round.py - INFO - pick_up_card - MariaGrazia ----> Q_Fiori_Blu
2025-10-30 21:35:52 - round.py - INFO - update_tris - MariaGrazia ----> 12 -->Q_Fiori_Blu
2025-10-30 21:35:52 - round.py - INFO - discard - MariaGrazia ----> J_Cuori_Rosso
2025-10-30 21:35:52 - round.py - INFO - pick_up_discard - Alessio ----> J_Picche_Rosso
2025-10-30 21:35:52 - round.py - INFO - open_tris - Alessio ----> [(11, 103, 'Picche', 10), (11, 10, 'Cuori', 10), (11, 49, 'Picche', 10)]
2025-10-30 21:35:52 - round.py - INFO - discard - Alessio ----> K_Quadri_Blu
2025-10-30 21:35:52 - round.py - INFO - pick_up_card - MariaGrazia ----> 7_Cuori_Rosso
2025-10-30 21:35:52 - round.py - INFO - update_tris - MariaGrazia ----> 7 -->7_Cuori_Rosso
2025-10-30 21:35:52 - round.py - INFO - close_game - MariaGrazia ----> K_Picche_Blu
