2025-10-30 21:34:21 - logger.py - INFO - _initialize - Logger inizializzato. File di log: logs\partita_20251030_2134.log
2025-10-30 21:34:21 - round.py - INFO - pick_up_discard - Alessio ----> K_Fiori_Rosso
2025-10-30 21:34:21 - logger.py - INFO - _initialize - Logger inizializzato. File di log: logs\partita_20251030_2134.log
2025-10-30 21:34:21 - round.py - INFO - pick_up_discard - Alessio ----> 10_Picche_Rosso
2025-10-30 21:34:22 - logger.py - INFO - _initialize - Logger inizializzato. File di log: logs\partita_20251030_2134.log
2025-10-30 21:34:22 - round.py - INFO - pick_up_discard - Alessio ----> K_Cuori_Blu
2025-10-30 21:34:22 - round.py - INFO - open_tris - Alessio ----> [(-1, 81, 'Jolly', 20), (8, 7, 'Cuori', 10), (8, 87, 'Fiori', 10)]
2025-10-30 21:34:22 - round.py - INFO - open_meld - Alessio ----> [(-1, 27, 'Jolly', 20), (7, 73, 'Quadri', 5), (9, 75, 'Quadri', 10)]
2025-10-30 21:34:23 - round.py - INFO - open_tris - Alessio ----> [(-1, 107, 'Jolly', 30), (13, 38, 'Fiori', 10), (13, 92, 'Fiori', 10)]
2025-10-30 21:34:23 - round.py - INFO - update_meld - Alessio ----> Updated_Game_Ontology20251030_213417560504.Quadri --> 10_Quadri_Rosso
2025-10-30 21:34:23 - round.py - INFO - discard - Alessio ----> 9_Picche_Blu
2025-10-30 21:34:23 - round.py - INFO - pick_up_discard - MariaGrazia ----> 9_Picche_Blu
2025-10-30 21:34:23 - round.py - INFO - update_meld - Alessio ----> Updated_Game_Ontology20251030_213417560504.Quadri --> A_Quadri_Blu
2025-10-30 21:34:23 - round.py - INFO - update_meld - Alessio ----> Updated_Game_Ontology20251030_213417560504.Quadri --> 4_Quadri_Blu
2025-10-30 21:34:23 - logger.py - INFO - _initialize - Logger inizializzato. File di log: logs\partita_20251030_2134.log
2025-10-30 21:34:23 - round.py - INFO - pick_up_discard - Alessio ----> J_Quadri_Blu
2025-10-30 21:34:23 - round.py - INFO - discard - Alessio ----> 7_Picche_Blu
2025-10-30 21:34:23 - round.py - INFO - pick_up_discard - MariaGrazia ----> 7_Picche_Blu
2025-10-30 21:34:24 - round.py - INFO - open_meld - Alessio ----> [(-1, 55, 'Jolly', 20), (12, 65, 'Cuori', 10), (13, 66, 'Cuori', 10)]
2025-10-30 21:34:24 - round.py - INFO - open_meld - MariaGrazia ----> [(8, 74, 'Quadri', 10), (9, 21, 'Quadri', 10), (10, 22, 'Quadri', 10)]
2025-10-30 21:34:24 - round.py - INFO - open_tris - Alessio ----> [(-1, 40, 'Jolly', 20), (8, 61, 'Cuori', 10), (8, 7, 'Cuori', 10)]
2025-10-30 21:34:24 - logger.py - INFO - _initialize - Logger inizializzato. File di log: logs\partita_20251030_2134.log
2025-10-30 21:34:24 - round.py - INFO - pick_up_discard - Alessio ----> J_Quadri_Blu
2025-10-30 21:34:24 - round.py - INFO - discard - Alessio ----> 9_Cuori_Blu
2025-10-30 21:34:24 - round.py - INFO - pick_up_discard - MariaGrazia ----> 9_Cuori_Blu
2025-10-30 21:34:25 - round.py - INFO - open_tris - MariaGrazia ----> [(5, 84, 'Fiori', 5), (5, 58, 'Cuori', 5), (5, 17, 'Quadri', 5)]
2025-10-30 21:34:25 - round.py - INFO - discard - MariaGrazia ----> 4_Cuori_Blu
2025-10-30 21:34:25 - round.py - INFO - pick_up_discard - Alessio ----> 4_Cuori_Blu
2025-10-30 21:34:25 - round.py - INFO - open_meld - MariaGrazia ----> [(-1, 55, 'Jolly', 20), (6, 98, 'Picche', 5), (7, 99, 'Picche', 5)]
2025-10-30 21:34:25 - round.py - INFO - open_meld - Alessio ----> [(-1, 1, 'Jolly', 20), (9, 101, 'Picche', 10), (10, 102, 'Picche', 10)]
2025-10-30 21:34:25 - round.py - INFO - discard - Alessio ----> 4_Cuori_Blu
2025-10-30 21:34:25 - round.py - INFO - pick_up_card - MariaGrazia ----> 9_Picche_Blu
2025-10-30 21:34:25 - round.py - INFO - discard - MariaGrazia ----> 9_Picche_Blu
2025-10-30 21:34:25 - round.py - INFO - pick_up_discard - Alessio ----> 4_Cuori_Blu
2025-10-30 21:34:25 - round.py - INFO - discard - Alessio ----> Q_Quadri_Blu
2025-10-30 21:34:25 - round.py - INFO - pick_up_card - MariaGrazia ----> J_Cuori_Blu
2025-10-30 21:34:25 - round.py - INFO - update_meld - MariaGrazia ----> Updated_Game_Ontology20251030_213417560504.Picche --> 8_Picche_Blu
2025-10-30 21:34:25 - round.py - INFO - discard - Alessio ----> 4_Fiori_Rosso
2025-10-30 21:34:25 - round.py - INFO - pick_up_discard - MariaGrazia ----> 4_Fiori_Rosso
2025-10-30 21:34:25 - round.py - INFO - discard - MariaGrazia ----> J_Picche_Rosso
2025-10-30 21:34:25 - round.py - INFO - pick_up_card - Alessio ----> Jolly_Jolly_R_Blu
2025-10-30 21:34:26 - round.py - INFO - discard - MariaGrazia ----> J_Picche_Blu
2025-10-30 21:34:26 - round.py - INFO - discard - Alessio ----> 7_Quadri_Blu
2025-10-30 21:34:26 - round.py - INFO - pick_up_discard - Alessio ----> J_Picche_Blu
2025-10-30 21:34:26 - round.py - INFO - pick_up_card - MariaGrazia ----> 8_Fiori_Blu
2025-10-30 21:34:26 - logger.py - INFO - _initialize - Logger inizializzato. File di log: logs\partita_20251030_2134.log
2025-10-30 21:34:26 - round.py - INFO - pick_up_discard - Alessio ----> Q_Fiori_Blu
2025-10-30 21:34:26 - round.py - INFO - discard - Alessio ----> Q_Fiori_Blu
2025-10-30 21:34:26 - round.py - INFO - pick_up_discard - MariaGrazia ----> Q_Fiori_Blu
2025-10-30 21:34:26 - round.py - INFO - discard - MariaGrazia ----> J_Cuori_Blu
2025-10-30 21:34:26 - round.py - INFO - open_tris - Alessio ----> [(-1, 107, 'Jolly', 30), (7, 73, 'Quadri', 5), (7, 19, 'Quadri', 5)]
2025-10-30 21:34:26 - round.py - INFO - pick_up_discard - Alessio ----> Q_Quadri_Blu
2025-10-30 21:34:26 - round.py - INFO - discard - MariaGrazia ----> 5_Fiori_Blu
2025-10-30 21:34:26 - round.py - INFO - pick_up_card - Alessio ----> 7_Quadri_Blu
2025-10-30 21:34:26 - round.py - INFO - open_tris - MariaGrazia ----> [(-1, 68, 'Jolly', 20), (6, 98, 'Picche', 5), (6, 59, 'Cuori', 5)]
2025-10-30 21:34:26 - round.py - INFO - discard - Alessio ----> K_Picche_Blu
2025-10-30 21:34:26 - round.py - INFO - pick_up_discard - MariaGrazia ----> 5_Fiori_Blu
2025-10-30 21:34:26 - round.py - INFO - update_tris - Alessio ----> 7 -->7_Fiori_Blu
2025-10-30 21:34:26 - round.py - INFO - open_tris - Alessio ----> [(-1, 107, 'Jolly', 30), (11, 64, 'Cuori', 10), (11, 49, 'Picche', 10)]
2025-10-30 21:34:26 - round.py - INFO - discard - Alessio ----> J_Quadri_Blu
2025-10-30 21:34:26 - round.py - INFO - pick_up_card - MariaGrazia ----> A_Fiori_Blu
2025-10-30 21:34:27 - round.py - INFO - discard - MariaGrazia ----> 6_Quadri_Rosso
2025-10-30 21:34:27 - round.py - INFO - pick_up_discard - Alessio ----> 6_Quadri_Rosso
2025-10-30 21:34:27 - round.py - INFO - discard - MariaGrazia ----> J_Picche_Rosso
2025-10-30 21:34:27 - round.py - INFO - pick_up_card - Alessio ----> 7_Picche_Blu
2025-10-30 21:34:27 - round.py - INFO - discard - Alessio ----> 5_Picche_Rosso
2025-10-30 21:34:27 - round.py - INFO - pick_up_card - MariaGrazia ----> Q_Quadri_Rosso
2025-10-30 21:34:27 - round.py - INFO - update_tris - Alessio ----> 11 -->J_Cuori_Blu
2025-10-30 21:34:27 - round.py - INFO - discard - Alessio ----> 5_Cuori_Rosso
2025-10-30 21:34:27 - round.py - INFO - pick_up_card - MariaGrazia ----> Q_Fiori_Blu
2025-10-30 21:34:27 - round.py - INFO - discard - Alessio ----> Q_Quadri_Blu
2025-10-30 21:34:27 - round.py - INFO - pick_up_discard - MariaGrazia ----> Q_Quadri_Blu
2025-10-30 21:34:27 - logger.py - INFO - _initialize - Logger inizializzato. File di log: logs\partita_20251030_2134.log
2025-10-30 21:34:27 - round.py - INFO - pick_up_discard - Alessio ----> 10_Fiori_Rosso
2025-10-30 21:34:27 - round.py - INFO - discard - MariaGrazia ----> 9_Picche_Blu
2025-10-30 21:34:27 - round.py - INFO - pick_up_card - Alessio ----> 2_Picche_Rosso
2025-10-30 21:34:27 - round.py - INFO - discard - Alessio ----> 2_Picche_Rosso
2025-10-30 21:34:27 - round.py - INFO - pick_up_discard - MariaGrazia ----> 9_Picche_Blu
2025-10-30 21:34:27 - round.py - INFO - discard - MariaGrazia ----> Q_Picche_Blu
2025-10-30 21:34:27 - round.py - INFO - pick_up_discard - Alessio ----> Q_Picche_Blu
2025-10-30 21:34:27 - round.py - INFO - discard - MariaGrazia ----> Q_Quadri_Rosso
2025-10-30 21:34:27 - round.py - INFO - pick_up_discard - Alessio ----> 5_Picche_Rosso
2025-10-30 21:34:27 - round.py - INFO - discard - MariaGrazia ----> 6_Fiori_Rosso
2025-10-30 21:34:27 - round.py - INFO - pick_up_discard - Alessio ----> J_Picche_Rosso
2025-10-30 21:34:27 - round.py - INFO - update_tris - MariaGrazia ----> 5 -->2_Picche_Rosso
2025-10-30 21:34:27 - round.py - INFO - discard - Alessio ----> Q_Quadri_Rosso
2025-10-30 21:34:27 - round.py - INFO - pick_up_card - MariaGrazia ----> 9_Cuori_Blu
2025-10-30 21:34:27 - round.py - INFO - discard - MariaGrazia ----> Q_Picche_Rosso
2025-10-30 21:34:27 - round.py - INFO - pick_up_card - Alessio ----> Q_Quadri_Blu
2025-10-30 21:34:27 - round.py - INFO - discard - Alessio ----> 2_Picche_Rosso
2025-10-30 21:34:27 - round.py - INFO - pick_up_card - MariaGrazia ----> 7_Quadri_Blu
2025-10-30 21:34:27 - round.py - INFO - discard - Alessio ----> 9_Cuori_Rosso
2025-10-30 21:34:27 - round.py - INFO - pick_up_card - MariaGrazia ----> A_Quadri_Blu
2025-10-30 21:34:27 - round.py - INFO - discard - Alessio ----> 10_Picche_Rosso
2025-10-30 21:34:27 - round.py - INFO - pick_up_discard - MariaGrazia ----> 10_Picche_Rosso
2025-10-30 21:34:27 - round.py - INFO - update_meld - MariaGrazia ----> Updated_Game_Ontology20251030_213417225049.Quadri --> 7_Quadri_Blu
2025-10-30 21:34:28 - round.py - INFO - open_tris - Alessio ----> [(-1, 55, 'Jolly', 20), (4, 42, 'Picche', 5), (4, 96, 'Picche', 5)]
2025-10-30 21:34:28 - round.py - INFO - discard - MariaGrazia ----> A_Quadri_Rosso
2025-10-30 21:34:28 - round.py - INFO - pick_up_discard - Alessio ----> Q_Picche_Rosso
2025-10-30 21:34:28 - round.py - INFO - discard - MariaGrazia ----> 9_Cuori_Blu
2025-10-30 21:34:28 - round.py - INFO - pick_up_card - Alessio ----> 2_Cuori_Blu
2025-10-30 21:34:28 - round.py - INFO - discard - MariaGrazia ----> K_Picche_Blu
2025-10-30 21:34:28 - round.py - INFO - pick_up_card - Alessio ----> 9_Quadri_Blu
2025-10-30 21:34:28 - round.py - INFO - open_tris - Alessio ----> [(-1, 40, 'Jolly', 20), (1, 0, 'Cuori', 15), (1, 13, 'Quadri', 15)]
2025-10-30 21:34:28 - logger.py - INFO - _initialize - Logger inizializzato. File di log: logs\partita_20251030_2134.log
2025-10-30 21:34:28 - round.py - INFO - pick_up_discard - Alessio ----> Jolly_Jolly_N_Blu
2025-10-30 21:34:28 - round.py - INFO - open_meld - Alessio ----> [(-1, 55, 'Jolly', 20), (11, 23, 'Quadri', 10), (12, 24, 'Quadri', 10)]
2025-10-30 21:34:28 - round.py - INFO - discard - Alessio ----> 5_Picche_Rosso
2025-10-30 21:34:28 - round.py - INFO - discard - Alessio ----> Q_Quadri_Blu
2025-10-30 21:34:28 - round.py - INFO - pick_up_card - MariaGrazia ----> 2_Picche_Rosso
2025-10-30 21:34:28 - round.py - INFO - pick_up_discard - MariaGrazia ----> Q_Quadri_Blu
2025-10-30 21:34:28 - round.py - INFO - discard - MariaGrazia ----> Q_Quadri_Blu
2025-10-30 21:34:28 - round.py - INFO - pick_up_card - Alessio ----> 8_Cuori_Rosso
2025-10-30 21:34:28 - round.py - INFO - open_tris - Alessio ----> [(-1, 40, 'Jolly', 20), (13, 79, 'Quadri', 10), (13, 105, 'Picche', 10)]
2025-10-30 21:34:28 - round.py - INFO - discard - Alessio ----> 9_Picche_Blu
2025-10-30 21:34:28 - round.py - INFO - pick_up_card - MariaGrazia ----> 2_Fiori_Blu
2025-10-30 21:34:28 - round.py - INFO - update_meld - MariaGrazia ----> Updated_Game_Ontology20251030_213417225049.Quadri --> 2_Fiori_Blu
2025-10-30 21:34:28 - round.py - INFO - discard - Alessio ----> 7_Picche_Blu
2025-10-30 21:34:28 - round.py - INFO - pick_up_card - MariaGrazia ----> 10_Quadri_Rosso
2025-10-30 21:34:28 - round.py - INFO - discard - Alessio ----> 10_Cuori_Rosso
2025-10-30 21:34:28 - round.py - INFO - open_tris - MariaGrazia ----> [(-1, 27, 'Jolly', 20), (1, 13, 'Quadri', 15), (1, 80, 'Fiori', 15)]
2025-10-30 21:34:28 - round.py - INFO - pick_up_discard - MariaGrazia ----> 10_Cuori_Rosso
2025-10-30 21:34:28 - round.py - INFO - discard - MariaGrazia ----> Q_Quadri_Blu
2025-10-30 21:34:28 - round.py - INFO - pick_up_discard - Alessio ----> Q_Quadri_Blu
2025-10-30 21:34:28 - round.py - INFO - discard - Alessio ----> Q_Quadri_Blu
2025-10-30 21:34:28 - round.py - INFO - pick_up_discard - MariaGrazia ----> Q_Quadri_Blu
2025-10-30 21:34:28 - round.py - INFO - discard - MariaGrazia ----> 9_Picche_Blu
2025-10-30 21:34:28 - round.py - INFO - pick_up_discard - Alessio ----> 9_Picche_Blu
2025-10-30 21:34:28 - round.py - INFO - open_tris - Alessio ----> [(10, 76, 'Quadri', 10), (10, 102, 'Picche', 10), (10, 35, 'Fiori', 10)]
2025-10-30 21:34:28 - round.py - INFO - open_tris - MariaGrazia ----> [(-1, 40, 'Jolly', 20), (13, 92, 'Fiori', 10), (13, 79, 'Quadri', 10)]
2025-10-30 21:34:28 - round.py - INFO - discard - Alessio ----> Q_Quadri_Blu
2025-10-30 21:34:28 - round.py - INFO - pick_up_card - MariaGrazia ----> K_Fiori_Blu
2025-10-30 21:34:28 - round.py - INFO - discard - MariaGrazia ----> K_Fiori_Blu
2025-10-30 21:34:28 - round.py - INFO - discard - MariaGrazia ----> 6_Cuori_Rosso
2025-10-30 21:34:28 - round.py - INFO - pick_up_card - Alessio ----> A_Cuori_Rosso
2025-10-30 21:34:28 - round.py - INFO - pick_up_card - Alessio ----> K_Picche_Blu
2025-10-30 21:34:28 - round.py - INFO - discard - MariaGrazia ----> 3_Quadri_Blu
2025-10-30 21:34:29 - round.py - INFO - pick_up_card - Alessio ----> Q_Cuori_Blu
2025-10-30 21:34:29 - round.py - INFO - discard - Alessio ----> 4_Quadri_Rosso
2025-10-30 21:34:29 - round.py - INFO - pick_up_discard - MariaGrazia ----> Q_Quadri_Rosso
2025-10-30 21:34:29 - round.py - INFO - open_meld - MariaGrazia ----> [(11, 36, 'Fiori', 10), (12, 91, 'Fiori', 10), (13, 92, 'Fiori', 10)]
2025-10-30 21:34:29 - round.py - INFO - discard - Alessio ----> 4_Cuori_Blu
2025-10-30 21:34:29 - round.py - INFO - pick_up_discard - MariaGrazia ----> Q_Quadri_Blu
2025-10-30 21:34:29 - round.py - INFO - discard - MariaGrazia ----> 9_Cuori_Rosso
2025-10-30 21:34:29 - round.py - INFO - pick_up_card - Alessio ----> 7_Quadri_Rosso
2025-10-30 21:34:29 - round.py - INFO - discard - MariaGrazia ----> K_Fiori_Blu
2025-10-30 21:34:29 - round.py - INFO - pick_up_card - Alessio ----> 5_Fiori_Blu
2025-10-30 21:34:29 - round.py - INFO - discard - Alessio ----> 5_Cuori_Rosso
2025-10-30 21:34:29 - round.py - INFO - pick_up_card - MariaGrazia ----> 5_Cuori_Rosso
2025-10-30 21:34:29 - logger.py - INFO - _initialize - Logger inizializzato. File di log: logs\partita_20251030_2134.log
2025-10-30 21:34:29 - round.py - INFO - pick_up_discard - Alessio ----> 4_Quadri_Rosso
2025-10-30 21:34:29 - round.py - INFO - open_tris - Alessio ----> [(-1, 94, 'Jolly', 20), (11, 64, 'Cuori', 10), (11, 90, 'Fiori', 10)]
2025-10-30 21:34:29 - round.py - INFO - discard - Alessio ----> 7_Quadri_Blu
2025-10-30 21:34:29 - round.py - INFO - pick_up_discard - MariaGrazia ----> K_Fiori_Blu
2025-10-30 21:34:29 - round.py - INFO - update_tris - Alessio ----> 7 -->7_Quadri_Rosso
2025-10-30 21:34:29 - round.py - INFO - discard - MariaGrazia ----> 10_Quadri_Rosso
2025-10-30 21:34:29 - round.py - INFO - pick_up_card - Alessio ----> 10_Picche_Rosso
2025-10-30 21:34:29 - round.py - INFO - discard - Alessio ----> K_Cuori_Rosso
2025-10-30 21:34:29 - round.py - INFO - pick_up_discard - MariaGrazia ----> K_Cuori_Rosso
2025-10-30 21:34:29 - round.py - INFO - discard - MariaGrazia ----> Q_Quadri_Blu
2025-10-30 21:34:29 - round.py - INFO - discard - Alessio ----> 5_Cuori_Blu
2025-10-30 21:34:29 - round.py - INFO - pick_up_card - Alessio ----> 8_Quadri_Blu
2025-10-30 21:34:29 - round.py - INFO - pick_up_discard - MariaGrazia ----> J_Quadri_Blu
2025-10-30 21:34:29 - round.py - INFO - discard - MariaGrazia ----> 9_Fiori_Rosso
2025-10-30 21:34:29 - round.py - INFO - pick_up_discard - Alessio ----> 9_Cuori_Rosso
2025-10-30 21:34:29 - round.py - INFO - discard - MariaGrazia ----> A_Fiori_Blu
2025-10-30 21:34:29 - round.py - INFO - pick_up_card - Alessio ----> 8_Cuori_Rosso
2025-10-30 21:34:29 - round.py - INFO - discard - Alessio ----> 8_Quadri_Blu
2025-10-30 21:34:29 - round.py - INFO - pick_up_discard - MariaGrazia ----> Q_Quadri_Blu
2025-10-30 21:34:29 - round.py - INFO - discard - Alessio ----> A_Fiori_Rosso
2025-10-30 21:34:29 - round.py - INFO - pick_up_card - MariaGrazia ----> 5_Picche_Rosso
2025-10-30 21:34:29 - round.py - INFO - open_tris - Alessio ----> [(-1, 55, 'Jolly', 20), (1, 39, 'Picche', 15), (1, 93, 'Picche', 15)]
2025-10-30 21:34:29 - round.py - INFO - discard - MariaGrazia ----> 4_Fiori_Rosso
2025-10-30 21:34:29 - round.py - INFO - pick_up_discard - Alessio ----> 4_Fiori_Rosso
2025-10-30 21:34:29 - round.py - INFO - discard - Alessio ----> 10_Picche_Rosso
2025-10-30 21:34:29 - round.py - INFO - pick_up_discard - MariaGrazia ----> 10_Quadri_Rosso
2025-10-30 21:34:30 - round.py - INFO - discard - MariaGrazia ----> 10_Fiori_Blu
2025-10-30 21:34:30 - round.py - INFO - pick_up_discard - Alessio ----> 10_Fiori_Blu
2025-10-30 21:34:30 - round.py - INFO - discard - Alessio ----> 4_Cuori_Blu
2025-10-30 21:34:30 - round.py - INFO - pick_up_card - MariaGrazia ----> 7_Fiori_Blu
2025-10-30 21:34:30 - round.py - INFO - open_tris - MariaGrazia ----> [(10, 76, 'Quadri', 10), (10, 9, 'Cuori', 10), (10, 89, 'Fiori', 10)]
2025-10-30 21:34:30 - round.py - INFO - discard - Alessio ----> 8_Cuori_Rosso
2025-10-30 21:34:30 - round.py - INFO - pick_up_card - MariaGrazia ----> 10_Fiori_Blu
2025-10-30 21:34:30 - logger.py - INFO - _initialize - Logger inizializzato. File di log: logs\partita_20251030_2134.log
2025-10-30 21:34:30 - round.py - INFO - discard - MariaGrazia ----> 4_Fiori_Blu
2025-10-30 21:34:30 - round.py - INFO - pick_up_discard - Alessio ----> 2_Picche_Blu
2025-10-30 21:34:30 - round.py - INFO - pick_up_discard - Alessio ----> A_Fiori_Blu
2025-10-30 21:34:30 - round.py - INFO - discard - MariaGrazia ----> A_Cuori_Blu
2025-10-30 21:34:30 - round.py - INFO - open_meld - Alessio ----> [(-1, 106, 'Jolly', 30), (4, 83, 'Fiori', 5), (5, 30, 'Fiori', 5)]
2025-10-30 21:34:30 - round.py - INFO - pick_up_discard - Alessio ----> 4_Cuori_Blu
2025-10-30 21:34:30 - round.py - INFO - discard - Alessio ----> 4_Fiori_Blu
2025-10-30 21:34:30 - round.py - INFO - pick_up_discard - MariaGrazia ----> 4_Fiori_Blu
2025-10-30 21:34:30 - round.py - INFO - discard - Alessio ----> 8_Cuori_Rosso
2025-10-30 21:34:30 - round.py - INFO - pick_up_discard - MariaGrazia ----> 8_Cuori_Rosso
2025-10-30 21:34:30 - round.py - INFO - discard - MariaGrazia ----> 8_Quadri_Rosso
2025-10-30 21:34:30 - round.py - INFO - discard - MariaGrazia ----> 10_Fiori_Blu
2025-10-30 21:34:30 - round.py - INFO - pick_up_discard - Alessio ----> 8_Quadri_Rosso
2025-10-30 21:34:30 - round.py - INFO - pick_up_discard - Alessio ----> 8_Cuori_Rosso
2025-10-30 21:34:30 - round.py - INFO - discard - Alessio ----> A_Fiori_Blu
2025-10-30 21:34:30 - round.py - INFO - pick_up_card - MariaGrazia ----> 5_Cuori_Blu
2025-10-30 21:34:30 - round.py - INFO - discard - Alessio ----> 9_Fiori_Blu
2025-10-30 21:34:30 - round.py - INFO - pick_up_card - MariaGrazia ----> 4_Picche_Blu
2025-10-30 21:34:30 - round.py - INFO - discard - Alessio ----> 5_Fiori_Blu
2025-10-30 21:34:30 - round.py - INFO - pick_up_discard - MariaGrazia ----> 5_Fiori_Blu
2025-10-30 21:34:30 - round.py - INFO - discard - MariaGrazia ----> 9_Quadri_Blu
2025-10-30 21:34:30 - round.py - INFO - pick_up_card - Alessio ----> Jolly_Jolly_R_Blu
2025-10-30 21:34:31 - round.py - INFO - open_tris - Alessio ----> [(-1, 1, 'Jolly', 20), (5, 43, 'Picche', 5), (5, 97, 'Picche', 5)]
2025-10-30 21:34:31 - round.py - INFO - discard - MariaGrazia ----> Q_Quadri_Rosso
2025-10-30 21:34:31 - round.py - INFO - update_tris - MariaGrazia ----> 5 -->5_Fiori_Blu
2025-10-30 21:34:31 - round.py - INFO - pick_up_discard - Alessio ----> Q_Quadri_Rosso
2025-10-30 21:34:31 - round.py - INFO - open_meld - MariaGrazia ----> [(-1, 1, 'Jolly', 20), (7, 19, 'Quadri', 5), (9, 75, 'Quadri', 10)]
2025-10-30 21:34:31 - round.py - INFO - discard - MariaGrazia ----> 4_Picche_Blu
2025-10-30 21:34:31 - round.py - INFO - pick_up_discard - Alessio ----> 9_Fiori_Blu
2025-10-30 21:34:31 - round.py - INFO - open_tris - Alessio ----> [(-1, 107, 'Jolly', 30), (13, 38, 'Fiori', 10), (13, 79, 'Quadri', 10)]
2025-10-30 21:34:31 - round.py - INFO - discard - Alessio ----> Q_Quadri_Rosso
2025-10-30 21:34:31 - round.py - INFO - pick_up_card - MariaGrazia ----> J_Quadri_Rosso
2025-10-30 21:34:31 - round.py - INFO - discard - Alessio ----> 4_Cuori_Blu
2025-10-30 21:34:31 - round.py - INFO - discard - MariaGrazia ----> 7_Quadri_Blu
2025-10-30 21:34:31 - round.py - INFO - pick_up_card - MariaGrazia ----> 4_Cuori_Blu
2025-10-30 21:34:31 - round.py - INFO - pick_up_card - Alessio ----> 10_Quadri_Rosso
2025-10-30 21:34:31 - round.py - INFO - discard - Alessio ----> 5_Quadri_Rosso
2025-10-30 21:34:31 - round.py - INFO - pick_up_card - MariaGrazia ----> 2_Cuori_Blu
2025-10-30 21:34:31 - round.py - INFO - discard - Alessio ----> Q_Picche_Rosso
2025-10-30 21:34:31 - round.py - INFO - pick_up_card - MariaGrazia ----> J_Picche_Rosso
2025-10-30 21:34:31 - round.py - INFO - discard - MariaGrazia ----> 5_Cuori_Blu
2025-10-30 21:34:31 - round.py - INFO - open_meld - MariaGrazia ----> [(-1, 52, 'Jolly', 30), (11, 23, 'Quadri', 10), (12, 78, 'Quadri', 10)]
2025-10-30 21:34:31 - round.py - INFO - pick_up_discard - Alessio ----> A_Fiori_Blu
2025-10-30 21:34:31 - round.py - INFO - discard - Alessio ----> J_Picche_Blu
2025-10-30 21:34:31 - round.py - INFO - open_tris - Alessio ----> [(9, 75, 'Quadri', 10), (9, 34, 'Fiori', 10), (9, 8, 'Cuori', 10)]
2025-10-30 21:34:31 - round.py - INFO - pick_up_discard - MariaGrazia ----> J_Picche_Blu
2025-10-30 21:34:31 - round.py - INFO - open_tris - MariaGrazia ----> [(3, 82, 'Fiori', 5), (3, 56, 'Cuori', 5), (3, 95, 'Picche', 5)]
2025-10-30 21:34:31 - round.py - INFO - discard - MariaGrazia ----> J_Picche_Rosso
2025-10-30 21:34:31 - round.py - INFO - pick_up_card - Alessio ----> J_Cuori_Blu
2025-10-30 21:34:31 - round.py - INFO - discard - MariaGrazia ----> Q_Quadri_Blu
2025-10-30 21:34:31 - round.py - INFO - pick_up_discard - Alessio ----> 7_Quadri_Blu
2025-10-30 21:34:31 - round.py - INFO - discard - Alessio ----> 6_Cuori_Blu
2025-10-30 21:34:31 - round.py - INFO - pick_up_discard - MariaGrazia ----> J_Picche_Rosso
2025-10-30 21:34:31 - round.py - INFO - discard - MariaGrazia ----> A_Cuori_Rosso
2025-10-30 21:34:31 - round.py - INFO - pick_up_card - Alessio ----> 6_Cuori_Blu
2025-10-30 21:34:31 - round.py - INFO - discard - Alessio ----> A_Cuori_Blu
2025-10-30 21:34:31 - round.py - INFO - pick_up_card - MariaGrazia ----> K_Fiori_Rosso
2025-10-30 21:34:31 - round.py - INFO - discard - MariaGrazia ----> 4_Quadri_Rosso
2025-10-30 21:34:31 - round.py - INFO - pick_up_card - Alessio ----> 4_Quadri_Rosso
2025-10-30 21:34:31 - round.py - INFO - discard - Alessio ----> 7_Picche_Blu
2025-10-30 21:34:31 - round.py - INFO - pick_up_card - MariaGrazia ----> 10_Quadri_Blu
2025-10-30 21:34:31 - round.py - INFO - open_meld - MariaGrazia ----> [(-1, 55, 'Jolly', 20), (7, 6, 'Cuori', 5), (8, 61, 'Cuori', 10)]
2025-10-30 21:34:31 - round.py - INFO - discard - Alessio ----> Q_Cuori_Blu
2025-10-30 21:34:31 - round.py - INFO - update_meld - MariaGrazia ----> Updated_Game_Ontology20251030_213422608103.Quadri --> 10_Quadri_Blu
2025-10-30 21:34:31 - round.py - INFO - pick_up_card - MariaGrazia ----> 8_Cuori_Blu
2025-10-30 21:34:31 - round.py - INFO - discard - MariaGrazia ----> K_Cuori_Rosso
2025-10-30 21:34:31 - round.py - INFO - discard - MariaGrazia ----> 3_Picche_Rosso
2025-10-30 21:34:31 - round.py - INFO - pick_up_card - Alessio ----> K_Cuori_Rosso
2025-10-30 21:34:31 - round.py - INFO - pick_up_card - Alessio ----> 8_Quadri_Rosso
2025-10-30 21:34:31 - round.py - INFO - open_tris - Alessio ----> [(-1, 55, 'Jolly', 20), (13, 51, 'Picche', 10), (13, 12, 'Cuori', 10)]
2025-10-30 21:34:32 - round.py - INFO - discard - MariaGrazia ----> 6_Picche_Blu
2025-10-30 21:34:32 - round.py - INFO - pick_up_discard - Alessio ----> 5_Quadri_Rosso
2025-10-30 21:34:32 - round.py - INFO - discard - Alessio ----> J_Cuori_Blu
2025-10-30 21:34:32 - round.py - INFO - pick_up_card - MariaGrazia ----> 7_Picche_Blu
2025-10-30 21:34:32 - round.py - INFO - discard - MariaGrazia ----> J_Picche_Rosso
2025-10-30 21:34:32 - round.py - INFO - pick_up_discard - Alessio ----> A_Cuori_Rosso
2025-10-30 21:34:32 - round.py - INFO - discard - MariaGrazia ----> 8_Fiori_Rosso
2025-10-30 21:34:32 - round.py - INFO - pick_up_discard - Alessio ----> A_Cuori_Blu
2025-10-30 21:34:32 - round.py - INFO - discard - Alessio ----> K_Picche_Blu
2025-10-30 21:34:32 - round.py - INFO - pick_up_discard - MariaGrazia ----> K_Picche_Blu
2025-10-30 21:34:32 - round.py - INFO - discard - Alessio ----> 8_Cuori_Rosso
2025-10-30 21:34:32 - round.py - INFO - pick_up_discard - MariaGrazia ----> 8_Cuori_Rosso
2025-10-30 21:34:32 - round.py - INFO - open_meld - Alessio ----> [(4, 96, 'Picche', 5), (5, 43, 'Picche', 5), (6, 98, 'Picche', 5)]
2025-10-30 21:34:32 - round.py - INFO - discard - Alessio ----> 7_Quadri_Blu
2025-10-30 21:34:32 - round.py - INFO - pick_up_card - MariaGrazia ----> 2_Picche_Rosso
2025-10-30 21:34:32 - round.py - INFO - discard - Alessio ----> 8_Quadri_Rosso
2025-10-30 21:34:32 - round.py - INFO - pick_up_card - MariaGrazia ----> A_Picche_Rosso
2025-10-30 21:34:32 - round.py - INFO - open_tris - MariaGrazia ----> [(8, 7, 'Cuori', 10), (8, 74, 'Quadri', 10), (8, 87, 'Fiori', 10)]
2025-10-30 21:34:32 - round.py - INFO - open_tris - MariaGrazia ----> [(-1, 1, 'Jolly', 20), (8, 87, 'Fiori', 10), (8, 7, 'Cuori', 10)]
2025-10-30 21:34:32 - round.py - INFO - open_tris - Alessio ----> [(-1, 52, 'Jolly', 30), (9, 88, 'Fiori', 10), (9, 101, 'Picche', 10)]
2025-10-30 21:34:32 - round.py - INFO - discard - MariaGrazia ----> 4_Cuori_Blu
2025-10-30 21:34:32 - round.py - INFO - pick_up_card - Alessio ----> 5_Quadri_Rosso
2025-10-30 21:34:32 - round.py - INFO - update_meld - MariaGrazia ----> Updated_Game_Ontology20251030_213421630828.Cuori --> 2_Picche_Rosso
2025-10-30 21:34:32 - round.py - INFO - update_meld - MariaGrazia ----> Updated_Game_Ontology20251030_213421630828.Cuori --> A_Cuori_Rosso
2025-10-30 21:34:32 - round.py - INFO - discard - Alessio ----> 6_Quadri_Rosso
2025-10-30 21:34:32 - round.py - INFO - pick_up_card - MariaGrazia ----> K_Quadri_Blu
2025-10-30 21:34:32 - round.py - INFO - discard - MariaGrazia ----> Q_Quadri_Rosso
2025-10-30 21:34:32 - round.py - INFO - open_meld - MariaGrazia ----> [(7, 60, 'Cuori', 5), (8, 61, 'Cuori', 10), (9, 62, 'Cuori', 10)]
2025-10-30 21:34:32 - round.py - INFO - pick_up_card - Alessio ----> 5_Quadri_Rosso
2025-10-30 21:34:32 - round.py - INFO - discard - Alessio ----> 8_Cuori_Rosso
2025-10-30 21:34:32 - round.py - INFO - pick_up_discard - MariaGrazia ----> 8_Cuori_Rosso
2025-10-30 21:34:32 - round.py - INFO - discard - Alessio ----> Q_Fiori_Blu
2025-10-30 21:34:32 - round.py - INFO - discard - MariaGrazia ----> A_Quadri_Blu
2025-10-30 21:34:32 - round.py - INFO - pick_up_discard - Alessio ----> A_Quadri_Blu
2025-10-30 21:34:32 - round.py - INFO - pick_up_discard - MariaGrazia ----> 7_Quadri_Blu
2025-10-30 21:34:32 - round.py - INFO - discard - MariaGrazia ----> 9_Picche_Rosso
2025-10-30 21:34:32 - round.py - INFO - discard - MariaGrazia ----> 9_Cuori_Blu
2025-10-30 21:34:32 - round.py - INFO - pick_up_card - Alessio ----> 10_Cuori_Rosso
2025-10-30 21:34:32 - round.py - INFO - pick_up_discard - Alessio ----> Q_Quadri_Rosso
2025-10-30 21:34:32 - round.py - INFO - discard - Alessio ----> 5_Fiori_Rosso
2025-10-30 21:34:32 - round.py - INFO - discard - Alessio ----> 9_Fiori_Blu
2025-10-30 21:34:32 - round.py - INFO - pick_up_card - MariaGrazia ----> 5_Picche_Rosso
2025-10-30 21:34:32 - round.py - INFO - pick_up_card - MariaGrazia ----> 9_Fiori_Blu
2025-10-30 21:34:32 - round.py - INFO - discard - MariaGrazia ----> 6_Cuori_Blu
2025-10-30 21:34:32 - round.py - INFO - pick_up_card - Alessio ----> J_Fiori_Blu
2025-10-30 21:34:32 - round.py - INFO - discard - MariaGrazia ----> 5_Cuori_Blu
2025-10-30 21:34:32 - round.py - INFO - pick_up_card - Alessio ----> 7_Quadri_Blu
2025-10-30 21:34:32 - round.py - INFO - discard - MariaGrazia ----> Q_Fiori_Blu
2025-10-30 21:34:32 - round.py - INFO - pick_up_card - Alessio ----> 5_Picche_Rosso
2025-10-30 21:34:32 - round.py - INFO - discard - Alessio ----> 5_Quadri_Rosso
2025-10-30 21:34:32 - round.py - INFO - pick_up_discard - MariaGrazia ----> 9_Picche_Rosso
2025-10-30 21:34:33 - round.py - INFO - open_meld - MariaGrazia ----> [(-1, 68, 'Jolly', 20), (5, 71, 'Quadri', 5), (6, 72, 'Quadri', 5)]
2025-10-30 21:34:33 - round.py - INFO - discard - Alessio ----> A_Cuori_Rosso
2025-10-30 21:34:33 - round.py - INFO - pick_up_card - MariaGrazia ----> 9_Quadri_Rosso
2025-10-30 21:34:33 - round.py - INFO - discard - MariaGrazia ----> J_Picche_Rosso
2025-10-30 21:34:33 - round.py - INFO - pick_up_card - Alessio ----> Q_Picche_Rosso
2025-10-30 21:34:33 - round.py - INFO - update_meld - MariaGrazia ----> Updated_Game_Ontology20251030_213423697655.Quadri --> 2_Picche_Blu
2025-10-30 21:34:33 - round.py - INFO - discard - Alessio ----> 4_Quadri_Rosso
2025-10-30 21:34:33 - round.py - INFO - pick_up_discard - MariaGrazia ----> 4_Quadri_Rosso
2025-10-30 21:34:33 - round.py - INFO - update_meld - MariaGrazia ----> Updated_Game_Ontology20251030_213423697655.Quadri --> 3_Quadri_Rosso
2025-10-30 21:34:33 - round.py - INFO - discard - MariaGrazia ----> 4_Cuori_Blu
2025-10-30 21:34:33 - round.py - INFO - pick_up_card - Alessio ----> 8_Cuori_Rosso
2025-10-30 21:34:33 - round.py - INFO - update_tris - Alessio ----> 7 -->7_Quadri_Blu
2025-10-30 21:34:33 - round.py - INFO - discard - Alessio ----> J_Picche_Rosso
2025-10-30 21:34:33 - round.py - INFO - pick_up_discard - MariaGrazia ----> J_Picche_Rosso
2025-10-30 21:34:33 - round.py - INFO - open_tris - MariaGrazia ----> [(-1, 55, 'Jolly', 20), (11, 103, 'Picche', 10), (11, 10, 'Cuori', 10)]
2025-10-30 21:34:33 - round.py - INFO - discard - MariaGrazia ----> 3_Quadri_Blu
2025-10-30 21:34:33 - round.py - INFO - pick_up_discard - Alessio ----> 3_Quadri_Blu
2025-10-30 21:34:33 - round.py - INFO - discard - MariaGrazia ----> 9_Fiori_Blu
2025-10-30 21:34:33 - round.py - INFO - pick_up_discard - Alessio ----> 9_Fiori_Blu
2025-10-30 21:34:33 - round.py - INFO - discard - Alessio ----> 10_Fiori_Rosso
2025-10-30 21:34:33 - round.py - INFO - pick_up_discard - MariaGrazia ----> 4_Cuori_Blu
2025-10-30 21:34:33 - round.py - INFO - discard - Alessio ----> 5_Picche_Rosso
2025-10-30 21:34:33 - round.py - INFO - pick_up_discard - MariaGrazia ----> 5_Picche_Rosso
2025-10-30 21:34:33 - round.py - INFO - open_tris - Alessio ----> [(11, 49, 'Picche', 10), (11, 64, 'Cuori', 10), (11, 90, 'Fiori', 10)]
2025-10-30 21:34:33 - round.py - INFO - discard - MariaGrazia ----> J_Quadri_Blu
2025-10-30 21:34:33 - round.py - INFO - pick_up_card - Alessio ----> 2_Cuori_Blu
2025-10-30 21:34:33 - round.py - INFO - discard - Alessio ----> A_Cuori_Rosso
2025-10-30 21:34:33 - round.py - INFO - discard - Alessio ----> 4_Fiori_Rosso
2025-10-30 21:34:33 - round.py - INFO - pick_up_card - MariaGrazia ----> A_Picche_Rosso
2025-10-30 21:34:33 - round.py - INFO - pick_up_discard - MariaGrazia ----> 6_Quadri_Rosso
2025-10-30 21:34:33 - round.py - INFO - discard - Alessio ----> Q_Fiori_Rosso
2025-10-30 21:34:33 - round.py - INFO - pick_up_discard - MariaGrazia ----> 5_Fiori_Rosso
2025-10-30 21:34:33 - round.py - INFO - discard - MariaGrazia ----> A_Picche_Rosso
2025-10-30 21:34:33 - round.py - INFO - pick_up_discard - Alessio ----> J_Quadri_Blu
2025-10-30 21:34:33 - round.py - INFO - discard - MariaGrazia ----> 6_Cuori_Blu
2025-10-30 21:34:33 - round.py - INFO - pick_up_discard - Alessio ----> 6_Cuori_Blu
2025-10-30 21:34:33 - round.py - INFO - discard - Alessio ----> 5_Quadri_Rosso
2025-10-30 21:34:33 - round.py - INFO - pick_up_discard - MariaGrazia ----> 4_Cuori_Blu
2025-10-30 21:34:33 - round.py - INFO - discard - MariaGrazia ----> 5_Cuori_Rosso
2025-10-30 21:34:33 - round.py - INFO - pick_up_card - Alessio ----> 2_Fiori_Rosso
2025-10-30 21:34:33 - round.py - INFO - discard - Alessio ----> Q_Cuori_Blu
2025-10-30 21:34:33 - round.py - INFO - discard - MariaGrazia ----> Q_Fiori_Blu
2025-10-30 21:34:33 - round.py - INFO - pick_up_discard - MariaGrazia ----> Q_Cuori_Blu
2025-10-30 21:34:33 - round.py - INFO - pick_up_discard - Alessio ----> Q_Fiori_Blu
2025-10-30 21:34:33 - round.py - INFO - discard - Alessio ----> 6_Cuori_Blu
2025-10-30 21:34:33 - round.py - INFO - pick_up_discard - MariaGrazia ----> 6_Cuori_Blu
2025-10-30 21:34:33 - round.py - INFO - discard - MariaGrazia ----> Q_Fiori_Blu
2025-10-30 21:34:33 - round.py - INFO - pick_up_card - Alessio ----> 7_Quadri_Blu
2025-10-30 21:34:33 - round.py - INFO - update_meld - MariaGrazia ----> Updated_Game_Ontology20251030_213417225049.Quadri --> 5_Quadri_Rosso
2025-10-30 21:34:33 - round.py - INFO - discard - MariaGrazia ----> 6_Cuori_Blu
2025-10-30 21:34:33 - round.py - INFO - pick_up_card - Alessio ----> 5_Fiori_Rosso
2025-10-30 21:34:33 - round.py - INFO - discard - Alessio ----> 5_Quadri_Rosso
2025-10-30 21:34:33 - round.py - INFO - pick_up_card - MariaGrazia ----> K_Picche_Blu
2025-10-30 21:34:33 - round.py - INFO - discard - MariaGrazia ----> Q_Cuori_Blu
2025-10-30 21:34:33 - round.py - INFO - pick_up_card - Alessio ----> A_Fiori_Rosso
2025-10-30 21:34:33 - round.py - INFO - discard - MariaGrazia ----> K_Fiori_Blu
2025-10-30 21:34:33 - round.py - INFO - open_tris - Alessio ----> [(-1, 55, 'Jolly', 20), (1, 39, 'Picche', 15), (1, 0, 'Cuori', 15)]
2025-10-30 21:34:33 - round.py - INFO - pick_up_discard - Alessio ----> K_Fiori_Blu
2025-10-30 21:34:33 - round.py - INFO - discard - Alessio ----> 6_Quadri_Rosso
2025-10-30 21:34:33 - round.py - INFO - pick_up_card - MariaGrazia ----> A_Picche_Blu
2025-10-30 21:34:33 - round.py - INFO - discard - Alessio ----> 5_Fiori_Rosso
2025-10-30 21:34:33 - round.py - INFO - pick_up_card - MariaGrazia ----> Q_Fiori_Rosso
2025-10-30 21:34:34 - round.py - INFO - discard - MariaGrazia ----> 5_Picche_Rosso
2025-10-30 21:34:34 - round.py - INFO - discard - MariaGrazia ----> 10_Fiori_Rosso
2025-10-30 21:34:34 - round.py - INFO - pick_up_card - Alessio ----> 10_Picche_Blu
2025-10-30 21:34:34 - round.py - INFO - pick_up_card - Alessio ----> 4_Fiori_Blu
2025-10-30 21:34:34 - round.py - INFO - discard - Alessio ----> Q_Fiori_Rosso
2025-10-30 21:34:34 - round.py - INFO - pick_up_discard - MariaGrazia ----> 6_Quadri_Rosso
2025-10-30 21:34:34 - round.py - INFO - update_tris - Alessio ----> 10 -->10_Picche_Blu
2025-10-30 21:34:34 - round.py - INFO - discard - MariaGrazia ----> K_Quadri_Blu
2025-10-30 21:34:34 - round.py - INFO - pick_up_discard - Alessio ----> K_Quadri_Blu
2025-10-30 21:34:34 - round.py - INFO - discard - MariaGrazia ----> 4_Cuori_Blu
2025-10-30 21:34:34 - round.py - INFO - pick_up_card - Alessio ----> 10_Fiori_Rosso
2025-10-30 21:34:34 - round.py - INFO - discard - Alessio ----> K_Cuori_Rosso
2025-10-30 21:34:34 - round.py - INFO - pick_up_discard - MariaGrazia ----> 6_Cuori_Blu
2025-10-30 21:34:34 - round.py - INFO - discard - MariaGrazia ----> J_Cuori_Blu
2025-10-30 21:34:34 - round.py - INFO - pick_up_discard - Alessio ----> Q_Fiori_Blu
2025-10-30 21:34:34 - round.py - INFO - discard - Alessio ----> A_Fiori_Rosso
2025-10-30 21:34:34 - round.py - INFO - pick_up_discard - MariaGrazia ----> Q_Cuori_Blu
2025-10-30 21:34:34 - round.py - INFO - discard - Alessio ----> 8_Cuori_Rosso
2025-10-30 21:34:34 - round.py - INFO - pick_up_card - MariaGrazia ----> A_Cuori_Rosso
2025-10-30 21:34:34 - round.py - INFO - discard - MariaGrazia ----> 7_Picche_Rosso
2025-10-30 21:34:34 - round.py - INFO - pick_up_discard - Alessio ----> 3_Picche_Rosso
2025-10-30 21:34:34 - round.py - INFO - update_meld - Alessio ----> Updated_Game_Ontology20251030_213417560504.Quadri --> 2_Fiori_Rosso
2025-10-30 21:34:34 - round.py - INFO - update_tris - Alessio ----> 13 -->K_Fiori_Blu
2025-10-30 21:34:34 - round.py - INFO - open_tris - MariaGrazia ----> [(1, 0, 'Cuori', 15), (1, 93, 'Picche', 15), (1, 54, 'Cuori', 15)]
2025-10-30 21:34:34 - round.py - INFO - discard - MariaGrazia ----> Q_Cuori_Blu
2025-10-30 21:34:34 - round.py - INFO - update_tris - Alessio ----> 13 -->K_Quadri_Blu
2025-10-30 21:34:34 - round.py - INFO - discard - Alessio ----> 10_Cuori_Rosso
2025-10-30 21:34:34 - round.py - INFO - pick_up_card - Alessio ----> 6_Quadri_Rosso
2025-10-30 21:34:34 - round.py - INFO - pick_up_card - MariaGrazia ----> K_Quadri_Blu
2025-10-30 21:34:34 - round.py - INFO - discard - MariaGrazia ----> 5_Fiori_Rosso
2025-10-30 21:34:34 - round.py - INFO - pick_up_card - Alessio ----> 2_Picche_Blu
2025-10-30 21:34:34 - round.py - INFO - discard - Alessio ----> J_Quadri_Blu
2025-10-30 21:34:34 - round.py - INFO - pick_up_discard - MariaGrazia ----> 4_Cuori_Blu
2025-10-30 21:34:34 - round.py - INFO - discard - MariaGrazia ----> A_Fiori_Rosso
2025-10-30 21:34:34 - round.py - INFO - pick_up_card - Alessio ----> 6_Picche_Blu
2025-10-30 21:34:34 - round.py - INFO - update_tris - Alessio ----> 11 -->2_Picche_Blu
2025-10-30 21:34:34 - round.py - INFO - discard - Alessio ----> 5_Picche_Rosso
2025-10-30 21:34:34 - round.py - INFO - pick_up_discard - MariaGrazia ----> 5_Fiori_Rosso
2025-10-30 21:34:34 - round.py - INFO - discard - MariaGrazia ----> J_Quadri_Blu
2025-10-30 21:34:34 - round.py - INFO - pick_up_discard - Alessio ----> J_Quadri_Blu
2025-10-30 21:34:34 - round.py - INFO - discard - Alessio ----> Q_Picche_Rosso
2025-10-30 21:34:34 - round.py - INFO - pick_up_card - MariaGrazia ----> 5_Cuori_Blu
2025-10-30 21:34:34 - round.py - INFO - discard - Alessio ----> 6_Quadri_Rosso
2025-10-30 21:34:34 - round.py - INFO - pick_up_discard - MariaGrazia ----> 6_Quadri_Rosso
2025-10-30 21:34:34 - round.py - INFO - update_tris - MariaGrazia ----> 5 -->5_Cuori_Blu
2025-10-30 21:34:34 - round.py - INFO - discard - Alessio ----> J_Picche_Blu
2025-10-30 21:34:34 - round.py - INFO - pick_up_discard - MariaGrazia ----> 5_Cuori_Rosso
2025-10-30 21:34:34 - round.py - INFO - discard - MariaGrazia ----> 4_Cuori_Blu
2025-10-30 21:34:34 - round.py - INFO - pick_up_card - Alessio ----> A_Quadri_Rosso
2025-10-30 21:34:34 - round.py - INFO - discard - MariaGrazia ----> Q_Quadri_Rosso
2025-10-30 21:34:34 - round.py - INFO - pick_up_discard - Alessio ----> 10_Cuori_Rosso
2025-10-30 21:34:34 - round.py - INFO - discard - MariaGrazia ----> 6_Quadri_Rosso
2025-10-30 21:34:34 - round.py - INFO - pick_up_discard - Alessio ----> 6_Quadri_Rosso
2025-10-30 21:34:34 - round.py - INFO - discard - Alessio ----> 6_Quadri_Rosso
2025-10-30 21:34:34 - round.py - INFO - pick_up_card - MariaGrazia ----> Q_Fiori_Rosso
2025-10-30 21:34:34 - round.py - INFO - discard - MariaGrazia ----> 5_Picche_Rosso
2025-10-30 21:34:34 - round.py - INFO - pick_up_discard - Alessio ----> 5_Picche_Rosso
2025-10-30 21:34:35 - round.py - INFO - discard - Alessio ----> 6_Quadri_Rosso
2025-10-30 21:34:35 - round.py - INFO - pick_up_card - MariaGrazia ----> 6_Quadri_Rosso
2025-10-30 21:34:35 - round.py - INFO - discard - Alessio ----> K_Cuori_Rosso
2025-10-30 21:34:35 - round.py - INFO - pick_up_card - MariaGrazia ----> 2_Cuori_Rosso
2025-10-30 21:34:35 - round.py - INFO - discard - Alessio ----> J_Cuori_Blu
2025-10-30 21:34:35 - round.py - INFO - pick_up_card - MariaGrazia ----> 4_Picche_Rosso
2025-10-30 21:34:35 - round.py - INFO - discard - Alessio ----> 9_Picche_Blu
2025-10-30 21:34:35 - round.py - INFO - pick_up_card - MariaGrazia ----> 4_Cuori_Blu
2025-10-30 21:34:35 - round.py - INFO - discard - Alessio ----> A_Picche_Rosso
2025-10-30 21:34:35 - round.py - INFO - pick_up_card - MariaGrazia ----> 10_Picche_Blu
2025-10-30 21:34:35 - round.py - INFO - discard - MariaGrazia ----> 6_Quadri_Rosso
2025-10-30 21:34:35 - round.py - INFO - pick_up_card - Alessio ----> 7_Cuori_Blu
2025-10-30 21:34:35 - round.py - INFO - discard - MariaGrazia ----> 4_Cuori_Blu
2025-10-30 21:34:35 - round.py - INFO - pick_up_card - Alessio ----> 8_Quadri_Rosso
2025-10-30 21:34:35 - round.py - INFO - update_tris - MariaGrazia ----> 3 -->2_Cuori_Rosso
2025-10-30 21:34:35 - round.py - INFO - discard - MariaGrazia ----> J_Picche_Blu
2025-10-30 21:34:35 - round.py - INFO - pick_up_card - Alessio ----> 4_Quadri_Blu
2025-10-30 21:34:35 - round.py - INFO - discard - MariaGrazia ----> K_Quadri_Blu
2025-10-30 21:34:35 - round.py - INFO - pick_up_card - Alessio ----> 8_Quadri_Rosso
2025-10-30 21:34:35 - round.py - INFO - discard - MariaGrazia ----> 5_Picche_Rosso
2025-10-30 21:34:35 - round.py - INFO - pick_up_card - Alessio ----> 3_Cuori_Blu
2025-10-30 21:34:35 - round.py - INFO - discard - Alessio ----> 5_Picche_Rosso
2025-10-30 21:34:35 - round.py - INFO - discard - Alessio ----> Q_Picche_Rosso
2025-10-30 21:34:35 - round.py - INFO - open_meld - Alessio ----> [(7, 60, 'Cuori', 5), (8, 7, 'Cuori', 10), (9, 62, 'Cuori', 10)]
2025-10-30 21:34:35 - round.py - INFO - pick_up_discard - MariaGrazia ----> K_Cuori_Rosso
2025-10-30 21:34:35 - round.py - INFO - pick_up_discard - MariaGrazia ----> Q_Picche_Rosso
2025-10-30 21:34:35 - round.py - INFO - discard - Alessio ----> 3_Quadri_Blu
2025-10-30 21:34:35 - round.py - INFO - pick_up_discard - MariaGrazia ----> A_Fiori_Rosso
2025-10-30 21:34:35 - round.py - INFO - discard - Alessio ----> 8_Quadri_Rosso
2025-10-30 21:34:35 - round.py - INFO - pick_up_discard - MariaGrazia ----> J_Cuori_Blu
2025-10-30 21:34:35 - round.py - INFO - discard - Alessio ----> 6_Fiori_Rosso
2025-10-30 21:34:35 - round.py - INFO - pick_up_discard - MariaGrazia ----> J_Picche_Blu
2025-10-30 21:34:36 - round.py - INFO - discard - MariaGrazia ----> 9_Quadri_Rosso
2025-10-30 21:34:36 - round.py - INFO - pick_up_discard - Alessio ----> 9_Quadri_Rosso
2025-10-30 21:34:36 - round.py - INFO - open_meld - Alessio ----> [(8, 20, 'Quadri', 10), (9, 21, 'Quadri', 10), (10, 22, 'Quadri', 10)]
2025-10-30 21:34:36 - round.py - INFO - update_meld - Alessio ----> Updated_Game_Ontology20251030_213417225049.Quadri --> 7_Quadri_Blu
2025-10-30 21:34:36 - round.py - INFO - discard - Alessio ----> 9_Picche_Blu
2025-10-30 21:34:36 - round.py - INFO - pick_up_card - MariaGrazia ----> K_Picche_Blu
2025-10-30 21:34:36 - round.py - INFO - discard - MariaGrazia ----> 8_Quadri_Rosso
2025-10-30 21:34:36 - round.py - INFO - pick_up_card - Alessio ----> 10_Fiori_Blu
2025-10-30 21:34:36 - round.py - INFO - discard - MariaGrazia ----> K_Picche_Blu
2025-10-30 21:34:36 - round.py - INFO - pick_up_discard - Alessio ----> K_Picche_Blu
2025-10-30 21:34:36 - round.py - INFO - open_meld - MariaGrazia ----> [(11, 49, 'Picche', 10), (12, 50, 'Picche', 10), (13, 105, 'Picche', 10)]
2025-10-30 21:34:36 - round.py - INFO - discard - Alessio ----> 7_Quadri_Blu
2025-10-30 21:34:36 - round.py - INFO - pick_up_discard - MariaGrazia ----> 8_Quadri_Rosso
2025-10-30 21:34:36 - round.py - INFO - discard - MariaGrazia ----> Q_Picche_Rosso
2025-10-30 21:34:36 - round.py - INFO - pick_up_discard - Alessio ----> 9_Picche_Blu
2025-10-30 21:34:37 - round.py - INFO - discard - Alessio ----> A_Quadri_Rosso
2025-10-30 21:34:37 - round.py - INFO - pick_up_discard - MariaGrazia ----> A_Quadri_Rosso
2025-10-30 21:34:37 - round.py - INFO - discard - Alessio ----> K_Picche_Blu
2025-10-30 21:34:37 - round.py - INFO - pick_up_discard - MariaGrazia ----> K_Picche_Blu
2025-10-30 21:34:37 - round.py - INFO - update_meld - MariaGrazia ----> Updated_Game_Ontology20251030_213417225049.Quadri --> A_Quadri_Rosso
2025-10-30 21:34:37 - round.py - INFO - discard - MariaGrazia ----> 4_Cuori_Blu
2025-10-30 21:34:37 - round.py - INFO - pick_up_discard - Alessio ----> 4_Cuori_Blu
2025-10-30 21:34:37 - round.py - INFO - discard - Alessio ----> 10_Fiori_Blu
2025-10-30 21:34:37 - round.py - INFO - pick_up_discard - MariaGrazia ----> 10_Fiori_Blu
2025-10-30 21:34:37 - round.py - INFO - discard - MariaGrazia ----> A_Cuori_Rosso
2025-10-30 21:34:37 - round.py - INFO - pick_up_discard - Alessio ----> A_Cuori_Rosso
2025-10-30 21:34:37 - round.py - INFO - discard - Alessio ----> 10_Fiori_Blu
2025-10-30 21:34:37 - round.py - INFO - pick_up_card - MariaGrazia ----> 2_Cuori_Blu
2025-10-30 21:34:37 - round.py - INFO - update_meld - MariaGrazia ----> Updated_Game_Ontology20251030_213417225049.Quadri --> 2_Cuori_Blu
2025-10-30 21:34:37 - round.py - INFO - discard - MariaGrazia ----> Q_Quadri_Blu
2025-10-30 21:34:37 - round.py - INFO - pick_up_card - Alessio ----> 3_Cuori_Blu
2025-10-30 21:34:37 - round.py - INFO - discard - Alessio ----> Q_Picche_Rosso
2025-10-30 21:34:37 - round.py - INFO - pick_up_card - MariaGrazia ----> A_Fiori_Blu
2025-10-30 21:34:37 - round.py - INFO - discard - MariaGrazia ----> 10_Fiori_Blu
2025-10-30 21:34:37 - round.py - INFO - pick_up_discard - Alessio ----> 10_Fiori_Blu
2025-10-30 21:34:37 - round.py - INFO - discard - MariaGrazia ----> K_Picche_Blu
2025-10-30 21:34:37 - round.py - INFO - pick_up_card - Alessio ----> 9_Cuori_Rosso
2025-10-30 21:34:37 - round.py - INFO - discard - Alessio ----> A_Cuori_Rosso
2025-10-30 21:34:37 - round.py - INFO - pick_up_discard - MariaGrazia ----> A_Cuori_Rosso
2025-10-30 21:34:37 - round.py - INFO - discard - MariaGrazia ----> A_Fiori_Blu
2025-10-30 21:34:38 - round.py - INFO - pick_up_discard - Alessio ----> A_Fiori_Blu
2025-10-30 21:34:38 - round.py - INFO - update_tris - Alessio ----> 9 -->9_Cuori_Rosso
2025-10-30 21:34:38 - round.py - INFO - discard - Alessio ----> Q_Quadri_Blu
2025-10-30 21:34:38 - round.py - INFO - pick_up_card - MariaGrazia ----> J_Fiori_Blu
2025-10-30 21:34:38 - round.py - INFO - discard - MariaGrazia ----> 4_Cuori_Blu
2025-10-30 21:34:38 - round.py - INFO - pick_up_card - Alessio ----> 6_Fiori_Blu
2025-10-30 21:34:38 - round.py - INFO - discard - Alessio ----> 4_Cuori_Blu
2025-10-30 21:34:38 - round.py - INFO - pick_up_discard - MariaGrazia ----> Q_Quadri_Blu
2025-10-30 21:34:38 - round.py - INFO - discard - MariaGrazia ----> 9_Picche_Blu
2025-10-30 21:34:38 - round.py - INFO - pick_up_discard - Alessio ----> 9_Picche_Blu
2025-10-30 21:34:39 - round.py - INFO - discard - Alessio ----> 10_Fiori_Blu
2025-10-30 21:34:39 - round.py - INFO - pick_up_card - MariaGrazia ----> 10_Cuori_Blu
