2025-10-24 21:47:12 - logger.py - INFO - _initialize - Logger inizializzato. File di log: logs\partita_20251024_2147.log
2025-10-24 21:47:12 - round.py - INFO - pick_up_card - Alessio --> [pick_up_card] --> Updated_Game_Ontology.J_Picche_Rosso
2025-10-24 21:47:13 - round.py - INFO - open_tris - Alessio --> [Apro Tris] --> [(-1, 55, 'Jolly', 20), (11, 49, 'Picche', 10), (11, 77, 'Quadri', 10)]
2025-10-24 21:47:13 - round.py - INFO - open_meld - Alessio --> [Apro Scala] --> [(-1, 81, 'Jolly', 20), (9, 47, 'Picche', 10), (11, 49, 'Picche', 10)]
2025-10-24 21:47:13 - round.py - INFO - open_meld - Alessio --> [Apro Scala] --> [(-1, 107, 'Jolly', 30), (3, 2, 'Cuori', 5), (4, 57, 'Cuori', 5)]
2025-10-24 21:47:13 - round.py - INFO - discard - Alessio --> [Scarto] --> Updated_Game_Ontology.A_Fiori_Blu
2025-10-24 21:47:13 - round.py - INFO - pick_up_card - MariaGrazia --> [pick_up_card] --> Updated_Game_Ontology.Q_Cuori_Rosso
2025-10-24 21:47:14 - round.py - INFO - open_tris - MariaGrazia --> [Apro Tris] --> [(7, 6, 'Cuori', 5), (7, 60, 'Cuori', 5), (7, 45, 'Picche', 5)]
2025-10-24 21:47:14 - round.py - INFO - discard - MariaGrazia --> [Scarto] --> Updated_Game_Ontology.4_Fiori_Rosso
2025-10-24 21:47:14 - round.py - INFO - pick_up_card - Alessio --> [pick_up_card] --> Updated_Game_Ontology.2_Cuori_Blu
2025-10-24 21:47:14 - round.py - INFO - discard - Alessio --> [Scarto] --> Updated_Game_Ontology.9_Picche_Blu
2025-10-24 21:47:14 - round.py - INFO - pick_up_card - MariaGrazia --> [pick_up_card] --> Updated_Game_Ontology.9_Picche_Blu
2025-10-24 21:47:14 - round.py - INFO - open_tris - MariaGrazia --> [Apro Tris] --> [(9, 101, 'Picche', 10), (9, 75, 'Quadri', 10), (9, 8, 'Cuori', 10)]
2025-10-24 21:47:14 - round.py - INFO - discard - MariaGrazia --> [Scarto] --> Updated_Game_Ontology.10_Picche_Rosso
2025-10-24 21:47:14 - round.py - INFO - pick_up_card - Alessio --> [pick_up_card] --> Updated_Game_Ontology.J_Quadri_Blu
2025-10-24 21:47:14 - round.py - INFO - discard - Alessio --> [Scarto] --> Updated_Game_Ontology.J_Quadri_Blu
2025-10-24 21:47:14 - round.py - INFO - pick_up_discard - MariaGrazia --> [pick_up_discard] --> Updated_Game_Ontology.6_Picche_Rosso
2025-10-24 21:47:15 - round.py - INFO - discard - MariaGrazia --> [Scarto] --> Updated_Game_Ontology.A_Fiori_Blu
2025-10-24 21:47:15 - round.py - INFO - pick_up_discard - Alessio --> [pick_up_discard] --> Updated_Game_Ontology.A_Fiori_Blu
2025-10-24 21:47:15 - round.py - INFO - discard - Alessio --> [Scarto] --> Updated_Game_Ontology.A_Fiori_Blu
2025-10-24 21:47:15 - round.py - INFO - pick_up_discard - MariaGrazia --> [pick_up_discard] --> Updated_Game_Ontology.A_Fiori_Blu
2025-10-24 21:47:15 - round.py - INFO - discard - MariaGrazia --> [Scarto] --> Updated_Game_Ontology.4_Fiori_Rosso
2025-10-24 21:47:15 - round.py - INFO - pick_up_discard - Alessio --> [pick_up_discard] --> Updated_Game_Ontology.4_Fiori_Rosso
2025-10-24 21:47:15 - round.py - INFO - discard - Alessio --> [Scarto] --> Updated_Game_Ontology.2_Cuori_Blu
2025-10-24 21:47:15 - round.py - INFO - pick_up_discard - MariaGrazia --> [pick_up_discard] --> Updated_Game_Ontology.2_Cuori_Blu
2025-10-24 21:47:15 - round.py - INFO - discard - MariaGrazia --> [Scarto] --> Updated_Game_Ontology.6_Picche_Rosso
2025-10-24 21:47:15 - round.py - INFO - pick_up_card - Alessio --> [pick_up_card] --> Updated_Game_Ontology.9_Picche_Rosso
2025-10-24 21:47:15 - round.py - INFO - discard - Alessio --> [Scarto] --> Updated_Game_Ontology.Q_Cuori_Rosso
2025-10-24 21:47:15 - round.py - INFO - pick_up_discard - MariaGrazia --> [pick_up_discard] --> Updated_Game_Ontology.6_Picche_Rosso
2025-10-24 21:47:16 - round.py - INFO - discard - MariaGrazia --> [Scarto] --> Updated_Game_Ontology.A_Fiori_Rosso
2025-10-24 21:47:16 - round.py - INFO - pick_up_discard - Alessio --> [pick_up_discard] --> Updated_Game_Ontology.A_Fiori_Rosso
2025-10-24 21:47:16 - round.py - INFO - discard - Alessio --> [Scarto] --> Updated_Game_Ontology.4_Fiori_Rosso
2025-10-24 21:47:16 - round.py - INFO - pick_up_discard - MariaGrazia --> [pick_up_discard] --> Updated_Game_Ontology.4_Fiori_Rosso
2025-10-24 21:47:16 - round.py - INFO - discard - MariaGrazia --> [Scarto] --> Updated_Game_Ontology.5_Cuori_Blu
2025-10-24 21:47:16 - round.py - INFO - pick_up_card - Alessio --> [pick_up_card] --> Updated_Game_Ontology.4_Cuori_Blu
2025-10-24 21:47:16 - round.py - INFO - discard - Alessio --> [Scarto] --> Updated_Game_Ontology.4_Cuori_Blu
2025-10-24 21:47:16 - round.py - INFO - pick_up_card - MariaGrazia --> [pick_up_card] --> Updated_Game_Ontology.2_Fiori_Blu
2025-10-24 21:47:16 - round.py - INFO - discard - MariaGrazia --> [Scarto] --> Updated_Game_Ontology.4_Fiori_Rosso
2025-10-24 21:47:16 - round.py - INFO - pick_up_discard - Alessio --> [pick_up_discard] --> Updated_Game_Ontology.5_Cuori_Blu
2025-10-24 21:47:16 - round.py - INFO - discard - Alessio --> [Scarto] --> Updated_Game_Ontology.4_Fiori_Rosso
2025-10-24 21:47:16 - round.py - INFO - pick_up_discard - MariaGrazia --> [pick_up_discard] --> Updated_Game_Ontology.4_Fiori_Rosso
2025-10-24 21:47:16 - round.py - INFO - discard - MariaGrazia --> [Scarto] --> Updated_Game_Ontology.A_Fiori_Blu
2025-10-24 21:47:16 - round.py - INFO - pick_up_discard - Alessio --> [pick_up_discard] --> Updated_Game_Ontology.A_Fiori_Blu
2025-10-24 21:47:16 - round.py - INFO - discard - Alessio --> [Scarto] --> Updated_Game_Ontology.4_Cuori_Blu
2025-10-24 21:47:16 - round.py - INFO - pick_up_discard - MariaGrazia --> [pick_up_discard] --> Updated_Game_Ontology.4_Cuori_Blu
2025-10-24 21:47:16 - round.py - INFO - discard - MariaGrazia --> [Scarto] --> Updated_Game_Ontology.4_Fiori_Rosso
2025-10-24 21:47:16 - round.py - INFO - pick_up_card - Alessio --> [pick_up_card] --> Updated_Game_Ontology.3_Cuori_Rosso
2025-10-24 21:47:16 - round.py - INFO - discard - Alessio --> [Scarto] --> Updated_Game_Ontology.A_Fiori_Rosso
2025-10-24 21:47:16 - round.py - INFO - pick_up_card - MariaGrazia --> [pick_up_card] --> Updated_Game_Ontology.A_Fiori_Blu
2025-10-24 21:47:16 - round.py - INFO - discard - MariaGrazia --> [Scarto] --> Updated_Game_Ontology.6_Picche_Rosso
2025-10-24 21:47:16 - round.py - INFO - pick_up_card - Alessio --> [pick_up_card] --> Updated_Game_Ontology.Jolly_Jolly_R_Blu
2025-10-24 21:47:16 - round.py - INFO - discard - Alessio --> [Scarto] --> Updated_Game_Ontology.Jolly_Jolly_R_Blu
2025-10-24 21:47:16 - round.py - INFO - pick_up_discard - MariaGrazia --> [pick_up_discard] --> Updated_Game_Ontology.4_Fiori_Rosso
2025-10-24 21:47:17 - round.py - INFO - open_tris - MariaGrazia --> [Apro Tris] --> [(-1, 107, 'Jolly', 30), (1, 26, 'Fiori', 15), (1, 80, 'Fiori', 15)]
2025-10-24 21:47:17 - round.py - INFO - discard - MariaGrazia --> [Scarto] --> Updated_Game_Ontology.J_Quadri_Blu
2025-10-24 21:47:17 - round.py - INFO - pick_up_card - Alessio --> [pick_up_card] --> Updated_Game_Ontology.7_Cuori_Rosso
2025-10-24 21:47:17 - round.py - INFO - discard - Alessio --> [Scarto] --> Updated_Game_Ontology.3_Cuori_Rosso
2025-10-24 21:47:17 - round.py - INFO - pick_up_card - MariaGrazia --> [pick_up_card] --> Updated_Game_Ontology.9_Cuori_Rosso
2025-10-24 21:47:17 - round.py - INFO - discard - MariaGrazia --> [Scarto] --> Updated_Game_Ontology.4_Fiori_Rosso
2025-10-24 21:47:17 - round.py - INFO - pick_up_card - Alessio --> [pick_up_card] --> Updated_Game_Ontology.5_Cuori_Blu
2025-10-24 21:47:17 - round.py - INFO - discard - Alessio --> [Scarto] --> Updated_Game_Ontology.7_Cuori_Rosso
2025-10-24 21:47:17 - round.py - INFO - pick_up_discard - MariaGrazia --> [pick_up_discard] --> Updated_Game_Ontology.J_Quadri_Blu
2025-10-24 21:47:17 - round.py - INFO - discard - MariaGrazia --> [Scarto] --> Updated_Game_Ontology.4_Cuori_Blu
2025-10-24 21:47:17 - round.py - INFO - pick_up_card - Alessio --> [pick_up_card] --> Updated_Game_Ontology.A_Fiori_Rosso
2025-10-24 21:47:18 - round.py - INFO - discard - Alessio --> [Scarto] --> Updated_Game_Ontology.A_Fiori_Rosso
2025-10-24 21:47:18 - round.py - INFO - pick_up_discard - MariaGrazia --> [pick_up_discard] --> Updated_Game_Ontology.4_Cuori_Blu
2025-10-24 21:47:18 - round.py - INFO - discard - MariaGrazia --> [Scarto] --> Updated_Game_Ontology.10_Picche_Rosso
2025-10-24 21:47:18 - round.py - INFO - pick_up_discard - Alessio --> [pick_up_discard] --> Updated_Game_Ontology.10_Picche_Rosso
2025-10-24 21:47:18 - round.py - INFO - discard - Alessio --> [Scarto] --> Updated_Game_Ontology.9_Picche_Rosso
2025-10-24 21:47:18 - round.py - INFO - pick_up_discard - MariaGrazia --> [pick_up_discard] --> Updated_Game_Ontology.9_Picche_Rosso
2025-10-24 21:47:18 - round.py - INFO - discard - MariaGrazia --> [Scarto] --> Updated_Game_Ontology.3_Cuori_Rosso
2025-10-24 21:47:18 - round.py - INFO - pick_up_discard - Alessio --> [pick_up_discard] --> Updated_Game_Ontology.3_Cuori_Rosso
2025-10-24 21:47:18 - round.py - INFO - discard - Alessio --> [Scarto] --> Updated_Game_Ontology.3_Cuori_Rosso
2025-10-24 21:47:18 - round.py - INFO - pick_up_discard - MariaGrazia --> [pick_up_discard] --> Updated_Game_Ontology.3_Cuori_Rosso
2025-10-24 21:47:18 - round.py - INFO - discard - MariaGrazia --> [Scarto] --> Updated_Game_Ontology.3_Cuori_Rosso
2025-10-24 21:47:18 - round.py - INFO - pick_up_discard - Alessio --> [pick_up_discard] --> Updated_Game_Ontology.3_Cuori_Rosso
2025-10-24 21:47:18 - round.py - INFO - discard - Alessio --> [Scarto] --> Updated_Game_Ontology.A_Fiori_Blu
2025-10-24 21:47:18 - round.py - INFO - pick_up_discard - MariaGrazia --> [pick_up_discard] --> Updated_Game_Ontology.A_Fiori_Blu
2025-10-24 21:47:18 - round.py - INFO - discard - MariaGrazia --> [Scarto] --> Updated_Game_Ontology.6_Picche_Rosso
2025-10-24 21:47:18 - round.py - INFO - pick_up_discard - Alessio --> [pick_up_discard] --> Updated_Game_Ontology.6_Picche_Rosso
2025-10-24 21:47:19 - round.py - INFO - discard - Alessio --> [Scarto] --> Updated_Game_Ontology.5_Cuori_Blu
2025-10-24 21:47:19 - round.py - INFO - pick_up_discard - MariaGrazia --> [pick_up_discard] --> Updated_Game_Ontology.5_Cuori_Blu
2025-10-24 21:47:19 - round.py - INFO - discard - MariaGrazia --> [Scarto] --> Updated_Game_Ontology.Q_Cuori_Rosso
2025-10-24 21:47:19 - round.py - INFO - pick_up_discard - Alessio --> [pick_up_discard] --> Updated_Game_Ontology.Q_Cuori_Rosso
2025-10-24 21:47:19 - round.py - INFO - discard - Alessio --> [Scarto] --> Updated_Game_Ontology.Q_Cuori_Rosso
2025-10-24 21:47:19 - round.py - INFO - pick_up_discard - MariaGrazia --> [pick_up_discard] --> Updated_Game_Ontology.Q_Cuori_Rosso
2025-10-24 21:47:19 - round.py - INFO - discard - MariaGrazia --> [Scarto] --> Updated_Game_Ontology.Q_Cuori_Rosso
2025-10-24 21:47:19 - round.py - INFO - pick_up_discard - Alessio --> [pick_up_discard] --> Updated_Game_Ontology.Q_Cuori_Rosso
2025-10-24 21:47:19 - round.py - INFO - discard - Alessio --> [Scarto] --> Updated_Game_Ontology.Q_Cuori_Rosso
2025-10-24 21:47:19 - round.py - INFO - pick_up_discard - MariaGrazia --> [pick_up_discard] --> Updated_Game_Ontology.Q_Cuori_Rosso
2025-10-24 21:47:19 - round.py - INFO - discard - MariaGrazia --> [Scarto] --> Updated_Game_Ontology.5_Cuori_Blu
2025-10-24 21:47:19 - round.py - INFO - pick_up_discard - Alessio --> [pick_up_discard] --> Updated_Game_Ontology.5_Cuori_Blu
2025-10-24 21:47:19 - round.py - INFO - discard - Alessio --> [Scarto] --> Updated_Game_Ontology.3_Cuori_Rosso
2025-10-24 21:47:19 - round.py - INFO - pick_up_card - MariaGrazia --> [pick_up_card] --> Updated_Game_Ontology.7_Picche_Rosso
2025-10-24 21:47:19 - round.py - INFO - discard - MariaGrazia --> [Scarto] --> Updated_Game_Ontology.4_Fiori_Rosso
2025-10-24 21:47:19 - round.py - INFO - pick_up_discard - Alessio --> [pick_up_discard] --> Updated_Game_Ontology.3_Cuori_Rosso
2025-10-24 21:47:19 - round.py - INFO - discard - Alessio --> [Scarto] --> Updated_Game_Ontology.3_Cuori_Rosso
2025-10-24 21:47:19 - round.py - INFO - pick_up_discard - MariaGrazia --> [pick_up_discard] --> Updated_Game_Ontology.3_Cuori_Rosso
2025-10-24 21:47:19 - round.py - INFO - discard - MariaGrazia --> [Scarto] --> Updated_Game_Ontology.Q_Cuori_Rosso
2025-10-24 21:47:19 - round.py - INFO - pick_up_discard - Alessio --> [pick_up_discard] --> Updated_Game_Ontology.Q_Cuori_Rosso
2025-10-24 21:47:19 - round.py - INFO - discard - Alessio --> [Scarto] --> Updated_Game_Ontology.Q_Cuori_Rosso
2025-10-24 21:47:19 - round.py - INFO - pick_up_discard - MariaGrazia --> [pick_up_discard] --> Updated_Game_Ontology.Q_Cuori_Rosso
2025-10-24 21:47:19 - round.py - INFO - discard - MariaGrazia --> [Scarto] --> Updated_Game_Ontology.3_Cuori_Rosso
2025-10-24 21:47:19 - round.py - INFO - pick_up_card - Alessio --> [pick_up_card] --> Updated_Game_Ontology.9_Quadri_Blu
2025-10-24 21:47:19 - round.py - INFO - discard - Alessio --> [Scarto] --> Updated_Game_Ontology.4_Fiori_Rosso
2025-10-24 21:47:19 - round.py - INFO - pick_up_discard - MariaGrazia --> [pick_up_discard] --> Updated_Game_Ontology.3_Cuori_Rosso
2025-10-24 21:47:19 - round.py - INFO - discard - MariaGrazia --> [Scarto] --> Updated_Game_Ontology.3_Cuori_Rosso
2025-10-24 21:47:19 - round.py - INFO - pick_up_discard - Alessio --> [pick_up_discard] --> Updated_Game_Ontology.3_Cuori_Rosso
2025-10-24 21:47:19 - round.py - INFO - discard - Alessio --> [Scarto] --> Updated_Game_Ontology.5_Cuori_Blu
2025-10-24 21:47:19 - round.py - INFO - pick_up_discard - MariaGrazia --> [pick_up_discard] --> Updated_Game_Ontology.5_Cuori_Blu
2025-10-24 21:47:19 - round.py - INFO - discard - MariaGrazia --> [Scarto] --> Updated_Game_Ontology.4_Fiori_Rosso
2025-10-24 21:47:19 - round.py - INFO - pick_up_discard - Alessio --> [pick_up_discard] --> Updated_Game_Ontology.4_Fiori_Rosso
2025-10-24 21:47:19 - round.py - INFO - discard - Alessio --> [Scarto] --> Updated_Game_Ontology.3_Cuori_Rosso
2025-10-24 21:47:19 - round.py - INFO - pick_up_card - MariaGrazia --> [pick_up_card] --> Updated_Game_Ontology.7_Quadri_Blu
2025-10-24 21:47:19 - round.py - INFO - discard - MariaGrazia --> [Scarto] --> Updated_Game_Ontology.Q_Cuori_Rosso
2025-10-24 21:47:19 - round.py - INFO - pick_up_discard - Alessio --> [pick_up_discard] --> Updated_Game_Ontology.3_Cuori_Rosso
2025-10-24 21:47:19 - round.py - INFO - discard - Alessio --> [Scarto] --> Updated_Game_Ontology.Q_Cuori_Rosso
2025-10-24 21:47:19 - round.py - INFO - pick_up_card - MariaGrazia --> [pick_up_card] --> Updated_Game_Ontology.7_Fiori_Rosso
2025-10-24 21:47:19 - round.py - INFO - discard - MariaGrazia --> [Scarto] --> Updated_Game_Ontology.J_Quadri_Blu
2025-10-24 21:47:19 - round.py - INFO - pick_up_card - Alessio --> [pick_up_card] --> Updated_Game_Ontology.4_Fiori_Rosso
2025-10-24 21:47:19 - round.py - INFO - discard - Alessio --> [Scarto] --> Updated_Game_Ontology.3_Cuori_Rosso
2025-10-24 21:47:19 - round.py - INFO - pick_up_card - MariaGrazia --> [pick_up_card] --> Updated_Game_Ontology.10_Picche_Rosso
2025-10-24 21:47:19 - round.py - INFO - discard - MariaGrazia --> [Scarto] --> Updated_Game_Ontology.4_Cuori_Blu
2025-10-24 21:47:19 - round.py - INFO - pick_up_card - Alessio --> [pick_up_card] --> Updated_Game_Ontology.7_Cuori_Blu
2025-10-24 21:47:19 - round.py - INFO - discard - Alessio --> [Scarto] --> Updated_Game_Ontology.4_Fiori_Rosso
2025-10-24 21:47:19 - round.py - INFO - pick_up_card - MariaGrazia --> [pick_up_card] --> Updated_Game_Ontology.9_Quadri_Rosso
2025-10-24 21:47:19 - round.py - INFO - discard - MariaGrazia --> [Scarto] --> Updated_Game_Ontology.Q_Cuori_Rosso
2025-10-24 21:47:19 - round.py - INFO - pick_up_discard - Alessio --> [pick_up_discard] --> Updated_Game_Ontology.Q_Cuori_Rosso
2025-10-24 21:47:20 - round.py - INFO - discard - Alessio --> [Scarto] --> Updated_Game_Ontology.4_Fiori_Rosso
2025-10-24 21:47:20 - round.py - INFO - pick_up_discard - MariaGrazia --> [pick_up_discard] --> Updated_Game_Ontology.4_Fiori_Rosso
2025-10-24 21:47:20 - round.py - INFO - discard - MariaGrazia --> [Scarto] --> Updated_Game_Ontology.4_Fiori_Rosso
2025-10-24 21:47:20 - round.py - INFO - pick_up_card - Alessio --> [pick_up_card] --> Updated_Game_Ontology.A_Quadri_Blu
2025-10-24 21:47:20 - round.py - INFO - discard - Alessio --> [Scarto] --> Updated_Game_Ontology.Q_Cuori_Rosso
2025-10-24 21:47:20 - round.py - INFO - pick_up_card - MariaGrazia --> [pick_up_card] --> Updated_Game_Ontology.6_Quadri_Blu
2025-10-24 21:47:20 - round.py - INFO - discard - MariaGrazia --> [Scarto] --> Updated_Game_Ontology.6_Quadri_Blu
2025-10-24 21:47:20 - round.py - INFO - pick_up_card - Alessio --> [pick_up_card] --> Updated_Game_Ontology.8_Picche_Rosso
2025-10-24 21:47:21 - round.py - INFO - discard - Alessio --> [Scarto] --> Updated_Game_Ontology.9_Quadri_Blu
2025-10-24 21:47:21 - round.py - INFO - pick_up_card - MariaGrazia --> [pick_up_card] --> Updated_Game_Ontology.K_Fiori_Rosso
2025-10-24 21:47:21 - round.py - INFO - discard - MariaGrazia --> [Scarto] --> Updated_Game_Ontology.5_Cuori_Blu
2025-10-24 21:47:21 - round.py - INFO - pick_up_discard - Alessio --> [pick_up_discard] --> Updated_Game_Ontology.4_Fiori_Rosso
2025-10-24 21:47:21 - round.py - INFO - open_meld - Alessio --> [Apro Scala] --> [(3, 2, 'Cuori', 5), (4, 57, 'Cuori', 5), (5, 58, 'Cuori', 5)]
2025-10-24 21:47:22 - round.py - INFO - discard - Alessio --> [Scarto] --> Updated_Game_Ontology.Q_Cuori_Rosso
2025-10-24 21:47:22 - round.py - INFO - pick_up_discard - MariaGrazia --> [pick_up_discard] --> Updated_Game_Ontology.Q_Cuori_Rosso
2025-10-24 21:47:22 - round.py - INFO - discard - MariaGrazia --> [Scarto] --> Updated_Game_Ontology.10_Picche_Rosso
2025-10-24 21:47:22 - round.py - INFO - pick_up_discard - Alessio --> [pick_up_discard] --> Updated_Game_Ontology.10_Picche_Rosso
2025-10-24 21:47:22 - round.py - INFO - discard - Alessio --> [Scarto] --> Updated_Game_Ontology.6_Quadri_Blu
2025-10-24 21:47:22 - round.py - INFO - pick_up_card - MariaGrazia --> [pick_up_card] --> Updated_Game_Ontology.J_Picche_Blu
2025-10-24 21:47:22 - round.py - INFO - discard - MariaGrazia --> [Scarto] --> Updated_Game_Ontology.Q_Cuori_Rosso
2025-10-24 21:47:22 - round.py - INFO - pick_up_card - Alessio --> [pick_up_card] --> Updated_Game_Ontology.4_Quadri_Rosso
2025-10-24 21:47:22 - round.py - INFO - discard - Alessio --> [Scarto] --> Updated_Game_Ontology.9_Quadri_Blu
2025-10-24 21:47:22 - round.py - INFO - pick_up_card - MariaGrazia --> [pick_up_card] --> Updated_Game_Ontology.3_Cuori_Blu
2025-10-24 21:47:22 - round.py - INFO - discard - MariaGrazia --> [Scarto] --> Updated_Game_Ontology.J_Picche_Blu
2025-10-24 21:47:22 - round.py - INFO - pick_up_discard - Alessio --> [pick_up_discard] --> Updated_Game_Ontology.6_Quadri_Blu
2025-10-24 21:47:23 - round.py - INFO - discard - Alessio --> [Scarto] --> Updated_Game_Ontology.4_Fiori_Rosso
2025-10-24 21:47:23 - round.py - INFO - pick_up_card - MariaGrazia --> [pick_up_card] --> Updated_Game_Ontology.10_Cuori_Rosso
2025-10-24 21:47:23 - round.py - INFO - discard - MariaGrazia --> [Scarto] --> Updated_Game_Ontology.3_Cuori_Blu
2025-10-24 21:47:23 - round.py - INFO - pick_up_card - Alessio --> [pick_up_card] --> Updated_Game_Ontology.Q_Picche_Rosso
2025-10-24 21:47:24 - round.py - INFO - open_meld - Alessio --> [Apro Scala] --> [(10, 48, 'Picche', 10), (11, 103, 'Picche', 10), (12, 50, 'Picche', 10)]
2025-10-24 21:47:24 - round.py - INFO - discard - Alessio --> [Scarto] --> Updated_Game_Ontology.7_Cuori_Blu
2025-10-24 21:47:24 - round.py - INFO - pick_up_card - MariaGrazia --> [pick_up_card] --> Updated_Game_Ontology.3_Picche_Rosso
2025-10-24 21:47:24 - round.py - INFO - discard - MariaGrazia --> [Scarto] --> Updated_Game_Ontology.K_Fiori_Rosso
2025-10-24 21:47:24 - round.py - INFO - pick_up_card - Alessio --> [pick_up_card] --> Updated_Game_Ontology.2_Picche_Rosso
2025-10-24 21:47:24 - round.py - INFO - open_meld - Alessio --> [Apro Scala] --> [(-1, 40, 'Jolly', 20), (4, 16, 'Quadri', 5), (6, 72, 'Quadri', 5)]
2025-10-24 21:47:25 - round.py - INFO - discard - Alessio --> [Scarto] --> Updated_Game_Ontology.J_Quadri_Blu
2025-10-24 21:47:25 - round.py - INFO - pick_up_card - MariaGrazia --> [pick_up_card] --> Updated_Game_Ontology.7_Picche_Blu
2025-10-24 21:47:25 - round.py - INFO - discard - MariaGrazia --> [Scarto] --> Updated_Game_Ontology.3_Picche_Rosso
2025-10-24 21:47:25 - round.py - INFO - pick_up_card - Alessio --> [pick_up_card] --> Updated_Game_Ontology.9_Fiori_Rosso
2025-10-24 21:47:25 - round.py - INFO - discard - Alessio --> [Scarto] --> Updated_Game_Ontology.9_Fiori_Rosso
2025-10-24 21:47:25 - round.py - INFO - pick_up_card - MariaGrazia --> [pick_up_card] --> Updated_Game_Ontology.J_Fiori_Rosso
2025-10-24 21:47:25 - round.py - INFO - discard - MariaGrazia --> [Scarto] --> Updated_Game_Ontology.10_Cuori_Rosso
2025-10-24 21:47:25 - round.py - INFO - pick_up_card - Alessio --> [pick_up_card] --> Updated_Game_Ontology.8_Quadri_Rosso
2025-10-24 21:47:25 - round.py - INFO - discard - Alessio --> [Scarto] --> Updated_Game_Ontology.4_Fiori_Rosso
2025-10-24 21:47:25 - round.py - INFO - pick_up_discard - MariaGrazia --> [pick_up_discard] --> Updated_Game_Ontology.4_Fiori_Rosso
2025-10-24 21:47:25 - round.py - INFO - discard - MariaGrazia --> [Scarto] --> Updated_Game_Ontology.J_Quadri_Blu
2025-10-24 21:47:25 - round.py - INFO - pick_up_card - Alessio --> [pick_up_card] --> Updated_Game_Ontology.5_Picche_Rosso
2025-10-24 21:47:26 - round.py - INFO - discard - Alessio --> [Scarto] --> Updated_Game_Ontology.A_Quadri_Blu
2025-10-24 21:47:26 - round.py - INFO - pick_up_discard - MariaGrazia --> [pick_up_discard] --> Updated_Game_Ontology.J_Quadri_Blu
2025-10-24 21:47:26 - round.py - INFO - discard - MariaGrazia --> [Scarto] --> Updated_Game_Ontology.3_Picche_Rosso
2025-10-24 21:47:26 - round.py - INFO - pick_up_discard - Alessio --> [pick_up_discard] --> Updated_Game_Ontology.3_Picche_Rosso
2025-10-24 21:47:26 - round.py - INFO - discard - Alessio --> [Scarto] --> Updated_Game_Ontology.8_Quadri_Rosso
2025-10-24 21:47:26 - round.py - INFO - pick_up_discard - MariaGrazia --> [pick_up_discard] --> Updated_Game_Ontology.8_Quadri_Rosso
2025-10-24 21:47:26 - round.py - INFO - discard - MariaGrazia --> [Scarto] --> Updated_Game_Ontology.10_Cuori_Rosso
2025-10-24 21:47:26 - round.py - INFO - pick_up_card - Alessio --> [pick_up_card] --> Updated_Game_Ontology.6_Fiori_Rosso
2025-10-24 21:47:26 - round.py - INFO - discard - Alessio --> [Scarto] --> Updated_Game_Ontology.9_Quadri_Blu
2025-10-24 21:47:26 - round.py - INFO - pick_up_card - MariaGrazia --> [pick_up_card] --> Updated_Game_Ontology.Jolly_Jolly_N_Blu
2025-10-24 21:47:26 - round.py - INFO - open_tris - MariaGrazia --> [Apro Tris] --> [(-1, 106, 'Jolly', 30), (11, 36, 'Fiori', 10), (11, 77, 'Quadri', 10)]
2025-10-24 21:47:26 - round.py - INFO - discard - MariaGrazia --> [Scarto] --> Updated_Game_Ontology.K_Fiori_Rosso
2025-10-24 21:47:26 - round.py - INFO - pick_up_card - Alessio --> [pick_up_card] --> Updated_Game_Ontology.5_Quadri_Blu
2025-10-24 21:47:26 - round.py - INFO - discard - Alessio --> [Scarto] --> Updated_Game_Ontology.Q_Cuori_Rosso
2025-10-24 21:47:26 - round.py - INFO - pick_up_discard - MariaGrazia --> [pick_up_discard] --> Updated_Game_Ontology.10_Cuori_Rosso
2025-10-24 21:47:27 - round.py - INFO - discard - MariaGrazia --> [Scarto] --> Updated_Game_Ontology.Q_Cuori_Rosso
2025-10-24 21:47:27 - round.py - INFO - pick_up_card - Alessio --> [pick_up_card] --> Updated_Game_Ontology.8_Fiori_Blu
2025-10-24 21:47:27 - round.py - INFO - discard - Alessio --> [Scarto] --> Updated_Game_Ontology.8_Fiori_Blu
2025-10-24 21:47:27 - round.py - INFO - pick_up_discard - MariaGrazia --> [pick_up_discard] --> Updated_Game_Ontology.Q_Cuori_Rosso
2025-10-24 21:47:27 - round.py - INFO - discard - MariaGrazia --> [Scarto] --> Updated_Game_Ontology.8_Quadri_Rosso
2025-10-24 21:47:27 - round.py - INFO - pick_up_discard - Alessio --> [pick_up_discard] --> Updated_Game_Ontology.8_Quadri_Rosso
2025-10-24 21:47:27 - round.py - INFO - discard - Alessio --> [Scarto] --> Updated_Game_Ontology.6_Fiori_Rosso
2025-10-24 21:47:27 - round.py - INFO - pick_up_card - MariaGrazia --> [pick_up_card] --> Updated_Game_Ontology.4_Picche_Blu
2025-10-24 21:47:27 - round.py - INFO - discard - MariaGrazia --> [Scarto] --> Updated_Game_Ontology.Q_Cuori_Rosso
2025-10-24 21:47:27 - round.py - INFO - pick_up_card - Alessio --> [pick_up_card] --> Updated_Game_Ontology.3_Quadri_Rosso
2025-10-24 21:47:27 - round.py - INFO - discard - Alessio --> [Scarto] --> Updated_Game_Ontology.Q_Cuori_Rosso
2025-10-24 21:47:27 - round.py - INFO - pick_up_discard - MariaGrazia --> [pick_up_discard] --> Updated_Game_Ontology.6_Fiori_Rosso
2025-10-24 21:47:27 - round.py - INFO - discard - MariaGrazia --> [Scarto] --> Updated_Game_Ontology.10_Cuori_Rosso
2025-10-24 21:47:27 - round.py - INFO - pick_up_discard - Alessio --> [pick_up_discard] --> Updated_Game_Ontology.10_Cuori_Rosso
2025-10-24 21:47:28 - round.py - INFO - discard - Alessio --> [Scarto] --> Updated_Game_Ontology.10_Cuori_Rosso
2025-10-24 21:47:28 - round.py - INFO - pick_up_card - MariaGrazia --> [pick_up_card] --> Updated_Game_Ontology.K_Picche_Blu
2025-10-24 21:47:28 - round.py - INFO - discard - MariaGrazia --> [Scarto] --> Updated_Game_Ontology.K_Picche_Blu
2025-10-24 21:47:28 - round.py - INFO - pick_up_card - Alessio --> [pick_up_card] --> Updated_Game_Ontology.6_Quadri_Rosso
2025-10-24 21:47:28 - round.py - INFO - discard - Alessio --> [Scarto] --> Updated_Game_Ontology.6_Quadri_Rosso
2025-10-24 21:47:28 - round.py - INFO - pick_up_card - MariaGrazia --> [pick_up_card] --> Updated_Game_Ontology.7_Quadri_Rosso
2025-10-24 21:47:28 - round.py - INFO - discard - MariaGrazia --> [Scarto] --> Updated_Game_Ontology.6_Fiori_Rosso
2025-10-24 21:47:28 - round.py - INFO - pick_up_discard - Alessio --> [pick_up_discard] --> Updated_Game_Ontology.10_Cuori_Rosso
2025-10-24 21:47:29 - round.py - INFO - discard - Alessio --> [Scarto] --> Updated_Game_Ontology.8_Quadri_Rosso
2025-10-24 21:47:29 - round.py - INFO - pick_up_card - MariaGrazia --> [pick_up_card] --> Updated_Game_Ontology.J_Fiori_Blu
2025-10-24 21:47:29 - round.py - INFO - discard - MariaGrazia --> [Scarto] --> Updated_Game_Ontology.4_Fiori_Rosso
2025-10-24 21:47:29 - round.py - INFO - pick_up_card - Alessio --> [pick_up_card] --> Updated_Game_Ontology.10_Quadri_Blu
2025-10-24 21:47:29 - round.py - INFO - discard - Alessio --> [Scarto] --> Updated_Game_Ontology.6_Quadri_Rosso
2025-10-24 21:47:29 - round.py - INFO - pick_up_card - MariaGrazia --> [pick_up_card] --> Updated_Game_Ontology.K_Quadri_Rosso
2025-10-24 21:47:29 - round.py - INFO - discard - MariaGrazia --> [Scarto] --> Updated_Game_Ontology.8_Fiori_Blu
2025-10-24 21:47:29 - round.py - INFO - pick_up_card - Alessio --> [pick_up_card] --> Updated_Game_Ontology.A_Cuori_Rosso
2025-10-24 21:47:29 - round.py - INFO - discard - Alessio --> [Scarto] --> Updated_Game_Ontology.10_Cuori_Rosso
2025-10-24 21:47:29 - round.py - INFO - pick_up_card - MariaGrazia --> [pick_up_card] --> Updated_Game_Ontology.Q_Fiori_Rosso
2025-10-24 21:47:29 - round.py - INFO - discard - MariaGrazia --> [Scarto] --> Updated_Game_Ontology.K_Quadri_Rosso
2025-10-24 21:47:29 - round.py - INFO - pick_up_discard - Alessio --> [pick_up_discard] --> Updated_Game_Ontology.8_Quadri_Rosso
2025-10-24 21:47:30 - round.py - INFO - discard - Alessio --> [Scarto] --> Updated_Game_Ontology.10_Cuori_Rosso
2025-10-24 21:47:30 - round.py - INFO - pick_up_card - MariaGrazia --> [pick_up_card] --> Updated_Game_Ontology.A_Quadri_Rosso
2025-10-24 21:47:30 - round.py - INFO - discard - MariaGrazia --> [Scarto] --> Updated_Game_Ontology.3_Cuori_Blu
2025-10-24 21:47:30 - round.py - INFO - pick_up_discard - Alessio --> [pick_up_discard] --> Updated_Game_Ontology.10_Cuori_Rosso
2025-10-24 21:47:31 - round.py - INFO - discard - Alessio --> [Scarto] --> Updated_Game_Ontology.4_Fiori_Rosso
2025-10-24 21:47:31 - round.py - INFO - pick_up_card - MariaGrazia --> [pick_up_card] --> Updated_Game_Ontology.4_Fiori_Blu
2025-10-24 21:47:31 - round.py - INFO - open_tris - MariaGrazia --> [Apro Tris] --> [(4, 83, 'Fiori', 5), (4, 96, 'Picche', 5), (4, 29, 'Fiori', 5)]
2025-10-24 21:47:31 - round.py - INFO - discard - MariaGrazia --> [Scarto] --> Updated_Game_Ontology.Q_Cuori_Rosso
2025-10-24 21:47:31 - round.py - INFO - pick_up_discard - Alessio --> [pick_up_discard] --> Updated_Game_Ontology.4_Fiori_Rosso
2025-10-24 21:47:31 - round.py - INFO - discard - Alessio --> [Scarto] --> Updated_Game_Ontology.10_Cuori_Rosso
2025-10-24 21:47:31 - round.py - INFO - pick_up_card - MariaGrazia --> [pick_up_card] --> Updated_Game_Ontology.3_Fiori_Rosso
2025-10-24 21:47:31 - round.py - INFO - discard - MariaGrazia --> [Scarto] --> Updated_Game_Ontology.Q_Fiori_Rosso
2025-10-24 21:47:31 - round.py - INFO - pick_up_discard - Alessio --> [pick_up_discard] --> Updated_Game_Ontology.10_Cuori_Rosso
2025-10-24 21:47:32 - round.py - INFO - discard - Alessio --> [Scarto] --> Updated_Game_Ontology.3_Cuori_Blu
2025-10-24 21:47:32 - round.py - INFO - pick_up_card - MariaGrazia --> [pick_up_card] --> Updated_Game_Ontology.K_Cuori_Rosso
2025-10-24 21:47:32 - round.py - INFO - discard - MariaGrazia --> [Scarto] --> Updated_Game_Ontology.K_Cuori_Rosso
2025-10-24 21:47:32 - round.py - INFO - pick_up_card - Alessio --> [pick_up_card] --> Updated_Game_Ontology.8_Fiori_Rosso
2025-10-24 21:47:33 - round.py - INFO - open_tris - Alessio --> [Apro Tris] --> [(8, 33, 'Fiori', 10), (8, 20, 'Quadri', 10), (8, 87, 'Fiori', 10)]
2025-10-24 21:47:33 - round.py - INFO - discard - Alessio --> [Scarto] --> Updated_Game_Ontology.6_Fiori_Rosso
2025-10-24 21:47:33 - round.py - INFO - pick_up_discard - MariaGrazia --> [pick_up_discard] --> Updated_Game_Ontology.3_Cuori_Blu
2025-10-24 21:47:33 - round.py - INFO - discard - MariaGrazia --> [Scarto] --> Updated_Game_Ontology.3_Cuori_Blu
2025-10-24 21:47:33 - round.py - INFO - pick_up_discard - Alessio --> [pick_up_discard] --> Updated_Game_Ontology.3_Cuori_Blu
2025-10-24 21:47:34 - round.py - INFO - discard - Alessio --> [Scarto] --> Updated_Game_Ontology.10_Cuori_Rosso
2025-10-24 21:47:34 - round.py - INFO - pick_up_discard - MariaGrazia --> [pick_up_discard] --> Updated_Game_Ontology.10_Cuori_Rosso
2025-10-24 21:47:34 - round.py - INFO - discard - MariaGrazia --> [Scarto] --> Updated_Game_Ontology.3_Fiori_Rosso
2025-10-24 21:47:34 - round.py - INFO - pick_up_card - Alessio --> [pick_up_card] --> Updated_Game_Ontology.Q_Quadri_Blu
2025-10-24 21:47:34 - round.py - INFO - open_tris - Alessio --> [Apro Tris] --> [(12, 78, 'Quadri', 10), (12, 11, 'Cuori', 10), (12, 37, 'Fiori', 10)]
2025-10-24 21:47:34 - round.py - INFO - discard - Alessio --> [Scarto] --> Updated_Game_Ontology.4_Fiori_Rosso
2025-10-24 21:47:34 - round.py - INFO - pick_up_card - MariaGrazia --> [pick_up_card] --> Updated_Game_Ontology.5_Quadri_Rosso
2025-10-24 21:47:34 - round.py - INFO - discard - MariaGrazia --> [Scarto] --> Updated_Game_Ontology.K_Fiori_Rosso
2025-10-24 21:47:34 - round.py - INFO - pick_up_card - Alessio --> [pick_up_card] --> Updated_Game_Ontology.Q_Picche_Blu
2025-10-24 21:47:34 - round.py - INFO - discard - Alessio --> [Scarto] --> Updated_Game_Ontology.A_Cuori_Rosso
2025-10-24 21:47:34 - round.py - INFO - pick_up_discard - MariaGrazia --> [pick_up_discard] --> Updated_Game_Ontology.3_Fiori_Rosso
2025-10-24 21:47:35 - round.py - INFO - discard - MariaGrazia --> [Scarto] --> Updated_Game_Ontology.3_Fiori_Rosso
2025-10-24 21:47:35 - round.py - INFO - pick_up_card - Alessio --> [pick_up_card] --> Updated_Game_Ontology.10_Cuori_Blu
2025-10-24 21:47:35 - round.py - INFO - discard - Alessio --> [Scarto] --> Updated_Game_Ontology.10_Cuori_Blu
2025-10-24 21:47:35 - round.py - INFO - pick_up_discard - MariaGrazia --> [pick_up_discard] --> Updated_Game_Ontology.3_Fiori_Rosso
2025-10-24 21:47:35 - round.py - INFO - discard - MariaGrazia --> [Scarto] --> Updated_Game_Ontology.Q_Cuori_Rosso
2025-10-24 21:47:35 - round.py - INFO - pick_up_card - Alessio --> [pick_up_card] --> Updated_Game_Ontology.2_Fiori_Rosso
2025-10-24 21:47:35 - round.py - INFO - discard - Alessio --> [Scarto] --> Updated_Game_Ontology.6_Quadri_Rosso
2025-10-24 21:47:35 - round.py - INFO - pick_up_discard - MariaGrazia --> [pick_up_discard] --> Updated_Game_Ontology.Q_Cuori_Rosso
2025-10-24 21:47:35 - round.py - INFO - discard - MariaGrazia --> [Scarto] --> Updated_Game_Ontology.K_Fiori_Rosso
2025-10-24 21:47:35 - round.py - INFO - pick_up_discard - Alessio --> [pick_up_discard] --> Updated_Game_Ontology.K_Fiori_Rosso
2025-10-24 21:47:35 - round.py - INFO - discard - Alessio --> [Scarto] --> Updated_Game_Ontology.K_Quadri_Rosso
2025-10-24 21:47:35 - round.py - INFO - pick_up_discard - MariaGrazia --> [pick_up_discard] --> Updated_Game_Ontology.K_Quadri_Rosso
2025-10-24 21:47:36 - round.py - INFO - discard - MariaGrazia --> [Scarto] --> Updated_Game_Ontology.10_Cuori_Blu
2025-10-24 21:47:36 - round.py - INFO - pick_up_discard - Alessio --> [pick_up_discard] --> Updated_Game_Ontology.10_Cuori_Blu
2025-10-24 21:47:36 - round.py - INFO - discard - Alessio --> [Scarto] --> Updated_Game_Ontology.K_Fiori_Rosso
2025-10-24 21:47:36 - round.py - INFO - pick_up_discard - MariaGrazia --> [pick_up_discard] --> Updated_Game_Ontology.K_Fiori_Rosso
2025-10-24 21:47:36 - round.py - INFO - open_tris - MariaGrazia --> [Apro Tris] --> [(13, 25, 'Quadri', 10), (13, 38, 'Fiori', 10), (13, 12, 'Cuori', 10)]
2025-10-24 21:47:36 - round.py - INFO - discard - MariaGrazia --> [Scarto] --> Updated_Game_Ontology.5_Quadri_Rosso
2025-10-24 21:47:36 - round.py - INFO - pick_up_discard - Alessio --> [pick_up_discard] --> Updated_Game_Ontology.5_Quadri_Rosso
2025-10-24 21:47:36 - round.py - INFO - discard - Alessio --> [Scarto] --> Updated_Game_Ontology.10_Cuori_Blu
2025-10-24 21:47:36 - round.py - INFO - pick_up_card - MariaGrazia --> [pick_up_card] --> Updated_Game_Ontology.J_Cuori_Blu
2025-10-24 21:47:36 - round.py - INFO - open_meld - MariaGrazia --> [Apro Scala] --> [(10, 9, 'Cuori', 10), (11, 64, 'Cuori', 10), (12, 11, 'Cuori', 10)]
2025-10-24 21:47:36 - round.py - INFO - discard - MariaGrazia --> [Scarto] --> Updated_Game_Ontology.3_Fiori_Rosso
2025-10-24 21:47:36 - round.py - INFO - pick_up_discard - Alessio --> [pick_up_discard] --> Updated_Game_Ontology.10_Cuori_Blu
2025-10-24 21:47:36 - round.py - INFO - discard - Alessio --> [Scarto] --> Updated_Game_Ontology.3_Fiori_Rosso
2025-10-24 21:47:36 - round.py - INFO - pick_up_discard - MariaGrazia --> [pick_up_discard] --> Updated_Game_Ontology.3_Fiori_Rosso
2025-10-24 21:47:36 - round.py - INFO - discard - MariaGrazia --> [Scarto] --> Updated_Game_Ontology.6_Quadri_Rosso
2025-10-24 21:47:36 - round.py - INFO - pick_up_discard - Alessio --> [pick_up_discard] --> Updated_Game_Ontology.6_Quadri_Rosso
2025-10-24 21:47:36 - round.py - INFO - discard - Alessio --> [Scarto] --> Updated_Game_Ontology.5_Quadri_Rosso
2025-10-24 21:47:36 - round.py - INFO - pick_up_card - MariaGrazia --> [pick_up_card] --> Updated_Game_Ontology.5_Fiori_Rosso
2025-10-24 21:47:36 - round.py - INFO - discard - MariaGrazia --> [Scarto] --> Updated_Game_Ontology.6_Fiori_Rosso
2025-10-24 21:47:36 - round.py - INFO - pick_up_card - Alessio --> [pick_up_card] --> Updated_Game_Ontology.6_Fiori_Blu
2025-10-24 21:47:36 - round.py - INFO - discard - Alessio --> [Scarto] --> Updated_Game_Ontology.6_Quadri_Rosso
2025-10-24 21:47:36 - round.py - INFO - pick_up_card - MariaGrazia --> [pick_up_card] --> Updated_Game_Ontology.5_Picche_Blu
2025-10-24 21:47:36 - round.py - INFO - discard - MariaGrazia --> [Scarto] --> Updated_Game_Ontology.5_Fiori_Rosso
2025-10-24 21:47:36 - round.py - INFO - pick_up_discard - Alessio --> [pick_up_discard] --> Updated_Game_Ontology.5_Quadri_Rosso
2025-10-24 21:47:36 - round.py - INFO - open_tris - Alessio --> [Apro Tris] --> [(6, 31, 'Fiori', 5), (6, 85, 'Fiori', 5), (6, 18, 'Quadri', 5)]
2025-10-24 21:47:37 - round.py - INFO - discard - Alessio --> [Scarto] --> Updated_Game_Ontology.5_Fiori_Rosso
2025-10-24 21:47:37 - round.py - INFO - pick_up_card - MariaGrazia --> [pick_up_card] --> Updated_Game_Ontology.9_Cuori_Blu
2025-10-24 21:47:37 - round.py - INFO - discard - MariaGrazia --> [Scarto] --> Updated_Game_Ontology.5_Picche_Blu
2025-10-24 21:47:37 - round.py - INFO - pick_up_card - Alessio --> [pick_up_card] --> Updated_Game_Ontology.5_Fiori_Blu
2025-10-24 21:47:37 - round.py - INFO - discard - Alessio --> [Scarto] --> Updated_Game_Ontology.5_Quadri_Rosso
2025-10-24 21:47:37 - round.py - INFO - pick_up_card - MariaGrazia --> [pick_up_card] --> Updated_Game_Ontology.Q_Fiori_Blu
2025-10-24 21:47:37 - round.py - INFO - discard - MariaGrazia --> [Scarto] --> Updated_Game_Ontology.Q_Fiori_Blu
2025-10-24 21:47:37 - round.py - INFO - pick_up_card - Alessio --> [pick_up_card] --> Updated_Game_Ontology.3_Quadri_Blu
2025-10-24 21:47:37 - round.py - INFO - discard - Alessio --> [Scarto] --> Updated_Game_Ontology.10_Cuori_Blu
2025-10-24 21:47:37 - round.py - INFO - pick_up_discard - MariaGrazia --> [pick_up_discard] --> Updated_Game_Ontology.5_Fiori_Rosso
2025-10-24 21:47:37 - round.py - INFO - open_tris - MariaGrazia --> [Apro Tris] --> [(5, 17, 'Quadri', 5), (5, 30, 'Fiori', 5), (5, 97, 'Picche', 5)]
2025-10-24 21:47:37 - round.py - INFO - discard - MariaGrazia --> [Scarto] --> Updated_Game_Ontology.10_Cuori_Blu
2025-10-24 21:47:37 - round.py - INFO - pick_up_discard - Alessio --> [pick_up_discard] --> Updated_Game_Ontology.10_Cuori_Blu
2025-10-24 21:47:37 - round.py - INFO - discard - Alessio --> [Scarto] --> Updated_Game_Ontology.10_Quadri_Blu
2025-10-24 21:47:37 - round.py - INFO - pick_up_card - MariaGrazia --> [pick_up_card] --> Updated_Game_Ontology.10_Quadri_Rosso
2025-10-24 21:47:37 - round.py - INFO - discard - MariaGrazia --> [Scarto] --> Updated_Game_Ontology.10_Quadri_Rosso
2025-10-24 21:47:37 - round.py - INFO - pick_up_discard - Alessio --> [pick_up_discard] --> Updated_Game_Ontology.10_Quadri_Blu
2025-10-24 21:47:37 - round.py - INFO - open_tris - Alessio --> [Apro Tris] --> [(10, 63, 'Cuori', 10), (10, 22, 'Quadri', 10), (10, 76, 'Quadri', 10)]
2025-10-24 21:47:37 - round.py - INFO - discard - Alessio --> [Scarto] --> Updated_Game_Ontology.3_Cuori_Blu
2025-10-24 21:47:37 - round.py - INFO - pick_up_card - MariaGrazia --> [pick_up_card] --> Updated_Game_Ontology.9_Fiori_Blu
2025-10-24 21:47:37 - round.py - INFO - discard - MariaGrazia --> [Scarto] --> Updated_Game_Ontology.Q_Fiori_Blu
2025-10-24 21:47:37 - round.py - INFO - pick_up_card - Alessio --> [pick_up_card] --> Updated_Game_Ontology.K_Fiori_Blu
2025-10-24 21:47:37 - round.py - INFO - discard - Alessio --> [Scarto] --> Updated_Game_Ontology.5_Fiori_Blu
2025-10-24 21:47:37 - round.py - INFO - pick_up_discard - MariaGrazia --> [pick_up_discard] --> Updated_Game_Ontology.3_Cuori_Blu
2025-10-24 21:47:37 - round.py - INFO - discard - MariaGrazia --> [Scarto] --> Updated_Game_Ontology.Q_Fiori_Blu
2025-10-24 21:47:37 - round.py - INFO - pick_up_card - Alessio --> [pick_up_card] --> Updated_Game_Ontology.J_Cuori_Rosso
2025-10-24 21:47:37 - round.py - INFO - discard - Alessio --> [Scarto] --> Updated_Game_Ontology.K_Fiori_Blu
2025-10-24 21:47:37 - round.py - INFO - pick_up_discard - MariaGrazia --> [pick_up_discard] --> Updated_Game_Ontology.Q_Fiori_Blu
2025-10-24 21:47:37 - round.py - INFO - discard - MariaGrazia --> [Scarto] --> Updated_Game_Ontology.Q_Fiori_Blu
2025-10-24 21:47:37 - round.py - INFO - pick_up_card - Alessio --> [pick_up_card] --> Updated_Game_Ontology.10_Picche_Blu
2025-10-24 21:47:37 - round.py - INFO - discard - Alessio --> [Scarto] --> Updated_Game_Ontology.J_Cuori_Rosso
2025-10-24 21:47:37 - round.py - INFO - pick_up_discard - MariaGrazia --> [pick_up_discard] --> Updated_Game_Ontology.Q_Fiori_Blu
2025-10-24 21:47:37 - round.py - INFO - discard - MariaGrazia --> [Scarto] --> Updated_Game_Ontology.3_Cuori_Blu
2025-10-24 21:47:37 - round.py - INFO - pick_up_discard - Alessio --> [pick_up_discard] --> Updated_Game_Ontology.3_Cuori_Blu
2025-10-24 21:47:37 - round.py - INFO - discard - Alessio --> [Scarto] --> Updated_Game_Ontology.3_Quadri_Blu
2025-10-24 21:47:37 - round.py - INFO - pick_up_discard - MariaGrazia --> [pick_up_discard] --> Updated_Game_Ontology.3_Quadri_Blu
2025-10-24 21:47:37 - round.py - INFO - discard - MariaGrazia --> [Scarto] --> Updated_Game_Ontology.3_Fiori_Rosso
2025-10-24 21:47:37 - round.py - INFO - pick_up_discard - Alessio --> [pick_up_discard] --> Updated_Game_Ontology.3_Fiori_Rosso
2025-10-24 21:47:37 - round.py - INFO - discard - Alessio --> [Scarto] --> Updated_Game_Ontology.3_Cuori_Blu
2025-10-24 21:47:37 - round.py - INFO - pick_up_discard - MariaGrazia --> [pick_up_discard] --> Updated_Game_Ontology.3_Cuori_Blu
2025-10-24 21:47:37 - round.py - INFO - discard - MariaGrazia --> [Scarto] --> Updated_Game_Ontology.3_Quadri_Blu
2025-10-24 21:47:37 - round.py - INFO - pick_up_discard - Alessio --> [pick_up_discard] --> Updated_Game_Ontology.3_Quadri_Blu
2025-10-24 21:47:37 - round.py - INFO - discard - Alessio --> [Scarto] --> Updated_Game_Ontology.3_Fiori_Rosso
2025-10-24 21:47:37 - round.py - INFO - pick_up_card - MariaGrazia --> [pick_up_card] --> Updated_Game_Ontology.10_Fiori_Blu
2025-10-24 21:47:37 - round.py - INFO - discard - MariaGrazia --> [Scarto] --> Updated_Game_Ontology.10_Fiori_Blu
2025-10-24 21:47:37 - round.py - INFO - pick_up_card - Alessio --> [pick_up_card] --> Updated_Game_Ontology.4_Picche_Rosso
2025-10-24 21:47:37 - round.py - INFO - discard - Alessio --> [Scarto] --> Updated_Game_Ontology.3_Quadri_Blu
2025-10-24 21:47:37 - round.py - INFO - pick_up_card - MariaGrazia --> [pick_up_card] --> Updated_Game_Ontology.8_Picche_Blu
2025-10-24 21:47:37 - round.py - INFO - discard - MariaGrazia --> [Scarto] --> Updated_Game_Ontology.8_Picche_Blu
2025-10-24 21:47:37 - round.py - INFO - pick_up_card - Alessio --> [pick_up_card] --> Updated_Game_Ontology.10_Fiori_Rosso
