2025-11-09 12:32:23 - logger.py - INFO - _initialize - Logger inizializzato. File di log: logs/2025_11_09\partita_20251109_123223102908.log
2025-11-09 12:32:23 - logger.py - INFO - _initialize - ---------------------------------------------------
2025-11-09 12:32:23 - logger.py - INFO - _initialize - PARTITA ::  Partita_20251109_123223_102516
2025-11-09 12:32:23 - logger.py - INFO - _initialize - ---------------------------------------------------
2025-11-09 12:32:23 - round.py - INFO - pick_up_discard - -------------------------------------------------------------------------------------
2025-11-09 12:32:23 - round.py - INFO - pick_up_discard - -----------------------------------------NUOVO TURNO---------------------------------
2025-11-09 12:32:23 - round.py - INFO - pick_up_discard - Alessio 
2025-11-09 12:32:23 - round.py - INFO - pick_up_discard - ---- carta pescata ----> ['10_Fiori_Blu']
2025-11-09 12:32:23 - round.py - INFO - pick_up_discard - ---- CARTE IN MANO: 
2025-11-09 12:32:23 - round.py - INFO - pick_up_discard - ['J_Fiori_Rosso', '6_Fiori_Rosso', '5_Quadri_Blu', 'A_Cuori_Blu', 'K_Quadri_Rosso', '9_Quadri_Rosso', 'A_Quadri_Rosso', '6_Quadri_Blu', '10_Picche_Rosso', '8_Fiori_Blu', '10_Cuori_Rosso', '10_Fiori_Blu']
2025-11-09 12:32:23 - round.py - INFO - pick_up_discard - -------------------------------------------------------------------------------------
2025-11-09 12:32:24 - player_onto_manager.py - INFO - apre_tris -  10_Fiori_Blu -10 ----> partialScore ----> 10
2025-11-09 12:32:24 - player_onto_manager.py - INFO - apre_tris -  10_Cuori_Rosso -10 ----> partialScore ----> 20
2025-11-09 12:32:24 - player_onto_manager.py - INFO - apre_tris -  10_Picche_Rosso -10 ----> partialScore ----> 30
2025-11-09 12:32:24 - player_onto_manager.py - INFO - apre_tris - FINAL partialScore ----> 30
2025-11-09 12:32:24 - round.py - INFO - open_tris - Alessio ----> [(10, 89, 'Fiori', 10), (10, 9, 'Cuori', 10), (10, 48, 'Picche', 10)]
2025-11-09 12:32:24 - round.py - INFO - discard - -------------------------------------------------------------------------------------
2025-11-09 12:32:24 - round.py - INFO - discard - -----------------------------------------FINE---------------------------------
2025-11-09 12:32:24 - round.py - INFO - discard - Alessio ----> K_Quadri_Rosso
2025-11-09 12:32:24 - round.py - INFO - discard - -------------------------------------------------------------------------------------
2025-11-09 12:32:24 - round.py - INFO - pick_up_discard - -------------------------------------------------------------------------------------
2025-11-09 12:32:24 - round.py - INFO - pick_up_discard - -----------------------------------------NUOVO TURNO---------------------------------
2025-11-09 12:32:24 - round.py - INFO - pick_up_discard - MariaGrazia 
2025-11-09 12:32:24 - round.py - INFO - pick_up_discard - ---- carta pescata ----> ['K_Quadri_Rosso']
2025-11-09 12:32:24 - round.py - INFO - pick_up_discard - ---- CARTE IN MANO: 
2025-11-09 12:32:24 - round.py - INFO - pick_up_discard - ['9_Cuori_Blu', '6_Cuori_Blu', 'K_Quadri_Blu', '3_Quadri_Blu', 'K_Picche_Rosso', '3_Picche_Rosso', 'K_Picche_Blu', 'J_Picche_Rosso', '8_Quadri_Blu', '7_Cuori_Blu', 'J_Cuori_Blu', 'K_Quadri_Rosso']
2025-11-09 12:32:24 - round.py - INFO - pick_up_discard - -------------------------------------------------------------------------------------
2025-11-09 12:32:24 - player_onto_manager.py - INFO - apre_tris -  K_Quadri_Rosso -10 ----> partialScore ----> 10
2025-11-09 12:32:24 - player_onto_manager.py - INFO - apre_tris -  K_Picche_Blu -10 ----> partialScore ----> 20
2025-11-09 12:32:24 - player_onto_manager.py - INFO - apre_tris -  K_Quadri_Blu -10 ----> partialScore ----> 30
2025-11-09 12:32:24 - player_onto_manager.py - INFO - apre_tris - FINAL partialScore ----> 30
2025-11-09 12:32:24 - round.py - INFO - open_tris - MariaGrazia ----> [(13, 25, 'Quadri', 10), (13, 105, 'Picche', 10), (13, 79, 'Quadri', 10)]
2025-11-09 12:32:25 - round.py - INFO - update_tris - MariaGrazia ----> 13 -->K_Picche_Rosso
2025-11-09 12:32:25 - round.py - INFO - discard - -------------------------------------------------------------------------------------
2025-11-09 12:32:25 - round.py - INFO - discard - -----------------------------------------FINE---------------------------------
2025-11-09 12:32:25 - round.py - INFO - discard - MariaGrazia ----> 6_Cuori_Blu
2025-11-09 12:32:25 - round.py - INFO - discard - -------------------------------------------------------------------------------------
2025-11-09 12:32:25 - round.py - INFO - pick_up_discard - -------------------------------------------------------------------------------------
2025-11-09 12:32:25 - round.py - INFO - pick_up_discard - -----------------------------------------NUOVO TURNO---------------------------------
2025-11-09 12:32:25 - round.py - INFO - pick_up_discard - Alessio 
2025-11-09 12:32:25 - round.py - INFO - pick_up_discard - ---- carta pescata ----> ['6_Cuori_Blu']
2025-11-09 12:32:25 - round.py - INFO - pick_up_discard - ---- CARTE IN MANO: 
2025-11-09 12:32:25 - round.py - INFO - pick_up_discard - ['J_Fiori_Rosso', '6_Fiori_Rosso', '5_Quadri_Blu', 'A_Cuori_Blu', '9_Quadri_Rosso', 'A_Quadri_Rosso', '6_Quadri_Blu', '8_Fiori_Blu', '6_Cuori_Blu']
2025-11-09 12:32:25 - round.py - INFO - pick_up_discard - -------------------------------------------------------------------------------------
2025-11-09 12:32:25 - player_onto_manager.py - INFO - apre_tris -  6_Fiori_Rosso -5 ----> partialScore ----> 5
2025-11-09 12:32:25 - player_onto_manager.py - INFO - apre_tris -  6_Quadri_Blu -5 ----> partialScore ----> 10
2025-11-09 12:32:25 - player_onto_manager.py - INFO - apre_tris -  6_Cuori_Blu -5 ----> partialScore ----> 15
2025-11-09 12:32:25 - player_onto_manager.py - INFO - apre_tris - FINAL partialScore ----> 15
2025-11-09 12:32:25 - round.py - INFO - open_tris - Alessio ----> [(6, 31, 'Fiori', 5), (6, 72, 'Quadri', 5), (6, 59, 'Cuori', 5)]
2025-11-09 12:32:25 - round.py - INFO - discard - -------------------------------------------------------------------------------------
2025-11-09 12:32:25 - round.py - INFO - discard - -----------------------------------------FINE---------------------------------
2025-11-09 12:32:25 - round.py - INFO - discard - Alessio ----> A_Quadri_Rosso
2025-11-09 12:32:25 - round.py - INFO - discard - -------------------------------------------------------------------------------------
2025-11-09 12:32:25 - round.py - INFO - pick_up_discard - -------------------------------------------------------------------------------------
2025-11-09 12:32:25 - round.py - INFO - pick_up_discard - -----------------------------------------NUOVO TURNO---------------------------------
2025-11-09 12:32:25 - round.py - INFO - pick_up_discard - MariaGrazia 
2025-11-09 12:32:25 - round.py - INFO - pick_up_discard - ---- carta pescata ----> ['A_Quadri_Rosso']
2025-11-09 12:32:25 - round.py - INFO - pick_up_discard - ---- CARTE IN MANO: 
2025-11-09 12:32:25 - round.py - INFO - pick_up_discard - ['9_Cuori_Blu', '3_Quadri_Blu', '3_Picche_Rosso', 'J_Picche_Rosso', '8_Quadri_Blu', '7_Cuori_Blu', 'J_Cuori_Blu', 'A_Quadri_Rosso']
2025-11-09 12:32:25 - round.py - INFO - pick_up_discard - -------------------------------------------------------------------------------------
2025-11-09 12:32:25 - round.py - INFO - discard - -------------------------------------------------------------------------------------
2025-11-09 12:32:25 - round.py - INFO - discard - -----------------------------------------FINE---------------------------------
2025-11-09 12:32:25 - round.py - INFO - discard - MariaGrazia ----> 7_Cuori_Blu
2025-11-09 12:32:25 - round.py - INFO - discard - -------------------------------------------------------------------------------------
2025-11-09 12:32:25 - round.py - INFO - pick_up_card - -------------------------------------------------------------------------------------
2025-11-09 12:32:25 - round.py - INFO - pick_up_card - -----------------------------------------NUOVO TURNO---------------------------------
2025-11-09 12:32:25 - round.py - INFO - pick_up_card - Alessio 
2025-11-09 12:32:25 - round.py - INFO - pick_up_card - ---- carta pescata ----> 10_Picche_Blu
2025-11-09 12:32:25 - round.py - INFO - pick_up_card - ---- CARTE IN MANO: 
2025-11-09 12:32:25 - round.py - INFO - pick_up_card - ['J_Fiori_Rosso', '5_Quadri_Blu', 'A_Cuori_Blu', '9_Quadri_Rosso', '8_Fiori_Blu', '10_Picche_Blu']
2025-11-09 12:32:25 - round.py - INFO - pick_up_card - -------------------------------------------------------------------------------------
2025-11-09 12:32:25 - round.py - INFO - update_tris - Alessio ----> 10 -->10_Picche_Blu
2025-11-09 12:32:25 - round.py - INFO - discard - -------------------------------------------------------------------------------------
2025-11-09 12:32:25 - round.py - INFO - discard - -----------------------------------------FINE---------------------------------
2025-11-09 12:32:25 - round.py - INFO - discard - Alessio ----> 5_Quadri_Blu
2025-11-09 12:32:25 - round.py - INFO - discard - -------------------------------------------------------------------------------------
2025-11-09 12:32:25 - round.py - INFO - pick_up_card - -------------------------------------------------------------------------------------
2025-11-09 12:32:25 - round.py - INFO - pick_up_card - -----------------------------------------NUOVO TURNO---------------------------------
2025-11-09 12:32:25 - round.py - INFO - pick_up_card - MariaGrazia 
2025-11-09 12:32:25 - round.py - INFO - pick_up_card - ---- carta pescata ----> A_Quadri_Blu
2025-11-09 12:32:25 - round.py - INFO - pick_up_card - ---- CARTE IN MANO: 
2025-11-09 12:32:25 - round.py - INFO - pick_up_card - ['9_Cuori_Blu', '3_Quadri_Blu', '3_Picche_Rosso', 'J_Picche_Rosso', '8_Quadri_Blu', 'J_Cuori_Blu', 'A_Quadri_Rosso', 'A_Quadri_Blu']
2025-11-09 12:32:25 - round.py - INFO - pick_up_card - -------------------------------------------------------------------------------------
2025-11-09 12:32:25 - round.py - INFO - discard - -------------------------------------------------------------------------------------
2025-11-09 12:32:25 - round.py - INFO - discard - -----------------------------------------FINE---------------------------------
2025-11-09 12:32:25 - round.py - INFO - discard - MariaGrazia ----> 9_Cuori_Blu
2025-11-09 12:32:25 - round.py - INFO - discard - -------------------------------------------------------------------------------------
2025-11-09 12:32:25 - round.py - INFO - pick_up_discard - -------------------------------------------------------------------------------------
2025-11-09 12:32:25 - round.py - INFO - pick_up_discard - -----------------------------------------NUOVO TURNO---------------------------------
2025-11-09 12:32:25 - round.py - INFO - pick_up_discard - Alessio 
2025-11-09 12:32:25 - round.py - INFO - pick_up_discard - ---- carta pescata ----> ['7_Cuori_Blu', '5_Quadri_Blu', '9_Cuori_Blu']
2025-11-09 12:32:25 - round.py - INFO - pick_up_discard - ---- CARTE IN MANO: 
2025-11-09 12:32:25 - round.py - INFO - pick_up_discard - ['J_Fiori_Rosso', 'A_Cuori_Blu', '9_Quadri_Rosso', '8_Fiori_Blu', '7_Cuori_Blu', '5_Quadri_Blu', '9_Cuori_Blu']
2025-11-09 12:32:25 - round.py - INFO - pick_up_discard - -------------------------------------------------------------------------------------
2025-11-09 12:32:26 - round.py - INFO - discard - -------------------------------------------------------------------------------------
2025-11-09 12:32:26 - round.py - INFO - discard - -----------------------------------------FINE---------------------------------
2025-11-09 12:32:26 - round.py - INFO - discard - Alessio ----> J_Fiori_Rosso
2025-11-09 12:32:26 - round.py - INFO - discard - -------------------------------------------------------------------------------------
2025-11-09 12:32:26 - round.py - INFO - pick_up_card - -------------------------------------------------------------------------------------
2025-11-09 12:32:26 - round.py - INFO - pick_up_card - -----------------------------------------NUOVO TURNO---------------------------------
2025-11-09 12:32:26 - round.py - INFO - pick_up_card - MariaGrazia 
2025-11-09 12:32:26 - round.py - INFO - pick_up_card - ---- carta pescata ----> K_Cuori_Blu
2025-11-09 12:32:26 - round.py - INFO - pick_up_card - ---- CARTE IN MANO: 
2025-11-09 12:32:26 - round.py - INFO - pick_up_card - ['3_Quadri_Blu', '3_Picche_Rosso', 'J_Picche_Rosso', '8_Quadri_Blu', 'J_Cuori_Blu', 'A_Quadri_Rosso', 'A_Quadri_Blu', 'K_Cuori_Blu']
2025-11-09 12:32:26 - round.py - INFO - pick_up_card - -------------------------------------------------------------------------------------
2025-11-09 12:32:26 - round.py - INFO - update_tris - MariaGrazia ----> 13 -->K_Cuori_Blu
2025-11-09 12:32:26 - round.py - INFO - discard - -------------------------------------------------------------------------------------
2025-11-09 12:32:26 - round.py - INFO - discard - -----------------------------------------FINE---------------------------------
2025-11-09 12:32:26 - round.py - INFO - discard - MariaGrazia ----> 3_Quadri_Blu
2025-11-09 12:32:26 - round.py - INFO - discard - -------------------------------------------------------------------------------------
2025-11-09 12:32:26 - round.py - INFO - pick_up_card - -------------------------------------------------------------------------------------
2025-11-09 12:32:26 - round.py - INFO - pick_up_card - -----------------------------------------NUOVO TURNO---------------------------------
2025-11-09 12:32:26 - round.py - INFO - pick_up_card - Alessio 
2025-11-09 12:32:26 - round.py - INFO - pick_up_card - ---- carta pescata ----> 4_Fiori_Blu
2025-11-09 12:32:26 - round.py - INFO - pick_up_card - ---- CARTE IN MANO: 
2025-11-09 12:32:26 - round.py - INFO - pick_up_card - ['A_Cuori_Blu', '9_Quadri_Rosso', '8_Fiori_Blu', '7_Cuori_Blu', '5_Quadri_Blu', '9_Cuori_Blu', '4_Fiori_Blu']
2025-11-09 12:32:26 - round.py - INFO - pick_up_card - -------------------------------------------------------------------------------------
2025-11-09 12:32:26 - round.py - INFO - discard - -------------------------------------------------------------------------------------
2025-11-09 12:32:26 - round.py - INFO - discard - -----------------------------------------FINE---------------------------------
2025-11-09 12:32:26 - round.py - INFO - discard - Alessio ----> 5_Quadri_Blu
2025-11-09 12:32:26 - round.py - INFO - discard - -------------------------------------------------------------------------------------
2025-11-09 12:32:26 - round.py - INFO - pick_up_discard - -------------------------------------------------------------------------------------
2025-11-09 12:32:26 - round.py - INFO - pick_up_discard - -----------------------------------------NUOVO TURNO---------------------------------
2025-11-09 12:32:26 - round.py - INFO - pick_up_discard - MariaGrazia 
2025-11-09 12:32:26 - round.py - INFO - pick_up_discard - ---- carta pescata ----> ['J_Fiori_Rosso', '3_Quadri_Blu', '5_Quadri_Blu']
2025-11-09 12:32:26 - round.py - INFO - pick_up_discard - ---- CARTE IN MANO: 
2025-11-09 12:32:26 - round.py - INFO - pick_up_discard - ['3_Picche_Rosso', 'J_Picche_Rosso', '8_Quadri_Blu', 'J_Cuori_Blu', 'A_Quadri_Rosso', 'A_Quadri_Blu', 'J_Fiori_Rosso', '3_Quadri_Blu', '5_Quadri_Blu']
2025-11-09 12:32:26 - round.py - INFO - pick_up_discard - -------------------------------------------------------------------------------------
2025-11-09 12:32:26 - player_onto_manager.py - INFO - apre_tris -  J_Fiori_Rosso -10 ----> partialScore ----> 10
2025-11-09 12:32:26 - player_onto_manager.py - INFO - apre_tris -  J_Picche_Rosso -10 ----> partialScore ----> 20
2025-11-09 12:32:26 - player_onto_manager.py - INFO - apre_tris -  J_Cuori_Blu -10 ----> partialScore ----> 30
2025-11-09 12:32:26 - player_onto_manager.py - INFO - apre_tris - FINAL partialScore ----> 30
2025-11-09 12:32:26 - round.py - INFO - open_tris - MariaGrazia ----> [(11, 36, 'Fiori', 10), (11, 49, 'Picche', 10), (11, 64, 'Cuori', 10)]
2025-11-09 12:32:26 - round.py - INFO - discard - -------------------------------------------------------------------------------------
2025-11-09 12:32:26 - round.py - INFO - discard - -----------------------------------------FINE---------------------------------
2025-11-09 12:32:26 - round.py - INFO - discard - MariaGrazia ----> 3_Picche_Rosso
2025-11-09 12:32:26 - round.py - INFO - discard - -------------------------------------------------------------------------------------
2025-11-09 12:32:26 - round.py - INFO - pick_up_card - -------------------------------------------------------------------------------------
2025-11-09 12:32:26 - round.py - INFO - pick_up_card - -----------------------------------------NUOVO TURNO---------------------------------
2025-11-09 12:32:26 - round.py - INFO - pick_up_card - Alessio 
2025-11-09 12:32:26 - round.py - INFO - pick_up_card - ---- carta pescata ----> J_Quadri_Rosso
2025-11-09 12:32:26 - round.py - INFO - pick_up_card - ---- CARTE IN MANO: 
2025-11-09 12:32:26 - round.py - INFO - pick_up_card - ['A_Cuori_Blu', '9_Quadri_Rosso', '8_Fiori_Blu', '7_Cuori_Blu', '9_Cuori_Blu', '4_Fiori_Blu', 'J_Quadri_Rosso']
2025-11-09 12:32:26 - round.py - INFO - pick_up_card - -------------------------------------------------------------------------------------
2025-11-09 12:32:26 - round.py - INFO - discard - -------------------------------------------------------------------------------------
2025-11-09 12:32:26 - round.py - INFO - discard - -----------------------------------------FINE---------------------------------
2025-11-09 12:32:26 - round.py - INFO - discard - Alessio ----> 7_Cuori_Blu
2025-11-09 12:32:26 - round.py - INFO - discard - -------------------------------------------------------------------------------------
2025-11-09 12:32:26 - round.py - INFO - pick_up_card - -------------------------------------------------------------------------------------
2025-11-09 12:32:26 - round.py - INFO - pick_up_card - -----------------------------------------NUOVO TURNO---------------------------------
2025-11-09 12:32:26 - round.py - INFO - pick_up_card - MariaGrazia 
2025-11-09 12:32:26 - round.py - INFO - pick_up_card - ---- carta pescata ----> 9_Picche_Rosso
2025-11-09 12:32:26 - round.py - INFO - pick_up_card - ---- CARTE IN MANO: 
2025-11-09 12:32:26 - round.py - INFO - pick_up_card - ['8_Quadri_Blu', 'A_Quadri_Rosso', 'A_Quadri_Blu', '3_Quadri_Blu', '5_Quadri_Blu', '9_Picche_Rosso']
2025-11-09 12:32:26 - round.py - INFO - pick_up_card - -------------------------------------------------------------------------------------
2025-11-09 12:32:26 - round.py - INFO - discard - -------------------------------------------------------------------------------------
2025-11-09 12:32:26 - round.py - INFO - discard - -----------------------------------------FINE---------------------------------
2025-11-09 12:32:26 - round.py - INFO - discard - MariaGrazia ----> 8_Quadri_Blu
2025-11-09 12:32:26 - round.py - INFO - discard - -------------------------------------------------------------------------------------
2025-11-09 12:32:26 - round.py - INFO - pick_up_discard - -------------------------------------------------------------------------------------
2025-11-09 12:32:26 - round.py - INFO - pick_up_discard - -----------------------------------------NUOVO TURNO---------------------------------
2025-11-09 12:32:26 - round.py - INFO - pick_up_discard - Alessio 
2025-11-09 12:32:26 - round.py - INFO - pick_up_discard - ---- carta pescata ----> ['3_Picche_Rosso', '7_Cuori_Blu', '8_Quadri_Blu']
2025-11-09 12:32:26 - round.py - INFO - pick_up_discard - ---- CARTE IN MANO: 
2025-11-09 12:32:26 - round.py - INFO - pick_up_discard - ['A_Cuori_Blu', '9_Quadri_Rosso', '8_Fiori_Blu', '9_Cuori_Blu', '4_Fiori_Blu', 'J_Quadri_Rosso', '3_Picche_Rosso', '7_Cuori_Blu', '8_Quadri_Blu']
2025-11-09 12:32:26 - round.py - INFO - pick_up_discard - -------------------------------------------------------------------------------------
2025-11-09 12:32:26 - round.py - INFO - discard - -------------------------------------------------------------------------------------
2025-11-09 12:32:26 - round.py - INFO - discard - -----------------------------------------FINE---------------------------------
2025-11-09 12:32:26 - round.py - INFO - discard - Alessio ----> 9_Quadri_Rosso
2025-11-09 12:32:26 - round.py - INFO - discard - -------------------------------------------------------------------------------------
2025-11-09 12:32:27 - round.py - INFO - pick_up_card - -------------------------------------------------------------------------------------
2025-11-09 12:32:27 - round.py - INFO - pick_up_card - -----------------------------------------NUOVO TURNO---------------------------------
2025-11-09 12:32:27 - round.py - INFO - pick_up_card - MariaGrazia 
2025-11-09 12:32:27 - round.py - INFO - pick_up_card - ---- carta pescata ----> 9_Cuori_Rosso
2025-11-09 12:32:27 - round.py - INFO - pick_up_card - ---- CARTE IN MANO: 
2025-11-09 12:32:27 - round.py - INFO - pick_up_card - ['A_Quadri_Rosso', 'A_Quadri_Blu', '3_Quadri_Blu', '5_Quadri_Blu', '9_Picche_Rosso', '9_Cuori_Rosso']
2025-11-09 12:32:27 - round.py - INFO - pick_up_card - -------------------------------------------------------------------------------------
2025-11-09 12:32:27 - round.py - INFO - discard - -------------------------------------------------------------------------------------
2025-11-09 12:32:27 - round.py - INFO - discard - -----------------------------------------FINE---------------------------------
2025-11-09 12:32:27 - round.py - INFO - discard - MariaGrazia ----> 9_Picche_Rosso
2025-11-09 12:32:27 - round.py - INFO - discard - -------------------------------------------------------------------------------------
2025-11-09 12:32:27 - round.py - INFO - pick_up_card - -------------------------------------------------------------------------------------
2025-11-09 12:32:27 - round.py - INFO - pick_up_card - -----------------------------------------NUOVO TURNO---------------------------------
2025-11-09 12:32:27 - round.py - INFO - pick_up_card - Alessio 
2025-11-09 12:32:27 - round.py - INFO - pick_up_card - ---- carta pescata ----> 10_Cuori_Blu
2025-11-09 12:32:27 - round.py - INFO - pick_up_card - ---- CARTE IN MANO: 
2025-11-09 12:32:27 - round.py - INFO - pick_up_card - ['A_Cuori_Blu', '8_Fiori_Blu', '9_Cuori_Blu', '4_Fiori_Blu', 'J_Quadri_Rosso', '3_Picche_Rosso', '7_Cuori_Blu', '8_Quadri_Blu', '10_Cuori_Blu']
2025-11-09 12:32:27 - round.py - INFO - pick_up_card - -------------------------------------------------------------------------------------
2025-11-09 12:32:27 - round.py - INFO - update_tris - Alessio ----> 10 -->10_Cuori_Blu
2025-11-09 12:32:27 - round.py - INFO - discard - -------------------------------------------------------------------------------------
2025-11-09 12:32:27 - round.py - INFO - discard - -----------------------------------------FINE---------------------------------
2025-11-09 12:32:27 - round.py - INFO - discard - Alessio ----> 8_Fiori_Blu
2025-11-09 12:32:27 - round.py - INFO - discard - -------------------------------------------------------------------------------------
2025-11-09 12:32:27 - round.py - INFO - pick_up_discard - -------------------------------------------------------------------------------------
2025-11-09 12:32:27 - round.py - INFO - pick_up_discard - -----------------------------------------NUOVO TURNO---------------------------------
2025-11-09 12:32:27 - round.py - INFO - pick_up_discard - MariaGrazia 
2025-11-09 12:32:27 - round.py - INFO - pick_up_discard - ---- carta pescata ----> ['9_Quadri_Rosso', '9_Picche_Rosso', '8_Fiori_Blu']
2025-11-09 12:32:27 - round.py - INFO - pick_up_discard - ---- CARTE IN MANO: 
2025-11-09 12:32:27 - round.py - INFO - pick_up_discard - ['A_Quadri_Rosso', 'A_Quadri_Blu', '3_Quadri_Blu', '5_Quadri_Blu', '9_Cuori_Rosso', '9_Quadri_Rosso', '9_Picche_Rosso', '8_Fiori_Blu']
2025-11-09 12:32:27 - round.py - INFO - pick_up_discard - -------------------------------------------------------------------------------------
2025-11-09 12:32:27 - player_onto_manager.py - INFO - apre_tris -  9_Quadri_Rosso -10 ----> partialScore ----> 10
2025-11-09 12:32:27 - player_onto_manager.py - INFO - apre_tris -  9_Cuori_Rosso -10 ----> partialScore ----> 20
2025-11-09 12:32:27 - player_onto_manager.py - INFO - apre_tris -  9_Picche_Rosso -10 ----> partialScore ----> 30
2025-11-09 12:32:27 - player_onto_manager.py - INFO - apre_tris - FINAL partialScore ----> 30
2025-11-09 12:32:27 - round.py - INFO - open_tris - MariaGrazia ----> [(9, 21, 'Quadri', 10), (9, 8, 'Cuori', 10), (9, 47, 'Picche', 10)]
2025-11-09 12:32:27 - round.py - INFO - discard - -------------------------------------------------------------------------------------
2025-11-09 12:32:27 - round.py - INFO - discard - -----------------------------------------FINE---------------------------------
2025-11-09 12:32:27 - round.py - INFO - discard - MariaGrazia ----> 5_Quadri_Blu
2025-11-09 12:32:27 - round.py - INFO - discard - -------------------------------------------------------------------------------------
2025-11-09 12:32:27 - round.py - INFO - pick_up_discard - -------------------------------------------------------------------------------------
2025-11-09 12:32:27 - round.py - INFO - pick_up_discard - -----------------------------------------NUOVO TURNO---------------------------------
2025-11-09 12:32:27 - round.py - INFO - pick_up_discard - Alessio 
2025-11-09 12:32:27 - round.py - INFO - pick_up_discard - ---- carta pescata ----> ['5_Quadri_Blu']
2025-11-09 12:32:27 - round.py - INFO - pick_up_discard - ---- CARTE IN MANO: 
2025-11-09 12:32:27 - round.py - INFO - pick_up_discard - ['A_Cuori_Blu', '9_Cuori_Blu', '4_Fiori_Blu', 'J_Quadri_Rosso', '3_Picche_Rosso', '7_Cuori_Blu', '8_Quadri_Blu', '5_Quadri_Blu']
2025-11-09 12:32:27 - round.py - INFO - pick_up_discard - -------------------------------------------------------------------------------------
2025-11-09 12:32:27 - round.py - INFO - discard - -------------------------------------------------------------------------------------
2025-11-09 12:32:27 - round.py - INFO - discard - -----------------------------------------FINE---------------------------------
2025-11-09 12:32:27 - round.py - INFO - discard - Alessio ----> 8_Quadri_Blu
2025-11-09 12:32:27 - round.py - INFO - discard - -------------------------------------------------------------------------------------
2025-11-09 12:32:27 - round.py - INFO - pick_up_discard - -------------------------------------------------------------------------------------
2025-11-09 12:32:27 - round.py - INFO - pick_up_discard - -----------------------------------------NUOVO TURNO---------------------------------
2025-11-09 12:32:27 - round.py - INFO - pick_up_discard - MariaGrazia 
2025-11-09 12:32:27 - round.py - INFO - pick_up_discard - ---- carta pescata ----> ['8_Quadri_Blu']
2025-11-09 12:32:27 - round.py - INFO - pick_up_discard - ---- CARTE IN MANO: 
2025-11-09 12:32:27 - round.py - INFO - pick_up_discard - ['A_Quadri_Rosso', 'A_Quadri_Blu', '3_Quadri_Blu', '8_Fiori_Blu', '8_Quadri_Blu']
2025-11-09 12:32:27 - round.py - INFO - pick_up_discard - -------------------------------------------------------------------------------------
2025-11-09 12:32:27 - round.py - INFO - discard - -------------------------------------------------------------------------------------
2025-11-09 12:32:27 - round.py - INFO - discard - -----------------------------------------FINE---------------------------------
2025-11-09 12:32:27 - round.py - INFO - discard - MariaGrazia ----> 8_Quadri_Blu
2025-11-09 12:32:27 - round.py - INFO - discard - -------------------------------------------------------------------------------------
2025-11-09 12:32:27 - round.py - INFO - pick_up_card - -------------------------------------------------------------------------------------
2025-11-09 12:32:27 - round.py - INFO - pick_up_card - -----------------------------------------NUOVO TURNO---------------------------------
2025-11-09 12:32:27 - round.py - INFO - pick_up_card - Alessio 
2025-11-09 12:32:27 - round.py - INFO - pick_up_card - ---- carta pescata ----> 5_Picche_Rosso
2025-11-09 12:32:27 - round.py - INFO - pick_up_card - ---- CARTE IN MANO: 
2025-11-09 12:32:27 - round.py - INFO - pick_up_card - ['A_Cuori_Blu', '9_Cuori_Blu', '4_Fiori_Blu', 'J_Quadri_Rosso', '3_Picche_Rosso', '7_Cuori_Blu', '5_Quadri_Blu', '5_Picche_Rosso']
2025-11-09 12:32:27 - round.py - INFO - pick_up_card - -------------------------------------------------------------------------------------
2025-11-09 12:32:27 - round.py - INFO - discard - -------------------------------------------------------------------------------------
2025-11-09 12:32:27 - round.py - INFO - discard - -----------------------------------------FINE---------------------------------
2025-11-09 12:32:27 - round.py - INFO - discard - Alessio ----> 5_Quadri_Blu
2025-11-09 12:32:27 - round.py - INFO - discard - -------------------------------------------------------------------------------------
2025-11-09 12:32:27 - round.py - INFO - pick_up_card - -------------------------------------------------------------------------------------
2025-11-09 12:32:27 - round.py - INFO - pick_up_card - -----------------------------------------NUOVO TURNO---------------------------------
2025-11-09 12:32:27 - round.py - INFO - pick_up_card - MariaGrazia 
2025-11-09 12:32:27 - round.py - INFO - pick_up_card - ---- carta pescata ----> 6_Picche_Rosso
2025-11-09 12:32:27 - round.py - INFO - pick_up_card - ---- CARTE IN MANO: 
2025-11-09 12:32:27 - round.py - INFO - pick_up_card - ['A_Quadri_Rosso', 'A_Quadri_Blu', '3_Quadri_Blu', '8_Fiori_Blu', '6_Picche_Rosso']
2025-11-09 12:32:27 - round.py - INFO - pick_up_card - -------------------------------------------------------------------------------------
2025-11-09 12:32:27 - round.py - INFO - discard - -------------------------------------------------------------------------------------
2025-11-09 12:32:27 - round.py - INFO - discard - -----------------------------------------FINE---------------------------------
2025-11-09 12:32:27 - round.py - INFO - discard - MariaGrazia ----> A_Quadri_Blu
2025-11-09 12:32:27 - round.py - INFO - discard - -------------------------------------------------------------------------------------
2025-11-09 12:32:27 - round.py - INFO - pick_up_card - -------------------------------------------------------------------------------------
2025-11-09 12:32:27 - round.py - INFO - pick_up_card - -----------------------------------------NUOVO TURNO---------------------------------
2025-11-09 12:32:27 - round.py - INFO - pick_up_card - Alessio 
2025-11-09 12:32:27 - round.py - INFO - pick_up_card - ---- carta pescata ----> Q_Cuori_Rosso
2025-11-09 12:32:27 - round.py - INFO - pick_up_card - ---- CARTE IN MANO: 
2025-11-09 12:32:27 - round.py - INFO - pick_up_card - ['A_Cuori_Blu', '9_Cuori_Blu', '4_Fiori_Blu', 'J_Quadri_Rosso', '3_Picche_Rosso', '7_Cuori_Blu', '5_Picche_Rosso', 'Q_Cuori_Rosso']
2025-11-09 12:32:27 - round.py - INFO - pick_up_card - -------------------------------------------------------------------------------------
2025-11-09 12:32:28 - round.py - INFO - discard - -------------------------------------------------------------------------------------
2025-11-09 12:32:28 - round.py - INFO - discard - -----------------------------------------FINE---------------------------------
2025-11-09 12:32:28 - round.py - INFO - discard - Alessio ----> 9_Cuori_Blu
2025-11-09 12:32:28 - round.py - INFO - discard - -------------------------------------------------------------------------------------
2025-11-09 12:32:28 - round.py - INFO - pick_up_discard - -------------------------------------------------------------------------------------
2025-11-09 12:32:28 - round.py - INFO - pick_up_discard - -----------------------------------------NUOVO TURNO---------------------------------
2025-11-09 12:32:28 - round.py - INFO - pick_up_discard - MariaGrazia 
2025-11-09 12:32:28 - round.py - INFO - pick_up_discard - ---- carta pescata ----> ['8_Quadri_Blu', '5_Quadri_Blu', 'A_Quadri_Blu', '9_Cuori_Blu']
2025-11-09 12:32:28 - round.py - INFO - pick_up_discard - ---- CARTE IN MANO: 
2025-11-09 12:32:28 - round.py - INFO - pick_up_discard - ['A_Quadri_Rosso', '3_Quadri_Blu', '8_Fiori_Blu', '6_Picche_Rosso', '8_Quadri_Blu', '5_Quadri_Blu', 'A_Quadri_Blu', '9_Cuori_Blu']
2025-11-09 12:32:28 - round.py - INFO - pick_up_discard - -------------------------------------------------------------------------------------
2025-11-09 12:32:28 - round.py - INFO - update_tris - MariaGrazia ----> 9 -->9_Cuori_Blu
2025-11-09 12:32:28 - round.py - INFO - discard - -------------------------------------------------------------------------------------
2025-11-09 12:32:28 - round.py - INFO - discard - -----------------------------------------FINE---------------------------------
2025-11-09 12:32:28 - round.py - INFO - discard - MariaGrazia ----> 3_Quadri_Blu
2025-11-09 12:32:28 - round.py - INFO - discard - -------------------------------------------------------------------------------------
2025-11-09 12:32:28 - round.py - INFO - pick_up_card - -------------------------------------------------------------------------------------
2025-11-09 12:32:28 - round.py - INFO - pick_up_card - -----------------------------------------NUOVO TURNO---------------------------------
2025-11-09 12:32:28 - round.py - INFO - pick_up_card - Alessio 
2025-11-09 12:32:28 - round.py - INFO - pick_up_card - ---- carta pescata ----> A_Fiori_Rosso
2025-11-09 12:32:28 - round.py - INFO - pick_up_card - ---- CARTE IN MANO: 
2025-11-09 12:32:28 - round.py - INFO - pick_up_card - ['A_Cuori_Blu', '4_Fiori_Blu', 'J_Quadri_Rosso', '3_Picche_Rosso', '7_Cuori_Blu', '5_Picche_Rosso', 'Q_Cuori_Rosso', 'A_Fiori_Rosso']
2025-11-09 12:32:28 - round.py - INFO - pick_up_card - -------------------------------------------------------------------------------------
2025-11-09 12:32:28 - round.py - INFO - discard - -------------------------------------------------------------------------------------
2025-11-09 12:32:28 - round.py - INFO - discard - -----------------------------------------FINE---------------------------------
2025-11-09 12:32:28 - round.py - INFO - discard - Alessio ----> 3_Picche_Rosso
2025-11-09 12:32:28 - round.py - INFO - discard - -------------------------------------------------------------------------------------
2025-11-09 12:32:28 - round.py - INFO - pick_up_card - -------------------------------------------------------------------------------------
2025-11-09 12:32:28 - round.py - INFO - pick_up_card - -----------------------------------------NUOVO TURNO---------------------------------
2025-11-09 12:32:28 - round.py - INFO - pick_up_card - MariaGrazia 
2025-11-09 12:32:28 - round.py - INFO - pick_up_card - ---- carta pescata ----> 7_Quadri_Rosso
2025-11-09 12:32:28 - round.py - INFO - pick_up_card - ---- CARTE IN MANO: 
2025-11-09 12:32:28 - round.py - INFO - pick_up_card - ['A_Quadri_Rosso', '8_Fiori_Blu', '6_Picche_Rosso', '8_Quadri_Blu', '5_Quadri_Blu', 'A_Quadri_Blu', '7_Quadri_Rosso']
2025-11-09 12:32:28 - round.py - INFO - pick_up_card - -------------------------------------------------------------------------------------
2025-11-09 12:32:28 - round.py - INFO - discard - -------------------------------------------------------------------------------------
2025-11-09 12:32:28 - round.py - INFO - discard - -----------------------------------------FINE---------------------------------
2025-11-09 12:32:28 - round.py - INFO - discard - MariaGrazia ----> A_Quadri_Blu
2025-11-09 12:32:28 - round.py - INFO - discard - -------------------------------------------------------------------------------------
2025-11-09 12:32:28 - round.py - INFO - pick_up_discard - -------------------------------------------------------------------------------------
2025-11-09 12:32:28 - round.py - INFO - pick_up_discard - -----------------------------------------NUOVO TURNO---------------------------------
2025-11-09 12:32:28 - round.py - INFO - pick_up_discard - Alessio 
2025-11-09 12:32:28 - round.py - INFO - pick_up_discard - ---- carta pescata ----> ['3_Quadri_Blu', '3_Picche_Rosso', 'A_Quadri_Blu']
2025-11-09 12:32:28 - round.py - INFO - pick_up_discard - ---- CARTE IN MANO: 
2025-11-09 12:32:28 - round.py - INFO - pick_up_discard - ['A_Cuori_Blu', '4_Fiori_Blu', 'J_Quadri_Rosso', '7_Cuori_Blu', '5_Picche_Rosso', 'Q_Cuori_Rosso', 'A_Fiori_Rosso', '3_Quadri_Blu', '3_Picche_Rosso', 'A_Quadri_Blu']
2025-11-09 12:32:28 - round.py - INFO - pick_up_discard - -------------------------------------------------------------------------------------
2025-11-09 12:32:28 - player_onto_manager.py - INFO - apre_tris -  A_Fiori_Rosso -15 ----> partialScore ----> 15
2025-11-09 12:32:28 - player_onto_manager.py - INFO - apre_tris -  A_Cuori_Blu -15 ----> partialScore ----> 30
2025-11-09 12:32:28 - player_onto_manager.py - INFO - apre_tris -  A_Quadri_Blu -15 ----> partialScore ----> 45
2025-11-09 12:32:28 - player_onto_manager.py - INFO - apre_tris - FINAL partialScore ----> 45
2025-11-09 12:32:28 - round.py - INFO - open_tris - Alessio ----> [(1, 26, 'Fiori', 15), (1, 54, 'Cuori', 15), (1, 67, 'Quadri', 15)]
2025-11-09 12:32:29 - round.py - INFO - discard - -------------------------------------------------------------------------------------
2025-11-09 12:32:29 - round.py - INFO - discard - -----------------------------------------FINE---------------------------------
2025-11-09 12:32:29 - round.py - INFO - discard - Alessio ----> 3_Picche_Rosso
2025-11-09 12:32:29 - round.py - INFO - discard - -------------------------------------------------------------------------------------
2025-11-09 12:32:29 - round.py - INFO - pick_up_discard - -------------------------------------------------------------------------------------
2025-11-09 12:32:29 - round.py - INFO - pick_up_discard - -----------------------------------------NUOVO TURNO---------------------------------
2025-11-09 12:32:29 - round.py - INFO - pick_up_discard - MariaGrazia 
2025-11-09 12:32:29 - round.py - INFO - pick_up_discard - ---- carta pescata ----> ['3_Picche_Rosso']
2025-11-09 12:32:29 - round.py - INFO - pick_up_discard - ---- CARTE IN MANO: 
2025-11-09 12:32:29 - round.py - INFO - pick_up_discard - ['A_Quadri_Rosso', '8_Fiori_Blu', '6_Picche_Rosso', '8_Quadri_Blu', '5_Quadri_Blu', '7_Quadri_Rosso', '3_Picche_Rosso']
2025-11-09 12:32:29 - round.py - INFO - pick_up_discard - -------------------------------------------------------------------------------------
2025-11-09 12:32:29 - round.py - INFO - discard - -------------------------------------------------------------------------------------
2025-11-09 12:32:29 - round.py - INFO - discard - -----------------------------------------FINE---------------------------------
2025-11-09 12:32:29 - round.py - INFO - discard - MariaGrazia ----> 3_Picche_Rosso
2025-11-09 12:32:29 - round.py - INFO - discard - -------------------------------------------------------------------------------------
2025-11-09 12:32:29 - round.py - INFO - pick_up_card - -------------------------------------------------------------------------------------
2025-11-09 12:32:29 - round.py - INFO - pick_up_card - -----------------------------------------NUOVO TURNO---------------------------------
2025-11-09 12:32:29 - round.py - INFO - pick_up_card - Alessio 
2025-11-09 12:32:29 - round.py - INFO - pick_up_card - ---- carta pescata ----> 3_Cuori_Rosso
2025-11-09 12:32:29 - round.py - INFO - pick_up_card - ---- CARTE IN MANO: 
2025-11-09 12:32:29 - round.py - INFO - pick_up_card - ['4_Fiori_Blu', 'J_Quadri_Rosso', '7_Cuori_Blu', '5_Picche_Rosso', 'Q_Cuori_Rosso', '3_Quadri_Blu', '3_Cuori_Rosso']
2025-11-09 12:32:29 - round.py - INFO - pick_up_card - -------------------------------------------------------------------------------------
2025-11-09 12:32:29 - round.py - INFO - discard - -------------------------------------------------------------------------------------
2025-11-09 12:32:29 - round.py - INFO - discard - -----------------------------------------FINE---------------------------------
2025-11-09 12:32:29 - round.py - INFO - discard - Alessio ----> 5_Picche_Rosso
2025-11-09 12:32:29 - round.py - INFO - discard - -------------------------------------------------------------------------------------
2025-11-09 12:32:29 - round.py - INFO - pick_up_card - -------------------------------------------------------------------------------------
2025-11-09 12:32:29 - round.py - INFO - pick_up_card - -----------------------------------------NUOVO TURNO---------------------------------
2025-11-09 12:32:29 - round.py - INFO - pick_up_card - MariaGrazia 
2025-11-09 12:32:29 - round.py - INFO - pick_up_card - ---- carta pescata ----> Q_Fiori_Rosso
2025-11-09 12:32:29 - round.py - INFO - pick_up_card - ---- CARTE IN MANO: 
2025-11-09 12:32:29 - round.py - INFO - pick_up_card - ['A_Quadri_Rosso', '8_Fiori_Blu', '6_Picche_Rosso', '8_Quadri_Blu', '5_Quadri_Blu', '7_Quadri_Rosso', 'Q_Fiori_Rosso']
2025-11-09 12:32:29 - round.py - INFO - pick_up_card - -------------------------------------------------------------------------------------
2025-11-09 12:32:29 - round.py - INFO - discard - -------------------------------------------------------------------------------------
2025-11-09 12:32:29 - round.py - INFO - discard - -----------------------------------------FINE---------------------------------
2025-11-09 12:32:29 - round.py - INFO - discard - MariaGrazia ----> 6_Picche_Rosso
2025-11-09 12:32:29 - round.py - INFO - discard - -------------------------------------------------------------------------------------
2025-11-09 12:32:29 - round.py - INFO - pick_up_card - -------------------------------------------------------------------------------------
2025-11-09 12:32:29 - round.py - INFO - pick_up_card - -----------------------------------------NUOVO TURNO---------------------------------
2025-11-09 12:32:29 - round.py - INFO - pick_up_card - Alessio 
2025-11-09 12:32:29 - round.py - INFO - pick_up_card - ---- carta pescata ----> Q_Cuori_Blu
2025-11-09 12:32:29 - round.py - INFO - pick_up_card - ---- CARTE IN MANO: 
2025-11-09 12:32:29 - round.py - INFO - pick_up_card - ['4_Fiori_Blu', 'J_Quadri_Rosso', '7_Cuori_Blu', 'Q_Cuori_Rosso', '3_Quadri_Blu', '3_Cuori_Rosso', 'Q_Cuori_Blu']
2025-11-09 12:32:29 - round.py - INFO - pick_up_card - -------------------------------------------------------------------------------------
2025-11-09 12:32:29 - round.py - INFO - discard - -------------------------------------------------------------------------------------
2025-11-09 12:32:29 - round.py - INFO - discard - -----------------------------------------FINE---------------------------------
2025-11-09 12:32:29 - round.py - INFO - discard - Alessio ----> J_Quadri_Rosso
2025-11-09 12:32:29 - round.py - INFO - discard - -------------------------------------------------------------------------------------
2025-11-09 12:32:29 - round.py - INFO - pick_up_discard - -------------------------------------------------------------------------------------
2025-11-09 12:32:29 - round.py - INFO - pick_up_discard - -----------------------------------------NUOVO TURNO---------------------------------
2025-11-09 12:32:29 - round.py - INFO - pick_up_discard - MariaGrazia 
2025-11-09 12:32:29 - round.py - INFO - pick_up_discard - ---- carta pescata ----> ['3_Picche_Rosso', '5_Picche_Rosso', '6_Picche_Rosso', 'J_Quadri_Rosso']
2025-11-09 12:32:29 - round.py - INFO - pick_up_discard - ---- CARTE IN MANO: 
2025-11-09 12:32:29 - round.py - INFO - pick_up_discard - ['A_Quadri_Rosso', '8_Fiori_Blu', '8_Quadri_Blu', '5_Quadri_Blu', '7_Quadri_Rosso', 'Q_Fiori_Rosso', '3_Picche_Rosso', '5_Picche_Rosso', '6_Picche_Rosso', 'J_Quadri_Rosso']
2025-11-09 12:32:29 - round.py - INFO - pick_up_discard - -------------------------------------------------------------------------------------
2025-11-09 12:32:29 - round.py - INFO - update_tris - MariaGrazia ----> 11 -->J_Quadri_Rosso
2025-11-09 12:32:30 - round.py - INFO - discard - -------------------------------------------------------------------------------------
2025-11-09 12:32:30 - round.py - INFO - discard - -----------------------------------------FINE---------------------------------
2025-11-09 12:32:30 - round.py - INFO - discard - MariaGrazia ----> 8_Quadri_Blu
2025-11-09 12:32:30 - round.py - INFO - discard - -------------------------------------------------------------------------------------
2025-11-09 12:32:30 - round.py - INFO - pick_up_card - -------------------------------------------------------------------------------------
2025-11-09 12:32:30 - round.py - INFO - pick_up_card - -----------------------------------------NUOVO TURNO---------------------------------
2025-11-09 12:32:30 - round.py - INFO - pick_up_card - Alessio 
2025-11-09 12:32:30 - round.py - INFO - pick_up_card - ---- carta pescata ----> 7_Cuori_Rosso
2025-11-09 12:32:30 - round.py - INFO - pick_up_card - ---- CARTE IN MANO: 
2025-11-09 12:32:30 - round.py - INFO - pick_up_card - ['4_Fiori_Blu', '7_Cuori_Blu', 'Q_Cuori_Rosso', '3_Quadri_Blu', '3_Cuori_Rosso', 'Q_Cuori_Blu', '7_Cuori_Rosso']
2025-11-09 12:32:30 - round.py - INFO - pick_up_card - -------------------------------------------------------------------------------------
2025-11-09 12:32:30 - round.py - INFO - discard - -------------------------------------------------------------------------------------
2025-11-09 12:32:30 - round.py - INFO - discard - -----------------------------------------FINE---------------------------------
2025-11-09 12:32:30 - round.py - INFO - discard - Alessio ----> 7_Cuori_Rosso
2025-11-09 12:32:30 - round.py - INFO - discard - -------------------------------------------------------------------------------------
2025-11-09 12:32:30 - round.py - INFO - pick_up_discard - -------------------------------------------------------------------------------------
2025-11-09 12:32:30 - round.py - INFO - pick_up_discard - -----------------------------------------NUOVO TURNO---------------------------------
2025-11-09 12:32:30 - round.py - INFO - pick_up_discard - MariaGrazia 
2025-11-09 12:32:30 - round.py - INFO - pick_up_discard - ---- carta pescata ----> ['8_Quadri_Blu', '7_Cuori_Rosso']
2025-11-09 12:32:30 - round.py - INFO - pick_up_discard - ---- CARTE IN MANO: 
2025-11-09 12:32:30 - round.py - INFO - pick_up_discard - ['A_Quadri_Rosso', '8_Fiori_Blu', '5_Quadri_Blu', '7_Quadri_Rosso', 'Q_Fiori_Rosso', '3_Picche_Rosso', '5_Picche_Rosso', '6_Picche_Rosso', '8_Quadri_Blu', '7_Cuori_Rosso']
2025-11-09 12:32:30 - round.py - INFO - pick_up_discard - -------------------------------------------------------------------------------------
2025-11-09 12:32:30 - round.py - INFO - discard - -------------------------------------------------------------------------------------
2025-11-09 12:32:30 - round.py - INFO - discard - -----------------------------------------FINE---------------------------------
2025-11-09 12:32:30 - round.py - INFO - discard - MariaGrazia ----> 8_Quadri_Blu
2025-11-09 12:32:30 - round.py - INFO - discard - -------------------------------------------------------------------------------------
2025-11-09 12:32:30 - round.py - INFO - pick_up_discard - -------------------------------------------------------------------------------------
2025-11-09 12:32:30 - round.py - INFO - pick_up_discard - -----------------------------------------NUOVO TURNO---------------------------------
2025-11-09 12:32:30 - round.py - INFO - pick_up_discard - Alessio 
2025-11-09 12:32:30 - round.py - INFO - pick_up_discard - ---- carta pescata ----> ['8_Quadri_Blu']
2025-11-09 12:32:30 - round.py - INFO - pick_up_discard - ---- CARTE IN MANO: 
2025-11-09 12:32:30 - round.py - INFO - pick_up_discard - ['4_Fiori_Blu', '7_Cuori_Blu', 'Q_Cuori_Rosso', '3_Quadri_Blu', '3_Cuori_Rosso', 'Q_Cuori_Blu', '8_Quadri_Blu']
2025-11-09 12:32:30 - round.py - INFO - pick_up_discard - -------------------------------------------------------------------------------------
2025-11-09 12:32:30 - round.py - INFO - discard - -------------------------------------------------------------------------------------
2025-11-09 12:32:30 - round.py - INFO - discard - -----------------------------------------FINE---------------------------------
2025-11-09 12:32:30 - round.py - INFO - discard - Alessio ----> 7_Cuori_Blu
2025-11-09 12:32:30 - round.py - INFO - discard - -------------------------------------------------------------------------------------
2025-11-09 12:32:30 - round.py - INFO - pick_up_card - -------------------------------------------------------------------------------------
2025-11-09 12:32:30 - round.py - INFO - pick_up_card - -----------------------------------------NUOVO TURNO---------------------------------
2025-11-09 12:32:30 - round.py - INFO - pick_up_card - MariaGrazia 
2025-11-09 12:32:30 - round.py - INFO - pick_up_card - ---- carta pescata ----> 10_Quadri_Blu
2025-11-09 12:32:30 - round.py - INFO - pick_up_card - ---- CARTE IN MANO: 
2025-11-09 12:32:30 - round.py - INFO - pick_up_card - ['A_Quadri_Rosso', '8_Fiori_Blu', '5_Quadri_Blu', '7_Quadri_Rosso', 'Q_Fiori_Rosso', '3_Picche_Rosso', '5_Picche_Rosso', '6_Picche_Rosso', '7_Cuori_Rosso', '10_Quadri_Blu']
2025-11-09 12:32:30 - round.py - INFO - pick_up_card - -------------------------------------------------------------------------------------
2025-11-09 12:32:30 - round.py - INFO - discard - -------------------------------------------------------------------------------------
2025-11-09 12:32:30 - round.py - INFO - discard - -----------------------------------------FINE---------------------------------
2025-11-09 12:32:30 - round.py - INFO - discard - MariaGrazia ----> 6_Picche_Rosso
2025-11-09 12:32:30 - round.py - INFO - discard - -------------------------------------------------------------------------------------
2025-11-09 12:32:30 - round.py - INFO - pick_up_discard - -------------------------------------------------------------------------------------
2025-11-09 12:32:30 - round.py - INFO - pick_up_discard - -----------------------------------------NUOVO TURNO---------------------------------
2025-11-09 12:32:30 - round.py - INFO - pick_up_discard - Alessio 
2025-11-09 12:32:30 - round.py - INFO - pick_up_discard - ---- carta pescata ----> ['7_Cuori_Blu', '6_Picche_Rosso']
2025-11-09 12:32:30 - round.py - INFO - pick_up_discard - ---- CARTE IN MANO: 
2025-11-09 12:32:30 - round.py - INFO - pick_up_discard - ['4_Fiori_Blu', 'Q_Cuori_Rosso', '3_Quadri_Blu', '3_Cuori_Rosso', 'Q_Cuori_Blu', '8_Quadri_Blu', '7_Cuori_Blu', '6_Picche_Rosso']
2025-11-09 12:32:30 - round.py - INFO - pick_up_discard - -------------------------------------------------------------------------------------
2025-11-09 12:32:31 - round.py - INFO - update_tris - Alessio ----> 6 -->6_Picche_Rosso
2025-11-09 12:32:31 - round.py - INFO - discard - -------------------------------------------------------------------------------------
2025-11-09 12:32:31 - round.py - INFO - discard - -----------------------------------------FINE---------------------------------
2025-11-09 12:32:31 - round.py - INFO - discard - Alessio ----> Q_Cuori_Blu
2025-11-09 12:32:31 - round.py - INFO - discard - -------------------------------------------------------------------------------------
2025-11-09 12:32:31 - round.py - INFO - pick_up_discard - -------------------------------------------------------------------------------------
2025-11-09 12:32:31 - round.py - INFO - pick_up_discard - -----------------------------------------NUOVO TURNO---------------------------------
2025-11-09 12:32:31 - round.py - INFO - pick_up_discard - MariaGrazia 
2025-11-09 12:32:31 - round.py - INFO - pick_up_discard - ---- carta pescata ----> ['Q_Cuori_Blu']
2025-11-09 12:32:31 - round.py - INFO - pick_up_discard - ---- CARTE IN MANO: 
2025-11-09 12:32:31 - round.py - INFO - pick_up_discard - ['A_Quadri_Rosso', '8_Fiori_Blu', '5_Quadri_Blu', '7_Quadri_Rosso', 'Q_Fiori_Rosso', '3_Picche_Rosso', '5_Picche_Rosso', '7_Cuori_Rosso', '10_Quadri_Blu', 'Q_Cuori_Blu']
2025-11-09 12:32:31 - round.py - INFO - pick_up_discard - -------------------------------------------------------------------------------------
2025-11-09 12:32:31 - round.py - INFO - discard - -------------------------------------------------------------------------------------
2025-11-09 12:32:31 - round.py - INFO - discard - -----------------------------------------FINE---------------------------------
2025-11-09 12:32:31 - round.py - INFO - discard - MariaGrazia ----> Q_Fiori_Rosso
2025-11-09 12:32:31 - round.py - INFO - discard - -------------------------------------------------------------------------------------
2025-11-09 12:32:31 - round.py - INFO - pick_up_card - -------------------------------------------------------------------------------------
2025-11-09 12:32:31 - round.py - INFO - pick_up_card - -----------------------------------------NUOVO TURNO---------------------------------
2025-11-09 12:32:31 - round.py - INFO - pick_up_card - Alessio 
2025-11-09 12:32:31 - round.py - INFO - pick_up_card - ---- carta pescata ----> 3_Cuori_Blu
2025-11-09 12:32:31 - round.py - INFO - pick_up_card - ---- CARTE IN MANO: 
2025-11-09 12:32:31 - round.py - INFO - pick_up_card - ['4_Fiori_Blu', 'Q_Cuori_Rosso', '3_Quadri_Blu', '3_Cuori_Rosso', '8_Quadri_Blu', '7_Cuori_Blu', '3_Cuori_Blu']
2025-11-09 12:32:31 - round.py - INFO - pick_up_card - -------------------------------------------------------------------------------------
2025-11-09 12:32:31 - player_onto_manager.py - INFO - apre_tris -  3_Quadri_Blu -5 ----> partialScore ----> 5
2025-11-09 12:32:31 - player_onto_manager.py - INFO - apre_tris -  3_Cuori_Rosso -5 ----> partialScore ----> 10
2025-11-09 12:32:31 - player_onto_manager.py - INFO - apre_tris -  3_Cuori_Blu -5 ----> partialScore ----> 15
2025-11-09 12:32:31 - player_onto_manager.py - INFO - apre_tris - FINAL partialScore ----> 15
2025-11-09 12:32:31 - round.py - INFO - open_tris - Alessio ----> [(3, 69, 'Quadri', 5), (3, 2, 'Cuori', 5), (3, 56, 'Cuori', 5)]
2025-11-09 12:32:31 - round.py - INFO - discard - -------------------------------------------------------------------------------------
2025-11-09 12:32:31 - round.py - INFO - discard - -----------------------------------------FINE---------------------------------
2025-11-09 12:32:31 - round.py - INFO - discard - Alessio ----> 4_Fiori_Blu
2025-11-09 12:32:31 - round.py - INFO - discard - -------------------------------------------------------------------------------------
2025-11-09 12:32:31 - round.py - INFO - pick_up_card - -------------------------------------------------------------------------------------
2025-11-09 12:32:31 - round.py - INFO - pick_up_card - -----------------------------------------NUOVO TURNO---------------------------------
2025-11-09 12:32:31 - round.py - INFO - pick_up_card - MariaGrazia 
2025-11-09 12:32:31 - round.py - INFO - pick_up_card - ---- carta pescata ----> 7_Quadri_Blu
2025-11-09 12:32:31 - round.py - INFO - pick_up_card - ---- CARTE IN MANO: 
2025-11-09 12:32:31 - round.py - INFO - pick_up_card - ['A_Quadri_Rosso', '8_Fiori_Blu', '5_Quadri_Blu', '7_Quadri_Rosso', '3_Picche_Rosso', '5_Picche_Rosso', '7_Cuori_Rosso', '10_Quadri_Blu', 'Q_Cuori_Blu', '7_Quadri_Blu']
2025-11-09 12:32:31 - round.py - INFO - pick_up_card - -------------------------------------------------------------------------------------
2025-11-09 12:32:31 - player_onto_manager.py - INFO - apre_tris -  7_Quadri_Blu -5 ----> partialScore ----> 5
2025-11-09 12:32:31 - player_onto_manager.py - INFO - apre_tris -  7_Cuori_Rosso -5 ----> partialScore ----> 10
2025-11-09 12:32:31 - player_onto_manager.py - INFO - apre_tris -  7_Quadri_Rosso -5 ----> partialScore ----> 15
2025-11-09 12:32:31 - player_onto_manager.py - INFO - apre_tris - FINAL partialScore ----> 15
2025-11-09 12:32:31 - round.py - INFO - open_tris - MariaGrazia ----> [(7, 73, 'Quadri', 5), (7, 6, 'Cuori', 5), (7, 19, 'Quadri', 5)]
2025-11-09 12:32:32 - round.py - INFO - discard - -------------------------------------------------------------------------------------
2025-11-09 12:32:32 - round.py - INFO - discard - -----------------------------------------FINE---------------------------------
2025-11-09 12:32:32 - round.py - INFO - discard - MariaGrazia ----> 5_Picche_Rosso
2025-11-09 12:32:32 - round.py - INFO - discard - -------------------------------------------------------------------------------------
2025-11-09 12:32:32 - round.py - INFO - pick_up_discard - -------------------------------------------------------------------------------------
2025-11-09 12:32:32 - round.py - INFO - pick_up_discard - -----------------------------------------NUOVO TURNO---------------------------------
2025-11-09 12:32:32 - round.py - INFO - pick_up_discard - Alessio 
2025-11-09 12:32:32 - round.py - INFO - pick_up_discard - ---- carta pescata ----> ['Q_Fiori_Rosso', '4_Fiori_Blu', '5_Picche_Rosso']
2025-11-09 12:32:32 - round.py - INFO - pick_up_discard - ---- CARTE IN MANO: 
2025-11-09 12:32:32 - round.py - INFO - pick_up_discard - ['Q_Cuori_Rosso', '8_Quadri_Blu', '7_Cuori_Blu', 'Q_Fiori_Rosso', '4_Fiori_Blu', '5_Picche_Rosso']
2025-11-09 12:32:32 - round.py - INFO - pick_up_discard - -------------------------------------------------------------------------------------
2025-11-09 12:32:32 - round.py - INFO - discard - -------------------------------------------------------------------------------------
2025-11-09 12:32:32 - round.py - INFO - discard - -----------------------------------------FINE---------------------------------
2025-11-09 12:32:32 - round.py - INFO - discard - Alessio ----> 4_Fiori_Blu
2025-11-09 12:32:32 - round.py - INFO - discard - -------------------------------------------------------------------------------------
2025-11-09 12:32:32 - round.py - INFO - pick_up_discard - -------------------------------------------------------------------------------------
2025-11-09 12:32:32 - round.py - INFO - pick_up_discard - -----------------------------------------NUOVO TURNO---------------------------------
2025-11-09 12:32:32 - round.py - INFO - pick_up_discard - MariaGrazia 
2025-11-09 12:32:32 - round.py - INFO - pick_up_discard - ---- carta pescata ----> ['4_Fiori_Blu']
2025-11-09 12:32:32 - round.py - INFO - pick_up_discard - ---- CARTE IN MANO: 
2025-11-09 12:32:32 - round.py - INFO - pick_up_discard - ['A_Quadri_Rosso', '8_Fiori_Blu', '5_Quadri_Blu', '3_Picche_Rosso', '10_Quadri_Blu', 'Q_Cuori_Blu', '4_Fiori_Blu']
2025-11-09 12:32:32 - round.py - INFO - pick_up_discard - -------------------------------------------------------------------------------------
2025-11-09 12:32:32 - round.py - INFO - discard - -------------------------------------------------------------------------------------
2025-11-09 12:32:32 - round.py - INFO - discard - -----------------------------------------FINE---------------------------------
2025-11-09 12:32:32 - round.py - INFO - discard - MariaGrazia ----> A_Quadri_Rosso
2025-11-09 12:32:32 - round.py - INFO - discard - -------------------------------------------------------------------------------------
2025-11-09 12:32:32 - round.py - INFO - pick_up_card - -------------------------------------------------------------------------------------
2025-11-09 12:32:32 - round.py - INFO - pick_up_card - -----------------------------------------NUOVO TURNO---------------------------------
2025-11-09 12:32:32 - round.py - INFO - pick_up_card - Alessio 
2025-11-09 12:32:32 - round.py - INFO - pick_up_card - ---- carta pescata ----> 5_Picche_Blu
2025-11-09 12:32:32 - round.py - INFO - pick_up_card - ---- CARTE IN MANO: 
2025-11-09 12:32:32 - round.py - INFO - pick_up_card - ['Q_Cuori_Rosso', '8_Quadri_Blu', '7_Cuori_Blu', 'Q_Fiori_Rosso', '5_Picche_Rosso', '5_Picche_Blu']
2025-11-09 12:32:32 - round.py - INFO - pick_up_card - -------------------------------------------------------------------------------------
2025-11-09 12:32:32 - round.py - INFO - discard - -------------------------------------------------------------------------------------
2025-11-09 12:32:32 - round.py - INFO - discard - -----------------------------------------FINE---------------------------------
2025-11-09 12:32:32 - round.py - INFO - discard - Alessio ----> 7_Cuori_Blu
2025-11-09 12:32:32 - round.py - INFO - discard - -------------------------------------------------------------------------------------
2025-11-09 12:32:32 - round.py - INFO - pick_up_card - -------------------------------------------------------------------------------------
2025-11-09 12:32:32 - round.py - INFO - pick_up_card - -----------------------------------------NUOVO TURNO---------------------------------
2025-11-09 12:32:32 - round.py - INFO - pick_up_card - MariaGrazia 
2025-11-09 12:32:32 - round.py - INFO - pick_up_card - ---- carta pescata ----> 5_Quadri_Rosso
2025-11-09 12:32:32 - round.py - INFO - pick_up_card - ---- CARTE IN MANO: 
2025-11-09 12:32:32 - round.py - INFO - pick_up_card - ['8_Fiori_Blu', '5_Quadri_Blu', '3_Picche_Rosso', '10_Quadri_Blu', 'Q_Cuori_Blu', '4_Fiori_Blu', '5_Quadri_Rosso']
2025-11-09 12:32:32 - round.py - INFO - pick_up_card - -------------------------------------------------------------------------------------
2025-11-09 12:32:32 - round.py - INFO - discard - -------------------------------------------------------------------------------------
2025-11-09 12:32:32 - round.py - INFO - discard - -----------------------------------------FINE---------------------------------
2025-11-09 12:32:32 - round.py - INFO - discard - MariaGrazia ----> 5_Quadri_Rosso
2025-11-09 12:32:32 - round.py - INFO - discard - -------------------------------------------------------------------------------------
2025-11-09 12:32:32 - round.py - INFO - pick_up_card - -------------------------------------------------------------------------------------
2025-11-09 12:32:32 - round.py - INFO - pick_up_card - -----------------------------------------NUOVO TURNO---------------------------------
2025-11-09 12:32:32 - round.py - INFO - pick_up_card - Alessio 
2025-11-09 12:32:32 - round.py - INFO - pick_up_card - ---- carta pescata ----> 10_Quadri_Rosso
2025-11-09 12:32:32 - round.py - INFO - pick_up_card - ---- CARTE IN MANO: 
2025-11-09 12:32:32 - round.py - INFO - pick_up_card - ['Q_Cuori_Rosso', '8_Quadri_Blu', 'Q_Fiori_Rosso', '5_Picche_Rosso', '5_Picche_Blu', '10_Quadri_Rosso']
2025-11-09 12:32:32 - round.py - INFO - pick_up_card - -------------------------------------------------------------------------------------
2025-11-09 12:32:32 - round.py - INFO - update_tris - Alessio ----> 10 -->10_Quadri_Rosso
2025-11-09 12:32:32 - round.py - INFO - discard - -------------------------------------------------------------------------------------
2025-11-09 12:32:32 - round.py - INFO - discard - -----------------------------------------FINE---------------------------------
2025-11-09 12:32:32 - round.py - INFO - discard - Alessio ----> Q_Cuori_Rosso
2025-11-09 12:32:32 - round.py - INFO - discard - -------------------------------------------------------------------------------------
2025-11-09 12:32:32 - round.py - INFO - pick_up_discard - -------------------------------------------------------------------------------------
2025-11-09 12:32:32 - round.py - INFO - pick_up_discard - -----------------------------------------NUOVO TURNO---------------------------------
2025-11-09 12:32:32 - round.py - INFO - pick_up_discard - MariaGrazia 
2025-11-09 12:32:32 - round.py - INFO - pick_up_discard - ---- carta pescata ----> ['A_Quadri_Rosso', '7_Cuori_Blu', '5_Quadri_Rosso', 'Q_Cuori_Rosso']
2025-11-09 12:32:32 - round.py - INFO - pick_up_discard - ---- CARTE IN MANO: 
2025-11-09 12:32:32 - round.py - INFO - pick_up_discard - ['8_Fiori_Blu', '5_Quadri_Blu', '3_Picche_Rosso', '10_Quadri_Blu', 'Q_Cuori_Blu', '4_Fiori_Blu', 'A_Quadri_Rosso', '7_Cuori_Blu', '5_Quadri_Rosso', 'Q_Cuori_Rosso']
2025-11-09 12:32:32 - round.py - INFO - pick_up_discard - -------------------------------------------------------------------------------------
2025-11-09 12:32:32 - round.py - INFO - update_tris - MariaGrazia ----> 7 -->7_Cuori_Blu
2025-11-09 12:32:33 - round.py - INFO - discard - -------------------------------------------------------------------------------------
2025-11-09 12:32:33 - round.py - INFO - discard - -----------------------------------------FINE---------------------------------
2025-11-09 12:32:33 - round.py - INFO - discard - MariaGrazia ----> Q_Cuori_Rosso
2025-11-09 12:32:33 - round.py - INFO - discard - -------------------------------------------------------------------------------------
2025-11-09 12:32:33 - round.py - INFO - pick_up_discard - -------------------------------------------------------------------------------------
2025-11-09 12:32:33 - round.py - INFO - pick_up_discard - -----------------------------------------NUOVO TURNO---------------------------------
2025-11-09 12:32:33 - round.py - INFO - pick_up_discard - Alessio 
2025-11-09 12:32:33 - round.py - INFO - pick_up_discard - ---- carta pescata ----> ['Q_Cuori_Rosso']
2025-11-09 12:32:33 - round.py - INFO - pick_up_discard - ---- CARTE IN MANO: 
2025-11-09 12:32:33 - round.py - INFO - pick_up_discard - ['8_Quadri_Blu', 'Q_Fiori_Rosso', '5_Picche_Rosso', '5_Picche_Blu', 'Q_Cuori_Rosso']
2025-11-09 12:32:33 - round.py - INFO - pick_up_discard - -------------------------------------------------------------------------------------
2025-11-09 12:32:33 - round.py - INFO - discard - -------------------------------------------------------------------------------------
2025-11-09 12:32:33 - round.py - INFO - discard - -----------------------------------------FINE---------------------------------
2025-11-09 12:32:33 - round.py - INFO - discard - Alessio ----> 5_Picche_Rosso
2025-11-09 12:32:33 - round.py - INFO - discard - -------------------------------------------------------------------------------------
2025-11-09 12:32:33 - round.py - INFO - pick_up_card - -------------------------------------------------------------------------------------
2025-11-09 12:32:33 - round.py - INFO - pick_up_card - -----------------------------------------NUOVO TURNO---------------------------------
2025-11-09 12:32:33 - round.py - INFO - pick_up_card - MariaGrazia 
2025-11-09 12:32:33 - round.py - INFO - pick_up_card - ---- carta pescata ----> Jolly_Jolly_N_Rosso
2025-11-09 12:32:33 - round.py - INFO - pick_up_card - ---- CARTE IN MANO: 
2025-11-09 12:32:33 - round.py - INFO - pick_up_card - ['8_Fiori_Blu', '5_Quadri_Blu', '3_Picche_Rosso', '10_Quadri_Blu', 'Q_Cuori_Blu', '4_Fiori_Blu', 'A_Quadri_Rosso', '5_Quadri_Rosso', 'Jolly_Jolly_N_Rosso']
2025-11-09 12:32:33 - round.py - INFO - pick_up_card - -------------------------------------------------------------------------------------
2025-11-09 12:32:33 - round.py - INFO - update_tris - MariaGrazia ----> 9 -->Jolly_Jolly_N_Rosso
2025-11-09 12:32:33 - round.py - INFO - discard - -------------------------------------------------------------------------------------
2025-11-09 12:32:33 - round.py - INFO - discard - -----------------------------------------FINE---------------------------------
2025-11-09 12:32:33 - round.py - INFO - discard - MariaGrazia ----> 8_Fiori_Blu
2025-11-09 12:32:33 - round.py - INFO - discard - -------------------------------------------------------------------------------------
2025-11-09 12:32:33 - round.py - INFO - pick_up_card - -------------------------------------------------------------------------------------
2025-11-09 12:32:33 - round.py - INFO - pick_up_card - -----------------------------------------NUOVO TURNO---------------------------------
2025-11-09 12:32:33 - round.py - INFO - pick_up_card - Alessio 
2025-11-09 12:32:33 - round.py - INFO - pick_up_card - ---- carta pescata ----> Q_Quadri_Rosso
2025-11-09 12:32:33 - round.py - INFO - pick_up_card - ---- CARTE IN MANO: 
2025-11-09 12:32:33 - round.py - INFO - pick_up_card - ['8_Quadri_Blu', 'Q_Fiori_Rosso', '5_Picche_Blu', 'Q_Cuori_Rosso', 'Q_Quadri_Rosso']
2025-11-09 12:32:33 - round.py - INFO - pick_up_card - -------------------------------------------------------------------------------------
2025-11-09 12:32:33 - player_onto_manager.py - INFO - apre_tris -  Q_Cuori_Rosso -10 ----> partialScore ----> 10
2025-11-09 12:32:33 - player_onto_manager.py - INFO - apre_tris -  Q_Quadri_Rosso -10 ----> partialScore ----> 20
2025-11-09 12:32:33 - player_onto_manager.py - INFO - apre_tris -  Q_Fiori_Rosso -10 ----> partialScore ----> 30
2025-11-09 12:32:33 - player_onto_manager.py - INFO - apre_tris - FINAL partialScore ----> 30
2025-11-09 12:32:33 - round.py - INFO - open_tris - Alessio ----> [(12, 11, 'Cuori', 10), (12, 24, 'Quadri', 10), (12, 37, 'Fiori', 10)]
2025-11-09 12:32:33 - round.py - INFO - discard - -------------------------------------------------------------------------------------
2025-11-09 12:32:33 - round.py - INFO - discard - -----------------------------------------FINE---------------------------------
2025-11-09 12:32:33 - round.py - INFO - discard - Alessio ----> 8_Quadri_Blu
2025-11-09 12:32:33 - round.py - INFO - discard - -------------------------------------------------------------------------------------
2025-11-09 12:32:33 - round.py - INFO - pick_up_card - -------------------------------------------------------------------------------------
2025-11-09 12:32:33 - round.py - INFO - pick_up_card - -----------------------------------------NUOVO TURNO---------------------------------
2025-11-09 12:32:33 - round.py - INFO - pick_up_card - MariaGrazia 
2025-11-09 12:32:33 - round.py - INFO - pick_up_card - ---- carta pescata ----> 9_Picche_Blu
2025-11-09 12:32:33 - round.py - INFO - pick_up_card - ---- CARTE IN MANO: 
2025-11-09 12:32:33 - round.py - INFO - pick_up_card - ['5_Quadri_Blu', '3_Picche_Rosso', '10_Quadri_Blu', 'Q_Cuori_Blu', '4_Fiori_Blu', 'A_Quadri_Rosso', '5_Quadri_Rosso', '9_Picche_Blu']
2025-11-09 12:32:33 - round.py - INFO - pick_up_card - -------------------------------------------------------------------------------------
2025-11-09 12:32:33 - round.py - INFO - update_tris - MariaGrazia ----> 9 -->9_Picche_Blu
2025-11-09 12:32:33 - round.py - INFO - discard - -------------------------------------------------------------------------------------
2025-11-09 12:32:33 - round.py - INFO - discard - -----------------------------------------FINE---------------------------------
2025-11-09 12:32:33 - round.py - INFO - discard - MariaGrazia ----> 5_Quadri_Rosso
2025-11-09 12:32:33 - round.py - INFO - discard - -------------------------------------------------------------------------------------
2025-11-09 12:32:33 - round.py - INFO - pick_up_card - -------------------------------------------------------------------------------------
2025-11-09 12:32:33 - round.py - INFO - pick_up_card - -----------------------------------------NUOVO TURNO---------------------------------
2025-11-09 12:32:33 - round.py - INFO - pick_up_card - Alessio 
2025-11-09 12:32:33 - round.py - INFO - pick_up_card - ---- carta pescata ----> Jolly_Jolly_N_Blu
2025-11-09 12:32:33 - round.py - INFO - pick_up_card - ---- CARTE IN MANO: 
2025-11-09 12:32:33 - round.py - INFO - pick_up_card - ['5_Picche_Blu', 'Jolly_Jolly_N_Blu']
2025-11-09 12:32:33 - round.py - INFO - pick_up_card - -------------------------------------------------------------------------------------
2025-11-09 12:32:33 - round.py - INFO - discard - -------------------------------------------------------------------------------------
2025-11-09 12:32:33 - round.py - INFO - discard - -----------------------------------------FINE---------------------------------
2025-11-09 12:32:33 - round.py - INFO - discard - Alessio ----> Jolly_Jolly_N_Blu
2025-11-09 12:32:33 - round.py - INFO - discard - -------------------------------------------------------------------------------------
2025-11-09 12:32:33 - round.py - INFO - pick_up_discard - -------------------------------------------------------------------------------------
2025-11-09 12:32:33 - round.py - INFO - pick_up_discard - -----------------------------------------NUOVO TURNO---------------------------------
2025-11-09 12:32:33 - round.py - INFO - pick_up_discard - MariaGrazia 
2025-11-09 12:32:33 - round.py - INFO - pick_up_discard - ---- carta pescata ----> ['5_Picche_Rosso', '8_Fiori_Blu', '8_Quadri_Blu', '5_Quadri_Rosso', 'Jolly_Jolly_N_Blu']
2025-11-09 12:32:33 - round.py - INFO - pick_up_discard - ---- CARTE IN MANO: 
2025-11-09 12:32:33 - round.py - INFO - pick_up_discard - ['5_Quadri_Blu', '3_Picche_Rosso', '10_Quadri_Blu', 'Q_Cuori_Blu', '4_Fiori_Blu', 'A_Quadri_Rosso', '5_Picche_Rosso', '8_Fiori_Blu', '8_Quadri_Blu', '5_Quadri_Rosso', 'Jolly_Jolly_N_Blu']
2025-11-09 12:32:33 - round.py - INFO - pick_up_discard - -------------------------------------------------------------------------------------
2025-11-09 12:32:34 - round.py - INFO - update_tris - MariaGrazia ----> 11 -->Jolly_Jolly_N_Blu
2025-11-09 12:32:34 - player_onto_manager.py - INFO - apre_tris -  5_Quadri_Rosso -5 ----> partialScore ----> 5
2025-11-09 12:32:34 - player_onto_manager.py - INFO - apre_tris -  5_Quadri_Blu -5 ----> partialScore ----> 10
2025-11-09 12:32:34 - player_onto_manager.py - INFO - apre_tris -  5_Picche_Rosso -5 ----> partialScore ----> 15
2025-11-09 12:32:34 - player_onto_manager.py - INFO - apre_tris - FINAL partialScore ----> 15
2025-11-09 12:32:34 - round.py - INFO - open_tris - MariaGrazia ----> [(5, 17, 'Quadri', 5), (5, 71, 'Quadri', 5), (5, 43, 'Picche', 5)]
2025-11-09 12:32:34 - round.py - INFO - discard - -------------------------------------------------------------------------------------
2025-11-09 12:32:34 - round.py - INFO - discard - -----------------------------------------FINE---------------------------------
2025-11-09 12:32:34 - round.py - INFO - discard - MariaGrazia ----> Q_Cuori_Blu
2025-11-09 12:32:34 - round.py - INFO - discard - -------------------------------------------------------------------------------------
2025-11-09 12:32:34 - round.py - INFO - pick_up_discard - -------------------------------------------------------------------------------------
2025-11-09 12:32:34 - round.py - INFO - pick_up_discard - -----------------------------------------NUOVO TURNO---------------------------------
2025-11-09 12:32:34 - round.py - INFO - pick_up_discard - Alessio 
2025-11-09 12:32:34 - round.py - INFO - pick_up_discard - ---- carta pescata ----> ['Q_Cuori_Blu']
2025-11-09 12:32:34 - round.py - INFO - pick_up_discard - ---- CARTE IN MANO: 
2025-11-09 12:32:34 - round.py - INFO - pick_up_discard - ['5_Picche_Blu', 'Q_Cuori_Blu']
2025-11-09 12:32:34 - round.py - INFO - pick_up_discard - -------------------------------------------------------------------------------------
2025-11-09 12:32:34 - round.py - INFO - discard - -------------------------------------------------------------------------------------
2025-11-09 12:32:34 - round.py - INFO - discard - -----------------------------------------FINE---------------------------------
2025-11-09 12:32:34 - round.py - INFO - discard - Alessio ----> Q_Cuori_Blu
2025-11-09 12:32:34 - round.py - INFO - discard - -------------------------------------------------------------------------------------
2025-11-09 12:32:34 - round.py - INFO - pick_up_discard - -------------------------------------------------------------------------------------
2025-11-09 12:32:34 - round.py - INFO - pick_up_discard - -----------------------------------------NUOVO TURNO---------------------------------
2025-11-09 12:32:34 - round.py - INFO - pick_up_discard - MariaGrazia 
2025-11-09 12:32:34 - round.py - INFO - pick_up_discard - ---- carta pescata ----> ['Q_Cuori_Blu']
2025-11-09 12:32:34 - round.py - INFO - pick_up_discard - ---- CARTE IN MANO: 
2025-11-09 12:32:34 - round.py - INFO - pick_up_discard - ['3_Picche_Rosso', '10_Quadri_Blu', '4_Fiori_Blu', 'A_Quadri_Rosso', '8_Fiori_Blu', '8_Quadri_Blu', 'Q_Cuori_Blu']
2025-11-09 12:32:34 - round.py - INFO - pick_up_discard - -------------------------------------------------------------------------------------
2025-11-09 12:32:34 - round.py - INFO - discard - -------------------------------------------------------------------------------------
2025-11-09 12:32:34 - round.py - INFO - discard - -----------------------------------------FINE---------------------------------
2025-11-09 12:32:34 - round.py - INFO - discard - MariaGrazia ----> 10_Quadri_Blu
2025-11-09 12:32:34 - round.py - INFO - discard - -------------------------------------------------------------------------------------
2025-11-09 12:32:34 - round.py - INFO - pick_up_card - -------------------------------------------------------------------------------------
2025-11-09 12:32:34 - round.py - INFO - pick_up_card - -----------------------------------------NUOVO TURNO---------------------------------
2025-11-09 12:32:34 - round.py - INFO - pick_up_card - Alessio 
2025-11-09 12:32:34 - round.py - INFO - pick_up_card - ---- carta pescata ----> 4_Quadri_Rosso
2025-11-09 12:32:34 - round.py - INFO - pick_up_card - ---- CARTE IN MANO: 
2025-11-09 12:32:34 - round.py - INFO - pick_up_card - ['5_Picche_Blu', '4_Quadri_Rosso']
2025-11-09 12:32:34 - round.py - INFO - pick_up_card - -------------------------------------------------------------------------------------
2025-11-09 12:32:34 - round.py - INFO - discard - -------------------------------------------------------------------------------------
2025-11-09 12:32:34 - round.py - INFO - discard - -----------------------------------------FINE---------------------------------
2025-11-09 12:32:34 - round.py - INFO - discard - Alessio ----> 4_Quadri_Rosso
2025-11-09 12:32:34 - round.py - INFO - discard - -------------------------------------------------------------------------------------
2025-11-09 12:32:34 - round.py - INFO - pick_up_card - -------------------------------------------------------------------------------------
2025-11-09 12:32:34 - round.py - INFO - pick_up_card - -----------------------------------------NUOVO TURNO---------------------------------
2025-11-09 12:32:34 - round.py - INFO - pick_up_card - MariaGrazia 
2025-11-09 12:32:34 - round.py - INFO - pick_up_card - ---- carta pescata ----> 8_Fiori_Rosso
2025-11-09 12:32:34 - round.py - INFO - pick_up_card - ---- CARTE IN MANO: 
2025-11-09 12:32:34 - round.py - INFO - pick_up_card - ['3_Picche_Rosso', '4_Fiori_Blu', 'A_Quadri_Rosso', '8_Fiori_Blu', '8_Quadri_Blu', 'Q_Cuori_Blu', '8_Fiori_Rosso']
2025-11-09 12:32:34 - round.py - INFO - pick_up_card - -------------------------------------------------------------------------------------
2025-11-09 12:32:35 - player_onto_manager.py - INFO - apre_tris -  8_Fiori_Blu -10 ----> partialScore ----> 10
2025-11-09 12:32:35 - player_onto_manager.py - INFO - apre_tris -  8_Quadri_Blu -10 ----> partialScore ----> 20
2025-11-09 12:32:35 - player_onto_manager.py - INFO - apre_tris -  8_Fiori_Rosso -10 ----> partialScore ----> 30
2025-11-09 12:32:35 - player_onto_manager.py - INFO - apre_tris - FINAL partialScore ----> 30
2025-11-09 12:32:35 - round.py - INFO - open_tris - MariaGrazia ----> [(8, 87, 'Fiori', 10), (8, 74, 'Quadri', 10), (8, 33, 'Fiori', 10)]
2025-11-09 12:32:35 - round.py - INFO - discard - -------------------------------------------------------------------------------------
2025-11-09 12:32:35 - round.py - INFO - discard - -----------------------------------------FINE---------------------------------
2025-11-09 12:32:35 - round.py - INFO - discard - MariaGrazia ----> 4_Fiori_Blu
2025-11-09 12:32:35 - round.py - INFO - discard - -------------------------------------------------------------------------------------
2025-11-09 12:32:35 - round.py - INFO - pick_up_discard - -------------------------------------------------------------------------------------
2025-11-09 12:32:35 - round.py - INFO - pick_up_discard - -----------------------------------------NUOVO TURNO---------------------------------
2025-11-09 12:32:35 - round.py - INFO - pick_up_discard - Alessio 
2025-11-09 12:32:35 - round.py - INFO - pick_up_discard - ---- carta pescata ----> ['10_Quadri_Blu', '4_Quadri_Rosso', '4_Fiori_Blu']
2025-11-09 12:32:35 - round.py - INFO - pick_up_discard - ---- CARTE IN MANO: 
2025-11-09 12:32:35 - round.py - INFO - pick_up_discard - ['5_Picche_Blu', '10_Quadri_Blu', '4_Quadri_Rosso', '4_Fiori_Blu']
2025-11-09 12:32:35 - round.py - INFO - pick_up_discard - -------------------------------------------------------------------------------------
2025-11-09 12:32:35 - round.py - INFO - update_tris - Alessio ----> 10 -->10_Quadri_Blu
2025-11-09 12:32:35 - round.py - INFO - discard - -------------------------------------------------------------------------------------
2025-11-09 12:32:35 - round.py - INFO - discard - -----------------------------------------FINE---------------------------------
2025-11-09 12:32:35 - round.py - INFO - discard - Alessio ----> 4_Quadri_Rosso
2025-11-09 12:32:35 - round.py - INFO - discard - -------------------------------------------------------------------------------------
2025-11-09 12:32:35 - round.py - INFO - pick_up_card - -------------------------------------------------------------------------------------
2025-11-09 12:32:35 - round.py - INFO - pick_up_card - -----------------------------------------NUOVO TURNO---------------------------------
2025-11-09 12:32:35 - round.py - INFO - pick_up_card - MariaGrazia 
2025-11-09 12:32:35 - round.py - INFO - pick_up_card - ---- carta pescata ----> 4_Picche_Rosso
2025-11-09 12:32:35 - round.py - INFO - pick_up_card - ---- CARTE IN MANO: 
2025-11-09 12:32:35 - round.py - INFO - pick_up_card - ['3_Picche_Rosso', 'A_Quadri_Rosso', 'Q_Cuori_Blu', '4_Picche_Rosso']
2025-11-09 12:32:35 - round.py - INFO - pick_up_card - -------------------------------------------------------------------------------------
2025-11-09 12:32:35 - round.py - INFO - discard - -------------------------------------------------------------------------------------
2025-11-09 12:32:35 - round.py - INFO - discard - -----------------------------------------FINE---------------------------------
2025-11-09 12:32:35 - round.py - INFO - discard - MariaGrazia ----> Q_Cuori_Blu
2025-11-09 12:32:35 - round.py - INFO - discard - -------------------------------------------------------------------------------------
2025-11-09 12:32:35 - round.py - INFO - pick_up_discard - -------------------------------------------------------------------------------------
2025-11-09 12:32:35 - round.py - INFO - pick_up_discard - -----------------------------------------NUOVO TURNO---------------------------------
2025-11-09 12:32:35 - round.py - INFO - pick_up_discard - Alessio 
2025-11-09 12:32:35 - round.py - INFO - pick_up_discard - ---- carta pescata ----> ['4_Quadri_Rosso', 'Q_Cuori_Blu']
2025-11-09 12:32:35 - round.py - INFO - pick_up_discard - ---- CARTE IN MANO: 
2025-11-09 12:32:35 - round.py - INFO - pick_up_discard - ['5_Picche_Blu', '4_Fiori_Blu', '4_Quadri_Rosso', 'Q_Cuori_Blu']
2025-11-09 12:32:35 - round.py - INFO - pick_up_discard - -------------------------------------------------------------------------------------
2025-11-09 12:32:35 - round.py - INFO - update_tris - Alessio ----> 12 -->Q_Cuori_Blu
2025-11-09 12:32:35 - round.py - INFO - discard - -------------------------------------------------------------------------------------
2025-11-09 12:32:35 - round.py - INFO - discard - -----------------------------------------FINE---------------------------------
2025-11-09 12:32:35 - round.py - INFO - discard - Alessio ----> 4_Fiori_Blu
2025-11-09 12:32:35 - round.py - INFO - discard - -------------------------------------------------------------------------------------
2025-11-09 12:32:35 - round.py - INFO - pick_up_card - -------------------------------------------------------------------------------------
2025-11-09 12:32:35 - round.py - INFO - pick_up_card - -----------------------------------------NUOVO TURNO---------------------------------
2025-11-09 12:32:35 - round.py - INFO - pick_up_card - MariaGrazia 
2025-11-09 12:32:35 - round.py - INFO - pick_up_card - ---- carta pescata ----> A_Fiori_Blu
2025-11-09 12:32:35 - round.py - INFO - pick_up_card - ---- CARTE IN MANO: 
2025-11-09 12:32:35 - round.py - INFO - pick_up_card - ['3_Picche_Rosso', 'A_Quadri_Rosso', '4_Picche_Rosso', 'A_Fiori_Blu']
2025-11-09 12:32:35 - round.py - INFO - pick_up_card - -------------------------------------------------------------------------------------
2025-11-09 12:32:35 - round.py - INFO - discard - -------------------------------------------------------------------------------------
2025-11-09 12:32:35 - round.py - INFO - discard - -----------------------------------------FINE---------------------------------
2025-11-09 12:32:35 - round.py - INFO - discard - MariaGrazia ----> 3_Picche_Rosso
2025-11-09 12:32:35 - round.py - INFO - discard - -------------------------------------------------------------------------------------
2025-11-09 12:32:35 - round.py - INFO - pick_up_card - -------------------------------------------------------------------------------------
2025-11-09 12:32:35 - round.py - INFO - pick_up_card - -----------------------------------------NUOVO TURNO---------------------------------
2025-11-09 12:32:35 - round.py - INFO - pick_up_card - Alessio 
2025-11-09 12:32:35 - round.py - INFO - pick_up_card - ---- carta pescata ----> 2_Quadri_Rosso
2025-11-09 12:32:35 - round.py - INFO - pick_up_card - ---- CARTE IN MANO: 
2025-11-09 12:32:35 - round.py - INFO - pick_up_card - ['5_Picche_Blu', '4_Quadri_Rosso', '2_Quadri_Rosso']
2025-11-09 12:32:35 - round.py - INFO - pick_up_card - -------------------------------------------------------------------------------------
2025-11-09 12:32:35 - round.py - INFO - update_tris - Alessio ----> 10 -->2_Quadri_Rosso
2025-11-09 12:32:35 - round.py - INFO - discard - -------------------------------------------------------------------------------------
2025-11-09 12:32:35 - round.py - INFO - discard - -----------------------------------------FINE---------------------------------
2025-11-09 12:32:35 - round.py - INFO - discard - Alessio ----> 5_Picche_Blu
2025-11-09 12:32:35 - round.py - INFO - discard - -------------------------------------------------------------------------------------
2025-11-09 12:32:35 - round.py - INFO - pick_up_discard - -------------------------------------------------------------------------------------
2025-11-09 12:32:35 - round.py - INFO - pick_up_discard - -----------------------------------------NUOVO TURNO---------------------------------
2025-11-09 12:32:35 - round.py - INFO - pick_up_discard - MariaGrazia 
2025-11-09 12:32:35 - round.py - INFO - pick_up_discard - ---- carta pescata ----> ['4_Fiori_Blu', '3_Picche_Rosso', '5_Picche_Blu']
2025-11-09 12:32:35 - round.py - INFO - pick_up_discard - ---- CARTE IN MANO: 
2025-11-09 12:32:35 - round.py - INFO - pick_up_discard - ['A_Quadri_Rosso', '4_Picche_Rosso', 'A_Fiori_Blu', '4_Fiori_Blu', '3_Picche_Rosso', '5_Picche_Blu']
2025-11-09 12:32:35 - round.py - INFO - pick_up_discard - -------------------------------------------------------------------------------------
2025-11-09 12:32:35 - round.py - INFO - update_tris - MariaGrazia ----> 5 -->5_Picche_Blu
2025-11-09 12:32:35 - round.py - INFO - discard - -------------------------------------------------------------------------------------
2025-11-09 12:32:35 - round.py - INFO - discard - -----------------------------------------FINE---------------------------------
2025-11-09 12:32:35 - round.py - INFO - discard - MariaGrazia ----> 4_Fiori_Blu
2025-11-09 12:32:35 - round.py - INFO - discard - -------------------------------------------------------------------------------------
2025-11-09 12:32:35 - round.py - INFO - pick_up_discard - -------------------------------------------------------------------------------------
2025-11-09 12:32:35 - round.py - INFO - pick_up_discard - -----------------------------------------NUOVO TURNO---------------------------------
2025-11-09 12:32:35 - round.py - INFO - pick_up_discard - Alessio 
2025-11-09 12:32:35 - round.py - INFO - pick_up_discard - ---- carta pescata ----> ['4_Fiori_Blu']
2025-11-09 12:32:35 - round.py - INFO - pick_up_discard - ---- CARTE IN MANO: 
2025-11-09 12:32:35 - round.py - INFO - pick_up_discard - ['4_Quadri_Rosso', '4_Fiori_Blu']
2025-11-09 12:32:35 - round.py - INFO - pick_up_discard - -------------------------------------------------------------------------------------
2025-11-09 12:32:35 - round.py - INFO - discard - -------------------------------------------------------------------------------------
2025-11-09 12:32:35 - round.py - INFO - discard - -----------------------------------------FINE---------------------------------
2025-11-09 12:32:35 - round.py - INFO - discard - Alessio ----> 4_Quadri_Rosso
2025-11-09 12:32:35 - round.py - INFO - discard - -------------------------------------------------------------------------------------
2025-11-09 12:32:35 - round.py - INFO - pick_up_discard - -------------------------------------------------------------------------------------
2025-11-09 12:32:35 - round.py - INFO - pick_up_discard - -----------------------------------------NUOVO TURNO---------------------------------
2025-11-09 12:32:35 - round.py - INFO - pick_up_discard - MariaGrazia 
2025-11-09 12:32:35 - round.py - INFO - pick_up_discard - ---- carta pescata ----> ['4_Quadri_Rosso']
2025-11-09 12:32:35 - round.py - INFO - pick_up_discard - ---- CARTE IN MANO: 
2025-11-09 12:32:35 - round.py - INFO - pick_up_discard - ['A_Quadri_Rosso', '4_Picche_Rosso', 'A_Fiori_Blu', '3_Picche_Rosso', '4_Quadri_Rosso']
2025-11-09 12:32:35 - round.py - INFO - pick_up_discard - -------------------------------------------------------------------------------------
2025-11-09 12:32:35 - round.py - INFO - discard - -------------------------------------------------------------------------------------
2025-11-09 12:32:35 - round.py - INFO - discard - -----------------------------------------FINE---------------------------------
2025-11-09 12:32:35 - round.py - INFO - discard - MariaGrazia ----> 4_Picche_Rosso
2025-11-09 12:32:35 - round.py - INFO - discard - -------------------------------------------------------------------------------------
2025-11-09 12:32:35 - round.py - INFO - pick_up_card - -------------------------------------------------------------------------------------
2025-11-09 12:32:35 - round.py - INFO - pick_up_card - -----------------------------------------NUOVO TURNO---------------------------------
2025-11-09 12:32:35 - round.py - INFO - pick_up_card - Alessio 
2025-11-09 12:32:35 - round.py - INFO - pick_up_card - ---- carta pescata ----> Jolly_Jolly_R_Blu
2025-11-09 12:32:35 - round.py - INFO - pick_up_card - ---- CARTE IN MANO: 
2025-11-09 12:32:35 - round.py - INFO - pick_up_card - ['4_Fiori_Blu', 'Jolly_Jolly_R_Blu']
2025-11-09 12:32:35 - round.py - INFO - pick_up_card - -------------------------------------------------------------------------------------
2025-11-09 12:32:35 - round.py - INFO - update_tris - Alessio ----> 6 -->Jolly_Jolly_R_Blu
2025-11-09 12:32:35 - round.py - INFO - close_game - Alessio ----> 4_Fiori_Blu
