2025-11-09 15:34:02 - logger.py - INFO - _initialize - Logger inizializzato. File di log: logs/2025_11_09\partita_20251109_153402380144.log
2025-11-09 15:34:02 - logger.py - INFO - _initialize - ---------------------------------------------------
2025-11-09 15:34:02 - logger.py - INFO - _initialize - PARTITA ::  Partita_20251109_153401_988027
2025-11-09 15:34:02 - logger.py - INFO - _initialize - ---------------------------------------------------
2025-11-09 15:34:05 - round.py - INFO - pick_up_card - -------------------------------------------------------------------------------------
2025-11-09 15:34:05 - round.py - INFO - pick_up_card - -----------------------------------------NUOVO TURNO---------------------------------
2025-11-09 15:34:05 - round.py - INFO - pick_up_card - Alessio 
2025-11-09 15:34:05 - round.py - INFO - pick_up_card - ---- carta pescata ----> 9_Cuori_Rosso
2025-11-09 15:34:05 - round.py - INFO - pick_up_card - ---- CARTE IN MANO: 
2025-11-09 15:34:05 - round.py - INFO - pick_up_card - ['Q_Picche_Blu', '7_Cuori_Rosso', '3_Fiori_Rosso', 'J_Quadri_Blu', '4_Cuori_Blu', 'A_Cuori_Rosso', 'K_Cuori_Rosso', 'A_Picche_Blu', 'A_Fiori_Blu', '7_Fiori_Rosso', 'A_Cuori_Blu', '9_Cuori_Rosso']
2025-11-09 15:34:05 - round.py - INFO - pick_up_card - -------------------------------------------------------------------------------------
2025-11-09 15:34:06 - player_onto_manager.py - INFO - apre_tris -  A_Fiori_Blu -15 ----> partialScore ----> 15
2025-11-09 15:34:06 - player_onto_manager.py - INFO - apre_tris -  A_Picche_Blu -15 ----> partialScore ----> 30
2025-11-09 15:34:06 - player_onto_manager.py - INFO - apre_tris -  A_Cuori_Blu -15 ----> partialScore ----> 45
2025-11-09 15:34:06 - player_onto_manager.py - INFO - apre_tris - FINAL partialScore ----> 45
2025-11-09 15:34:06 - round.py - INFO - open_tris - Alessio ----> [(1, 80, 'Fiori', 15), (1, 93, 'Picche', 15), (1, 54, 'Cuori', 15)]
2025-11-09 15:34:06 - round.py - INFO - update_tris - Alessio ----> 1 -->A_Cuori_Rosso
2025-11-09 15:34:06 - round.py - INFO - discard - -------------------------------------------------------------------------------------
2025-11-09 15:34:06 - round.py - INFO - discard - Alessio ----> 4_Cuori_Blu
2025-11-09 15:34:06 - round.py - INFO - discard - -----------------------------------------FINE---------------------------------
2025-11-09 15:34:06 - round.py - INFO - discard - -------------------------------------------------------------------------------------
2025-11-09 15:34:06 - round.py - INFO - pick_up_card - -------------------------------------------------------------------------------------
2025-11-09 15:34:06 - round.py - INFO - pick_up_card - -----------------------------------------NUOVO TURNO---------------------------------
2025-11-09 15:34:06 - round.py - INFO - pick_up_card - MariaGrazia 
2025-11-09 15:34:06 - round.py - INFO - pick_up_card - ---- carta pescata ----> 10_Fiori_Blu
2025-11-09 15:34:06 - round.py - INFO - pick_up_card - ---- CARTE IN MANO: 
2025-11-09 15:34:06 - round.py - INFO - pick_up_card - ['3_Cuori_Blu', 'J_Picche_Rosso', 'Q_Quadri_Rosso', '10_Fiori_Rosso', '4_Quadri_Rosso', '4_Cuori_Rosso', 'A_Picche_Rosso', '5_Picche_Rosso', '5_Fiori_Blu', '8_Picche_Rosso', '10_Cuori_Blu', '10_Fiori_Blu']
2025-11-09 15:34:06 - round.py - INFO - pick_up_card - -------------------------------------------------------------------------------------
2025-11-09 15:34:07 - player_onto_manager.py - INFO - apre_tris -  10_Cuori_Blu -10 ----> partialScore ----> 10
2025-11-09 15:34:07 - player_onto_manager.py - INFO - apre_tris -  10_Fiori_Rosso -10 ----> partialScore ----> 20
2025-11-09 15:34:07 - player_onto_manager.py - INFO - apre_tris -  10_Fiori_Blu -10 ----> partialScore ----> 30
2025-11-09 15:34:07 - player_onto_manager.py - INFO - apre_tris - FINAL partialScore ----> 30
2025-11-09 15:34:07 - round.py - INFO - open_tris - MariaGrazia ----> [(10, 63, 'Cuori', 10), (10, 35, 'Fiori', 10), (10, 89, 'Fiori', 10)]
2025-11-09 15:34:07 - round.py - INFO - discard - -------------------------------------------------------------------------------------
2025-11-09 15:34:07 - round.py - INFO - discard - MariaGrazia ----> Q_Quadri_Rosso
2025-11-09 15:34:07 - round.py - INFO - discard - -----------------------------------------FINE---------------------------------
2025-11-09 15:34:07 - round.py - INFO - discard - -------------------------------------------------------------------------------------
2025-11-09 15:34:07 - round.py - INFO - pick_up_card - -------------------------------------------------------------------------------------
2025-11-09 15:34:07 - round.py - INFO - pick_up_card - -----------------------------------------NUOVO TURNO---------------------------------
2025-11-09 15:34:07 - round.py - INFO - pick_up_card - Alessio 
2025-11-09 15:34:07 - round.py - INFO - pick_up_card - ---- carta pescata ----> 2_Quadri_Blu
2025-11-09 15:34:07 - round.py - INFO - pick_up_card - ---- CARTE IN MANO: 
2025-11-09 15:34:07 - round.py - INFO - pick_up_card - ['Q_Picche_Blu', '7_Cuori_Rosso', '3_Fiori_Rosso', 'J_Quadri_Blu', 'K_Cuori_Rosso', '7_Fiori_Rosso', '9_Cuori_Rosso', '2_Quadri_Blu']
2025-11-09 15:34:07 - round.py - INFO - pick_up_card - -------------------------------------------------------------------------------------
2025-11-09 15:34:08 - round.py - INFO - open_meld - Alessio ----> [(2, 68, 'Quadri', 20), (7, 6, 'Cuori', 5), (9, 8, 'Cuori', 10)]
2025-11-09 15:34:08 - round.py - INFO - discard - -------------------------------------------------------------------------------------
2025-11-09 15:34:08 - round.py - INFO - discard - Alessio ----> 3_Fiori_Rosso
2025-11-09 15:34:08 - round.py - INFO - discard - -----------------------------------------FINE---------------------------------
2025-11-09 15:34:08 - round.py - INFO - discard - -------------------------------------------------------------------------------------
2025-11-09 15:34:08 - round.py - INFO - pick_up_discard - -------------------------------------------------------------------------------------
2025-11-09 15:34:08 - round.py - INFO - pick_up_discard - -----------------------------------------NUOVO TURNO---------------------------------
2025-11-09 15:34:08 - round.py - INFO - pick_up_discard - MariaGrazia 
2025-11-09 15:34:08 - round.py - INFO - pick_up_discard - ---- carta pescata ----> ['2_Quadri_Rosso', '4_Cuori_Blu', 'Q_Quadri_Rosso', '3_Fiori_Rosso']
2025-11-09 15:34:08 - round.py - INFO - pick_up_discard - ---- CARTE IN MANO: 
2025-11-09 15:34:08 - round.py - INFO - pick_up_discard - ['3_Cuori_Blu', 'J_Picche_Rosso', '4_Quadri_Rosso', '4_Cuori_Rosso', 'A_Picche_Rosso', '5_Picche_Rosso', '5_Fiori_Blu', '8_Picche_Rosso', '2_Quadri_Rosso', '4_Cuori_Blu', 'Q_Quadri_Rosso', '3_Fiori_Rosso']
2025-11-09 15:34:08 - round.py - INFO - pick_up_discard - -------------------------------------------------------------------------------------
2025-11-09 15:34:08 - round.py - INFO - open_meld - MariaGrazia ----> [(2, 14, 'Quadri', 20), (3, 28, 'Fiori', 5), (5, 84, 'Fiori', 5)]
2025-11-09 15:34:09 - player_onto_manager.py - INFO - apre_tris -  4_Cuori_Rosso -5 ----> partialScore ----> 5
2025-11-09 15:34:09 - player_onto_manager.py - INFO - apre_tris -  4_Cuori_Blu -5 ----> partialScore ----> 10
2025-11-09 15:34:09 - player_onto_manager.py - INFO - apre_tris -  4_Quadri_Rosso -5 ----> partialScore ----> 15
2025-11-09 15:34:09 - player_onto_manager.py - INFO - apre_tris - FINAL partialScore ----> 15
2025-11-09 15:34:09 - round.py - INFO - open_tris - MariaGrazia ----> [(4, 3, 'Cuori', 5), (4, 57, 'Cuori', 5), (4, 16, 'Quadri', 5)]
2025-11-09 15:34:09 - round.py - INFO - discard - -------------------------------------------------------------------------------------
2025-11-09 15:34:09 - round.py - INFO - discard - MariaGrazia ----> A_Picche_Rosso
2025-11-09 15:34:09 - round.py - INFO - discard - -----------------------------------------FINE---------------------------------
2025-11-09 15:34:09 - round.py - INFO - discard - -------------------------------------------------------------------------------------
2025-11-09 15:34:09 - round.py - INFO - pick_up_card - -------------------------------------------------------------------------------------
2025-11-09 15:34:09 - round.py - INFO - pick_up_card - -----------------------------------------NUOVO TURNO---------------------------------
2025-11-09 15:34:09 - round.py - INFO - pick_up_card - Alessio 
2025-11-09 15:34:09 - round.py - INFO - pick_up_card - ---- carta pescata ----> 9_Quadri_Blu
2025-11-09 15:34:09 - round.py - INFO - pick_up_card - ---- CARTE IN MANO: 
2025-11-09 15:34:09 - round.py - INFO - pick_up_card - ['Q_Picche_Blu', 'J_Quadri_Blu', 'K_Cuori_Rosso', '7_Fiori_Rosso', '9_Quadri_Blu']
2025-11-09 15:34:09 - round.py - INFO - pick_up_card - -------------------------------------------------------------------------------------
2025-11-09 15:34:09 - round.py - INFO - discard - -------------------------------------------------------------------------------------
2025-11-09 15:34:09 - round.py - INFO - discard - Alessio ----> 9_Quadri_Blu
2025-11-09 15:34:09 - round.py - INFO - discard - -----------------------------------------FINE---------------------------------
2025-11-09 15:34:09 - round.py - INFO - discard - -------------------------------------------------------------------------------------
2025-11-09 15:34:09 - round.py - INFO - pick_up_discard - -------------------------------------------------------------------------------------
2025-11-09 15:34:09 - round.py - INFO - pick_up_discard - -----------------------------------------NUOVO TURNO---------------------------------
2025-11-09 15:34:09 - round.py - INFO - pick_up_discard - MariaGrazia 
2025-11-09 15:34:09 - round.py - INFO - pick_up_discard - ---- carta pescata ----> ['A_Picche_Rosso', '9_Quadri_Blu']
2025-11-09 15:34:09 - round.py - INFO - pick_up_discard - ---- CARTE IN MANO: 
2025-11-09 15:34:09 - round.py - INFO - pick_up_discard - ['3_Cuori_Blu', 'J_Picche_Rosso', '5_Picche_Rosso', '8_Picche_Rosso', 'Q_Quadri_Rosso', 'A_Picche_Rosso', '9_Quadri_Blu']
2025-11-09 15:34:09 - round.py - INFO - pick_up_discard - -------------------------------------------------------------------------------------
2025-11-09 15:34:09 - round.py - INFO - discard - -------------------------------------------------------------------------------------
2025-11-09 15:34:09 - round.py - INFO - discard - MariaGrazia ----> A_Picche_Rosso
2025-11-09 15:34:09 - round.py - INFO - discard - -----------------------------------------FINE---------------------------------
2025-11-09 15:34:09 - round.py - INFO - discard - -------------------------------------------------------------------------------------
2025-11-09 15:34:09 - round.py - INFO - pick_up_card - -------------------------------------------------------------------------------------
2025-11-09 15:34:09 - round.py - INFO - pick_up_card - -----------------------------------------NUOVO TURNO---------------------------------
2025-11-09 15:34:09 - round.py - INFO - pick_up_card - Alessio 
2025-11-09 15:34:09 - round.py - INFO - pick_up_card - ---- carta pescata ----> 7_Quadri_Rosso
2025-11-09 15:34:09 - round.py - INFO - pick_up_card - ---- CARTE IN MANO: 
2025-11-09 15:34:09 - round.py - INFO - pick_up_card - ['Q_Picche_Blu', 'J_Quadri_Blu', 'K_Cuori_Rosso', '7_Fiori_Rosso', '7_Quadri_Rosso']
2025-11-09 15:34:09 - round.py - INFO - pick_up_card - -------------------------------------------------------------------------------------
2025-11-09 15:34:09 - round.py - INFO - discard - -------------------------------------------------------------------------------------
2025-11-09 15:34:09 - round.py - INFO - discard - Alessio ----> Q_Picche_Blu
2025-11-09 15:34:09 - round.py - INFO - discard - -----------------------------------------FINE---------------------------------
2025-11-09 15:34:09 - round.py - INFO - discard - -------------------------------------------------------------------------------------
2025-11-09 15:34:09 - round.py - INFO - pick_up_card - -------------------------------------------------------------------------------------
2025-11-09 15:34:09 - round.py - INFO - pick_up_card - -----------------------------------------NUOVO TURNO---------------------------------
2025-11-09 15:34:09 - round.py - INFO - pick_up_card - MariaGrazia 
2025-11-09 15:34:09 - round.py - INFO - pick_up_card - ---- carta pescata ----> Q_Fiori_Blu
2025-11-09 15:34:09 - round.py - INFO - pick_up_card - ---- CARTE IN MANO: 
2025-11-09 15:34:09 - round.py - INFO - pick_up_card - ['3_Cuori_Blu', 'J_Picche_Rosso', '5_Picche_Rosso', '8_Picche_Rosso', 'Q_Quadri_Rosso', '9_Quadri_Blu', 'Q_Fiori_Blu']
2025-11-09 15:34:09 - round.py - INFO - pick_up_card - -------------------------------------------------------------------------------------
2025-11-09 15:34:09 - round.py - INFO - discard - -------------------------------------------------------------------------------------
2025-11-09 15:34:09 - round.py - INFO - discard - MariaGrazia ----> 3_Cuori_Blu
2025-11-09 15:34:09 - round.py - INFO - discard - -----------------------------------------FINE---------------------------------
2025-11-09 15:34:09 - round.py - INFO - discard - -------------------------------------------------------------------------------------
2025-11-09 15:34:09 - round.py - INFO - pick_up_card - -------------------------------------------------------------------------------------
2025-11-09 15:34:09 - round.py - INFO - pick_up_card - -----------------------------------------NUOVO TURNO---------------------------------
2025-11-09 15:34:09 - round.py - INFO - pick_up_card - Alessio 
2025-11-09 15:34:09 - round.py - INFO - pick_up_card - ---- carta pescata ----> K_Picche_Rosso
2025-11-09 15:34:09 - round.py - INFO - pick_up_card - ---- CARTE IN MANO: 
2025-11-09 15:34:09 - round.py - INFO - pick_up_card - ['J_Quadri_Blu', 'K_Cuori_Rosso', '7_Fiori_Rosso', '7_Quadri_Rosso', 'K_Picche_Rosso']
2025-11-09 15:34:09 - round.py - INFO - pick_up_card - -------------------------------------------------------------------------------------
2025-11-09 15:34:09 - round.py - INFO - discard - -------------------------------------------------------------------------------------
2025-11-09 15:34:09 - round.py - INFO - discard - Alessio ----> 7_Fiori_Rosso
2025-11-09 15:34:09 - round.py - INFO - discard - -----------------------------------------FINE---------------------------------
2025-11-09 15:34:09 - round.py - INFO - discard - -------------------------------------------------------------------------------------
2025-11-09 15:34:09 - round.py - INFO - pick_up_discard - -------------------------------------------------------------------------------------
2025-11-09 15:34:09 - round.py - INFO - pick_up_discard - -----------------------------------------NUOVO TURNO---------------------------------
2025-11-09 15:34:09 - round.py - INFO - pick_up_discard - MariaGrazia 
2025-11-09 15:34:09 - round.py - INFO - pick_up_discard - ---- carta pescata ----> ['A_Picche_Rosso', 'Q_Picche_Blu', '3_Cuori_Blu', '7_Fiori_Rosso']
2025-11-09 15:34:09 - round.py - INFO - pick_up_discard - ---- CARTE IN MANO: 
2025-11-09 15:34:09 - round.py - INFO - pick_up_discard - ['J_Picche_Rosso', '5_Picche_Rosso', '8_Picche_Rosso', 'Q_Quadri_Rosso', '9_Quadri_Blu', 'Q_Fiori_Blu', 'A_Picche_Rosso', 'Q_Picche_Blu', '3_Cuori_Blu', '7_Fiori_Rosso']
2025-11-09 15:34:09 - round.py - INFO - pick_up_discard - -------------------------------------------------------------------------------------
2025-11-09 15:34:10 - player_onto_manager.py - INFO - apre_tris -  Q_Quadri_Rosso -10 ----> partialScore ----> 10
2025-11-09 15:34:10 - player_onto_manager.py - INFO - apre_tris -  Q_Fiori_Blu -10 ----> partialScore ----> 20
2025-11-09 15:34:10 - player_onto_manager.py - INFO - apre_tris -  Q_Picche_Blu -10 ----> partialScore ----> 30
2025-11-09 15:34:10 - player_onto_manager.py - INFO - apre_tris - FINAL partialScore ----> 30
2025-11-09 15:34:10 - round.py - INFO - open_tris - MariaGrazia ----> [(12, 24, 'Quadri', 10), (12, 91, 'Fiori', 10), (12, 104, 'Picche', 10)]
2025-11-09 15:34:10 - round.py - INFO - discard - -------------------------------------------------------------------------------------
2025-11-09 15:34:10 - round.py - INFO - discard - MariaGrazia ----> J_Picche_Rosso
2025-11-09 15:34:10 - round.py - INFO - discard - -----------------------------------------FINE---------------------------------
2025-11-09 15:34:10 - round.py - INFO - discard - -------------------------------------------------------------------------------------
2025-11-09 15:34:10 - round.py - INFO - pick_up_card - -------------------------------------------------------------------------------------
2025-11-09 15:34:10 - round.py - INFO - pick_up_card - -----------------------------------------NUOVO TURNO---------------------------------
2025-11-09 15:34:10 - round.py - INFO - pick_up_card - Alessio 
2025-11-09 15:34:10 - round.py - INFO - pick_up_card - ---- carta pescata ----> 2_Picche_Rosso
2025-11-09 15:34:10 - round.py - INFO - pick_up_card - ---- CARTE IN MANO: 
2025-11-09 15:34:10 - round.py - INFO - pick_up_card - ['J_Quadri_Blu', 'K_Cuori_Rosso', '7_Quadri_Rosso', 'K_Picche_Rosso', '2_Picche_Rosso']
2025-11-09 15:34:10 - round.py - INFO - pick_up_card - -------------------------------------------------------------------------------------
2025-11-09 15:34:10 - round.py - INFO - update_tris - Alessio ----> 1 -->2_Picche_Rosso
2025-11-09 15:34:10 - round.py - INFO - discard - -------------------------------------------------------------------------------------
2025-11-09 15:34:10 - round.py - INFO - discard - Alessio ----> J_Quadri_Blu
2025-11-09 15:34:10 - round.py - INFO - discard - -----------------------------------------FINE---------------------------------
2025-11-09 15:34:10 - round.py - INFO - discard - -------------------------------------------------------------------------------------
2025-11-09 15:34:10 - round.py - INFO - pick_up_discard - -------------------------------------------------------------------------------------
2025-11-09 15:34:10 - round.py - INFO - pick_up_discard - -----------------------------------------NUOVO TURNO---------------------------------
2025-11-09 15:34:10 - round.py - INFO - pick_up_discard - MariaGrazia 
2025-11-09 15:34:10 - round.py - INFO - pick_up_discard - ---- carta pescata ----> ['J_Picche_Rosso', 'J_Quadri_Blu']
2025-11-09 15:34:10 - round.py - INFO - pick_up_discard - ---- CARTE IN MANO: 
2025-11-09 15:34:10 - round.py - INFO - pick_up_discard - ['5_Picche_Rosso', '8_Picche_Rosso', '9_Quadri_Blu', 'A_Picche_Rosso', '3_Cuori_Blu', '7_Fiori_Rosso', 'J_Picche_Rosso', 'J_Quadri_Blu']
2025-11-09 15:34:10 - round.py - INFO - pick_up_discard - -------------------------------------------------------------------------------------
2025-11-09 15:34:10 - round.py - INFO - discard - -------------------------------------------------------------------------------------
2025-11-09 15:34:10 - round.py - INFO - discard - MariaGrazia ----> A_Picche_Rosso
2025-11-09 15:34:10 - round.py - INFO - discard - -----------------------------------------FINE---------------------------------
2025-11-09 15:34:10 - round.py - INFO - discard - -------------------------------------------------------------------------------------
2025-11-09 15:34:10 - round.py - INFO - pick_up_card - -------------------------------------------------------------------------------------
2025-11-09 15:34:10 - round.py - INFO - pick_up_card - -----------------------------------------NUOVO TURNO---------------------------------
2025-11-09 15:34:10 - round.py - INFO - pick_up_card - Alessio 
2025-11-09 15:34:10 - round.py - INFO - pick_up_card - ---- carta pescata ----> K_Fiori_Rosso
2025-11-09 15:34:10 - round.py - INFO - pick_up_card - ---- CARTE IN MANO: 
2025-11-09 15:34:10 - round.py - INFO - pick_up_card - ['K_Cuori_Rosso', '7_Quadri_Rosso', 'K_Picche_Rosso', 'K_Fiori_Rosso']
2025-11-09 15:34:10 - round.py - INFO - pick_up_card - -------------------------------------------------------------------------------------
2025-11-09 15:34:11 - round.py - INFO - discard - -------------------------------------------------------------------------------------
2025-11-09 15:34:11 - round.py - INFO - discard - Alessio ----> 7_Quadri_Rosso
2025-11-09 15:34:11 - round.py - INFO - discard - -----------------------------------------FINE---------------------------------
2025-11-09 15:34:11 - round.py - INFO - discard - -------------------------------------------------------------------------------------
2025-11-09 15:34:11 - round.py - INFO - pick_up_card - -------------------------------------------------------------------------------------
2025-11-09 15:34:11 - round.py - INFO - pick_up_card - -----------------------------------------NUOVO TURNO---------------------------------
2025-11-09 15:34:11 - round.py - INFO - pick_up_card - MariaGrazia 
2025-11-09 15:34:11 - round.py - INFO - pick_up_card - ---- carta pescata ----> K_Quadri_Blu
2025-11-09 15:34:11 - round.py - INFO - pick_up_card - ---- CARTE IN MANO: 
2025-11-09 15:34:11 - round.py - INFO - pick_up_card - ['5_Picche_Rosso', '8_Picche_Rosso', '9_Quadri_Blu', '3_Cuori_Blu', '7_Fiori_Rosso', 'J_Picche_Rosso', 'J_Quadri_Blu', 'K_Quadri_Blu']
2025-11-09 15:34:11 - round.py - INFO - pick_up_card - -------------------------------------------------------------------------------------
2025-11-09 15:34:11 - round.py - INFO - discard - -------------------------------------------------------------------------------------
2025-11-09 15:34:11 - round.py - INFO - discard - MariaGrazia ----> J_Picche_Rosso
2025-11-09 15:34:11 - round.py - INFO - discard - -----------------------------------------FINE---------------------------------
2025-11-09 15:34:11 - round.py - INFO - discard - -------------------------------------------------------------------------------------
2025-11-09 15:34:11 - round.py - INFO - pick_up_card - -------------------------------------------------------------------------------------
2025-11-09 15:34:11 - round.py - INFO - pick_up_card - -----------------------------------------NUOVO TURNO---------------------------------
2025-11-09 15:34:11 - round.py - INFO - pick_up_card - Alessio 
2025-11-09 15:34:11 - round.py - INFO - pick_up_card - ---- carta pescata ----> K_Quadri_Rosso
2025-11-09 15:34:11 - round.py - INFO - pick_up_card - ---- CARTE IN MANO: 
2025-11-09 15:34:11 - round.py - INFO - pick_up_card - ['K_Cuori_Rosso', 'K_Picche_Rosso', 'K_Fiori_Rosso', 'K_Quadri_Rosso']
2025-11-09 15:34:11 - round.py - INFO - pick_up_card - -------------------------------------------------------------------------------------
2025-11-09 15:34:11 - round.py - INFO - discard - -------------------------------------------------------------------------------------
2025-11-09 15:34:11 - round.py - INFO - discard - Alessio ----> K_Fiori_Rosso
2025-11-09 15:34:11 - round.py - INFO - discard - -----------------------------------------FINE---------------------------------
2025-11-09 15:34:11 - round.py - INFO - discard - -------------------------------------------------------------------------------------
2025-11-09 15:34:11 - round.py - INFO - pick_up_discard - -------------------------------------------------------------------------------------
2025-11-09 15:34:11 - round.py - INFO - pick_up_discard - -----------------------------------------NUOVO TURNO---------------------------------
2025-11-09 15:34:11 - round.py - INFO - pick_up_discard - MariaGrazia 
2025-11-09 15:34:11 - round.py - INFO - pick_up_discard - ---- carta pescata ----> ['A_Picche_Rosso', '7_Quadri_Rosso', 'J_Picche_Rosso', 'K_Fiori_Rosso']
2025-11-09 15:34:11 - round.py - INFO - pick_up_discard - ---- CARTE IN MANO: 
2025-11-09 15:34:11 - round.py - INFO - pick_up_discard - ['5_Picche_Rosso', '8_Picche_Rosso', '9_Quadri_Blu', '3_Cuori_Blu', '7_Fiori_Rosso', 'J_Quadri_Blu', 'K_Quadri_Blu', 'A_Picche_Rosso', '7_Quadri_Rosso', 'J_Picche_Rosso', 'K_Fiori_Rosso']
2025-11-09 15:34:11 - round.py - INFO - pick_up_discard - -------------------------------------------------------------------------------------
2025-11-09 15:34:11 - round.py - INFO - discard - -------------------------------------------------------------------------------------
2025-11-09 15:34:11 - round.py - INFO - discard - MariaGrazia ----> 7_Quadri_Rosso
2025-11-09 15:34:11 - round.py - INFO - discard - -----------------------------------------FINE---------------------------------
2025-11-09 15:34:11 - round.py - INFO - discard - -------------------------------------------------------------------------------------
2025-11-09 15:34:11 - round.py - INFO - pick_up_card - -------------------------------------------------------------------------------------
2025-11-09 15:34:11 - round.py - INFO - pick_up_card - -----------------------------------------NUOVO TURNO---------------------------------
2025-11-09 15:34:11 - round.py - INFO - pick_up_card - Alessio 
2025-11-09 15:34:11 - round.py - INFO - pick_up_card - ---- carta pescata ----> Jolly_Jolly_R_Rosso
2025-11-09 15:34:11 - round.py - INFO - pick_up_card - ---- CARTE IN MANO: 
2025-11-09 15:34:11 - round.py - INFO - pick_up_card - ['K_Cuori_Rosso', 'K_Picche_Rosso', 'K_Quadri_Rosso', 'Jolly_Jolly_R_Rosso']
2025-11-09 15:34:11 - round.py - INFO - pick_up_card - -------------------------------------------------------------------------------------
2025-11-09 15:34:12 - round.py - INFO - discard - -------------------------------------------------------------------------------------
2025-11-09 15:34:12 - round.py - INFO - discard - Alessio ----> K_Quadri_Rosso
2025-11-09 15:34:12 - round.py - INFO - discard - -----------------------------------------FINE---------------------------------
2025-11-09 15:34:12 - round.py - INFO - discard - -------------------------------------------------------------------------------------
2025-11-09 15:34:12 - round.py - INFO - pick_up_card - -------------------------------------------------------------------------------------
2025-11-09 15:34:12 - round.py - INFO - pick_up_card - -----------------------------------------NUOVO TURNO---------------------------------
2025-11-09 15:34:12 - round.py - INFO - pick_up_card - MariaGrazia 
2025-11-09 15:34:12 - round.py - INFO - pick_up_card - ---- carta pescata ----> 6_Cuori_Rosso
2025-11-09 15:34:12 - round.py - INFO - pick_up_card - ---- CARTE IN MANO: 
2025-11-09 15:34:12 - round.py - INFO - pick_up_card - ['5_Picche_Rosso', '8_Picche_Rosso', '9_Quadri_Blu', '3_Cuori_Blu', '7_Fiori_Rosso', 'J_Quadri_Blu', 'K_Quadri_Blu', 'A_Picche_Rosso', 'J_Picche_Rosso', 'K_Fiori_Rosso', '6_Cuori_Rosso']
2025-11-09 15:34:12 - round.py - INFO - pick_up_card - -------------------------------------------------------------------------------------
2025-11-09 15:34:12 - round.py - INFO - discard - -------------------------------------------------------------------------------------
2025-11-09 15:34:12 - round.py - INFO - discard - MariaGrazia ----> J_Picche_Rosso
2025-11-09 15:34:12 - round.py - INFO - discard - -----------------------------------------FINE---------------------------------
2025-11-09 15:34:12 - round.py - INFO - discard - -------------------------------------------------------------------------------------
2025-11-09 15:34:12 - round.py - INFO - pick_up_card - -------------------------------------------------------------------------------------
2025-11-09 15:34:12 - round.py - INFO - pick_up_card - -----------------------------------------NUOVO TURNO---------------------------------
2025-11-09 15:34:12 - round.py - INFO - pick_up_card - Alessio 
2025-11-09 15:34:12 - round.py - INFO - pick_up_card - ---- carta pescata ----> 3_Picche_Rosso
2025-11-09 15:34:12 - round.py - INFO - pick_up_card - ---- CARTE IN MANO: 
2025-11-09 15:34:12 - round.py - INFO - pick_up_card - ['K_Cuori_Rosso', 'K_Picche_Rosso', 'Jolly_Jolly_R_Rosso', '3_Picche_Rosso']
2025-11-09 15:34:12 - round.py - INFO - pick_up_card - -------------------------------------------------------------------------------------
2025-11-09 15:34:12 - round.py - INFO - discard - -------------------------------------------------------------------------------------
2025-11-09 15:34:12 - round.py - INFO - discard - Alessio ----> 3_Picche_Rosso
2025-11-09 15:34:12 - round.py - INFO - discard - -----------------------------------------FINE---------------------------------
2025-11-09 15:34:12 - round.py - INFO - discard - -------------------------------------------------------------------------------------
2025-11-09 15:34:12 - round.py - INFO - pick_up_discard - -------------------------------------------------------------------------------------
2025-11-09 15:34:12 - round.py - INFO - pick_up_discard - -----------------------------------------NUOVO TURNO---------------------------------
2025-11-09 15:34:12 - round.py - INFO - pick_up_discard - MariaGrazia 
2025-11-09 15:34:12 - round.py - INFO - pick_up_discard - ---- carta pescata ----> ['7_Quadri_Rosso', 'K_Quadri_Rosso', 'J_Picche_Rosso', '3_Picche_Rosso']
2025-11-09 15:34:12 - round.py - INFO - pick_up_discard - ---- CARTE IN MANO: 
2025-11-09 15:34:12 - round.py - INFO - pick_up_discard - ['5_Picche_Rosso', '8_Picche_Rosso', '9_Quadri_Blu', '3_Cuori_Blu', '7_Fiori_Rosso', 'J_Quadri_Blu', 'K_Quadri_Blu', 'A_Picche_Rosso', 'K_Fiori_Rosso', '6_Cuori_Rosso', '7_Quadri_Rosso', 'K_Quadri_Rosso', 'J_Picche_Rosso', '3_Picche_Rosso']
2025-11-09 15:34:12 - round.py - INFO - pick_up_discard - -------------------------------------------------------------------------------------
2025-11-09 15:34:14 - player_onto_manager.py - INFO - apre_tris -  K_Fiori_Rosso -10 ----> partialScore ----> 10
2025-11-09 15:34:14 - player_onto_manager.py - INFO - apre_tris -  K_Quadri_Rosso -10 ----> partialScore ----> 20
2025-11-09 15:34:14 - player_onto_manager.py - INFO - apre_tris -  K_Quadri_Blu -10 ----> partialScore ----> 30
2025-11-09 15:34:14 - player_onto_manager.py - INFO - apre_tris - FINAL partialScore ----> 30
2025-11-09 15:34:14 - round.py - INFO - open_tris - MariaGrazia ----> [(13, 38, 'Fiori', 10), (13, 25, 'Quadri', 10), (13, 79, 'Quadri', 10)]
2025-11-09 15:34:14 - round.py - INFO - discard - -------------------------------------------------------------------------------------
2025-11-09 15:34:14 - round.py - INFO - discard - MariaGrazia ----> 8_Picche_Rosso
2025-11-09 15:34:14 - round.py - INFO - discard - -----------------------------------------FINE---------------------------------
2025-11-09 15:34:14 - round.py - INFO - discard - -------------------------------------------------------------------------------------
2025-11-09 15:34:14 - round.py - INFO - pick_up_card - -------------------------------------------------------------------------------------
2025-11-09 15:34:14 - round.py - INFO - pick_up_card - -----------------------------------------NUOVO TURNO---------------------------------
2025-11-09 15:34:14 - round.py - INFO - pick_up_card - Alessio 
2025-11-09 15:34:14 - round.py - INFO - pick_up_card - ---- carta pescata ----> Q_Quadri_Blu
2025-11-09 15:34:14 - round.py - INFO - pick_up_card - ---- CARTE IN MANO: 
2025-11-09 15:34:14 - round.py - INFO - pick_up_card - ['K_Cuori_Rosso', 'K_Picche_Rosso', 'Jolly_Jolly_R_Rosso', 'Q_Quadri_Blu']
2025-11-09 15:34:14 - round.py - INFO - pick_up_card - -------------------------------------------------------------------------------------
2025-11-09 15:34:14 - round.py - INFO - discard - -------------------------------------------------------------------------------------
2025-11-09 15:34:14 - round.py - INFO - discard - Alessio ----> K_Cuori_Rosso
2025-11-09 15:34:14 - round.py - INFO - discard - -----------------------------------------FINE---------------------------------
2025-11-09 15:34:14 - round.py - INFO - discard - -------------------------------------------------------------------------------------
2025-11-09 15:34:14 - round.py - INFO - pick_up_discard - -------------------------------------------------------------------------------------
2025-11-09 15:34:14 - round.py - INFO - pick_up_discard - -----------------------------------------NUOVO TURNO---------------------------------
2025-11-09 15:34:14 - round.py - INFO - pick_up_discard - MariaGrazia 
2025-11-09 15:34:14 - round.py - INFO - pick_up_discard - ---- carta pescata ----> ['8_Picche_Rosso', 'K_Cuori_Rosso']
2025-11-09 15:34:14 - round.py - INFO - pick_up_discard - ---- CARTE IN MANO: 
2025-11-09 15:34:14 - round.py - INFO - pick_up_discard - ['5_Picche_Rosso', '9_Quadri_Blu', '3_Cuori_Blu', '7_Fiori_Rosso', 'J_Quadri_Blu', 'A_Picche_Rosso', '6_Cuori_Rosso', '7_Quadri_Rosso', 'J_Picche_Rosso', '3_Picche_Rosso', '8_Picche_Rosso', 'K_Cuori_Rosso']
2025-11-09 15:34:14 - round.py - INFO - pick_up_discard - -------------------------------------------------------------------------------------
2025-11-09 15:34:15 - round.py - INFO - update_tris - MariaGrazia ----> 13 -->K_Cuori_Rosso
2025-11-09 15:34:16 - round.py - INFO - discard - -------------------------------------------------------------------------------------
2025-11-09 15:34:16 - round.py - INFO - discard - MariaGrazia ----> 7_Fiori_Rosso
2025-11-09 15:34:16 - round.py - INFO - discard - -----------------------------------------FINE---------------------------------
2025-11-09 15:34:16 - round.py - INFO - discard - -------------------------------------------------------------------------------------
2025-11-09 15:34:16 - round.py - INFO - pick_up_card - -------------------------------------------------------------------------------------
2025-11-09 15:34:16 - round.py - INFO - pick_up_card - -----------------------------------------NUOVO TURNO---------------------------------
2025-11-09 15:34:16 - round.py - INFO - pick_up_card - Alessio 
2025-11-09 15:34:16 - round.py - INFO - pick_up_card - ---- carta pescata ----> 8_Cuori_Blu
2025-11-09 15:34:16 - round.py - INFO - pick_up_card - ---- CARTE IN MANO: 
2025-11-09 15:34:16 - round.py - INFO - pick_up_card - ['K_Picche_Rosso', 'Jolly_Jolly_R_Rosso', 'Q_Quadri_Blu', '8_Cuori_Blu']
2025-11-09 15:34:16 - round.py - INFO - pick_up_card - -------------------------------------------------------------------------------------
2025-11-09 15:34:16 - round.py - INFO - discard - -------------------------------------------------------------------------------------
2025-11-09 15:34:16 - round.py - INFO - discard - Alessio ----> Q_Quadri_Blu
2025-11-09 15:34:16 - round.py - INFO - discard - -----------------------------------------FINE---------------------------------
2025-11-09 15:34:16 - round.py - INFO - discard - -------------------------------------------------------------------------------------
2025-11-09 15:34:16 - round.py - INFO - pick_up_discard - -------------------------------------------------------------------------------------
2025-11-09 15:34:16 - round.py - INFO - pick_up_discard - -----------------------------------------NUOVO TURNO---------------------------------
2025-11-09 15:34:16 - round.py - INFO - pick_up_discard - MariaGrazia 
2025-11-09 15:34:16 - round.py - INFO - pick_up_discard - ---- carta pescata ----> ['7_Fiori_Rosso', 'Q_Quadri_Blu']
2025-11-09 15:34:16 - round.py - INFO - pick_up_discard - ---- CARTE IN MANO: 
2025-11-09 15:34:16 - round.py - INFO - pick_up_discard - ['5_Picche_Rosso', '9_Quadri_Blu', '3_Cuori_Blu', 'J_Quadri_Blu', 'A_Picche_Rosso', '6_Cuori_Rosso', '7_Quadri_Rosso', 'J_Picche_Rosso', '3_Picche_Rosso', '8_Picche_Rosso', '7_Fiori_Rosso', 'Q_Quadri_Blu']
2025-11-09 15:34:16 - round.py - INFO - pick_up_discard - -------------------------------------------------------------------------------------
2025-11-09 15:34:17 - round.py - INFO - update_tris - MariaGrazia ----> 12 -->Q_Quadri_Blu
2025-11-09 15:34:17 - round.py - INFO - discard - -------------------------------------------------------------------------------------
2025-11-09 15:34:17 - round.py - INFO - discard - MariaGrazia ----> J_Picche_Rosso
2025-11-09 15:34:17 - round.py - INFO - discard - -----------------------------------------FINE---------------------------------
2025-11-09 15:34:17 - round.py - INFO - discard - -------------------------------------------------------------------------------------
2025-11-09 15:34:17 - round.py - INFO - pick_up_card - -------------------------------------------------------------------------------------
2025-11-09 15:34:17 - round.py - INFO - pick_up_card - -----------------------------------------NUOVO TURNO---------------------------------
2025-11-09 15:34:17 - round.py - INFO - pick_up_card - Alessio 
2025-11-09 15:34:17 - round.py - INFO - pick_up_card - ---- carta pescata ----> 3_Quadri_Rosso
2025-11-09 15:34:17 - round.py - INFO - pick_up_card - ---- CARTE IN MANO: 
2025-11-09 15:34:17 - round.py - INFO - pick_up_card - ['K_Picche_Rosso', 'Jolly_Jolly_R_Rosso', '8_Cuori_Blu', '3_Quadri_Rosso']
2025-11-09 15:34:17 - round.py - INFO - pick_up_card - -------------------------------------------------------------------------------------
2025-11-09 15:34:17 - round.py - INFO - discard - -------------------------------------------------------------------------------------
2025-11-09 15:34:17 - round.py - INFO - discard - Alessio ----> 3_Quadri_Rosso
2025-11-09 15:34:17 - round.py - INFO - discard - -----------------------------------------FINE---------------------------------
2025-11-09 15:34:17 - round.py - INFO - discard - -------------------------------------------------------------------------------------
2025-11-09 15:34:17 - round.py - INFO - pick_up_discard - -------------------------------------------------------------------------------------
2025-11-09 15:34:17 - round.py - INFO - pick_up_discard - -----------------------------------------NUOVO TURNO---------------------------------
2025-11-09 15:34:17 - round.py - INFO - pick_up_discard - MariaGrazia 
2025-11-09 15:34:17 - round.py - INFO - pick_up_discard - ---- carta pescata ----> ['J_Picche_Rosso', '3_Quadri_Rosso']
2025-11-09 15:34:17 - round.py - INFO - pick_up_discard - ---- CARTE IN MANO: 
2025-11-09 15:34:17 - round.py - INFO - pick_up_discard - ['5_Picche_Rosso', '9_Quadri_Blu', '3_Cuori_Blu', 'J_Quadri_Blu', 'A_Picche_Rosso', '6_Cuori_Rosso', '7_Quadri_Rosso', '3_Picche_Rosso', '8_Picche_Rosso', '7_Fiori_Rosso', 'J_Picche_Rosso', '3_Quadri_Rosso']
2025-11-09 15:34:17 - round.py - INFO - pick_up_discard - -------------------------------------------------------------------------------------
2025-11-09 15:34:18 - player_onto_manager.py - INFO - apre_tris -  3_Cuori_Blu -5 ----> partialScore ----> 5
2025-11-09 15:34:18 - player_onto_manager.py - INFO - apre_tris -  3_Picche_Rosso -5 ----> partialScore ----> 10
2025-11-09 15:34:18 - player_onto_manager.py - INFO - apre_tris -  3_Quadri_Rosso -5 ----> partialScore ----> 15
2025-11-09 15:34:18 - player_onto_manager.py - INFO - apre_tris - FINAL partialScore ----> 15
2025-11-09 15:34:18 - round.py - INFO - open_tris - MariaGrazia ----> [(3, 56, 'Cuori', 5), (3, 41, 'Picche', 5), (3, 15, 'Quadri', 5)]
2025-11-09 15:34:19 - round.py - INFO - discard - -------------------------------------------------------------------------------------
2025-11-09 15:34:19 - round.py - INFO - discard - MariaGrazia ----> 9_Quadri_Blu
2025-11-09 15:34:19 - round.py - INFO - discard - -----------------------------------------FINE---------------------------------
2025-11-09 15:34:19 - round.py - INFO - discard - -------------------------------------------------------------------------------------
2025-11-09 15:34:19 - round.py - INFO - pick_up_discard - -------------------------------------------------------------------------------------
2025-11-09 15:34:19 - round.py - INFO - pick_up_discard - -----------------------------------------NUOVO TURNO---------------------------------
2025-11-09 15:34:19 - round.py - INFO - pick_up_discard - Alessio 
2025-11-09 15:34:19 - round.py - INFO - pick_up_discard - ---- carta pescata ----> ['9_Quadri_Blu']
2025-11-09 15:34:19 - round.py - INFO - pick_up_discard - ---- CARTE IN MANO: 
2025-11-09 15:34:19 - round.py - INFO - pick_up_discard - ['K_Picche_Rosso', 'Jolly_Jolly_R_Rosso', '8_Cuori_Blu', '9_Quadri_Blu']
2025-11-09 15:34:19 - round.py - INFO - pick_up_discard - -------------------------------------------------------------------------------------
2025-11-09 15:34:19 - round.py - INFO - discard - -------------------------------------------------------------------------------------
2025-11-09 15:34:19 - round.py - INFO - discard - Alessio ----> Jolly_Jolly_R_Rosso
2025-11-09 15:34:19 - round.py - INFO - discard - -----------------------------------------FINE---------------------------------
2025-11-09 15:34:19 - round.py - INFO - discard - -------------------------------------------------------------------------------------
2025-11-09 15:34:19 - round.py - INFO - pick_up_discard - -------------------------------------------------------------------------------------
2025-11-09 15:34:19 - round.py - INFO - pick_up_discard - -----------------------------------------NUOVO TURNO---------------------------------
2025-11-09 15:34:19 - round.py - INFO - pick_up_discard - MariaGrazia 
2025-11-09 15:34:19 - round.py - INFO - pick_up_discard - ---- carta pescata ----> ['Jolly_Jolly_R_Rosso']
2025-11-09 15:34:19 - round.py - INFO - pick_up_discard - ---- CARTE IN MANO: 
2025-11-09 15:34:19 - round.py - INFO - pick_up_discard - ['5_Picche_Rosso', 'J_Quadri_Blu', 'A_Picche_Rosso', '6_Cuori_Rosso', '7_Quadri_Rosso', '8_Picche_Rosso', '7_Fiori_Rosso', 'J_Picche_Rosso', 'Jolly_Jolly_R_Rosso']
2025-11-09 15:34:19 - round.py - INFO - pick_up_discard - -------------------------------------------------------------------------------------
2025-11-09 15:34:19 - round.py - INFO - update_tris - MariaGrazia ----> 13 -->Jolly_Jolly_R_Rosso
2025-11-09 15:34:19 - round.py - INFO - discard - -------------------------------------------------------------------------------------
2025-11-09 15:34:19 - round.py - INFO - discard - MariaGrazia ----> J_Quadri_Blu
2025-11-09 15:34:19 - round.py - INFO - discard - -----------------------------------------FINE---------------------------------
2025-11-09 15:34:19 - round.py - INFO - discard - -------------------------------------------------------------------------------------
2025-11-09 15:34:19 - round.py - INFO - pick_up_discard - -------------------------------------------------------------------------------------
2025-11-09 15:34:19 - round.py - INFO - pick_up_discard - -----------------------------------------NUOVO TURNO---------------------------------
2025-11-09 15:34:19 - round.py - INFO - pick_up_discard - Alessio 
2025-11-09 15:34:19 - round.py - INFO - pick_up_discard - ---- carta pescata ----> ['J_Quadri_Blu']
2025-11-09 15:34:19 - round.py - INFO - pick_up_discard - ---- CARTE IN MANO: 
2025-11-09 15:34:19 - round.py - INFO - pick_up_discard - ['K_Picche_Rosso', '8_Cuori_Blu', '9_Quadri_Blu', 'J_Quadri_Blu']
2025-11-09 15:34:19 - round.py - INFO - pick_up_discard - -------------------------------------------------------------------------------------
2025-11-09 15:34:19 - round.py - INFO - discard - -------------------------------------------------------------------------------------
2025-11-09 15:34:19 - round.py - INFO - discard - Alessio ----> K_Picche_Rosso
2025-11-09 15:34:19 - round.py - INFO - discard - -----------------------------------------FINE---------------------------------
2025-11-09 15:34:19 - round.py - INFO - discard - -------------------------------------------------------------------------------------
2025-11-09 15:34:19 - round.py - INFO - pick_up_discard - -------------------------------------------------------------------------------------
2025-11-09 15:34:19 - round.py - INFO - pick_up_discard - -----------------------------------------NUOVO TURNO---------------------------------
2025-11-09 15:34:19 - round.py - INFO - pick_up_discard - MariaGrazia 
2025-11-09 15:34:19 - round.py - INFO - pick_up_discard - ---- carta pescata ----> ['K_Picche_Rosso']
2025-11-09 15:34:19 - round.py - INFO - pick_up_discard - ---- CARTE IN MANO: 
2025-11-09 15:34:19 - round.py - INFO - pick_up_discard - ['5_Picche_Rosso', 'A_Picche_Rosso', '6_Cuori_Rosso', '7_Quadri_Rosso', '8_Picche_Rosso', '7_Fiori_Rosso', 'J_Picche_Rosso', 'K_Picche_Rosso']
2025-11-09 15:34:19 - round.py - INFO - pick_up_discard - -------------------------------------------------------------------------------------
2025-11-09 15:34:19 - round.py - INFO - update_tris - MariaGrazia ----> 13 -->K_Picche_Rosso
2025-11-09 15:34:20 - round.py - INFO - discard - -------------------------------------------------------------------------------------
2025-11-09 15:34:20 - round.py - INFO - discard - MariaGrazia ----> A_Picche_Rosso
2025-11-09 15:34:20 - round.py - INFO - discard - -----------------------------------------FINE---------------------------------
2025-11-09 15:34:20 - round.py - INFO - discard - -------------------------------------------------------------------------------------
2025-11-09 15:34:20 - round.py - INFO - pick_up_card - -------------------------------------------------------------------------------------
2025-11-09 15:34:20 - round.py - INFO - pick_up_card - -----------------------------------------NUOVO TURNO---------------------------------
2025-11-09 15:34:20 - round.py - INFO - pick_up_card - Alessio 
2025-11-09 15:34:20 - round.py - INFO - pick_up_card - ---- carta pescata ----> 3_Picche_Blu
2025-11-09 15:34:20 - round.py - INFO - pick_up_card - ---- CARTE IN MANO: 
2025-11-09 15:34:20 - round.py - INFO - pick_up_card - ['8_Cuori_Blu', '9_Quadri_Blu', 'J_Quadri_Blu', '3_Picche_Blu']
2025-11-09 15:34:20 - round.py - INFO - pick_up_card - -------------------------------------------------------------------------------------
2025-11-09 15:34:20 - round.py - INFO - discard - -------------------------------------------------------------------------------------
2025-11-09 15:34:20 - round.py - INFO - discard - Alessio ----> 9_Quadri_Blu
2025-11-09 15:34:20 - round.py - INFO - discard - -----------------------------------------FINE---------------------------------
2025-11-09 15:34:20 - round.py - INFO - discard - -------------------------------------------------------------------------------------
2025-11-09 15:34:20 - round.py - INFO - pick_up_discard - -------------------------------------------------------------------------------------
2025-11-09 15:34:20 - round.py - INFO - pick_up_discard - -----------------------------------------NUOVO TURNO---------------------------------
2025-11-09 15:34:20 - round.py - INFO - pick_up_discard - MariaGrazia 
2025-11-09 15:34:20 - round.py - INFO - pick_up_discard - ---- carta pescata ----> ['A_Picche_Rosso', '9_Quadri_Blu']
2025-11-09 15:34:20 - round.py - INFO - pick_up_discard - ---- CARTE IN MANO: 
2025-11-09 15:34:20 - round.py - INFO - pick_up_discard - ['5_Picche_Rosso', '6_Cuori_Rosso', '7_Quadri_Rosso', '8_Picche_Rosso', '7_Fiori_Rosso', 'J_Picche_Rosso', 'A_Picche_Rosso', '9_Quadri_Blu']
2025-11-09 15:34:20 - round.py - INFO - pick_up_discard - -------------------------------------------------------------------------------------
2025-11-09 15:34:20 - round.py - INFO - discard - -------------------------------------------------------------------------------------
2025-11-09 15:34:20 - round.py - INFO - discard - MariaGrazia ----> J_Picche_Rosso
2025-11-09 15:34:20 - round.py - INFO - discard - -----------------------------------------FINE---------------------------------
2025-11-09 15:34:20 - round.py - INFO - discard - -------------------------------------------------------------------------------------
2025-11-09 15:34:20 - round.py - INFO - pick_up_discard - -------------------------------------------------------------------------------------
2025-11-09 15:34:20 - round.py - INFO - pick_up_discard - -----------------------------------------NUOVO TURNO---------------------------------
2025-11-09 15:34:20 - round.py - INFO - pick_up_discard - Alessio 
2025-11-09 15:34:20 - round.py - INFO - pick_up_discard - ---- carta pescata ----> ['J_Picche_Rosso']
2025-11-09 15:34:20 - round.py - INFO - pick_up_discard - ---- CARTE IN MANO: 
2025-11-09 15:34:20 - round.py - INFO - pick_up_discard - ['8_Cuori_Blu', 'J_Quadri_Blu', '3_Picche_Blu', 'J_Picche_Rosso']
2025-11-09 15:34:20 - round.py - INFO - pick_up_discard - -------------------------------------------------------------------------------------
2025-11-09 15:34:20 - round.py - INFO - discard - -------------------------------------------------------------------------------------
2025-11-09 15:34:20 - round.py - INFO - discard - Alessio ----> J_Quadri_Blu
2025-11-09 15:34:20 - round.py - INFO - discard - -----------------------------------------FINE---------------------------------
2025-11-09 15:34:20 - round.py - INFO - discard - -------------------------------------------------------------------------------------
2025-11-09 15:34:20 - round.py - INFO - pick_up_discard - -------------------------------------------------------------------------------------
2025-11-09 15:34:20 - round.py - INFO - pick_up_discard - -----------------------------------------NUOVO TURNO---------------------------------
2025-11-09 15:34:20 - round.py - INFO - pick_up_discard - MariaGrazia 
2025-11-09 15:34:20 - round.py - INFO - pick_up_discard - ---- carta pescata ----> ['J_Quadri_Blu']
2025-11-09 15:34:20 - round.py - INFO - pick_up_discard - ---- CARTE IN MANO: 
2025-11-09 15:34:20 - round.py - INFO - pick_up_discard - ['5_Picche_Rosso', '6_Cuori_Rosso', '7_Quadri_Rosso', '8_Picche_Rosso', '7_Fiori_Rosso', 'A_Picche_Rosso', '9_Quadri_Blu', 'J_Quadri_Blu']
2025-11-09 15:34:20 - round.py - INFO - pick_up_discard - -------------------------------------------------------------------------------------
2025-11-09 15:34:20 - round.py - INFO - discard - -------------------------------------------------------------------------------------
2025-11-09 15:34:20 - round.py - INFO - discard - MariaGrazia ----> 9_Quadri_Blu
2025-11-09 15:34:20 - round.py - INFO - discard - -----------------------------------------FINE---------------------------------
2025-11-09 15:34:20 - round.py - INFO - discard - -------------------------------------------------------------------------------------
2025-11-09 15:34:20 - round.py - INFO - pick_up_discard - -------------------------------------------------------------------------------------
2025-11-09 15:34:20 - round.py - INFO - pick_up_discard - -----------------------------------------NUOVO TURNO---------------------------------
2025-11-09 15:34:20 - round.py - INFO - pick_up_discard - Alessio 
2025-11-09 15:34:20 - round.py - INFO - pick_up_discard - ---- carta pescata ----> ['9_Quadri_Blu']
2025-11-09 15:34:20 - round.py - INFO - pick_up_discard - ---- CARTE IN MANO: 
2025-11-09 15:34:20 - round.py - INFO - pick_up_discard - ['8_Cuori_Blu', '3_Picche_Blu', 'J_Picche_Rosso', '9_Quadri_Blu']
2025-11-09 15:34:20 - round.py - INFO - pick_up_discard - -------------------------------------------------------------------------------------
2025-11-09 15:34:20 - round.py - INFO - discard - -------------------------------------------------------------------------------------
2025-11-09 15:34:20 - round.py - INFO - discard - Alessio ----> 9_Quadri_Blu
2025-11-09 15:34:20 - round.py - INFO - discard - -----------------------------------------FINE---------------------------------
2025-11-09 15:34:20 - round.py - INFO - discard - -------------------------------------------------------------------------------------
2025-11-09 15:34:20 - round.py - INFO - pick_up_card - -------------------------------------------------------------------------------------
2025-11-09 15:34:20 - round.py - INFO - pick_up_card - -----------------------------------------NUOVO TURNO---------------------------------
2025-11-09 15:34:20 - round.py - INFO - pick_up_card - MariaGrazia 
2025-11-09 15:34:20 - round.py - INFO - pick_up_card - ---- carta pescata ----> 5_Picche_Blu
2025-11-09 15:34:20 - round.py - INFO - pick_up_card - ---- CARTE IN MANO: 
2025-11-09 15:34:20 - round.py - INFO - pick_up_card - ['5_Picche_Rosso', '6_Cuori_Rosso', '7_Quadri_Rosso', '8_Picche_Rosso', '7_Fiori_Rosso', 'A_Picche_Rosso', 'J_Quadri_Blu', '5_Picche_Blu']
2025-11-09 15:34:20 - round.py - INFO - pick_up_card - -------------------------------------------------------------------------------------
2025-11-09 15:34:20 - round.py - INFO - discard - -------------------------------------------------------------------------------------
2025-11-09 15:34:20 - round.py - INFO - discard - MariaGrazia ----> 5_Picche_Blu
2025-11-09 15:34:20 - round.py - INFO - discard - -----------------------------------------FINE---------------------------------
2025-11-09 15:34:20 - round.py - INFO - discard - -------------------------------------------------------------------------------------
2025-11-09 15:34:21 - round.py - INFO - pick_up_discard - -------------------------------------------------------------------------------------
2025-11-09 15:34:21 - round.py - INFO - pick_up_discard - -----------------------------------------NUOVO TURNO---------------------------------
2025-11-09 15:34:21 - round.py - INFO - pick_up_discard - Alessio 
2025-11-09 15:34:21 - round.py - INFO - pick_up_discard - ---- carta pescata ----> ['9_Quadri_Blu', '5_Picche_Blu']
2025-11-09 15:34:21 - round.py - INFO - pick_up_discard - ---- CARTE IN MANO: 
2025-11-09 15:34:21 - round.py - INFO - pick_up_discard - ['8_Cuori_Blu', '3_Picche_Blu', 'J_Picche_Rosso', '9_Quadri_Blu', '5_Picche_Blu']
2025-11-09 15:34:21 - round.py - INFO - pick_up_discard - -------------------------------------------------------------------------------------
2025-11-09 15:34:21 - round.py - INFO - discard - -------------------------------------------------------------------------------------
2025-11-09 15:34:21 - round.py - INFO - discard - Alessio ----> J_Picche_Rosso
2025-11-09 15:34:21 - round.py - INFO - discard - -----------------------------------------FINE---------------------------------
2025-11-09 15:34:21 - round.py - INFO - discard - -------------------------------------------------------------------------------------
2025-11-09 15:34:21 - round.py - INFO - pick_up_discard - -------------------------------------------------------------------------------------
2025-11-09 15:34:21 - round.py - INFO - pick_up_discard - -----------------------------------------NUOVO TURNO---------------------------------
2025-11-09 15:34:21 - round.py - INFO - pick_up_discard - MariaGrazia 
2025-11-09 15:34:21 - round.py - INFO - pick_up_discard - ---- carta pescata ----> ['J_Picche_Rosso']
2025-11-09 15:34:21 - round.py - INFO - pick_up_discard - ---- CARTE IN MANO: 
2025-11-09 15:34:21 - round.py - INFO - pick_up_discard - ['5_Picche_Rosso', '6_Cuori_Rosso', '7_Quadri_Rosso', '8_Picche_Rosso', '7_Fiori_Rosso', 'A_Picche_Rosso', 'J_Quadri_Blu', 'J_Picche_Rosso']
2025-11-09 15:34:21 - round.py - INFO - pick_up_discard - -------------------------------------------------------------------------------------
2025-11-09 15:34:21 - round.py - INFO - discard - -------------------------------------------------------------------------------------
2025-11-09 15:34:21 - round.py - INFO - discard - MariaGrazia ----> 6_Cuori_Rosso
2025-11-09 15:34:21 - round.py - INFO - discard - -----------------------------------------FINE---------------------------------
2025-11-09 15:34:21 - round.py - INFO - discard - -------------------------------------------------------------------------------------
2025-11-09 15:34:21 - round.py - INFO - pick_up_discard - -------------------------------------------------------------------------------------
2025-11-09 15:34:21 - round.py - INFO - pick_up_discard - -----------------------------------------NUOVO TURNO---------------------------------
2025-11-09 15:34:21 - round.py - INFO - pick_up_discard - Alessio 
2025-11-09 15:34:21 - round.py - INFO - pick_up_discard - ---- carta pescata ----> ['6_Cuori_Rosso']
2025-11-09 15:34:21 - round.py - INFO - pick_up_discard - ---- CARTE IN MANO: 
2025-11-09 15:34:21 - round.py - INFO - pick_up_discard - ['8_Cuori_Blu', '3_Picche_Blu', '9_Quadri_Blu', '5_Picche_Blu', '6_Cuori_Rosso']
2025-11-09 15:34:21 - round.py - INFO - pick_up_discard - -------------------------------------------------------------------------------------
2025-11-09 15:34:21 - round.py - INFO - discard - -------------------------------------------------------------------------------------
2025-11-09 15:34:21 - round.py - INFO - discard - Alessio ----> 5_Picche_Blu
2025-11-09 15:34:21 - round.py - INFO - discard - -----------------------------------------FINE---------------------------------
2025-11-09 15:34:21 - round.py - INFO - discard - -------------------------------------------------------------------------------------
2025-11-09 15:34:21 - round.py - INFO - pick_up_card - -------------------------------------------------------------------------------------
2025-11-09 15:34:21 - round.py - INFO - pick_up_card - -----------------------------------------NUOVO TURNO---------------------------------
2025-11-09 15:34:21 - round.py - INFO - pick_up_card - MariaGrazia 
2025-11-09 15:34:21 - round.py - INFO - pick_up_card - ---- carta pescata ----> 8_Picche_Blu
2025-11-09 15:34:21 - round.py - INFO - pick_up_card - ---- CARTE IN MANO: 
2025-11-09 15:34:21 - round.py - INFO - pick_up_card - ['5_Picche_Rosso', '7_Quadri_Rosso', '8_Picche_Rosso', '7_Fiori_Rosso', 'A_Picche_Rosso', 'J_Quadri_Blu', 'J_Picche_Rosso', '8_Picche_Blu']
2025-11-09 15:34:21 - round.py - INFO - pick_up_card - -------------------------------------------------------------------------------------
2025-11-09 15:34:21 - round.py - INFO - discard - -------------------------------------------------------------------------------------
2025-11-09 15:34:21 - round.py - INFO - discard - MariaGrazia ----> 5_Picche_Rosso
2025-11-09 15:34:21 - round.py - INFO - discard - -----------------------------------------FINE---------------------------------
2025-11-09 15:34:21 - round.py - INFO - discard - -------------------------------------------------------------------------------------
2025-11-09 15:34:21 - round.py - INFO - pick_up_card - -------------------------------------------------------------------------------------
2025-11-09 15:34:21 - round.py - INFO - pick_up_card - -----------------------------------------NUOVO TURNO---------------------------------
2025-11-09 15:34:21 - round.py - INFO - pick_up_card - Alessio 
2025-11-09 15:34:21 - round.py - INFO - pick_up_card - ---- carta pescata ----> 9_Picche_Blu
2025-11-09 15:34:21 - round.py - INFO - pick_up_card - ---- CARTE IN MANO: 
2025-11-09 15:34:21 - round.py - INFO - pick_up_card - ['8_Cuori_Blu', '3_Picche_Blu', '9_Quadri_Blu', '6_Cuori_Rosso', '9_Picche_Blu']
2025-11-09 15:34:21 - round.py - INFO - pick_up_card - -------------------------------------------------------------------------------------
2025-11-09 15:34:21 - round.py - INFO - discard - -------------------------------------------------------------------------------------
2025-11-09 15:34:21 - round.py - INFO - discard - Alessio ----> 8_Cuori_Blu
2025-11-09 15:34:21 - round.py - INFO - discard - -----------------------------------------FINE---------------------------------
2025-11-09 15:34:21 - round.py - INFO - discard - -------------------------------------------------------------------------------------
2025-11-09 15:34:21 - round.py - INFO - pick_up_card - -------------------------------------------------------------------------------------
2025-11-09 15:34:21 - round.py - INFO - pick_up_card - -----------------------------------------NUOVO TURNO---------------------------------
2025-11-09 15:34:21 - round.py - INFO - pick_up_card - MariaGrazia 
2025-11-09 15:34:21 - round.py - INFO - pick_up_card - ---- carta pescata ----> 10_Quadri_Blu
2025-11-09 15:34:21 - round.py - INFO - pick_up_card - ---- CARTE IN MANO: 
2025-11-09 15:34:21 - round.py - INFO - pick_up_card - ['7_Quadri_Rosso', '8_Picche_Rosso', '7_Fiori_Rosso', 'A_Picche_Rosso', 'J_Quadri_Blu', 'J_Picche_Rosso', '8_Picche_Blu', '10_Quadri_Blu']
2025-11-09 15:34:21 - round.py - INFO - pick_up_card - -------------------------------------------------------------------------------------
2025-11-09 15:34:21 - round.py - INFO - update_tris - MariaGrazia ----> 10 -->10_Quadri_Blu
2025-11-09 15:34:22 - round.py - INFO - discard - -------------------------------------------------------------------------------------
2025-11-09 15:34:22 - round.py - INFO - discard - MariaGrazia ----> 8_Picche_Blu
2025-11-09 15:34:22 - round.py - INFO - discard - -----------------------------------------FINE---------------------------------
2025-11-09 15:34:22 - round.py - INFO - discard - -------------------------------------------------------------------------------------
2025-11-09 15:34:22 - round.py - INFO - pick_up_card - -------------------------------------------------------------------------------------
2025-11-09 15:34:22 - round.py - INFO - pick_up_card - -----------------------------------------NUOVO TURNO---------------------------------
2025-11-09 15:34:22 - round.py - INFO - pick_up_card - Alessio 
2025-11-09 15:34:22 - round.py - INFO - pick_up_card - ---- carta pescata ----> 6_Fiori_Blu
2025-11-09 15:34:22 - round.py - INFO - pick_up_card - ---- CARTE IN MANO: 
2025-11-09 15:34:22 - round.py - INFO - pick_up_card - ['3_Picche_Blu', '9_Quadri_Blu', '6_Cuori_Rosso', '9_Picche_Blu', '6_Fiori_Blu']
2025-11-09 15:34:22 - round.py - INFO - pick_up_card - -------------------------------------------------------------------------------------
2025-11-09 15:34:22 - round.py - INFO - discard - -------------------------------------------------------------------------------------
2025-11-09 15:34:22 - round.py - INFO - discard - Alessio ----> 9_Quadri_Blu
2025-11-09 15:34:22 - round.py - INFO - discard - -----------------------------------------FINE---------------------------------
2025-11-09 15:34:22 - round.py - INFO - discard - -------------------------------------------------------------------------------------
2025-11-09 15:34:22 - round.py - INFO - pick_up_discard - -------------------------------------------------------------------------------------
2025-11-09 15:34:22 - round.py - INFO - pick_up_discard - -----------------------------------------NUOVO TURNO---------------------------------
2025-11-09 15:34:22 - round.py - INFO - pick_up_discard - MariaGrazia 
2025-11-09 15:34:22 - round.py - INFO - pick_up_discard - ---- carta pescata ----> ['5_Picche_Blu', '5_Picche_Rosso', '8_Cuori_Blu', '8_Picche_Blu', '9_Quadri_Blu']
2025-11-09 15:34:22 - round.py - INFO - pick_up_discard - ---- CARTE IN MANO: 
2025-11-09 15:34:22 - round.py - INFO - pick_up_discard - ['7_Quadri_Rosso', '8_Picche_Rosso', '7_Fiori_Rosso', 'A_Picche_Rosso', 'J_Quadri_Blu', 'J_Picche_Rosso', '5_Picche_Blu', '5_Picche_Rosso', '8_Cuori_Blu', '8_Picche_Blu', '9_Quadri_Blu']
2025-11-09 15:34:22 - round.py - INFO - pick_up_discard - -------------------------------------------------------------------------------------
2025-11-09 15:34:22 - player_onto_manager.py - INFO - apre_tris -  8_Picche_Rosso -10 ----> partialScore ----> 10
2025-11-09 15:34:22 - player_onto_manager.py - INFO - apre_tris -  8_Picche_Blu -10 ----> partialScore ----> 20
2025-11-09 15:34:22 - player_onto_manager.py - INFO - apre_tris -  8_Cuori_Blu -10 ----> partialScore ----> 30
2025-11-09 15:34:22 - player_onto_manager.py - INFO - apre_tris - FINAL partialScore ----> 30
2025-11-09 15:34:22 - round.py - INFO - open_tris - MariaGrazia ----> [(8, 46, 'Picche', 10), (8, 100, 'Picche', 10), (8, 61, 'Cuori', 10)]
2025-11-09 15:34:23 - round.py - INFO - discard - -------------------------------------------------------------------------------------
2025-11-09 15:34:23 - round.py - INFO - discard - MariaGrazia ----> 9_Quadri_Blu
2025-11-09 15:34:23 - round.py - INFO - discard - -----------------------------------------FINE---------------------------------
2025-11-09 15:34:23 - round.py - INFO - discard - -------------------------------------------------------------------------------------
2025-11-09 15:34:23 - round.py - INFO - pick_up_card - -------------------------------------------------------------------------------------
2025-11-09 15:34:23 - round.py - INFO - pick_up_card - -----------------------------------------NUOVO TURNO---------------------------------
2025-11-09 15:34:23 - round.py - INFO - pick_up_card - Alessio 
2025-11-09 15:34:23 - round.py - INFO - pick_up_card - ---- carta pescata ----> 6_Picche_Rosso
2025-11-09 15:34:23 - round.py - INFO - pick_up_card - ---- CARTE IN MANO: 
2025-11-09 15:34:23 - round.py - INFO - pick_up_card - ['3_Picche_Blu', '6_Cuori_Rosso', '9_Picche_Blu', '6_Fiori_Blu', '6_Picche_Rosso']
2025-11-09 15:34:23 - round.py - INFO - pick_up_card - -------------------------------------------------------------------------------------
2025-11-09 15:34:23 - player_onto_manager.py - INFO - apre_tris -  6_Picche_Rosso -5 ----> partialScore ----> 5
2025-11-09 15:34:23 - player_onto_manager.py - INFO - apre_tris -  6_Fiori_Blu -5 ----> partialScore ----> 10
2025-11-09 15:34:23 - player_onto_manager.py - INFO - apre_tris -  6_Cuori_Rosso -5 ----> partialScore ----> 15
2025-11-09 15:34:23 - player_onto_manager.py - INFO - apre_tris - FINAL partialScore ----> 15
2025-11-09 15:34:23 - round.py - INFO - open_tris - Alessio ----> [(6, 44, 'Picche', 5), (6, 85, 'Fiori', 5), (6, 5, 'Cuori', 5)]
2025-11-09 15:34:23 - round.py - INFO - discard - -------------------------------------------------------------------------------------
2025-11-09 15:34:23 - round.py - INFO - discard - Alessio ----> 9_Picche_Blu
2025-11-09 15:34:23 - round.py - INFO - discard - -----------------------------------------FINE---------------------------------
2025-11-09 15:34:23 - round.py - INFO - discard - -------------------------------------------------------------------------------------
2025-11-09 15:34:23 - round.py - INFO - pick_up_card - -------------------------------------------------------------------------------------
2025-11-09 15:34:23 - round.py - INFO - pick_up_card - -----------------------------------------NUOVO TURNO---------------------------------
2025-11-09 15:34:23 - round.py - INFO - pick_up_card - MariaGrazia 
2025-11-09 15:34:23 - round.py - INFO - pick_up_card - ---- carta pescata ----> 9_Fiori_Blu
2025-11-09 15:34:23 - round.py - INFO - pick_up_card - ---- CARTE IN MANO: 
2025-11-09 15:34:23 - round.py - INFO - pick_up_card - ['7_Quadri_Rosso', '7_Fiori_Rosso', 'A_Picche_Rosso', 'J_Quadri_Blu', 'J_Picche_Rosso', '5_Picche_Blu', '5_Picche_Rosso', '9_Fiori_Blu']
2025-11-09 15:34:23 - round.py - INFO - pick_up_card - -------------------------------------------------------------------------------------
2025-11-09 15:34:23 - round.py - INFO - discard - -------------------------------------------------------------------------------------
2025-11-09 15:34:23 - round.py - INFO - discard - MariaGrazia ----> 7_Quadri_Rosso
2025-11-09 15:34:23 - round.py - INFO - discard - -----------------------------------------FINE---------------------------------
2025-11-09 15:34:23 - round.py - INFO - discard - -------------------------------------------------------------------------------------
2025-11-09 15:34:23 - round.py - INFO - pick_up_discard - -------------------------------------------------------------------------------------
2025-11-09 15:34:23 - round.py - INFO - pick_up_discard - -----------------------------------------NUOVO TURNO---------------------------------
2025-11-09 15:34:23 - round.py - INFO - pick_up_discard - Alessio 
2025-11-09 15:34:23 - round.py - INFO - pick_up_discard - ---- carta pescata ----> ['9_Quadri_Blu', '9_Picche_Blu', '7_Quadri_Rosso']
2025-11-09 15:34:23 - round.py - INFO - pick_up_discard - ---- CARTE IN MANO: 
2025-11-09 15:34:23 - round.py - INFO - pick_up_discard - ['3_Picche_Blu', '9_Quadri_Blu', '9_Picche_Blu', '7_Quadri_Rosso']
2025-11-09 15:34:23 - round.py - INFO - pick_up_discard - -------------------------------------------------------------------------------------
2025-11-09 15:34:23 - round.py - INFO - discard - -------------------------------------------------------------------------------------
2025-11-09 15:34:23 - round.py - INFO - discard - Alessio ----> 7_Quadri_Rosso
2025-11-09 15:34:23 - round.py - INFO - discard - -----------------------------------------FINE---------------------------------
2025-11-09 15:34:23 - round.py - INFO - discard - -------------------------------------------------------------------------------------
2025-11-09 15:34:23 - round.py - INFO - pick_up_discard - -------------------------------------------------------------------------------------
2025-11-09 15:34:23 - round.py - INFO - pick_up_discard - -----------------------------------------NUOVO TURNO---------------------------------
2025-11-09 15:34:23 - round.py - INFO - pick_up_discard - MariaGrazia 
2025-11-09 15:34:23 - round.py - INFO - pick_up_discard - ---- carta pescata ----> ['7_Quadri_Rosso']
2025-11-09 15:34:23 - round.py - INFO - pick_up_discard - ---- CARTE IN MANO: 
2025-11-09 15:34:23 - round.py - INFO - pick_up_discard - ['7_Fiori_Rosso', 'A_Picche_Rosso', 'J_Quadri_Blu', 'J_Picche_Rosso', '5_Picche_Blu', '5_Picche_Rosso', '9_Fiori_Blu', '7_Quadri_Rosso']
2025-11-09 15:34:23 - round.py - INFO - pick_up_discard - -------------------------------------------------------------------------------------
2025-11-09 15:34:23 - round.py - INFO - discard - -------------------------------------------------------------------------------------
2025-11-09 15:34:23 - round.py - INFO - discard - MariaGrazia ----> 7_Fiori_Rosso
2025-11-09 15:34:23 - round.py - INFO - discard - -----------------------------------------FINE---------------------------------
2025-11-09 15:34:23 - round.py - INFO - discard - -------------------------------------------------------------------------------------
2025-11-09 15:34:23 - round.py - INFO - pick_up_discard - -------------------------------------------------------------------------------------
2025-11-09 15:34:23 - round.py - INFO - pick_up_discard - -----------------------------------------NUOVO TURNO---------------------------------
2025-11-09 15:34:23 - round.py - INFO - pick_up_discard - Alessio 
2025-11-09 15:34:23 - round.py - INFO - pick_up_discard - ---- carta pescata ----> ['7_Fiori_Rosso']
2025-11-09 15:34:23 - round.py - INFO - pick_up_discard - ---- CARTE IN MANO: 
2025-11-09 15:34:23 - round.py - INFO - pick_up_discard - ['3_Picche_Blu', '9_Quadri_Blu', '9_Picche_Blu', '7_Fiori_Rosso']
2025-11-09 15:34:23 - round.py - INFO - pick_up_discard - -------------------------------------------------------------------------------------
2025-11-09 15:34:23 - round.py - INFO - discard - -------------------------------------------------------------------------------------
2025-11-09 15:34:23 - round.py - INFO - discard - Alessio ----> 7_Fiori_Rosso
2025-11-09 15:34:23 - round.py - INFO - discard - -----------------------------------------FINE---------------------------------
2025-11-09 15:34:23 - round.py - INFO - discard - -------------------------------------------------------------------------------------
2025-11-09 15:34:23 - round.py - INFO - pick_up_discard - -------------------------------------------------------------------------------------
2025-11-09 15:34:23 - round.py - INFO - pick_up_discard - -----------------------------------------NUOVO TURNO---------------------------------
2025-11-09 15:34:23 - round.py - INFO - pick_up_discard - MariaGrazia 
2025-11-09 15:34:23 - round.py - INFO - pick_up_discard - ---- carta pescata ----> ['7_Fiori_Rosso']
2025-11-09 15:34:23 - round.py - INFO - pick_up_discard - ---- CARTE IN MANO: 
2025-11-09 15:34:23 - round.py - INFO - pick_up_discard - ['A_Picche_Rosso', 'J_Quadri_Blu', 'J_Picche_Rosso', '5_Picche_Blu', '5_Picche_Rosso', '9_Fiori_Blu', '7_Quadri_Rosso', '7_Fiori_Rosso']
2025-11-09 15:34:23 - round.py - INFO - pick_up_discard - -------------------------------------------------------------------------------------
2025-11-09 15:34:23 - round.py - INFO - discard - -------------------------------------------------------------------------------------
2025-11-09 15:34:23 - round.py - INFO - discard - MariaGrazia ----> J_Quadri_Blu
2025-11-09 15:34:23 - round.py - INFO - discard - -----------------------------------------FINE---------------------------------
2025-11-09 15:34:23 - round.py - INFO - discard - -------------------------------------------------------------------------------------
2025-11-09 15:34:23 - round.py - INFO - pick_up_card - -------------------------------------------------------------------------------------
2025-11-09 15:34:23 - round.py - INFO - pick_up_card - -----------------------------------------NUOVO TURNO---------------------------------
2025-11-09 15:34:23 - round.py - INFO - pick_up_card - Alessio 
2025-11-09 15:34:23 - round.py - INFO - pick_up_card - ---- carta pescata ----> 6_Quadri_Blu
2025-11-09 15:34:23 - round.py - INFO - pick_up_card - ---- CARTE IN MANO: 
2025-11-09 15:34:23 - round.py - INFO - pick_up_card - ['3_Picche_Blu', '9_Quadri_Blu', '9_Picche_Blu', '6_Quadri_Blu']
2025-11-09 15:34:23 - round.py - INFO - pick_up_card - -------------------------------------------------------------------------------------
2025-11-09 15:34:24 - round.py - INFO - update_tris - Alessio ----> 6 -->6_Quadri_Blu
2025-11-09 15:34:24 - round.py - INFO - discard - -------------------------------------------------------------------------------------
2025-11-09 15:34:24 - round.py - INFO - discard - Alessio ----> 9_Picche_Blu
2025-11-09 15:34:24 - round.py - INFO - discard - -----------------------------------------FINE---------------------------------
2025-11-09 15:34:24 - round.py - INFO - discard - -------------------------------------------------------------------------------------
2025-11-09 15:34:24 - round.py - INFO - pick_up_card - -------------------------------------------------------------------------------------
2025-11-09 15:34:24 - round.py - INFO - pick_up_card - -----------------------------------------NUOVO TURNO---------------------------------
2025-11-09 15:34:24 - round.py - INFO - pick_up_card - MariaGrazia 
2025-11-09 15:34:24 - round.py - INFO - pick_up_card - ---- carta pescata ----> 8_Cuori_Rosso
2025-11-09 15:34:24 - round.py - INFO - pick_up_card - ---- CARTE IN MANO: 
2025-11-09 15:34:24 - round.py - INFO - pick_up_card - ['A_Picche_Rosso', 'J_Picche_Rosso', '5_Picche_Blu', '5_Picche_Rosso', '9_Fiori_Blu', '7_Quadri_Rosso', '7_Fiori_Rosso', '8_Cuori_Rosso']
2025-11-09 15:34:24 - round.py - INFO - pick_up_card - -------------------------------------------------------------------------------------
2025-11-09 15:34:24 - round.py - INFO - update_tris - MariaGrazia ----> 8 -->8_Cuori_Rosso
2025-11-09 15:34:24 - round.py - INFO - discard - -------------------------------------------------------------------------------------
2025-11-09 15:34:24 - round.py - INFO - discard - MariaGrazia ----> 5_Picche_Blu
2025-11-09 15:34:24 - round.py - INFO - discard - -----------------------------------------FINE---------------------------------
2025-11-09 15:34:24 - round.py - INFO - discard - -------------------------------------------------------------------------------------
2025-11-09 15:34:24 - round.py - INFO - pick_up_discard - -------------------------------------------------------------------------------------
2025-11-09 15:34:24 - round.py - INFO - pick_up_discard - -----------------------------------------NUOVO TURNO---------------------------------
2025-11-09 15:34:24 - round.py - INFO - pick_up_discard - Alessio 
2025-11-09 15:34:24 - round.py - INFO - pick_up_discard - ---- carta pescata ----> ['J_Quadri_Blu', '9_Picche_Blu', '5_Picche_Blu']
2025-11-09 15:34:24 - round.py - INFO - pick_up_discard - ---- CARTE IN MANO: 
2025-11-09 15:34:24 - round.py - INFO - pick_up_discard - ['3_Picche_Blu', '9_Quadri_Blu', 'J_Quadri_Blu', '9_Picche_Blu', '5_Picche_Blu']
2025-11-09 15:34:24 - round.py - INFO - pick_up_discard - -------------------------------------------------------------------------------------
2025-11-09 15:34:24 - round.py - INFO - discard - -------------------------------------------------------------------------------------
2025-11-09 15:34:24 - round.py - INFO - discard - Alessio ----> 9_Quadri_Blu
2025-11-09 15:34:24 - round.py - INFO - discard - -----------------------------------------FINE---------------------------------
2025-11-09 15:34:24 - round.py - INFO - discard - -------------------------------------------------------------------------------------
2025-11-09 15:34:24 - round.py - INFO - pick_up_card - -------------------------------------------------------------------------------------
2025-11-09 15:34:24 - round.py - INFO - pick_up_card - -----------------------------------------NUOVO TURNO---------------------------------
2025-11-09 15:34:24 - round.py - INFO - pick_up_card - MariaGrazia 
2025-11-09 15:34:24 - round.py - INFO - pick_up_card - ---- carta pescata ----> K_Picche_Blu
2025-11-09 15:34:24 - round.py - INFO - pick_up_card - ---- CARTE IN MANO: 
2025-11-09 15:34:24 - round.py - INFO - pick_up_card - ['A_Picche_Rosso', 'J_Picche_Rosso', '5_Picche_Rosso', '9_Fiori_Blu', '7_Quadri_Rosso', '7_Fiori_Rosso', 'K_Picche_Blu']
2025-11-09 15:34:24 - round.py - INFO - pick_up_card - -------------------------------------------------------------------------------------
2025-11-09 15:34:24 - round.py - INFO - update_tris - MariaGrazia ----> 13 -->K_Picche_Blu
2025-11-09 15:34:24 - round.py - INFO - discard - -------------------------------------------------------------------------------------
2025-11-09 15:34:24 - round.py - INFO - discard - MariaGrazia ----> A_Picche_Rosso
2025-11-09 15:34:24 - round.py - INFO - discard - -----------------------------------------FINE---------------------------------
2025-11-09 15:34:24 - round.py - INFO - discard - -------------------------------------------------------------------------------------
2025-11-09 15:34:24 - round.py - INFO - pick_up_card - -------------------------------------------------------------------------------------
2025-11-09 15:34:24 - round.py - INFO - pick_up_card - -----------------------------------------NUOVO TURNO---------------------------------
2025-11-09 15:34:24 - round.py - INFO - pick_up_card - Alessio 
2025-11-09 15:34:24 - round.py - INFO - pick_up_card - ---- carta pescata ----> 4_Fiori_Rosso
2025-11-09 15:34:24 - round.py - INFO - pick_up_card - ---- CARTE IN MANO: 
2025-11-09 15:34:24 - round.py - INFO - pick_up_card - ['3_Picche_Blu', 'J_Quadri_Blu', '9_Picche_Blu', '5_Picche_Blu', '4_Fiori_Rosso']
2025-11-09 15:34:24 - round.py - INFO - pick_up_card - -------------------------------------------------------------------------------------
2025-11-09 15:34:24 - round.py - INFO - discard - -------------------------------------------------------------------------------------
2025-11-09 15:34:24 - round.py - INFO - discard - Alessio ----> 4_Fiori_Rosso
2025-11-09 15:34:24 - round.py - INFO - discard - -----------------------------------------FINE---------------------------------
2025-11-09 15:34:24 - round.py - INFO - discard - -------------------------------------------------------------------------------------
2025-11-09 15:34:24 - round.py - INFO - pick_up_card - -------------------------------------------------------------------------------------
2025-11-09 15:34:24 - round.py - INFO - pick_up_card - -----------------------------------------NUOVO TURNO---------------------------------
2025-11-09 15:34:24 - round.py - INFO - pick_up_card - MariaGrazia 
2025-11-09 15:34:24 - round.py - INFO - pick_up_card - ---- carta pescata ----> A_Quadri_Blu
2025-11-09 15:34:24 - round.py - INFO - pick_up_card - ---- CARTE IN MANO: 
2025-11-09 15:34:24 - round.py - INFO - pick_up_card - ['J_Picche_Rosso', '5_Picche_Rosso', '9_Fiori_Blu', '7_Quadri_Rosso', '7_Fiori_Rosso', 'A_Quadri_Blu']
2025-11-09 15:34:24 - round.py - INFO - pick_up_card - -------------------------------------------------------------------------------------
2025-11-09 15:34:25 - round.py - INFO - discard - -------------------------------------------------------------------------------------
2025-11-09 15:34:25 - round.py - INFO - discard - MariaGrazia ----> J_Picche_Rosso
2025-11-09 15:34:25 - round.py - INFO - discard - -----------------------------------------FINE---------------------------------
2025-11-09 15:34:25 - round.py - INFO - discard - -------------------------------------------------------------------------------------
2025-11-09 15:34:25 - round.py - INFO - pick_up_discard - -------------------------------------------------------------------------------------
2025-11-09 15:34:25 - round.py - INFO - pick_up_discard - -----------------------------------------NUOVO TURNO---------------------------------
2025-11-09 15:34:25 - round.py - INFO - pick_up_discard - Alessio 
2025-11-09 15:34:25 - round.py - INFO - pick_up_discard - ---- carta pescata ----> ['9_Quadri_Blu', 'A_Picche_Rosso', '4_Fiori_Rosso', 'J_Picche_Rosso']
2025-11-09 15:34:25 - round.py - INFO - pick_up_discard - ---- CARTE IN MANO: 
2025-11-09 15:34:25 - round.py - INFO - pick_up_discard - ['3_Picche_Blu', 'J_Quadri_Blu', '9_Picche_Blu', '5_Picche_Blu', '9_Quadri_Blu', 'A_Picche_Rosso', '4_Fiori_Rosso', 'J_Picche_Rosso']
2025-11-09 15:34:25 - round.py - INFO - pick_up_discard - -------------------------------------------------------------------------------------
2025-11-09 15:34:25 - round.py - INFO - update_tris - Alessio ----> 1 -->A_Picche_Rosso
2025-11-09 15:34:25 - round.py - INFO - discard - -------------------------------------------------------------------------------------
2025-11-09 15:34:25 - round.py - INFO - discard - Alessio ----> J_Quadri_Blu
2025-11-09 15:34:25 - round.py - INFO - discard - -----------------------------------------FINE---------------------------------
2025-11-09 15:34:25 - round.py - INFO - discard - -------------------------------------------------------------------------------------
2025-11-09 15:34:25 - round.py - INFO - pick_up_card - -------------------------------------------------------------------------------------
2025-11-09 15:34:25 - round.py - INFO - pick_up_card - -----------------------------------------NUOVO TURNO---------------------------------
2025-11-09 15:34:25 - round.py - INFO - pick_up_card - MariaGrazia 
2025-11-09 15:34:25 - round.py - INFO - pick_up_card - ---- carta pescata ----> 10_Cuori_Rosso
2025-11-09 15:34:25 - round.py - INFO - pick_up_card - ---- CARTE IN MANO: 
2025-11-09 15:34:25 - round.py - INFO - pick_up_card - ['5_Picche_Rosso', '9_Fiori_Blu', '7_Quadri_Rosso', '7_Fiori_Rosso', 'A_Quadri_Blu', '10_Cuori_Rosso']
2025-11-09 15:34:25 - round.py - INFO - pick_up_card - -------------------------------------------------------------------------------------
2025-11-09 15:34:25 - round.py - INFO - update_tris - MariaGrazia ----> 10 -->10_Cuori_Rosso
2025-11-09 15:34:25 - round.py - INFO - discard - -------------------------------------------------------------------------------------
2025-11-09 15:34:25 - round.py - INFO - discard - MariaGrazia ----> 5_Picche_Rosso
2025-11-09 15:34:25 - round.py - INFO - discard - -----------------------------------------FINE---------------------------------
2025-11-09 15:34:25 - round.py - INFO - discard - -------------------------------------------------------------------------------------
2025-11-09 15:34:25 - round.py - INFO - pick_up_discard - -------------------------------------------------------------------------------------
2025-11-09 15:34:25 - round.py - INFO - pick_up_discard - -----------------------------------------NUOVO TURNO---------------------------------
2025-11-09 15:34:25 - round.py - INFO - pick_up_discard - Alessio 
2025-11-09 15:34:25 - round.py - INFO - pick_up_discard - ---- carta pescata ----> ['J_Quadri_Blu', '5_Picche_Rosso']
2025-11-09 15:34:25 - round.py - INFO - pick_up_discard - ---- CARTE IN MANO: 
2025-11-09 15:34:25 - round.py - INFO - pick_up_discard - ['3_Picche_Blu', '9_Picche_Blu', '5_Picche_Blu', '9_Quadri_Blu', '4_Fiori_Rosso', 'J_Picche_Rosso', 'J_Quadri_Blu', '5_Picche_Rosso']
2025-11-09 15:34:25 - round.py - INFO - pick_up_discard - -------------------------------------------------------------------------------------
2025-11-09 15:34:25 - round.py - INFO - discard - -------------------------------------------------------------------------------------
2025-11-09 15:34:25 - round.py - INFO - discard - Alessio ----> 3_Picche_Blu
2025-11-09 15:34:25 - round.py - INFO - discard - -----------------------------------------FINE---------------------------------
2025-11-09 15:34:25 - round.py - INFO - discard - -------------------------------------------------------------------------------------
2025-11-09 15:34:25 - round.py - INFO - pick_up_discard - -------------------------------------------------------------------------------------
2025-11-09 15:34:25 - round.py - INFO - pick_up_discard - -----------------------------------------NUOVO TURNO---------------------------------
2025-11-09 15:34:25 - round.py - INFO - pick_up_discard - MariaGrazia 
2025-11-09 15:34:25 - round.py - INFO - pick_up_discard - ---- carta pescata ----> ['3_Picche_Blu']
2025-11-09 15:34:25 - round.py - INFO - pick_up_discard - ---- CARTE IN MANO: 
2025-11-09 15:34:25 - round.py - INFO - pick_up_discard - ['9_Fiori_Blu', '7_Quadri_Rosso', '7_Fiori_Rosso', 'A_Quadri_Blu', '3_Picche_Blu']
2025-11-09 15:34:25 - round.py - INFO - pick_up_discard - -------------------------------------------------------------------------------------
2025-11-09 15:34:25 - round.py - INFO - update_tris - MariaGrazia ----> 3 -->3_Picche_Blu
2025-11-09 15:34:25 - round.py - INFO - discard - -------------------------------------------------------------------------------------
2025-11-09 15:34:25 - round.py - INFO - discard - MariaGrazia ----> 9_Fiori_Blu
2025-11-09 15:34:25 - round.py - INFO - discard - -----------------------------------------FINE---------------------------------
2025-11-09 15:34:25 - round.py - INFO - discard - -------------------------------------------------------------------------------------
2025-11-09 15:34:25 - round.py - INFO - pick_up_card - -------------------------------------------------------------------------------------
2025-11-09 15:34:25 - round.py - INFO - pick_up_card - -----------------------------------------NUOVO TURNO---------------------------------
2025-11-09 15:34:25 - round.py - INFO - pick_up_card - Alessio 
2025-11-09 15:34:25 - round.py - INFO - pick_up_card - ---- carta pescata ----> 8_Quadri_Rosso
2025-11-09 15:34:25 - round.py - INFO - pick_up_card - ---- CARTE IN MANO: 
2025-11-09 15:34:25 - round.py - INFO - pick_up_card - ['9_Picche_Blu', '5_Picche_Blu', '9_Quadri_Blu', '4_Fiori_Rosso', 'J_Picche_Rosso', 'J_Quadri_Blu', '5_Picche_Rosso', '8_Quadri_Rosso']
2025-11-09 15:34:25 - round.py - INFO - pick_up_card - -------------------------------------------------------------------------------------
2025-11-09 15:34:26 - round.py - INFO - discard - -------------------------------------------------------------------------------------
2025-11-09 15:34:26 - round.py - INFO - discard - Alessio ----> 8_Quadri_Rosso
2025-11-09 15:34:26 - round.py - INFO - discard - -----------------------------------------FINE---------------------------------
2025-11-09 15:34:26 - round.py - INFO - discard - -------------------------------------------------------------------------------------
2025-11-09 15:34:26 - round.py - INFO - pick_up_card - -------------------------------------------------------------------------------------
2025-11-09 15:34:26 - round.py - INFO - pick_up_card - -----------------------------------------NUOVO TURNO---------------------------------
2025-11-09 15:34:26 - round.py - INFO - pick_up_card - MariaGrazia 
2025-11-09 15:34:26 - round.py - INFO - pick_up_card - ---- carta pescata ----> 4_Quadri_Blu
2025-11-09 15:34:26 - round.py - INFO - pick_up_card - ---- CARTE IN MANO: 
2025-11-09 15:34:26 - round.py - INFO - pick_up_card - ['7_Quadri_Rosso', '7_Fiori_Rosso', 'A_Quadri_Blu', '4_Quadri_Blu']
2025-11-09 15:34:26 - round.py - INFO - pick_up_card - -------------------------------------------------------------------------------------
2025-11-09 15:34:26 - round.py - INFO - update_tris - MariaGrazia ----> 4 -->4_Quadri_Blu
2025-11-09 15:34:26 - round.py - INFO - discard - -------------------------------------------------------------------------------------
2025-11-09 15:34:26 - round.py - INFO - discard - MariaGrazia ----> 7_Quadri_Rosso
2025-11-09 15:34:26 - round.py - INFO - discard - -----------------------------------------FINE---------------------------------
2025-11-09 15:34:26 - round.py - INFO - discard - -------------------------------------------------------------------------------------
2025-11-09 15:34:26 - round.py - INFO - pick_up_discard - -------------------------------------------------------------------------------------
2025-11-09 15:34:26 - round.py - INFO - pick_up_discard - -----------------------------------------NUOVO TURNO---------------------------------
2025-11-09 15:34:26 - round.py - INFO - pick_up_discard - Alessio 
2025-11-09 15:34:26 - round.py - INFO - pick_up_discard - ---- carta pescata ----> ['9_Fiori_Blu', '8_Quadri_Rosso', '7_Quadri_Rosso']
2025-11-09 15:34:26 - round.py - INFO - pick_up_discard - ---- CARTE IN MANO: 
2025-11-09 15:34:26 - round.py - INFO - pick_up_discard - ['9_Picche_Blu', '5_Picche_Blu', '9_Quadri_Blu', '4_Fiori_Rosso', 'J_Picche_Rosso', 'J_Quadri_Blu', '5_Picche_Rosso', '9_Fiori_Blu', '8_Quadri_Rosso', '7_Quadri_Rosso']
2025-11-09 15:34:26 - round.py - INFO - pick_up_discard - -------------------------------------------------------------------------------------
2025-11-09 15:34:26 - round.py - INFO - open_meld - Alessio ----> [(7, 19, 'Quadri', 5), (8, 20, 'Quadri', 10), (9, 75, 'Quadri', 10)]
2025-11-09 15:34:26 - round.py - INFO - discard - -------------------------------------------------------------------------------------
2025-11-09 15:34:26 - round.py - INFO - discard - Alessio ----> 5_Picche_Blu
2025-11-09 15:34:26 - round.py - INFO - discard - -----------------------------------------FINE---------------------------------
2025-11-09 15:34:26 - round.py - INFO - discard - -------------------------------------------------------------------------------------
2025-11-09 15:34:26 - round.py - INFO - pick_up_card - -------------------------------------------------------------------------------------
2025-11-09 15:34:26 - round.py - INFO - pick_up_card - -----------------------------------------NUOVO TURNO---------------------------------
2025-11-09 15:34:26 - round.py - INFO - pick_up_card - MariaGrazia 
2025-11-09 15:34:26 - round.py - INFO - pick_up_card - ---- carta pescata ----> 3_Cuori_Rosso
2025-11-09 15:34:26 - round.py - INFO - pick_up_card - ---- CARTE IN MANO: 
2025-11-09 15:34:26 - round.py - INFO - pick_up_card - ['7_Fiori_Rosso', 'A_Quadri_Blu', '3_Cuori_Rosso']
2025-11-09 15:34:26 - round.py - INFO - pick_up_card - -------------------------------------------------------------------------------------
2025-11-09 15:34:26 - round.py - INFO - update_tris - MariaGrazia ----> 3 -->3_Cuori_Rosso
2025-11-09 15:34:26 - round.py - INFO - discard - -------------------------------------------------------------------------------------
2025-11-09 15:34:26 - round.py - INFO - discard - MariaGrazia ----> 7_Fiori_Rosso
2025-11-09 15:34:26 - round.py - INFO - discard - -----------------------------------------FINE---------------------------------
2025-11-09 15:34:26 - round.py - INFO - discard - -------------------------------------------------------------------------------------
2025-11-09 15:34:26 - round.py - INFO - pick_up_discard - -------------------------------------------------------------------------------------
2025-11-09 15:34:26 - round.py - INFO - pick_up_discard - -----------------------------------------NUOVO TURNO---------------------------------
2025-11-09 15:34:26 - round.py - INFO - pick_up_discard - Alessio 
2025-11-09 15:34:26 - round.py - INFO - pick_up_discard - ---- carta pescata ----> ['5_Picche_Blu', '7_Fiori_Rosso']
2025-11-09 15:34:26 - round.py - INFO - pick_up_discard - ---- CARTE IN MANO: 
2025-11-09 15:34:26 - round.py - INFO - pick_up_discard - ['9_Picche_Blu', '4_Fiori_Rosso', 'J_Picche_Rosso', 'J_Quadri_Blu', '5_Picche_Rosso', '9_Fiori_Blu', '5_Picche_Blu', '7_Fiori_Rosso']
2025-11-09 15:34:26 - round.py - INFO - pick_up_discard - -------------------------------------------------------------------------------------
2025-11-09 15:34:27 - round.py - INFO - discard - -------------------------------------------------------------------------------------
2025-11-09 15:34:27 - round.py - INFO - discard - Alessio ----> 4_Fiori_Rosso
2025-11-09 15:34:27 - round.py - INFO - discard - -----------------------------------------FINE---------------------------------
2025-11-09 15:34:27 - round.py - INFO - discard - -------------------------------------------------------------------------------------
2025-11-09 15:34:27 - round.py - INFO - pick_up_discard - -------------------------------------------------------------------------------------
2025-11-09 15:34:27 - round.py - INFO - pick_up_discard - -----------------------------------------NUOVO TURNO---------------------------------
2025-11-09 15:34:27 - round.py - INFO - pick_up_discard - MariaGrazia 
2025-11-09 15:34:27 - round.py - INFO - pick_up_discard - ---- carta pescata ----> ['4_Fiori_Rosso']
2025-11-09 15:34:27 - round.py - INFO - pick_up_discard - ---- CARTE IN MANO: 
2025-11-09 15:34:27 - round.py - INFO - pick_up_discard - ['A_Quadri_Blu', '4_Fiori_Rosso']
2025-11-09 15:34:27 - round.py - INFO - pick_up_discard - -------------------------------------------------------------------------------------
2025-11-09 15:34:27 - round.py - INFO - update_tris - MariaGrazia ----> 4 -->4_Fiori_Rosso
2025-11-09 15:34:38 - round.py - INFO - close_game - MariaGrazia ----> A_Quadri_Blu
