2025-11-03 22:10:03 - logger.py - INFO - _initialize - Logger inizializzato. File di log: logs/2025_11_03\partita_20251103_221003034364.log
2025-11-03 22:10:03 - logger.py - INFO - _initialize - ---------------------------------------------------
2025-11-03 22:10:03 - logger.py - INFO - _initialize - PARTITA ::  Partita_20251103_221003_034039
2025-11-03 22:10:03 - logger.py - INFO - _initialize - ---------------------------------------------------
2025-11-03 22:10:03 - round.py - INFO - pick_up_discard - Alessio ----> ['6_Picche_Rosso']
2025-11-03 22:10:04 - player_onto_manager.py - INFO - apre_tris -  2_Cuori_Rosso -20 ----> partialScore ----> 20
2025-11-03 22:10:04 - player_onto_manager.py - INFO - apre_tris -  6_Picche_Rosso -5 ----> partialScore ----> 25
2025-11-03 22:10:04 - player_onto_manager.py - INFO - apre_tris -  6_Cuori_Blu -5 ----> partialScore ----> 30
2025-11-03 22:10:04 - player_onto_manager.py - INFO - apre_tris - FINAL partialScore ----> 30
2025-11-03 22:10:04 - round.py - INFO - open_tris - Alessio ----> [(-1, 1, 'Jolly', 20), (6, 44, 'Picche', 5), (6, 59, 'Cuori', 5)]
2025-11-03 22:10:05 - round.py - INFO - discard - Alessio ----> Jolly_Jolly_N_Rosso
2025-11-03 22:10:05 - round.py - INFO - pick_up_discard - MariaGrazia ----> ['Jolly_Jolly_N_Rosso']
2025-11-03 22:10:06 - player_onto_manager.py - INFO - apre_tris -  Jolly_Jolly_N_Rosso -30 ----> partialScore ----> 30
2025-11-03 22:10:06 - player_onto_manager.py - INFO - apre_tris -  9_Fiori_Rosso -10 ----> partialScore ----> 40
2025-11-03 22:10:06 - player_onto_manager.py - INFO - apre_tris -  9_Picche_Rosso -10 ----> partialScore ----> 50
2025-11-03 22:10:06 - player_onto_manager.py - INFO - apre_tris - FINAL partialScore ----> 50
2025-11-03 22:10:06 - round.py - INFO - open_tris - MariaGrazia ----> [(-1, 52, 'Jolly', 30), (9, 34, 'Fiori', 10), (9, 47, 'Picche', 10)]
2025-11-03 22:10:07 - round.py - INFO - open_meld - MariaGrazia ----> [(-1, 107, 'Jolly', 30), (10, 22, 'Quadri', 10), (12, 78, 'Quadri', 10)]
2025-11-03 22:10:07 - round.py - INFO - discard - MariaGrazia ----> 5_Cuori_Blu
2025-11-03 22:10:07 - round.py - INFO - pick_up_card - Alessio ----> 2_Fiori_Rosso
2025-11-03 22:10:07 - round.py - INFO - discard - Alessio ----> 5_Quadri_Rosso
2025-11-03 22:10:07 - round.py - INFO - pick_up_discard - MariaGrazia ----> ['5_Cuori_Blu', '5_Quadri_Rosso']
2025-11-03 22:10:08 - round.py - INFO - discard - MariaGrazia ----> J_Fiori_Rosso
2025-11-03 22:10:08 - round.py - INFO - pick_up_card - Alessio ----> 8_Cuori_Blu
2025-11-03 22:10:08 - round.py - INFO - discard - Alessio ----> 8_Cuori_Blu
2025-11-03 22:10:08 - round.py - INFO - pick_up_discard - MariaGrazia ----> ['J_Fiori_Rosso', '8_Cuori_Blu']
2025-11-03 22:10:09 - round.py - INFO - discard - MariaGrazia ----> J_Fiori_Blu
2025-11-03 22:10:09 - round.py - INFO - pick_up_card - Alessio ----> 8_Cuori_Rosso
2025-11-03 22:10:09 - round.py - INFO - discard - Alessio ----> 8_Cuori_Rosso
2025-11-03 22:10:09 - round.py - INFO - pick_up_card - MariaGrazia ----> K_Fiori_Rosso
2025-11-03 22:10:09 - round.py - INFO - discard - MariaGrazia ----> 5_Quadri_Rosso
2025-11-03 22:10:09 - round.py - INFO - pick_up_discard - Alessio ----> ['J_Fiori_Blu', '8_Cuori_Rosso', '5_Quadri_Rosso']
2025-11-03 22:10:11 - player_onto_manager.py - INFO - apre_tris -  2_Picche_Blu -20 ----> partialScore ----> 20
2025-11-03 22:10:11 - player_onto_manager.py - INFO - apre_tris -  J_Cuori_Blu -10 ----> partialScore ----> 30
2025-11-03 22:10:11 - player_onto_manager.py - INFO - apre_tris -  J_Fiori_Blu -10 ----> partialScore ----> 40
2025-11-03 22:10:11 - player_onto_manager.py - INFO - apre_tris - FINAL partialScore ----> 40
2025-11-03 22:10:11 - round.py - INFO - open_tris - Alessio ----> [(-1, 94, 'Jolly', 20), (11, 64, 'Cuori', 10), (11, 90, 'Fiori', 10)]
2025-11-03 22:10:11 - round.py - INFO - discard - Alessio ----> 7_Fiori_Rosso
2025-11-03 22:10:11 - round.py - INFO - pick_up_discard - MariaGrazia ----> ['7_Fiori_Rosso']
2025-11-03 22:10:11 - round.py - INFO - discard - MariaGrazia ----> 5_Cuori_Blu
2025-11-03 22:10:11 - round.py - INFO - pick_up_card - Alessio ----> 10_Fiori_Rosso
2025-11-03 22:10:12 - round.py - INFO - open_meld - Alessio ----> [(-1, 27, 'Jolly', 20), (10, 35, 'Fiori', 10), (12, 91, 'Fiori', 10)]
2025-11-03 22:10:12 - round.py - INFO - update_meld - Alessio ----> Scala_0_Giocatore0 --> 2_Cuori_Blu
2025-11-03 22:10:12 - round.py - INFO - discard - Alessio ----> 5_Quadri_Rosso
2025-11-03 22:10:12 - round.py - INFO - pick_up_card - MariaGrazia ----> 6_Fiori_Rosso
2025-11-03 22:10:12 - round.py - INFO - discard - MariaGrazia ----> 7_Fiori_Rosso
2025-11-03 22:10:12 - round.py - INFO - pick_up_discard - Alessio ----> ['5_Cuori_Blu', '5_Quadri_Rosso', '7_Fiori_Rosso']
2025-11-03 22:10:12 - round.py - INFO - discard - Alessio ----> 9_Quadri_Blu
2025-11-03 22:10:12 - round.py - INFO - pick_up_card - MariaGrazia ----> 10_Picche_Rosso
2025-11-03 22:10:12 - round.py - INFO - discard - MariaGrazia ----> 6_Fiori_Rosso
2025-11-03 22:10:12 - round.py - INFO - pick_up_discard - Alessio ----> ['9_Quadri_Blu', '6_Fiori_Rosso']
2025-11-03 22:10:13 - round.py - INFO - discard - Alessio ----> 5_Quadri_Rosso
2025-11-03 22:10:13 - round.py - INFO - pick_up_card - MariaGrazia ----> 2_Quadri_Blu
2025-11-03 22:10:13 - round.py - INFO - open_meld - MariaGrazia ----> [(-1, 68, 'Jolly', 20), (11, 36, 'Fiori', 10), (13, 38, 'Fiori', 10)]
2025-11-03 22:10:13 - round.py - INFO - discard - MariaGrazia ----> 8_Cuori_Blu
2025-11-03 22:10:13 - round.py - INFO - pick_up_discard - Alessio ----> ['5_Quadri_Rosso', '8_Cuori_Blu']
2025-11-03 22:10:13 - round.py - INFO - discard - Alessio ----> 5_Quadri_Rosso
2025-11-03 22:10:13 - round.py - INFO - pick_up_discard - MariaGrazia ----> ['5_Quadri_Rosso']
2025-11-03 22:10:13 - round.py - INFO - discard - MariaGrazia ----> 5_Quadri_Rosso
2025-11-03 22:10:13 - round.py - INFO - pick_up_card - Alessio ----> A_Quadri_Blu
2025-11-03 22:10:14 - round.py - INFO - discard - Alessio ----> 8_Cuori_Blu
2025-11-03 22:10:14 - round.py - INFO - pick_up_card - MariaGrazia ----> 8_Fiori_Rosso
2025-11-03 22:10:14 - round.py - INFO - discard - MariaGrazia ----> 6_Quadri_Blu
2025-11-03 22:10:14 - round.py - INFO - pick_up_card - Alessio ----> 3_Quadri_Rosso
2025-11-03 22:10:14 - round.py - INFO - discard - Alessio ----> 8_Cuori_Rosso
2025-11-03 22:10:14 - round.py - INFO - pick_up_discard - MariaGrazia ----> ['5_Quadri_Rosso', '8_Cuori_Blu', '6_Quadri_Blu', '8_Cuori_Rosso']
2025-11-03 22:10:14 - player_onto_manager.py - INFO - apre_tris -  8_Cuori_Blu -10 ----> partialScore ----> 10
2025-11-03 22:10:14 - player_onto_manager.py - INFO - apre_tris -  8_Cuori_Rosso -10 ----> partialScore ----> 20
2025-11-03 22:10:14 - player_onto_manager.py - INFO - apre_tris -  8_Fiori_Rosso -10 ----> partialScore ----> 30
2025-11-03 22:10:14 - player_onto_manager.py - INFO - apre_tris - FINAL partialScore ----> 30
2025-11-03 22:10:14 - round.py - INFO - open_tris - MariaGrazia ----> [(8, 61, 'Cuori', 10), (8, 7, 'Cuori', 10), (8, 33, 'Fiori', 10)]
2025-11-03 22:10:14 - round.py - INFO - discard - MariaGrazia ----> A_Picche_Rosso
2025-11-03 22:10:14 - round.py - INFO - pick_up_card - Alessio ----> K_Quadri_Rosso
2025-11-03 22:10:15 - round.py - INFO - discard - Alessio ----> 9_Quadri_Blu
2025-11-03 22:10:15 - round.py - INFO - pick_up_card - MariaGrazia ----> 4_Picche_Rosso
2025-11-03 22:10:15 - round.py - INFO - discard - MariaGrazia ----> K_Cuori_Rosso
2025-11-03 22:10:15 - round.py - INFO - pick_up_discard - Alessio ----> ['A_Picche_Rosso', '9_Quadri_Blu', 'K_Cuori_Rosso']
2025-11-03 22:10:15 - player_onto_manager.py - INFO - apre_tris -  A_Picche_Rosso -15 ----> partialScore ----> 15
2025-11-03 22:10:15 - player_onto_manager.py - INFO - apre_tris -  A_Picche_Blu -15 ----> partialScore ----> 30
2025-11-03 22:10:15 - player_onto_manager.py - INFO - apre_tris -  A_Quadri_Blu -15 ----> partialScore ----> 45
2025-11-03 22:10:15 - player_onto_manager.py - INFO - apre_tris - FINAL partialScore ----> 45
2025-11-03 22:10:15 - round.py - INFO - open_tris - Alessio ----> [(1, 39, 'Picche', 15), (1, 93, 'Picche', 15), (1, 67, 'Quadri', 15)]
2025-11-03 22:10:15 - round.py - INFO - discard - Alessio ----> K_Quadri_Rosso
2025-11-03 22:10:15 - round.py - INFO - pick_up_card - MariaGrazia ----> 3_Cuori_Rosso
2025-11-03 22:10:16 - round.py - INFO - discard - MariaGrazia ----> 10_Picche_Rosso
2025-11-03 22:10:16 - round.py - INFO - pick_up_discard - Alessio ----> ['K_Quadri_Rosso', '10_Picche_Rosso']
2025-11-03 22:10:16 - round.py - INFO - discard - Alessio ----> 10_Picche_Rosso
2025-11-03 22:10:16 - round.py - INFO - pick_up_card - MariaGrazia ----> 8_Quadri_Blu
2025-11-03 22:10:16 - round.py - INFO - update_tris - MariaGrazia ----> 8 -->8_Quadri_Blu
2025-11-03 22:10:16 - round.py - INFO - discard - MariaGrazia ----> 5_Quadri_Rosso
2025-11-03 22:10:16 - round.py - INFO - pick_up_card - Alessio ----> 3_Fiori_Blu
2025-11-03 22:10:16 - round.py - INFO - discard - Alessio ----> 3_Fiori_Blu
2025-11-03 22:10:16 - round.py - INFO - pick_up_card - MariaGrazia ----> 4_Quadri_Rosso
2025-11-03 22:10:16 - round.py - INFO - discard - MariaGrazia ----> 4_Quadri_Rosso
2025-11-03 22:10:16 - round.py - INFO - pick_up_discard - Alessio ----> ['10_Picche_Rosso', '5_Quadri_Rosso', '3_Fiori_Blu', '4_Quadri_Rosso']
2025-11-03 22:10:17 - round.py - INFO - open_meld - Alessio ----> [(3, 15, 'Quadri', 5), (4, 16, 'Quadri', 5), (5, 17, 'Quadri', 5)]
2025-11-03 22:10:18 - round.py - INFO - discard - Alessio ----> 10_Picche_Rosso
2025-11-03 22:10:18 - round.py - INFO - pick_up_discard - MariaGrazia ----> ['10_Picche_Rosso']
2025-11-03 22:10:18 - round.py - INFO - discard - MariaGrazia ----> 10_Picche_Rosso
2025-11-03 22:10:18 - round.py - INFO - pick_up_card - Alessio ----> 7_Cuori_Rosso
2025-11-03 22:10:18 - round.py - INFO - discard - Alessio ----> 7_Fiori_Rosso
2025-11-03 22:10:18 - round.py - INFO - pick_up_card - MariaGrazia ----> 10_Fiori_Blu
2025-11-03 22:10:18 - round.py - INFO - discard - MariaGrazia ----> 3_Cuori_Rosso
2025-11-03 22:10:18 - round.py - INFO - pick_up_card - Alessio ----> 5_Quadri_Blu
2025-11-03 22:10:18 - round.py - INFO - discard - Alessio ----> 5_Cuori_Blu
2025-11-03 22:10:18 - round.py - INFO - pick_up_card - MariaGrazia ----> 4_Fiori_Rosso
2025-11-03 22:10:18 - round.py - INFO - discard - MariaGrazia ----> 4_Picche_Rosso
2025-11-03 22:10:18 - round.py - INFO - pick_up_card - Alessio ----> 7_Cuori_Blu
2025-11-03 22:10:19 - round.py - INFO - discard - Alessio ----> 7_Cuori_Blu
2025-11-03 22:10:19 - round.py - INFO - pick_up_card - MariaGrazia ----> Jolly_Jolly_N_Blu
2025-11-03 22:10:19 - round.py - INFO - update_tris - MariaGrazia ----> 8 -->Jolly_Jolly_N_Blu
2025-11-03 22:10:19 - round.py - INFO - discard - MariaGrazia ----> 6_Quadri_Blu
2025-11-03 22:10:19 - round.py - INFO - pick_up_card - Alessio ----> 9_Picche_Blu
2025-11-03 22:10:19 - round.py - INFO - discard - Alessio ----> 3_Fiori_Blu
2025-11-03 22:10:19 - round.py - INFO - pick_up_card - MariaGrazia ----> 10_Picche_Blu
2025-11-03 22:10:19 - round.py - INFO - discard - MariaGrazia ----> 10_Picche_Blu
2025-11-03 22:10:19 - round.py - INFO - pick_up_card - Alessio ----> 8_Picche_Rosso
2025-11-03 22:10:19 - round.py - INFO - discard - Alessio ----> 8_Picche_Rosso
2025-11-03 22:10:19 - round.py - INFO - pick_up_discard - MariaGrazia ----> ['10_Picche_Rosso', '7_Fiori_Rosso', '3_Cuori_Rosso', '5_Cuori_Blu', '4_Picche_Rosso', '7_Cuori_Blu', '6_Quadri_Blu', '3_Fiori_Blu', '10_Picche_Blu', '8_Picche_Rosso']
2025-11-03 22:10:21 - player_onto_manager.py - INFO - apre_tris -  10_Picche_Rosso -10 ----> partialScore ----> 10
2025-11-03 22:10:21 - player_onto_manager.py - INFO - apre_tris -  10_Picche_Blu -10 ----> partialScore ----> 20
2025-11-03 22:10:21 - player_onto_manager.py - INFO - apre_tris -  10_Fiori_Blu -10 ----> partialScore ----> 30
2025-11-03 22:10:21 - player_onto_manager.py - INFO - apre_tris - FINAL partialScore ----> 30
2025-11-03 22:10:21 - round.py - INFO - open_tris - MariaGrazia ----> [(10, 48, 'Picche', 10), (10, 102, 'Picche', 10), (10, 89, 'Fiori', 10)]
2025-11-03 22:10:21 - round.py - INFO - update_tris - MariaGrazia ----> 8 -->8_Picche_Rosso
2025-11-03 22:10:21 - round.py - INFO - discard - MariaGrazia ----> 3_Fiori_Blu
2025-11-03 22:10:21 - round.py - INFO - pick_up_discard - Alessio ----> ['3_Fiori_Blu']
2025-11-03 22:10:22 - round.py - INFO - discard - Alessio ----> 9_Picche_Blu
2025-11-03 22:10:22 - round.py - INFO - pick_up_card - MariaGrazia ----> 3_Quadri_Blu
2025-11-03 22:10:22 - round.py - INFO - discard - MariaGrazia ----> 7_Cuori_Blu
2025-11-03 22:10:22 - round.py - INFO - pick_up_card - Alessio ----> 4_Fiori_Blu
2025-11-03 22:10:22 - round.py - INFO - discard - Alessio ----> 3_Fiori_Blu
2025-11-03 22:10:22 - round.py - INFO - pick_up_discard - MariaGrazia ----> ['9_Picche_Blu', '7_Cuori_Blu', '3_Fiori_Blu']
2025-11-03 22:10:23 - player_onto_manager.py - INFO - apre_tris -  3_Quadri_Blu -5 ----> partialScore ----> 5
2025-11-03 22:10:23 - player_onto_manager.py - INFO - apre_tris -  3_Cuori_Rosso -5 ----> partialScore ----> 10
2025-11-03 22:10:23 - player_onto_manager.py - INFO - apre_tris -  3_Fiori_Blu -5 ----> partialScore ----> 15
2025-11-03 22:10:23 - player_onto_manager.py - INFO - apre_tris - FINAL partialScore ----> 15
2025-11-03 22:10:23 - round.py - INFO - open_tris - MariaGrazia ----> [(3, 69, 'Quadri', 5), (3, 2, 'Cuori', 5), (3, 82, 'Fiori', 5)]
2025-11-03 22:10:23 - round.py - INFO - update_tris - MariaGrazia ----> 9 -->9_Picche_Blu
2025-11-03 22:10:23 - round.py - INFO - discard - MariaGrazia ----> 6_Quadri_Blu
2025-11-03 22:10:23 - round.py - INFO - pick_up_card - Alessio ----> 5_Fiori_Blu
2025-11-03 22:10:23 - round.py - INFO - open_meld - Alessio ----> [(4, 83, 'Fiori', 5), (5, 84, 'Fiori', 5), (6, 31, 'Fiori', 5)]
2025-11-03 22:10:23 - round.py - INFO - discard - Alessio ----> 9_Quadri_Blu
2025-11-03 22:10:23 - round.py - INFO - pick_up_card - MariaGrazia ----> 4_Cuori_Blu
2025-11-03 22:10:24 - player_onto_manager.py - INFO - apre_tris -  4_Cuori_Blu -5 ----> partialScore ----> 5
2025-11-03 22:10:24 - player_onto_manager.py - INFO - apre_tris -  4_Picche_Rosso -5 ----> partialScore ----> 10
2025-11-03 22:10:24 - player_onto_manager.py - INFO - apre_tris -  4_Fiori_Rosso -5 ----> partialScore ----> 15
2025-11-03 22:10:24 - player_onto_manager.py - INFO - apre_tris - FINAL partialScore ----> 15
2025-11-03 22:10:24 - round.py - INFO - open_tris - MariaGrazia ----> [(4, 57, 'Cuori', 5), (4, 42, 'Picche', 5), (4, 29, 'Fiori', 5)]
2025-11-03 22:10:24 - round.py - INFO - discard - MariaGrazia ----> 7_Cuori_Blu
2025-11-03 22:10:24 - round.py - INFO - pick_up_discard - Alessio ----> ['6_Quadri_Blu', '9_Quadri_Blu', '7_Cuori_Blu']
2025-11-03 22:10:24 - round.py - INFO - discard - Alessio ----> K_Quadri_Rosso
2025-11-03 22:10:24 - round.py - INFO - pick_up_discard - MariaGrazia ----> ['K_Quadri_Rosso']
2025-11-03 22:10:24 - round.py - INFO - update_meld - MariaGrazia ----> Scala_0_Giocatore1 --> K_Quadri_Rosso
2025-11-03 22:10:24 - round.py - INFO - discard - MariaGrazia ----> 7_Fiori_Rosso
2025-11-03 22:10:24 - round.py - INFO - pick_up_card - Alessio ----> 10_Cuori_Rosso
2025-11-03 22:10:24 - round.py - INFO - discard - Alessio ----> 5_Quadri_Blu
2025-11-03 22:10:24 - round.py - INFO - pick_up_discard - MariaGrazia ----> ['7_Fiori_Rosso', '5_Quadri_Blu']
2025-11-03 22:10:24 - round.py - INFO - discard - MariaGrazia ----> 7_Fiori_Rosso
2025-11-03 22:10:24 - round.py - INFO - pick_up_discard - Alessio ----> ['7_Fiori_Rosso']
2025-11-03 22:10:24 - round.py - INFO - update_meld - Alessio ----> Scala_1_Giocatore0 --> 6_Quadri_Blu
2025-11-03 22:10:24 - player_onto_manager.py - INFO - apre_tris -  7_Cuori_Rosso -5 ----> partialScore ----> 5
2025-11-03 22:10:24 - player_onto_manager.py - INFO - apre_tris -  7_Cuori_Blu -5 ----> partialScore ----> 10
2025-11-03 22:10:24 - player_onto_manager.py - INFO - apre_tris -  7_Fiori_Rosso -5 ----> partialScore ----> 15
2025-11-03 22:10:24 - player_onto_manager.py - INFO - apre_tris - FINAL partialScore ----> 15
2025-11-03 22:10:24 - round.py - INFO - open_tris - Alessio ----> [(7, 6, 'Cuori', 5), (7, 60, 'Cuori', 5), (7, 32, 'Fiori', 5)]
2025-11-03 22:10:24 - round.py - INFO - discard - Alessio ----> 9_Quadri_Blu
2025-11-03 22:10:24 - round.py - INFO - pick_up_card - MariaGrazia ----> 3_Cuori_Blu
2025-11-03 22:10:24 - round.py - INFO - update_tris - MariaGrazia ----> 3 -->3_Cuori_Blu
2025-11-03 22:10:24 - round.py - INFO - discard - MariaGrazia ----> 5_Quadri_Blu
2025-11-03 22:10:24 - round.py - INFO - pick_up_discard - Alessio ----> ['9_Quadri_Blu', '5_Quadri_Blu']
2025-11-03 22:10:24 - round.py - INFO - discard - Alessio ----> 10_Cuori_Rosso
2025-11-03 22:10:24 - round.py - INFO - pick_up_card - MariaGrazia ----> 4_Picche_Blu
2025-11-03 22:10:24 - round.py - INFO - discard - MariaGrazia ----> 5_Cuori_Blu
2025-11-03 22:10:24 - round.py - INFO - pick_up_discard - Alessio ----> ['10_Cuori_Rosso', '5_Cuori_Blu']
2025-11-03 22:10:25 - round.py - INFO - discard - Alessio ----> 10_Cuori_Rosso
2025-11-03 22:10:25 - round.py - INFO - pick_up_discard - MariaGrazia ----> ['10_Cuori_Rosso']
2025-11-03 22:10:25 - round.py - INFO - discard - MariaGrazia ----> 4_Picche_Blu
2025-11-03 22:10:25 - round.py - INFO - pick_up_card - Alessio ----> A_Cuori_Rosso
2025-11-03 22:10:25 - round.py - INFO - update_tris - Alessio ----> 1 -->A_Cuori_Rosso
2025-11-03 22:10:25 - round.py - INFO - discard - Alessio ----> 5_Quadri_Blu
2025-11-03 22:10:25 - round.py - INFO - pick_up_card - MariaGrazia ----> 9_Cuori_Rosso
2025-11-03 22:10:25 - round.py - INFO - discard - MariaGrazia ----> 10_Cuori_Rosso
2025-11-03 22:10:25 - round.py - INFO - pick_up_discard - Alessio ----> ['4_Picche_Blu', '5_Quadri_Blu', '10_Cuori_Rosso']
2025-11-03 22:10:25 - round.py - INFO - discard - Alessio ----> 4_Picche_Blu
2025-11-03 22:10:25 - round.py - INFO - pick_up_discard - MariaGrazia ----> ['4_Picche_Blu']
2025-11-03 22:10:25 - round.py - INFO - discard - MariaGrazia ----> 9_Cuori_Rosso
2025-11-03 22:10:25 - round.py - INFO - pick_up_discard - Alessio ----> ['9_Cuori_Rosso']
2025-11-03 22:10:25 - round.py - INFO - discard - Alessio ----> 9_Quadri_Blu
2025-11-03 22:10:25 - round.py - INFO - pick_up_card - MariaGrazia ----> 9_Fiori_Blu
2025-11-03 22:10:25 - round.py - INFO - discard - MariaGrazia ----> 4_Picche_Blu
2025-11-03 22:10:25 - round.py - INFO - pick_up_card - Alessio ----> 9_Cuori_Blu
2025-11-03 22:10:25 - round.py - INFO - discard - Alessio ----> 5_Cuori_Blu
2025-11-03 22:10:25 - round.py - INFO - pick_up_card - MariaGrazia ----> 3_Picche_Rosso
2025-11-03 22:10:25 - round.py - INFO - discard - MariaGrazia ----> 3_Picche_Rosso
2025-11-03 22:10:25 - round.py - INFO - pick_up_discard - Alessio ----> ['9_Quadri_Blu', '4_Picche_Blu', '5_Cuori_Blu', '3_Picche_Rosso']
2025-11-03 22:10:26 - player_onto_manager.py - INFO - apre_tris -  9_Quadri_Blu -10 ----> partialScore ----> 10
2025-11-03 22:10:26 - player_onto_manager.py - INFO - apre_tris -  9_Cuori_Rosso -10 ----> partialScore ----> 20
2025-11-03 22:10:26 - player_onto_manager.py - INFO - apre_tris -  9_Cuori_Blu -10 ----> partialScore ----> 30
2025-11-03 22:10:26 - player_onto_manager.py - INFO - apre_tris - FINAL partialScore ----> 30
2025-11-03 22:10:26 - round.py - INFO - open_tris - Alessio ----> [(9, 75, 'Quadri', 10), (9, 8, 'Cuori', 10), (9, 62, 'Cuori', 10)]
2025-11-03 22:10:26 - round.py - INFO - discard - Alessio ----> K_Cuori_Rosso
2025-11-03 22:10:26 - round.py - INFO - pick_up_discard - MariaGrazia ----> ['K_Cuori_Rosso']
2025-11-03 22:10:26 - round.py - INFO - discard - MariaGrazia ----> 9_Fiori_Blu
2025-11-03 22:10:26 - round.py - INFO - pick_up_card - Alessio ----> 6_Picche_Blu
2025-11-03 22:10:26 - round.py - INFO - discard - Alessio ----> 4_Picche_Blu
2025-11-03 22:10:26 - round.py - INFO - pick_up_card - MariaGrazia ----> 9_Quadri_Rosso
2025-11-03 22:10:26 - round.py - INFO - discard - MariaGrazia ----> 9_Quadri_Rosso
2025-11-03 22:10:26 - round.py - INFO - pick_up_discard - Alessio ----> ['9_Fiori_Blu', '4_Picche_Blu', '9_Quadri_Rosso']
2025-11-03 22:10:26 - round.py - INFO - update_tris - Alessio ----> 9 -->9_Quadri_Rosso
2025-11-03 22:10:26 - round.py - INFO - update_tris - Alessio ----> 9 -->9_Fiori_Blu
2025-11-03 22:10:26 - round.py - INFO - discard - Alessio ----> 5_Quadri_Blu
2025-11-03 22:10:26 - round.py - INFO - pick_up_card - MariaGrazia ----> 7_Fiori_Blu
2025-11-03 22:10:26 - round.py - INFO - discard - MariaGrazia ----> 7_Fiori_Blu
2025-11-03 22:10:26 - round.py - INFO - pick_up_discard - Alessio ----> ['5_Quadri_Blu', '7_Fiori_Blu']
2025-11-03 22:10:27 - round.py - INFO - update_meld - Alessio ----> Scala_2_Giocatore0 --> 7_Fiori_Blu
2025-11-03 22:10:27 - round.py - INFO - discard - Alessio ----> 10_Cuori_Rosso
2025-11-03 22:10:27 - round.py - INFO - pick_up_card - MariaGrazia ----> 2_Quadri_Rosso
2025-11-03 22:10:27 - round.py - INFO - discard - MariaGrazia ----> K_Cuori_Rosso
2025-11-03 22:10:27 - round.py - INFO - pick_up_card - Alessio ----> 3_Fiori_Rosso
2025-11-03 22:10:27 - round.py - INFO - discard - Alessio ----> 5_Cuori_Blu
2025-11-03 22:10:27 - round.py - INFO - pick_up_card - MariaGrazia ----> 3_Picche_Blu
2025-11-03 22:10:27 - round.py - INFO - discard - MariaGrazia ----> 3_Picche_Blu
2025-11-03 22:10:27 - round.py - INFO - pick_up_card - Alessio ----> 7_Picche_Blu
2025-11-03 22:10:27 - round.py - INFO - update_tris - Alessio ----> 7 -->7_Picche_Blu
2025-11-03 22:10:27 - round.py - INFO - discard - Alessio ----> 5_Quadri_Blu
2025-11-03 22:10:27 - round.py - INFO - pick_up_discard - MariaGrazia ----> ['10_Cuori_Rosso', 'K_Cuori_Rosso', '5_Cuori_Blu', '3_Picche_Blu', '5_Quadri_Blu']
2025-11-03 22:10:27 - round.py - INFO - update_tris - MariaGrazia ----> 10 -->10_Cuori_Rosso
2025-11-03 22:10:27 - round.py - INFO - update_meld - MariaGrazia ----> Scala_1_Giocatore1 --> 2_Quadri_Rosso
2025-11-03 22:10:27 - round.py - INFO - update_tris - MariaGrazia ----> 3 -->3_Picche_Blu
2025-11-03 22:10:27 - round.py - INFO - discard - MariaGrazia ----> 5_Quadri_Blu
2025-11-03 22:10:27 - round.py - INFO - pick_up_discard - Alessio ----> ['5_Quadri_Blu']
2025-11-03 22:10:27 - round.py - INFO - discard - Alessio ----> 3_Picche_Rosso
2025-11-03 22:10:27 - round.py - INFO - pick_up_discard - MariaGrazia ----> ['3_Picche_Rosso']
2025-11-03 22:10:27 - round.py - INFO - update_tris - MariaGrazia ----> 3 -->3_Picche_Rosso
2025-11-03 22:10:27 - round.py - INFO - discard - MariaGrazia ----> 5_Cuori_Blu
2025-11-03 22:10:27 - round.py - INFO - pick_up_discard - Alessio ----> ['5_Cuori_Blu']
2025-11-03 22:10:27 - round.py - INFO - discard - Alessio ----> 5_Quadri_Blu
2025-11-03 22:10:27 - round.py - INFO - pick_up_discard - MariaGrazia ----> ['5_Quadri_Blu']
2025-11-03 22:10:28 - round.py - INFO - discard - MariaGrazia ----> 5_Quadri_Blu
2025-11-03 22:10:28 - round.py - INFO - pick_up_card - Alessio ----> Q_Quadri_Rosso
2025-11-03 22:10:28 - round.py - INFO - discard - Alessio ----> 5_Cuori_Blu
2025-11-03 22:10:28 - round.py - INFO - pick_up_discard - MariaGrazia ----> ['5_Quadri_Blu', '5_Cuori_Blu']
2025-11-03 22:10:28 - round.py - INFO - discard - MariaGrazia ----> 5_Quadri_Blu
2025-11-03 22:10:28 - round.py - INFO - pick_up_discard - Alessio ----> ['5_Quadri_Blu']
2025-11-03 22:10:28 - round.py - INFO - discard - Alessio ----> Q_Quadri_Rosso
2025-11-03 22:10:28 - round.py - INFO - pick_up_card - MariaGrazia ----> Q_Cuori_Blu
2025-11-03 22:10:28 - round.py - INFO - discard - MariaGrazia ----> K_Cuori_Rosso
2025-11-03 22:10:28 - round.py - INFO - pick_up_discard - Alessio ----> ['Q_Quadri_Rosso', 'K_Cuori_Rosso']
2025-11-03 22:10:28 - round.py - INFO - discard - Alessio ----> 4_Picche_Blu
2025-11-03 22:10:28 - round.py - INFO - pick_up_card - MariaGrazia ----> 10_Quadri_Blu
2025-11-03 22:10:28 - round.py - INFO - update_tris - MariaGrazia ----> 10 -->10_Quadri_Blu
2025-11-03 22:10:28 - round.py - INFO - discard - MariaGrazia ----> Q_Cuori_Blu
2025-11-03 22:10:28 - round.py - INFO - pick_up_discard - Alessio ----> ['4_Picche_Blu', 'Q_Cuori_Blu']
2025-11-03 22:10:28 - round.py - INFO - discard - Alessio ----> Q_Quadri_Rosso
2025-11-03 22:10:28 - round.py - INFO - pick_up_card - MariaGrazia ----> 2_Picche_Rosso
2025-11-03 22:10:28 - round.py - INFO - discard - MariaGrazia ----> 2_Picche_Rosso
2025-11-03 22:10:28 - round.py - INFO - pick_up_card - Alessio ----> A_Fiori_Blu
2025-11-03 22:10:28 - round.py - INFO - update_tris - Alessio ----> 1 -->A_Fiori_Blu
2025-11-03 22:10:28 - round.py - INFO - discard - Alessio ----> Q_Cuori_Blu
2025-11-03 22:10:28 - round.py - INFO - pick_up_card - MariaGrazia ----> K_Cuori_Blu
2025-11-03 22:10:28 - round.py - INFO - discard - MariaGrazia ----> 5_Cuori_Blu
2025-11-03 22:10:28 - round.py - INFO - pick_up_discard - Alessio ----> ['Q_Quadri_Rosso', '2_Picche_Rosso', 'Q_Cuori_Blu', '5_Cuori_Blu']
2025-11-03 22:10:29 - round.py - INFO - update_tris - Alessio ----> 7 -->2_Picche_Rosso
2025-11-03 22:10:29 - round.py - INFO - discard - Alessio ----> Q_Cuori_Blu
2025-11-03 22:10:29 - round.py - INFO - pick_up_discard - MariaGrazia ----> ['Q_Cuori_Blu']
2025-11-03 22:10:29 - round.py - INFO - discard - MariaGrazia ----> Q_Cuori_Blu
2025-11-03 22:10:29 - round.py - INFO - pick_up_discard - Alessio ----> ['Q_Cuori_Blu']
2025-11-03 22:10:30 - round.py - INFO - discard - Alessio ----> 5_Cuori_Blu
2025-11-03 22:10:30 - round.py - INFO - pick_up_discard - MariaGrazia ----> ['5_Cuori_Blu']
2025-11-03 22:10:30 - round.py - INFO - discard - MariaGrazia ----> 5_Cuori_Blu
2025-11-03 22:10:30 - round.py - INFO - pick_up_card - Alessio ----> J_Cuori_Rosso
2025-11-03 22:10:30 - round.py - INFO - open_meld - Alessio ----> [(11, 10, 'Cuori', 10), (12, 65, 'Cuori', 10), (13, 12, 'Cuori', 10)]
2025-11-03 22:10:30 - round.py - INFO - discard - Alessio ----> 3_Fiori_Rosso
2025-11-03 22:10:30 - round.py - INFO - pick_up_discard - MariaGrazia ----> ['5_Cuori_Blu', '3_Fiori_Rosso']
2025-11-03 22:10:30 - round.py - INFO - update_tris - MariaGrazia ----> 3 -->3_Fiori_Rosso
2025-11-03 22:10:30 - round.py - INFO - discard - MariaGrazia ----> K_Cuori_Blu
2025-11-03 22:10:30 - round.py - INFO - pick_up_discard - Alessio ----> ['K_Cuori_Blu']
2025-11-03 22:10:30 - round.py - INFO - discard - Alessio ----> K_Cuori_Blu
2025-11-03 22:10:30 - round.py - INFO - pick_up_discard - MariaGrazia ----> ['K_Cuori_Blu']
2025-11-03 22:10:30 - round.py - INFO - discard - MariaGrazia ----> K_Cuori_Blu
2025-11-03 22:10:30 - round.py - INFO - pick_up_discard - Alessio ----> ['K_Cuori_Blu']
2025-11-03 22:10:30 - round.py - INFO - discard - Alessio ----> 5_Quadri_Blu
2025-11-03 22:10:30 - round.py - INFO - pick_up_discard - MariaGrazia ----> ['5_Quadri_Blu']
2025-11-03 22:10:30 - round.py - INFO - discard - MariaGrazia ----> 5_Cuori_Blu
2025-11-03 22:10:30 - round.py - INFO - pick_up_card - Alessio ----> 7_Quadri_Rosso
2025-11-03 22:10:30 - round.py - INFO - update_tris - Alessio ----> 7 -->7_Quadri_Rosso
2025-11-03 22:10:30 - round.py - INFO - discard - Alessio ----> K_Cuori_Blu
2025-11-03 22:10:30 - round.py - INFO - pick_up_discard - MariaGrazia ----> ['5_Cuori_Blu', 'K_Cuori_Blu']
2025-11-03 22:10:30 - round.py - INFO - discard - MariaGrazia ----> 5_Quadri_Blu
2025-11-03 22:10:30 - round.py - INFO - pick_up_card - Alessio ----> J_Picche_Rosso
2025-11-03 22:10:30 - round.py - INFO - discard - Alessio ----> 6_Picche_Blu
2025-11-03 22:10:30 - round.py - INFO - pick_up_card - MariaGrazia ----> 6_Fiori_Blu
2025-11-03 22:10:30 - round.py - INFO - discard - MariaGrazia ----> 6_Fiori_Blu
2025-11-03 22:10:30 - round.py - INFO - pick_up_card - Alessio ----> Q_Fiori_Rosso
2025-11-03 22:10:30 - round.py - INFO - discard - Alessio ----> 4_Picche_Blu
2025-11-03 22:10:30 - round.py - INFO - pick_up_card - MariaGrazia ----> 4_Quadri_Blu
2025-11-03 22:10:30 - round.py - INFO - update_tris - MariaGrazia ----> 4 -->4_Quadri_Blu
2025-11-03 22:10:30 - round.py - INFO - discard - MariaGrazia ----> 5_Cuori_Blu
2025-11-03 22:10:31 - round.py - INFO - pick_up_card - Alessio ----> K_Picche_Rosso
2025-11-03 22:10:31 - round.py - INFO - discard - Alessio ----> J_Picche_Rosso
2025-11-03 22:10:31 - round.py - INFO - pick_up_card - MariaGrazia ----> Q_Picche_Rosso
2025-11-03 22:10:31 - round.py - INFO - discard - MariaGrazia ----> Q_Picche_Rosso
2025-11-03 22:10:31 - round.py - INFO - pick_up_card - Alessio ----> 5_Picche_Rosso
2025-11-03 22:10:31 - round.py - INFO - discard - Alessio ----> Q_Fiori_Rosso
2025-11-03 22:10:31 - round.py - INFO - pick_up_card - MariaGrazia ----> 10_Cuori_Blu
2025-11-03 22:10:31 - round.py - INFO - update_tris - MariaGrazia ----> 10 -->10_Cuori_Blu
2025-11-03 22:10:31 - round.py - INFO - close_game - MariaGrazia ----> K_Cuori_Blu
