2025-11-03 22:10:06 - logger.py - INFO - _initialize - Logger inizializzato. File di log: logs/2025_11_03\partita_20251103_221006630153.log
2025-11-03 22:10:06 - logger.py - INFO - _initialize - ---------------------------------------------------
2025-11-03 22:10:06 - logger.py - INFO - _initialize - PARTITA ::  Partita_20251103_221006_629750
2025-11-03 22:10:06 - logger.py - INFO - _initialize - ---------------------------------------------------
2025-11-03 22:10:06 - round.py - INFO - pick_up_discard - Alessio ----> ['5_Quadri_Rosso']
2025-11-03 22:10:08 - player_onto_manager.py - INFO - apre_tris -  2_Fiori_Blu -20 ----> partialScore ----> 20
2025-11-03 22:10:08 - player_onto_manager.py - INFO - apre_tris -  5_Quadri_Rosso -5 ----> partialScore ----> 25
2025-11-03 22:10:08 - player_onto_manager.py - INFO - apre_tris -  5_Fiori_Rosso -5 ----> partialScore ----> 30
2025-11-03 22:10:08 - player_onto_manager.py - INFO - apre_tris - FINAL partialScore ----> 30
2025-11-03 22:10:08 - round.py - INFO - open_tris - Alessio ----> [(-1, 81, 'Jolly', 20), (5, 17, 'Quadri', 5), (5, 30, 'Fiori', 5)]
2025-11-03 22:10:08 - player_onto_manager.py - INFO - apre_tris -  K_Picche_Rosso -10 ----> partialScore ----> 10
2025-11-03 22:10:08 - player_onto_manager.py - INFO - apre_tris -  K_Fiori_Blu -10 ----> partialScore ----> 20
2025-11-03 22:10:08 - player_onto_manager.py - INFO - apre_tris -  K_Cuori_Blu -10 ----> partialScore ----> 30
2025-11-03 22:10:08 - player_onto_manager.py - INFO - apre_tris - FINAL partialScore ----> 30
2025-11-03 22:10:08 - round.py - INFO - open_tris - Alessio ----> [(13, 51, 'Picche', 10), (13, 92, 'Fiori', 10), (13, 66, 'Cuori', 10)]
2025-11-03 22:10:08 - round.py - INFO - discard - Alessio ----> 4_Quadri_Rosso
2025-11-03 22:10:08 - round.py - INFO - pick_up_discard - MariaGrazia ----> ['4_Quadri_Rosso']
2025-11-03 22:10:10 - round.py - INFO - open_meld - MariaGrazia ----> [(-1, 1, 'Jolly', 20), (7, 73, 'Quadri', 5), (8, 20, 'Quadri', 10)]
2025-11-03 22:10:10 - round.py - INFO - discard - MariaGrazia ----> 7_Picche_Blu
2025-11-03 22:10:10 - round.py - INFO - pick_up_discard - Alessio ----> ['7_Picche_Blu']
2025-11-03 22:10:10 - round.py - INFO - discard - Alessio ----> 10_Fiori_Blu
2025-11-03 22:10:10 - round.py - INFO - pick_up_card - MariaGrazia ----> 2_Quadri_Blu
2025-11-03 22:10:11 - player_onto_manager.py - INFO - apre_tris -  2_Quadri_Blu -20 ----> partialScore ----> 20
2025-11-03 22:10:11 - player_onto_manager.py - INFO - apre_tris -  9_Fiori_Rosso -10 ----> partialScore ----> 30
2025-11-03 22:10:11 - player_onto_manager.py - INFO - apre_tris -  9_Cuori_Blu -10 ----> partialScore ----> 40
2025-11-03 22:10:11 - player_onto_manager.py - INFO - apre_tris - FINAL partialScore ----> 40
2025-11-03 22:10:11 - round.py - INFO - open_tris - MariaGrazia ----> [(-1, 68, 'Jolly', 20), (9, 34, 'Fiori', 10), (9, 62, 'Cuori', 10)]
2025-11-03 22:10:11 - round.py - INFO - discard - MariaGrazia ----> 3_Picche_Blu
2025-11-03 22:10:11 - round.py - INFO - pick_up_card - Alessio ----> 4_Picche_Rosso
2025-11-03 22:10:11 - round.py - INFO - discard - Alessio ----> 7_Fiori_Rosso
2025-11-03 22:10:11 - round.py - INFO - pick_up_card - MariaGrazia ----> Q_Picche_Rosso
2025-11-03 22:10:11 - round.py - INFO - discard - MariaGrazia ----> 4_Quadri_Rosso
2025-11-03 22:10:11 - round.py - INFO - pick_up_discard - Alessio ----> ['10_Fiori_Blu', '3_Picche_Blu', '7_Fiori_Rosso', '4_Quadri_Rosso']
2025-11-03 22:10:12 - player_onto_manager.py - INFO - apre_tris -  4_Picche_Rosso -5 ----> partialScore ----> 5
2025-11-03 22:10:12 - player_onto_manager.py - INFO - apre_tris -  4_Quadri_Rosso -5 ----> partialScore ----> 10
2025-11-03 22:10:12 - player_onto_manager.py - INFO - apre_tris -  4_Quadri_Blu -5 ----> partialScore ----> 15
2025-11-03 22:10:12 - player_onto_manager.py - INFO - apre_tris - FINAL partialScore ----> 15
2025-11-03 22:10:12 - round.py - INFO - open_tris - Alessio ----> [(4, 42, 'Picche', 5), (4, 16, 'Quadri', 5), (4, 70, 'Quadri', 5)]
2025-11-03 22:10:12 - round.py - INFO - discard - Alessio ----> Q_Quadri_Rosso
2025-11-03 22:10:12 - round.py - INFO - pick_up_card - MariaGrazia ----> 9_Picche_Rosso
2025-11-03 22:10:12 - round.py - INFO - discard - MariaGrazia ----> J_Quadri_Blu
2025-11-03 22:10:12 - round.py - INFO - pick_up_card - Alessio ----> 6_Fiori_Rosso
2025-11-03 22:10:12 - round.py - INFO - discard - Alessio ----> J_Picche_Blu
2025-11-03 22:10:12 - round.py - INFO - pick_up_discard - MariaGrazia ----> ['Q_Quadri_Rosso', 'J_Quadri_Blu', 'J_Picche_Blu']
2025-11-03 22:10:12 - player_onto_manager.py - INFO - apre_tris -  J_Picche_Blu -10 ----> partialScore ----> 10
2025-11-03 22:10:12 - player_onto_manager.py - INFO - apre_tris -  J_Quadri_Blu -10 ----> partialScore ----> 20
2025-11-03 22:10:12 - player_onto_manager.py - INFO - apre_tris -  J_Quadri_Rosso -10 ----> partialScore ----> 30
2025-11-03 22:10:12 - player_onto_manager.py - INFO - apre_tris - FINAL partialScore ----> 30
2025-11-03 22:10:12 - round.py - INFO - open_tris - MariaGrazia ----> [(11, 103, 'Picche', 10), (11, 77, 'Quadri', 10), (11, 23, 'Quadri', 10)]
2025-11-03 22:10:12 - round.py - INFO - discard - MariaGrazia ----> Q_Picche_Rosso
2025-11-03 22:10:12 - round.py - INFO - pick_up_card - Alessio ----> J_Fiori_Rosso
2025-11-03 22:10:12 - round.py - INFO - discard - Alessio ----> 10_Fiori_Blu
2025-11-03 22:10:12 - round.py - INFO - pick_up_card - MariaGrazia ----> K_Quadri_Rosso
2025-11-03 22:10:12 - round.py - INFO - discard - MariaGrazia ----> K_Quadri_Rosso
2025-11-03 22:10:12 - round.py - INFO - pick_up_card - Alessio ----> 9_Quadri_Blu
2025-11-03 22:10:13 - round.py - INFO - discard - Alessio ----> 3_Picche_Blu
2025-11-03 22:10:13 - round.py - INFO - pick_up_discard - MariaGrazia ----> ['Q_Picche_Rosso', '10_Fiori_Blu', 'K_Quadri_Rosso', '3_Picche_Blu']
2025-11-03 22:10:13 - round.py - INFO - discard - MariaGrazia ----> K_Quadri_Rosso
2025-11-03 22:10:13 - round.py - INFO - pick_up_discard - Alessio ----> ['K_Quadri_Rosso']
2025-11-03 22:10:13 - round.py - INFO - update_tris - Alessio ----> 13 -->K_Quadri_Rosso
2025-11-03 22:10:13 - round.py - INFO - discard - Alessio ----> J_Fiori_Rosso
2025-11-03 22:10:13 - round.py - INFO - pick_up_discard - MariaGrazia ----> ['J_Fiori_Rosso']
2025-11-03 22:10:13 - round.py - INFO - update_tris - MariaGrazia ----> 11 -->J_Fiori_Rosso
2025-11-03 22:10:13 - round.py - INFO - discard - MariaGrazia ----> 3_Picche_Blu
2025-11-03 22:10:13 - round.py - INFO - pick_up_discard - Alessio ----> ['3_Picche_Blu']
2025-11-03 22:10:13 - round.py - INFO - discard - Alessio ----> 3_Picche_Blu
2025-11-03 22:10:13 - round.py - INFO - pick_up_card - MariaGrazia ----> 3_Fiori_Blu
2025-11-03 22:10:14 - round.py - INFO - discard - MariaGrazia ----> 3_Fiori_Blu
2025-11-03 22:10:14 - round.py - INFO - pick_up_card - Alessio ----> A_Cuori_Blu
2025-11-03 22:10:14 - round.py - INFO - discard - Alessio ----> 7_Fiori_Rosso
2025-11-03 22:10:14 - round.py - INFO - pick_up_card - MariaGrazia ----> 2_Cuori_Blu
2025-11-03 22:10:14 - round.py - INFO - open_meld - MariaGrazia ----> [(-1, 55, 'Jolly', 20), (8, 87, 'Fiori', 10), (10, 89, 'Fiori', 10)]
2025-11-03 22:10:14 - round.py - INFO - discard - MariaGrazia ----> Q_Picche_Rosso
2025-11-03 22:10:14 - round.py - INFO - pick_up_discard - Alessio ----> ['3_Picche_Blu', '3_Fiori_Blu', '7_Fiori_Rosso', 'Q_Picche_Rosso']
2025-11-03 22:10:14 - round.py - INFO - discard - Alessio ----> 3_Picche_Blu
2025-11-03 22:10:14 - round.py - INFO - pick_up_discard - MariaGrazia ----> ['3_Picche_Blu']
2025-11-03 22:10:14 - round.py - INFO - discard - MariaGrazia ----> Q_Quadri_Rosso
2025-11-03 22:10:14 - round.py - INFO - pick_up_discard - Alessio ----> ['Q_Quadri_Rosso']
2025-11-03 22:10:14 - round.py - INFO - discard - Alessio ----> 7_Fiori_Rosso
2025-11-03 22:10:14 - round.py - INFO - pick_up_card - MariaGrazia ----> 7_Quadri_Rosso
2025-11-03 22:10:14 - round.py - INFO - discard - MariaGrazia ----> 7_Quadri_Rosso
2025-11-03 22:10:14 - round.py - INFO - pick_up_card - Alessio ----> 8_Fiori_Rosso
2025-11-03 22:10:15 - round.py - INFO - discard - Alessio ----> 7_Picche_Blu
2025-11-03 22:10:15 - round.py - INFO - pick_up_discard - MariaGrazia ----> ['7_Fiori_Rosso', '7_Quadri_Rosso', '7_Picche_Blu']
2025-11-03 22:10:15 - player_onto_manager.py - INFO - apre_tris -  7_Fiori_Rosso -5 ----> partialScore ----> 5
2025-11-03 22:10:15 - player_onto_manager.py - INFO - apre_tris -  7_Picche_Blu -5 ----> partialScore ----> 10
2025-11-03 22:10:15 - player_onto_manager.py - INFO - apre_tris -  7_Quadri_Rosso -5 ----> partialScore ----> 15
2025-11-03 22:10:15 - player_onto_manager.py - INFO - apre_tris - FINAL partialScore ----> 15
2025-11-03 22:10:15 - round.py - INFO - open_tris - MariaGrazia ----> [(7, 32, 'Fiori', 5), (7, 99, 'Picche', 5), (7, 19, 'Quadri', 5)]
2025-11-03 22:10:15 - round.py - INFO - update_tris - MariaGrazia ----> 7 -->7_Cuori_Rosso
2025-11-03 22:10:15 - round.py - INFO - discard - MariaGrazia ----> 9_Picche_Rosso
2025-11-03 22:10:15 - round.py - INFO - pick_up_card - Alessio ----> 7_Cuori_Blu
2025-11-03 22:10:15 - round.py - INFO - discard - Alessio ----> 9_Quadri_Blu
2025-11-03 22:10:15 - round.py - INFO - pick_up_discard - MariaGrazia ----> ['9_Picche_Rosso', '9_Quadri_Blu']
2025-11-03 22:10:15 - round.py - INFO - update_meld - MariaGrazia ----> Scala_0_Giocatore1 --> 9_Quadri_Blu
2025-11-03 22:10:15 - round.py - INFO - discard - MariaGrazia ----> 3_Picche_Blu
2025-11-03 22:10:15 - round.py - INFO - pick_up_card - Alessio ----> Q_Quadri_Blu
2025-11-03 22:10:15 - player_onto_manager.py - INFO - apre_tris -  Q_Quadri_Rosso -10 ----> partialScore ----> 10
2025-11-03 22:10:15 - player_onto_manager.py - INFO - apre_tris -  Q_Quadri_Blu -10 ----> partialScore ----> 20
2025-11-03 22:10:15 - player_onto_manager.py - INFO - apre_tris -  Q_Picche_Rosso -10 ----> partialScore ----> 30
2025-11-03 22:10:15 - player_onto_manager.py - INFO - apre_tris - FINAL partialScore ----> 30
2025-11-03 22:10:15 - round.py - INFO - open_tris - Alessio ----> [(12, 24, 'Quadri', 10), (12, 78, 'Quadri', 10), (12, 50, 'Picche', 10)]
2025-11-03 22:10:16 - round.py - INFO - discard - Alessio ----> 6_Fiori_Rosso
2025-11-03 22:10:16 - round.py - INFO - pick_up_discard - MariaGrazia ----> ['3_Picche_Blu', '6_Fiori_Rosso']
2025-11-03 22:10:16 - round.py - INFO - discard - MariaGrazia ----> 3_Picche_Blu
2025-11-03 22:10:16 - round.py - INFO - pick_up_card - Alessio ----> J_Fiori_Blu
2025-11-03 22:10:16 - round.py - INFO - discard - Alessio ----> 7_Cuori_Blu
2025-11-03 22:10:16 - round.py - INFO - pick_up_card - MariaGrazia ----> 2_Quadri_Rosso
2025-11-03 22:10:16 - round.py - INFO - update_tris - MariaGrazia ----> 7 -->2_Quadri_Rosso
2025-11-03 22:10:16 - round.py - INFO - discard - MariaGrazia ----> 9_Picche_Rosso
2025-11-03 22:10:16 - round.py - INFO - pick_up_card - Alessio ----> 9_Quadri_Rosso
2025-11-03 22:10:16 - round.py - INFO - discard - Alessio ----> A_Cuori_Blu
2025-11-03 22:10:16 - round.py - INFO - pick_up_card - MariaGrazia ----> 10_Fiori_Rosso
2025-11-03 22:10:16 - round.py - INFO - discard - MariaGrazia ----> 6_Fiori_Rosso
2025-11-03 22:10:16 - round.py - INFO - pick_up_discard - Alessio ----> ['3_Picche_Blu', '7_Cuori_Blu', '9_Picche_Rosso', 'A_Cuori_Blu', '6_Fiori_Rosso']
2025-11-03 22:10:16 - round.py - INFO - discard - Alessio ----> 3_Picche_Blu
2025-11-03 22:10:16 - round.py - INFO - pick_up_discard - MariaGrazia ----> ['3_Picche_Blu']
2025-11-03 22:10:16 - round.py - INFO - discard - MariaGrazia ----> 10_Fiori_Rosso
2025-11-03 22:10:16 - round.py - INFO - pick_up_card - Alessio ----> 7_Picche_Rosso
2025-11-03 22:10:17 - round.py - INFO - discard - Alessio ----> J_Fiori_Blu
2025-11-03 22:10:17 - round.py - INFO - pick_up_card - MariaGrazia ----> 10_Quadri_Blu
2025-11-03 22:10:17 - round.py - INFO - discard - MariaGrazia ----> 3_Picche_Blu
2025-11-03 22:10:17 - round.py - INFO - pick_up_card - Alessio ----> J_Picche_Rosso
2025-11-03 22:10:17 - round.py - INFO - discard - Alessio ----> J_Picche_Rosso
2025-11-03 22:10:17 - round.py - INFO - pick_up_discard - MariaGrazia ----> ['10_Fiori_Rosso', 'J_Fiori_Blu', '3_Picche_Blu', 'J_Picche_Rosso']
2025-11-03 22:10:17 - round.py - INFO - update_tris - MariaGrazia ----> 11 -->J_Fiori_Blu
2025-11-03 22:10:17 - round.py - INFO - update_tris - MariaGrazia ----> 11 -->J_Picche_Rosso
2025-11-03 22:10:17 - round.py - INFO - update_meld - MariaGrazia ----> Scala_0_Giocatore1 --> 10_Quadri_Blu
2025-11-03 22:10:17 - round.py - INFO - discard - MariaGrazia ----> 3_Picche_Blu
2025-11-03 22:10:17 - round.py - INFO - pick_up_discard - Alessio ----> ['3_Picche_Blu']
2025-11-03 22:10:18 - round.py - INFO - discard - Alessio ----> 6_Fiori_Rosso
2025-11-03 22:10:18 - round.py - INFO - pick_up_card - MariaGrazia ----> Q_Picche_Blu
2025-11-03 22:10:18 - round.py - INFO - discard - MariaGrazia ----> Q_Picche_Blu
2025-11-03 22:10:18 - round.py - INFO - pick_up_card - Alessio ----> 8_Picche_Rosso
2025-11-03 22:10:18 - round.py - INFO - open_meld - Alessio ----> [(7, 45, 'Picche', 5), (8, 46, 'Picche', 10), (9, 47, 'Picche', 10)]
2025-11-03 22:10:18 - round.py - INFO - discard - Alessio ----> 7_Cuori_Blu
2025-11-03 22:10:18 - round.py - INFO - pick_up_card - MariaGrazia ----> 4_Picche_Blu
2025-11-03 22:10:18 - round.py - INFO - discard - MariaGrazia ----> 10_Fiori_Rosso
2025-11-03 22:10:18 - round.py - INFO - pick_up_card - Alessio ----> 8_Cuori_Rosso
2025-11-03 22:10:18 - round.py - INFO - discard - Alessio ----> 3_Fiori_Blu
2025-11-03 22:10:18 - round.py - INFO - pick_up_card - MariaGrazia ----> 6_Picche_Blu
2025-11-03 22:10:18 - round.py - INFO - discard - MariaGrazia ----> 4_Picche_Blu
2025-11-03 22:10:18 - round.py - INFO - pick_up_discard - Alessio ----> ['6_Fiori_Rosso', 'Q_Picche_Blu', '7_Cuori_Blu', '10_Fiori_Rosso', '3_Fiori_Blu', '4_Picche_Blu']
2025-11-03 22:10:19 - round.py - INFO - update_tris - Alessio ----> 12 -->Q_Picche_Blu
2025-11-03 22:10:20 - round.py - INFO - update_tris - Alessio ----> 4 -->4_Picche_Blu
2025-11-03 22:10:20 - round.py - INFO - discard - Alessio ----> 3_Fiori_Blu
2025-11-03 22:10:20 - round.py - INFO - pick_up_card - MariaGrazia ----> 9_Picche_Blu
2025-11-03 22:10:20 - round.py - INFO - discard - MariaGrazia ----> 9_Picche_Blu
2025-11-03 22:10:21 - round.py - INFO - pick_up_discard - Alessio ----> ['3_Fiori_Blu', '9_Picche_Blu']
2025-11-03 22:10:21 - round.py - INFO - discard - Alessio ----> 9_Quadri_Rosso
2025-11-03 22:10:21 - round.py - INFO - pick_up_card - MariaGrazia ----> Q_Cuori_Rosso
2025-11-03 22:10:21 - round.py - INFO - discard - MariaGrazia ----> Q_Cuori_Rosso
2025-11-03 22:10:21 - round.py - INFO - pick_up_card - Alessio ----> A_Quadri_Rosso
2025-11-03 22:10:22 - round.py - INFO - discard - Alessio ----> A_Quadri_Rosso
2025-11-03 22:10:22 - round.py - INFO - pick_up_discard - MariaGrazia ----> ['9_Quadri_Rosso', 'Q_Cuori_Rosso', 'A_Quadri_Rosso']
2025-11-03 22:10:22 - round.py - INFO - discard - MariaGrazia ----> 9_Quadri_Rosso
2025-11-03 22:10:22 - round.py - INFO - pick_up_card - Alessio ----> 10_Picche_Rosso
2025-11-03 22:10:23 - round.py - INFO - discard - Alessio ----> 3_Picche_Blu
2025-11-03 22:10:23 - round.py - INFO - pick_up_discard - MariaGrazia ----> ['9_Quadri_Rosso', '3_Picche_Blu']
2025-11-03 22:10:23 - round.py - INFO - discard - MariaGrazia ----> 9_Quadri_Rosso
2025-11-03 22:10:23 - round.py - INFO - pick_up_discard - Alessio ----> ['9_Quadri_Rosso']
2025-11-03 22:10:23 - round.py - INFO - discard - Alessio ----> 8_Fiori_Rosso
2025-11-03 22:10:23 - round.py - INFO - pick_up_card - MariaGrazia ----> Jolly_Jolly_N_Rosso
2025-11-03 22:10:23 - round.py - INFO - update_tris - MariaGrazia ----> 11 -->Jolly_Jolly_N_Rosso
2025-11-03 22:10:23 - round.py - INFO - discard - MariaGrazia ----> 6_Picche_Blu
2025-11-03 22:10:23 - round.py - INFO - pick_up_card - Alessio ----> Jolly_Jolly_N_Blu
2025-11-03 22:10:24 - round.py - INFO - open_meld - Alessio ----> [(-1, 106, 'Jolly', 30), (7, 60, 'Cuori', 5), (8, 7, 'Cuori', 10)]
2025-11-03 22:10:24 - round.py - INFO - discard - Alessio ----> 3_Fiori_Blu
2025-11-03 22:10:24 - round.py - INFO - pick_up_discard - MariaGrazia ----> ['8_Fiori_Rosso', '6_Picche_Blu', '3_Fiori_Blu']
2025-11-03 22:10:24 - round.py - INFO - discard - MariaGrazia ----> 3_Picche_Blu
2025-11-03 22:10:24 - round.py - INFO - pick_up_discard - Alessio ----> ['3_Picche_Blu']
2025-11-03 22:10:24 - round.py - INFO - discard - Alessio ----> 6_Fiori_Rosso
2025-11-03 22:10:24 - round.py - INFO - pick_up_card - MariaGrazia ----> 4_Cuori_Blu
2025-11-03 22:10:25 - round.py - INFO - discard - MariaGrazia ----> Q_Cuori_Rosso
2025-11-03 22:10:25 - round.py - INFO - pick_up_card - Alessio ----> 2_Picche_Blu
2025-11-03 22:10:25 - player_onto_manager.py - INFO - apre_tris -  2_Picche_Blu -20 ----> partialScore ----> 20
2025-11-03 22:10:25 - player_onto_manager.py - INFO - apre_tris -  10_Picche_Rosso -10 ----> partialScore ----> 30
2025-11-03 22:10:25 - player_onto_manager.py - INFO - apre_tris -  10_Fiori_Rosso -10 ----> partialScore ----> 40
2025-11-03 22:10:25 - player_onto_manager.py - INFO - apre_tris - FINAL partialScore ----> 40
2025-11-03 22:10:25 - round.py - INFO - open_tris - Alessio ----> [(-1, 94, 'Jolly', 20), (10, 48, 'Picche', 10), (10, 35, 'Fiori', 10)]
2025-11-03 22:10:25 - round.py - INFO - discard - Alessio ----> A_Cuori_Blu
2025-11-03 22:10:25 - round.py - INFO - pick_up_discard - MariaGrazia ----> ['6_Fiori_Rosso', 'Q_Cuori_Rosso', 'A_Cuori_Blu']
2025-11-03 22:10:25 - round.py - INFO - discard - MariaGrazia ----> 8_Fiori_Rosso
2025-11-03 22:10:25 - round.py - INFO - pick_up_card - Alessio ----> A_Picche_Rosso
2025-11-03 22:10:25 - round.py - INFO - discard - Alessio ----> 9_Quadri_Rosso
2025-11-03 22:10:25 - round.py - INFO - pick_up_card - MariaGrazia ----> 9_Fiori_Blu
2025-11-03 22:10:25 - round.py - INFO - discard - MariaGrazia ----> 6_Fiori_Rosso
2025-11-03 22:10:25 - round.py - INFO - pick_up_card - Alessio ----> 2_Picche_Rosso
2025-11-03 22:10:25 - round.py - INFO - update_tris - Alessio ----> 12 -->2_Picche_Rosso
2025-11-03 22:10:25 - round.py - INFO - discard - Alessio ----> 3_Picche_Blu
2025-11-03 22:10:25 - round.py - INFO - pick_up_discard - MariaGrazia ----> ['8_Fiori_Rosso', '9_Quadri_Rosso', '6_Fiori_Rosso', '3_Picche_Blu']
2025-11-03 22:10:26 - round.py - INFO - discard - MariaGrazia ----> A_Quadri_Rosso
2025-11-03 22:10:26 - round.py - INFO - pick_up_card - Alessio ----> A_Fiori_Rosso
2025-11-03 22:10:26 - round.py - INFO - discard - Alessio ----> A_Picche_Rosso
2025-11-03 22:10:26 - round.py - INFO - pick_up_discard - MariaGrazia ----> ['A_Quadri_Rosso', 'A_Picche_Rosso']
2025-11-03 22:10:28 - player_onto_manager.py - INFO - apre_tris -  A_Cuori_Blu -15 ----> partialScore ----> 15
2025-11-03 22:10:28 - player_onto_manager.py - INFO - apre_tris -  A_Quadri_Rosso -15 ----> partialScore ----> 30
2025-11-03 22:10:28 - player_onto_manager.py - INFO - apre_tris -  A_Picche_Rosso -15 ----> partialScore ----> 45
2025-11-03 22:10:28 - player_onto_manager.py - INFO - apre_tris - FINAL partialScore ----> 45
2025-11-03 22:10:28 - round.py - INFO - open_tris - MariaGrazia ----> [(1, 54, 'Cuori', 15), (1, 13, 'Quadri', 15), (1, 39, 'Picche', 15)]
2025-11-03 22:10:28 - round.py - INFO - discard - MariaGrazia ----> 6_Picche_Blu
2025-11-03 22:10:28 - round.py - INFO - pick_up_card - Alessio ----> 10_Cuori_Blu
2025-11-03 22:10:28 - round.py - INFO - update_meld - Alessio ----> Scala_1_Giocatore0 --> 10_Cuori_Blu
2025-11-03 22:10:28 - round.py - INFO - discard - Alessio ----> 9_Picche_Blu
2025-11-03 22:10:28 - round.py - INFO - pick_up_card - MariaGrazia ----> Q_Cuori_Blu
2025-11-03 22:10:29 - round.py - INFO - discard - MariaGrazia ----> 6_Fiori_Rosso
2025-11-03 22:10:29 - round.py - INFO - pick_up_card - Alessio ----> 6_Picche_Rosso
2025-11-03 22:10:29 - round.py - INFO - discard - Alessio ----> A_Fiori_Rosso
2025-11-03 22:10:29 - round.py - INFO - pick_up_discard - MariaGrazia ----> ['6_Picche_Blu', '9_Picche_Blu', '6_Fiori_Rosso', 'A_Fiori_Rosso']
2025-11-03 22:10:30 - player_onto_manager.py - INFO - apre_tris -  9_Picche_Blu -10 ----> partialScore ----> 10
2025-11-03 22:10:30 - player_onto_manager.py - INFO - apre_tris -  9_Quadri_Rosso -10 ----> partialScore ----> 20
2025-11-03 22:10:30 - player_onto_manager.py - INFO - apre_tris -  9_Fiori_Blu -10 ----> partialScore ----> 30
2025-11-03 22:10:30 - player_onto_manager.py - INFO - apre_tris - FINAL partialScore ----> 30
2025-11-03 22:10:30 - round.py - INFO - open_tris - MariaGrazia ----> [(9, 101, 'Picche', 10), (9, 21, 'Quadri', 10), (9, 88, 'Fiori', 10)]
2025-11-03 22:10:30 - round.py - INFO - update_tris - MariaGrazia ----> 1 -->A_Fiori_Rosso
2025-11-03 22:10:31 - round.py - INFO - discard - MariaGrazia ----> 6_Fiori_Rosso
2025-11-03 22:10:31 - round.py - INFO - pick_up_discard - Alessio ----> ['6_Fiori_Rosso']
2025-11-03 22:10:31 - round.py - INFO - discard - Alessio ----> 6_Fiori_Rosso
2025-11-03 22:10:31 - round.py - INFO - pick_up_card - MariaGrazia ----> 6_Cuori_Rosso
2025-11-03 22:10:31 - round.py - INFO - discard - MariaGrazia ----> 6_Picche_Blu
2025-11-03 22:10:31 - round.py - INFO - pick_up_card - Alessio ----> 8_Picche_Blu
2025-11-03 22:10:31 - round.py - INFO - discard - Alessio ----> 8_Picche_Blu
2025-11-03 22:10:31 - round.py - INFO - pick_up_card - MariaGrazia ----> 10_Quadri_Rosso
2025-11-03 22:10:31 - round.py - INFO - discard - MariaGrazia ----> 8_Fiori_Rosso
2025-11-03 22:10:31 - round.py - INFO - pick_up_card - Alessio ----> A_Fiori_Blu
2025-11-03 22:10:31 - round.py - INFO - discard - Alessio ----> A_Fiori_Blu
2025-11-03 22:10:31 - round.py - INFO - pick_up_discard - MariaGrazia ----> ['6_Fiori_Rosso', '6_Picche_Blu', '8_Picche_Blu', '8_Fiori_Rosso', 'A_Fiori_Blu']
2025-11-03 22:10:32 - round.py - INFO - update_tris - MariaGrazia ----> 1 -->A_Fiori_Blu
2025-11-03 22:10:32 - player_onto_manager.py - INFO - apre_tris -  6_Cuori_Rosso -5 ----> partialScore ----> 5
2025-11-03 22:10:32 - player_onto_manager.py - INFO - apre_tris -  6_Picche_Blu -5 ----> partialScore ----> 10
2025-11-03 22:10:32 - player_onto_manager.py - INFO - apre_tris -  6_Fiori_Rosso -5 ----> partialScore ----> 15
2025-11-03 22:10:32 - player_onto_manager.py - INFO - apre_tris - FINAL partialScore ----> 15
2025-11-03 22:10:32 - round.py - INFO - open_tris - MariaGrazia ----> [(6, 5, 'Cuori', 5), (6, 98, 'Picche', 5), (6, 31, 'Fiori', 5)]
2025-11-03 22:10:33 - round.py - INFO - discard - MariaGrazia ----> 3_Picche_Blu
2025-11-03 22:10:33 - round.py - INFO - pick_up_discard - Alessio ----> ['3_Picche_Blu']
2025-11-03 22:10:33 - round.py - INFO - discard - Alessio ----> 3_Picche_Blu
2025-11-03 22:10:33 - round.py - INFO - pick_up_card - MariaGrazia ----> 3_Cuori_Blu
2025-11-03 22:10:33 - round.py - INFO - discard - MariaGrazia ----> 8_Picche_Blu
2025-11-03 22:10:33 - round.py - INFO - pick_up_discard - Alessio ----> ['3_Picche_Blu', '8_Picche_Blu']
2025-11-03 22:10:33 - round.py - INFO - discard - Alessio ----> 3_Picche_Blu
2025-11-03 22:10:33 - round.py - INFO - pick_up_discard - MariaGrazia ----> ['3_Picche_Blu']
2025-11-03 22:10:33 - player_onto_manager.py - INFO - apre_tris -  3_Fiori_Blu -5 ----> partialScore ----> 5
2025-11-03 22:10:33 - player_onto_manager.py - INFO - apre_tris -  3_Picche_Blu -5 ----> partialScore ----> 10
2025-11-03 22:10:33 - player_onto_manager.py - INFO - apre_tris -  3_Cuori_Blu -5 ----> partialScore ----> 15
2025-11-03 22:10:33 - player_onto_manager.py - INFO - apre_tris - FINAL partialScore ----> 15
2025-11-03 22:10:33 - round.py - INFO - open_tris - MariaGrazia ----> [(3, 82, 'Fiori', 5), (3, 95, 'Picche', 5), (3, 56, 'Cuori', 5)]
2025-11-03 22:10:33 - round.py - INFO - discard - MariaGrazia ----> 10_Quadri_Rosso
2025-11-03 22:10:33 - round.py - INFO - pick_up_card - Alessio ----> 9_Cuori_Rosso
2025-11-03 22:10:33 - round.py - INFO - discard - Alessio ----> 6_Picche_Rosso
2025-11-03 22:10:33 - round.py - INFO - pick_up_discard - MariaGrazia ----> ['10_Quadri_Rosso', '6_Picche_Rosso']
2025-11-03 22:10:33 - round.py - INFO - update_tris - MariaGrazia ----> 6 -->6_Picche_Rosso
2025-11-03 22:10:33 - round.py - INFO - discard - MariaGrazia ----> Q_Cuori_Rosso
2025-11-03 22:10:33 - round.py - INFO - pick_up_card - Alessio ----> 6_Quadri_Rosso
2025-11-03 22:10:33 - round.py - INFO - discard - Alessio ----> 9_Cuori_Rosso
2025-11-03 22:10:33 - round.py - INFO - pick_up_discard - MariaGrazia ----> ['Q_Cuori_Rosso', '9_Cuori_Rosso']
2025-11-03 22:10:33 - round.py - INFO - update_tris - MariaGrazia ----> 9 -->9_Cuori_Rosso
2025-11-03 22:10:33 - round.py - INFO - discard - MariaGrazia ----> 10_Quadri_Rosso
2025-11-03 22:10:33 - round.py - INFO - pick_up_card - Alessio ----> 3_Picche_Rosso
2025-11-03 22:10:33 - round.py - INFO - discard - Alessio ----> 8_Picche_Blu
2025-11-03 22:10:33 - round.py - INFO - pick_up_discard - MariaGrazia ----> ['10_Quadri_Rosso', '8_Picche_Blu']
2025-11-03 22:10:33 - round.py - INFO - discard - MariaGrazia ----> 4_Cuori_Blu
2025-11-03 22:10:33 - round.py - INFO - pick_up_card - Alessio ----> 8_Cuori_Blu
2025-11-03 22:10:33 - round.py - INFO - discard - Alessio ----> 3_Picche_Rosso
2025-11-03 22:10:33 - round.py - INFO - pick_up_card - MariaGrazia ----> 8_Quadri_Blu
2025-11-03 22:10:33 - player_onto_manager.py - INFO - apre_tris -  8_Quadri_Blu -10 ----> partialScore ----> 10
2025-11-03 22:10:33 - player_onto_manager.py - INFO - apre_tris -  8_Picche_Blu -10 ----> partialScore ----> 20
2025-11-03 22:10:33 - player_onto_manager.py - INFO - apre_tris -  8_Fiori_Rosso -10 ----> partialScore ----> 30
2025-11-03 22:10:33 - player_onto_manager.py - INFO - apre_tris - FINAL partialScore ----> 30
2025-11-03 22:10:33 - round.py - INFO - open_tris - MariaGrazia ----> [(8, 74, 'Quadri', 10), (8, 100, 'Picche', 10), (8, 33, 'Fiori', 10)]
2025-11-03 22:10:33 - round.py - INFO - discard - MariaGrazia ----> Q_Cuori_Rosso
2025-11-03 22:10:33 - round.py - INFO - pick_up_discard - Alessio ----> ['4_Cuori_Blu', '3_Picche_Rosso', 'Q_Cuori_Rosso']
2025-11-03 22:10:33 - round.py - INFO - update_tris - Alessio ----> 4 -->4_Cuori_Blu
2025-11-03 22:10:33 - round.py - INFO - update_tris - Alessio ----> 12 -->Q_Cuori_Rosso
2025-11-03 22:10:33 - round.py - INFO - discard - Alessio ----> 8_Cuori_Blu
2025-11-03 22:10:33 - round.py - INFO - pick_up_discard - MariaGrazia ----> ['8_Cuori_Blu']
2025-11-03 22:10:33 - round.py - INFO - update_tris - MariaGrazia ----> 8 -->8_Cuori_Blu
2025-11-03 22:10:33 - round.py - INFO - discard - MariaGrazia ----> Q_Cuori_Blu
2025-11-03 22:10:33 - round.py - INFO - pick_up_discard - Alessio ----> ['Q_Cuori_Blu']
2025-11-03 22:10:33 - round.py - INFO - update_tris - Alessio ----> 12 -->Q_Cuori_Blu
2025-11-03 22:10:34 - round.py - INFO - discard - Alessio ----> 3_Picche_Rosso
2025-11-03 22:10:34 - round.py - INFO - pick_up_discard - MariaGrazia ----> ['3_Picche_Rosso']
2025-11-03 22:10:34 - round.py - INFO - update_tris - MariaGrazia ----> 3 -->3_Picche_Rosso
2025-11-03 22:10:34 - round.py - INFO - close_game - MariaGrazia ----> 10_Quadri_Rosso
