2025-11-03 22:10:05 - logger.py - INFO - _initialize - Logger inizializzato. File di log: logs/2025_11_03\partita_20251103_221005409474.log
2025-11-03 22:10:05 - logger.py - INFO - _initialize - ---------------------------------------------------
2025-11-03 22:10:05 - logger.py - INFO - _initialize - PARTITA ::  Partita_20251103_221005_409093
2025-11-03 22:10:05 - logger.py - INFO - _initialize - ---------------------------------------------------
2025-11-03 22:10:05 - round.py - INFO - pick_up_discard - Alessio ----> ['3_Quadri_Rosso']
2025-11-03 22:10:07 - player_onto_manager.py - INFO - apre_tris -  2_Quadri_Rosso -20 ----> partialScore ----> 20
2025-11-03 22:10:07 - player_onto_manager.py - INFO - apre_tris -  10_Quadri_Blu -10 ----> partialScore ----> 30
2025-11-03 22:10:07 - player_onto_manager.py - INFO - apre_tris -  10_Cuori_Rosso -10 ----> partialScore ----> 40
2025-11-03 22:10:07 - player_onto_manager.py - INFO - apre_tris - FINAL partialScore ----> 40
2025-11-03 22:10:07 - round.py - INFO - open_tris - Alessio ----> [(-1, 14, 'Jolly', 20), (10, 76, 'Quadri', 10), (10, 9, 'Cuori', 10)]
2025-11-03 22:10:07 - player_onto_manager.py - INFO - apre_tris -  2_Picche_Blu -20 ----> partialScore ----> 20
2025-11-03 22:10:07 - player_onto_manager.py - INFO - apre_tris -  4_Cuori_Rosso -5 ----> partialScore ----> 25
2025-11-03 22:10:07 - player_onto_manager.py - INFO - apre_tris -  4_Fiori_Blu -5 ----> partialScore ----> 30
2025-11-03 22:10:07 - player_onto_manager.py - INFO - apre_tris - FINAL partialScore ----> 30
2025-11-03 22:10:07 - round.py - INFO - open_tris - Alessio ----> [(-1, 94, 'Jolly', 20), (4, 3, 'Cuori', 5), (4, 83, 'Fiori', 5)]
2025-11-03 22:10:07 - round.py - INFO - discard - Alessio ----> 5_Fiori_Rosso
2025-11-03 22:10:07 - round.py - INFO - pick_up_discard - MariaGrazia ----> ['5_Fiori_Rosso']
2025-11-03 22:10:09 - round.py - INFO - open_meld - MariaGrazia ----> [(-1, 27, 'Jolly', 20), (5, 30, 'Fiori', 5), (7, 32, 'Fiori', 5)]
2025-11-03 22:10:10 - player_onto_manager.py - INFO - apre_tris -  2_Cuori_Rosso -20 ----> partialScore ----> 20
2025-11-03 22:10:10 - player_onto_manager.py - INFO - apre_tris -  K_Picche_Rosso -10 ----> partialScore ----> 30
2025-11-03 22:10:10 - player_onto_manager.py - INFO - apre_tris -  K_Fiori_Rosso -10 ----> partialScore ----> 40
2025-11-03 22:10:10 - player_onto_manager.py - INFO - apre_tris - FINAL partialScore ----> 40
2025-11-03 22:10:10 - round.py - INFO - open_tris - MariaGrazia ----> [(-1, 1, 'Jolly', 20), (13, 51, 'Picche', 10), (13, 38, 'Fiori', 10)]
2025-11-03 22:10:10 - round.py - INFO - discard - MariaGrazia ----> 9_Cuori_Blu
2025-11-03 22:10:10 - round.py - INFO - pick_up_discard - Alessio ----> ['9_Cuori_Blu']
2025-11-03 22:10:10 - round.py - INFO - discard - Alessio ----> 5_Cuori_Rosso
2025-11-03 22:10:10 - round.py - INFO - pick_up_card - MariaGrazia ----> 3_Cuori_Blu
2025-11-03 22:10:10 - round.py - INFO - discard - MariaGrazia ----> 8_Picche_Rosso
2025-11-03 22:10:10 - round.py - INFO - pick_up_discard - Alessio ----> ['5_Cuori_Rosso', '8_Picche_Rosso']
2025-11-03 22:10:10 - round.py - INFO - discard - Alessio ----> 8_Cuori_Blu
2025-11-03 22:10:10 - round.py - INFO - pick_up_card - MariaGrazia ----> A_Picche_Blu
2025-11-03 22:10:10 - player_onto_manager.py - INFO - apre_tris -  A_Picche_Rosso -15 ----> partialScore ----> 15
2025-11-03 22:10:10 - player_onto_manager.py - INFO - apre_tris -  A_Picche_Blu -15 ----> partialScore ----> 30
2025-11-03 22:10:10 - player_onto_manager.py - INFO - apre_tris -  A_Quadri_Blu -15 ----> partialScore ----> 45
2025-11-03 22:10:10 - player_onto_manager.py - INFO - apre_tris - FINAL partialScore ----> 45
2025-11-03 22:10:10 - round.py - INFO - open_tris - MariaGrazia ----> [(1, 39, 'Picche', 15), (1, 93, 'Picche', 15), (1, 67, 'Quadri', 15)]
2025-11-03 22:10:10 - round.py - INFO - discard - MariaGrazia ----> J_Quadri_Blu
2025-11-03 22:10:10 - round.py - INFO - pick_up_card - Alessio ----> 3_Fiori_Rosso
2025-11-03 22:10:10 - round.py - INFO - discard - Alessio ----> 5_Cuori_Rosso
2025-11-03 22:10:10 - round.py - INFO - pick_up_discard - MariaGrazia ----> ['8_Cuori_Blu', 'J_Quadri_Blu', '5_Cuori_Rosso']
2025-11-03 22:10:10 - round.py - INFO - discard - MariaGrazia ----> 7_Picche_Blu
2025-11-03 22:10:10 - round.py - INFO - pick_up_card - Alessio ----> 9_Quadri_Blu
2025-11-03 22:10:11 - player_onto_manager.py - INFO - apre_tris -  9_Quadri_Blu -10 ----> partialScore ----> 10
2025-11-03 22:10:11 - player_onto_manager.py - INFO - apre_tris -  9_Fiori_Rosso -10 ----> partialScore ----> 20
2025-11-03 22:10:11 - player_onto_manager.py - INFO - apre_tris -  9_Cuori_Blu -10 ----> partialScore ----> 30
2025-11-03 22:10:11 - player_onto_manager.py - INFO - apre_tris - FINAL partialScore ----> 30
2025-11-03 22:10:11 - round.py - INFO - open_tris - Alessio ----> [(9, 75, 'Quadri', 10), (9, 34, 'Fiori', 10), (9, 62, 'Cuori', 10)]
2025-11-03 22:10:11 - round.py - INFO - discard - Alessio ----> 3_Fiori_Rosso
2025-11-03 22:10:11 - round.py - INFO - pick_up_discard - MariaGrazia ----> ['7_Picche_Blu', '3_Fiori_Rosso']
2025-11-03 22:10:11 - round.py - INFO - discard - MariaGrazia ----> 3_Cuori_Blu
2025-11-03 22:10:11 - round.py - INFO - pick_up_discard - Alessio ----> ['3_Cuori_Blu']
2025-11-03 22:10:11 - round.py - INFO - discard - Alessio ----> 8_Picche_Rosso
2025-11-03 22:10:11 - round.py - INFO - pick_up_card - MariaGrazia ----> Q_Cuori_Rosso
2025-11-03 22:10:11 - round.py - INFO - discard - MariaGrazia ----> J_Quadri_Blu
2025-11-03 22:10:11 - round.py - INFO - pick_up_card - Alessio ----> K_Fiori_Blu
2025-11-03 22:10:11 - round.py - INFO - discard - Alessio ----> 10_Fiori_Rosso
2025-11-03 22:10:11 - round.py - INFO - pick_up_card - MariaGrazia ----> K_Cuori_Rosso
2025-11-03 22:10:11 - round.py - INFO - discard - MariaGrazia ----> 5_Cuori_Rosso
2025-11-03 22:10:11 - round.py - INFO - pick_up_discard - Alessio ----> ['8_Picche_Rosso', 'J_Quadri_Blu', '10_Fiori_Rosso', '5_Cuori_Rosso']
2025-11-03 22:10:11 - round.py - INFO - discard - Alessio ----> 5_Cuori_Rosso
2025-11-03 22:10:11 - round.py - INFO - pick_up_discard - MariaGrazia ----> ['5_Cuori_Rosso']
2025-11-03 22:10:11 - round.py - INFO - discard - MariaGrazia ----> 5_Cuori_Rosso
2025-11-03 22:10:11 - round.py - INFO - pick_up_discard - Alessio ----> ['5_Cuori_Rosso']
2025-11-03 22:10:11 - round.py - INFO - discard - Alessio ----> 8_Picche_Rosso
2025-11-03 22:10:11 - round.py - INFO - pick_up_discard - MariaGrazia ----> ['8_Picche_Rosso']
2025-11-03 22:10:12 - round.py - INFO - discard - MariaGrazia ----> 8_Picche_Rosso
2025-11-03 22:10:12 - round.py - INFO - pick_up_card - Alessio ----> 3_Picche_Rosso
2025-11-03 22:10:12 - player_onto_manager.py - INFO - apre_tris -  3_Quadri_Rosso -5 ----> partialScore ----> 5
2025-11-03 22:10:12 - player_onto_manager.py - INFO - apre_tris -  3_Picche_Rosso -5 ----> partialScore ----> 10
2025-11-03 22:10:12 - player_onto_manager.py - INFO - apre_tris -  3_Cuori_Blu -5 ----> partialScore ----> 15
2025-11-03 22:10:12 - player_onto_manager.py - INFO - apre_tris - FINAL partialScore ----> 15
2025-11-03 22:10:12 - round.py - INFO - open_tris - Alessio ----> [(3, 15, 'Quadri', 5), (3, 41, 'Picche', 5), (3, 56, 'Cuori', 5)]
2025-11-03 22:10:12 - round.py - INFO - discard - Alessio ----> 10_Fiori_Rosso
2025-11-03 22:10:12 - round.py - INFO - pick_up_card - MariaGrazia ----> 4_Quadri_Rosso
2025-11-03 22:10:12 - round.py - INFO - discard - MariaGrazia ----> 7_Picche_Blu
2025-11-03 22:10:12 - round.py - INFO - pick_up_card - Alessio ----> Q_Quadri_Rosso
2025-11-03 22:10:12 - round.py - INFO - discard - Alessio ----> J_Quadri_Blu
2025-11-03 22:10:12 - round.py - INFO - pick_up_discard - MariaGrazia ----> ['8_Picche_Rosso', '10_Fiori_Rosso', '7_Picche_Blu', 'J_Quadri_Blu']
2025-11-03 22:10:12 - round.py - INFO - discard - MariaGrazia ----> 4_Quadri_Rosso
2025-11-03 22:10:12 - round.py - INFO - pick_up_discard - Alessio ----> ['4_Quadri_Rosso']
2025-11-03 22:10:12 - round.py - INFO - discard - Alessio ----> Q_Quadri_Rosso
2025-11-03 22:10:12 - round.py - INFO - pick_up_discard - MariaGrazia ----> ['Q_Quadri_Rosso']
2025-11-03 22:10:13 - round.py - INFO - discard - MariaGrazia ----> 7_Picche_Blu
2025-11-03 22:10:13 - round.py - INFO - pick_up_discard - Alessio ----> ['7_Picche_Blu']
2025-11-03 22:10:13 - round.py - INFO - discard - Alessio ----> 4_Quadri_Rosso
2025-11-03 22:10:13 - round.py - INFO - pick_up_card - MariaGrazia ----> Q_Cuori_Blu
2025-11-03 22:10:13 - player_onto_manager.py - INFO - apre_tris -  Q_Quadri_Rosso -10 ----> partialScore ----> 10
2025-11-03 22:10:13 - player_onto_manager.py - INFO - apre_tris -  Q_Cuori_Rosso -10 ----> partialScore ----> 20
2025-11-03 22:10:13 - player_onto_manager.py - INFO - apre_tris -  Q_Cuori_Blu -10 ----> partialScore ----> 30
2025-11-03 22:10:13 - player_onto_manager.py - INFO - apre_tris - FINAL partialScore ----> 30
2025-11-03 22:10:13 - round.py - INFO - open_tris - MariaGrazia ----> [(12, 24, 'Quadri', 10), (12, 11, 'Cuori', 10), (12, 65, 'Cuori', 10)]
2025-11-03 22:10:13 - round.py - INFO - discard - MariaGrazia ----> 8_Picche_Rosso
2025-11-03 22:10:13 - round.py - INFO - pick_up_card - Alessio ----> Jolly_Jolly_R_Blu
2025-11-03 22:10:13 - round.py - INFO - update_tris - Alessio ----> 9 -->Jolly_Jolly_R_Blu
2025-11-03 22:10:13 - round.py - INFO - discard - Alessio ----> K_Fiori_Blu
2025-11-03 22:10:13 - round.py - INFO - pick_up_discard - MariaGrazia ----> ['4_Quadri_Rosso', '8_Picche_Rosso', 'K_Fiori_Blu']
2025-11-03 22:10:14 - round.py - INFO - discard - MariaGrazia ----> K_Fiori_Blu
2025-11-03 22:10:14 - round.py - INFO - pick_up_card - Alessio ----> 7_Cuori_Blu
2025-11-03 22:10:14 - round.py - INFO - discard - Alessio ----> 5_Cuori_Rosso
2025-11-03 22:10:14 - round.py - INFO - pick_up_card - MariaGrazia ----> 4_Picche_Rosso
2025-11-03 22:10:14 - round.py - INFO - discard - MariaGrazia ----> 4_Picche_Rosso
2025-11-03 22:10:14 - round.py - INFO - pick_up_card - Alessio ----> A_Cuori_Rosso
2025-11-03 22:10:14 - round.py - INFO - discard - Alessio ----> 7_Cuori_Blu
2025-11-03 22:10:14 - round.py - INFO - pick_up_card - MariaGrazia ----> 7_Quadri_Blu
2025-11-03 22:10:14 - round.py - INFO - discard - MariaGrazia ----> 7_Quadri_Blu
2025-11-03 22:10:14 - round.py - INFO - pick_up_discard - Alessio ----> ['K_Fiori_Blu', '5_Cuori_Rosso', '4_Picche_Rosso', '7_Cuori_Blu', '7_Quadri_Blu']
2025-11-03 22:10:14 - player_onto_manager.py - INFO - apre_tris -  7_Cuori_Blu -5 ----> partialScore ----> 5
2025-11-03 22:10:14 - player_onto_manager.py - INFO - apre_tris -  7_Picche_Blu -5 ----> partialScore ----> 10
2025-11-03 22:10:14 - player_onto_manager.py - INFO - apre_tris -  7_Quadri_Blu -5 ----> partialScore ----> 15
2025-11-03 22:10:14 - player_onto_manager.py - INFO - apre_tris - FINAL partialScore ----> 15
2025-11-03 22:10:14 - round.py - INFO - open_tris - Alessio ----> [(7, 60, 'Cuori', 5), (7, 99, 'Picche', 5), (7, 73, 'Quadri', 5)]
2025-11-03 22:10:14 - round.py - INFO - discard - Alessio ----> A_Cuori_Rosso
2025-11-03 22:10:14 - round.py - INFO - pick_up_discard - MariaGrazia ----> ['A_Cuori_Rosso']
2025-11-03 22:10:15 - round.py - INFO - update_tris - MariaGrazia ----> 1 -->A_Cuori_Rosso
2025-11-03 22:10:15 - round.py - INFO - discard - MariaGrazia ----> J_Quadri_Blu
2025-11-03 22:10:15 - round.py - INFO - pick_up_card - Alessio ----> 6_Cuori_Rosso
2025-11-03 22:10:15 - round.py - INFO - discard - Alessio ----> K_Fiori_Blu
2025-11-03 22:10:15 - round.py - INFO - pick_up_card - MariaGrazia ----> Q_Fiori_Rosso
2025-11-03 22:10:15 - round.py - INFO - update_tris - MariaGrazia ----> 12 -->Q_Fiori_Rosso
2025-11-03 22:10:15 - round.py - INFO - discard - MariaGrazia ----> 4_Quadri_Rosso
2025-11-03 22:10:15 - round.py - INFO - pick_up_discard - Alessio ----> ['J_Quadri_Blu', 'K_Fiori_Blu', '4_Quadri_Rosso']
2025-11-03 22:10:15 - round.py - INFO - discard - Alessio ----> K_Fiori_Blu
2025-11-03 22:10:15 - round.py - INFO - pick_up_discard - MariaGrazia ----> ['K_Fiori_Blu']
2025-11-03 22:10:15 - round.py - INFO - discard - MariaGrazia ----> 8_Cuori_Blu
2025-11-03 22:10:15 - round.py - INFO - pick_up_card - Alessio ----> 3_Picche_Blu
2025-11-03 22:10:15 - round.py - INFO - update_tris - Alessio ----> 3 -->3_Picche_Blu
2025-11-03 22:10:16 - round.py - INFO - discard - Alessio ----> 6_Cuori_Rosso
2025-11-03 22:10:16 - round.py - INFO - pick_up_card - MariaGrazia ----> 6_Quadri_Rosso
2025-11-03 22:10:16 - round.py - INFO - discard - MariaGrazia ----> 10_Fiori_Rosso
2025-11-03 22:10:16 - round.py - INFO - pick_up_card - Alessio ----> 9_Cuori_Rosso
2025-11-03 22:10:16 - round.py - INFO - update_tris - Alessio ----> 9 -->9_Cuori_Rosso
2025-11-03 22:10:16 - round.py - INFO - discard - Alessio ----> 4_Quadri_Rosso
2025-11-03 22:10:16 - round.py - INFO - pick_up_discard - MariaGrazia ----> ['8_Cuori_Blu', '6_Cuori_Rosso', '10_Fiori_Rosso', '4_Quadri_Rosso']
2025-11-03 22:10:16 - round.py - INFO - discard - MariaGrazia ----> 4_Quadri_Rosso
2025-11-03 22:10:16 - round.py - INFO - pick_up_discard - Alessio ----> ['4_Quadri_Rosso']
2025-11-03 22:10:16 - round.py - INFO - discard - Alessio ----> 4_Picche_Rosso
2025-11-03 22:10:16 - round.py - INFO - pick_up_card - MariaGrazia ----> K_Quadri_Blu
2025-11-03 22:10:17 - player_onto_manager.py - INFO - apre_tris -  K_Quadri_Blu -10 ----> partialScore ----> 10
2025-11-03 22:10:17 - player_onto_manager.py - INFO - apre_tris -  K_Cuori_Rosso -10 ----> partialScore ----> 20
2025-11-03 22:10:17 - player_onto_manager.py - INFO - apre_tris -  K_Fiori_Blu -10 ----> partialScore ----> 30
2025-11-03 22:10:17 - player_onto_manager.py - INFO - apre_tris - FINAL partialScore ----> 30
2025-11-03 22:10:17 - round.py - INFO - open_tris - MariaGrazia ----> [(13, 79, 'Quadri', 10), (13, 12, 'Cuori', 10), (13, 92, 'Fiori', 10)]
2025-11-03 22:10:17 - round.py - INFO - discard - MariaGrazia ----> 10_Fiori_Rosso
2025-11-03 22:10:17 - round.py - INFO - pick_up_card - Alessio ----> 5_Picche_Blu
2025-11-03 22:10:17 - round.py - INFO - discard - Alessio ----> 4_Quadri_Rosso
2025-11-03 22:10:17 - round.py - INFO - pick_up_discard - MariaGrazia ----> ['4_Picche_Rosso', '10_Fiori_Rosso', '4_Quadri_Rosso']
2025-11-03 22:10:17 - round.py - INFO - discard - MariaGrazia ----> 3_Fiori_Rosso
2025-11-03 22:10:17 - round.py - INFO - pick_up_card - Alessio ----> 6_Fiori_Blu
2025-11-03 22:10:17 - round.py - INFO - discard - Alessio ----> 5_Cuori_Rosso
2025-11-03 22:10:17 - round.py - INFO - pick_up_card - MariaGrazia ----> Q_Fiori_Blu
2025-11-03 22:10:17 - round.py - INFO - update_tris - MariaGrazia ----> 12 -->Q_Fiori_Blu
2025-11-03 22:10:17 - round.py - INFO - discard - MariaGrazia ----> 4_Quadri_Rosso
2025-11-03 22:10:17 - round.py - INFO - pick_up_card - Alessio ----> 10_Cuori_Blu
2025-11-03 22:10:17 - round.py - INFO - discard - Alessio ----> 5_Picche_Blu
2025-11-03 22:10:17 - round.py - INFO - pick_up_discard - MariaGrazia ----> ['3_Fiori_Rosso', '5_Cuori_Rosso', '4_Quadri_Rosso', '5_Picche_Blu']
2025-11-03 22:10:18 - round.py - INFO - discard - MariaGrazia ----> 4_Quadri_Rosso
2025-11-03 22:10:18 - round.py - INFO - pick_up_card - Alessio ----> 6_Quadri_Blu
2025-11-03 22:10:18 - round.py - INFO - discard - Alessio ----> 6_Fiori_Blu
2025-11-03 22:10:18 - round.py - INFO - pick_up_discard - MariaGrazia ----> ['4_Quadri_Rosso', '6_Fiori_Blu']
2025-11-03 22:10:19 - player_onto_manager.py - INFO - apre_tris -  6_Quadri_Rosso -5 ----> partialScore ----> 5
2025-11-03 22:10:19 - player_onto_manager.py - INFO - apre_tris -  6_Cuori_Rosso -5 ----> partialScore ----> 10
2025-11-03 22:10:19 - player_onto_manager.py - INFO - apre_tris -  6_Fiori_Blu -5 ----> partialScore ----> 15
2025-11-03 22:10:19 - player_onto_manager.py - INFO - apre_tris - FINAL partialScore ----> 15
2025-11-03 22:10:19 - round.py - INFO - open_tris - MariaGrazia ----> [(6, 18, 'Quadri', 5), (6, 5, 'Cuori', 5), (6, 85, 'Fiori', 5)]
2025-11-03 22:10:19 - round.py - INFO - discard - MariaGrazia ----> 10_Fiori_Rosso
2025-11-03 22:10:19 - round.py - INFO - pick_up_discard - Alessio ----> ['10_Fiori_Rosso']
2025-11-03 22:10:19 - round.py - INFO - discard - Alessio ----> 6_Quadri_Blu
2025-11-03 22:10:19 - round.py - INFO - pick_up_discard - MariaGrazia ----> ['6_Quadri_Blu']
2025-11-03 22:10:20 - round.py - INFO - update_tris - MariaGrazia ----> 6 -->6_Quadri_Blu
2025-11-03 22:10:20 - round.py - INFO - discard - MariaGrazia ----> 8_Picche_Rosso
2025-11-03 22:10:20 - round.py - INFO - pick_up_discard - Alessio ----> ['8_Picche_Rosso']
2025-11-03 22:10:20 - round.py - INFO - discard - Alessio ----> 10_Cuori_Blu
2025-11-03 22:10:20 - round.py - INFO - pick_up_discard - MariaGrazia ----> ['10_Cuori_Blu']
2025-11-03 22:10:20 - round.py - INFO - discard - MariaGrazia ----> 8_Cuori_Blu
2025-11-03 22:10:20 - round.py - INFO - pick_up_card - Alessio ----> J_Fiori_Blu
2025-11-03 22:10:20 - round.py - INFO - discard - Alessio ----> J_Fiori_Blu
2025-11-03 22:10:20 - round.py - INFO - pick_up_discard - MariaGrazia ----> ['8_Cuori_Blu', 'J_Fiori_Blu']
2025-11-03 22:10:20 - round.py - INFO - discard - MariaGrazia ----> 10_Cuori_Blu
2025-11-03 22:10:20 - round.py - INFO - pick_up_card - Alessio ----> 10_Picche_Rosso
2025-11-03 22:10:20 - round.py - INFO - discard - Alessio ----> J_Quadri_Blu
2025-11-03 22:10:20 - round.py - INFO - pick_up_card - MariaGrazia ----> Jolly_Jolly_R_Rosso
2025-11-03 22:10:21 - player_onto_manager.py - INFO - apre_tris -  Jolly_Jolly_R_Rosso -30 ----> partialScore ----> 30
2025-11-03 22:10:21 - player_onto_manager.py - INFO - apre_tris -  5_Cuori_Rosso -5 ----> partialScore ----> 35
2025-11-03 22:10:21 - player_onto_manager.py - INFO - apre_tris -  5_Picche_Blu -5 ----> partialScore ----> 40
2025-11-03 22:10:21 - player_onto_manager.py - INFO - apre_tris - FINAL partialScore ----> 40
2025-11-03 22:10:21 - round.py - INFO - open_tris - MariaGrazia ----> [(-1, 53, 'Jolly', 30), (5, 4, 'Cuori', 5), (5, 97, 'Picche', 5)]
2025-11-03 22:10:21 - round.py - INFO - discard - MariaGrazia ----> 8_Cuori_Blu
2025-11-03 22:10:21 - round.py - INFO - pick_up_discard - Alessio ----> ['10_Cuori_Blu', 'J_Quadri_Blu', '8_Cuori_Blu']
2025-11-03 22:10:21 - player_onto_manager.py - INFO - apre_tris -  10_Cuori_Blu -10 ----> partialScore ----> 10
2025-11-03 22:10:21 - player_onto_manager.py - INFO - apre_tris -  10_Picche_Rosso -10 ----> partialScore ----> 20
2025-11-03 22:10:21 - player_onto_manager.py - INFO - apre_tris -  10_Fiori_Rosso -10 ----> partialScore ----> 30
2025-11-03 22:10:21 - player_onto_manager.py - INFO - apre_tris - FINAL partialScore ----> 30
2025-11-03 22:10:21 - round.py - INFO - open_tris - Alessio ----> [(10, 63, 'Cuori', 10), (10, 48, 'Picche', 10), (10, 35, 'Fiori', 10)]
2025-11-03 22:10:21 - round.py - INFO - discard - Alessio ----> J_Quadri_Blu
2025-11-03 22:10:21 - round.py - INFO - pick_up_card - MariaGrazia ----> 5_Picche_Rosso
2025-11-03 22:10:21 - round.py - INFO - update_tris - MariaGrazia ----> 5 -->5_Picche_Rosso
2025-11-03 22:10:21 - round.py - INFO - discard - MariaGrazia ----> 3_Fiori_Rosso
2025-11-03 22:10:21 - round.py - INFO - pick_up_discard - Alessio ----> ['J_Quadri_Blu', '3_Fiori_Rosso']
2025-11-03 22:10:21 - round.py - INFO - update_tris - Alessio ----> 3 -->3_Fiori_Rosso
2025-11-03 22:10:21 - round.py - INFO - discard - Alessio ----> J_Quadri_Blu
2025-11-03 22:10:21 - round.py - INFO - pick_up_card - MariaGrazia ----> 8_Cuori_Rosso
2025-11-03 22:10:21 - round.py - INFO - discard - MariaGrazia ----> J_Fiori_Blu
2025-11-03 22:10:21 - round.py - INFO - pick_up_discard - Alessio ----> ['J_Quadri_Blu', 'J_Fiori_Blu']
2025-11-03 22:10:21 - round.py - INFO - discard - Alessio ----> 8_Picche_Rosso
2025-11-03 22:10:21 - round.py - INFO - pick_up_discard - MariaGrazia ----> ['8_Picche_Rosso']
2025-11-03 22:10:21 - round.py - INFO - discard - MariaGrazia ----> 4_Quadri_Rosso
2025-11-03 22:10:21 - round.py - INFO - pick_up_card - Alessio ----> A_Fiori_Blu
2025-11-03 22:10:21 - round.py - INFO - discard - Alessio ----> J_Quadri_Blu
2025-11-03 22:10:21 - round.py - INFO - pick_up_card - MariaGrazia ----> J_Cuori_Rosso
2025-11-03 22:10:21 - round.py - INFO - discard - MariaGrazia ----> 4_Picche_Rosso
2025-11-03 22:10:21 - round.py - INFO - pick_up_card - Alessio ----> 4_Picche_Blu
2025-11-03 22:10:21 - round.py - INFO - discard - Alessio ----> A_Fiori_Blu
2025-11-03 22:10:21 - round.py - INFO - pick_up_discard - MariaGrazia ----> ['4_Quadri_Rosso', 'J_Quadri_Blu', '4_Picche_Rosso', 'A_Fiori_Blu']
2025-11-03 22:10:21 - round.py - INFO - update_tris - MariaGrazia ----> 1 -->A_Fiori_Blu
2025-11-03 22:10:21 - round.py - INFO - discard - MariaGrazia ----> 8_Picche_Rosso
2025-11-03 22:10:21 - round.py - INFO - pick_up_card - Alessio ----> 5_Quadri_Rosso
2025-11-03 22:10:22 - round.py - INFO - discard - Alessio ----> 8_Cuori_Blu
2025-11-03 22:10:22 - round.py - INFO - pick_up_card - MariaGrazia ----> 5_Fiori_Blu
2025-11-03 22:10:22 - round.py - INFO - update_tris - MariaGrazia ----> 5 -->5_Fiori_Blu
2025-11-03 22:10:22 - round.py - INFO - discard - MariaGrazia ----> J_Cuori_Rosso
2025-11-03 22:10:22 - round.py - INFO - pick_up_card - Alessio ----> 3_Fiori_Blu
2025-11-03 22:10:22 - round.py - INFO - update_tris - Alessio ----> 3 -->3_Fiori_Blu
2025-11-03 22:10:22 - round.py - INFO - discard - Alessio ----> J_Fiori_Blu
2025-11-03 22:10:22 - round.py - INFO - pick_up_card - MariaGrazia ----> A_Fiori_Rosso
2025-11-03 22:10:22 - round.py - INFO - update_tris - MariaGrazia ----> 1 -->A_Fiori_Rosso
2025-11-03 22:10:22 - round.py - INFO - discard - MariaGrazia ----> J_Quadri_Blu
2025-11-03 22:10:22 - round.py - INFO - pick_up_card - Alessio ----> 3_Cuori_Rosso
2025-11-03 22:10:22 - round.py - INFO - update_tris - Alessio ----> 3 -->3_Cuori_Rosso
2025-11-03 22:10:22 - round.py - INFO - discard - Alessio ----> 4_Picche_Blu
2025-11-03 22:10:22 - round.py - INFO - pick_up_card - MariaGrazia ----> 4_Fiori_Rosso
2025-11-03 22:10:22 - round.py - INFO - discard - MariaGrazia ----> 4_Picche_Rosso
2025-11-03 22:10:22 - round.py - INFO - pick_up_discard - Alessio ----> ['8_Picche_Rosso', '8_Cuori_Blu', 'J_Cuori_Rosso', 'J_Fiori_Blu', 'J_Quadri_Blu', '4_Picche_Blu', '4_Picche_Rosso']
2025-11-03 22:10:22 - player_onto_manager.py - INFO - apre_tris -  J_Quadri_Blu -10 ----> partialScore ----> 10
2025-11-03 22:10:22 - player_onto_manager.py - INFO - apre_tris -  J_Fiori_Blu -10 ----> partialScore ----> 20
2025-11-03 22:10:22 - player_onto_manager.py - INFO - apre_tris -  J_Cuori_Rosso -10 ----> partialScore ----> 30
2025-11-03 22:10:22 - player_onto_manager.py - INFO - apre_tris - FINAL partialScore ----> 30
2025-11-03 22:10:22 - round.py - INFO - open_tris - Alessio ----> [(11, 77, 'Quadri', 10), (11, 90, 'Fiori', 10), (11, 10, 'Cuori', 10)]
2025-11-03 22:10:22 - round.py - INFO - discard - Alessio ----> 4_Picche_Blu
2025-11-03 22:10:22 - round.py - INFO - pick_up_discard - MariaGrazia ----> ['4_Picche_Blu']
2025-11-03 22:10:22 - round.py - INFO - discard - MariaGrazia ----> 4_Fiori_Rosso
2025-11-03 22:10:22 - round.py - INFO - pick_up_card - Alessio ----> 6_Cuori_Blu
2025-11-03 22:10:22 - round.py - INFO - discard - Alessio ----> 8_Cuori_Blu
2025-11-03 22:10:22 - round.py - INFO - pick_up_discard - MariaGrazia ----> ['4_Fiori_Rosso', '8_Cuori_Blu']
2025-11-03 22:10:22 - player_onto_manager.py - INFO - apre_tris -  4_Fiori_Rosso -5 ----> partialScore ----> 5
2025-11-03 22:10:22 - player_onto_manager.py - INFO - apre_tris -  4_Picche_Blu -5 ----> partialScore ----> 10
2025-11-03 22:10:22 - player_onto_manager.py - INFO - apre_tris -  4_Quadri_Rosso -5 ----> partialScore ----> 15
2025-11-03 22:10:22 - player_onto_manager.py - INFO - apre_tris - FINAL partialScore ----> 15
2025-11-03 22:10:22 - round.py - INFO - open_tris - MariaGrazia ----> [(4, 29, 'Fiori', 5), (4, 96, 'Picche', 5), (4, 16, 'Quadri', 5)]
2025-11-03 22:10:22 - round.py - INFO - discard - MariaGrazia ----> 8_Cuori_Rosso
2025-11-03 22:10:22 - round.py - INFO - pick_up_discard - Alessio ----> ['8_Cuori_Rosso']
2025-11-03 22:10:22 - round.py - INFO - discard - Alessio ----> 6_Cuori_Blu
2025-11-03 22:10:22 - round.py - INFO - pick_up_discard - MariaGrazia ----> ['6_Cuori_Blu']
2025-11-03 22:10:23 - round.py - INFO - discard - MariaGrazia ----> 6_Cuori_Blu
2025-11-03 22:10:23 - round.py - INFO - pick_up_card - Alessio ----> A_Quadri_Rosso
2025-11-03 22:10:23 - round.py - INFO - discard - Alessio ----> 8_Cuori_Rosso
2025-11-03 22:10:23 - round.py - INFO - pick_up_discard - MariaGrazia ----> ['6_Cuori_Blu', '8_Cuori_Rosso']
2025-11-03 22:10:23 - round.py - INFO - update_tris - MariaGrazia ----> 6 -->6_Cuori_Blu
2025-11-03 22:10:23 - round.py - INFO - discard - MariaGrazia ----> 8_Cuori_Rosso
2025-11-03 22:10:23 - round.py - INFO - pick_up_discard - Alessio ----> ['8_Cuori_Rosso']
2025-11-03 22:10:23 - round.py - INFO - discard - Alessio ----> A_Quadri_Rosso
2025-11-03 22:10:23 - round.py - INFO - pick_up_card - MariaGrazia ----> 8_Quadri_Rosso
2025-11-03 22:10:23 - round.py - INFO - discard - MariaGrazia ----> 8_Cuori_Blu
2025-11-03 22:10:23 - round.py - INFO - pick_up_discard - Alessio ----> ['A_Quadri_Rosso', '8_Cuori_Blu']
2025-11-03 22:10:23 - player_onto_manager.py - INFO - apre_tris -  8_Picche_Rosso -10 ----> partialScore ----> 10
2025-11-03 22:10:23 - player_onto_manager.py - INFO - apre_tris -  8_Cuori_Rosso -10 ----> partialScore ----> 20
2025-11-03 22:10:23 - player_onto_manager.py - INFO - apre_tris -  8_Cuori_Blu -10 ----> partialScore ----> 30
2025-11-03 22:10:23 - player_onto_manager.py - INFO - apre_tris - FINAL partialScore ----> 30
2025-11-03 22:10:23 - round.py - INFO - open_tris - Alessio ----> [(8, 46, 'Picche', 10), (8, 7, 'Cuori', 10), (8, 61, 'Cuori', 10)]
2025-11-03 22:10:23 - round.py - INFO - discard - Alessio ----> 4_Picche_Rosso
2025-11-03 22:10:23 - round.py - INFO - pick_up_card - MariaGrazia ----> Q_Quadri_Blu
2025-11-03 22:10:23 - round.py - INFO - discard - MariaGrazia ----> Q_Quadri_Blu
2025-11-03 22:10:23 - round.py - INFO - pick_up_discard - Alessio ----> ['4_Picche_Rosso', 'Q_Quadri_Blu']
2025-11-03 22:10:23 - round.py - INFO - discard - Alessio ----> Q_Quadri_Blu
2025-11-03 22:10:23 - round.py - INFO - pick_up_card - MariaGrazia ----> K_Quadri_Rosso
2025-11-03 22:10:23 - round.py - INFO - discard - MariaGrazia ----> K_Quadri_Rosso
2025-11-03 22:10:23 - round.py - INFO - pick_up_card - Alessio ----> 2_Cuori_Blu
2025-11-03 22:10:23 - round.py - INFO - update_tris - Alessio ----> 3 -->2_Cuori_Blu
2025-11-03 22:10:23 - round.py - INFO - discard - Alessio ----> 5_Quadri_Rosso
2025-11-03 22:10:23 - round.py - INFO - pick_up_discard - MariaGrazia ----> ['Q_Quadri_Blu', 'K_Quadri_Rosso', '5_Quadri_Rosso']
2025-11-03 22:10:23 - round.py - INFO - update_tris - MariaGrazia ----> 13 -->K_Quadri_Rosso
2025-11-03 22:10:23 - round.py - INFO - update_tris - MariaGrazia ----> 12 -->Q_Quadri_Blu
2025-11-03 22:10:23 - round.py - INFO - discard - MariaGrazia ----> 5_Quadri_Rosso
2025-11-03 22:10:23 - round.py - INFO - pick_up_discard - Alessio ----> ['5_Quadri_Rosso']
2025-11-03 22:10:23 - round.py - INFO - discard - Alessio ----> 4_Picche_Rosso
2025-11-03 22:10:23 - round.py - INFO - pick_up_card - MariaGrazia ----> Q_Picche_Blu
2025-11-03 22:10:23 - round.py - INFO - discard - MariaGrazia ----> Q_Picche_Blu
2025-11-03 22:10:23 - round.py - INFO - pick_up_discard - Alessio ----> ['4_Picche_Rosso', 'Q_Picche_Blu']
2025-11-03 22:10:23 - round.py - INFO - discard - Alessio ----> 4_Picche_Rosso
2025-11-03 22:10:23 - round.py - INFO - pick_up_discard - MariaGrazia ----> ['4_Picche_Rosso']
2025-11-03 22:10:23 - round.py - INFO - discard - MariaGrazia ----> 4_Picche_Rosso
2025-11-03 22:10:23 - round.py - INFO - pick_up_discard - Alessio ----> ['4_Picche_Rosso']
2025-11-03 22:10:23 - round.py - INFO - discard - Alessio ----> A_Quadri_Rosso
2025-11-03 22:10:23 - round.py - INFO - pick_up_discard - MariaGrazia ----> ['A_Quadri_Rosso']
2025-11-03 22:10:23 - round.py - INFO - discard - MariaGrazia ----> 8_Quadri_Rosso
2025-11-03 22:10:23 - round.py - INFO - pick_up_card - Alessio ----> 9_Fiori_Blu
2025-11-03 22:10:23 - round.py - INFO - update_tris - Alessio ----> 9 -->9_Fiori_Blu
2025-11-03 22:10:23 - round.py - INFO - discard - Alessio ----> Q_Picche_Blu
2025-11-03 22:10:23 - round.py - INFO - pick_up_discard - MariaGrazia ----> ['8_Quadri_Rosso', 'Q_Picche_Blu']
2025-11-03 22:10:23 - round.py - INFO - update_tris - MariaGrazia ----> 1 -->A_Quadri_Rosso
2025-11-03 22:10:23 - round.py - INFO - update_tris - MariaGrazia ----> 12 -->Q_Picche_Blu
2025-11-03 22:10:23 - round.py - INFO - close_game - MariaGrazia ----> 8_Quadri_Rosso
