2025-11-03 22:10:01 - logger.py - INFO - _initialize - Logger inizializzato. File di log: logs/2025_11_03\partita_20251103_221001684862.log
2025-11-03 22:10:01 - logger.py - INFO - _initialize - ---------------------------------------------------
2025-11-03 22:10:01 - logger.py - INFO - _initialize - PARTITA ::  Partita_20251103_221001_684548
2025-11-03 22:10:01 - logger.py - INFO - _initialize - ---------------------------------------------------
2025-11-03 22:10:01 - round.py - INFO - pick_up_discard - Alessio ----> ['8_Picche_Rosso']
2025-11-03 22:10:03 - player_onto_manager.py - INFO - apre_tris -  2_Fiori_Blu -20 ----> partialScore ----> 20
2025-11-03 22:10:03 - player_onto_manager.py - INFO - apre_tris -  4_Quadri_Blu -5 ----> partialScore ----> 25
2025-11-03 22:10:03 - player_onto_manager.py - INFO - apre_tris -  4_Picche_Rosso -5 ----> partialScore ----> 30
2025-11-03 22:10:03 - player_onto_manager.py - INFO - apre_tris - FINAL partialScore ----> 30
2025-11-03 22:10:03 - round.py - INFO - open_tris - Alessio ----> [(-1, 81, 'Jolly', 20), (4, 70, 'Quadri', 5), (4, 42, 'Picche', 5)]
2025-11-03 22:10:03 - player_onto_manager.py - INFO - apre_tris -  6_Cuori_Rosso -5 ----> partialScore ----> 5
2025-11-03 22:10:03 - player_onto_manager.py - INFO - apre_tris -  6_Fiori_Rosso -5 ----> partialScore ----> 10
2025-11-03 22:10:03 - player_onto_manager.py - INFO - apre_tris -  6_Quadri_Rosso -5 ----> partialScore ----> 15
2025-11-03 22:10:03 - player_onto_manager.py - INFO - apre_tris - FINAL partialScore ----> 15
2025-11-03 22:10:03 - round.py - INFO - open_tris - Alessio ----> [(6, 5, 'Cuori', 5), (6, 31, 'Fiori', 5), (6, 18, 'Quadri', 5)]
2025-11-03 22:10:03 - round.py - INFO - discard - Alessio ----> A_Fiori_Rosso
2025-11-03 22:10:03 - round.py - INFO - pick_up_discard - MariaGrazia ----> ['A_Fiori_Rosso']
2025-11-03 22:10:05 - player_onto_manager.py - INFO - apre_tris -  2_Fiori_Rosso -20 ----> partialScore ----> 20
2025-11-03 22:10:05 - player_onto_manager.py - INFO - apre_tris -  5_Quadri_Blu -5 ----> partialScore ----> 25
2025-11-03 22:10:05 - player_onto_manager.py - INFO - apre_tris -  5_Picche_Rosso -5 ----> partialScore ----> 30
2025-11-03 22:10:05 - player_onto_manager.py - INFO - apre_tris - FINAL partialScore ----> 30
2025-11-03 22:10:05 - round.py - INFO - open_tris - MariaGrazia ----> [(-1, 27, 'Jolly', 20), (5, 71, 'Quadri', 5), (5, 43, 'Picche', 5)]
2025-11-03 22:10:05 - round.py - INFO - discard - MariaGrazia ----> J_Picche_Rosso
2025-11-03 22:10:05 - round.py - INFO - pick_up_discard - Alessio ----> ['J_Picche_Rosso']
2025-11-03 22:10:05 - round.py - INFO - discard - Alessio ----> 3_Fiori_Rosso
2025-11-03 22:10:05 - round.py - INFO - pick_up_card - MariaGrazia ----> 7_Picche_Rosso
2025-11-03 22:10:06 - round.py - INFO - discard - MariaGrazia ----> 7_Picche_Rosso
2025-11-03 22:10:06 - round.py - INFO - pick_up_discard - Alessio ----> ['3_Fiori_Rosso', '7_Picche_Rosso']
2025-11-03 22:10:06 - round.py - INFO - discard - Alessio ----> Q_Picche_Rosso
2025-11-03 22:10:06 - round.py - INFO - pick_up_card - MariaGrazia ----> 10_Picche_Blu
2025-11-03 22:10:06 - round.py - INFO - discard - MariaGrazia ----> 10_Picche_Blu
2025-11-03 22:10:06 - round.py - INFO - pick_up_card - Alessio ----> 4_Cuori_Rosso
2025-11-03 22:10:06 - round.py - INFO - discard - Alessio ----> 3_Fiori_Rosso
2025-11-03 22:10:06 - round.py - INFO - pick_up_discard - MariaGrazia ----> ['Q_Picche_Rosso', '10_Picche_Blu', '3_Fiori_Rosso']
2025-11-03 22:10:07 - player_onto_manager.py - INFO - apre_tris -  3_Fiori_Rosso -5 ----> partialScore ----> 5
2025-11-03 22:10:07 - player_onto_manager.py - INFO - apre_tris -  3_Fiori_Blu -5 ----> partialScore ----> 10
2025-11-03 22:10:07 - player_onto_manager.py - INFO - apre_tris -  3_Picche_Rosso -5 ----> partialScore ----> 15
2025-11-03 22:10:07 - player_onto_manager.py - INFO - apre_tris - FINAL partialScore ----> 15
2025-11-03 22:10:07 - round.py - INFO - open_tris - MariaGrazia ----> [(3, 28, 'Fiori', 5), (3, 82, 'Fiori', 5), (3, 41, 'Picche', 5)]
2025-11-03 22:10:08 - round.py - INFO - discard - MariaGrazia ----> K_Fiori_Blu
2025-11-03 22:10:08 - round.py - INFO - pick_up_card - Alessio ----> Q_Quadri_Blu
2025-11-03 22:10:08 - round.py - INFO - discard - Alessio ----> J_Picche_Rosso
2025-11-03 22:10:08 - round.py - INFO - pick_up_card - MariaGrazia ----> 2_Quadri_Rosso
2025-11-03 22:10:08 - player_onto_manager.py - INFO - apre_tris -  2_Quadri_Rosso -20 ----> partialScore ----> 20
2025-11-03 22:10:08 - player_onto_manager.py - INFO - apre_tris -  A_Fiori_Rosso -15 ----> partialScore ----> 35
2025-11-03 22:10:08 - player_onto_manager.py - INFO - apre_tris -  A_Picche_Blu -15 ----> partialScore ----> 50
2025-11-03 22:10:08 - player_onto_manager.py - INFO - apre_tris - FINAL partialScore ----> 50
2025-11-03 22:10:08 - round.py - INFO - open_tris - MariaGrazia ----> [(-1, 14, 'Jolly', 20), (1, 26, 'Fiori', 15), (1, 93, 'Picche', 15)]
2025-11-03 22:10:08 - round.py - INFO - discard - MariaGrazia ----> Q_Picche_Rosso
2025-11-03 22:10:08 - round.py - INFO - pick_up_card - Alessio ----> 6_Fiori_Blu
2025-11-03 22:10:08 - round.py - INFO - update_tris - Alessio ----> 6 -->6_Fiori_Blu
2025-11-03 22:10:08 - round.py - INFO - discard - Alessio ----> A_Quadri_Rosso
2025-11-03 22:10:08 - round.py - INFO - pick_up_card - MariaGrazia ----> 2_Picche_Rosso
2025-11-03 22:10:08 - player_onto_manager.py - INFO - apre_tris -  2_Picche_Rosso -20 ----> partialScore ----> 20
2025-11-03 22:10:08 - player_onto_manager.py - INFO - apre_tris -  10_Fiori_Blu -10 ----> partialScore ----> 30
2025-11-03 22:10:08 - player_onto_manager.py - INFO - apre_tris -  10_Picche_Blu -10 ----> partialScore ----> 40
2025-11-03 22:10:08 - player_onto_manager.py - INFO - apre_tris - FINAL partialScore ----> 40
2025-11-03 22:10:08 - round.py - INFO - open_tris - MariaGrazia ----> [(-1, 40, 'Jolly', 20), (10, 89, 'Fiori', 10), (10, 102, 'Picche', 10)]
2025-11-03 22:10:09 - round.py - INFO - discard - MariaGrazia ----> 9_Fiori_Rosso
2025-11-03 22:10:09 - round.py - INFO - pick_up_discard - Alessio ----> ['K_Fiori_Blu', 'J_Picche_Rosso', 'Q_Picche_Rosso', 'A_Quadri_Rosso', '9_Fiori_Rosso']
2025-11-03 22:10:09 - round.py - INFO - discard - Alessio ----> 4_Cuori_Rosso
2025-11-03 22:10:09 - round.py - INFO - pick_up_card - MariaGrazia ----> Q_Fiori_Blu
2025-11-03 22:10:09 - round.py - INFO - discard - MariaGrazia ----> Q_Fiori_Blu
2025-11-03 22:10:09 - round.py - INFO - pick_up_discard - Alessio ----> ['4_Cuori_Rosso', 'Q_Fiori_Blu']
2025-11-03 22:10:10 - player_onto_manager.py - INFO - apre_tris -  Q_Picche_Rosso -10 ----> partialScore ----> 10
2025-11-03 22:10:10 - player_onto_manager.py - INFO - apre_tris -  Q_Quadri_Blu -10 ----> partialScore ----> 20
2025-11-03 22:10:10 - player_onto_manager.py - INFO - apre_tris -  Q_Fiori_Blu -10 ----> partialScore ----> 30
2025-11-03 22:10:10 - player_onto_manager.py - INFO - apre_tris - FINAL partialScore ----> 30
2025-11-03 22:10:10 - round.py - INFO - open_tris - Alessio ----> [(12, 50, 'Picche', 10), (12, 78, 'Quadri', 10), (12, 91, 'Fiori', 10)]
2025-11-03 22:10:10 - round.py - INFO - discard - Alessio ----> A_Quadri_Rosso
2025-11-03 22:10:10 - round.py - INFO - pick_up_discard - MariaGrazia ----> ['A_Quadri_Rosso']
2025-11-03 22:10:10 - round.py - INFO - discard - MariaGrazia ----> A_Quadri_Rosso
2025-11-03 22:10:10 - round.py - INFO - pick_up_card - Alessio ----> K_Quadri_Rosso
2025-11-03 22:10:11 - round.py - INFO - discard - Alessio ----> 9_Fiori_Rosso
2025-11-03 22:10:11 - round.py - INFO - pick_up_card - MariaGrazia ----> 5_Cuori_Rosso
2025-11-03 22:10:11 - round.py - INFO - discard - MariaGrazia ----> K_Cuori_Blu
2025-11-03 22:10:11 - round.py - INFO - pick_up_card - Alessio ----> 2_Quadri_Blu
2025-11-03 22:10:11 - player_onto_manager.py - INFO - apre_tris -  2_Quadri_Blu -20 ----> partialScore ----> 20
2025-11-03 22:10:11 - player_onto_manager.py - INFO - apre_tris -  K_Fiori_Blu -10 ----> partialScore ----> 30
2025-11-03 22:10:11 - player_onto_manager.py - INFO - apre_tris -  K_Quadri_Rosso -10 ----> partialScore ----> 40
2025-11-03 22:10:11 - player_onto_manager.py - INFO - apre_tris - FINAL partialScore ----> 40
2025-11-03 22:10:11 - round.py - INFO - open_tris - Alessio ----> [(-1, 68, 'Jolly', 20), (13, 92, 'Fiori', 10), (13, 25, 'Quadri', 10)]
2025-11-03 22:10:11 - round.py - INFO - discard - Alessio ----> 4_Cuori_Rosso
2025-11-03 22:10:11 - round.py - INFO - pick_up_discard - MariaGrazia ----> ['A_Quadri_Rosso', '9_Fiori_Rosso', 'K_Cuori_Blu', '4_Cuori_Rosso']
2025-11-03 22:10:11 - round.py - INFO - discard - MariaGrazia ----> A_Quadri_Rosso
2025-11-03 22:10:11 - round.py - INFO - pick_up_card - Alessio ----> 7_Quadri_Blu
2025-11-03 22:10:11 - round.py - INFO - discard - Alessio ----> J_Picche_Rosso
2025-11-03 22:10:11 - round.py - INFO - pick_up_card - MariaGrazia ----> J_Fiori_Rosso
2025-11-03 22:10:11 - round.py - INFO - discard - MariaGrazia ----> 5_Cuori_Rosso
2025-11-03 22:10:11 - round.py - INFO - pick_up_discard - Alessio ----> ['A_Quadri_Rosso', 'J_Picche_Rosso', '5_Cuori_Rosso']
2025-11-03 22:10:11 - round.py - INFO - discard - Alessio ----> A_Quadri_Rosso
2025-11-03 22:10:11 - round.py - INFO - pick_up_card - MariaGrazia ----> 6_Picche_Rosso
2025-11-03 22:10:12 - round.py - INFO - discard - MariaGrazia ----> 9_Fiori_Rosso
2025-11-03 22:10:12 - round.py - INFO - pick_up_discard - Alessio ----> ['A_Quadri_Rosso', '9_Fiori_Rosso']
2025-11-03 22:10:12 - round.py - INFO - discard - Alessio ----> 9_Fiori_Rosso
2025-11-03 22:10:12 - round.py - INFO - pick_up_card - MariaGrazia ----> 5_Fiori_Rosso
2025-11-03 22:10:12 - round.py - INFO - discard - MariaGrazia ----> K_Cuori_Blu
2025-11-03 22:10:12 - round.py - INFO - pick_up_card - Alessio ----> 9_Quadri_Blu
2025-11-03 22:10:12 - round.py - INFO - open_meld - Alessio ----> [(7, 73, 'Quadri', 5), (8, 20, 'Quadri', 10), (9, 75, 'Quadri', 10)]
2025-11-03 22:10:12 - round.py - INFO - discard - Alessio ----> 8_Picche_Rosso
2025-11-03 22:10:12 - round.py - INFO - pick_up_discard - MariaGrazia ----> ['9_Fiori_Rosso', 'K_Cuori_Blu', '8_Picche_Rosso']
2025-11-03 22:10:12 - round.py - INFO - discard - MariaGrazia ----> J_Fiori_Rosso
2025-11-03 22:10:12 - round.py - INFO - pick_up_card - Alessio ----> J_Cuori_Rosso
2025-11-03 22:10:12 - round.py - INFO - discard - Alessio ----> A_Quadri_Rosso
2025-11-03 22:10:12 - round.py - INFO - pick_up_card - MariaGrazia ----> 7_Cuori_Blu
2025-11-03 22:10:13 - round.py - INFO - discard - MariaGrazia ----> 6_Picche_Rosso
2025-11-03 22:10:13 - round.py - INFO - pick_up_card - Alessio ----> 7_Fiori_Blu
2025-11-03 22:10:13 - round.py - INFO - discard - Alessio ----> 5_Cuori_Rosso
2025-11-03 22:10:13 - round.py - INFO - pick_up_card - MariaGrazia ----> 2_Cuori_Rosso
2025-11-03 22:10:13 - round.py - INFO - update_tris - MariaGrazia ----> 3 -->2_Cuori_Rosso
2025-11-03 22:10:13 - round.py - INFO - discard - MariaGrazia ----> 4_Cuori_Rosso
2025-11-03 22:10:13 - round.py - INFO - pick_up_card - Alessio ----> 8_Cuori_Blu
2025-11-03 22:10:13 - round.py - INFO - discard - Alessio ----> 8_Cuori_Blu
2025-11-03 22:10:13 - round.py - INFO - pick_up_discard - MariaGrazia ----> ['J_Fiori_Rosso', 'A_Quadri_Rosso', '6_Picche_Rosso', '5_Cuori_Rosso', '4_Cuori_Rosso', '8_Cuori_Blu']
2025-11-03 22:10:14 - round.py - INFO - discard - MariaGrazia ----> 5_Cuori_Rosso
2025-11-03 22:10:14 - round.py - INFO - pick_up_card - Alessio ----> 9_Cuori_Blu
2025-11-03 22:10:14 - round.py - INFO - discard - Alessio ----> J_Cuori_Rosso
2025-11-03 22:10:14 - round.py - INFO - pick_up_card - MariaGrazia ----> 4_Cuori_Blu
2025-11-03 22:10:15 - round.py - INFO - discard - MariaGrazia ----> A_Quadri_Rosso
2025-11-03 22:10:15 - round.py - INFO - pick_up_card - Alessio ----> 2_Picche_Blu
2025-11-03 22:10:15 - player_onto_manager.py - INFO - apre_tris -  2_Picche_Blu -20 ----> partialScore ----> 20
2025-11-03 22:10:15 - player_onto_manager.py - INFO - apre_tris -  7_Picche_Rosso -5 ----> partialScore ----> 25
2025-11-03 22:10:15 - player_onto_manager.py - INFO - apre_tris -  7_Fiori_Blu -5 ----> partialScore ----> 30
2025-11-03 22:10:15 - player_onto_manager.py - INFO - apre_tris - FINAL partialScore ----> 30
2025-11-03 22:10:15 - round.py - INFO - open_tris - Alessio ----> [(-1, 94, 'Jolly', 20), (7, 45, 'Picche', 5), (7, 86, 'Fiori', 5)]
2025-11-03 22:10:15 - round.py - INFO - discard - Alessio ----> 9_Cuori_Blu
2025-11-03 22:10:15 - round.py - INFO - pick_up_discard - MariaGrazia ----> ['5_Cuori_Rosso', 'J_Cuori_Rosso', 'A_Quadri_Rosso', '9_Cuori_Blu']
2025-11-03 22:10:18 - round.py - INFO - open_meld - MariaGrazia ----> [(7, 60, 'Cuori', 5), (8, 61, 'Cuori', 10), (9, 62, 'Cuori', 10)]
2025-11-03 22:10:19 - round.py - INFO - discard - MariaGrazia ----> 5_Cuori_Rosso
2025-11-03 22:10:19 - round.py - INFO - pick_up_discard - Alessio ----> ['5_Cuori_Rosso']
2025-11-03 22:10:19 - round.py - INFO - discard - Alessio ----> 5_Cuori_Rosso
2025-11-03 22:10:19 - round.py - INFO - pick_up_card - MariaGrazia ----> A_Cuori_Rosso
2025-11-03 22:10:20 - round.py - INFO - discard - MariaGrazia ----> 4_Cuori_Rosso
2025-11-03 22:10:20 - round.py - INFO - pick_up_discard - Alessio ----> ['5_Cuori_Rosso', '4_Cuori_Rosso']
2025-11-03 22:10:20 - round.py - INFO - discard - Alessio ----> 4_Cuori_Rosso
2025-11-03 22:10:20 - round.py - INFO - pick_up_card - MariaGrazia ----> K_Quadri_Blu
2025-11-03 22:10:21 - round.py - INFO - discard - MariaGrazia ----> 5_Fiori_Rosso
2025-11-03 22:10:21 - round.py - INFO - pick_up_card - Alessio ----> 8_Picche_Blu
2025-11-03 22:10:21 - round.py - INFO - discard - Alessio ----> J_Picche_Rosso
2025-11-03 22:10:21 - round.py - INFO - pick_up_card - MariaGrazia ----> 9_Picche_Blu
2025-11-03 22:10:22 - round.py - INFO - discard - MariaGrazia ----> J_Cuori_Rosso
2025-11-03 22:10:22 - round.py - INFO - pick_up_discard - Alessio ----> ['4_Cuori_Rosso', '5_Fiori_Rosso', 'J_Picche_Rosso', 'J_Cuori_Rosso']
2025-11-03 22:10:22 - round.py - INFO - discard - Alessio ----> 8_Picche_Blu
2025-11-03 22:10:22 - round.py - INFO - pick_up_discard - MariaGrazia ----> ['8_Picche_Blu']
2025-11-03 22:10:23 - round.py - INFO - discard - MariaGrazia ----> K_Quadri_Blu
2025-11-03 22:10:23 - round.py - INFO - pick_up_card - Alessio ----> 8_Quadri_Blu
2025-11-03 22:10:23 - round.py - INFO - discard - Alessio ----> 8_Quadri_Blu
2025-11-03 22:10:23 - round.py - INFO - pick_up_discard - MariaGrazia ----> ['K_Quadri_Blu', '8_Quadri_Blu']
2025-11-03 22:10:24 - player_onto_manager.py - INFO - apre_tris -  8_Quadri_Blu -10 ----> partialScore ----> 10
2025-11-03 22:10:24 - player_onto_manager.py - INFO - apre_tris -  8_Picche_Rosso -10 ----> partialScore ----> 20
2025-11-03 22:10:24 - player_onto_manager.py - INFO - apre_tris -  8_Picche_Blu -10 ----> partialScore ----> 30
2025-11-03 22:10:24 - player_onto_manager.py - INFO - apre_tris - FINAL partialScore ----> 30
2025-11-03 22:10:24 - round.py - INFO - open_tris - MariaGrazia ----> [(8, 74, 'Quadri', 10), (8, 46, 'Picche', 10), (8, 100, 'Picche', 10)]
2025-11-03 22:10:25 - round.py - INFO - discard - MariaGrazia ----> K_Cuori_Blu
2025-11-03 22:10:25 - round.py - INFO - pick_up_card - Alessio ----> 4_Quadri_Rosso
2025-11-03 22:10:25 - round.py - INFO - discard - Alessio ----> 4_Quadri_Rosso
2025-11-03 22:10:25 - round.py - INFO - pick_up_card - MariaGrazia ----> 7_Quadri_Rosso
2025-11-03 22:10:25 - round.py - INFO - discard - MariaGrazia ----> A_Cuori_Rosso
2025-11-03 22:10:25 - round.py - INFO - pick_up_card - Alessio ----> 9_Quadri_Rosso
2025-11-03 22:10:25 - round.py - INFO - discard - Alessio ----> 5_Fiori_Rosso
2025-11-03 22:10:25 - round.py - INFO - pick_up_discard - MariaGrazia ----> ['K_Cuori_Blu', '4_Quadri_Rosso', 'A_Cuori_Rosso', '5_Fiori_Rosso']
2025-11-03 22:10:27 - round.py - INFO - discard - MariaGrazia ----> 4_Cuori_Blu
2025-11-03 22:10:27 - round.py - INFO - pick_up_discard - Alessio ----> ['4_Cuori_Blu']
2025-11-03 22:10:27 - round.py - INFO - discard - Alessio ----> 5_Cuori_Rosso
2025-11-03 22:10:27 - round.py - INFO - pick_up_card - MariaGrazia ----> J_Fiori_Blu
2025-11-03 22:10:28 - round.py - INFO - discard - MariaGrazia ----> 6_Picche_Rosso
2025-11-03 22:10:28 - round.py - INFO - pick_up_card - Alessio ----> A_Fiori_Blu
2025-11-03 22:10:28 - round.py - INFO - discard - Alessio ----> 9_Quadri_Rosso
2025-11-03 22:10:28 - round.py - INFO - pick_up_discard - MariaGrazia ----> ['5_Cuori_Rosso', '6_Picche_Rosso', '9_Quadri_Rosso']
2025-11-03 22:10:30 - player_onto_manager.py - INFO - apre_tris -  9_Quadri_Rosso -10 ----> partialScore ----> 10
2025-11-03 22:10:30 - player_onto_manager.py - INFO - apre_tris -  9_Picche_Blu -10 ----> partialScore ----> 20
2025-11-03 22:10:30 - player_onto_manager.py - INFO - apre_tris -  9_Fiori_Rosso -10 ----> partialScore ----> 30
2025-11-03 22:10:30 - player_onto_manager.py - INFO - apre_tris - FINAL partialScore ----> 30
2025-11-03 22:10:30 - round.py - INFO - open_tris - MariaGrazia ----> [(9, 21, 'Quadri', 10), (9, 101, 'Picche', 10), (9, 34, 'Fiori', 10)]
2025-11-03 22:10:31 - round.py - INFO - discard - MariaGrazia ----> 7_Quadri_Rosso
2025-11-03 22:10:31 - round.py - INFO - pick_up_discard - Alessio ----> ['7_Quadri_Rosso']
2025-11-03 22:10:31 - round.py - INFO - discard - Alessio ----> J_Cuori_Rosso
2025-11-03 22:10:31 - round.py - INFO - pick_up_discard - MariaGrazia ----> ['J_Cuori_Rosso']
2025-11-03 22:10:32 - player_onto_manager.py - INFO - apre_tris -  J_Fiori_Blu -10 ----> partialScore ----> 10
2025-11-03 22:10:32 - player_onto_manager.py - INFO - apre_tris -  J_Fiori_Rosso -10 ----> partialScore ----> 20
2025-11-03 22:10:32 - player_onto_manager.py - INFO - apre_tris -  J_Cuori_Rosso -10 ----> partialScore ----> 30
2025-11-03 22:10:32 - player_onto_manager.py - INFO - apre_tris - FINAL partialScore ----> 30
2025-11-03 22:10:32 - round.py - INFO - open_tris - MariaGrazia ----> [(11, 90, 'Fiori', 10), (11, 36, 'Fiori', 10), (11, 10, 'Cuori', 10)]
2025-11-03 22:10:32 - round.py - INFO - discard - MariaGrazia ----> K_Quadri_Blu
2025-11-03 22:10:32 - round.py - INFO - pick_up_card - Alessio ----> Jolly_Jolly_R_Rosso
2025-11-03 22:10:33 - player_onto_manager.py - INFO - apre_tris -  Jolly_Jolly_R_Rosso -30 ----> partialScore ----> 30
2025-11-03 22:10:33 - player_onto_manager.py - INFO - apre_tris -  4_Cuori_Rosso -5 ----> partialScore ----> 35
2025-11-03 22:10:33 - player_onto_manager.py - INFO - apre_tris -  4_Cuori_Blu -5 ----> partialScore ----> 40
2025-11-03 22:10:33 - player_onto_manager.py - INFO - apre_tris - FINAL partialScore ----> 40
2025-11-03 22:10:33 - round.py - INFO - open_tris - Alessio ----> [(-1, 53, 'Jolly', 30), (4, 3, 'Cuori', 5), (4, 57, 'Cuori', 5)]
2025-11-03 22:10:33 - round.py - INFO - discard - Alessio ----> 7_Quadri_Rosso
2025-11-03 22:10:33 - round.py - INFO - pick_up_discard - MariaGrazia ----> ['K_Quadri_Blu', '7_Quadri_Rosso']
2025-11-03 22:10:33 - round.py - INFO - discard - MariaGrazia ----> A_Quadri_Rosso
2025-11-03 22:10:33 - round.py - INFO - pick_up_discard - Alessio ----> ['A_Quadri_Rosso']
2025-11-03 22:10:33 - round.py - INFO - discard - Alessio ----> A_Fiori_Blu
2025-11-03 22:10:33 - round.py - INFO - pick_up_card - MariaGrazia ----> 4_Fiori_Blu
2025-11-03 22:10:33 - round.py - INFO - discard - MariaGrazia ----> A_Cuori_Rosso
2025-11-03 22:10:33 - round.py - INFO - pick_up_card - Alessio ----> 4_Picche_Blu
2025-11-03 22:10:33 - round.py - INFO - update_tris - Alessio ----> 4 -->4_Picche_Blu
2025-11-03 22:10:33 - round.py - INFO - discard - Alessio ----> A_Quadri_Rosso
2025-11-03 22:10:33 - round.py - INFO - pick_up_discard - MariaGrazia ----> ['A_Fiori_Blu', 'A_Cuori_Rosso', 'A_Quadri_Rosso']
2025-11-03 22:10:34 - player_onto_manager.py - INFO - apre_tris -  A_Cuori_Rosso -15 ----> partialScore ----> 15
2025-11-03 22:10:34 - player_onto_manager.py - INFO - apre_tris -  A_Fiori_Blu -15 ----> partialScore ----> 30
2025-11-03 22:10:34 - player_onto_manager.py - INFO - apre_tris -  A_Quadri_Rosso -15 ----> partialScore ----> 45
2025-11-03 22:10:34 - player_onto_manager.py - INFO - apre_tris - FINAL partialScore ----> 45
2025-11-03 22:10:34 - round.py - INFO - open_tris - MariaGrazia ----> [(1, 0, 'Cuori', 15), (1, 80, 'Fiori', 15), (1, 13, 'Quadri', 15)]
2025-11-03 22:10:34 - round.py - INFO - discard - MariaGrazia ----> 6_Picche_Rosso
2025-11-03 22:10:34 - round.py - INFO - pick_up_card - Alessio ----> K_Cuori_Rosso
2025-11-03 22:10:34 - round.py - INFO - discard - Alessio ----> J_Picche_Rosso
2025-11-03 22:10:34 - round.py - INFO - pick_up_discard - MariaGrazia ----> ['6_Picche_Rosso', 'J_Picche_Rosso']
2025-11-03 22:10:35 - round.py - INFO - update_tris - MariaGrazia ----> 11 -->J_Picche_Rosso
2025-11-03 22:10:35 - round.py - INFO - discard - MariaGrazia ----> 7_Quadri_Rosso
2025-11-03 22:10:35 - round.py - INFO - pick_up_discard - Alessio ----> ['7_Quadri_Rosso']
2025-11-03 22:10:35 - round.py - INFO - discard - Alessio ----> K_Cuori_Rosso
2025-11-03 22:10:35 - round.py - INFO - pick_up_card - MariaGrazia ----> 9_Picche_Rosso
2025-11-03 22:10:35 - round.py - INFO - update_tris - MariaGrazia ----> 9 -->9_Picche_Rosso
2025-11-03 22:10:35 - round.py - INFO - discard - MariaGrazia ----> K_Quadri_Blu
2025-11-03 22:10:35 - round.py - INFO - pick_up_card - Alessio ----> A_Cuori_Blu
2025-11-03 22:10:35 - round.py - INFO - discard - Alessio ----> 7_Quadri_Rosso
2025-11-03 22:10:35 - round.py - INFO - pick_up_card - MariaGrazia ----> J_Quadri_Rosso
2025-11-03 22:10:36 - round.py - INFO - update_tris - MariaGrazia ----> 11 -->J_Quadri_Rosso
2025-11-03 22:10:36 - round.py - INFO - discard - MariaGrazia ----> K_Cuori_Blu
2025-11-03 22:10:36 - round.py - INFO - pick_up_card - Alessio ----> 10_Cuori_Rosso
2025-11-03 22:10:36 - round.py - INFO - discard - Alessio ----> 10_Cuori_Rosso
2025-11-03 22:10:36 - round.py - INFO - pick_up_card - MariaGrazia ----> 10_Cuori_Blu
2025-11-03 22:10:36 - round.py - INFO - discard - MariaGrazia ----> 4_Fiori_Blu
2025-11-03 22:10:36 - round.py - INFO - pick_up_discard - Alessio ----> ['K_Cuori_Rosso', 'K_Quadri_Blu', '7_Quadri_Rosso', 'K_Cuori_Blu', '10_Cuori_Rosso', '4_Fiori_Blu']
2025-11-03 22:10:36 - player_onto_manager.py - INFO - apre_tris -  K_Cuori_Rosso -10 ----> partialScore ----> 10
2025-11-03 22:10:36 - player_onto_manager.py - INFO - apre_tris -  K_Cuori_Blu -10 ----> partialScore ----> 20
2025-11-03 22:10:36 - player_onto_manager.py - INFO - apre_tris -  K_Quadri_Blu -10 ----> partialScore ----> 30
2025-11-03 22:10:36 - player_onto_manager.py - INFO - apre_tris - FINAL partialScore ----> 30
2025-11-03 22:10:36 - round.py - INFO - open_tris - Alessio ----> [(13, 12, 'Cuori', 10), (13, 66, 'Cuori', 10), (13, 79, 'Quadri', 10)]
2025-11-03 22:10:36 - round.py - INFO - update_tris - Alessio ----> 4 -->4_Fiori_Blu
2025-11-03 22:10:36 - round.py - INFO - discard - Alessio ----> 10_Cuori_Rosso
2025-11-03 22:10:36 - round.py - INFO - pick_up_card - MariaGrazia ----> 7_Cuori_Rosso
2025-11-03 22:10:36 - round.py - INFO - discard - MariaGrazia ----> 7_Cuori_Rosso
2025-11-03 22:10:36 - round.py - INFO - pick_up_card - Alessio ----> 7_Picche_Blu
2025-11-03 22:10:36 - round.py - INFO - discard - Alessio ----> A_Cuori_Blu
2025-11-03 22:10:36 - round.py - INFO - pick_up_discard - MariaGrazia ----> ['10_Cuori_Rosso', '7_Cuori_Rosso', 'A_Cuori_Blu']
2025-11-03 22:10:36 - round.py - INFO - update_tris - MariaGrazia ----> 1 -->A_Cuori_Blu
2025-11-03 22:10:36 - round.py - INFO - discard - MariaGrazia ----> 10_Cuori_Rosso
2025-11-03 22:10:36 - round.py - INFO - pick_up_discard - Alessio ----> ['10_Cuori_Rosso']
2025-11-03 22:10:37 - round.py - INFO - discard - Alessio ----> 7_Picche_Blu
2025-11-03 22:10:37 - round.py - INFO - pick_up_discard - MariaGrazia ----> ['7_Picche_Blu']
2025-11-03 22:10:37 - round.py - INFO - discard - MariaGrazia ----> 7_Picche_Blu
2025-11-03 22:10:37 - round.py - INFO - pick_up_discard - Alessio ----> ['7_Picche_Blu']
2025-11-03 22:10:37 - round.py - INFO - discard - Alessio ----> 10_Cuori_Rosso
2025-11-03 22:10:37 - round.py - INFO - pick_up_discard - MariaGrazia ----> ['10_Cuori_Rosso']
2025-11-03 22:10:37 - round.py - INFO - discard - MariaGrazia ----> 6_Picche_Rosso
2025-11-03 22:10:37 - round.py - INFO - pick_up_card - Alessio ----> Q_Quadri_Rosso
2025-11-03 22:10:37 - round.py - INFO - update_tris - Alessio ----> 12 -->Q_Quadri_Rosso
2025-11-03 22:10:37 - round.py - INFO - discard - Alessio ----> 7_Quadri_Rosso
2025-11-03 22:10:37 - round.py - INFO - pick_up_discard - MariaGrazia ----> ['6_Picche_Rosso', '7_Quadri_Rosso']
2025-11-03 22:10:37 - round.py - INFO - discard - MariaGrazia ----> 5_Fiori_Rosso
2025-11-03 22:10:37 - round.py - INFO - pick_up_card - Alessio ----> J_Picche_Blu
2025-11-03 22:10:37 - round.py - INFO - discard - Alessio ----> J_Picche_Blu
2025-11-03 22:10:37 - round.py - INFO - pick_up_discard - MariaGrazia ----> ['5_Fiori_Rosso', 'J_Picche_Blu']
2025-11-03 22:10:37 - round.py - INFO - update_tris - MariaGrazia ----> 11 -->J_Picche_Blu
2025-11-03 22:10:38 - round.py - INFO - discard - MariaGrazia ----> 7_Cuori_Rosso
2025-11-03 22:10:38 - round.py - INFO - pick_up_card - Alessio ----> A_Quadri_Blu
2025-11-03 22:10:38 - round.py - INFO - discard - Alessio ----> A_Quadri_Blu
2025-11-03 22:10:38 - round.py - INFO - pick_up_card - MariaGrazia ----> 6_Quadri_Blu
2025-11-03 22:10:38 - round.py - INFO - discard - MariaGrazia ----> 7_Quadri_Rosso
2025-11-03 22:10:38 - round.py - INFO - pick_up_card - Alessio ----> 9_Fiori_Blu
2025-11-03 22:10:38 - round.py - INFO - discard - Alessio ----> 7_Picche_Blu
2025-11-03 22:10:38 - round.py - INFO - pick_up_discard - MariaGrazia ----> ['7_Cuori_Rosso', 'A_Quadri_Blu', '7_Quadri_Rosso', '7_Picche_Blu']
2025-11-03 22:10:39 - round.py - INFO - update_tris - MariaGrazia ----> 1 -->A_Quadri_Blu
2025-11-03 22:10:39 - player_onto_manager.py - INFO - apre_tris -  7_Quadri_Rosso -5 ----> partialScore ----> 5
2025-11-03 22:10:39 - player_onto_manager.py - INFO - apre_tris -  7_Picche_Blu -5 ----> partialScore ----> 10
2025-11-03 22:10:39 - player_onto_manager.py - INFO - apre_tris -  7_Cuori_Rosso -5 ----> partialScore ----> 15
2025-11-03 22:10:39 - player_onto_manager.py - INFO - apre_tris - FINAL partialScore ----> 15
2025-11-03 22:10:39 - round.py - INFO - open_tris - MariaGrazia ----> [(7, 19, 'Quadri', 5), (7, 99, 'Picche', 5), (7, 6, 'Cuori', 5)]
2025-11-03 22:10:39 - round.py - INFO - discard - MariaGrazia ----> 6_Quadri_Blu
2025-11-03 22:10:39 - round.py - INFO - pick_up_discard - Alessio ----> ['6_Quadri_Blu']
2025-11-03 22:10:39 - round.py - INFO - discard - Alessio ----> 6_Quadri_Blu
2025-11-03 22:10:39 - round.py - INFO - pick_up_discard - MariaGrazia ----> ['6_Quadri_Blu']
2025-11-03 22:10:40 - round.py - INFO - discard - MariaGrazia ----> 6_Quadri_Blu
2025-11-03 22:10:40 - round.py - INFO - pick_up_discard - Alessio ----> ['6_Quadri_Blu']
2025-11-03 22:10:40 - round.py - INFO - discard - Alessio ----> 6_Quadri_Blu
2025-11-03 22:10:40 - round.py - INFO - pick_up_card - MariaGrazia ----> 9_Cuori_Rosso
2025-11-03 22:10:40 - round.py - INFO - update_tris - MariaGrazia ----> 9 -->9_Cuori_Rosso
2025-11-03 22:10:40 - round.py - INFO - discard - MariaGrazia ----> 5_Fiori_Rosso
2025-11-03 22:10:40 - round.py - INFO - pick_up_discard - Alessio ----> ['6_Quadri_Blu', '5_Fiori_Rosso']
2025-11-03 22:10:40 - round.py - INFO - update_tris - Alessio ----> 6 -->6_Quadri_Blu
2025-11-03 22:10:40 - round.py - INFO - discard - Alessio ----> 5_Fiori_Rosso
2025-11-03 22:10:40 - round.py - INFO - pick_up_card - MariaGrazia ----> J_Quadri_Blu
2025-11-03 22:10:40 - round.py - INFO - update_tris - MariaGrazia ----> 11 -->J_Quadri_Blu
2025-11-03 22:10:40 - round.py - INFO - discard - MariaGrazia ----> 6_Picche_Rosso
2025-11-03 22:10:40 - round.py - INFO - pick_up_discard - Alessio ----> ['5_Fiori_Rosso', '6_Picche_Rosso']
2025-11-03 22:10:40 - round.py - INFO - update_tris - Alessio ----> 6 -->6_Picche_Rosso
2025-11-03 22:10:40 - round.py - INFO - discard - Alessio ----> 5_Fiori_Rosso
2025-11-03 22:10:40 - round.py - INFO - pick_up_discard - MariaGrazia ----> ['5_Fiori_Rosso']
2025-11-03 22:10:40 - round.py - INFO - discard - MariaGrazia ----> 5_Cuori_Rosso
2025-11-03 22:10:40 - round.py - INFO - pick_up_discard - Alessio ----> ['5_Cuori_Rosso']
2025-11-03 22:10:40 - round.py - INFO - discard - Alessio ----> 9_Fiori_Blu
2025-11-03 22:10:40 - round.py - INFO - pick_up_card - MariaGrazia ----> 8_Fiori_Blu
2025-11-03 22:10:40 - round.py - INFO - update_meld - MariaGrazia ----> Scala_0_Giocatore1 --> 10_Cuori_Blu
2025-11-03 22:10:40 - round.py - INFO - update_tris - MariaGrazia ----> 8 -->8_Fiori_Blu
2025-11-03 22:10:40 - round.py - INFO - discard - MariaGrazia ----> 10_Cuori_Rosso
2025-11-03 22:10:40 - round.py - INFO - pick_up_card - Alessio ----> 10_Quadri_Rosso
2025-11-03 22:10:40 - round.py - INFO - discard - Alessio ----> 5_Cuori_Rosso
2025-11-03 22:10:40 - round.py - INFO - pick_up_card - MariaGrazia ----> Q_Cuori_Blu
2025-11-03 22:10:40 - round.py - INFO - discard - MariaGrazia ----> Q_Cuori_Blu
2025-11-03 22:10:40 - round.py - INFO - pick_up_card - Alessio ----> 6_Picche_Blu
2025-11-03 22:10:40 - round.py - INFO - discard - Alessio ----> 10_Quadri_Rosso
2025-11-03 22:10:40 - round.py - INFO - pick_up_card - MariaGrazia ----> A_Picche_Rosso
2025-11-03 22:10:40 - round.py - INFO - update_tris - MariaGrazia ----> 1 -->A_Picche_Rosso
2025-11-03 22:10:40 - round.py - INFO - discard - MariaGrazia ----> 4_Quadri_Rosso
2025-11-03 22:10:40 - round.py - INFO - pick_up_card - Alessio ----> J_Cuori_Blu
2025-11-03 22:10:40 - round.py - INFO - discard - Alessio ----> 6_Picche_Blu
2025-11-03 22:10:40 - round.py - INFO - pick_up_discard - MariaGrazia ----> ['9_Fiori_Blu', '10_Cuori_Rosso', '5_Cuori_Rosso', 'Q_Cuori_Blu', '10_Quadri_Rosso', '4_Quadri_Rosso', '6_Picche_Blu']
2025-11-03 22:10:41 - round.py - INFO - update_tris - MariaGrazia ----> 9 -->9_Fiori_Blu
2025-11-03 22:10:41 - round.py - INFO - discard - MariaGrazia ----> 5_Cuori_Rosso
2025-11-03 22:10:41 - round.py - INFO - pick_up_discard - Alessio ----> ['5_Cuori_Rosso']
2025-11-03 22:10:41 - round.py - INFO - discard - Alessio ----> J_Cuori_Blu
2025-11-03 22:10:41 - round.py - INFO - pick_up_discard - MariaGrazia ----> ['J_Cuori_Blu']
2025-11-03 22:10:41 - round.py - INFO - open_meld - MariaGrazia ----> [(10, 9, 'Cuori', 10), (11, 64, 'Cuori', 10), (12, 65, 'Cuori', 10)]
2025-11-03 22:10:41 - round.py - INFO - discard - MariaGrazia ----> 6_Picche_Blu
2025-11-03 22:10:41 - round.py - INFO - pick_up_card - Alessio ----> 3_Quadri_Rosso
2025-11-03 22:10:41 - round.py - INFO - discard - Alessio ----> 3_Quadri_Rosso
2025-11-03 22:10:41 - round.py - INFO - pick_up_discard - MariaGrazia ----> ['6_Picche_Blu', '3_Quadri_Rosso']
2025-11-03 22:10:41 - round.py - INFO - update_tris - MariaGrazia ----> 3 -->3_Quadri_Rosso
2025-11-03 22:10:41 - round.py - INFO - discard - MariaGrazia ----> 5_Fiori_Rosso
2025-11-03 22:10:41 - round.py - INFO - pick_up_discard - Alessio ----> ['5_Fiori_Rosso']
2025-11-03 22:10:41 - round.py - INFO - discard - Alessio ----> 5_Fiori_Rosso
2025-11-03 22:10:41 - round.py - INFO - pick_up_discard - MariaGrazia ----> ['5_Fiori_Rosso']
2025-11-03 22:10:41 - round.py - INFO - discard - MariaGrazia ----> 10_Quadri_Rosso
2025-11-03 22:10:41 - round.py - INFO - pick_up_card - Alessio ----> 6_Cuori_Blu
2025-11-03 22:10:41 - round.py - INFO - discard - Alessio ----> 5_Cuori_Rosso
2025-11-03 22:10:41 - round.py - INFO - pick_up_card - MariaGrazia ----> Jolly_Jolly_N_Rosso
2025-11-03 22:10:41 - round.py - INFO - update_tris - MariaGrazia ----> 11 -->Jolly_Jolly_N_Rosso
2025-11-03 22:10:41 - round.py - INFO - discard - MariaGrazia ----> 4_Quadri_Rosso
2025-11-03 22:10:41 - round.py - INFO - pick_up_card - Alessio ----> Q_Fiori_Rosso
2025-11-03 22:10:41 - round.py - INFO - discard - Alessio ----> 6_Cuori_Blu
2025-11-03 22:10:41 - round.py - INFO - pick_up_discard - MariaGrazia ----> ['10_Quadri_Rosso', '5_Cuori_Rosso', '4_Quadri_Rosso', '6_Cuori_Blu']
2025-11-03 22:10:41 - round.py - INFO - discard - MariaGrazia ----> 10_Quadri_Rosso
2025-11-03 22:10:41 - round.py - INFO - pick_up_discard - Alessio ----> ['10_Quadri_Rosso']
2025-11-03 22:10:41 - round.py - INFO - discard - Alessio ----> Q_Fiori_Rosso
2025-11-03 22:10:41 - round.py - INFO - pick_up_discard - MariaGrazia ----> ['Q_Fiori_Rosso']
2025-11-03 22:10:42 - round.py - INFO - discard - MariaGrazia ----> 5_Cuori_Rosso
2025-11-03 22:10:42 - round.py - INFO - pick_up_card - Alessio ----> 2_Cuori_Blu
2025-11-03 22:10:42 - round.py - INFO - discard - Alessio ----> 10_Quadri_Rosso
2025-11-03 22:10:42 - round.py - INFO - pick_up_card - MariaGrazia ----> 3_Cuori_Rosso
2025-11-03 22:10:42 - round.py - INFO - update_tris - MariaGrazia ----> 3 -->3_Cuori_Rosso
2025-11-03 22:10:42 - round.py - INFO - discard - MariaGrazia ----> 5_Fiori_Rosso
2025-11-03 22:10:42 - round.py - INFO - pick_up_discard - Alessio ----> ['5_Cuori_Rosso', '10_Quadri_Rosso', '5_Fiori_Rosso']
2025-11-03 22:10:42 - round.py - INFO - update_meld - Alessio ----> Scala_0_Giocatore0 --> 10_Quadri_Rosso
2025-11-03 22:10:42 - round.py - INFO - update_tris - Alessio ----> 12 -->2_Cuori_Blu
2025-11-03 22:10:42 - round.py - INFO - discard - Alessio ----> 5_Cuori_Rosso
2025-11-03 22:10:42 - round.py - INFO - pick_up_discard - MariaGrazia ----> ['5_Cuori_Rosso']
2025-11-03 22:10:42 - round.py - INFO - discard - MariaGrazia ----> Q_Fiori_Rosso
2025-11-03 22:10:42 - round.py - INFO - pick_up_discard - Alessio ----> ['Q_Fiori_Rosso']
2025-11-03 22:10:42 - round.py - INFO - discard - Alessio ----> Q_Fiori_Rosso
2025-11-03 22:10:42 - round.py - INFO - pick_up_card - MariaGrazia ----> 3_Cuori_Blu
2025-11-03 22:10:42 - round.py - INFO - update_tris - MariaGrazia ----> 3 -->3_Cuori_Blu
2025-11-03 22:10:42 - round.py - INFO - discard - MariaGrazia ----> 5_Cuori_Rosso
2025-11-03 22:10:42 - round.py - INFO - pick_up_discard - Alessio ----> ['Q_Fiori_Rosso', '5_Cuori_Rosso']
2025-11-03 22:10:42 - round.py - INFO - update_tris - Alessio ----> 12 -->Q_Fiori_Rosso
2025-11-03 22:10:42 - round.py - INFO - discard - Alessio ----> 5_Cuori_Rosso
2025-11-03 22:10:42 - round.py - INFO - pick_up_card - MariaGrazia ----> 10_Quadri_Blu
2025-11-03 22:10:42 - round.py - INFO - discard - MariaGrazia ----> 6_Picche_Blu
2025-11-03 22:10:42 - round.py - INFO - pick_up_discard - Alessio ----> ['5_Cuori_Rosso', '6_Picche_Blu']
2025-11-03 22:10:42 - round.py - INFO - update_tris - Alessio ----> 6 -->6_Picche_Blu
2025-11-03 22:10:42 - round.py - INFO - discard - Alessio ----> 5_Fiori_Rosso
2025-11-03 22:10:42 - round.py - INFO - pick_up_card - MariaGrazia ----> 3_Quadri_Blu
2025-11-03 22:10:42 - round.py - INFO - update_tris - MariaGrazia ----> 3 -->3_Quadri_Blu
2025-11-03 22:10:42 - round.py - INFO - discard - MariaGrazia ----> 4_Quadri_Rosso
2025-11-03 22:10:42 - round.py - INFO - pick_up_card - Alessio ----> 5_Cuori_Blu
2025-11-03 22:10:42 - round.py - INFO - discard - Alessio ----> 5_Cuori_Rosso
2025-11-03 22:10:42 - round.py - INFO - pick_up_discard - MariaGrazia ----> ['5_Fiori_Rosso', '4_Quadri_Rosso', '5_Cuori_Rosso']
2025-11-03 22:10:42 - round.py - INFO - discard - MariaGrazia ----> 5_Cuori_Rosso
2025-11-03 22:10:42 - round.py - INFO - pick_up_card - Alessio ----> 8_Cuori_Rosso
2025-11-03 22:10:42 - round.py - INFO - discard - Alessio ----> 5_Cuori_Blu
2025-11-03 22:10:42 - round.py - INFO - pick_up_discard - MariaGrazia ----> ['5_Cuori_Rosso', '5_Cuori_Blu']
2025-11-03 22:10:42 - player_onto_manager.py - INFO - apre_tris -  5_Cuori_Blu -5 ----> partialScore ----> 5
2025-11-03 22:10:42 - player_onto_manager.py - INFO - apre_tris -  5_Fiori_Rosso -5 ----> partialScore ----> 10
2025-11-03 22:10:42 - player_onto_manager.py - INFO - apre_tris -  5_Cuori_Rosso -5 ----> partialScore ----> 15
2025-11-03 22:10:42 - player_onto_manager.py - INFO - apre_tris - FINAL partialScore ----> 15
2025-11-03 22:10:42 - round.py - INFO - open_tris - MariaGrazia ----> [(5, 58, 'Cuori', 5), (5, 30, 'Fiori', 5), (5, 4, 'Cuori', 5)]
2025-11-03 22:10:42 - round.py - INFO - discard - MariaGrazia ----> 6_Cuori_Blu
2025-11-03 22:10:42 - round.py - INFO - pick_up_card - Alessio ----> 5_Fiori_Blu
2025-11-03 22:10:42 - round.py - INFO - discard - Alessio ----> 5_Fiori_Blu
2025-11-03 22:10:42 - round.py - INFO - pick_up_card - MariaGrazia ----> K_Picche_Blu
2025-11-03 22:10:43 - round.py - INFO - discard - MariaGrazia ----> K_Picche_Blu
2025-11-03 22:10:43 - round.py - INFO - pick_up_card - Alessio ----> Jolly_Jolly_N_Blu
2025-11-03 22:10:43 - round.py - INFO - update_tris - Alessio ----> 6 -->Jolly_Jolly_N_Blu
2025-11-03 22:10:43 - round.py - INFO - close_game - Alessio ----> 8_Cuori_Rosso
