2025-11-03 22:10:09 - logger.py - INFO - _initialize - Logger inizializzato. File di log: logs/2025_11_03\partita_20251103_221009907916.log
2025-11-03 22:10:09 - logger.py - INFO - _initialize - ---------------------------------------------------
2025-11-03 22:10:09 - logger.py - INFO - _initialize - PARTITA ::  Partita_20251103_221009_907630
2025-11-03 22:10:09 - logger.py - INFO - _initialize - ---------------------------------------------------
2025-11-03 22:10:10 - round.py - INFO - pick_up_discard - Alessio ----> ['J_Picche_Rosso']
2025-11-03 22:10:11 - player_onto_manager.py - INFO - apre_tris -  Jolly_Jolly_N_Blu -30 ----> partialScore ----> 30
2025-11-03 22:10:11 - player_onto_manager.py - INFO - apre_tris -  6_Cuori_Rosso -5 ----> partialScore ----> 35
2025-11-03 22:10:11 - player_onto_manager.py - INFO - apre_tris -  6_Quadri_Rosso -5 ----> partialScore ----> 40
2025-11-03 22:10:11 - player_onto_manager.py - INFO - apre_tris - FINAL partialScore ----> 40
2025-11-03 22:10:11 - round.py - INFO - open_tris - Alessio ----> [(-1, 106, 'Jolly', 30), (6, 5, 'Cuori', 5), (6, 18, 'Quadri', 5)]
2025-11-03 22:10:12 - player_onto_manager.py - INFO - apre_tris -  2_Cuori_Blu -20 ----> partialScore ----> 20
2025-11-03 22:10:12 - player_onto_manager.py - INFO - apre_tris -  A_Fiori_Blu -15 ----> partialScore ----> 35
2025-11-03 22:10:12 - player_onto_manager.py - INFO - apre_tris -  A_Quadri_Rosso -15 ----> partialScore ----> 50
2025-11-03 22:10:12 - player_onto_manager.py - INFO - apre_tris - FINAL partialScore ----> 50
2025-11-03 22:10:12 - round.py - INFO - open_tris - Alessio ----> [(-1, 55, 'Jolly', 20), (1, 80, 'Fiori', 15), (1, 13, 'Quadri', 15)]
2025-11-03 22:10:12 - round.py - INFO - discard - Alessio ----> 7_Picche_Rosso
2025-11-03 22:10:12 - round.py - INFO - pick_up_discard - MariaGrazia ----> ['7_Picche_Rosso']
2025-11-03 22:10:13 - round.py - INFO - open_meld - MariaGrazia ----> [(-1, 81, 'Jolly', 20), (7, 73, 'Quadri', 5), (8, 20, 'Quadri', 10)]
2025-11-03 22:10:14 - round.py - INFO - discard - MariaGrazia ----> A_Picche_Rosso
2025-11-03 22:10:14 - round.py - INFO - pick_up_discard - Alessio ----> ['A_Picche_Rosso']
2025-11-03 22:10:14 - round.py - INFO - discard - Alessio ----> 8_Quadri_Blu
2025-11-03 22:10:14 - round.py - INFO - pick_up_card - MariaGrazia ----> 10_Quadri_Blu
2025-11-03 22:10:14 - player_onto_manager.py - INFO - apre_tris -  10_Cuori_Blu -10 ----> partialScore ----> 10
2025-11-03 22:10:14 - player_onto_manager.py - INFO - apre_tris -  10_Picche_Blu -10 ----> partialScore ----> 20
2025-11-03 22:10:14 - player_onto_manager.py - INFO - apre_tris -  10_Quadri_Blu -10 ----> partialScore ----> 30
2025-11-03 22:10:14 - player_onto_manager.py - INFO - apre_tris - FINAL partialScore ----> 30
2025-11-03 22:10:14 - round.py - INFO - open_tris - MariaGrazia ----> [(10, 63, 'Cuori', 10), (10, 102, 'Picche', 10), (10, 76, 'Quadri', 10)]
2025-11-03 22:10:14 - round.py - INFO - discard - MariaGrazia ----> 3_Quadri_Blu
2025-11-03 22:10:14 - round.py - INFO - pick_up_discard - Alessio ----> ['8_Quadri_Blu', '3_Quadri_Blu']
2025-11-03 22:10:15 - round.py - INFO - discard - Alessio ----> 9_Cuori_Blu
2025-11-03 22:10:15 - round.py - INFO - pick_up_card - MariaGrazia ----> A_Fiori_Rosso
2025-11-03 22:10:15 - round.py - INFO - discard - MariaGrazia ----> A_Cuori_Blu
2025-11-03 22:10:15 - round.py - INFO - pick_up_card - Alessio ----> J_Cuori_Rosso
2025-11-03 22:10:15 - round.py - INFO - discard - Alessio ----> 8_Quadri_Blu
2025-11-03 22:10:15 - round.py - INFO - pick_up_discard - MariaGrazia ----> ['9_Cuori_Blu', 'A_Cuori_Blu', '8_Quadri_Blu']
2025-11-03 22:10:15 - round.py - INFO - discard - MariaGrazia ----> K_Quadri_Rosso
2025-11-03 22:10:15 - round.py - INFO - pick_up_card - Alessio ----> 6_Fiori_Rosso
2025-11-03 22:10:15 - round.py - INFO - update_tris - Alessio ----> 6 -->6_Fiori_Rosso
2025-11-03 22:10:15 - round.py - INFO - discard - Alessio ----> A_Picche_Rosso
2025-11-03 22:10:15 - round.py - INFO - pick_up_card - MariaGrazia ----> 9_Cuori_Rosso
2025-11-03 22:10:16 - round.py - INFO - discard - MariaGrazia ----> 6_Fiori_Blu
2025-11-03 22:10:16 - round.py - INFO - pick_up_discard - Alessio ----> ['K_Quadri_Rosso', 'A_Picche_Rosso', '6_Fiori_Blu']
2025-11-03 22:10:16 - player_onto_manager.py - INFO - apre_tris -  K_Quadri_Rosso -10 ----> partialScore ----> 10
2025-11-03 22:10:16 - player_onto_manager.py - INFO - apre_tris -  K_Picche_Blu -10 ----> partialScore ----> 20
2025-11-03 22:10:16 - player_onto_manager.py - INFO - apre_tris -  K_Cuori_Blu -10 ----> partialScore ----> 30
2025-11-03 22:10:16 - player_onto_manager.py - INFO - apre_tris - FINAL partialScore ----> 30
2025-11-03 22:10:16 - round.py - INFO - open_tris - Alessio ----> [(13, 25, 'Quadri', 10), (13, 105, 'Picche', 10), (13, 66, 'Cuori', 10)]
2025-11-03 22:10:16 - round.py - INFO - update_tris - Alessio ----> 6 -->6_Fiori_Blu
2025-11-03 22:10:16 - round.py - INFO - discard - Alessio ----> J_Cuori_Rosso
2025-11-03 22:10:16 - round.py - INFO - pick_up_discard - MariaGrazia ----> ['J_Cuori_Rosso']
2025-11-03 22:10:16 - round.py - INFO - discard - MariaGrazia ----> J_Quadri_Blu
2025-11-03 22:10:16 - round.py - INFO - pick_up_card - Alessio ----> 9_Fiori_Rosso
2025-11-03 22:10:16 - round.py - INFO - discard - Alessio ----> A_Picche_Rosso
2025-11-03 22:10:16 - round.py - INFO - pick_up_discard - MariaGrazia ----> ['J_Quadri_Blu', 'A_Picche_Rosso']
2025-11-03 22:10:17 - player_onto_manager.py - INFO - apre_tris -  A_Fiori_Rosso -15 ----> partialScore ----> 15
2025-11-03 22:10:17 - player_onto_manager.py - INFO - apre_tris -  A_Picche_Rosso -15 ----> partialScore ----> 30
2025-11-03 22:10:17 - player_onto_manager.py - INFO - apre_tris -  A_Cuori_Blu -15 ----> partialScore ----> 45
2025-11-03 22:10:17 - player_onto_manager.py - INFO - apre_tris - FINAL partialScore ----> 45
2025-11-03 22:10:17 - round.py - INFO - open_tris - MariaGrazia ----> [(1, 26, 'Fiori', 15), (1, 39, 'Picche', 15), (1, 54, 'Cuori', 15)]
2025-11-03 22:10:17 - round.py - INFO - discard - MariaGrazia ----> 9_Cuori_Rosso
2025-11-03 22:10:17 - round.py - INFO - pick_up_card - Alessio ----> 2_Quadri_Rosso
2025-11-03 22:10:17 - round.py - INFO - update_tris - Alessio ----> 13 -->2_Quadri_Rosso
2025-11-03 22:10:17 - round.py - INFO - discard - Alessio ----> 3_Quadri_Blu
2025-11-03 22:10:17 - round.py - INFO - pick_up_discard - MariaGrazia ----> ['9_Cuori_Rosso', '3_Quadri_Blu']
2025-11-03 22:10:17 - round.py - INFO - discard - MariaGrazia ----> 9_Cuori_Rosso
2025-11-03 22:10:17 - round.py - INFO - pick_up_discard - Alessio ----> ['9_Cuori_Rosso']
2025-11-03 22:10:17 - round.py - INFO - discard - Alessio ----> 9_Fiori_Rosso
2025-11-03 22:10:17 - round.py - INFO - pick_up_card - MariaGrazia ----> 10_Quadri_Rosso
2025-11-03 22:10:17 - round.py - INFO - update_tris - MariaGrazia ----> 10 -->10_Quadri_Rosso
2025-11-03 22:10:17 - round.py - INFO - discard - MariaGrazia ----> 3_Quadri_Blu
2025-11-03 22:10:17 - round.py - INFO - pick_up_card - Alessio ----> 6_Quadri_Blu
2025-11-03 22:10:17 - round.py - INFO - update_tris - Alessio ----> 6 -->6_Quadri_Blu
2025-11-03 22:10:17 - round.py - INFO - discard - Alessio ----> J_Picche_Rosso
2025-11-03 22:10:17 - round.py - INFO - pick_up_card - MariaGrazia ----> 8_Picche_Rosso
2025-11-03 22:10:17 - round.py - INFO - discard - MariaGrazia ----> 9_Cuori_Blu
2025-11-03 22:10:17 - round.py - INFO - pick_up_card - Alessio ----> Q_Fiori_Blu
2025-11-03 22:10:17 - round.py - INFO - discard - Alessio ----> Q_Fiori_Blu
2025-11-03 22:10:17 - round.py - INFO - pick_up_discard - MariaGrazia ----> ['9_Fiori_Rosso', '3_Quadri_Blu', 'J_Picche_Rosso', '9_Cuori_Blu', 'Q_Fiori_Blu']
2025-11-03 22:10:18 - player_onto_manager.py - INFO - apre_tris -  J_Picche_Rosso -10 ----> partialScore ----> 10
2025-11-03 22:10:18 - player_onto_manager.py - INFO - apre_tris -  J_Quadri_Blu -10 ----> partialScore ----> 20
2025-11-03 22:10:18 - player_onto_manager.py - INFO - apre_tris -  J_Cuori_Rosso -10 ----> partialScore ----> 30
2025-11-03 22:10:18 - player_onto_manager.py - INFO - apre_tris - FINAL partialScore ----> 30
2025-11-03 22:10:18 - round.py - INFO - open_tris - MariaGrazia ----> [(11, 49, 'Picche', 10), (11, 77, 'Quadri', 10), (11, 10, 'Cuori', 10)]
2025-11-03 22:10:18 - round.py - INFO - discard - MariaGrazia ----> 8_Quadri_Blu
2025-11-03 22:10:18 - round.py - INFO - pick_up_card - Alessio ----> 7_Fiori_Blu
2025-11-03 22:10:18 - round.py - INFO - discard - Alessio ----> 7_Fiori_Blu
2025-11-03 22:10:18 - round.py - INFO - pick_up_card - MariaGrazia ----> J_Picche_Blu
2025-11-03 22:10:18 - round.py - INFO - update_tris - MariaGrazia ----> 11 -->J_Picche_Blu
2025-11-03 22:10:18 - round.py - INFO - discard - MariaGrazia ----> Q_Fiori_Blu
2025-11-03 22:10:18 - round.py - INFO - pick_up_discard - Alessio ----> ['8_Quadri_Blu', '7_Fiori_Blu', 'Q_Fiori_Blu']
2025-11-03 22:10:19 - round.py - INFO - discard - Alessio ----> 7_Fiori_Blu
2025-11-03 22:10:19 - round.py - INFO - pick_up_discard - MariaGrazia ----> ['7_Fiori_Blu']
2025-11-03 22:10:19 - round.py - INFO - discard - MariaGrazia ----> 7_Picche_Rosso
2025-11-03 22:10:19 - round.py - INFO - pick_up_discard - Alessio ----> ['7_Picche_Rosso']
2025-11-03 22:10:19 - round.py - INFO - discard - Alessio ----> 9_Cuori_Rosso
2025-11-03 22:10:19 - round.py - INFO - pick_up_card - MariaGrazia ----> 9_Picche_Rosso
2025-11-03 22:10:19 - player_onto_manager.py - INFO - apre_tris -  9_Picche_Rosso -10 ----> partialScore ----> 10
2025-11-03 22:10:19 - player_onto_manager.py - INFO - apre_tris -  9_Fiori_Rosso -10 ----> partialScore ----> 20
2025-11-03 22:10:19 - player_onto_manager.py - INFO - apre_tris -  9_Cuori_Blu -10 ----> partialScore ----> 30
2025-11-03 22:10:19 - player_onto_manager.py - INFO - apre_tris - FINAL partialScore ----> 30
2025-11-03 22:10:19 - round.py - INFO - open_tris - MariaGrazia ----> [(9, 47, 'Picche', 10), (9, 34, 'Fiori', 10), (9, 62, 'Cuori', 10)]
2025-11-03 22:10:19 - round.py - INFO - discard - MariaGrazia ----> 8_Picche_Rosso
2025-11-03 22:10:19 - round.py - INFO - pick_up_discard - Alessio ----> ['9_Cuori_Rosso', '8_Picche_Rosso']
2025-11-03 22:10:19 - round.py - INFO - discard - Alessio ----> 7_Picche_Rosso
2025-11-03 22:10:19 - round.py - INFO - pick_up_card - MariaGrazia ----> 3_Picche_Rosso
2025-11-03 22:10:19 - round.py - INFO - discard - MariaGrazia ----> 3_Picche_Rosso
2025-11-03 22:10:19 - round.py - INFO - pick_up_discard - Alessio ----> ['7_Picche_Rosso', '3_Picche_Rosso']
2025-11-03 22:10:19 - round.py - INFO - discard - Alessio ----> 8_Quadri_Blu
2025-11-03 22:10:19 - round.py - INFO - pick_up_discard - MariaGrazia ----> ['8_Quadri_Blu']
2025-11-03 22:10:19 - round.py - INFO - discard - MariaGrazia ----> 7_Fiori_Blu
2025-11-03 22:10:19 - round.py - INFO - pick_up_card - Alessio ----> 5_Cuori_Blu
2025-11-03 22:10:19 - round.py - INFO - discard - Alessio ----> 7_Picche_Rosso
2025-11-03 22:10:19 - round.py - INFO - pick_up_card - MariaGrazia ----> 4_Picche_Rosso
2025-11-03 22:10:19 - round.py - INFO - discard - MariaGrazia ----> 8_Quadri_Blu
2025-11-03 22:10:19 - round.py - INFO - pick_up_card - Alessio ----> 3_Fiori_Rosso
2025-11-03 22:10:19 - round.py - INFO - discard - Alessio ----> 8_Picche_Rosso
2025-11-03 22:10:19 - round.py - INFO - pick_up_card - MariaGrazia ----> 7_Fiori_Rosso
2025-11-03 22:10:19 - round.py - INFO - discard - MariaGrazia ----> 3_Quadri_Blu
2025-11-03 22:10:19 - round.py - INFO - pick_up_card - Alessio ----> 9_Fiori_Blu
2025-11-03 22:10:19 - round.py - INFO - discard - Alessio ----> 9_Fiori_Blu
2025-11-03 22:10:19 - round.py - INFO - pick_up_card - MariaGrazia ----> Jolly_Jolly_R_Rosso
2025-11-03 22:10:19 - round.py - INFO - update_tris - MariaGrazia ----> 10 -->Jolly_Jolly_R_Rosso
2025-11-03 22:10:19 - round.py - INFO - discard - MariaGrazia ----> 4_Picche_Rosso
2025-11-03 22:10:19 - round.py - INFO - pick_up_card - Alessio ----> 3_Cuori_Rosso
2025-11-03 22:10:19 - player_onto_manager.py - INFO - apre_tris -  3_Fiori_Rosso -5 ----> partialScore ----> 5
2025-11-03 22:10:19 - player_onto_manager.py - INFO - apre_tris -  3_Cuori_Rosso -5 ----> partialScore ----> 10
2025-11-03 22:10:19 - player_onto_manager.py - INFO - apre_tris -  3_Picche_Rosso -5 ----> partialScore ----> 15
2025-11-03 22:10:19 - player_onto_manager.py - INFO - apre_tris - FINAL partialScore ----> 15
2025-11-03 22:10:19 - round.py - INFO - open_tris - Alessio ----> [(3, 28, 'Fiori', 5), (3, 2, 'Cuori', 5), (3, 41, 'Picche', 5)]
2025-11-03 22:10:19 - round.py - INFO - discard - Alessio ----> Q_Fiori_Blu
2025-11-03 22:10:20 - round.py - INFO - pick_up_card - MariaGrazia ----> K_Fiori_Blu
2025-11-03 22:10:20 - round.py - INFO - discard - MariaGrazia ----> 7_Fiori_Rosso
2025-11-03 22:10:20 - round.py - INFO - pick_up_card - Alessio ----> 10_Fiori_Rosso
2025-11-03 22:10:20 - round.py - INFO - discard - Alessio ----> 5_Cuori_Blu
2025-11-03 22:10:20 - round.py - INFO - pick_up_card - MariaGrazia ----> Q_Quadri_Rosso
2025-11-03 22:10:20 - round.py - INFO - discard - MariaGrazia ----> Q_Quadri_Rosso
2025-11-03 22:10:20 - round.py - INFO - pick_up_discard - Alessio ----> ['7_Fiori_Blu', '7_Picche_Rosso', '8_Quadri_Blu', '8_Picche_Rosso', '3_Quadri_Blu', '9_Fiori_Blu', '4_Picche_Rosso', 'Q_Fiori_Blu', '7_Fiori_Rosso', '5_Cuori_Blu', 'Q_Quadri_Rosso']
2025-11-03 22:10:21 - player_onto_manager.py - INFO - apre_tris -  7_Fiori_Rosso -5 ----> partialScore ----> 5
2025-11-03 22:10:21 - player_onto_manager.py - INFO - apre_tris -  7_Fiori_Blu -5 ----> partialScore ----> 10
2025-11-03 22:10:21 - player_onto_manager.py - INFO - apre_tris -  7_Picche_Rosso -5 ----> partialScore ----> 15
2025-11-03 22:10:21 - player_onto_manager.py - INFO - apre_tris - FINAL partialScore ----> 15
2025-11-03 22:10:21 - round.py - INFO - open_tris - Alessio ----> [(7, 32, 'Fiori', 5), (7, 86, 'Fiori', 5), (7, 45, 'Picche', 5)]
2025-11-03 22:10:22 - round.py - INFO - update_tris - Alessio ----> 3 -->3_Quadri_Blu
2025-11-03 22:10:23 - round.py - INFO - discard - Alessio ----> Q_Fiori_Blu
2025-11-03 22:10:23 - round.py - INFO - pick_up_discard - MariaGrazia ----> ['Q_Fiori_Blu']
2025-11-03 22:10:23 - round.py - INFO - discard - MariaGrazia ----> K_Fiori_Blu
2025-11-03 22:10:23 - round.py - INFO - pick_up_card - Alessio ----> 10_Picche_Rosso
2025-11-03 22:10:23 - round.py - INFO - discard - Alessio ----> 9_Cuori_Rosso
2025-11-03 22:10:23 - round.py - INFO - pick_up_card - MariaGrazia ----> 2_Picche_Rosso
2025-11-03 22:10:23 - round.py - INFO - discard - MariaGrazia ----> Q_Fiori_Blu
2025-11-03 22:10:23 - round.py - INFO - pick_up_card - Alessio ----> 8_Cuori_Rosso
2025-11-03 22:10:24 - player_onto_manager.py - INFO - apre_tris -  8_Quadri_Blu -10 ----> partialScore ----> 10
2025-11-03 22:10:24 - player_onto_manager.py - INFO - apre_tris -  8_Picche_Rosso -10 ----> partialScore ----> 20
2025-11-03 22:10:24 - player_onto_manager.py - INFO - apre_tris -  8_Cuori_Rosso -10 ----> partialScore ----> 30
2025-11-03 22:10:24 - player_onto_manager.py - INFO - apre_tris - FINAL partialScore ----> 30
2025-11-03 22:10:24 - round.py - INFO - open_tris - Alessio ----> [(8, 74, 'Quadri', 10), (8, 46, 'Picche', 10), (8, 7, 'Cuori', 10)]
2025-11-03 22:10:24 - round.py - INFO - discard - Alessio ----> 9_Fiori_Blu
2025-11-03 22:10:24 - round.py - INFO - pick_up_discard - MariaGrazia ----> ['K_Fiori_Blu', '9_Cuori_Rosso', 'Q_Fiori_Blu', '9_Fiori_Blu']
2025-11-03 22:10:24 - round.py - INFO - update_meld - MariaGrazia ----> Scala_0_Giocatore1 --> 2_Picche_Rosso
2025-11-03 22:10:24 - round.py - INFO - update_tris - MariaGrazia ----> 9 -->9_Fiori_Blu
2025-11-03 22:10:24 - round.py - INFO - update_tris - MariaGrazia ----> 9 -->9_Cuori_Rosso
2025-11-03 22:10:24 - round.py - INFO - discard - MariaGrazia ----> K_Fiori_Blu
2025-11-03 22:10:24 - round.py - INFO - pick_up_card - Alessio ----> Jolly_Jolly_N_Rosso
2025-11-03 22:10:24 - round.py - INFO - update_tris - Alessio ----> 3 -->Jolly_Jolly_N_Rosso
2025-11-03 22:10:24 - round.py - INFO - discard - Alessio ----> 4_Picche_Rosso
2025-11-03 22:10:24 - round.py - INFO - pick_up_discard - MariaGrazia ----> ['K_Fiori_Blu', '4_Picche_Rosso']
2025-11-03 22:10:24 - round.py - INFO - discard - MariaGrazia ----> K_Fiori_Blu
2025-11-03 22:10:24 - round.py - INFO - pick_up_card - Alessio ----> A_Picche_Blu
2025-11-03 22:10:24 - round.py - INFO - discard - Alessio ----> 10_Fiori_Rosso
2025-11-03 22:10:24 - round.py - INFO - pick_up_discard - MariaGrazia ----> ['K_Fiori_Blu', '10_Fiori_Rosso']
2025-11-03 22:10:24 - round.py - INFO - update_tris - MariaGrazia ----> 10 -->10_Fiori_Rosso
2025-11-03 22:10:24 - round.py - INFO - discard - MariaGrazia ----> 4_Picche_Rosso
2025-11-03 22:10:24 - round.py - INFO - pick_up_discard - Alessio ----> ['4_Picche_Rosso']
2025-11-03 22:10:24 - round.py - INFO - discard - Alessio ----> 5_Cuori_Blu
2025-11-03 22:10:24 - round.py - INFO - pick_up_card - MariaGrazia ----> Q_Fiori_Rosso
2025-11-03 22:10:24 - round.py - INFO - discard - MariaGrazia ----> K_Fiori_Blu
2025-11-03 22:10:24 - round.py - INFO - pick_up_card - Alessio ----> 4_Cuori_Blu
2025-11-03 22:10:24 - round.py - INFO - discard - Alessio ----> 4_Cuori_Blu
2025-11-03 22:10:24 - round.py - INFO - pick_up_card - MariaGrazia ----> K_Quadri_Blu
2025-11-03 22:10:24 - round.py - INFO - discard - MariaGrazia ----> Q_Fiori_Blu
2025-11-03 22:10:24 - round.py - INFO - pick_up_card - Alessio ----> 5_Fiori_Rosso
2025-11-03 22:10:24 - round.py - INFO - discard - Alessio ----> 4_Picche_Rosso
2025-11-03 22:10:24 - round.py - INFO - pick_up_discard - MariaGrazia ----> ['5_Cuori_Blu', 'K_Fiori_Blu', '4_Cuori_Blu', 'Q_Fiori_Blu', '4_Picche_Rosso']
2025-11-03 22:10:25 - round.py - INFO - discard - MariaGrazia ----> K_Fiori_Blu
2025-11-03 22:10:25 - round.py - INFO - pick_up_discard - Alessio ----> ['K_Fiori_Blu']
2025-11-03 22:10:25 - round.py - INFO - update_tris - Alessio ----> 13 -->K_Fiori_Blu
2025-11-03 22:10:25 - round.py - INFO - discard - Alessio ----> A_Picche_Blu
2025-11-03 22:10:25 - round.py - INFO - pick_up_discard - MariaGrazia ----> ['A_Picche_Blu']
2025-11-03 22:10:25 - round.py - INFO - update_tris - MariaGrazia ----> 1 -->A_Picche_Blu
2025-11-03 22:10:25 - round.py - INFO - discard - MariaGrazia ----> K_Quadri_Blu
2025-11-03 22:10:25 - round.py - INFO - pick_up_card - Alessio ----> 4_Fiori_Rosso
2025-11-03 22:10:25 - round.py - INFO - discard - Alessio ----> Q_Quadri_Rosso
2025-11-03 22:10:25 - round.py - INFO - pick_up_card - MariaGrazia ----> 2_Fiori_Rosso
2025-11-03 22:10:25 - player_onto_manager.py - INFO - apre_tris -  2_Fiori_Rosso -20 ----> partialScore ----> 20
2025-11-03 22:10:25 - player_onto_manager.py - INFO - apre_tris -  4_Cuori_Blu -5 ----> partialScore ----> 25
2025-11-03 22:10:25 - player_onto_manager.py - INFO - apre_tris -  4_Picche_Rosso -5 ----> partialScore ----> 30
2025-11-03 22:10:25 - player_onto_manager.py - INFO - apre_tris - FINAL partialScore ----> 30
2025-11-03 22:10:25 - round.py - INFO - open_tris - MariaGrazia ----> [(-1, 27, 'Jolly', 20), (4, 57, 'Cuori', 5), (4, 42, 'Picche', 5)]
2025-11-03 22:10:25 - round.py - INFO - discard - MariaGrazia ----> Q_Fiori_Rosso
2025-11-03 22:10:25 - round.py - INFO - pick_up_discard - Alessio ----> ['K_Quadri_Blu', 'Q_Quadri_Rosso', 'Q_Fiori_Rosso']
2025-11-03 22:10:25 - round.py - INFO - update_tris - Alessio ----> 13 -->K_Quadri_Blu
2025-11-03 22:10:25 - round.py - INFO - discard - Alessio ----> 5_Fiori_Rosso
2025-11-03 22:10:25 - round.py - INFO - pick_up_card - MariaGrazia ----> 2_Picche_Blu
2025-11-03 22:10:25 - round.py - INFO - update_tris - MariaGrazia ----> 11 -->2_Picche_Blu
2025-11-03 22:10:25 - round.py - INFO - discard - MariaGrazia ----> 5_Cuori_Blu
2025-11-03 22:10:25 - round.py - INFO - pick_up_card - Alessio ----> 2_Cuori_Rosso
2025-11-03 22:10:25 - round.py - INFO - update_tris - Alessio ----> 8 -->2_Cuori_Rosso
2025-11-03 22:10:25 - round.py - INFO - discard - Alessio ----> Q_Quadri_Rosso
2025-11-03 22:10:25 - round.py - INFO - pick_up_discard - MariaGrazia ----> ['5_Fiori_Rosso', '5_Cuori_Blu', 'Q_Quadri_Rosso']
2025-11-03 22:10:25 - round.py - INFO - discard - MariaGrazia ----> 5_Fiori_Rosso
2025-11-03 22:10:25 - round.py - INFO - pick_up_card - Alessio ----> 5_Fiori_Blu
2025-11-03 22:10:25 - round.py - INFO - discard - Alessio ----> 10_Picche_Rosso
2025-11-03 22:10:25 - round.py - INFO - pick_up_card - MariaGrazia ----> J_Fiori_Blu
2025-11-03 22:10:25 - round.py - INFO - update_tris - MariaGrazia ----> 11 -->J_Fiori_Blu
2025-11-03 22:10:26 - round.py - INFO - discard - MariaGrazia ----> 5_Cuori_Blu
2025-11-03 22:10:26 - round.py - INFO - pick_up_discard - Alessio ----> ['5_Fiori_Rosso', '10_Picche_Rosso', '5_Cuori_Blu']
2025-11-03 22:10:26 - player_onto_manager.py - INFO - apre_tris -  5_Fiori_Rosso -5 ----> partialScore ----> 5
2025-11-03 22:10:26 - player_onto_manager.py - INFO - apre_tris -  5_Fiori_Blu -5 ----> partialScore ----> 10
2025-11-03 22:10:26 - player_onto_manager.py - INFO - apre_tris -  5_Cuori_Blu -5 ----> partialScore ----> 15
2025-11-03 22:10:26 - player_onto_manager.py - INFO - apre_tris - FINAL partialScore ----> 15
2025-11-03 22:10:26 - round.py - INFO - open_tris - Alessio ----> [(5, 30, 'Fiori', 5), (5, 84, 'Fiori', 5), (5, 58, 'Cuori', 5)]
2025-11-03 22:10:26 - round.py - INFO - discard - Alessio ----> 4_Fiori_Rosso
2025-11-03 22:10:26 - round.py - INFO - pick_up_card - MariaGrazia ----> 9_Quadri_Blu
2025-11-03 22:10:26 - round.py - INFO - update_tris - MariaGrazia ----> 9 -->9_Quadri_Blu
2025-11-03 22:10:26 - round.py - INFO - discard - MariaGrazia ----> Q_Fiori_Blu
2025-11-03 22:10:26 - round.py - INFO - pick_up_card - Alessio ----> 3_Cuori_Blu
2025-11-03 22:10:26 - round.py - INFO - update_tris - Alessio ----> 3 -->3_Cuori_Blu
2025-11-03 22:10:26 - round.py - INFO - discard - Alessio ----> Q_Fiori_Rosso
2025-11-03 22:10:26 - round.py - INFO - pick_up_card - MariaGrazia ----> 4_Fiori_Blu
2025-11-03 22:10:26 - round.py - INFO - discard - MariaGrazia ----> Q_Quadri_Rosso
2025-11-03 22:10:26 - round.py - INFO - pick_up_card - Alessio ----> 8_Cuori_Blu
2025-11-03 22:10:26 - round.py - INFO - discard - Alessio ----> 8_Cuori_Blu
2025-11-03 22:10:26 - round.py - INFO - pick_up_card - MariaGrazia ----> 5_Cuori_Rosso
2025-11-03 22:10:26 - round.py - INFO - discard - MariaGrazia ----> 5_Cuori_Rosso
2025-11-03 22:10:26 - round.py - INFO - pick_up_discard - Alessio ----> ['4_Fiori_Rosso', 'Q_Fiori_Blu', 'Q_Fiori_Rosso', 'Q_Quadri_Rosso', '8_Cuori_Blu', '5_Cuori_Rosso']
2025-11-03 22:10:26 - round.py - INFO - update_tris - Alessio ----> 5 -->5_Cuori_Rosso
2025-11-03 22:10:26 - player_onto_manager.py - INFO - apre_tris -  Q_Quadri_Rosso -10 ----> partialScore ----> 10
2025-11-03 22:10:26 - player_onto_manager.py - INFO - apre_tris -  Q_Fiori_Rosso -10 ----> partialScore ----> 20
2025-11-03 22:10:26 - player_onto_manager.py - INFO - apre_tris -  Q_Fiori_Blu -10 ----> partialScore ----> 30
2025-11-03 22:10:26 - player_onto_manager.py - INFO - apre_tris - FINAL partialScore ----> 30
2025-11-03 22:10:26 - round.py - INFO - open_tris - Alessio ----> [(12, 24, 'Quadri', 10), (12, 37, 'Fiori', 10), (12, 91, 'Fiori', 10)]
2025-11-03 22:10:26 - round.py - INFO - update_tris - Alessio ----> 8 -->8_Cuori_Blu
2025-11-03 22:10:26 - round.py - INFO - discard - Alessio ----> 10_Picche_Rosso
2025-11-03 22:10:26 - round.py - INFO - pick_up_discard - MariaGrazia ----> ['10_Picche_Rosso']
2025-11-03 22:10:26 - round.py - INFO - discard - MariaGrazia ----> 4_Fiori_Blu
2025-11-03 22:10:26 - round.py - INFO - pick_up_discard - Alessio ----> ['4_Fiori_Blu']
2025-11-03 22:10:26 - round.py - INFO - discard - Alessio ----> 4_Fiori_Rosso
2025-11-03 22:10:26 - round.py - INFO - pick_up_discard - MariaGrazia ----> ['4_Fiori_Rosso']
2025-11-03 22:10:26 - round.py - INFO - discard - MariaGrazia ----> 4_Fiori_Rosso
2025-11-03 22:10:26 - round.py - INFO - pick_up_discard - Alessio ----> ['4_Fiori_Rosso']
2025-11-03 22:10:26 - round.py - INFO - discard - Alessio ----> 4_Fiori_Rosso
2025-11-03 22:10:26 - round.py - INFO - pick_up_discard - MariaGrazia ----> ['4_Fiori_Rosso']
2025-11-03 22:10:26 - round.py - INFO - discard - MariaGrazia ----> 4_Fiori_Rosso
2025-11-03 22:10:26 - round.py - INFO - pick_up_card - Alessio ----> 3_Quadri_Rosso
2025-11-03 22:10:26 - round.py - INFO - discard - Alessio ----> 3_Quadri_Rosso
2025-11-03 22:10:26 - round.py - INFO - pick_up_discard - MariaGrazia ----> ['4_Fiori_Rosso', '3_Quadri_Rosso']
2025-11-03 22:10:26 - round.py - INFO - update_tris - MariaGrazia ----> 10 -->10_Picche_Rosso
2025-11-03 22:10:26 - round.py - INFO - discard - MariaGrazia ----> 3_Quadri_Rosso
2025-11-03 22:10:26 - round.py - INFO - pick_up_discard - Alessio ----> ['3_Quadri_Rosso']
2025-11-03 22:10:26 - round.py - INFO - discard - Alessio ----> 3_Quadri_Rosso
2025-11-03 22:10:26 - round.py - INFO - pick_up_discard - MariaGrazia ----> ['3_Quadri_Rosso']
2025-11-03 22:10:26 - round.py - INFO - discard - MariaGrazia ----> 4_Fiori_Rosso
2025-11-03 22:10:26 - round.py - INFO - pick_up_card - Alessio ----> 3_Fiori_Blu
2025-11-03 22:10:26 - round.py - INFO - discard - Alessio ----> 3_Fiori_Blu
2025-11-03 22:10:26 - round.py - INFO - pick_up_discard - MariaGrazia ----> ['4_Fiori_Rosso', '3_Fiori_Blu']
2025-11-03 22:10:26 - round.py - INFO - discard - MariaGrazia ----> 3_Quadri_Rosso
2025-11-03 22:10:26 - round.py - INFO - pick_up_discard - Alessio ----> ['3_Quadri_Rosso']
2025-11-03 22:10:26 - round.py - INFO - discard - Alessio ----> 3_Quadri_Rosso
2025-11-03 22:10:26 - round.py - INFO - pick_up_discard - MariaGrazia ----> ['3_Quadri_Rosso']
2025-11-03 22:10:27 - round.py - INFO - discard - MariaGrazia ----> 3_Quadri_Rosso
2025-11-03 22:10:27 - round.py - INFO - pick_up_discard - Alessio ----> ['3_Quadri_Rosso']
2025-11-03 22:10:27 - round.py - INFO - discard - Alessio ----> 4_Fiori_Blu
2025-11-03 22:10:27 - round.py - INFO - pick_up_discard - MariaGrazia ----> ['4_Fiori_Blu']
2025-11-03 22:10:27 - round.py - INFO - discard - MariaGrazia ----> 4_Fiori_Rosso
2025-11-03 22:10:27 - round.py - INFO - pick_up_card - Alessio ----> 3_Picche_Blu
2025-11-03 22:10:27 - round.py - INFO - discard - Alessio ----> 3_Picche_Blu
2025-11-03 22:10:27 - round.py - INFO - pick_up_discard - MariaGrazia ----> ['4_Fiori_Rosso', '3_Picche_Blu']
2025-11-03 22:10:27 - round.py - INFO - discard - MariaGrazia ----> 4_Fiori_Rosso
2025-11-03 22:10:27 - round.py - INFO - pick_up_discard - Alessio ----> ['4_Fiori_Rosso']
2025-11-03 22:10:27 - round.py - INFO - discard - Alessio ----> 4_Fiori_Rosso
2025-11-03 22:10:27 - round.py - INFO - pick_up_discard - MariaGrazia ----> ['4_Fiori_Rosso']
2025-11-03 22:10:27 - round.py - INFO - discard - MariaGrazia ----> 3_Picche_Blu
2025-11-03 22:10:27 - round.py - INFO - pick_up_discard - Alessio ----> ['3_Picche_Blu']
2025-11-03 22:10:27 - round.py - INFO - discard - Alessio ----> 3_Picche_Blu
2025-11-03 22:10:27 - round.py - INFO - pick_up_card - MariaGrazia ----> 6_Picche_Blu
2025-11-03 22:10:27 - round.py - INFO - discard - MariaGrazia ----> 4_Fiori_Blu
2025-11-03 22:10:27 - round.py - INFO - pick_up_discard - Alessio ----> ['3_Picche_Blu', '4_Fiori_Blu']
2025-11-03 22:10:27 - round.py - INFO - update_tris - Alessio ----> 3 -->3_Quadri_Rosso
2025-11-03 22:10:27 - round.py - INFO - update_tris - Alessio ----> 3 -->3_Picche_Blu
2025-11-03 22:10:27 - round.py - INFO - close_game - Alessio ----> 4_Fiori_Blu
