2025-11-03 22:10:01 - logger.py - INFO - _initialize - Logger inizializzato. File di log: logs/2025_11_03\partita_20251103_221001915441.log
2025-11-03 22:10:01 - logger.py - INFO - _initialize - ---------------------------------------------------
2025-11-03 22:10:01 - logger.py - INFO - _initialize - PARTITA ::  Partita_20251103_221001_915044
2025-11-03 22:10:01 - logger.py - INFO - _initialize - ---------------------------------------------------
2025-11-03 22:10:02 - round.py - INFO - pick_up_discard - Alessio ----> ['A_Picche_Rosso']
2025-11-03 22:10:03 - player_onto_manager.py - INFO - apre_tris -  2_Quadri_Rosso -20 ----> partialScore ----> 20
2025-11-03 22:10:03 - player_onto_manager.py - INFO - apre_tris -  3_Fiori_Rosso -5 ----> partialScore ----> 25
2025-11-03 22:10:03 - player_onto_manager.py - INFO - apre_tris -  3_Cuori_Blu -5 ----> partialScore ----> 30
2025-11-03 22:10:03 - player_onto_manager.py - INFO - apre_tris - FINAL partialScore ----> 30
2025-11-03 22:10:03 - round.py - INFO - open_tris - Alessio ----> [(-1, 14, 'Jolly', 20), (3, 28, 'Fiori', 5), (3, 56, 'Cuori', 5)]
2025-11-03 22:10:04 - player_onto_manager.py - INFO - apre_tris -  A_Picche_Rosso -15 ----> partialScore ----> 15
2025-11-03 22:10:04 - player_onto_manager.py - INFO - apre_tris -  A_Fiori_Rosso -15 ----> partialScore ----> 30
2025-11-03 22:10:04 - player_onto_manager.py - INFO - apre_tris -  A_Fiori_Blu -15 ----> partialScore ----> 45
2025-11-03 22:10:04 - player_onto_manager.py - INFO - apre_tris - FINAL partialScore ----> 45
2025-11-03 22:10:04 - round.py - INFO - open_tris - Alessio ----> [(1, 39, 'Picche', 15), (1, 26, 'Fiori', 15), (1, 80, 'Fiori', 15)]
2025-11-03 22:10:04 - round.py - INFO - discard - Alessio ----> Q_Fiori_Rosso
2025-11-03 22:10:04 - round.py - INFO - pick_up_discard - MariaGrazia ----> ['Q_Fiori_Rosso']
2025-11-03 22:10:05 - player_onto_manager.py - INFO - apre_tris -  6_Picche_Rosso -5 ----> partialScore ----> 5
2025-11-03 22:10:05 - player_onto_manager.py - INFO - apre_tris -  6_Quadri_Blu -5 ----> partialScore ----> 10
2025-11-03 22:10:05 - player_onto_manager.py - INFO - apre_tris -  6_Cuori_Blu -5 ----> partialScore ----> 15
2025-11-03 22:10:05 - player_onto_manager.py - INFO - apre_tris - FINAL partialScore ----> 15
2025-11-03 22:10:05 - round.py - INFO - open_tris - MariaGrazia ----> [(6, 44, 'Picche', 5), (6, 72, 'Quadri', 5), (6, 59, 'Cuori', 5)]
2025-11-03 22:10:05 - round.py - INFO - discard - MariaGrazia ----> 3_Picche_Blu
2025-11-03 22:10:05 - round.py - INFO - pick_up_discard - Alessio ----> ['3_Picche_Blu']
2025-11-03 22:10:05 - round.py - INFO - discard - Alessio ----> 5_Picche_Rosso
2025-11-03 22:10:05 - round.py - INFO - pick_up_card - MariaGrazia ----> 4_Quadri_Rosso
2025-11-03 22:10:06 - round.py - INFO - discard - MariaGrazia ----> 4_Quadri_Rosso
2025-11-03 22:10:06 - round.py - INFO - pick_up_discard - Alessio ----> ['5_Picche_Rosso', '4_Quadri_Rosso']
2025-11-03 22:10:06 - round.py - INFO - discard - Alessio ----> 6_Cuori_Rosso
2025-11-03 22:10:06 - round.py - INFO - pick_up_card - MariaGrazia ----> 7_Fiori_Rosso
2025-11-03 22:10:07 - round.py - INFO - discard - MariaGrazia ----> 7_Fiori_Rosso
2025-11-03 22:10:07 - round.py - INFO - pick_up_card - Alessio ----> 8_Quadri_Rosso
2025-11-03 22:10:07 - round.py - INFO - discard - Alessio ----> 5_Picche_Rosso
2025-11-03 22:10:07 - round.py - INFO - pick_up_discard - MariaGrazia ----> ['6_Cuori_Rosso', '7_Fiori_Rosso', '5_Picche_Rosso']
2025-11-03 22:10:08 - round.py - INFO - update_tris - MariaGrazia ----> 6 -->6_Cuori_Rosso
2025-11-03 22:10:09 - round.py - INFO - discard - MariaGrazia ----> 3_Cuori_Rosso
2025-11-03 22:10:09 - round.py - INFO - pick_up_card - Alessio ----> 9_Fiori_Rosso
2025-11-03 22:10:09 - round.py - INFO - discard - Alessio ----> 3_Picche_Blu
2025-11-03 22:10:09 - round.py - INFO - pick_up_card - MariaGrazia ----> Jolly_Jolly_R_Rosso
2025-11-03 22:10:09 - player_onto_manager.py - INFO - apre_tris -  Jolly_Jolly_R_Rosso -30 ----> partialScore ----> 30
2025-11-03 22:10:09 - player_onto_manager.py - INFO - apre_tris -  Q_Picche_Blu -10 ----> partialScore ----> 40
2025-11-03 22:10:09 - player_onto_manager.py - INFO - apre_tris -  Q_Fiori_Rosso -10 ----> partialScore ----> 50
2025-11-03 22:10:09 - player_onto_manager.py - INFO - apre_tris - FINAL partialScore ----> 50
2025-11-03 22:10:09 - round.py - INFO - open_tris - MariaGrazia ----> [(-1, 53, 'Jolly', 30), (12, 104, 'Picche', 10), (12, 37, 'Fiori', 10)]
2025-11-03 22:10:10 - round.py - INFO - discard - MariaGrazia ----> 4_Cuori_Blu
2025-11-03 22:10:10 - round.py - INFO - pick_up_card - Alessio ----> 10_Cuori_Blu
2025-11-03 22:10:10 - round.py - INFO - discard - Alessio ----> 10_Cuori_Blu
2025-11-03 22:10:10 - round.py - INFO - pick_up_discard - MariaGrazia ----> ['3_Cuori_Rosso', '3_Picche_Blu', '4_Cuori_Blu', '10_Cuori_Blu']
2025-11-03 22:10:10 - round.py - INFO - discard - MariaGrazia ----> 4_Cuori_Blu
2025-11-03 22:10:10 - round.py - INFO - pick_up_card - Alessio ----> Jolly_Jolly_N_Blu
2025-11-03 22:10:10 - player_onto_manager.py - INFO - apre_tris -  Jolly_Jolly_N_Blu -30 ----> partialScore ----> 30
2025-11-03 22:10:10 - player_onto_manager.py - INFO - apre_tris -  4_Quadri_Rosso -5 ----> partialScore ----> 35
2025-11-03 22:10:10 - player_onto_manager.py - INFO - apre_tris -  4_Fiori_Rosso -5 ----> partialScore ----> 40
2025-11-03 22:10:10 - player_onto_manager.py - INFO - apre_tris - FINAL partialScore ----> 40
2025-11-03 22:10:10 - round.py - INFO - open_tris - Alessio ----> [(-1, 106, 'Jolly', 30), (4, 16, 'Quadri', 5), (4, 29, 'Fiori', 5)]
2025-11-03 22:10:10 - round.py - INFO - discard - Alessio ----> K_Quadri_Blu
2025-11-03 22:10:11 - round.py - INFO - pick_up_discard - MariaGrazia ----> ['4_Cuori_Blu', 'K_Quadri_Blu']
2025-11-03 22:10:12 - round.py - INFO - discard - MariaGrazia ----> 3_Cuori_Rosso
2025-11-03 22:10:12 - round.py - INFO - pick_up_discard - Alessio ----> ['3_Cuori_Rosso']
2025-11-03 22:10:12 - round.py - INFO - discard - Alessio ----> 8_Quadri_Rosso
2025-11-03 22:10:12 - round.py - INFO - pick_up_discard - MariaGrazia ----> ['8_Quadri_Rosso']
2025-11-03 22:10:13 - round.py - INFO - discard - MariaGrazia ----> J_Fiori_Rosso
2025-11-03 22:10:13 - round.py - INFO - pick_up_discard - Alessio ----> ['J_Fiori_Rosso']
2025-11-03 22:10:13 - round.py - INFO - discard - Alessio ----> 3_Cuori_Rosso
2025-11-03 22:10:13 - round.py - INFO - pick_up_discard - MariaGrazia ----> ['3_Cuori_Rosso']
2025-11-03 22:10:14 - round.py - INFO - discard - MariaGrazia ----> 10_Cuori_Blu
2025-11-03 22:10:14 - round.py - INFO - pick_up_card - Alessio ----> J_Cuori_Blu
2025-11-03 22:10:14 - round.py - INFO - discard - Alessio ----> J_Fiori_Rosso
2025-11-03 22:10:14 - round.py - INFO - pick_up_discard - MariaGrazia ----> ['10_Cuori_Blu', 'J_Fiori_Rosso']
2025-11-03 22:10:15 - round.py - INFO - discard - MariaGrazia ----> 8_Picche_Rosso
2025-11-03 22:10:15 - round.py - INFO - pick_up_discard - Alessio ----> ['8_Picche_Rosso']
2025-11-03 22:10:15 - round.py - INFO - discard - Alessio ----> 9_Fiori_Rosso
2025-11-03 22:10:15 - round.py - INFO - pick_up_card - MariaGrazia ----> 8_Picche_Blu
2025-11-03 22:10:17 - round.py - INFO - discard - MariaGrazia ----> 8_Picche_Blu
2025-11-03 22:10:17 - round.py - INFO - pick_up_card - Alessio ----> 5_Quadri_Blu
2025-11-03 22:10:17 - round.py - INFO - discard - Alessio ----> J_Cuori_Blu
2025-11-03 22:10:17 - round.py - INFO - pick_up_discard - MariaGrazia ----> ['9_Fiori_Rosso', '8_Picche_Blu', 'J_Cuori_Blu']
2025-11-03 22:10:19 - round.py - INFO - discard - MariaGrazia ----> K_Quadri_Blu
2025-11-03 22:10:19 - round.py - INFO - pick_up_discard - Alessio ----> ['K_Quadri_Blu']
2025-11-03 22:10:19 - round.py - INFO - discard - Alessio ----> 5_Quadri_Blu
2025-11-03 22:10:19 - round.py - INFO - pick_up_card - MariaGrazia ----> Q_Cuori_Rosso
2025-11-03 22:10:22 - round.py - INFO - update_tris - MariaGrazia ----> 12 -->Q_Cuori_Rosso
2025-11-03 22:10:24 - round.py - INFO - discard - MariaGrazia ----> J_Cuori_Blu
2025-11-03 22:10:24 - round.py - INFO - pick_up_card - Alessio ----> 9_Cuori_Rosso
2025-11-03 22:10:24 - round.py - INFO - discard - Alessio ----> 7_Picche_Blu
2025-11-03 22:10:24 - round.py - INFO - pick_up_discard - MariaGrazia ----> ['5_Quadri_Blu', 'J_Cuori_Blu', '7_Picche_Blu']
2025-11-03 22:10:28 - player_onto_manager.py - INFO - apre_tris -  7_Fiori_Rosso -5 ----> partialScore ----> 5
2025-11-03 22:10:28 - player_onto_manager.py - INFO - apre_tris -  7_Picche_Blu -5 ----> partialScore ----> 10
2025-11-03 22:10:28 - player_onto_manager.py - INFO - apre_tris -  7_Quadri_Rosso -5 ----> partialScore ----> 15
2025-11-03 22:10:28 - player_onto_manager.py - INFO - apre_tris - FINAL partialScore ----> 15
2025-11-03 22:10:28 - round.py - INFO - open_tris - MariaGrazia ----> [(7, 32, 'Fiori', 5), (7, 99, 'Picche', 5), (7, 19, 'Quadri', 5)]
2025-11-03 22:10:29 - round.py - INFO - discard - MariaGrazia ----> 3_Picche_Blu
2025-11-03 22:10:29 - round.py - INFO - pick_up_card - Alessio ----> 4_Picche_Blu
2025-11-03 22:10:29 - round.py - INFO - update_tris - Alessio ----> 4 -->4_Picche_Blu
2025-11-03 22:10:29 - round.py - INFO - discard - Alessio ----> 9_Cuori_Rosso
2025-11-03 22:10:29 - round.py - INFO - pick_up_discard - MariaGrazia ----> ['3_Picche_Blu', '9_Cuori_Rosso']
2025-11-03 22:10:31 - round.py - INFO - open_meld - MariaGrazia ----> [(9, 8, 'Cuori', 10), (10, 63, 'Cuori', 10), (11, 64, 'Cuori', 10)]
2025-11-03 22:10:31 - round.py - INFO - discard - MariaGrazia ----> 5_Quadri_Blu
2025-11-03 22:10:31 - round.py - INFO - pick_up_discard - Alessio ----> ['5_Quadri_Blu']
2025-11-03 22:10:31 - round.py - INFO - discard - Alessio ----> K_Quadri_Blu
2025-11-03 22:10:31 - round.py - INFO - pick_up_card - MariaGrazia ----> 10_Quadri_Rosso
2025-11-03 22:10:32 - round.py - INFO - discard - MariaGrazia ----> 8_Picche_Blu
2025-11-03 22:10:32 - round.py - INFO - pick_up_discard - Alessio ----> ['K_Quadri_Blu', '8_Picche_Blu']
2025-11-03 22:10:32 - round.py - INFO - discard - Alessio ----> 8_Picche_Rosso
2025-11-03 22:10:32 - round.py - INFO - pick_up_discard - MariaGrazia ----> ['8_Picche_Rosso']
2025-11-03 22:10:33 - round.py - INFO - discard - MariaGrazia ----> 3_Cuori_Rosso
2025-11-03 22:10:33 - round.py - INFO - pick_up_card - Alessio ----> 2_Cuori_Rosso
2025-11-03 22:10:33 - round.py - INFO - update_tris - Alessio ----> 1 -->2_Cuori_Rosso
2025-11-03 22:10:33 - round.py - INFO - discard - Alessio ----> 5_Quadri_Blu
2025-11-03 22:10:33 - round.py - INFO - pick_up_card - MariaGrazia ----> 8_Fiori_Blu
2025-11-03 22:10:33 - player_onto_manager.py - INFO - apre_tris -  8_Fiori_Blu -10 ----> partialScore ----> 10
2025-11-03 22:10:33 - player_onto_manager.py - INFO - apre_tris -  8_Quadri_Rosso -10 ----> partialScore ----> 20
2025-11-03 22:10:33 - player_onto_manager.py - INFO - apre_tris -  8_Picche_Rosso -10 ----> partialScore ----> 30
2025-11-03 22:10:33 - player_onto_manager.py - INFO - apre_tris - FINAL partialScore ----> 30
2025-11-03 22:10:33 - round.py - INFO - open_tris - MariaGrazia ----> [(8, 87, 'Fiori', 10), (8, 20, 'Quadri', 10), (8, 46, 'Picche', 10)]
2025-11-03 22:10:34 - round.py - INFO - discard - MariaGrazia ----> 9_Fiori_Rosso
2025-11-03 22:10:34 - round.py - INFO - pick_up_discard - Alessio ----> ['3_Cuori_Rosso', '5_Quadri_Blu', '9_Fiori_Rosso']
2025-11-03 22:10:34 - round.py - INFO - discard - Alessio ----> 9_Fiori_Rosso
2025-11-03 22:10:34 - round.py - INFO - pick_up_discard - MariaGrazia ----> ['9_Fiori_Rosso']
2025-11-03 22:10:34 - round.py - INFO - discard - MariaGrazia ----> A_Cuori_Blu
2025-11-03 22:10:34 - round.py - INFO - pick_up_card - Alessio ----> A_Quadri_Rosso
2025-11-03 22:10:34 - round.py - INFO - update_tris - Alessio ----> 1 -->A_Quadri_Rosso
2025-11-03 22:10:34 - round.py - INFO - discard - Alessio ----> 3_Cuori_Rosso
2025-11-03 22:10:34 - round.py - INFO - pick_up_card - MariaGrazia ----> 8_Fiori_Rosso
2025-11-03 22:10:34 - round.py - INFO - update_tris - MariaGrazia ----> 8 -->8_Fiori_Rosso
2025-11-03 22:10:34 - round.py - INFO - discard - MariaGrazia ----> J_Fiori_Rosso
2025-11-03 22:10:34 - round.py - INFO - pick_up_card - Alessio ----> J_Quadri_Rosso
2025-11-03 22:10:34 - round.py - INFO - discard - Alessio ----> J_Quadri_Rosso
2025-11-03 22:10:34 - round.py - INFO - pick_up_discard - MariaGrazia ----> ['A_Cuori_Blu', '3_Cuori_Rosso', 'J_Fiori_Rosso', 'J_Quadri_Rosso']
2025-11-03 22:10:35 - round.py - INFO - discard - MariaGrazia ----> J_Quadri_Rosso
2025-11-03 22:10:35 - round.py - INFO - pick_up_discard - Alessio ----> ['J_Quadri_Rosso']
2025-11-03 22:10:35 - round.py - INFO - discard - Alessio ----> 8_Picche_Blu
2025-11-03 22:10:35 - round.py - INFO - pick_up_card - MariaGrazia ----> 6_Fiori_Rosso
2025-11-03 22:10:35 - round.py - INFO - update_tris - MariaGrazia ----> 6 -->6_Fiori_Rosso
2025-11-03 22:10:35 - round.py - INFO - discard - MariaGrazia ----> 3_Cuori_Rosso
2025-11-03 22:10:35 - round.py - INFO - pick_up_discard - Alessio ----> ['8_Picche_Blu', '3_Cuori_Rosso']
2025-11-03 22:10:35 - round.py - INFO - discard - Alessio ----> J_Quadri_Rosso
2025-11-03 22:10:35 - round.py - INFO - pick_up_card - MariaGrazia ----> 9_Quadri_Rosso
2025-11-03 22:10:36 - round.py - INFO - discard - MariaGrazia ----> 10_Quadri_Rosso
2025-11-03 22:10:36 - round.py - INFO - pick_up_card - Alessio ----> 8_Quadri_Blu
2025-11-03 22:10:36 - round.py - INFO - discard - Alessio ----> 8_Quadri_Blu
2025-11-03 22:10:36 - round.py - INFO - pick_up_card - MariaGrazia ----> J_Cuori_Rosso
2025-11-03 22:10:36 - round.py - INFO - discard - MariaGrazia ----> 5_Picche_Rosso
2025-11-03 22:10:36 - round.py - INFO - pick_up_card - Alessio ----> K_Cuori_Rosso
2025-11-03 22:10:36 - round.py - INFO - discard - Alessio ----> 5_Quadri_Blu
2025-11-03 22:10:36 - round.py - INFO - pick_up_discard - MariaGrazia ----> ['J_Quadri_Rosso', '10_Quadri_Rosso', '8_Quadri_Blu', '5_Picche_Rosso', '5_Quadri_Blu']
2025-11-03 22:10:37 - round.py - INFO - update_tris - MariaGrazia ----> 8 -->8_Quadri_Blu
2025-11-03 22:10:38 - player_onto_manager.py - INFO - apre_tris -  J_Quadri_Rosso -10 ----> partialScore ----> 10
2025-11-03 22:10:38 - player_onto_manager.py - INFO - apre_tris -  J_Cuori_Rosso -10 ----> partialScore ----> 20
2025-11-03 22:10:38 - player_onto_manager.py - INFO - apre_tris -  J_Fiori_Rosso -10 ----> partialScore ----> 30
2025-11-03 22:10:38 - player_onto_manager.py - INFO - apre_tris - FINAL partialScore ----> 30
2025-11-03 22:10:38 - round.py - INFO - open_tris - MariaGrazia ----> [(11, 23, 'Quadri', 10), (11, 10, 'Cuori', 10), (11, 36, 'Fiori', 10)]
2025-11-03 22:10:38 - round.py - INFO - discard - MariaGrazia ----> 4_Cuori_Blu
2025-11-03 22:10:38 - round.py - INFO - pick_up_card - Alessio ----> 5_Quadri_Rosso
2025-11-03 22:10:38 - round.py - INFO - discard - Alessio ----> 8_Picche_Blu
2025-11-03 22:10:38 - round.py - INFO - pick_up_discard - MariaGrazia ----> ['4_Cuori_Blu', '8_Picche_Blu']
2025-11-03 22:10:39 - round.py - INFO - update_tris - MariaGrazia ----> 8 -->8_Picche_Blu
2025-11-03 22:10:39 - round.py - INFO - discard - MariaGrazia ----> 9_Fiori_Rosso
2025-11-03 22:10:39 - round.py - INFO - pick_up_card - Alessio ----> K_Picche_Rosso
2025-11-03 22:10:39 - player_onto_manager.py - INFO - apre_tris -  K_Quadri_Blu -10 ----> partialScore ----> 10
2025-11-03 22:10:39 - player_onto_manager.py - INFO - apre_tris -  K_Cuori_Rosso -10 ----> partialScore ----> 20
2025-11-03 22:10:39 - player_onto_manager.py - INFO - apre_tris -  K_Picche_Rosso -10 ----> partialScore ----> 30
2025-11-03 22:10:39 - player_onto_manager.py - INFO - apre_tris - FINAL partialScore ----> 30
2025-11-03 22:10:39 - round.py - INFO - open_tris - Alessio ----> [(13, 79, 'Quadri', 10), (13, 12, 'Cuori', 10), (13, 51, 'Picche', 10)]
2025-11-03 22:10:39 - round.py - INFO - discard - Alessio ----> 5_Quadri_Rosso
2025-11-03 22:10:39 - round.py - INFO - pick_up_card - MariaGrazia ----> 2_Fiori_Blu
2025-11-03 22:10:39 - round.py - INFO - open_meld - MariaGrazia ----> [(-1, 81, 'Jolly', 20), (9, 21, 'Quadri', 10), (10, 22, 'Quadri', 10)]
2025-11-03 22:10:39 - round.py - INFO - discard - MariaGrazia ----> A_Cuori_Blu
2025-11-03 22:10:39 - round.py - INFO - pick_up_discard - Alessio ----> ['9_Fiori_Rosso', '5_Quadri_Rosso', 'A_Cuori_Blu']
2025-11-03 22:10:39 - round.py - INFO - update_tris - Alessio ----> 1 -->A_Cuori_Blu
2025-11-03 22:10:39 - round.py - INFO - discard - Alessio ----> 3_Cuori_Rosso
2025-11-03 22:10:39 - round.py - INFO - pick_up_card - MariaGrazia ----> 5_Fiori_Blu
2025-11-03 22:10:39 - player_onto_manager.py - INFO - apre_tris -  5_Quadri_Blu -5 ----> partialScore ----> 5
2025-11-03 22:10:39 - player_onto_manager.py - INFO - apre_tris -  5_Picche_Rosso -5 ----> partialScore ----> 10
2025-11-03 22:10:39 - player_onto_manager.py - INFO - apre_tris -  5_Fiori_Blu -5 ----> partialScore ----> 15
2025-11-03 22:10:39 - player_onto_manager.py - INFO - apre_tris - FINAL partialScore ----> 15
2025-11-03 22:10:39 - round.py - INFO - open_tris - MariaGrazia ----> [(5, 71, 'Quadri', 5), (5, 43, 'Picche', 5), (5, 84, 'Fiori', 5)]
2025-11-03 22:10:39 - round.py - INFO - discard - MariaGrazia ----> 4_Cuori_Blu
2025-11-03 22:10:39 - round.py - INFO - pick_up_discard - Alessio ----> ['3_Cuori_Rosso', '4_Cuori_Blu']
2025-11-03 22:10:39 - round.py - INFO - update_tris - Alessio ----> 4 -->4_Cuori_Blu
2025-11-03 22:10:39 - round.py - INFO - discard - Alessio ----> 5_Quadri_Rosso
2025-11-03 22:10:39 - round.py - INFO - pick_up_card - MariaGrazia ----> 10_Cuori_Rosso
2025-11-03 22:10:39 - round.py - INFO - discard - MariaGrazia ----> 3_Picche_Blu
2025-11-03 22:10:39 - round.py - INFO - pick_up_card - Alessio ----> 7_Cuori_Rosso
2025-11-03 22:10:40 - round.py - INFO - discard - Alessio ----> 9_Fiori_Rosso
2025-11-03 22:10:40 - round.py - INFO - pick_up_card - MariaGrazia ----> K_Quadri_Rosso
2025-11-03 22:10:40 - round.py - INFO - discard - MariaGrazia ----> K_Quadri_Rosso
2025-11-03 22:10:40 - round.py - INFO - pick_up_discard - Alessio ----> ['5_Quadri_Rosso', '3_Picche_Blu', '9_Fiori_Rosso', 'K_Quadri_Rosso']
2025-11-03 22:10:40 - round.py - INFO - update_tris - Alessio ----> 13 -->K_Quadri_Rosso
2025-11-03 22:10:40 - round.py - INFO - discard - Alessio ----> 3_Picche_Blu
2025-11-03 22:10:40 - round.py - INFO - pick_up_discard - MariaGrazia ----> ['3_Picche_Blu']
2025-11-03 22:10:40 - round.py - INFO - discard - MariaGrazia ----> 10_Cuori_Rosso
2025-11-03 22:10:40 - round.py - INFO - pick_up_discard - Alessio ----> ['10_Cuori_Rosso']
2025-11-03 22:10:40 - round.py - INFO - discard - Alessio ----> 7_Cuori_Rosso
2025-11-03 22:10:40 - round.py - INFO - pick_up_card - MariaGrazia ----> 5_Cuori_Blu
2025-11-03 22:10:40 - round.py - INFO - discard - MariaGrazia ----> 3_Picche_Blu
2025-11-03 22:10:40 - round.py - INFO - pick_up_card - Alessio ----> 4_Quadri_Blu
2025-11-03 22:10:40 - round.py - INFO - update_tris - Alessio ----> 4 -->4_Quadri_Blu
2025-11-03 22:10:40 - round.py - INFO - discard - Alessio ----> 5_Quadri_Rosso
2025-11-03 22:10:40 - round.py - INFO - pick_up_card - MariaGrazia ----> 3_Picche_Rosso
2025-11-03 22:10:40 - round.py - INFO - discard - MariaGrazia ----> 3_Picche_Rosso
2025-11-03 22:10:40 - round.py - INFO - pick_up_discard - Alessio ----> ['7_Cuori_Rosso', '3_Picche_Blu', '5_Quadri_Rosso', '3_Picche_Rosso']
2025-11-03 22:10:40 - player_onto_manager.py - INFO - apre_tris -  3_Cuori_Rosso -5 ----> partialScore ----> 5
2025-11-03 22:10:40 - player_onto_manager.py - INFO - apre_tris -  3_Picche_Rosso -5 ----> partialScore ----> 10
2025-11-03 22:10:40 - player_onto_manager.py - INFO - apre_tris -  3_Picche_Blu -5 ----> partialScore ----> 15
2025-11-03 22:10:40 - player_onto_manager.py - INFO - apre_tris - FINAL partialScore ----> 15
2025-11-03 22:10:40 - round.py - INFO - open_tris - Alessio ----> [(3, 2, 'Cuori', 5), (3, 41, 'Picche', 5), (3, 95, 'Picche', 5)]
2025-11-03 22:10:40 - round.py - INFO - discard - Alessio ----> 9_Fiori_Rosso
2025-11-03 22:10:40 - round.py - INFO - pick_up_discard - MariaGrazia ----> ['9_Fiori_Rosso']
2025-11-03 22:10:40 - round.py - INFO - discard - MariaGrazia ----> 5_Cuori_Blu
2025-11-03 22:10:40 - round.py - INFO - pick_up_card - Alessio ----> Q_Fiori_Blu
2025-11-03 22:10:40 - round.py - INFO - discard - Alessio ----> 5_Quadri_Rosso
2025-11-03 22:10:40 - round.py - INFO - pick_up_card - MariaGrazia ----> 10_Picche_Rosso
2025-11-03 22:10:40 - round.py - INFO - discard - MariaGrazia ----> 10_Picche_Rosso
2025-11-03 22:10:40 - round.py - INFO - pick_up_discard - Alessio ----> ['5_Cuori_Blu', '5_Quadri_Rosso', '10_Picche_Rosso']
2025-11-03 22:10:40 - round.py - INFO - discard - Alessio ----> 5_Quadri_Rosso
2025-11-03 22:10:40 - round.py - INFO - pick_up_card - MariaGrazia ----> 10_Picche_Blu
2025-11-03 22:10:40 - round.py - INFO - discard - MariaGrazia ----> 9_Fiori_Rosso
2025-11-03 22:10:40 - round.py - INFO - pick_up_discard - Alessio ----> ['5_Quadri_Rosso', '9_Fiori_Rosso']
2025-11-03 22:10:40 - round.py - INFO - discard - Alessio ----> 5_Quadri_Rosso
2025-11-03 22:10:40 - round.py - INFO - pick_up_discard - MariaGrazia ----> ['5_Quadri_Rosso']
2025-11-03 22:10:40 - round.py - INFO - discard - MariaGrazia ----> 10_Picche_Blu
2025-11-03 22:10:40 - round.py - INFO - pick_up_card - Alessio ----> 5_Fiori_Rosso
2025-11-03 22:10:41 - round.py - INFO - discard - Alessio ----> 10_Picche_Rosso
2025-11-03 22:10:41 - round.py - INFO - pick_up_card - MariaGrazia ----> 9_Picche_Blu
2025-11-03 22:10:41 - round.py - INFO - discard - MariaGrazia ----> 5_Quadri_Rosso
2025-11-03 22:10:41 - round.py - INFO - pick_up_card - Alessio ----> A_Picche_Blu
2025-11-03 22:10:41 - round.py - INFO - update_tris - Alessio ----> 1 -->A_Picche_Blu
2025-11-03 22:10:41 - round.py - INFO - discard - Alessio ----> 10_Cuori_Rosso
2025-11-03 22:10:41 - round.py - INFO - pick_up_card - MariaGrazia ----> 2_Fiori_Rosso
2025-11-03 22:10:41 - round.py - INFO - discard - MariaGrazia ----> 2_Fiori_Rosso
2025-11-03 22:10:41 - round.py - INFO - pick_up_card - Alessio ----> 7_Fiori_Blu
2025-11-03 22:10:41 - round.py - INFO - discard - Alessio ----> 9_Fiori_Rosso
2025-11-03 22:10:41 - round.py - INFO - pick_up_discard - MariaGrazia ----> ['10_Picche_Blu', '10_Picche_Rosso', '5_Quadri_Rosso', '10_Cuori_Rosso', '2_Fiori_Rosso', '9_Fiori_Rosso']
2025-11-03 22:10:41 - player_onto_manager.py - INFO - apre_tris -  2_Fiori_Rosso -20 ----> partialScore ----> 20
2025-11-03 22:10:41 - player_onto_manager.py - INFO - apre_tris -  10_Picche_Rosso -10 ----> partialScore ----> 30
2025-11-03 22:10:41 - player_onto_manager.py - INFO - apre_tris -  10_Cuori_Rosso -10 ----> partialScore ----> 40
2025-11-03 22:10:41 - player_onto_manager.py - INFO - apre_tris - FINAL partialScore ----> 40
2025-11-03 22:10:41 - round.py - INFO - open_tris - MariaGrazia ----> [(-1, 27, 'Jolly', 20), (10, 48, 'Picche', 10), (10, 9, 'Cuori', 10)]
2025-11-03 22:10:41 - round.py - INFO - update_tris - MariaGrazia ----> 5 -->5_Quadri_Rosso
2025-11-03 22:10:41 - round.py - INFO - discard - MariaGrazia ----> 9_Fiori_Rosso
2025-11-03 22:10:41 - round.py - INFO - pick_up_card - Alessio ----> 9_Fiori_Blu
2025-11-03 22:10:41 - round.py - INFO - discard - Alessio ----> 9_Fiori_Blu
2025-11-03 22:10:41 - round.py - INFO - pick_up_card - MariaGrazia ----> J_Fiori_Blu
2025-11-03 22:10:41 - round.py - INFO - update_tris - MariaGrazia ----> 11 -->J_Fiori_Blu
2025-11-03 22:10:41 - round.py - INFO - discard - MariaGrazia ----> 10_Picche_Blu
2025-11-03 22:10:41 - round.py - INFO - pick_up_card - Alessio ----> J_Quadri_Blu
2025-11-03 22:10:41 - round.py - INFO - discard - Alessio ----> J_Quadri_Blu
2025-11-03 22:10:41 - round.py - INFO - pick_up_discard - MariaGrazia ----> ['9_Fiori_Rosso', '9_Fiori_Blu', '10_Picche_Blu', 'J_Quadri_Blu']
2025-11-03 22:10:41 - round.py - INFO - update_tris - MariaGrazia ----> 11 -->J_Quadri_Blu
2025-11-03 22:10:41 - round.py - INFO - discard - MariaGrazia ----> 10_Picche_Blu
2025-11-03 22:10:41 - round.py - INFO - pick_up_discard - Alessio ----> ['10_Picche_Blu']
2025-11-03 22:10:42 - round.py - INFO - discard - Alessio ----> 5_Fiori_Rosso
2025-11-03 22:10:42 - round.py - INFO - pick_up_card - MariaGrazia ----> K_Fiori_Rosso
2025-11-03 22:10:42 - round.py - INFO - discard - MariaGrazia ----> 9_Fiori_Rosso
2025-11-03 22:10:42 - round.py - INFO - pick_up_discard - Alessio ----> ['5_Fiori_Rosso', '9_Fiori_Rosso']
2025-11-03 22:10:42 - round.py - INFO - discard - Alessio ----> 5_Fiori_Rosso
2025-11-03 22:10:42 - round.py - INFO - pick_up_discard - MariaGrazia ----> ['5_Fiori_Rosso']
2025-11-03 22:10:42 - round.py - INFO - update_tris - MariaGrazia ----> 5 -->5_Fiori_Rosso
2025-11-03 22:10:42 - round.py - INFO - discard - MariaGrazia ----> 9_Picche_Blu
2025-11-03 22:10:42 - round.py - INFO - pick_up_card - Alessio ----> 9_Quadri_Blu
2025-11-03 22:10:42 - round.py - INFO - discard - Alessio ----> 9_Fiori_Rosso
2025-11-03 22:10:42 - round.py - INFO - pick_up_discard - MariaGrazia ----> ['9_Picche_Blu', '9_Fiori_Rosso']
2025-11-03 22:10:42 - round.py - INFO - discard - MariaGrazia ----> 9_Fiori_Blu
2025-11-03 22:10:42 - round.py - INFO - pick_up_discard - Alessio ----> ['9_Fiori_Blu']
2025-11-03 22:10:42 - round.py - INFO - discard - Alessio ----> 7_Fiori_Blu
2025-11-03 22:10:42 - round.py - INFO - pick_up_discard - MariaGrazia ----> ['7_Fiori_Blu']
2025-11-03 22:10:42 - round.py - INFO - update_tris - MariaGrazia ----> 7 -->7_Fiori_Blu
2025-11-03 22:10:42 - round.py - INFO - discard - MariaGrazia ----> 9_Fiori_Rosso
2025-11-03 22:10:42 - round.py - INFO - pick_up_discard - Alessio ----> ['9_Fiori_Rosso']
2025-11-03 22:10:42 - player_onto_manager.py - INFO - apre_tris -  9_Fiori_Rosso -10 ----> partialScore ----> 10
2025-11-03 22:10:42 - player_onto_manager.py - INFO - apre_tris -  9_Fiori_Blu -10 ----> partialScore ----> 20
2025-11-03 22:10:42 - player_onto_manager.py - INFO - apre_tris -  9_Quadri_Blu -10 ----> partialScore ----> 30
2025-11-03 22:10:42 - player_onto_manager.py - INFO - apre_tris - FINAL partialScore ----> 30
2025-11-03 22:10:42 - round.py - INFO - open_tris - Alessio ----> [(9, 34, 'Fiori', 10), (9, 88, 'Fiori', 10), (9, 75, 'Quadri', 10)]
2025-11-03 22:10:42 - round.py - INFO - discard - Alessio ----> 7_Cuori_Rosso
2025-11-03 22:10:42 - round.py - INFO - pick_up_discard - MariaGrazia ----> ['7_Cuori_Rosso']
2025-11-03 22:10:42 - round.py - INFO - update_tris - MariaGrazia ----> 7 -->7_Cuori_Rosso
2025-11-03 22:10:42 - round.py - INFO - discard - MariaGrazia ----> K_Fiori_Rosso
2025-11-03 22:10:42 - round.py - INFO - pick_up_card - Alessio ----> Jolly_Jolly_N_Rosso
2025-11-03 22:10:42 - round.py - INFO - update_tris - Alessio ----> 3 -->Jolly_Jolly_N_Rosso
2025-11-03 22:10:42 - round.py - INFO - discard - Alessio ----> 10_Picche_Blu
2025-11-03 22:10:42 - round.py - INFO - pick_up_discard - MariaGrazia ----> ['K_Fiori_Rosso', '10_Picche_Blu']
2025-11-03 22:10:43 - round.py - INFO - discard - MariaGrazia ----> K_Fiori_Rosso
2025-11-03 22:10:43 - round.py - INFO - pick_up_discard - Alessio ----> ['K_Fiori_Rosso']
2025-11-03 22:10:43 - round.py - INFO - update_tris - Alessio ----> 13 -->K_Fiori_Rosso
2025-11-03 22:10:43 - round.py - INFO - discard - Alessio ----> Q_Fiori_Blu
2025-11-03 22:10:43 - round.py - INFO - pick_up_discard - MariaGrazia ----> ['Q_Fiori_Blu']
2025-11-03 22:10:43 - round.py - INFO - update_tris - MariaGrazia ----> 12 -->Q_Fiori_Blu
2025-11-03 22:10:43 - round.py - INFO - discard - MariaGrazia ----> 10_Picche_Blu
2025-11-03 22:10:43 - round.py - INFO - pick_up_card - Alessio ----> Q_Quadri_Rosso
2025-11-03 22:10:43 - round.py - INFO - discard - Alessio ----> Q_Quadri_Rosso
2025-11-03 22:10:43 - round.py - INFO - pick_up_discard - MariaGrazia ----> ['10_Picche_Blu', 'Q_Quadri_Rosso']
2025-11-03 22:10:43 - round.py - INFO - update_meld - MariaGrazia ----> Scala_1_Giocatore1 --> Q_Quadri_Rosso
2025-11-03 22:10:43 - round.py - INFO - discard - MariaGrazia ----> 9_Picche_Blu
2025-11-03 22:10:43 - round.py - INFO - pick_up_discard - Alessio ----> ['9_Picche_Blu']
2025-11-03 22:10:43 - round.py - INFO - update_tris - Alessio ----> 9 -->9_Picche_Blu
2025-11-03 22:10:43 - round.py - INFO - close_game - Alessio ----> 5_Cuori_Blu
