2025-11-03 22:10:10 - logger.py - INFO - _initialize - Logger inizializzato. File di log: logs/2025_11_03\partita_20251103_221010575375.log
2025-11-03 22:10:10 - logger.py - INFO - _initialize - ---------------------------------------------------
2025-11-03 22:10:10 - logger.py - INFO - _initialize - PARTITA ::  Partita_20251103_221010_575015
2025-11-03 22:10:10 - logger.py - INFO - _initialize - ---------------------------------------------------
2025-11-03 22:10:10 - round.py - INFO - pick_up_discard - Alessio ----> ['10_Quadri_Rosso']
2025-11-03 22:10:11 - round.py - INFO - discard - Alessio ----> 5_Cuori_Rosso
2025-11-03 22:10:11 - round.py - INFO - pick_up_discard - MariaGrazia ----> ['5_Cuori_Rosso']
2025-11-03 22:10:12 - player_onto_manager.py - INFO - apre_tris -  Jolly_Jolly_R_Rosso -30 ----> partialScore ----> 30
2025-11-03 22:10:12 - player_onto_manager.py - INFO - apre_tris -  8_Picche_Blu -10 ----> partialScore ----> 40
2025-11-03 22:10:12 - player_onto_manager.py - INFO - apre_tris -  8_Fiori_Blu -10 ----> partialScore ----> 50
2025-11-03 22:10:12 - player_onto_manager.py - INFO - apre_tris - FINAL partialScore ----> 50
2025-11-03 22:10:12 - round.py - INFO - open_tris - MariaGrazia ----> [(-1, 53, 'Jolly', 30), (8, 100, 'Picche', 10), (8, 87, 'Fiori', 10)]
2025-11-03 22:10:13 - round.py - INFO - update_tris - MariaGrazia ----> 8 -->8_Cuori_Rosso
2025-11-03 22:10:13 - round.py - INFO - discard - MariaGrazia ----> 3_Picche_Rosso
2025-11-03 22:10:13 - round.py - INFO - pick_up_discard - Alessio ----> ['3_Picche_Rosso']
2025-11-03 22:10:14 - round.py - INFO - discard - Alessio ----> 7_Quadri_Blu
2025-11-03 22:10:14 - round.py - INFO - pick_up_discard - MariaGrazia ----> ['7_Quadri_Blu']
2025-11-03 22:10:14 - round.py - INFO - discard - MariaGrazia ----> Q_Fiori_Blu
2025-11-03 22:10:14 - round.py - INFO - pick_up_discard - Alessio ----> ['Q_Fiori_Blu']
2025-11-03 22:10:15 - round.py - INFO - open_meld - Alessio ----> [(10, 89, 'Fiori', 10), (11, 90, 'Fiori', 10), (12, 91, 'Fiori', 10)]
2025-11-03 22:10:16 - round.py - INFO - discard - Alessio ----> 3_Picche_Rosso
2025-11-03 22:10:16 - round.py - INFO - pick_up_discard - MariaGrazia ----> ['3_Picche_Rosso']
2025-11-03 22:10:16 - round.py - INFO - discard - MariaGrazia ----> A_Fiori_Rosso
2025-11-03 22:10:16 - round.py - INFO - pick_up_card - Alessio ----> 6_Quadri_Blu
2025-11-03 22:10:16 - round.py - INFO - discard - Alessio ----> 6_Quadri_Blu
2025-11-03 22:10:16 - round.py - INFO - pick_up_card - MariaGrazia ----> 2_Fiori_Blu
2025-11-03 22:10:17 - player_onto_manager.py - INFO - apre_tris -  2_Fiori_Blu -20 ----> partialScore ----> 20
2025-11-03 22:10:17 - player_onto_manager.py - INFO - apre_tris -  5_Picche_Blu -5 ----> partialScore ----> 25
2025-11-03 22:10:17 - player_onto_manager.py - INFO - apre_tris -  5_Cuori_Rosso -5 ----> partialScore ----> 30
2025-11-03 22:10:17 - player_onto_manager.py - INFO - apre_tris - FINAL partialScore ----> 30
2025-11-03 22:10:17 - round.py - INFO - open_tris - MariaGrazia ----> [(-1, 81, 'Jolly', 20), (5, 97, 'Picche', 5), (5, 4, 'Cuori', 5)]
2025-11-03 22:10:17 - round.py - INFO - discard - MariaGrazia ----> 7_Quadri_Blu
2025-11-03 22:10:17 - round.py - INFO - pick_up_card - Alessio ----> 3_Cuori_Blu
2025-11-03 22:10:17 - round.py - INFO - discard - Alessio ----> 4_Cuori_Rosso
2025-11-03 22:10:17 - round.py - INFO - pick_up_discard - MariaGrazia ----> ['A_Fiori_Rosso', '6_Quadri_Blu', '7_Quadri_Blu', '4_Cuori_Rosso']
2025-11-03 22:10:17 - round.py - INFO - discard - MariaGrazia ----> 3_Picche_Rosso
2025-11-03 22:10:17 - round.py - INFO - pick_up_card - Alessio ----> A_Quadri_Blu
2025-11-03 22:10:17 - player_onto_manager.py - INFO - apre_tris -  A_Picche_Blu -15 ----> partialScore ----> 15
2025-11-03 22:10:17 - player_onto_manager.py - INFO - apre_tris -  A_Cuori_Blu -15 ----> partialScore ----> 30
2025-11-03 22:10:17 - player_onto_manager.py - INFO - apre_tris -  A_Quadri_Blu -15 ----> partialScore ----> 45
2025-11-03 22:10:17 - player_onto_manager.py - INFO - apre_tris - FINAL partialScore ----> 45
2025-11-03 22:10:17 - round.py - INFO - open_tris - Alessio ----> [(1, 93, 'Picche', 15), (1, 54, 'Cuori', 15), (1, 67, 'Quadri', 15)]
2025-11-03 22:10:18 - round.py - INFO - discard - Alessio ----> J_Fiori_Rosso
2025-11-03 22:10:18 - round.py - INFO - pick_up_discard - MariaGrazia ----> ['3_Picche_Rosso', 'J_Fiori_Rosso']
2025-11-03 22:10:18 - round.py - INFO - discard - MariaGrazia ----> J_Cuori_Rosso
2025-11-03 22:10:18 - round.py - INFO - pick_up_card - Alessio ----> 10_Picche_Rosso
2025-11-03 22:10:18 - round.py - INFO - discard - Alessio ----> 3_Cuori_Blu
2025-11-03 22:10:18 - round.py - INFO - pick_up_card - MariaGrazia ----> 5_Quadri_Blu
2025-11-03 22:10:18 - round.py - INFO - open_meld - MariaGrazia ----> [(5, 71, 'Quadri', 5), (6, 72, 'Quadri', 5), (7, 73, 'Quadri', 5)]
2025-11-03 22:10:18 - round.py - INFO - discard - MariaGrazia ----> 3_Fiori_Blu
2025-11-03 22:10:18 - round.py - INFO - pick_up_discard - Alessio ----> ['J_Cuori_Rosso', '3_Cuori_Blu', '3_Fiori_Blu']
2025-11-03 22:10:19 - round.py - INFO - discard - Alessio ----> 3_Cuori_Blu
2025-11-03 22:10:19 - round.py - INFO - pick_up_discard - MariaGrazia ----> ['3_Cuori_Blu']
2025-11-03 22:10:19 - round.py - INFO - discard - MariaGrazia ----> 3_Cuori_Blu
2025-11-03 22:10:19 - round.py - INFO - pick_up_discard - Alessio ----> ['3_Cuori_Blu']
2025-11-03 22:10:19 - round.py - INFO - discard - Alessio ----> 10_Quadri_Rosso
2025-11-03 22:10:19 - round.py - INFO - pick_up_discard - MariaGrazia ----> ['10_Quadri_Rosso']
2025-11-03 22:10:19 - round.py - INFO - discard - MariaGrazia ----> 10_Quadri_Rosso
2025-11-03 22:10:19 - round.py - INFO - pick_up_card - Alessio ----> A_Quadri_Rosso
2025-11-03 22:10:19 - round.py - INFO - update_tris - Alessio ----> 1 -->A_Quadri_Rosso
2025-11-03 22:10:19 - round.py - INFO - discard - Alessio ----> 3_Cuori_Blu
2025-11-03 22:10:19 - round.py - INFO - pick_up_card - MariaGrazia ----> 4_Fiori_Blu
2025-11-03 22:10:19 - round.py - INFO - discard - MariaGrazia ----> A_Fiori_Rosso
2025-11-03 22:10:19 - round.py - INFO - pick_up_card - Alessio ----> J_Picche_Rosso
2025-11-03 22:10:20 - round.py - INFO - open_meld - Alessio ----> [(10, 48, 'Picche', 10), (11, 49, 'Picche', 10), (12, 50, 'Picche', 10)]
2025-11-03 22:10:20 - round.py - INFO - discard - Alessio ----> 5_Picche_Rosso
2025-11-03 22:10:20 - round.py - INFO - pick_up_discard - MariaGrazia ----> ['10_Quadri_Rosso', '3_Cuori_Blu', 'A_Fiori_Rosso', '5_Picche_Rosso']
2025-11-03 22:10:20 - round.py - INFO - discard - MariaGrazia ----> 4_Fiori_Blu
2025-11-03 22:10:20 - round.py - INFO - pick_up_discard - Alessio ----> ['4_Fiori_Blu']
2025-11-03 22:10:20 - round.py - INFO - discard - Alessio ----> 3_Fiori_Blu
2025-11-03 22:10:20 - round.py - INFO - pick_up_discard - MariaGrazia ----> ['3_Fiori_Blu']
2025-11-03 22:10:20 - player_onto_manager.py - INFO - apre_tris -  3_Fiori_Blu -5 ----> partialScore ----> 5
2025-11-03 22:10:20 - player_onto_manager.py - INFO - apre_tris -  3_Cuori_Blu -5 ----> partialScore ----> 10
2025-11-03 22:10:20 - player_onto_manager.py - INFO - apre_tris -  3_Picche_Rosso -5 ----> partialScore ----> 15
2025-11-03 22:10:20 - player_onto_manager.py - INFO - apre_tris - FINAL partialScore ----> 15
2025-11-03 22:10:20 - round.py - INFO - open_tris - MariaGrazia ----> [(3, 82, 'Fiori', 5), (3, 56, 'Cuori', 5), (3, 41, 'Picche', 5)]
2025-11-03 22:10:20 - round.py - INFO - discard - MariaGrazia ----> 5_Picche_Rosso
2025-11-03 22:10:20 - round.py - INFO - pick_up_card - Alessio ----> 2_Quadri_Blu
2025-11-03 22:10:20 - round.py - INFO - update_meld - Alessio ----> Scala_1_Giocatore0 --> 2_Quadri_Blu
2025-11-03 22:10:20 - round.py - INFO - discard - Alessio ----> 4_Fiori_Blu
2025-11-03 22:10:20 - round.py - INFO - pick_up_card - MariaGrazia ----> 10_Picche_Blu
2025-11-03 22:10:20 - round.py - INFO - discard - MariaGrazia ----> 10_Quadri_Rosso
2025-11-03 22:10:20 - round.py - INFO - pick_up_card - Alessio ----> 5_Fiori_Blu
2025-11-03 22:10:21 - round.py - INFO - discard - Alessio ----> 5_Fiori_Blu
2025-11-03 22:10:21 - round.py - INFO - pick_up_card - MariaGrazia ----> K_Fiori_Blu
2025-11-03 22:10:21 - round.py - INFO - discard - MariaGrazia ----> 4_Cuori_Rosso
2025-11-03 22:10:21 - round.py - INFO - pick_up_discard - Alessio ----> ['5_Picche_Rosso', '4_Fiori_Blu', '10_Quadri_Rosso', '5_Fiori_Blu', '4_Cuori_Rosso']
2025-11-03 22:10:21 - player_onto_manager.py - INFO - apre_tris -  4_Fiori_Blu -5 ----> partialScore ----> 5
2025-11-03 22:10:21 - player_onto_manager.py - INFO - apre_tris -  4_Quadri_Rosso -5 ----> partialScore ----> 10
2025-11-03 22:10:21 - player_onto_manager.py - INFO - apre_tris -  4_Cuori_Rosso -5 ----> partialScore ----> 15
2025-11-03 22:10:21 - player_onto_manager.py - INFO - apre_tris - FINAL partialScore ----> 15
2025-11-03 22:10:21 - round.py - INFO - open_tris - Alessio ----> [(4, 83, 'Fiori', 5), (4, 16, 'Quadri', 5), (4, 3, 'Cuori', 5)]
2025-11-03 22:10:21 - round.py - INFO - discard - Alessio ----> 10_Quadri_Rosso
2025-11-03 22:10:21 - round.py - INFO - pick_up_card - MariaGrazia ----> 7_Cuori_Rosso
2025-11-03 22:10:21 - round.py - INFO - discard - MariaGrazia ----> 9_Cuori_Blu
2025-11-03 22:10:21 - round.py - INFO - pick_up_discard - Alessio ----> ['10_Quadri_Rosso', '9_Cuori_Blu']
2025-11-03 22:10:21 - round.py - INFO - discard - Alessio ----> 5_Picche_Rosso
2025-11-03 22:10:21 - round.py - INFO - pick_up_card - MariaGrazia ----> 7_Fiori_Rosso
2025-11-03 22:10:21 - round.py - INFO - discard - MariaGrazia ----> K_Fiori_Blu
2025-11-03 22:10:21 - round.py - INFO - pick_up_card - Alessio ----> 7_Quadri_Rosso
2025-11-03 22:10:21 - round.py - INFO - discard - Alessio ----> 5_Fiori_Blu
2025-11-03 22:10:21 - round.py - INFO - pick_up_card - MariaGrazia ----> Q_Quadri_Blu
2025-11-03 22:10:21 - round.py - INFO - discard - MariaGrazia ----> 10_Picche_Blu
2025-11-03 22:10:21 - round.py - INFO - pick_up_card - Alessio ----> 9_Quadri_Rosso
2025-11-03 22:10:21 - round.py - INFO - discard - Alessio ----> J_Cuori_Rosso
2025-11-03 22:10:21 - round.py - INFO - pick_up_card - MariaGrazia ----> 3_Quadri_Rosso
2025-11-03 22:10:21 - round.py - INFO - update_tris - MariaGrazia ----> 3 -->3_Quadri_Rosso
2025-11-03 22:10:21 - round.py - INFO - discard - MariaGrazia ----> Q_Quadri_Blu
2025-11-03 22:10:21 - round.py - INFO - pick_up_discard - Alessio ----> ['5_Picche_Rosso', 'K_Fiori_Blu', '5_Fiori_Blu', '10_Picche_Blu', 'J_Cuori_Rosso', 'Q_Quadri_Blu']
2025-11-03 22:10:22 - round.py - INFO - update_meld - Alessio ----> Scala_0_Giocatore0 --> K_Fiori_Blu
2025-11-03 22:10:22 - round.py - INFO - discard - Alessio ----> Q_Quadri_Blu
2025-11-03 22:10:22 - round.py - INFO - pick_up_card - MariaGrazia ----> 5_Quadri_Rosso
2025-11-03 22:10:22 - round.py - INFO - discard - MariaGrazia ----> 7_Cuori_Rosso
2025-11-03 22:10:22 - round.py - INFO - pick_up_card - Alessio ----> 2_Quadri_Rosso
2025-11-03 22:10:23 - round.py - INFO - update_tris - Alessio ----> 1 -->2_Quadri_Rosso
2025-11-03 22:10:23 - round.py - INFO - discard - Alessio ----> 7_Quadri_Rosso
2025-11-03 22:10:23 - round.py - INFO - pick_up_card - MariaGrazia ----> 6_Fiori_Blu
2025-11-03 22:10:23 - round.py - INFO - discard - MariaGrazia ----> J_Fiori_Rosso
2025-11-03 22:10:23 - round.py - INFO - pick_up_discard - Alessio ----> ['Q_Quadri_Blu', '7_Cuori_Rosso', '7_Quadri_Rosso', 'J_Fiori_Rosso']
2025-11-03 22:10:24 - round.py - INFO - discard - Alessio ----> J_Cuori_Rosso
2025-11-03 22:10:24 - round.py - INFO - pick_up_card - MariaGrazia ----> 8_Picche_Rosso
2025-11-03 22:10:24 - round.py - INFO - update_tris - MariaGrazia ----> 8 -->8_Picche_Rosso
2025-11-03 22:10:24 - round.py - INFO - discard - MariaGrazia ----> 7_Fiori_Rosso
2025-11-03 22:10:24 - round.py - INFO - pick_up_card - Alessio ----> 7_Picche_Rosso
2025-11-03 22:10:24 - player_onto_manager.py - INFO - apre_tris -  7_Picche_Rosso -5 ----> partialScore ----> 5
2025-11-03 22:10:24 - player_onto_manager.py - INFO - apre_tris -  7_Cuori_Rosso -5 ----> partialScore ----> 10
2025-11-03 22:10:24 - player_onto_manager.py - INFO - apre_tris -  7_Quadri_Rosso -5 ----> partialScore ----> 15
2025-11-03 22:10:24 - player_onto_manager.py - INFO - apre_tris - FINAL partialScore ----> 15
2025-11-03 22:10:24 - round.py - INFO - open_tris - Alessio ----> [(7, 45, 'Picche', 5), (7, 6, 'Cuori', 5), (7, 19, 'Quadri', 5)]
2025-11-03 22:10:25 - round.py - INFO - discard - Alessio ----> Q_Quadri_Blu
2025-11-03 22:10:25 - round.py - INFO - pick_up_discard - MariaGrazia ----> ['J_Cuori_Rosso', '7_Fiori_Rosso', 'Q_Quadri_Blu']
2025-11-03 22:10:25 - round.py - INFO - discard - MariaGrazia ----> A_Fiori_Rosso
2025-11-03 22:10:25 - round.py - INFO - pick_up_card - Alessio ----> 9_Quadri_Blu
2025-11-03 22:10:25 - player_onto_manager.py - INFO - apre_tris -  9_Quadri_Rosso -10 ----> partialScore ----> 10
2025-11-03 22:10:25 - player_onto_manager.py - INFO - apre_tris -  9_Quadri_Blu -10 ----> partialScore ----> 20
2025-11-03 22:10:25 - player_onto_manager.py - INFO - apre_tris -  9_Cuori_Blu -10 ----> partialScore ----> 30
2025-11-03 22:10:25 - player_onto_manager.py - INFO - apre_tris - FINAL partialScore ----> 30
2025-11-03 22:10:25 - round.py - INFO - open_tris - Alessio ----> [(9, 21, 'Quadri', 10), (9, 75, 'Quadri', 10), (9, 62, 'Cuori', 10)]
2025-11-03 22:10:25 - round.py - INFO - discard - Alessio ----> J_Fiori_Rosso
2025-11-03 22:10:25 - round.py - INFO - pick_up_card - MariaGrazia ----> 8_Fiori_Rosso
2025-11-03 22:10:25 - round.py - INFO - open_meld - MariaGrazia ----> [(6, 85, 'Fiori', 5), (7, 32, 'Fiori', 5), (8, 33, 'Fiori', 10)]
2025-11-03 22:10:25 - round.py - INFO - discard - MariaGrazia ----> Q_Quadri_Blu
2025-11-03 22:10:25 - round.py - INFO - pick_up_discard - Alessio ----> ['A_Fiori_Rosso', 'J_Fiori_Rosso', 'Q_Quadri_Blu']
2025-11-03 22:10:25 - round.py - INFO - update_tris - Alessio ----> 1 -->A_Fiori_Rosso
2025-11-03 22:10:25 - round.py - INFO - discard - Alessio ----> 5_Picche_Rosso
2025-11-03 22:10:25 - round.py - INFO - pick_up_discard - MariaGrazia ----> ['5_Picche_Rosso']
2025-11-03 22:10:25 - round.py - INFO - discard - MariaGrazia ----> 5_Quadri_Rosso
2025-11-03 22:10:25 - round.py - INFO - pick_up_card - Alessio ----> J_Cuori_Blu
2025-11-03 22:10:25 - round.py - INFO - discard - Alessio ----> 10_Picche_Blu
2025-11-03 22:10:25 - round.py - INFO - pick_up_discard - MariaGrazia ----> ['5_Quadri_Rosso', '10_Picche_Blu']
2025-11-03 22:10:25 - round.py - INFO - discard - MariaGrazia ----> 5_Picche_Rosso
2025-11-03 22:10:25 - round.py - INFO - pick_up_discard - Alessio ----> ['5_Picche_Rosso']
2025-11-03 22:10:25 - round.py - INFO - discard - Alessio ----> 5_Fiori_Blu
2025-11-03 22:10:25 - round.py - INFO - pick_up_card - MariaGrazia ----> K_Cuori_Rosso
2025-11-03 22:10:26 - round.py - INFO - discard - MariaGrazia ----> 5_Quadri_Rosso
2025-11-03 22:10:26 - round.py - INFO - pick_up_card - Alessio ----> K_Cuori_Blu
2025-11-03 22:10:26 - round.py - INFO - discard - Alessio ----> J_Fiori_Rosso
2025-11-03 22:10:26 - round.py - INFO - pick_up_discard - MariaGrazia ----> ['5_Fiori_Blu', '5_Quadri_Rosso', 'J_Fiori_Rosso']
2025-11-03 22:10:26 - round.py - INFO - discard - MariaGrazia ----> J_Fiori_Rosso
2025-11-03 22:10:26 - round.py - INFO - pick_up_card - Alessio ----> K_Quadri_Rosso
2025-11-03 22:10:26 - round.py - INFO - discard - Alessio ----> J_Cuori_Blu
2025-11-03 22:10:26 - round.py - INFO - pick_up_discard - MariaGrazia ----> ['J_Fiori_Rosso', 'J_Cuori_Blu']
2025-11-03 22:10:26 - player_onto_manager.py - INFO - apre_tris -  J_Fiori_Rosso -10 ----> partialScore ----> 10
2025-11-03 22:10:26 - player_onto_manager.py - INFO - apre_tris -  J_Cuori_Rosso -10 ----> partialScore ----> 20
2025-11-03 22:10:26 - player_onto_manager.py - INFO - apre_tris -  J_Cuori_Blu -10 ----> partialScore ----> 30
2025-11-03 22:10:26 - player_onto_manager.py - INFO - apre_tris - FINAL partialScore ----> 30
2025-11-03 22:10:26 - round.py - INFO - open_tris - MariaGrazia ----> [(11, 36, 'Fiori', 10), (11, 10, 'Cuori', 10), (11, 64, 'Cuori', 10)]
2025-11-03 22:10:26 - round.py - INFO - discard - MariaGrazia ----> 5_Quadri_Rosso
2025-11-03 22:10:26 - round.py - INFO - pick_up_discard - Alessio ----> ['5_Quadri_Rosso']
2025-11-03 22:10:26 - round.py - INFO - discard - Alessio ----> 10_Quadri_Rosso
2025-11-03 22:10:26 - round.py - INFO - pick_up_card - MariaGrazia ----> 3_Fiori_Rosso
2025-11-03 22:10:26 - round.py - INFO - update_tris - MariaGrazia ----> 3 -->3_Fiori_Rosso
2025-11-03 22:10:26 - round.py - INFO - discard - MariaGrazia ----> 5_Fiori_Blu
2025-11-03 22:10:26 - round.py - INFO - pick_up_card - Alessio ----> 9_Fiori_Blu
2025-11-03 22:10:26 - round.py - INFO - update_tris - Alessio ----> 9 -->9_Fiori_Blu
2025-11-03 22:10:26 - round.py - INFO - discard - Alessio ----> K_Quadri_Rosso
2025-11-03 22:10:26 - round.py - INFO - pick_up_discard - MariaGrazia ----> ['10_Quadri_Rosso', '5_Fiori_Blu', 'K_Quadri_Rosso']
2025-11-03 22:10:26 - round.py - INFO - discard - MariaGrazia ----> 5_Fiori_Blu
2025-11-03 22:10:26 - round.py - INFO - pick_up_discard - Alessio ----> ['5_Fiori_Blu']
2025-11-03 22:10:26 - player_onto_manager.py - INFO - apre_tris -  5_Fiori_Blu -5 ----> partialScore ----> 5
2025-11-03 22:10:26 - player_onto_manager.py - INFO - apre_tris -  5_Quadri_Rosso -5 ----> partialScore ----> 10
2025-11-03 22:10:26 - player_onto_manager.py - INFO - apre_tris -  5_Picche_Rosso -5 ----> partialScore ----> 15
2025-11-03 22:10:26 - player_onto_manager.py - INFO - apre_tris - FINAL partialScore ----> 15
2025-11-03 22:10:26 - round.py - INFO - open_tris - Alessio ----> [(5, 84, 'Fiori', 5), (5, 17, 'Quadri', 5), (5, 43, 'Picche', 5)]
2025-11-03 22:10:26 - round.py - INFO - discard - Alessio ----> Q_Quadri_Blu
2025-11-03 22:10:26 - round.py - INFO - pick_up_discard - MariaGrazia ----> ['Q_Quadri_Blu']
2025-11-03 22:10:26 - round.py - INFO - discard - MariaGrazia ----> K_Cuori_Rosso
2025-11-03 22:10:26 - round.py - INFO - pick_up_card - Alessio ----> 9_Cuori_Rosso
2025-11-03 22:10:26 - round.py - INFO - discard - Alessio ----> K_Cuori_Blu
2025-11-03 22:10:26 - round.py - INFO - pick_up_card - MariaGrazia ----> 3_Picche_Blu
2025-11-03 22:10:26 - round.py - INFO - update_tris - MariaGrazia ----> 3 -->3_Picche_Blu
2025-11-03 22:10:26 - round.py - INFO - discard - MariaGrazia ----> 10_Quadri_Rosso
2025-11-03 22:10:26 - round.py - INFO - pick_up_card - Alessio ----> 7_Picche_Blu
2025-11-03 22:10:26 - round.py - INFO - discard - Alessio ----> 7_Picche_Blu
2025-11-03 22:10:26 - round.py - INFO - pick_up_discard - MariaGrazia ----> ['K_Cuori_Rosso', 'K_Cuori_Blu', '10_Quadri_Rosso', '7_Picche_Blu']
2025-11-03 22:10:27 - player_onto_manager.py - INFO - apre_tris -  K_Quadri_Rosso -10 ----> partialScore ----> 10
2025-11-03 22:10:27 - player_onto_manager.py - INFO - apre_tris -  K_Cuori_Blu -10 ----> partialScore ----> 20
2025-11-03 22:10:27 - player_onto_manager.py - INFO - apre_tris -  K_Cuori_Rosso -10 ----> partialScore ----> 30
2025-11-03 22:10:27 - player_onto_manager.py - INFO - apre_tris - FINAL partialScore ----> 30
2025-11-03 22:10:27 - round.py - INFO - open_tris - MariaGrazia ----> [(13, 25, 'Quadri', 10), (13, 66, 'Cuori', 10), (13, 12, 'Cuori', 10)]
2025-11-03 22:10:27 - round.py - INFO - discard - MariaGrazia ----> 10_Picche_Blu
2025-11-03 22:10:27 - round.py - INFO - pick_up_discard - Alessio ----> ['10_Picche_Blu']
2025-11-03 22:10:27 - round.py - INFO - discard - Alessio ----> 9_Cuori_Rosso
2025-11-03 22:10:27 - round.py - INFO - pick_up_card - MariaGrazia ----> 8_Quadri_Rosso
2025-11-03 22:10:27 - round.py - INFO - update_tris - MariaGrazia ----> 8 -->8_Quadri_Rosso
2025-11-03 22:10:27 - round.py - INFO - discard - MariaGrazia ----> 7_Picche_Blu
2025-11-03 22:10:27 - round.py - INFO - pick_up_card - Alessio ----> 2_Fiori_Rosso
2025-11-03 22:10:27 - round.py - INFO - discard - Alessio ----> 2_Fiori_Rosso
2025-11-03 22:10:27 - round.py - INFO - pick_up_discard - MariaGrazia ----> ['9_Cuori_Rosso', '7_Picche_Blu', '2_Fiori_Rosso']
2025-11-03 22:10:27 - round.py - INFO - update_meld - MariaGrazia ----> Scala_1_Giocatore1 --> 2_Fiori_Rosso
2025-11-03 22:10:27 - round.py - INFO - discard - MariaGrazia ----> Q_Quadri_Blu
2025-11-03 22:10:27 - round.py - INFO - pick_up_card - Alessio ----> K_Quadri_Blu
2025-11-03 22:10:27 - round.py - INFO - discard - Alessio ----> K_Quadri_Blu
2025-11-03 22:10:27 - round.py - INFO - pick_up_discard - MariaGrazia ----> ['Q_Quadri_Blu', 'K_Quadri_Blu']
2025-11-03 22:10:27 - round.py - INFO - update_tris - MariaGrazia ----> 13 -->K_Quadri_Blu
2025-11-03 22:10:27 - round.py - INFO - discard - MariaGrazia ----> 9_Cuori_Rosso
2025-11-03 22:10:27 - round.py - INFO - pick_up_card - Alessio ----> Q_Fiori_Rosso
2025-11-03 22:10:27 - round.py - INFO - discard - Alessio ----> 10_Picche_Blu
2025-11-03 22:10:27 - round.py - INFO - pick_up_card - MariaGrazia ----> A_Cuori_Rosso
2025-11-03 22:10:27 - round.py - INFO - discard - MariaGrazia ----> Q_Quadri_Blu
2025-11-03 22:10:27 - round.py - INFO - pick_up_card - Alessio ----> 5_Cuori_Blu
2025-11-03 22:10:27 - round.py - INFO - discard - Alessio ----> Q_Fiori_Rosso
2025-11-03 22:10:27 - round.py - INFO - pick_up_card - MariaGrazia ----> 7_Cuori_Blu
2025-11-03 22:10:27 - round.py - INFO - discard - MariaGrazia ----> A_Cuori_Rosso
2025-11-03 22:10:27 - round.py - INFO - pick_up_discard - Alessio ----> ['9_Cuori_Rosso', '10_Picche_Blu', 'Q_Quadri_Blu', 'Q_Fiori_Rosso', 'A_Cuori_Rosso']
2025-11-03 22:10:27 - round.py - INFO - update_tris - Alessio ----> 5 -->5_Cuori_Blu
2025-11-03 22:10:27 - round.py - INFO - update_tris - Alessio ----> 9 -->9_Cuori_Rosso
2025-11-03 22:10:27 - round.py - INFO - update_tris - Alessio ----> 1 -->A_Cuori_Rosso
2025-11-03 22:10:27 - round.py - INFO - discard - Alessio ----> Q_Fiori_Rosso
2025-11-03 22:10:27 - round.py - INFO - pick_up_card - MariaGrazia ----> J_Picche_Blu
2025-11-03 22:10:27 - round.py - INFO - update_tris - MariaGrazia ----> 11 -->J_Picche_Blu
2025-11-03 22:10:27 - round.py - INFO - discard - MariaGrazia ----> 7_Cuori_Blu
2025-11-03 22:10:27 - round.py - INFO - pick_up_discard - Alessio ----> ['Q_Fiori_Rosso', '7_Cuori_Blu']
2025-11-03 22:10:27 - round.py - INFO - update_tris - Alessio ----> 7 -->7_Cuori_Blu
2025-11-03 22:10:27 - round.py - INFO - discard - Alessio ----> Q_Fiori_Rosso
2025-11-03 22:10:27 - round.py - INFO - pick_up_discard - MariaGrazia ----> ['Q_Fiori_Rosso']
2025-11-03 22:10:27 - round.py - INFO - discard - MariaGrazia ----> 10_Quadri_Rosso
2025-11-03 22:10:27 - round.py - INFO - pick_up_discard - Alessio ----> ['10_Quadri_Rosso']
2025-11-03 22:10:27 - round.py - INFO - discard - Alessio ----> Q_Quadri_Blu
2025-11-03 22:10:27 - round.py - INFO - pick_up_discard - MariaGrazia ----> ['Q_Quadri_Blu']
2025-11-03 22:10:27 - round.py - INFO - discard - MariaGrazia ----> Q_Fiori_Rosso
2025-11-03 22:10:27 - round.py - INFO - pick_up_discard - Alessio ----> ['Q_Fiori_Rosso']
2025-11-03 22:10:27 - round.py - INFO - discard - Alessio ----> Q_Fiori_Rosso
2025-11-03 22:10:27 - round.py - INFO - pick_up_discard - MariaGrazia ----> ['Q_Fiori_Rosso']
2025-11-03 22:10:27 - round.py - INFO - discard - MariaGrazia ----> Q_Quadri_Blu
2025-11-03 22:10:27 - round.py - INFO - pick_up_discard - Alessio ----> ['Q_Quadri_Blu']
2025-11-03 22:10:27 - round.py - INFO - discard - Alessio ----> 10_Picche_Blu
2025-11-03 22:10:27 - round.py - INFO - pick_up_card - MariaGrazia ----> Jolly_Jolly_R_Blu
2025-11-03 22:10:27 - round.py - INFO - update_tris - MariaGrazia ----> 11 -->Jolly_Jolly_R_Blu
2025-11-03 22:10:27 - round.py - INFO - discard - MariaGrazia ----> Q_Fiori_Rosso
2025-11-03 22:10:27 - round.py - INFO - pick_up_card - Alessio ----> Q_Cuori_Blu
2025-11-03 22:10:28 - round.py - INFO - discard - Alessio ----> Q_Quadri_Blu
2025-11-03 22:10:28 - round.py - INFO - pick_up_discard - MariaGrazia ----> ['10_Picche_Blu', 'Q_Fiori_Rosso', 'Q_Quadri_Blu']
2025-11-03 22:10:28 - round.py - INFO - discard - MariaGrazia ----> Q_Quadri_Blu
2025-11-03 22:10:28 - round.py - INFO - pick_up_card - Alessio ----> 10_Cuori_Blu
2025-11-03 22:10:28 - round.py - INFO - discard - Alessio ----> 10_Quadri_Rosso
2025-11-03 22:10:28 - round.py - INFO - pick_up_discard - MariaGrazia ----> ['Q_Quadri_Blu', '10_Quadri_Rosso']
2025-11-03 22:10:28 - round.py - INFO - discard - MariaGrazia ----> 7_Picche_Blu
2025-11-03 22:10:28 - round.py - INFO - pick_up_card - Alessio ----> 4_Fiori_Rosso
2025-11-03 22:10:28 - round.py - INFO - update_tris - Alessio ----> 4 -->4_Fiori_Rosso
2025-11-03 22:10:28 - round.py - INFO - discard - Alessio ----> 10_Cuori_Blu
2025-11-03 22:10:28 - round.py - INFO - pick_up_discard - MariaGrazia ----> ['7_Picche_Blu', '10_Cuori_Blu']
2025-11-03 22:10:28 - player_onto_manager.py - INFO - apre_tris -  10_Quadri_Rosso -10 ----> partialScore ----> 10
2025-11-03 22:10:28 - player_onto_manager.py - INFO - apre_tris -  10_Picche_Blu -10 ----> partialScore ----> 20
2025-11-03 22:10:28 - player_onto_manager.py - INFO - apre_tris -  10_Cuori_Blu -10 ----> partialScore ----> 30
2025-11-03 22:10:28 - player_onto_manager.py - INFO - apre_tris - FINAL partialScore ----> 30
2025-11-03 22:10:28 - round.py - INFO - open_tris - MariaGrazia ----> [(10, 22, 'Quadri', 10), (10, 102, 'Picche', 10), (10, 63, 'Cuori', 10)]
2025-11-03 22:10:28 - round.py - INFO - discard - MariaGrazia ----> 7_Picche_Blu
2025-11-03 22:10:28 - round.py - INFO - pick_up_discard - Alessio ----> ['7_Picche_Blu']
2025-11-03 22:10:28 - round.py - INFO - update_tris - Alessio ----> 7 -->7_Picche_Blu
2025-11-03 22:10:28 - round.py - INFO - close_game - Alessio ----> Q_Cuori_Blu
