2025-11-03 22:10:08 - logger.py - INFO - _initialize - Logger inizializzato. File di log: logs/2025_11_03\partita_20251103_221008879001.log
2025-11-03 22:10:08 - logger.py - INFO - _initialize - ---------------------------------------------------
2025-11-03 22:10:08 - logger.py - INFO - _initialize - PARTITA ::  Partita_20251103_221008_878597
2025-11-03 22:10:08 - logger.py - INFO - _initialize - ---------------------------------------------------
2025-11-03 22:10:09 - round.py - INFO - pick_up_discard - Alessio ----> ['10_Picche_Blu']
2025-11-03 22:10:10 - round.py - INFO - open_meld - Alessio ----> [(-1, 107, 'Jolly', 30), (10, 102, 'Picche', 10), (11, 103, 'Picche', 10)]
2025-11-03 22:10:11 - player_onto_manager.py - INFO - apre_tris -  2_Cuori_Rosso -20 ----> partialScore ----> 20
2025-11-03 22:10:11 - player_onto_manager.py - INFO - apre_tris -  A_Quadri_Blu -15 ----> partialScore ----> 35
2025-11-03 22:10:11 - player_onto_manager.py - INFO - apre_tris -  A_Cuori_Rosso -15 ----> partialScore ----> 50
2025-11-03 22:10:11 - player_onto_manager.py - INFO - apre_tris - FINAL partialScore ----> 50
2025-11-03 22:10:11 - round.py - INFO - open_tris - Alessio ----> [(-1, 1, 'Jolly', 20), (1, 67, 'Quadri', 15), (1, 0, 'Cuori', 15)]
2025-11-03 22:10:11 - round.py - INFO - discard - Alessio ----> 5_Picche_Blu
2025-11-03 22:10:11 - round.py - INFO - pick_up_discard - MariaGrazia ----> ['5_Picche_Blu']
2025-11-03 22:10:12 - player_onto_manager.py - INFO - apre_tris -  2_Quadri_Blu -20 ----> partialScore ----> 20
2025-11-03 22:10:12 - player_onto_manager.py - INFO - apre_tris -  A_Picche_Rosso -15 ----> partialScore ----> 35
2025-11-03 22:10:12 - player_onto_manager.py - INFO - apre_tris -  A_Quadri_Rosso -15 ----> partialScore ----> 50
2025-11-03 22:10:12 - player_onto_manager.py - INFO - apre_tris - FINAL partialScore ----> 50
2025-11-03 22:10:12 - round.py - INFO - open_tris - MariaGrazia ----> [(-1, 68, 'Jolly', 20), (1, 39, 'Picche', 15), (1, 13, 'Quadri', 15)]
2025-11-03 22:10:13 - player_onto_manager.py - INFO - apre_tris -  K_Quadri_Rosso -10 ----> partialScore ----> 10
2025-11-03 22:10:13 - player_onto_manager.py - INFO - apre_tris -  K_Fiori_Blu -10 ----> partialScore ----> 20
2025-11-03 22:10:13 - player_onto_manager.py - INFO - apre_tris -  K_Quadri_Blu -10 ----> partialScore ----> 30
2025-11-03 22:10:13 - player_onto_manager.py - INFO - apre_tris - FINAL partialScore ----> 30
2025-11-03 22:10:13 - round.py - INFO - open_tris - MariaGrazia ----> [(13, 25, 'Quadri', 10), (13, 92, 'Fiori', 10), (13, 79, 'Quadri', 10)]
2025-11-03 22:10:13 - round.py - INFO - discard - MariaGrazia ----> 5_Picche_Blu
2025-11-03 22:10:13 - round.py - INFO - pick_up_discard - Alessio ----> ['5_Picche_Blu']
2025-11-03 22:10:13 - round.py - INFO - update_meld - Alessio ----> Scala_0_Giocatore0 --> Q_Picche_Blu
2025-11-03 22:10:13 - round.py - INFO - discard - Alessio ----> J_Cuori_Blu
2025-11-03 22:10:13 - round.py - INFO - pick_up_card - MariaGrazia ----> 2_Fiori_Rosso
2025-11-03 22:10:13 - round.py - INFO - update_tris - MariaGrazia ----> 13 -->2_Fiori_Rosso
2025-11-03 22:10:13 - round.py - INFO - discard - MariaGrazia ----> J_Quadri_Rosso
2025-11-03 22:10:13 - round.py - INFO - pick_up_card - Alessio ----> 10_Quadri_Blu
2025-11-03 22:10:13 - round.py - INFO - discard - Alessio ----> 9_Quadri_Blu
2025-11-03 22:10:13 - round.py - INFO - pick_up_card - MariaGrazia ----> K_Fiori_Rosso
2025-11-03 22:10:13 - round.py - INFO - update_tris - MariaGrazia ----> 13 -->K_Fiori_Rosso
2025-11-03 22:10:13 - round.py - INFO - discard - MariaGrazia ----> 4_Picche_Blu
2025-11-03 22:10:13 - round.py - INFO - pick_up_discard - Alessio ----> ['J_Cuori_Blu', 'J_Quadri_Rosso', '9_Quadri_Blu', '4_Picche_Blu']
2025-11-03 22:10:13 - round.py - INFO - open_meld - Alessio ----> [(9, 75, 'Quadri', 10), (10, 76, 'Quadri', 10), (11, 23, 'Quadri', 10)]
2025-11-03 22:10:14 - round.py - INFO - discard - Alessio ----> 7_Cuori_Rosso
2025-11-03 22:10:14 - round.py - INFO - pick_up_card - MariaGrazia ----> 7_Picche_Blu
2025-11-03 22:10:14 - round.py - INFO - discard - MariaGrazia ----> 7_Picche_Blu
2025-11-03 22:10:14 - round.py - INFO - pick_up_discard - Alessio ----> ['7_Cuori_Rosso', '7_Picche_Blu']
2025-11-03 22:10:14 - round.py - INFO - discard - Alessio ----> 8_Picche_Rosso
2025-11-03 22:10:14 - round.py - INFO - pick_up_discard - MariaGrazia ----> ['8_Picche_Rosso']
2025-11-03 22:10:14 - round.py - INFO - discard - MariaGrazia ----> 8_Picche_Blu
2025-11-03 22:10:14 - round.py - INFO - pick_up_card - Alessio ----> A_Picche_Blu
2025-11-03 22:10:14 - round.py - INFO - discard - Alessio ----> J_Cuori_Blu
2025-11-03 22:10:14 - round.py - INFO - pick_up_card - MariaGrazia ----> 4_Cuori_Blu
2025-11-03 22:10:14 - round.py - INFO - discard - MariaGrazia ----> 3_Fiori_Blu
2025-11-03 22:10:14 - round.py - INFO - pick_up_card - Alessio ----> Q_Quadri_Blu
2025-11-03 22:10:14 - round.py - INFO - update_meld - Alessio ----> Scala_1_Giocatore0 --> Q_Quadri_Blu
2025-11-03 22:10:14 - round.py - INFO - discard - Alessio ----> 4_Picche_Blu
2025-11-03 22:10:14 - round.py - INFO - pick_up_discard - MariaGrazia ----> ['8_Picche_Blu', 'J_Cuori_Blu', '3_Fiori_Blu', '4_Picche_Blu']
2025-11-03 22:10:14 - round.py - INFO - discard - MariaGrazia ----> 4_Picche_Blu
2025-11-03 22:10:14 - round.py - INFO - pick_up_discard - Alessio ----> ['4_Picche_Blu']
2025-11-03 22:10:14 - round.py - INFO - discard - Alessio ----> A_Picche_Blu
2025-11-03 22:10:14 - round.py - INFO - pick_up_discard - MariaGrazia ----> ['A_Picche_Blu']
2025-11-03 22:10:14 - round.py - INFO - discard - MariaGrazia ----> A_Picche_Blu
2025-11-03 22:10:14 - round.py - INFO - pick_up_discard - Alessio ----> ['A_Picche_Blu']
2025-11-03 22:10:14 - round.py - INFO - discard - Alessio ----> A_Picche_Blu
2025-11-03 22:10:14 - round.py - INFO - pick_up_card - MariaGrazia ----> 10_Fiori_Blu
2025-11-03 22:10:15 - round.py - INFO - discard - MariaGrazia ----> 10_Fiori_Blu
2025-11-03 22:10:15 - round.py - INFO - pick_up_card - Alessio ----> 7_Fiori_Blu
2025-11-03 22:10:15 - player_onto_manager.py - INFO - apre_tris -  7_Cuori_Rosso -5 ----> partialScore ----> 5
2025-11-03 22:10:15 - player_onto_manager.py - INFO - apre_tris -  7_Fiori_Blu -5 ----> partialScore ----> 10
2025-11-03 22:10:15 - player_onto_manager.py - INFO - apre_tris -  7_Picche_Blu -5 ----> partialScore ----> 15
2025-11-03 22:10:15 - player_onto_manager.py - INFO - apre_tris - FINAL partialScore ----> 15
2025-11-03 22:10:15 - round.py - INFO - open_tris - Alessio ----> [(7, 6, 'Cuori', 5), (7, 86, 'Fiori', 5), (7, 99, 'Picche', 5)]
2025-11-03 22:10:15 - round.py - INFO - discard - Alessio ----> 4_Picche_Blu
2025-11-03 22:10:15 - round.py - INFO - pick_up_card - MariaGrazia ----> J_Quadri_Blu
2025-11-03 22:10:15 - player_onto_manager.py - INFO - apre_tris -  J_Cuori_Blu -10 ----> partialScore ----> 10
2025-11-03 22:10:15 - player_onto_manager.py - INFO - apre_tris -  J_Quadri_Blu -10 ----> partialScore ----> 20
2025-11-03 22:10:15 - player_onto_manager.py - INFO - apre_tris -  J_Cuori_Rosso -10 ----> partialScore ----> 30
2025-11-03 22:10:15 - player_onto_manager.py - INFO - apre_tris - FINAL partialScore ----> 30
2025-11-03 22:10:15 - round.py - INFO - open_tris - MariaGrazia ----> [(11, 64, 'Cuori', 10), (11, 77, 'Quadri', 10), (11, 10, 'Cuori', 10)]
2025-11-03 22:10:15 - round.py - INFO - discard - MariaGrazia ----> 4_Cuori_Blu
2025-11-03 22:10:15 - round.py - INFO - pick_up_discard - Alessio ----> ['A_Picche_Blu', '10_Fiori_Blu', '4_Picche_Blu', '4_Cuori_Blu']
2025-11-03 22:10:15 - round.py - INFO - discard - Alessio ----> A_Picche_Blu
2025-11-03 22:10:15 - round.py - INFO - pick_up_card - MariaGrazia ----> 10_Cuori_Rosso
2025-11-03 22:10:15 - round.py - INFO - discard - MariaGrazia ----> 10_Cuori_Rosso
2025-11-03 22:10:15 - round.py - INFO - pick_up_card - Alessio ----> J_Fiori_Rosso
2025-11-03 22:10:15 - round.py - INFO - discard - Alessio ----> 5_Picche_Blu
2025-11-03 22:10:15 - round.py - INFO - pick_up_discard - MariaGrazia ----> ['A_Picche_Blu', '10_Cuori_Rosso', '5_Picche_Blu']
2025-11-03 22:10:15 - round.py - INFO - discard - MariaGrazia ----> 10_Cuori_Rosso
2025-11-03 22:10:15 - round.py - INFO - pick_up_card - Alessio ----> 6_Picche_Rosso
2025-11-03 22:10:15 - round.py - INFO - discard - Alessio ----> 10_Fiori_Blu
2025-11-03 22:10:15 - round.py - INFO - pick_up_discard - MariaGrazia ----> ['10_Cuori_Rosso', '10_Fiori_Blu']
2025-11-03 22:10:15 - round.py - INFO - discard - MariaGrazia ----> 3_Fiori_Blu
2025-11-03 22:10:15 - round.py - INFO - pick_up_card - Alessio ----> 2_Picche_Rosso
2025-11-03 22:10:15 - round.py - INFO - update_tris - Alessio ----> 7 -->2_Picche_Rosso
2025-11-03 22:10:15 - round.py - INFO - discard - Alessio ----> 6_Picche_Rosso
2025-11-03 22:10:15 - round.py - INFO - pick_up_card - MariaGrazia ----> 6_Fiori_Blu
2025-11-03 22:10:16 - round.py - INFO - discard - MariaGrazia ----> 5_Picche_Blu
2025-11-03 22:10:16 - round.py - INFO - pick_up_discard - Alessio ----> ['3_Fiori_Blu', '6_Picche_Rosso', '5_Picche_Blu']
2025-11-03 22:10:16 - round.py - INFO - open_meld - Alessio ----> [(4, 96, 'Picche', 5), (5, 97, 'Picche', 5), (6, 44, 'Picche', 5)]
2025-11-03 22:10:16 - round.py - INFO - discard - Alessio ----> 3_Fiori_Blu
2025-11-03 22:10:16 - round.py - INFO - pick_up_discard - MariaGrazia ----> ['3_Fiori_Blu']
2025-11-03 22:10:16 - round.py - INFO - discard - MariaGrazia ----> 10_Cuori_Rosso
2025-11-03 22:10:16 - round.py - INFO - pick_up_card - Alessio ----> 4_Fiori_Rosso
2025-11-03 22:10:16 - round.py - INFO - discard - Alessio ----> J_Fiori_Rosso
2025-11-03 22:10:16 - round.py - INFO - pick_up_card - MariaGrazia ----> 8_Cuori_Rosso
2025-11-03 22:10:16 - player_onto_manager.py - INFO - apre_tris -  8_Picche_Blu -10 ----> partialScore ----> 10
2025-11-03 22:10:16 - player_onto_manager.py - INFO - apre_tris -  8_Cuori_Rosso -10 ----> partialScore ----> 20
2025-11-03 22:10:16 - player_onto_manager.py - INFO - apre_tris -  8_Picche_Rosso -10 ----> partialScore ----> 30
2025-11-03 22:10:16 - player_onto_manager.py - INFO - apre_tris - FINAL partialScore ----> 30
2025-11-03 22:10:16 - round.py - INFO - open_tris - MariaGrazia ----> [(8, 100, 'Picche', 10), (8, 7, 'Cuori', 10), (8, 46, 'Picche', 10)]
2025-11-03 22:10:16 - round.py - INFO - discard - MariaGrazia ----> 6_Fiori_Blu
2025-11-03 22:10:16 - round.py - INFO - pick_up_card - Alessio ----> 3_Picche_Blu
2025-11-03 22:10:16 - round.py - INFO - discard - Alessio ----> 4_Cuori_Blu
2025-11-03 22:10:16 - round.py - INFO - pick_up_card - MariaGrazia ----> 6_Quadri_Blu
2025-11-03 22:10:16 - round.py - INFO - discard - MariaGrazia ----> 10_Fiori_Blu
2025-11-03 22:10:16 - round.py - INFO - pick_up_card - Alessio ----> 3_Quadri_Rosso
2025-11-03 22:10:16 - round.py - INFO - discard - Alessio ----> 4_Fiori_Rosso
2025-11-03 22:10:16 - round.py - INFO - pick_up_card - MariaGrazia ----> 7_Quadri_Rosso
2025-11-03 22:10:16 - round.py - INFO - discard - MariaGrazia ----> 6_Quadri_Blu
2025-11-03 22:10:16 - round.py - INFO - pick_up_card - Alessio ----> 4_Cuori_Rosso
2025-11-03 22:10:16 - round.py - INFO - discard - Alessio ----> 4_Cuori_Rosso
2025-11-03 22:10:16 - round.py - INFO - pick_up_card - MariaGrazia ----> 5_Fiori_Blu
2025-11-03 22:10:16 - round.py - INFO - discard - MariaGrazia ----> A_Picche_Blu
2025-11-03 22:10:16 - round.py - INFO - pick_up_discard - Alessio ----> ['10_Cuori_Rosso', 'J_Fiori_Rosso', '6_Fiori_Blu', '4_Cuori_Blu', '10_Fiori_Blu', '4_Fiori_Rosso', '6_Quadri_Blu', '4_Cuori_Rosso', 'A_Picche_Blu']
2025-11-03 22:10:17 - player_onto_manager.py - INFO - apre_tris -  4_Fiori_Rosso -5 ----> partialScore ----> 5
2025-11-03 22:10:17 - player_onto_manager.py - INFO - apre_tris -  4_Cuori_Rosso -5 ----> partialScore ----> 10
2025-11-03 22:10:17 - player_onto_manager.py - INFO - apre_tris -  4_Cuori_Blu -5 ----> partialScore ----> 15
2025-11-03 22:10:17 - player_onto_manager.py - INFO - apre_tris - FINAL partialScore ----> 15
2025-11-03 22:10:17 - round.py - INFO - open_tris - Alessio ----> [(4, 29, 'Fiori', 5), (4, 3, 'Cuori', 5), (4, 57, 'Cuori', 5)]
2025-11-03 22:10:17 - round.py - INFO - discard - Alessio ----> 10_Fiori_Blu
2025-11-03 22:10:17 - round.py - INFO - pick_up_card - MariaGrazia ----> 7_Quadri_Blu
2025-11-03 22:10:17 - round.py - INFO - discard - MariaGrazia ----> 7_Quadri_Blu
2025-11-03 22:10:17 - round.py - INFO - pick_up_discard - Alessio ----> ['10_Fiori_Blu', '7_Quadri_Blu']
2025-11-03 22:10:18 - round.py - INFO - update_tris - Alessio ----> 7 -->7_Quadri_Blu
2025-11-03 22:10:18 - round.py - INFO - discard - Alessio ----> A_Picche_Blu
2025-11-03 22:10:18 - round.py - INFO - pick_up_card - MariaGrazia ----> 3_Cuori_Rosso
2025-11-03 22:10:18 - round.py - INFO - discard - MariaGrazia ----> 7_Quadri_Rosso
2025-11-03 22:10:18 - round.py - INFO - pick_up_card - Alessio ----> Jolly_Jolly_N_Blu
2025-11-03 22:10:18 - round.py - INFO - open_meld - Alessio ----> [(-1, 106, 'Jolly', 30), (10, 89, 'Fiori', 10), (11, 36, 'Fiori', 10)]
2025-11-03 22:10:18 - round.py - INFO - discard - Alessio ----> 3_Picche_Blu
2025-11-03 22:10:18 - round.py - INFO - pick_up_card - MariaGrazia ----> 6_Quadri_Rosso
2025-11-03 22:10:19 - round.py - INFO - discard - MariaGrazia ----> 3_Fiori_Blu
2025-11-03 22:10:19 - round.py - INFO - pick_up_card - Alessio ----> 6_Fiori_Rosso
2025-11-03 22:10:19 - player_onto_manager.py - INFO - apre_tris -  6_Fiori_Rosso -5 ----> partialScore ----> 5
2025-11-03 22:10:19 - player_onto_manager.py - INFO - apre_tris -  6_Quadri_Blu -5 ----> partialScore ----> 10
2025-11-03 22:10:19 - player_onto_manager.py - INFO - apre_tris -  6_Fiori_Blu -5 ----> partialScore ----> 15
2025-11-03 22:10:19 - player_onto_manager.py - INFO - apre_tris - FINAL partialScore ----> 15
2025-11-03 22:10:19 - round.py - INFO - open_tris - Alessio ----> [(6, 31, 'Fiori', 5), (6, 72, 'Quadri', 5), (6, 85, 'Fiori', 5)]
2025-11-03 22:10:19 - round.py - INFO - discard - Alessio ----> 3_Quadri_Rosso
2025-11-03 22:10:19 - round.py - INFO - pick_up_card - MariaGrazia ----> 3_Fiori_Rosso
2025-11-03 22:10:19 - round.py - INFO - discard - MariaGrazia ----> 3_Cuori_Rosso
2025-11-03 22:10:19 - round.py - INFO - pick_up_discard - Alessio ----> ['A_Picche_Blu', '7_Quadri_Rosso', '3_Picche_Blu', '3_Fiori_Blu', '3_Quadri_Rosso', '3_Cuori_Rosso']
2025-11-03 22:10:19 - round.py - INFO - update_tris - Alessio ----> 7 -->7_Quadri_Rosso
2025-11-03 22:10:19 - player_onto_manager.py - INFO - apre_tris -  3_Cuori_Rosso -5 ----> partialScore ----> 5
2025-11-03 22:10:19 - player_onto_manager.py - INFO - apre_tris -  3_Picche_Blu -5 ----> partialScore ----> 10
2025-11-03 22:10:19 - player_onto_manager.py - INFO - apre_tris -  3_Quadri_Rosso -5 ----> partialScore ----> 15
2025-11-03 22:10:19 - player_onto_manager.py - INFO - apre_tris - FINAL partialScore ----> 15
2025-11-03 22:10:19 - round.py - INFO - open_tris - Alessio ----> [(3, 2, 'Cuori', 5), (3, 95, 'Picche', 5), (3, 15, 'Quadri', 5)]
2025-11-03 22:10:19 - round.py - INFO - update_tris - Alessio ----> 3 -->3_Fiori_Blu
2025-11-03 22:10:19 - round.py - INFO - discard - Alessio ----> 10_Cuori_Rosso
2025-11-03 22:10:19 - round.py - INFO - pick_up_discard - MariaGrazia ----> ['10_Cuori_Rosso']
2025-11-03 22:10:19 - round.py - INFO - discard - MariaGrazia ----> 6_Quadri_Rosso
2025-11-03 22:10:19 - round.py - INFO - pick_up_discard - Alessio ----> ['6_Quadri_Rosso']
2025-11-03 22:10:19 - round.py - INFO - discard - Alessio ----> 6_Quadri_Rosso
2025-11-03 22:10:19 - round.py - INFO - pick_up_card - MariaGrazia ----> 3_Cuori_Blu
2025-11-03 22:10:19 - round.py - INFO - discard - MariaGrazia ----> 3_Fiori_Rosso
2025-11-03 22:10:19 - round.py - INFO - pick_up_card - Alessio ----> 8_Cuori_Blu
2025-11-03 22:10:19 - round.py - INFO - discard - Alessio ----> 8_Cuori_Blu
2025-11-03 22:10:19 - round.py - INFO - pick_up_discard - MariaGrazia ----> ['6_Quadri_Rosso', '3_Fiori_Rosso', '8_Cuori_Blu']
2025-11-03 22:10:19 - round.py - INFO - update_tris - MariaGrazia ----> 8 -->8_Cuori_Blu
2025-11-03 22:10:19 - round.py - INFO - discard - MariaGrazia ----> 5_Fiori_Blu
2025-11-03 22:10:19 - round.py - INFO - pick_up_card - Alessio ----> 7_Cuori_Blu
2025-11-03 22:10:19 - round.py - INFO - discard - Alessio ----> 7_Cuori_Blu
2025-11-03 22:10:19 - round.py - INFO - pick_up_discard - MariaGrazia ----> ['5_Fiori_Blu', '7_Cuori_Blu']
2025-11-03 22:10:19 - round.py - INFO - discard - MariaGrazia ----> 7_Cuori_Blu
2025-11-03 22:10:19 - round.py - INFO - pick_up_card - Alessio ----> 6_Picche_Blu
2025-11-03 22:10:19 - round.py - INFO - discard - Alessio ----> A_Picche_Blu
2025-11-03 22:10:19 - round.py - INFO - pick_up_card - MariaGrazia ----> 3_Quadri_Blu
2025-11-03 22:10:19 - player_onto_manager.py - INFO - apre_tris -  3_Quadri_Blu -5 ----> partialScore ----> 5
2025-11-03 22:10:19 - player_onto_manager.py - INFO - apre_tris -  3_Cuori_Blu -5 ----> partialScore ----> 10
2025-11-03 22:10:19 - player_onto_manager.py - INFO - apre_tris -  3_Fiori_Rosso -5 ----> partialScore ----> 15
2025-11-03 22:10:19 - player_onto_manager.py - INFO - apre_tris - FINAL partialScore ----> 15
2025-11-03 22:10:19 - round.py - INFO - open_tris - MariaGrazia ----> [(3, 69, 'Quadri', 5), (3, 56, 'Cuori', 5), (3, 28, 'Fiori', 5)]
2025-11-03 22:10:20 - round.py - INFO - discard - MariaGrazia ----> 10_Cuori_Rosso
2025-11-03 22:10:20 - round.py - INFO - pick_up_card - Alessio ----> 3_Picche_Rosso
2025-11-03 22:10:20 - round.py - INFO - discard - Alessio ----> 3_Picche_Rosso
2025-11-03 22:10:20 - round.py - INFO - pick_up_discard - MariaGrazia ----> ['7_Cuori_Blu', 'A_Picche_Blu', '10_Cuori_Rosso', '3_Picche_Rosso']
2025-11-03 22:10:20 - round.py - INFO - update_tris - MariaGrazia ----> 3 -->3_Picche_Rosso
2025-11-03 22:10:20 - round.py - INFO - discard - MariaGrazia ----> A_Picche_Blu
2025-11-03 22:10:20 - round.py - INFO - pick_up_discard - Alessio ----> ['A_Picche_Blu']
2025-11-03 22:10:20 - round.py - INFO - discard - Alessio ----> 6_Picche_Blu
2025-11-03 22:10:20 - round.py - INFO - pick_up_discard - MariaGrazia ----> ['6_Picche_Blu']
2025-11-03 22:10:20 - round.py - INFO - discard - MariaGrazia ----> 5_Fiori_Blu
2025-11-03 22:10:20 - round.py - INFO - pick_up_card - Alessio ----> Q_Fiori_Blu
2025-11-03 22:10:20 - round.py - INFO - discard - Alessio ----> A_Picche_Blu
2025-11-03 22:10:20 - round.py - INFO - pick_up_card - MariaGrazia ----> 8_Quadri_Rosso
2025-11-03 22:10:20 - round.py - INFO - update_tris - MariaGrazia ----> 8 -->8_Quadri_Rosso
2025-11-03 22:10:20 - round.py - INFO - discard - MariaGrazia ----> 7_Cuori_Blu
2025-11-03 22:10:20 - round.py - INFO - pick_up_card - Alessio ----> Q_Picche_Rosso
2025-11-03 22:10:20 - round.py - INFO - discard - Alessio ----> Q_Picche_Rosso
2025-11-03 22:10:20 - round.py - INFO - pick_up_discard - MariaGrazia ----> ['5_Fiori_Blu', 'A_Picche_Blu', '7_Cuori_Blu', 'Q_Picche_Rosso']
2025-11-03 22:10:20 - round.py - INFO - discard - MariaGrazia ----> 6_Quadri_Rosso
2025-11-03 22:10:20 - round.py - INFO - pick_up_discard - Alessio ----> ['6_Quadri_Rosso']
2025-11-03 22:10:20 - round.py - INFO - discard - Alessio ----> Q_Fiori_Blu
2025-11-03 22:10:20 - round.py - INFO - pick_up_card - MariaGrazia ----> K_Picche_Rosso
2025-11-03 22:10:20 - round.py - INFO - update_tris - MariaGrazia ----> 13 -->K_Picche_Rosso
2025-11-03 22:10:20 - round.py - INFO - discard - MariaGrazia ----> 5_Fiori_Blu
2025-11-03 22:10:20 - round.py - INFO - pick_up_card - Alessio ----> 9_Picche_Blu
2025-11-03 22:10:20 - round.py - INFO - discard - Alessio ----> 9_Picche_Blu
2025-11-03 22:10:20 - round.py - INFO - pick_up_discard - MariaGrazia ----> ['Q_Fiori_Blu', '5_Fiori_Blu', '9_Picche_Blu']
2025-11-03 22:10:21 - round.py - INFO - discard - MariaGrazia ----> Q_Picche_Rosso
2025-11-03 22:10:21 - round.py - INFO - pick_up_card - Alessio ----> 5_Cuori_Blu
2025-11-03 22:10:21 - round.py - INFO - discard - Alessio ----> 6_Quadri_Rosso
2025-11-03 22:10:21 - round.py - INFO - pick_up_discard - MariaGrazia ----> ['Q_Picche_Rosso', '6_Quadri_Rosso']
2025-11-03 22:10:21 - round.py - INFO - discard - MariaGrazia ----> 5_Fiori_Blu
2025-11-03 22:10:21 - round.py - INFO - pick_up_discard - Alessio ----> ['5_Fiori_Blu']
2025-11-03 22:10:21 - round.py - INFO - discard - Alessio ----> 5_Cuori_Blu
2025-11-03 22:10:21 - round.py - INFO - pick_up_card - MariaGrazia ----> 8_Fiori_Rosso
2025-11-03 22:10:22 - round.py - INFO - update_tris - MariaGrazia ----> 8 -->8_Fiori_Rosso
2025-11-03 22:10:22 - round.py - INFO - discard - MariaGrazia ----> Q_Fiori_Blu
2025-11-03 22:10:22 - round.py - INFO - pick_up_card - Alessio ----> 5_Picche_Rosso
2025-11-03 22:10:22 - round.py - INFO - discard - Alessio ----> 5_Fiori_Blu
2025-11-03 22:10:22 - round.py - INFO - pick_up_card - MariaGrazia ----> Jolly_Jolly_N_Rosso
2025-11-03 22:10:22 - player_onto_manager.py - INFO - apre_tris -  Jolly_Jolly_N_Rosso -30 ----> partialScore ----> 30
2025-11-03 22:10:22 - player_onto_manager.py - INFO - apre_tris -  6_Picche_Blu -5 ----> partialScore ----> 35
2025-11-03 22:10:22 - player_onto_manager.py - INFO - apre_tris -  6_Quadri_Rosso -5 ----> partialScore ----> 40
2025-11-03 22:10:22 - player_onto_manager.py - INFO - apre_tris - FINAL partialScore ----> 40
2025-11-03 22:10:22 - round.py - INFO - open_tris - MariaGrazia ----> [(-1, 52, 'Jolly', 30), (6, 98, 'Picche', 5), (6, 18, 'Quadri', 5)]
2025-11-03 22:10:22 - round.py - INFO - discard - MariaGrazia ----> 7_Cuori_Blu
2025-11-03 22:10:22 - round.py - INFO - pick_up_discard - Alessio ----> ['5_Cuori_Blu', 'Q_Fiori_Blu', '5_Fiori_Blu', '7_Cuori_Blu']
2025-11-03 22:10:22 - round.py - INFO - update_meld - Alessio ----> Scala_3_Giocatore0 --> Q_Fiori_Blu
2025-11-03 22:10:22 - round.py - INFO - update_tris - Alessio ----> 7 -->7_Cuori_Blu
2025-11-03 22:10:23 - round.py - INFO - discard - Alessio ----> 5_Fiori_Blu
2025-11-03 22:10:23 - round.py - INFO - pick_up_card - MariaGrazia ----> 9_Fiori_Blu
2025-11-03 22:10:23 - round.py - INFO - discard - MariaGrazia ----> 9_Picche_Blu
2025-11-03 22:10:23 - round.py - INFO - pick_up_discard - Alessio ----> ['5_Fiori_Blu', '9_Picche_Blu']
2025-11-03 22:10:23 - player_onto_manager.py - INFO - apre_tris -  5_Cuori_Blu -5 ----> partialScore ----> 5
2025-11-03 22:10:23 - player_onto_manager.py - INFO - apre_tris -  5_Fiori_Blu -5 ----> partialScore ----> 10
2025-11-03 22:10:23 - player_onto_manager.py - INFO - apre_tris -  5_Picche_Rosso -5 ----> partialScore ----> 15
2025-11-03 22:10:23 - player_onto_manager.py - INFO - apre_tris - FINAL partialScore ----> 15
2025-11-03 22:10:23 - round.py - INFO - open_tris - Alessio ----> [(5, 58, 'Cuori', 5), (5, 84, 'Fiori', 5), (5, 43, 'Picche', 5)]
2025-11-03 22:10:23 - round.py - INFO - close_game - Alessio ----> 9_Picche_Blu
